2711.39
0 118.675 7.18876 4 1 0.0302734 0 0.0274935
1 109.829 8.81059 5 1 0.0419922 0 0.0292486
2 434.902 8.8368 5 2 0.0361328 0 0.0291874
3 434.954 8.33211 5 2 0.0341797 0 0.029375
4 109.829 8.37079 5 1 0.0351562 0 0.0311464
5 1011.78 10.6564 5 3 0.046875 0 0.0311725
6 434.954 9.51884 5 2 0.0429688 0 0.0299531
7 116.17 9.57916 5 1 0.0458984 0 0.030383
8 434.954 10.8782 5 2 0.0507812 0 0.02999
9 435.149 10.4039 5 2 0.0498047 0 0.0316964
10 434.954 10.7527 5 2 0.0527344 0 0.0295824
11 435.076 10.4605 5 2 0.046875 0 0.0302705
12 435.117 10.5342 5 2 0.0439453 0 0.0308749
13 110.903 9.56881 5 1 0.0429688 0 0.0309614
14 110.903 10.035 5 1 0.0478516 0 0.0305821
15 110.371 10.5821 5 1 0.0527344 0 0.0313932
16 435.151 12.6214 6 2 0.0625 0 0.0312131
17 435.053 12.347 5 2 0.0595703 0 0.0321098
18 435.076 12.1319 6 2 0.0585938 0 0.0312105
19 435.149 11.737 6 2 0.0527344 0 0.0312034
20 1009.59 12.8435 6 3 0.0615234 0 0.0308124
21 435.149 12.6474 6 2 0.0634766 0 0.0331664
22 435 10.6138 6 2 0.0478516 0 0.0308476
23 1011.31 11.5878 6 3 0.0498047 0 0.0321058
24 434.639 12.0806 6 2 0.0634766 0 0.0303079
25 995.918 12.4206 6 3 0.0595703 0 0.0307831
26 434.954 11.3994 6 2 0.0556641 0 0.0312298
27 434.818 11.9929 6 2 0.0605469 0 0.0303206
28 435.151 14.1559 6 2 0.0742188 0 0.0312092
29 434.639 11.2095 6 2 0.0517578 0 0.0315364
30 435.127 14.3663 6 2 0.0703125 0 0.0319649
31 435.127 13.9094 6 2 0.0703125 0 0.0316721
32 435.149 13.9956 6 2 0.0673828 0 0.0327835
33 116.603 13.4428 6 1 0.0732422 0 0.0332942
34 435.117 13.83 6 2 0.0712891 0 0.0333602
35 435.151 15.9529 7 2 0.0820312 0 0.0342242
36 435 16.2141 7 2 0.0878906 0 0.035468
37 998.128 18.7655 7 3 0.09375 0 0.0351607
38 1842.49 22.6137 8 4 0.119141 0 0.0351067
39 1007.46 22.9776 8 3 0.133789 0 0.0375116
40 1007.46 23.5457 9 3 0.126953 0 0.0383134
41 1800.39 27.2889 10 4 0.145508 0 0.0396269
42 1004.1 27.2819 11 3 0.162109 0 0.0417027
43 1819.76 34.0151 11 4 0.185547 0 0.0416616
44 1002.23 36.6538 11 3 0.212891 0 0.0410401
45 1005.85 31.6996 11 3 0.181641 0 0.0432399
46 1004.99 38.9772 11 3 0.225586 0 0.0436181
47 1819.76 39.9437 11 4 0.208008 0 0.0475554
48 1783.71 42.6002 12 4 0.235352 0 0.0459036
49 1807.12 42.6599 12 4 0.245117 0 0.0448894
50 1829.35 46.2156 12 4 0.264648 0 0.0459172
51 1004.1 45.1903 12 3 0.272461 0 0.0486781
52 1008.21 46.4575 13 3 0.261719 0 0.0477713
53 1008.92 42.9752 12 3 0.25 0 0.0491317
54 1825.63 50.7449 13 4 0.275391 0 0.0520324
55 1007.46 45.3817 12 3 0.251953 0 0.0503955
56 1008.92 40.29 12 3 0.230469 0 0.0536808
57 1793.4 51.2909 13 4 0.285156 0 0.0561064
58 1007.46 47.398 13 3 0.270508 0 0.055881
59 1005.85 48.3079 13 3 0.265625 0 0.057959
60 1834.62 47.1317 13 4 0.242188 0 0.059536
61 1006.68 54.5378 13 3 0.288086 0 0.0584629
62 1004.1 52.4194 13 3 0.253906 0 0.0630431
63 1007.46 51.872 14 3 0.272461 0 0.0705397
64 1829.35 50.6058 13 4 0.249023 0 0.0702264
65 997.036 54.6826 14 3 0.250977 0 0.0769326
66 1819.76 60.6983 15 4 0.276367 0 0.0825873
67 1005.85 59.4795 15 3 0.245117 0 0.0974526
68 984.827 61.87 17 3 0.24707 0 0.104134
69 1819.76 64.0138 20 4 0.236328 0 0.11761
70 1007.46 66.8052 33 3 0.239258 0 0.127858
71 1837.92 70.1145 101 4 0.219727 0 0.135656
72 1500.35 73.1295 101 4 0.208984 0 0.141431
73 1821.75 75.2548 101 4 0.201172 0 0.142845
74 1003.18 72.8915 101 3 0.205078 0 0.147063
75 1004.99 75.6781 101 3 0.161133 0 0.157193
76 5791.42 85.779 101 7 0.206055 0 0.157045
77 1009.59 81.2798 101 3 0.208984 0 0.15759
78 1008.92 78.3958 101 3 0.183594 0 0.165988
79 1002.23 82.9767 101 3 0.206055 0 0.16
80 986.145 80.7331 101 3 0.204102 0 0.155645
81 1012.52 82.0161 101 3 0.19043 0 0.177153
82 1641.71 84.8057 101 4 0.217773 0 0.171512
83 435.149 77.9753 101 2 0.15918 0 0.181519
84 967.552 78.8958 101 3 0.162109 0 0.183177
85 1726.84 85.5286 101 4 0.169922 0 0.183149
86 1010.79 81.6993 101 3 0.169922 0 0.176355
87 435.151 80.975 101 2 0.163086 0 0.179666
88 1008.92 82.582 101 3 0.19043 0 0.169552
89 1809.31 84.4371 101 4 0.161133 0 0.174312
90 435.151 78.7234 101 2 0.139648 0 0.177225
91 973.593 79.5204 101 3 0.145508 0 0.186337
92 1007.46 85.3294 101 3 0.160156 0 0.184231
93 1006.68 83.6583 101 3 0.161133 0 0.188339
94 2909.97 86.8481 101 5 0.147461 0 0.192442
95 997.036 82.5058 101 3 0.139648 0 0.187454
96 989.976 85.4373 101 3 0.151367 0 0.192851
97 942.692 81.3117 101 3 0.132812 0 0.191014
98 984.827 84.334 101 3 0.120117 0 0.195998
99 1009.59 85.3906 101 3 0.143555 0 0.187741
100 1005.85 83.6191 101 3 0.157227 0 0.188248
101 991.21 87.6361 101 3 0.158203 0 0.189575
102 1008.92 87.556 101 3 0.161133 0 0.190461
103 1006.68 88.2911 101 3 0.15332 0 0.193217
104 1424.97 85.4631 101 4 0.144531 0 0.195157
105 2826.95 92.1155 101 5 0.139648 0 0.198639
106 435.151 84.7276 101 2 0.141602 0 0.189865
107 1006.68 89.9278 101 3 0.152344 0 0.193084
108 997.036 87.0326 101 3 0.132812 0 0.193124
109 1621.26 89.7159 101 4 0.166992 0 0.198072
110 1008.92 86.4752 101 3 0.135742 0 0.200007
111 972.108 91.1908 101 3 0.166992 0 0.192476
112 1002.23 85.4446 101 3 0.144531 0 0.1839
113 1011.31 88.9293 101 3 0.141602 0 0.196468
114 992.422 90.7937 101 3 0.15625 0 0.199252
115 1776.18 88.8778 101 4 0.15332 0 0.199285
116 1006.68 92.7157 101 3 0.12793 0 0.202853
117 995.918 90.6618 101 3 0.146484 0 0.198524
118 435.127 90.2235 101 2 0.15332 0 0.19839
119 1008.21 89.8648 101 3 0.145508 0 0.202414
120 980.754 90.3074 101 3 0.129883 0 0.20048
121 1011.31 90.4073 101 3 0.130859 0 0.20475
122 1658.35 95.4975 101 4 0.158203 0 0.198509
123 1500.35 88.5025 101 4 0.124023 0 0.205291
124 1009.59 88.8709 101 3 0.152344 0 0.200791
125 1011.78 91.4189 101 3 0.166016 0 0.199905
126 2672.92 95.6814 101 5 0.154297 0 0.214037
127 2795.37 94.6968 101 5 0.167969 0 0.199896
128 988.72 89.4226 101 3 0.150391 0 0.205036
129 997.036 87.8379 101 3 0.145508 0 0.204824
130 1006.68 96.2956 101 3 0.180664 0 0.199618
131 1009.59 93.4001 101 3 0.160156 0 0.203601
132 1765.81 95.4209 101 4 0.162109 0 0.207406
133 1002.23 89.8847 101 3 0.166992 0 0.19851
134 994.777 93.3146 101 3 0.162109 0 0.207747
135 989.976 91.8059 101 3 0.176758 0 0.204067
136 994.777 86.9328 101 3 0.15918 0 0.201108
137 2384.84 95.6584 101 5 0.181641 0 0.206528
138 435.149 90.4575 101 2 0.180664 0 0.197712
139 1839.49 92.184 101 4 0.178711 0 0.192698
140 993.611 86.3235 101 3 0.155273 0 0.203283
141 1002.23 89.5559 101 3 0.157227 0 0.202625
142 1783.71 97.2341 101 4 0.192383 0 0.195904
143 1788.61 95.8338 101 4 0.189453 0 0.197207
144 1813.59 101.292 101 4 0.222656 0 0.190164
145 1776.18 92.3593 101 4 0.194336 0 0.198997
146 1008.92 96.118 101 3 0.212891 0 0.19093
147 983.489 91.0253 101 3 0.181641 0 0.200169
148 1010.21 93.8625 101 3 0.202148 0 0.18723
149 1809.31 101.081 101 4 0.225586 0 0.19561
150 992.422 95.8461 101 3 0.208008 0 0.197466
151 2418.01 97.1388 101 5 0.21582 0 0.205345
152 1009.59 98.4027 101 3 0.21875 0 0.215523
153 1735.52 98.8687 101 4 0.210938 0 0.203811
154 1006.68 100.364 101 3 0.210938 0 0.201342
155 1001.24 96.6585 101 3 0.21875 0 0.195595
156 1001.24 98.6841 101 3 0.228516 0 0.19317
157 1702.88 97.2846 101 4 0.220703 0 0.190975
158 966 92.5955 101 3 0.209961 0 0.192069
159 1661.63 94.0167 101 4 0.231445 0 0.193647
160 1007.46 93.0723 101 3 0.220703 0 0.191309
161 2696.01 97.1362 101 5 0.22168 0 0.201324
162 1011.78 99.7122 101 3 0.239258 0 0.192531
163 1004.99 96.412 101 3 0.231445 0 0.187735
164 1809.31 95.143 101 4 0.222656 0 0.188181
165 1508.05 98.7503 101 4 0.24707 0 0.192794
166 1763.17 93.7866 101 4 0.220703 0 0.185406
167 2241.48 101.207 101 5 0.259766 0 0.183221
168 1545.87 98.6941 101 4 0.254883 0 0.177899
169 1705.93 97.5046 101 4 0.236328 0 0.183807
170 1811.47 102.038 101 4 0.254883 0 0.185262
171 1010.79 94.7961 101 3 0.212891 0 0.194533
172 1768.44 97.0182 101 4 0.216797 0 0.193823
173 1817.74 100.695 101 4 0.251953 0 0.199767
174 2169.9 107.716 101 5 0.267578 0 0.193686
175 1715 97.023 101 4 0.241211 0 0.191849
176 1781.23 104.958 101 4 0.27832 0 0.19237
177 1002.23 98.146 101 3 0.254883 0 0.184267
178 6409.96 109.991 101 8 0.266602 0 0.189161
179 995.918 101.27 101 3 0.275391 0 0.190916
180 2891.12 100.38 101 5 0.277344 0 0.187906
181 1746.82 108.001 101 4 0.291016 0 0.190503
182 2639.78 111.45 101 5 0.310547 0 0.178214
183 1821.75 106.212 101 4 0.322266 0 0.181943
184 2774.8 115.006 101 5 0.352539 0 0.173965
185 2356.82 121.638 101 5 0.380859 0 0.177969
186 7801.14 123.624 101 8 0.366211 0 0.174402
187 3906.66 119.108 101 6 0.384766 0 0.169093
188 4196.4 121.925 101 6 0.385742 0 0.171835
189 14137.4 146.179 101 11 0.420898 0 0.166638
190 6936.52 138.172 101 8 0.426758 0 0.169769
191 3956.58 139.059 101 6 0.460938 0 0.175297
192 7557.96 122.04 101 8 0.410156 0 0.163163
193 6560.21 148.007 101 8 0.490234 0 0.169515
194 5332.51 150.677 101 7 0.507812 0 0.165016
195 7206.2 150.56 101 8 0.503906 0 0.16247
196 5446.9 156.105 101 7 0.543945 0 0.159525
197 9741.36 164.552 101 9 0.552734 0 0.157884
198 3117.65 158.955 101 6 0.543945 0 0.162066
199 6957.85 178.883 101 8 0.609375 0 0.156175
200 14521.8 218.784 101 11 0.651367 0 0.146684
201 7628.26 197.886 101 8 0.665039 0 0.156977
202 9358.56 220.897 101 9 0.701172 0 0.155923
203 59282.8 331.064 101 15 0.84082 0 0.154666
204 37254.4 353.299 101 14 0.918945 0 0.146898
205 19469.9 329.871 101 12 0.915039 0 0.146792
206 56148.2 534.386 101 15 1.05664 0 0.15415
207 12558.2 498.83 104.312 10 1.16113 1 0.154583
208 93332.5 822.959 110.903 16 1.42578 1 0.166466
209 88554.9 1021.34 110.903 16 1.5293 1 0.161959
210 93454.4 1244.65 119.071 16 1.94434 1 0.176317
211 2.14577e+06 3719.65 137.3 21 2.19824 1 0.194667
212 8.44236e+06 12032.8 137.553 23 2.22559 1 0.203043
213 164733 1529.26 126.234 17 2.08594 1 0.202734
214 1.6841e+07 19509.2 118.273 24 2.20215 1 0.193723
215 3.36188e+07 88924.3 414.37 25 3.3252 2 0.257178
216 2.1447e+06 17173.7 433.637 21 3.65332 2 0.258947
217 8.44838e+06 46598.6 433.384 23 3.80078 2 0.277462
218 8.45039e+06 41943.7 759.728 23 4.03418 3 0.283026
219 4.24142e+06 22859.7 434.781 22 3.73633 2 0.264078
220 4.24747e+06 22742.1 433.637 22 3.99512 2 0.278188
221 1.34286e+08 236114 898.85 27 4.25977 3 0.277715
222 1.68441e+07 41665.1 930.025 24 4.10156 3 0.281812
223 8.43899e+06 27846.1 799.819 23 4.24707 3 0.297705
224 6.71855e+07 299154 1311.55 26 5.00098 4 0.336671
225 1.68404e+07 97738.9 928.165 24 4.76562 3 0.318426
226 2.68518e+08 379822 983.489 28 4.82812 3 0.331532
227 1.68398e+07 53633.8 987.443 24 4.88379 3 0.330913
228 2.68526e+08 399845 1000.23 28 4.91016 3 0.320457
229 1.34298e+08 258647 946.193 27 4.48438 3 0.301493
230 1.68376e+07 50879.5 931.873 24 4.31055 3 0.301763
231 2.14759e+09 2.4623e+06 1387.95 31 5.49805 4 0.338599
232 2.68519e+08 344887 2610.66 28 6.24023 5 0.360427
233 3.36217e+07 225179 2874.36 25 6.47168 5 0.365103
234 1.68367e+07 144682 2757.91 24 6.40332 5 0.372858
235 1.07384e+09 1.39859e+06 2757.91 30 6.52344 5 0.380553
236 1.07384e+09 1.43909e+06 2849.48 30 6.78906 5 0.414234
237 2.68518e+08 715906 2535.16 28 6.5127 5 0.40352
238 2.6852e+08 659283 3332.2 28 7.06738 6 0.422256
239 2.6852e+08 801706 3117.65 28 7.16992 6 0.420405
240 1.07383e+09 1.89528e+06 3987.02 30 7.61035 6 0.433788
241 1.34289e+08 583476 2791.31 27 7.06543 5 0.441722
242 1.07384e+09 1.62427e+06 2731.9 30 6.7998 5 0.405759
243 1.34296e+08 949941 2545.44 27 6.65234 5 0.431175
244 2.14759e+09 4.02082e+06 2770.61 31 7.15625 5 0.441803
245 5.36959e+08 1.51824e+06 2834.58 29 7.0459 5 0.450926
246 1.07384e+09 2.81978e+06 3370.8 30 7.44141 6 0.463401
247 1.07384e+09 2.60207e+06 2762.17 30 7.25293 5 0.454156
248 4.29508e+09 9.79122e+06 3431.79 32 7.65234 6 0.465858
249 5.36954e+08 2.29678e+06 3919.27 29 7.69238 6 0.455879
250 1.07383e+09 4.58636e+06 3968.82 30 7.91895 6 0.461785
251 5.36945e+08 1.89685e+06 4108.84 29 8.05078 7 0.497342
252 4.29508e+09 9.60815e+06 4727.44 32 8.35059 7 0.477985
253 4.29507e+09 6.085e+06 5830.11 32 8.53906 7 0.495895
254 3.43599e+10 3.79996e+07 5349.14 35 8.62402 7 0.51282
255 4.29507e+09 8.00146e+06 5752.38 32 8.875 8 0.510731
256 1.07383e+09 3.43368e+06 5099.37 30 8.18164 7 0.494278
257 2.68522e+08 2.38764e+06 3630.2 28 7.70312 6 0.479049
258 5.36971e+08 2.27784e+06 4470.79 29 7.87988 7 0.455053
259 2.68522e+08 2.3642e+06 3491.81 28 7.8252 6 0.451548
260 5.36963e+08 4.18876e+06 3919.27 29 7.9375 6 0.482441
261 5.3695e+08 2.2157e+06 4717.77 29 8.32617 7 0.462392
262 4.29508e+09 8.42159e+06 5373.9 32 8.5459 7 0.473939
263 4.29508e+09 5.35423e+06 3822.58 32 7.76172 6 0.46648
264 1.07384e+09 4.95987e+06 6444.93 30 9.31348 8 0.499539
265 1.718e+10 2.50479e+07 7834.31 34 9.87402 9 0.529733
266 2.14759e+09 9.91278e+06 6160.4 31 9.10156 8 0.502151
267 1.718e+10 2.54976e+07 6456.55 34 9.32812 8 0.505232
268 8.59006e+09 2.68225e+07 4480.86 33 8.46973 7 0.512369
269 8.59004e+09 1.84024e+07 6915.1 33 9.28906 8 0.490411
270 8.59006e+09 1.69357e+07 9418.71 33 10.0527 9 0.534311
271 4.29509e+09 1.7639e+07 6050.99 32 9.23242 8 0.500585
272 2.14758e+09 8.68104e+06 8970.24 31 9.86035 9 0.526064
273 8.59005e+09 2.06326e+07 8420.29 33 9.83496 9 0.520452
274 3.43599e+10 4.04201e+07 9370.65 35 9.91309 9 0.539622
275 1.07384e+09 7.98747e+06 12433.5 30 10.8564 11 0.538702
276 8.59004e+09 2.81007e+07 12279.6 33 10.668 10 0.538402
277 4.29507e+09 1.03068e+07 11928.5 32 10.5166 10 0.524622
278 1.718e+10 3.00728e+07 9548.43 34 10.3535 9 0.527499
279 2.14759e+09 1.08399e+07 11482.8 31 10.584 10 0.522759
280 1.07384e+09 7.56165e+06 9072.88 30 10.0518 9 0.511679
281 8.59004e+09 1.48658e+07 10555.5 33 10.4102 10 0.515655
282 4.29507e+09 1.75393e+07 12224.8 32 10.8789 10 0.526404
283 3.43599e+10 1.06606e+08 15759.9 35 11.5488 11 0.56984
284 8.59004e+09 2.77278e+07 12099.5 33 11.1299 10 0.580886
285 8.59005e+09 3.44378e+07 14753.9 33 11.1553 11 0.570909
286 3.43599e+10 7.71638e+07 11604.1 35 10.7637 10 0.541589
287 3.43599e+10 7.16595e+07 11841.4 35 10.8682 10 0.55649
288 1.718e+10 3.42953e+07 9525.12 34 10.6465 9 0.538474
289 8.59005e+09 3.35412e+07 8224.01 33 10.0967 9 0.523802
290 6.87196e+10 1.49504e+08 11359.7 36 10.6689 10 0.52821
291 3.43599e+10 8.94387e+07 8350.66 35 9.93945 9 0.502698
292 1.718e+10 5.67993e+07 7256.07 34 9.62402 8 0.496396
293 1.718e+10 4.72581e+07 8052.57 34 9.69531 9 0.497121
294 6.87196e+10 9.80414e+07 7324.72 36 9.68457 8 0.501896
295 3.43599e+10 7.96201e+07 6327.69 35 9.23828 8 0.549882
296 1.718e+10 4.95405e+07 6063.21 34 9.25781 8 0.522848
297 3.43599e+10 1.07659e+08 7611.81 35 9.66992 9 0.517856
298 4.29508e+09 2.41806e+07 9583.16 32 10.2725 9 0.532423
299 8.59005e+09 3.7093e+07 8970.24 33 10.167 9 0.503354
300 6.87196e+10 1.31299e+08 8944.33 36 10.0332 9 0.516893
301 1.718e+10 8.60283e+07 8294.58 34 10.1182 9 0.534938
302 6.87196e+10 1.36291e+08 9110.94 36 10.4736 9 0.541046
303 3.43599e+10 1.23643e+08 11219.4 35 10.9736 10 0.559595
304 6.87196e+10 1.46787e+08 11753.3 36 11.0068 10 0.561722
305 2.74878e+11 3.09194e+08 12099.5 38 11.4551 10 0.586191
306 3.43599e+10 1.75646e+08 18818.5 35 12.3213 12 0.5938
307 1.718e+10 1.10578e+08 14593.7 34 11.7656 11 0.587713
308 2.74878e+11 7.73238e+08 15015.8 38 11.791 11 0.59412
309 2.19902e+12 2.27438e+09 14736.2 41 11.6895 11 0.572106
310 2.74878e+11 8.14411e+08 18651.1 38 12.8271 12 0.656136
311 2.74878e+11 5.80983e+08 11738.5 38 11.8359 10 0.587427
312 1.37439e+11 4.89995e+08 12183.3 37 12.083 10 0.577786
313 6.87196e+10 2.4296e+08 25237 36 13.0352 13 0.648803
314 5.49756e+11 1.42542e+09 15420.8 39 12.4775 11 0.631386
315 1.37439e+11 5.26999e+08 19803.4 37 12.7314 12 0.632536
316 5.49756e+11 1.1837e+09 24949 39 13.1865 13 0.655388
317 2.19902e+12 2.60599e+09 20917.9 41 13.2021 12 0.643932
318 3.43599e+10 2.13042e+08 15371.2 35 12.2148 11 0.62539
319 3.43599e+10 1.5393e+08 15584.2 35 12.0557 11 0.600007
320 2.74878e+11 6.52497e+08 19568.9 38 12.8379 12 0.593522
321 5.49756e+11 1.75587e+09 20052.1 39 12.792 12 0.628227
322 1.37439e+11 6.01755e+08 25021.4 37 13.541 13 0.628557
323 1.37439e+11 4.07136e+08 27299 37 13.6689 13 0.630943
324 2.74878e+11 4.31908e+08 24311.8 38 13.085 13 0.626936
325 5.49756e+11 1.0994e+09 20514 39 13.125 12 0.629113
326 1.37439e+11 3.73168e+08 19269.5 37 12.957 12 0.645548
327 1.37439e+11 4.04047e+08 15838.3 37 12.5283 11 0.642356
328 3.43599e+10 1.81376e+08 18225.2 35 12.6377 12 0.632047
329 1.37439e+11 5.29558e+08 14044.2 37 12.1416 11 0.600918
330 2.74878e+11 4.49755e+08 14358.5 38 12.0996 11 0.606683
331 6.87196e+10 3.78114e+08 19509.6 36 12.8633 12 0.664657
332 6.87196e+10 2.62407e+08 14700.8 36 12.2178 11 0.626332
333 5.49756e+11 1.07451e+09 14266.8 39 12.1309 11 0.594206
334 1.37439e+11 4.12081e+08 15186.7 37 12.4238 11 0.620717
335 1.718e+10 7.35792e+07 14100.2 34 11.5479 11 0.581805
336 3.43599e+10 2.10323e+08 14841.9 35 12.1406 11 0.603633
337 1.37439e+11 3.39719e+08 12320.3 37 11.9814 10 0.604346
338 6.87196e+10 2.26638e+08 15033 36 12.0527 11 0.610945
339 1.37439e+11 3.67212e+08 11708.8 37 11.499 10 0.56677
340 1.37439e+11 4.79642e+08 15486.6 37 12.3174 11 0.61592
341 2.74878e+11 5.71235e+08 11942.9 38 11.6865 10 0.578554
342 3.43599e+10 2.71343e+08 11436.8 35 11.6533 10 0.587709
343 1.37439e+11 6.04101e+08 12211 37 11.7539 10 0.607807
344 5.49756e+11 7.69092e+08 11914.1 39 12.0576 10 0.625134
345 5.49756e+11 1.28446e+09 15600.3 39 12.7041 11 0.605639
346 2.74878e+11 4.57602e+08 15632.5 38 12.3193 11 0.611009
347 6.87196e+10 3.46136e+08 14963.9 36 12.5459 11 0.605478
348 6.87196e+10 2.72354e+08 11885.1 36 11.5322 10 0.56863
349 6.87196e+10 1.79743e+08 11971.7 36 11.5439 10 0.583112
350 2.74878e+11 7.42881e+08 12113.5 38 11.6729 10 0.566496
351 1.718e+10 1.31533e+08 11768 34 11.5957 10 0.587408
352 5.49756e+11 1.453e+09 11679 39 11.752 10 0.60914
353 6.87196e+10 3.11849e+08 13530.5 36 11.8574 11 0.595417
354 6.87196e+10 2.51636e+08 13277.2 36 11.5293 11 0.594465
355 5.49756e+11 8.89099e+08 11826.8 39 11.5195 10 0.606476
356 1.37439e+11 5.96938e+08 12127.6 37 11.9658 10 0.606419
357 5.49756e+11 7.85851e+08 11359.7 39 11.4609 10 0.570835
358 3.43599e+10 1.7561e+08 14193 35 11.9375 11 0.580383
359 3.43599e+10 1.4314e+08 9478.13 35 10.9053 9 0.548463
360 6.87196e+10 2.6671e+08 11203.7 36 11.4932 10 0.567218
361 2.74878e+11 6.71105e+08 12330.7 38 12.0234 11 0.602502
362 6.87196e+10 4.77492e+08 13799 36 12.6016 11 0.670035
363 2.74878e+11 8.15986e+08 18714.1 38 12.6328 12 0.629229
364 5.49756e+11 1.62321e+09 15915.8 39 12.791 11 0.691418
365 5.49756e+11 1.82009e+09 13893.8 39 12.3779 11 0.66815
366 1.09951e+12 2.70966e+09 15050.2 40 12.6016 11 0.676614
367 5.49756e+11 2.07193e+09 15254.3 39 12.8184 11 0.700329
368 2.74878e+11 1.06621e+09 17139.5 38 12.8887 12 0.689594
369 1.75922e+13 2.04743e+10 14981.3 44 12.8418 11 0.683537
370 5.49756e+11 2.14049e+09 22512.8 39 13.835 13 0.695116
371 5.49756e+11 2.21915e+09 24608.1 39 13.8867 13 0.746707
372 5.49756e+11 2.69149e+09 19390.1 39 13.6123 12 0.731022
373 1.09951e+12 2.526e+09 14700.8 40 12.9473 11 0.696584
374 1.09951e+12 2.29633e+09 20386.9 40 13.6172 12 0.704525
375 2.19902e+12 4.72787e+09 36583.8 41 14.75 14 0.744654
376 2.74878e+11 2.63354e+09 20459.8 38 14.0879 12 0.738767
377 5.49756e+11 2.99958e+09 19127.5 39 13.9502 12 0.724933
378 1.09951e+12 2.84608e+09 17025.6 40 13.5938 12 0.724584
379 5.49756e+11 2.13015e+09 19803.4 39 13.9326 12 0.719032
380 8.79609e+12 1.35548e+10 22697.9 43 14.2363 13 0.736098
381 2.19902e+12 6.36954e+09 24730.5 41 14.124 13 0.762473
382 1.37439e+11 1.47805e+09 35621.4 37 14.5234 14 0.792563
383 2.19902e+12 8.63653e+09 37902.8 41 15.04 14 0.79067
384 1.40737e+14 1.50114e+11 37229 47 15.1025 14 0.817231
385 3.51844e+13 6.47389e+10 91824.7 45 16.6191 16 0.855555
386 1.75922e+13 4.95455e+10 292458 44 17.2227 18 0.904865
387 3.51844e+13 7.37058e+10 57000.5 45 16.7373 15 0.902266
388 4.39805e+12 1.69325e+10 56634.9 42 16.165 15 0.920921
389 2.19902e+12 1.14363e+10 56944.7 41 15.8916 15 0.86494
390 1.75922e+13 4.21599e+10 90677.2 44 16.0195 16 0.858925
391 1.75922e+13 4.69884e+10 51420.3 44 15.2891 15 0.830965
392 8.79609e+12 1.50643e+10 38921.3 43 15.168 14 0.82903
393 7.03687e+13 1.09754e+11 35675.8 46 15.4629 14 0.850235
394 4.39805e+12 2.22712e+10 57524.2 42 16.4033 15 0.860282
395 8.79609e+12 2.41021e+10 52499.1 43 15.1904 15 0.839162
396 2.19902e+12 1.44337e+10 34253.6 41 15.1094 14 0.826117
397 8.79609e+12 2.94882e+10 24754.9 43 14.6855 13 0.81829
398 1.40737e+14 1.83251e+11 23835.1 47 14.5869 13 0.810341
399 3.51844e+13 9.01754e+10 24657.2 45 14.6357 13 0.818283
400 3.51844e+13 9.51855e+10 16610.8 45 14.335 12 0.79957
401 4.39805e+12 1.63447e+10 12183.3 42 13.3135 10 0.802428
402 2.81475e+14 3.0389e+11 13950.4 48 13.7832 11 0.748166
403 1.40737e+14 1.94972e+11 25777.5 47 15.3926 13 0.802743
404 1.75922e+13 9.90111e+10 17877.1 44 15.1953 12 0.825128
405 2.2518e+15 2.31259e+12 14211.5 51 14.3809 11 0.825945
406 8.79609e+12 4.36854e+10 18332.6 43 15.5098 12 0.89999
407 3.51844e+13 8.56839e+10 11768 45 13.7041 10 0.815956
408 1.1259e+15 1.30078e+12 17920.9 50 15.0381 12 0.851046
409 1.40737e+14 2.20958e+11 26324.5 47 15.8867 13 0.885407
410 1.40737e+14 4.57157e+11 12960.2 47 14.25 11 0.822965
411 2.81475e+14 3.6896e+11 18630.1 48 15.1416 12 0.862922
412 2.81475e+14 5.3416e+11 25117.5 48 15.5156 13 0.855633
413 3.51844e+13 7.70473e+10 25544.4 45 15.1504 13 0.820964
414 7.03687e+13 2.20073e+11 14665.2 46 14.0605 11 0.813238
415 3.51844e+13 1.57595e+11 27587.1 45 15.3828 13 0.825341
416 7.03687e+13 1.89129e+11 25403.1 46 14.7217 13 0.801649
417 1.40737e+14 2.58125e+11 19918.9 47 14.9229 12 0.869656
418 1.75922e+13 6.17582e+10 18566.8 44 14.3438 12 0.832273
419 4.5036e+15 4.56584e+12 23038.6 52 14.4775 13 0.806423
420 2.81475e+14 3.03478e+11 25189.3 48 14.6943 13 0.815761
421 9.0072e+15 9.00032e+12 13079.7 53 13.5352 11 0.835153
422 3.51844e+13 1.34459e+11 36818.4 45 15.3223 14 0.850185
423 5.6295e+14 7.43196e+11 24087.1 49 15.041 13 0.823423
424 1.40737e+14 3.23011e+11 55236.9 47 15.708 15 0.876246
425 2.81475e+14 5.38375e+11 38024.8 48 15.8291 14 0.861938
426 3.51844e+13 1.91866e+11 12347.3 45 13.6973 10 0.809825
427 2.81475e+14 5.45242e+11 26166.8 48 14.751 13 0.859416
428 2.81475e+14 8.08622e+11 25754.3 48 15.1289 13 0.827305
429 1.80144e+16 1.89028e+13 19745.2 54 14.5625 12 0.826448
430 2.81475e+14 4.80528e+11 90843.5 48 17.0537 16 0.948873
431 2.81475e+14 9.30536e+11 161773 48 17.9072 17 0.994038
432 1.1259e+15 2.35572e+12 290459 50 18.1191 18 1.05769
433 2.2518e+15 6.54318e+12 292866 51 18.4805 18 1.04123
434 2.2518e+15 5.9067e+12 1.08785e+06 51 19.4414 20 1.074
435 2.2518e+15 3.6703e+12 158956 51 18.0156 17 1.03683
436 4.5036e+15 6.4634e+12 560505 52 19.1289 19 1.04905
437 4.5036e+15 4.84613e+12 36080.6 52 16.1523 14 0.998989
438 1.1259e+15 2.52251e+12 557042 50 18.9102 19 1.04841
439 2.81475e+14 1.29837e+12 560717 48 18.9268 19 1.07283
440 2.81475e+14 8.01543e+11 298719 48 18.75 18 1.02885
441 5.6295e+14 1.80214e+12 297721 49 18.4951 18 1.02267
442 1.1259e+15 1.87276e+12 158099 50 17.8525 17 1.01223
443 1.1259e+15 2.50177e+12 290923 50 18.4336 18 1.00735
444 5.6295e+14 1.86371e+12 91009 49 17.6943 16 0.998165
445 2.81475e+14 8.3074e+11 159761 48 17.8545 17 0.982869
446 5.6295e+14 1.90389e+12 296203 49 18.6211 18 1.04219
447 9.0072e+15 1.24599e+13 162250 53 18.2344 17 0.994976
448 1.1259e+15 3.19605e+12 91173.7 50 17.4199 16 1.0542
449 2.2518e+15 2.88398e+12 36688.4 51 16.5127 14 0.95969
450 2.2518e+15 3.26862e+12 89902.8 51 17.3271 16 0.965708
451 2.2518e+15 5.29065e+12 55415.6 51 17.4297 15 0.962515
452 5.6295e+14 1.11898e+12 88765 49 17.4395 16 1.03784
453 1.40737e+14 1.02109e+12 37481.5 47 17.3848 14 0.967464
454 2.81475e+14 1.19174e+12 91630.7 48 17.0859 16 0.973738
455 2.2518e+15 4.49862e+12 53801 51 16.5195 15 0.934928
456 5.6295e+14 1.59944e+12 35892.5 49 16.0469 14 0.961452
457 1.80144e+16 1.94066e+13 89389.4 54 16.9199 16 0.947739
458 2.2518e+15 3.17822e+12 25403.1 51 15.9697 13 0.939608
459 1.44115e+17 1.52736e+14 59619.5 57 17.5693 15 1.00307
460 5.6295e+14 2.65159e+12 32676.4 49 16.1914 14 0.937304
461 2.2518e+15 2.75917e+12 32944 51 16.2441 14 1.00968
462 2.2518e+15 3.09533e+12 89698.2 51 16.999 16 1.02246
463 2.2518e+15 4.21e+12 53487.5 51 16.8672 15 0.966851
464 1.44115e+17 1.42276e+14 53769.7 57 16.8936 15 1.0228
465 4.5036e+15 7.31175e+12 24386.2 52 16.0957 13 0.956649
466 5.6295e+14 1.2442e+12 37305.1 49 16.2363 14 0.977361
467 1.40737e+14 3.77877e+11 93363 47 17.8965 16 1.00874
468 1.1259e+15 2.01077e+12 34847.6 50 16.1328 14 0.947167
469 9.0072e+15 9.76448e+12 25284.6 53 15.6953 13 0.926974
470 5.76461e+17 5.68455e+14 160480 59 18.2256 17 0.982156
471 1.1259e+15 3.89723e+12 559127 50 19.4404 19 1.01338
472 1.1259e+15 2.82337e+12 160122 50 18.8584 17 1.02577
473 5.6295e+14 3.07532e+12 293069 49 18.5215 18 0.993852
474 5.6295e+14 1.57918e+12 55027.1 49 16.8652 15 0.911277
475 2.2518e+15 6.61577e+12 89766.5 51 17.4229 16 0.923955
476 3.60288e+16 5.65195e+13 290332 55 18.2324 18 0.938443
477 2.2518e+15 5.24389e+12 92838.8 51 18.1045 16 0.953688
478 1.1259e+15 2.54729e+12 158061 50 17.9648 17 0.982916
479 4.5036e+15 9.63485e+12 160301 52 18.4717 17 0.979589
480 1.1259e+15 3.085e+12 161115 50 18.3955 17 0.968623
481 4.5036e+15 5.86744e+12 556907 52 18.9561 19 1.0266
482 1.80144e+16 2.8569e+13 562545 54 19.793 19 1.06546
483 4.5036e+15 6.91727e+12 161670 52 18.6172 17 0.990189
484 2.81475e+14 9.2257e+11 92081.5 48 17.9912 16 0.996397
485 4.5036e+15 5.75917e+12 159324 52 18.5342 17 1.01794
486 4.5036e+15 1.319e+13 159906 52 18.6162 17 1.00142
487 2.81475e+14 1.88639e+12 92081.5 48 17.9297 16 1.0057
488 2.2518e+15 5.28709e+12 33677.6 51 16.5498 14 0.976034
489 4.5036e+15 8.47939e+12 25520.9 52 16.5371 13 0.926318
490 4.5036e+15 8.64122e+12 158024 52 18.6582 17 1.0202
491 2.2518e+15 5.16498e+12 56888.7 51 17.9922 15 1.01767
492 9.0072e+15 1.7113e+13 156104 53 18.5225 17 1.05098
493 5.6295e+14 3.69367e+12 161773 49 19.1533 17 1.05486
494 2.2518e+15 5.95784e+12 564026 51 20.0879 19 1.13393
495 1.1259e+15 3.71125e+12 291133 50 18.8818 18 1.08288
496 2.8823e+17 3.03782e+14 288525 58 18.876 18 1.08367
497 4.5036e+15 1.19651e+13 292376 52 19.4912 18 1.07836
498 2.2518e+15 5.11754e+12 159067 51 18.4814 17 1.03987
499 7.20576e+16 8.14289e+13 297721 56 19.1846 18 1.06357
500 3.60288e+16 7.66716e+13 289863 55 19.2959 18 1.06811
501 9.0072e+15 1.67416e+13 2.13989e+06 53 21.2539 21 1.1914
502 4.5036e+15 1.27769e+13 557626 52 20.1113 19 1.15682
503 5.6295e+14 3.96098e+12 160480 49 18.9941 17 1.0781
504 2.2518e+15 6.6382e+12 555860 51 19.4639 19 1.14355
505 9.0072e+15 1.35106e+13 548776 53 19.8398 19 1.12864
506 2.2518e+15 6.09978e+12 91239.4 51 18.585 16 1.09756
507 1.80144e+16 2.75361e+13 92557.1 54 18.3623 16 1.08103
508 1.44115e+17 2.02489e+14 293673 57 19.5977 18 1.10504
509 7.20576e+16 8.43963e+13 2.13558e+06 56 21.8691 21 1.21455
510 2.30584e+18 2.37069e+15 292253 61 20.0527 18 1.18194
511 5.76461e+17 6.06824e+14 1.08653e+06 59 21.2373 20 1.19373
512 3.60288e+16 5.64979e+13 163083 55 19.25 17 1.13915
513 1.80144e+16 4.29298e+13 291716 54 20.0312 18 1.13776
514 3.60288e+16 8.57261e+13 562829 55 21.1807 19 1.32502
515 3.60288e+16 6.78769e+13 88202.6 55 18.5117 16 1.1516
516 4.5036e+15 9.76076e+12 158808 52 18.8877 17 1.14144
517 9.0072e+15 2.36651e+13 160728 53 19.1719 17 1.10526
518 9.0072e+15 2.04864e+13 157303 53 18.7207 17 1.121
519 5.76461e+17 1.23331e+15 89664 59 18.5908 16 1.11317
520 2.8823e+17 5.01651e+14 56663.2 58 17.8496 15 1.06181
521 1.80144e+16 3.49315e+13 36027 54 16.6123 14 1.05823
522 1.80144e+16 5.23859e+13 555354 54 19.7734 19 1.1617
523 1.80144e+16 3.67541e+13 157341 54 19.418 17 1.13076
524 3.60288e+16 5.96596e+13 53863.3 55 17.5488 15 1.08321
525 1.44115e+17 1.70667e+14 52207.5 57 17.4707 15 1.12826
526 1.80144e+16 4.40689e+13 56292.3 54 18.0176 15 1.0626
527 1.80144e+16 3.69753e+13 54266.1 54 17.9229 15 1.06503
528 3.60288e+16 8.43689e+13 89147.7 55 18.2266 16 1.07097
529 1.44115e+17 1.79903e+14 295478 57 20.1377 18 1.1705
530 2.8823e+17 3.22734e+14 293352 58 19.4043 18 1.1604
531 1.80144e+16 7.08484e+13 91042 54 18.3203 16 1.08713
532 1.44115e+17 1.66454e+14 55117.2 57 18.1846 15 1.14646
533 2.30584e+18 3.06357e+15 158061 61 19.4307 17 1.18397
534 5.76461e+17 1.04698e+15 34110.6 59 17 14 1.13186
535 1.44115e+17 2.60285e+14 54235.2 57 17.0117 15 1.15828
536 1.15292e+18 1.18334e+15 158511 60 18.5527 17 1.17705
537 5.76461e+17 8.10996e+14 1.07843e+06 59 20.8887 20 1.26039
538 1.44115e+17 1.86614e+14 556135 57 19.8809 19 1.2781
539 7.20576e+16 1.2422e+14 156455 56 18.4766 17 1.22755
540 1.44115e+17 3.17868e+14 294309 57 19.75 18 1.20069
541 1.80144e+16 4.91536e+13 292006 54 19.6045 18 1.263
542 1.44115e+17 3.435e+14 92145.3 57 17.9365 16 1.16319
543 7.20576e+16 9.72846e+13 89868.8 56 18.1113 16 1.16406
544 2.30584e+18 2.39213e+15 161635 61 18.874 17 1.19065
545 1.44115e+17 1.64993e+14 1.07744e+06 57 20.4775 20 1.31948
546 9.22337e+18 1.08786e+16 288873 63 19.626 18 1.28135
547 1.15292e+18 1.33356e+15 292499 60 19.9619 18 1.30541
548 5.76461e+17 1.18938e+15 288830 59 19.8779 18 1.32489
549 5.76461e+17 8.13787e+14 550111 59 20.0264 19 1.27556
550 2.8823e+17 5.62143e+14 158919 58 19.1553 17 1.27044
551 1.15292e+18 1.19657e+15 89251.4 60 18.458 16 1.28168
552 1.80144e+16 4.76713e+13 287737 54 19.916 18 1.28876
553 5.76461e+17 9.46414e+14 154600 59 18.8193 17 1.29944
554 3.60288e+16 7.42381e+13 556135 55 19.8076 19 1.2904
555 2.8823e+17 5.40853e+14 288394 58 19.3252 18 1.33356
556 1.80144e+16 4.91786e+13 551814 54 19.6738 19 1.23842
557 3.60288e+16 8.2951e+13 1.08719e+06 55 20.667 20 1.30929
558 2.8823e+17 1.29823e+15 554425 58 20.0889 19 1.27002
559 7.20576e+16 1.5731e+14 553815 56 20.124 19 1.29544
560 2.30584e+18 2.42524e+15 558337 61 20.2314 19 1.24554
561 1.44115e+17 2.77382e+14 293231 57 19.7627 18 1.178
562 3.60288e+16 6.60808e+13 290289 55 19.3896 18 1.18705
563 5.76461e+17 1.41077e+15 4.23699e+06 59 22.2773 22 1.39659
564 9.22337e+18 1.19308e+16 561723 63 20.7148 19 1.30076
565 2.8823e+17 6.29348e+14 2.13737e+06 58 22.2412 21 1.34513
566 1.44115e+17 2.05323e+14 562095 57 20.4414 19 1.2623
567 1.44115e+17 1.91271e+14 558337 57 20.4854 19 1.29242
568 1.44115e+17 3.10336e+14 1.08586e+06 57 21.2207 20 1.38102
569 7.20576e+16 1.27323e+14 160763 56 19.3301 17 1.2287
570 9.22337e+18 9.22606e+15 291467 63 20.1699 18 1.21522
571 9.0072e+15 2.77646e+13 1.08076e+06 53 20.749 20 1.27503
572 9.0072e+15 3.5989e+13 557982 53 19.9551 19 1.28747
573 3.60288e+16 6.68992e+13 295324 55 19.3672 18 1.24731
574 5.76461e+17 1.67246e+15 88484.7 59 17.7217 16 1.14196
575 1.44115e+17 2.53133e+14 158548 57 18.1934 17 1.17223
576 1.44115e+17 1.75779e+14 157188 57 18.1982 17 1.16914
577 4.61169e+18 4.74104e+15 293593 62 19.1689 18 1.22472
578 4.61169e+18 5.08854e+15 2.13928e+06 62 21.5137 21 1.26128
579 1.44115e+17 3.62438e+14 8.44544e+06 57 23.165 23 1.35913
580 3.60288e+16 1.04633e+14 557536 55 19.8691 19 1.25683
581 7.20576e+16 1.45151e+14 2.13611e+06 56 20.8799 21 1.28196
582 3.68935e+19 4.51209e+16 2.1351e+06 65 21.6621 21 1.26979
583 7.20576e+16 1.32562e+14 1.0861e+06 56 20.71 20 1.26387
584 1.44115e+17 4.82295e+14 562464 57 20.1387 19 1.26239
585 2.8823e+17 4.71916e+14 556726 58 19.9844 19 1.23069
586 7.20576e+16 1.74615e+14 556135 56 19.9854 19 1.21267
587 5.76461e+17 9.28635e+14 288351 59 19.0293 18 1.21951
588 1.80144e+16 5.95364e+13 86876.4 54 18.4141 16 1.20115
589 7.20576e+16 1.18669e+14 91889.1 56 18.5762 16 1.16132
590 2.30584e+18 2.378e+15 158362 61 19.4688 17 1.22593
591 2.8823e+17 6.41383e+14 556135 58 20.0078 19 1.26539
592 5.76461e+17 1.44564e+15 288916 59 19.8701 18 1.34892
593 1.15292e+18 1.36431e+15 87954.4 60 18.5322 16 1.26158
594 2.8823e+17 4.22345e+14 162819 58 19.54 17 1.20597
595 4.61169e+18 4.97923e+15 85738.8 62 18.3828 16 1.16713
596 5.76461e+17 7.75557e+14 289906 59 19.4844 18 1.25905
597 2.8823e+17 4.55415e+14 158919 58 19.1768 17 1.20517
598 3.60288e+16 1.63102e+14 292947 55 19.873 18 1.25207
599 7.20576e+16 2.0639e+14 89800.6 56 19.0742 16 1.18368
600 2.30584e+18 3.0979e+15 90577.1 61 18.792 16 1.27653
601 1.80144e+16 7.67793e+13 48630.3 54 16.6543 15 1.20039
602 5.76461e+17 7.20188e+14 25450.3 59 16.0527 13 1.14378
603 7.20576e+16 1.83159e+14 89698.2 56 18.2812 16 1.22116
604 1.44115e+17 3.88269e+14 52980.4 57 17.4619 15 1.16863
605 2.8823e+17 3.24601e+14 33590.4 58 16.3652 14 1.06046
606 1.44115e+17 3.1431e+14 88484.7 57 18.1104 16 1.14087
607 1.44115e+17 2.26072e+14 35512.1 57 16.9521 14 1.11914
608 3.60288e+16 1.57314e+14 53361.4 55 17.6768 15 1.13904
609 1.15292e+18 1.76714e+15 37178.2 60 17.7119 14 1.13637
610 2.30584e+18 2.63063e+15 155515 61 18.7939 17 1.14494
611 7.20576e+16 2.23874e+14 291550 56 19.374 18 1.20306
612 1.15292e+18 1.43728e+15 162686 60 19.29 17 1.21064
613 4.61169e+18 4.86474e+15 31249.1 62 16.5645 14 1.16557
614 2.8823e+17 4.47159e+14 288960 58 19.8633 18 1.17223
615 9.22337e+18 9.09148e+15 88660.1 63 17.8516 16 1.18383
616 1.15292e+18 1.53569e+15 2.13769e+06 60 21.5898 21 1.3617
617 9.0072e+15 5.05673e+13 547826 53 19.6689 19 1.25234
618 7.20576e+16 1.16323e+14 295747 56 19.9746 18 1.24456
619 3.60288e+16 1.09187e+14 158771 55 18.7471 17 1.17011
620 1.80144e+16 1.26483e+14 161219 54 19.1855 17 1.1988
621 9.0072e+15 6.29821e+13 93786.7 53 18.1016 16 1.12982
622 5.76461e+17 7.4404e+14 54480.9 59 17.6016 15 1.09605
623 5.76461e+17 7.77921e+14 160974 59 19.4062 17 1.19576
624 2.8823e+17 6.6531e+14 562382 58 20.4951 19 1.22396
625 1.15292e+18 1.60832e+15 291216 60 19.7773 18 1.21865
626 5.76461e+17 1.0033e+15 295517 59 20.2031 18 1.24547
627 5.76461e+17 1.1572e+15 55915.9 59 18.7764 15 1.19908
628 2.30584e+18 5.74083e+15 557088 61 20.5156 19 1.23562
629 1.44115e+17 3.89435e+14 1.08248e+06 57 20.4521 20 1.25509
630 5.76461e+17 8.12022e+14 291133 59 19.4043 18 1.2415
631 1.84467e+19 1.85297e+16 295478 64 19.9531 18 1.26651
632 1.84467e+19 2.38959e+16 2.13964e+06 64 21.8545 21 1.32532
633 9.22337e+18 1.99692e+16 4.2389e+06 63 22.6289 22 1.39364
634 7.3787e+19 7.34743e+16 1.08412e+06 66 21.2305 20 1.32743
635 1.47574e+20 2.19575e+17 2.13403e+06 67 21.7598 21 1.32635
636 9.22337e+18 1.13089e+16 8.43403e+06 63 23.0557 23 1.46004
637 4.61169e+18 7.81148e+15 1.08533e+06 62 21.3867 20 1.39534
638 3.68935e+19 3.70115e+16 563272 65 21.1445 19 1.36927
639 2.30584e+18 6.16953e+15 1.08357e+06 61 21.5635 20 1.34636
640 1.47574e+20 1.54764e+17 559820 67 21.1816 19 1.35577
641 4.61169e+18 5.18767e+15 1.08558e+06 62 21.2939 20 1.38736
642 2.30584e+18 3.78842e+15 4.23545e+06 61 22.3809 22 1.46126
643 3.68935e+19 3.84526e+16 1.08582e+06 65 21.0381 20 1.33923
644 4.61169e+18 5.72947e+15 2.14114e+06 62 22.209 21 1.34346
645 4.61169e+18 1.42078e+16 2.14109e+06 62 22.0547 21 1.36503
646 3.68935e+19 5.1415e+16 1.07765e+06 65 20.9531 20 1.34437
647 1.18059e+21 1.16027e+18 560035 70 21.1289 19 1.32099
648 7.3787e+19 7.78334e+16 558864 66 21.2812 19 1.34691
649 1.47574e+20 1.51529e+17 1.08845e+06 67 21.4102 20 1.37412
650 1.15292e+18 1.88711e+15 6.71754e+07 60 26.1279 26 1.66856
651 9.22337e+18 1.09917e+16 6.71668e+07 63 25.9883 26 1.63265
652 3.68935e+19 4.69792e+16 2.13521e+06 65 22.1777 21 1.53202
653 3.68935e+19 3.90573e+16 4.24185e+06 65 23.9814 22 1.59274
654 4.61169e+18 1.507e+16 4.24055e+06 62 23.7266 22 1.55735
655 1.84467e+19 2.82317e+16 2.13034e+06 64 22.8691 21 1.48404
656 7.3787e+19 8.24782e+16 8.43692e+06 66 23.9297 23 1.62053
657 7.3787e+19 8.18424e+16 6.71697e+07 66 25.2207 26 1.58426
658 2.30584e+18 5.25468e+15 1.68294e+07 61 24.5879 24 1.5055
659 5.76461e+17 1.92057e+15 4.24339e+06 59 23.1191 22 1.45299
660 1.18059e+21 1.1753e+18 4.23929e+06 70 23.0205 22 1.40883
661 9.22337e+18 1.24113e+16 4.2336e+06 63 23.127 22 1.45409
662 3.68935e+19 4.96972e+16 4.22693e+06 65 22.7627 22 1.47475
663 1.84467e+19 2.86939e+16 1.08973e+06 64 22.1494 20 1.38963
664 5.76461e+17 1.31447e+15 1.6823e+07 59 24.4648 24 1.51659
665 2.30584e+18 3.90362e+15 4.23063e+06 61 22.9941 22 1.45641
666 9.22337e+18 1.34606e+16 288612 63 21.335 18 1.45909
667 4.61169e+18 5.696e+15 8.43055e+06 62 23.9688 23 1.53622
668 9.22337e+18 1.04123e+16 3.36036e+07 63 24.8896 25 1.6413
669 4.61169e+18 6.98464e+15 282790 62 20.4062 18 1.44238
670 3.68935e+19 3.72775e+16 152359 65 20.2021 17 1.39418
671 7.3787e+19 7.31787e+16 12144.3 66 16.8271 11 1.24206
672 4.61169e+18 4.97886e+15 16236.2 62 17.4287 12 1.2823
673 5.76461e+17 2.69517e+15 84351.2 59 19.4561 16 1.37453
674 1.84467e+19 3.78106e+16 48630.3 64 18.7354 15 1.30922
675 1.47574e+20 1.63461e+17 56804.4 67 18.4365 15 1.34575
676 1.18059e+21 1.15703e+18 86912.7 70 19.3496 16 1.31048
677 7.3787e+19 9.43307e+16 285910 66 20.583 18 1.33846
678 2.95148e+20 4.10559e+17 157111 68 20.2441 17 1.40903
679 2.30584e+18 3.22423e+15 161219 61 20.4043 17 1.37942
680 1.47574e+20 1.91827e+17 285003 67 20.6943 18 1.39246
681 2.30584e+18 4.88903e+15 289778 61 20.8223 18 1.41373
682 2.30584e+18 3.44733e+15 291882 61 21.0527 18 1.38199
683 4.61169e+18 7.01682e+15 158362 62 20.7939 17 1.35996
684 7.3787e+19 1.04848e+17 91107.9 66 20.3037 16 1.38036
685 5.90296e+20 5.84133e+17 553343 69 21.3818 19 1.45242
686 1.18059e+21 1.15898e+18 8.42782e+06 70 24.2021 23 1.58826
687 9.22337e+18 2.45032e+16 563472 63 22.0645 19 1.50144
688 3.77789e+22 3.93965e+19 2.13473e+06 75 22.6133 21 1.57945
689 1.18059e+21 1.2138e+18 2.13173e+06 70 22.4092 21 1.61415
690 4.72237e+21 5.30293e+18 83932.7 72 19.5312 16 1.39395
691 7.3787e+19 1.02386e+17 1.08142e+06 66 21.8311 20 1.42028
692 1.47574e+20 2.43533e+17 2.12768e+06 67 22.0967 21 1.55398
693 1.18059e+21 1.49157e+18 1.08653e+06 70 22.5762 20 1.59679
694 9.22337e+18 2.85633e+16 4.23551e+06 63 24.2744 22 1.63546
695 9.44473e+21 9.25509e+18 4.22637e+06 73 23.042 22 1.59792
696 9.44473e+21 9.83702e+18 4.2394e+06 73 23.9697 22 1.58872
697 3.68935e+19 9.97897e+16 4.24088e+06 65 23.5586 22 1.53193
698 2.36118e+21 3.13382e+18 8.42562e+06 71 24.3838 23 1.5585
699 4.72237e+21 5.36286e+18 2.13887e+06 72 23.0938 21 1.53598
700 1.47574e+20 2.68634e+17 558248 67 22.1455 19 1.54575
701 7.55579e+22 7.41208e+19 8.42266e+06 76 25.0137 23 1.60458
702 7.3787e+19 1.47571e+17 3.36049e+07 66 25.8164 25 1.70472
703 1.84467e+19 4.57442e+16 1.08056e+06 64 21.9434 20 1.54695
704 1.47574e+20 1.93233e+17 2.12876e+06 67 22.6611 21 1.53528
705 1.47574e+20 1.74869e+17 4.23968e+06 67 23.8311 22 1.57485
706 1.47574e+20 4.08146e+17 4.2394e+06 67 23.5098 22 1.55581
707 7.3787e+19 1.80971e+17 2.13256e+06 66 22.3291 21 1.5296
708 1.47574e+20 2.40784e+17 4.23069e+06 67 23.1758 22 1.54245
709 1.84467e+19 4.03132e+16 2.13548e+06 64 22.8047 21 1.53785
710 3.68935e+19 7.48629e+16 4.23574e+06 65 22.9707 22 1.5343
711 1.47574e+20 2.23262e+17 4.2323e+06 67 23.2578 22 1.53628
712 5.90296e+20 7.26074e+17 2.1469e+06 69 22.584 21 1.51688
713 4.72237e+21 4.75361e+18 557626 72 21.335 19 1.48445
714 2.95148e+20 3.30409e+17 548127 68 21.1318 19 1.44493
715 4.72237e+21 5.07811e+18 290374 72 21.1377 18 1.4916
716 2.41785e+24 2.36138e+21 55740.4 81 19.167 15 1.41918
717 1.47574e+20 2.91215e+17 35429.9 67 17.9551 14 1.40473
718 4.72237e+21 4.67825e+18 153794 72 20.0625 17 1.37363
719 1.47574e+20 3.33316e+17 88869.7 67 19.6396 16 1.4654
720 1.88895e+22 1.8526e+19 89970.7 74 19.2969 16 1.39635
721 9.44473e+21 1.14185e+19 294858 73 21.4492 18 1.5005
722 2.95148e+20 3.56334e+17 158511 68 20.333 17 1.44788
723 7.3787e+19 3.24516e+17 151944 66 19.7002 17 1.42956
724 2.95148e+20 6.641e+17 287029 68 20.2803 18 1.45124
725 1.47574e+20 4.71851e+17 159470 67 20.5332 17 1.41585
726 1.88895e+22 2.65322e+19 157797 74 20.7568 17 1.4769
727 2.36118e+21 2.31032e+18 85849.9 71 19.2637 16 1.41321
728 2.95148e+20 4.54151e+17 149661 68 20.249 17 1.3562
729 1.47574e+20 2.61963e+17 1.08357e+06 67 22.5918 20 1.52199
730 5.90296e+20 8.41026e+17 558996 69 22.1162 19 1.54169
731 2.36118e+21 4.6612e+18 8.42595e+06 71 24.0967 23 1.57113
732 7.3787e+19 1.21737e+17 288525 66 20.0947 18 1.46252
733 4.72237e+21 5.81197e+18 1.08188e+06 72 21.3564 20 1.42019
734 4.8357e+24 4.74615e+21 4.23868e+06 82 24.1045 22 1.55437
735 4.72237e+21 5.58213e+18 8.42503e+06 72 25.6855 23 1.80841
736 2.36118e+21 4.00625e+18 8.42464e+06 71 24.7754 23 1.66766
737 7.55579e+22 8.55981e+19 4.23307e+06 76 24.1475 22 1.70621
738 3.77789e+22 4.17991e+19 8.43787e+06 75 24.8281 23 1.67238
739 1.51116e+23 1.48841e+20 2.13923e+06 77 23.4023 21 1.65411
740 4.72237e+21 5.18159e+18 1.68216e+07 72 25.5781 24 1.7679
741 9.44473e+21 1.34839e+19 8.43143e+06 73 25.4111 23 1.73858
742 4.72237e+21 5.08177e+18 555815 72 22.2363 19 1.66143
743 3.77789e+22 3.99033e+19 1.68228e+07 75 25.3779 24 1.76045
744 1.18059e+21 2.26669e+18 8.42859e+06 70 25.7969 23 1.81247
745 2.36118e+21 2.90448e+18 1.08387e+06 71 22.6494 20 1.66069
746 2.36118e+21 2.58237e+18 4.23389e+06 71 24.3701 22 1.76098
747 1.88895e+22 1.91714e+19 2.1319e+06 74 23.3555 21 1.62262
748 7.3787e+19 3.19976e+17 4.24023e+06 66 24.2676 22 1.71106
749 1.47574e+20 3.58533e+17 2.13073e+06 67 23.127 21 1.60086
750 5.90296e+20 1.35156e+18 2.13979e+06 69 23.8438 21 1.73265
751 2.36118e+21 2.55774e+18 1.08357e+06 71 23.0127 20 1.60609
752 2.36118e+21 3.28901e+18 8.43105e+06 71 25.2812 23 1.81392
753 1.18059e+21 1.93201e+18 3.36047e+07 70 26.5459 25 1.88302
754 1.18059e+21 3.02163e+18 6.7163e+07 70 27.8945 26 1.98053
755 9.44473e+21 1.97991e+19 3.35988e+07 73 26.3174 25 1.9052
756 4.72237e+21 7.47305e+18 2.6848e+08 72 29.3672 28 2.06291
757 3.77789e+22 4.67469e+19 6.71517e+07 75 27.0693 26 1.91304
758 3.02231e+23 3.46414e+20 2.68504e+08 78 30.1328 28 2.10235
759 5.90296e+20 1.45391e+18 1.34274e+08 69 28.374 27 2.08127
760 1.88895e+22 3.7782e+19 6.71654e+07 74 28.1309 26 2.11903
761 2.47588e+27 2.42753e+24 3.36039e+07 91 27.9941 25 2.03561
762 1.51116e+23 1.717e+20 1.6826e+07 77 27.9658 24 2.03466
763 7.55579e+22 1.75555e+20 3.35953e+07 76 26.8379 25 1.97668
764 1.51116e+23 2.16895e+20 6.71753e+07 77 28.9355 26 2.02445
765 6.1897e+26 6.06944e+23 1.34279e+08 89 29.9648 27 2.11488
766 7.73713e+25 7.56202e+22 6.7171e+07 86 29.8652 26 2.13158
767 2.41785e+24 4.97635e+21 1.68303e+07 81 28.1484 24 2.05817
768 3.02231e+23 6.51313e+20 6.71636e+07 78 28.7031 26 2.14409
769 6.04463e+23 9.34869e+20 2.13228e+06 79 25.2441 21 1.968
770 1.51116e+23 2.44345e+20 8.43963e+06 77 27.332 23 1.94641
771 9.44473e+21 4.19816e+19 3.35958e+07 73 27.8008 25 2.14977
772 3.09485e+26 3.04742e+23 8.42523e+06 88 26.459 23 1.94393
773 6.04463e+23 1.30347e+21 2.12653e+06 79 25.5635 21 2.01532
774 6.04463e+23 7.11712e+20 1.07849e+06 79 24.8906 20 1.96437
775 1.93428e+25 1.93555e+22 4.23511e+06 84 26.4473 22 2.0469
776 1.54743e+26 1.51602e+23 4.23551e+06 87 27.002 22 1.9737
777 3.09485e+26 3.02321e+23 553863 88 24.4492 19 2.05334
778 3.09485e+26 3.16009e+23 4.22531e+06 88 26.9219 22 1.9589
779 3.09485e+26 3.13433e+23 153019 88 22.7285 17 1.91114
780 4.8357e+24 1.448e+22 1.34256e+08 82 29.3926 27 2.19181
781 3.86856e+25 3.87474e+22 1.68182e+07 85 27.7656 24 2.05563
782 3.02231e+23 7.46281e+20 2.68484e+08 78 30.6113 28 2.1264
783 1.93428e+25 4.29537e+22 1.07382e+09 84 31.3281 30 2.17154
784 7.73713e+25 1.15927e+23 1.07383e+09 86 31.1484 30 2.14041
785 2.47588e+27 3.68403e+24 8.59004e+09 91 33.3213 33 2.24826
786 7.92282e+28 7.79944e+25 2.68504e+08 96 31.2578 28 2.16349
787 7.92282e+28 1.55322e+26 2.68489e+08 96 31.5596 28 2.19888
788 4.95176e+27 4.84147e+24 8.43043e+06 92 27.6182 23 2.04278
789 4.8357e+24 1.41481e+22 1.68196e+07 82 27.9229 24 2.03733
790 1.9807e+28 2.90275e+25 1.68218e+07 94 28.2012 24 1.92641
791 7.92282e+28 8.79756e+25 1.68218e+07 96 28.7646 24 2.05245
792 7.92282e+28 1.27805e+26 2.68485e+08 96 32.3623 28 2.27733
793 7.92282e+28 4.2295e+26 5.36948e+08 96 33.5586 29 2.3386
794 7.92282e+28 8.82186e+25 2.68491e+08 96 32.0137 28 2.25041
795 7.92282e+28 2.33188e+26 2.68483e+08 96 32.2207 28 2.25624
796 7.92282e+28 2.35964e+26 5.36917e+08 96 32.8672 29 2.25037
797 7.92282e+28 9.83471e+25 1.34266e+08 96 30.7764 27 2.21753
798 7.92282e+28 1.56164e+26 5.3695e+08 96 32.7578 29 2.29104
799 7.92282e+28 1.62485e+26 2.68497e+08 96 31.7188 28 2.29291
800 7.92282e+28 3.23016e+26 5.36923e+08 96 33.2256 29 2.39256
801 7.92282e+28 1.92598e+26 5.36935e+08 96 32.2695 29 2.36445
802 7.92282e+28 3.40341e+26 1.07381e+09 96 34.0244 30 2.39927
803 7.92282e+28 2.98381e+26 2.68493e+08 96 32.5654 28 2.43835
804 7.92282e+28 3.07812e+26 1.07379e+09 96 33.4883 30 2.40268
805 7.92282e+28 1.65049e+26 1.34261e+08 96 30.627 27 2.17871
806 7.92282e+28 1.82409e+26 2.68501e+08 96 32.5645 28 2.33116
807 7.92282e+28 9.07378e+25 2.68473e+08 96 31.8516 28 2.25599
808 7.92282e+28 3.9737e+26 2.68509e+08 96 32.5176 28 2.24928
809 7.92282e+28 3.10644e+26 6.71664e+07 96 30.7969 26 2.33313
810 7.92282e+28 9.98162e+25 3.36137e+07 96 29.5791 25 2.18123
811 7.92282e+28 3.31325e+26 2.14756e+09 96 34.3945 31 2.32633
812 7.92282e+28 3.18068e+26 1.34291e+08 96 31.1113 27 2.31425
813 7.92282e+28 1.70445e+26 3.36077e+07 96 30.1348 25 2.2611
814 7.92282e+28 2.58317e+26 1.34282e+08 96 31.2129 27 2.14956
815 7.92282e+28 2.60188e+26 1.34282e+08 96 31.375 27 2.18069
816 7.92282e+28 7.03942e+26 5.36917e+08 96 33.1982 29 2.35882
817 7.92282e+28 9.36694e+25 6.71685e+07 96 30.0029 26 2.14742
818 7.92282e+28 1.9911e+26 2.14757e+09 96 33.5811 31 2.31929
819 7.92282e+28 4.07176e+26 8.59002e+09 96 33.79 33 2.38941
820 2.47588e+27 2.68788e+24 1.34283e+08 91 29.7998 27 2.11212
821 1.9807e+28 2.9938e+25 2.68489e+08 94 31.2051 28 2.26595
822 6.1897e+26 8.44348e+23 4.29504e+09 89 32.6025 32 2.35087
823 7.92282e+28 1.54921e+26 2.14756e+09 96 32.3408 31 2.25911
824 7.92282e+28 1.68063e+26 5.36943e+08 96 31.1572 29 2.26454
825 7.92282e+28 1.83751e+26 1.07382e+09 96 32.2051 30 2.19975
826 7.92282e+28 1.86765e+26 5.36931e+08 96 32.2793 29 2.26471
827 7.92282e+28 3.94576e+26 4.29506e+09 96 33.71 32 2.41849
828 7.92282e+28 4.11325e+26 5.36951e+08 96 32.208 29 2.31205
829 7.92282e+28 5.79951e+26 4.29504e+09 96 34.8262 32 2.40911
830 7.92282e+28 2.6111e+26 5.36934e+08 96 33.1758 29 2.31333
831 7.92282e+28 3.18328e+26 2.68499e+08 96 32.3867 28 2.3239
832 7.92282e+28 1.52557e+26 2.68493e+08 96 32.3457 28 2.29778
833 7.92282e+28 3.47829e+26 1.07382e+09 96 33.8418 30 2.43936
834 7.92282e+28 3.26022e+26 5.36937e+08 96 32.7832 29 2.29773
835 7.92282e+28 3.29572e+26 6.71692e+07 96 30.916 26 2.1684
836 7.92282e+28 4.00975e+26 1.34279e+08 96 31.3848 27 2.25008
837 7.92282e+28 2.10305e+26 6.71527e+07 96 30.6934 26 2.19258
838 7.92282e+28 5.33223e+26 5.36937e+08 96 34.1729 29 2.45022
839 7.92282e+28 4.99392e+26 5.36939e+08 96 33.7725 29 2.36968
840 7.92282e+28 5.4635e+26 5.36923e+08 96 32.2168 29 2.27864
841 7.92282e+28 3.42919e+26 2.68493e+08 96 31.9629 28 2.40363
842 7.92282e+28 3.2017e+26 1.07381e+09 96 32.6943 30 2.23897
843 7.92282e+28 1.17984e+26 2.68511e+08 96 31.8857 28 2.30261
844 7.92282e+28 1.65968e+26 5.36944e+08 96 32.6387 29 2.26451
845 7.92282e+28 8.70876e+25 2.68492e+08 96 31.1035 28 2.27615
846 7.92282e+28 4.91914e+26 4.29507e+09 96 35.1504 32 2.40522
847 7.92282e+28 3.7364e+26 4.29506e+09 96 34.832 32 2.39155
848 7.92282e+28 6.22072e+26 2.68499e+08 96 31.8867 28 2.26621
849 7.92282e+28 9.54585e+26 6.71694e+07 96 31.0605 26 2.35281
850 7.92282e+28 7.34361e+26 5.36924e+08 96 32.3076 29 2.37179
851 7.92282e+28 6.49414e+26 5.36934e+08 96 32.0518 29 2.23802
852 7.92282e+28 5.35128e+26 2.6849e+08 96 31.1025 28 2.18183
853 7.92282e+28 6.52207e+26 1.0738e+09 96 32.2959 30 2.22992
854 7.92282e+28 3.87537e+26 2.68495e+08 96 31.2031 28 2.32058
855 7.92282e+28 3.99861e+26 3.36032e+07 96 29.6133 25 2.25363
856 7.92282e+28 5.00872e+26 5.36928e+08 96 33.373 29 2.26493
857 7.92282e+28 1.74027e+26 6.71689e+07 96 30.1377 26 2.24894
858 7.92282e+28 3.13044e+26 6.71708e+07 96 29.7432 26 2.12204
859 7.92282e+28 4.46772e+26 5.36939e+08 96 32.3213 29 2.27877
860 7.92282e+28 5.22172e+26 5.36933e+08 96 32.9482 29 2.44661
861 7.92282e+28 2.48845e+26 2.68504e+08 96 31.4834 28 2.26688
862 7.92282e+28 3.31776e+26 3.36017e+07 96 28.8193 25 2.11962
863 7.92282e+28 8.19866e+26 1.34291e+08 96 31.5537 27 2.23638
864 7.92282e+28 4.11736e+26 1.34265e+08 96 30.0635 27 2.14046
865 7.92282e+28 4.8773e+26 2.68492e+08 96 31.6494 28 2.3031
866 7.92282e+28 5.86325e+26 6.71584e+07 96 29.4736 26 2.14133
867 7.92282e+28 1.73628e+26 1.34263e+08 96 29.666 27 2.15832
868 7.92282e+28 2.89881e+26 8.42543e+06 96 27.7998 23 2.0255
869 7.92282e+28 5.54132e+26 6.71642e+07 96 29.5547 26 2.14288
870 7.92282e+28 4.70804e+26 3.36056e+07 96 28.2031 25 2.13827
871 7.92282e+28 2.52406e+26 3.35864e+07 96 27.4385 25 1.95241
872 7.92282e+28 1.65233e+26 1.68151e+07 96 27.5547 24 2.03344
873 7.92282e+28 5.14777e+26 6.71765e+07 96 31.2256 26 2.2858
874 7.92282e+28 3.41954e+26 1.68223e+07 96 28.8018 24 2.10769
875 7.92282e+28 5.24788e+26 1.68192e+07 96 27.9863 24 2.05104
876 7.92282e+28 1.71126e+26 3.35946e+07 96 27.8789 25 1.99818
877 7.92282e+28 4.89242e+26 1.34265e+08 96 30.001 27 2.14509
878 7.92282e+28 5.0794e+26 8.42992e+06 96 27.6553 23 2.03765
879 7.92282e+28 7.20597e+26 6.71661e+07 96 29.2021 26 2.06822
880 7.92282e+28 3.40925e+26 3.36057e+07 96 29.1357 25 2.20258
881 7.92282e+28 4.32433e+26 4.23918e+06 96 26.9307 22 2.02875
882 7.92282e+28 3.50796e+26 6.71603e+07 96 28.9785 26 2.05824
883 7.92282e+28 4.47645e+26 6.71628e+07 96 29.332 26 2.07169
884 7.92282e+28 2.32128e+26 1.68196e+07 96 27.9902 24 2.06853
885 7.92282e+28 4.29757e+26 3.35938e+07 96 28.3242 25 1.98187
886 7.92282e+28 1.58766e+26 3.36053e+07 96 28.2637 25 2.01525
887 7.92282e+28 7.34697e+26 5.36935e+08 96 33.3848 29 2.30351
888 7.92282e+28 4.26739e+26 1.34281e+08 96 31.5127 27 2.37193
889 7.92282e+28 9.06247e+26 1.34276e+08 96 31.0332 27 2.31764
890 7.92282e+28 7.20518e+26 5.36931e+08 96 32.0938 29 2.33879
891 7.92282e+28 1.00922e+27 4.29506e+09 96 35.0703 32 2.47878
892 7.92282e+28 6.48059e+26 2.14755e+09 96 33.666 31 2.36938
893 7.92282e+28 1.1502e+27 4.29504e+09 96 35.0713 32 2.50309
894 7.92282e+28 7.17439e+26 2.14755e+09 96 34.6797 31 2.51076
895 7.92282e+28 7.11003e+26 1.71799e+10 96 35.1543 34 2.51685
896 7.92282e+28 6.98506e+26 2.14756e+09 96 33.9092 31 2.40193
897 7.92282e+28 5.89442e+26 8.58999e+09 96 34.6826 33 2.47775
898 7.92282e+28 8.52386e+26 1.71799e+10 96 35.8955 34 2.55583
899 7.92282e+28 8.0618e+26 2.14756e+09 96 33.623 31 2.42773
900 7.92282e+28 9.37429e+26 1.71799e+10 96 35.6562 34 2.52365
901 7.92282e+28 2.72036e+26 2.14757e+09 96 34.1152 31 2.45183
902 7.92282e+28 7.84522e+26 2.14756e+09 96 33.6309 31 2.42158
903 7.92282e+28 7.47981e+26 5.36933e+08 96 32.5166 29 2.39586
904 7.92282e+28 4.83821e+26 8.59003e+09 96 34.7812 33 2.53404
905 7.92282e+28 4.34701e+26 4.29504e+09 96 33.7373 32 2.40759
906 7.92282e+28 4.86696e+26 8.59002e+09 96 33.4717 33 2.4099
907 7.92282e+28 4.93349e+26 1.07382e+09 96 32.1279 30 2.38427
908 7.92282e+28 5.80491e+26 2.14756e+09 96 33.1084 31 2.4335
909 7.92282e+28 4.42974e+26 5.36949e+08 96 31.5527 29 2.32924
910 7.92282e+28 7.18881e+26 5.36938e+08 96 31.793 29 2.2753
911 7.92282e+28 5.56703e+26 1.07381e+09 96 32.7705 30 2.34868
912 7.92282e+28 1.02227e+27 8.59002e+09 96 34.5537 33 2.45863
913 7.92282e+28 7.1097e+26 4.29504e+09 96 33.0986 32 2.4256
914 7.92282e+28 1.75603e+26 4.29506e+09 96 33.4307 32 2.44983
915 7.92282e+28 8.70129e+26 6.87196e+10 96 37.4277 36 2.59464
916 7.92282e+28 6.20047e+26 6.87196e+10 96 38.2139 36 2.75357
917 7.92282e+28 8.70627e+26 3.43598e+10 96 37.3408 35 2.59578
918 7.92282e+28 1.0101e+27 4.29504e+09 96 34.5576 32 2.54868
919 7.92282e+28 8.85653e+26 2.14753e+09 96 33.8125 31 2.50102
920 7.92282e+28 9.11182e+26 1.71799e+10 96 35.0264 34 2.52018
921 7.92282e+28 5.0761e+26 1.718e+10 96 35.7129 34 2.54463
922 7.92282e+28 9.3177e+26 2.14756e+09 96 33.9092 31 2.41539
923 7.92282e+28 7.2469e+26 8.59002e+09 96 34.7539 33 2.53914
924 7.92282e+28 8.66037e+26 6.87196e+10 96 37.8594 36 2.61445
925 7.92282e+28 1.50146e+27 1.71799e+10 96 35.7363 34 2.56785
926 7.92282e+28 8.3656e+26 1.71799e+10 96 35.4346 34 2.59738
927 7.92282e+28 5.11672e+26 1.71799e+10 96 34.4482 34 2.49921
928 7.92282e+28 7.67722e+26 5.36952e+08 96 34.0977 29 2.52295
929 7.92282e+28 6.91615e+26 1.718e+10 96 35.5781 34 2.6056
930 7.92282e+28 1.00939e+27 4.29505e+09 96 34.6699 32 2.51704
931 7.92282e+28 1.18651e+27 2.14755e+09 96 34.5771 31 2.42659
932 7.92282e+28 8.16934e+26 1.07381e+09 96 32.9004 30 2.39687
933 7.92282e+28 1.06352e+27 5.36916e+08 96 32.1143 29 2.32649
934 7.92282e+28 9.83702e+26 4.29503e+09 96 33.791 32 2.41109
935 7.92282e+28 2.94049e+26 2.14757e+09 96 33.2197 31 2.38646
936 7.92282e+28 3.55328e+26 1.07382e+09 96 33.207 30 2.46773
937 7.92282e+28 4.30817e+26 5.36948e+08 96 32.2109 29 2.39037
938 7.92282e+28 6.87641e+26 2.14756e+09 96 34.3965 31 2.41161
939 7.92282e+28 4.57203e+26 2.14756e+09 96 33.5977 31 2.41069
940 7.92282e+28 8.59559e+26 4.29502e+09 96 34.3105 32 2.50253
941 7.92282e+28 9.15017e+26 2.68493e+08 96 31.4238 28 2.30896
942 7.92282e+28 5.4261e+26 2.14756e+09 96 33.6826 31 2.39735
943 7.92282e+28 9.62282e+26 1.07382e+09 96 33.498 30 2.55412
944 7.92282e+28 9.85061e+26 4.29505e+09 96 34.8955 32 2.50163
945 7.92282e+28 8.5763e+26 2.14757e+09 96 34.0781 31 2.52758
946 7.92282e+28 5.18506e+26 1.718e+10 96 36.1709 34 2.58763
947 7.92282e+28 4.31309e+26 1.718e+10 96 36.1172 34 2.5798
948 7.92282e+28 4.77136e+26 3.43598e+10 96 37.5664 35 2.65598
949 7.92282e+28 6.33015e+26 4.29505e+09 96 35.1074 32 2.51526
950 7.92282e+28 9.02305e+26 4.29502e+09 96 35.3779 32 2.50286
951 7.92282e+28 6.42929e+26 3.43598e+10 96 37.5781 35 2.68173
952 7.92282e+28 1.10609e+27 3.43598e+10 96 37.9316 35 2.7035
953 7.92282e+28 5.79745e+26 8.59001e+09 96 35.4717 33 2.53069
954 7.92282e+28 8.42547e+26 8.59e+09 96 35.6201 33 2.52279
955 7.92282e+28 6.90801e+26 8.59004e+09 96 36.3936 33 2.64379
956 7.92282e+28 1.20816e+27 8.59002e+09 96 35.9033 33 2.5549
957 7.92282e+28 8.70881e+26 8.59002e+09 96 36.3672 33 2.58733
958 7.92282e+28 1.04108e+27 8.59001e+09 96 35.7129 33 2.72232
959 7.92282e+28 1.12833e+27 1.71799e+10 96 36.2979 34 2.60486
960 7.92282e+28 7.23402e+26 1.71799e+10 96 36.125 34 2.62433
961 7.92282e+28 1.45421e+27 1.71799e+10 96 36.7217 34 2.60732
962 7.92282e+28 1.06869e+27 8.59002e+09 96 35.7715 33 2.53221
963 7.92282e+28 7.93053e+26 8.59003e+09 96 35.9121 33 2.68797
964 7.92282e+28 1.13272e+27 2.14756e+09 96 35.2158 31 2.57109
965 7.92282e+28 6.58545e+26 1.07382e+09 96 34.4082 30 2.63429
966 7.92282e+28 4.73754e+26 8.59002e+09 96 35.3164 33 2.51907
967 7.92282e+28 1.09085e+27 1.718e+10 96 36.6064 34 2.58621
968 7.92282e+28 1.05019e+27 2.14756e+09 96 34.6895 31 2.45415
969 7.92282e+28 7.94774e+26 1.718e+10 96 35.9297 34 2.56488
970 7.92282e+28 7.37779e+26 4.29506e+09 96 35.7783 32 2.52404
971 7.92282e+28 1.01012e+27 1.718e+10 96 36.2188 34 2.55373
972 7.92282e+28 1.10619e+27 8.59003e+09 96 36.2441 33 2.49972
973 7.92282e+28 1.23421e+27 2.14757e+09 96 34.7803 31 2.48917
974 7.92282e+28 7.79376e+26 4.29505e+09 96 35.0723 32 2.54173
975 7.92282e+28 9.39397e+26 5.36939e+08 96 33.9941 29 2.5999
976 7.92282e+28 1.30054e+27 2.68506e+08 96 33.0645 28 2.37241
977 7.92282e+28 6.74241e+26 5.36947e+08 96 32.7812 29 2.37339
978 7.92282e+28 9.95833e+26 2.14756e+09 96 34.9785 31 2.4905
979 7.92282e+28 8.12317e+26 1.07382e+09 96 33.0039 30 2.30344
980 7.92282e+28 8.24272e+26 4.29504e+09 96 33.9082 32 2.49452
981 7.92282e+28 6.02744e+26 1.07383e+09 96 32.4375 30 2.38392
982 7.92282e+28 1.0654e+27 4.29505e+09 96 34.6855 32 2.36548
983 7.92282e+28 4.95118e+26 4.29503e+09 96 33.8281 32 2.46957
984 7.92282e+28 6.73971e+26 5.36937e+08 96 32.5361 29 2.39049
985 7.92282e+28 9.00626e+26 2.14755e+09 96 33.5693 31 2.39213
986 7.92282e+28 5.82232e+26 5.3694e+08 96 31.9326 29 2.28233
987 7.92282e+28 9.86133e+26 5.36936e+08 96 33.1338 29 2.41767
988 7.92282e+28 1.06772e+27 2.68497e+08 96 32.0039 28 2.36732
989 7.92282e+28 5.10503e+26 1.07382e+09 96 33.3496 30 2.49187
990 7.92282e+28 1.23569e+27 8.59e+09 96 35.1641 33 2.46976
991 7.92282e+28 1.7605e+27 8.59001e+09 96 35.5127 33 2.55489
992 7.92282e+28 1.50142e+27 2.14756e+09 96 34.1533 31 2.49141
993 7.92282e+28 1.13984e+27 2.14757e+09 96 33.2012 31 2.39288
994 7.92282e+28 1.35599e+27 2.14757e+09 96 34.8779 31 2.66327
995 7.92282e+28 1.53841e+27 4.29503e+09 96 33.96 32 2.5069
996 7.92282e+28 1.16281e+27 2.68495e+08 96 31.4434 28 2.3691
997 7.92282e+28 6.58558e+26 8.59001e+09 96 34.5811 33 2.56849
998 7.92282e+28 1.00831e+27 1.07381e+09 96 33.8447 30 2.52424
999 7.92282e+28 7.61115e+26 5.3694e+08 96 32.4512 29 2.42114
1000 7.92282e+28 1.00588e+27 2.14756e+09 96 33.8623 31 2.39224
1001 7.92282e+28 9.97504e+26 1.0738e+09 96 32.4502 30 2.47933
1002 7.92282e+28 1.27865e+27 1.07382e+09 96 33.2246 30 2.5902
1003 7.92282e+28 6.04782e+26 2.68493e+08 96 31.5986 28 2.40996
1004 7.92282e+28 8.49696e+26 2.68487e+08 96 31.8008 28 2.39429
1005 7.92282e+28 8.09171e+26 2.68501e+08 96 31.9863 28 2.35893
1006 7.92282e+28 9.87548e+26 2.68489e+08 96 32.0029 28 2.41025
1007 7.92282e+28 1.00418e+27 1.07381e+09 96 32.9863 30 2.46227
1008 7.92282e+28 5.94168e+26 5.36954e+08 96 32.1738 29 2.40809
1009 7.92282e+28 1.07e+27 4.29503e+09 96 33.2715 32 2.3729
1010 7.92282e+28 4.71402e+26 8.59e+09 96 34.0762 33 2.48022
1011 7.92282e+28 8.28022e+26 5.36938e+08 96 32.1514 29 2.38302
1012 7.92282e+28 7.36338e+26 2.14757e+09 96 33.7129 31 2.43972
1013 7.92282e+28 1.4017e+27 1.07381e+09 96 32.543 30 2.50385
1014 7.92282e+28 9.98868e+26 5.36948e+08 96 31.7793 29 2.34346
1015 7.92282e+28 8.74341e+26 5.3695e+08 96 31.5537 29 2.33936
1016 7.92282e+28 1.24616e+27 8.59002e+09 96 35.2871 33 2.54289
1017 7.92282e+28 1.61622e+27 1.07383e+09 96 33.5391 30 2.44154
1018 7.92282e+28 7.50621e+26 1.07382e+09 96 33.7012 30 2.50559
1019 7.92282e+28 1.10833e+27 2.14757e+09 96 33.1553 31 2.39567
1020 7.92282e+28 7.80498e+26 1.0738e+09 96 32.5498 30 2.39525
1021 7.92282e+28 7.55785e+26 2.14756e+09 96 33.7188 31 2.5662
1022 7.92282e+28 1.36213e+27 2.14757e+09 96 33.7617 31 2.50927
1023 7.92282e+28 1.34832e+27 2.14758e+09 96 33.9004 31 2.5023
1024 7.92282e+28 1.31695e+27 8.59e+09 96 35.417 33 2.65004
1025 7.92282e+28 1.73126e+27 2.14755e+09 96 33.7461 31 2.64698
1026 7.92282e+28 1.64042e+27 2.68506e+08 96 31.8496 28 2.43824
1027 7.92282e+28 1.02716e+27 5.36958e+08 96 32.6816 29 2.52194
1028 7.92282e+28 1.61017e+27 4.29505e+09 96 34.4727 32 2.56208
1029 7.92282e+28 1.72498e+27 1.07382e+09 96 33.2549 30 2.45346
1030 7.92282e+28 1.11566e+27 1.07382e+09 96 32.0244 30 2.43816
1031 7.92282e+28 1.04233e+27 4.29503e+09 96 34.4141 32 2.51209
1032 7.92282e+28 1.31175e+27 8.59002e+09 96 34.5273 33 2.50551
1033 7.92282e+28 1.36986e+27 8.59e+09 96 35.1406 33 2.58878
1034 7.92282e+28 1.16305e+27 2.14757e+09 96 34.4951 31 2.61422
1035 7.92282e+28 1.23904e+27 2.14756e+09 96 33.2715 31 2.50366
1036 7.92282e+28 2.02241e+27 1.07381e+09 96 34.334 30 2.55811
1037 7.92282e+28 1.25858e+27 1.0738e+09 96 33.1113 30 2.50814
1038 7.92282e+28 1.33701e+27 2.685e+08 96 32.4863 28 2.39021
1039 7.92282e+28 1.04197e+27 5.36937e+08 96 32.3926 29 2.54014
1040 7.92282e+28 9.15138e+26 2.68494e+08 96 31.1211 28 2.38967
1041 7.92282e+28 1.46731e+27 4.29502e+09 96 33.9355 32 2.49968
1042 7.92282e+28 1.33879e+27 1.0738e+09 96 33.3906 30 2.54911
1043 7.92282e+28 1.96827e+27 4.29507e+09 96 35.1104 32 2.54825
1044 7.92282e+28 1.97395e+27 8.59002e+09 96 34.7803 33 2.65192
1045 7.92282e+28 1.42929e+27 1.07381e+09 96 33.5342 30 2.4747
1046 7.92282e+28 2.06479e+27 2.14752e+09 96 34.125 31 2.55639
1047 7.92282e+28 2.09829e+27 4.29505e+09 96 35.8701 32 2.63049
1048 7.92282e+28 1.28435e+27 1.07381e+09 96 33.2578 30 2.45095
1049 7.92282e+28 1.56526e+27 2.68489e+08 96 31.8906 28 2.37005
1050 7.92282e+28 1.4664e+27 5.36928e+08 96 33.1162 29 2.50275
1051 7.92282e+28 1.50607e+27 4.29504e+09 96 33.791 32 2.59836
1052 7.92282e+28 1.64091e+27 2.14756e+09 96 33.7451 31 2.474
1053 7.92282e+28 1.87704e+27 1.0738e+09 96 33.3301 30 2.55977
1054 7.92282e+28 1.12417e+27 4.29505e+09 96 33.6738 32 2.48073
1055 7.92282e+28 1.47077e+27 1.07382e+09 96 33.5137 30 2.68155
1056 7.92282e+28 1.06742e+27 5.36942e+08 96 32.1738 29 2.41758
1057 7.92282e+28 1.47504e+27 1.718e+10 96 36.5205 34 2.62858
1058 7.92282e+28 1.68081e+27 1.71799e+10 96 36.0889 34 2.69164
1059 7.92282e+28 1.87288e+27 1.71799e+10 96 36.2383 34 2.72849
1060 7.92282e+28 2.1538e+27 1.718e+10 96 37.0381 34 2.70794
1061 7.92282e+28 1.29594e+27 4.29505e+09 96 34.333 32 2.62906
1062 7.92282e+28 1.75302e+27 8.59e+09 96 35.3428 33 2.60462
1063 7.92282e+28 2.06561e+27 1.718e+10 96 36.5859 34 2.6984
1064 7.92282e+28 1.35592e+27 8.59e+09 96 35.9229 33 2.69483
1065 7.92282e+28 1.98312e+27 4.29503e+09 96 35.7256 32 2.65322
1066 7.92282e+28 1.77152e+27 4.29502e+09 96 35.3232 32 2.75779
1067 7.92282e+28 2.2705e+27 8.59e+09 96 35.8818 33 2.66916
1068 7.92282e+28 1.71368e+27 4.29504e+09 96 35.1777 32 2.73681
1069 7.92282e+28 1.62771e+27 2.14756e+09 96 34.2529 31 2.52444
1070 7.92282e+28 1.7749e+27 8.59002e+09 96 34.8516 33 2.66695
1071 7.92282e+28 1.46408e+27 2.14756e+09 96 35.4688 31 2.60806
1072 7.92282e+28 1.5854e+27 4.29504e+09 96 35.4004 32 2.70913
1073 7.92282e+28 2.32415e+27 8.59002e+09 96 36.7715 33 2.75509
1074 7.92282e+28 1.87524e+27 8.59002e+09 96 35.7021 33 2.57232
1075 7.92282e+28 2.05789e+27 3.43598e+10 96 37.8818 35 2.74575
1076 7.92282e+28 1.93914e+27 4.29504e+09 96 35.5889 32 2.66481
1077 7.92282e+28 1.53636e+27 4.29504e+09 96 35.1211 32 2.63637
1078 7.92282e+28 2.51308e+27 1.71799e+10 96 37.1689 34 2.764
1079 7.92282e+28 1.78571e+27 1.71799e+10 96 36.6035 34 2.77175
1080 7.92282e+28 2.55115e+27 4.29507e+09 96 36.1504 32 2.72027
1081 7.92282e+28 2.06891e+27 8.58999e+09 96 35.248 33 2.63247
1082 7.92282e+28 2.35886e+27 1.71799e+10 96 36.2793 34 2.64794
1083 7.92282e+28 1.47031e+27 4.29502e+09 96 34.9111 32 2.52759
1084 7.92282e+28 1.74015e+27 1.718e+10 96 36.5059 34 2.62119
1085 7.92282e+28 1.56709e+27 8.59002e+09 96 36.0703 33 2.59863
1086 7.92282e+28 1.55007e+27 8.59e+09 96 35.4238 33 2.70449
1087 7.92282e+28 1.72069e+27 1.718e+10 96 36.1445 34 2.63626
1088 7.92282e+28 1.79111e+27 1.07383e+09 96 34.458 30 2.59842
1089 7.92282e+28 2.56654e+27 8.58999e+09 96 35.8516 33 2.64992
1090 7.92282e+28 1.10068e+27 1.07381e+09 96 34.3457 30 2.58933
1091 7.92282e+28 1.66682e+27 4.29504e+09 96 35.0771 32 2.63807
1092 7.92282e+28 1.21038e+27 2.14756e+09 96 34.585 31 2.59219
1093 7.92282e+28 1.61045e+27 2.68508e+08 96 32.6797 28 2.44613
1094 7.92282e+28 9.84743e+26 1.07379e+09 96 33.3311 30 2.47448
1095 7.92282e+28 1.39006e+27 1.07381e+09 96 34.7783 30 2.65503
1096 7.92282e+28 1.31123e+27 1.07382e+09 96 33.9053 30 2.59034
1097 7.92282e+28 2.17518e+27 1.0738e+09 96 34.3857 30 2.61842
1098 7.92282e+28 1.94445e+27 2.14753e+09 96 34.7891 31 2.64565
1099 7.92282e+28 1.18237e+27 2.14754e+09 96 34.1973 31 2.6186
1100 7.92282e+28 2.17389e+27 5.36946e+08 96 34.0908 29 2.51732
1101 7.92282e+28 1.80319e+27 8.59001e+09 96 34.8916 33 2.74155
1102 7.92282e+28 1.89444e+27 8.59001e+09 96 35.0137 33 2.64169
1103 7.92282e+28 2.4005e+27 2.14757e+09 96 35.1406 31 2.71613
1104 7.92282e+28 1.7858e+27 4.29505e+09 96 35.416 32 2.81591
1105 7.92282e+28 2.13478e+27 8.59001e+09 96 35.3496 33 2.67155
1106 7.92282e+28 2.20225e+27 2.14756e+09 96 34.5381 31 2.56601
1107 7.92282e+28 2.12391e+27 4.29507e+09 96 35.2178 32 2.56241
1108 7.92282e+28 1.51366e+27 4.29504e+09 96 34.4238 32 2.54592
1109 7.92282e+28 1.72272e+27 1.07382e+09 96 34.8301 30 2.60663
1110 7.92282e+28 2.87934e+27 4.29502e+09 96 35.9824 32 2.68134
1111 7.92282e+28 2.97415e+27 4.29504e+09 96 36.043 32 2.65706
1112 7.92282e+28 2.19961e+27 4.29504e+09 96 34.874 32 2.67494
1113 7.92282e+28 2.34817e+27 4.29504e+09 96 34.6182 32 2.60036
1114 7.92282e+28 2.2763e+27 1.71799e+10 96 36.9629 34 2.72968
1115 1.58456e+29 2.96525e+27 8.58998e+09 97 36.1533 33 2.77582
1116 7.92282e+28 2.51927e+27 4.29505e+09 96 36.1553 32 2.81296
1117 7.92282e+28 3.34678e+27 3.43598e+10 96 36.8545 35 2.7792
1118 7.92282e+28 2.40065e+27 2.14756e+09 96 35.4062 31 2.65945
1119 7.92282e+28 2.99019e+27 4.29505e+09 96 35.5801 32 2.65339
1120 7.92282e+28 2.17604e+27 1.71799e+10 96 36.3652 34 2.7936
1121 7.92282e+28 3.60294e+27 1.718e+10 96 38.2725 34 2.8663
1122 7.92282e+28 3.01776e+27 1.718e+10 96 37.498 34 2.82883
1123 7.92282e+28 2.75594e+27 1.718e+10 96 36.9932 34 2.76831
1124 7.92282e+28 3.25238e+27 3.43598e+10 96 38.9287 35 2.89677
1125 7.92282e+28 2.80517e+27 1.718e+10 96 37.7764 34 2.89658
1126 7.92282e+28 3.23509e+27 1.71799e+10 96 37.6602 34 2.76048
1127 7.92282e+28 3.26523e+27 1.718e+10 96 37.9355 34 2.80531
1128 7.92282e+28 4.54621e+27 3.43598e+10 96 39.9307 35 2.94007
1129 7.92282e+28 3.72816e+27 1.71799e+10 96 37.835 34 2.83623
1130 7.92282e+28 3.5201e+27 3.43598e+10 96 38.2969 35 2.75839
1131 7.92282e+28 3.36795e+27 6.87195e+10 96 39.2832 36 2.95895
1132 7.92282e+28 2.81176e+27 6.87196e+10 96 38.8672 36 2.82489
1133 7.92282e+28 3.39727e+27 1.37439e+11 96 40.7461 37 3.09808
1134 7.92282e+28 4.49497e+27 6.87196e+10 96 40.3711 36 2.94055
1135 7.92282e+28 4.4315e+27 2.74878e+11 96 41.4248 38 2.9752
1136 7.92282e+28 4.92329e+27 6.87196e+10 96 41.1104 36 2.99331
1137 7.92282e+28 4.72835e+27 1.37439e+11 96 41.1523 37 3.00138
1138 7.92282e+28 4.85859e+27 6.87196e+10 96 40.4268 36 3.05153
1139 1.58456e+29 4.94278e+27 2.74878e+11 97 41.7197 38 3.07263
1140 7.92282e+28 4.32736e+27 1.37439e+11 96 41.0332 37 3.05617
1141 7.92282e+28 4.74609e+27 1.37439e+11 96 41.6025 37 3.08367
1142 7.92282e+28 4.52931e+27 6.87196e+10 96 40.7529 36 2.95525
1143 7.92282e+28 5.17326e+27 5.49756e+11 96 43.1016 39 3.13312
1144 7.92282e+28 5.3837e+27 1.37439e+11 96 41.0898 37 3.08119
1145 7.92282e+28 4.33598e+27 5.49756e+11 96 42.3418 39 3.06636
1146 7.92282e+28 4.11783e+27 5.49756e+11 96 41.7744 39 3.15888
1147 7.92282e+28 5.66771e+27 6.87196e+10 96 40.7861 36 3.01525
1148 7.92282e+28 5.27482e+27 6.87196e+10 96 41.252 36 3.06406
1149 7.92282e+28 3.77114e+27 3.43598e+10 96 39.3809 35 2.9478
1150 7.92282e+28 4.20434e+27 3.43598e+10 96 40.4053 35 2.98205
1151 7.92282e+28 4.31765e+27 1.37439e+11 96 40.333 37 3.09904
1152 7.92282e+28 3.48997e+27 1.37439e+11 96 40.3281 37 3.01123
1153 7.92282e+28 4.8679e+27 2.74878e+11 96 42.1865 38 3.0929
1154 7.92282e+28 3.27562e+27 6.87196e+10 96 39.6875 36 2.9061
1155 7.92282e+28 3.75241e+27 2.74878e+11 96 41.3203 38 3.04524
1156 7.92282e+28 4.50631e+27 5.49756e+11 96 42.084 39 3.09401
1157 7.92282e+28 4.10239e+27 5.49756e+11 96 42.1143 39 3.05409
1158 7.92282e+28 4.47277e+27 1.09951e+12 96 42.9512 40 3.23143
1159 7.92282e+28 5.05704e+27 1.09951e+12 96 43.7061 40 3.22646
1160 7.92282e+28 5.28779e+27 5.49756e+11 96 43.1328 39 3.20134
1161 7.92282e+28 4.13025e+27 1.09951e+12 96 42.4463 40 3.12846
1162 7.92282e+28 5.80891e+27 5.49756e+11 96 42.6465 39 3.17098
1163 7.92282e+28 5.51562e+27 4.39805e+12 96 43.9658 42 3.21673
1164 7.92282e+28 5.05545e+27 1.09951e+12 96 43.2705 40 3.11068
1165 7.92282e+28 4.27535e+27 5.49756e+11 96 42.5361 39 3.21127
1166 7.92282e+28 4.76616e+27 2.74878e+11 96 42.5195 38 3.10353
1167 7.92282e+28 6.29143e+27 4.39805e+12 96 44.5479 42 3.2349
1168 7.92282e+28 4.63125e+27 2.74878e+11 96 41.9307 38 3.06617
1169 7.92282e+28 4.72396e+27 2.74878e+11 96 41.915 38 3.05563
1170 7.92282e+28 3.64089e+27 5.49756e+11 96 41.3252 39 3.08603
1171 7.92282e+28 5.71919e+27 1.09951e+12 96 42.8877 40 3.08991
1172 7.92282e+28 4.1977e+27 1.37439e+11 96 40.6963 37 3.04216
1173 7.92282e+28 3.57839e+27 1.37439e+11 96 40.6416 37 2.9826
1174 7.92282e+28 4.43734e+27 5.49756e+11 96 41.1465 39 2.98583
1175 7.92282e+28 4.97844e+27 2.74878e+11 96 42.2334 38 3.05209
1176 7.92282e+28 5.57471e+27 5.49756e+11 96 42.6143 39 3.12498
1177 7.92282e+28 4.6152e+27 5.49756e+11 96 42.4482 39 3.20301
1178 7.92282e+28 4.39997e+27 6.87196e+10 96 40.5088 36 3.00215
1179 7.92282e+28 4.68567e+27 2.74878e+11 96 42.2168 38 3.12828
1180 7.92282e+28 4.51477e+27 2.74878e+11 96 41.8994 38 3.09588
1181 7.92282e+28 4.23989e+27 1.09951e+12 96 43.0439 40 3.12536
1182 7.92282e+28 5.42951e+27 1.09951e+12 96 43.0391 40 3.31883
1183 7.92282e+28 5.5372e+27 2.74878e+11 96 42.0869 38 3.14612
1184 7.92282e+28 4.67333e+27 5.49756e+11 96 42.208 39 3.11484
1185 7.92282e+28 5.84183e+27 1.09951e+12 96 42.7783 40 3.23597
1186 7.92282e+28 5.27153e+27 1.37439e+11 96 41.7676 37 3.0572
1187 7.92282e+28 5.15485e+27 2.74878e+11 96 42.0762 38 3.10373
1188 7.92282e+28 5.09065e+27 2.74878e+11 96 42.6455 38 3.18321
1189 7.92282e+28 6.68354e+27 1.37439e+11 96 42.8086 37 3.15875
1190 7.92282e+28 5.55947e+27 2.74878e+11 96 41.9717 38 3.12672
1191 7.92282e+28 5.40909e+27 1.09951e+12 96 43.6475 40 3.16614
1192 7.92282e+28 5.7101e+27 2.74878e+11 96 41.6445 38 3.09788
1193 7.92282e+28 5.50474e+27 5.49756e+11 96 42.8369 39 3.1858
1194 7.92282e+28 5.32305e+27 5.49756e+11 96 42.4873 39 3.13599
1195 7.92282e+28 5.63414e+27 6.87196e+10 96 41.3926 36 3.20792
1196 7.92282e+28 5.60531e+27 2.74878e+11 96 42.6816 38 3.20109
1197 7.92282e+28 5.17613e+27 2.74878e+11 96 42.6016 38 3.12165
1198 7.92282e+28 5.24114e+27 5.49756e+11 96 42.9648 39 3.10327
1199 7.92282e+28 4.19804e+27 2.19902e+12 96 42.8018 41 3.25615
1200 7.92282e+28 4.32435e+27 1.37439e+11 96 41.5322 37 3.12062
1201 7.92282e+28 4.82349e+27 4.39805e+12 96 43.2832 42 3.20793
1202 7.92282e+28 3.65704e+27 2.19902e+12 96 41.834 41 3.14672
1203 7.92282e+28 5.27933e+27 5.49756e+11 96 42.6729 39 3.1672
1204 7.92282e+28 5.91561e+27 5.49756e+11 96 43.292 39 3.11013
1205 7.92282e+28 5.25254e+27 2.19902e+12 96 43.3965 41 3.25074
1206 7.92282e+28 4.38156e+27 4.39805e+12 96 43.1074 42 3.23805
1207 7.92282e+28 5.77052e+27 5.49756e+11 96 43.2002 39 3.1806
1208 7.92282e+28 5.20644e+27 4.39805e+12 96 43.5752 42 3.1634
1209 7.92282e+28 4.97751e+27 2.19902e+12 96 43.5234 41 3.21663
1210 7.92282e+28 5.22813e+27 8.79609e+12 96 44.2061 43 3.20463
1211 7.92282e+28 4.49547e+27 8.79609e+12 96 44.1895 43 3.13565
1212 7.92282e+28 6.11193e+27 5.49756e+11 96 43.2031 39 3.21323
1213 7.92282e+28 5.93058e+27 1.09951e+12 96 43.9541 40 3.37489
1214 7.92282e+28 5.84448e+27 1.75922e+13 96 44.959 44 3.35029
1215 7.92282e+28 5.34983e+27 2.74878e+11 96 42.5059 38 3.08119
1216 7.92282e+28 5.35405e+27 1.37439e+11 96 42.1885 37 3.06085
1217 7.92282e+28 4.81139e+27 5.49756e+11 96 42.4639 39 3.19055
1218 7.92282e+28 4.69349e+27 5.49756e+11 96 43.5469 39 3.19869
1219 7.92282e+28 4.65073e+27 1.09951e+12 96 43.3438 40 3.16803
1220 7.92282e+28 6.85072e+27 2.19902e+12 96 43.1777 41 3.11001
1221 7.92282e+28 4.61706e+27 1.09951e+12 96 42.9014 40 3.15526
1222 7.92282e+28 5.66628e+27 5.49756e+11 96 43.1494 39 3.08048
1223 7.92282e+28 5.48816e+27 4.39805e+12 96 43.8301 42 3.18361
1224 7.92282e+28 6.3773e+27 5.49756e+11 96 42.5312 39 3.1448
1225 7.92282e+28 6.5843e+27 5.49756e+11 96 43.5674 39 3.21785
1226 7.92282e+28 5.19692e+27 1.09951e+12 96 43.4414 40 3.18562
1227 7.92282e+28 5.42663e+27 1.09951e+12 96 42.7656 40 3.17046
1228 7.92282e+28 6.03392e+27 1.09951e+12 96 43.373 40 3.28412
1229 7.92282e+28 5.77408e+27 4.39805e+12 96 43.8691 42 3.19239
1230 7.92282e+28 5.76717e+27 1.09951e+12 96 43.4277 40 3.18027
1231 7.92282e+28 5.83193e+27 2.19902e+12 96 43.3193 41 3.22718
1232 7.92282e+28 6.56202e+27 8.79609e+12 96 43.9912 43 3.15925
1233 7.92282e+28 6.07663e+27 5.49756e+11 96 41.9072 39 3.0667
1234 7.92282e+28 6.55471e+27 4.39805e+12 96 44.6064 42 3.17896
1235 7.92282e+28 6.49818e+27 2.74878e+11 96 42.7959 38 3.27803
1236 7.92282e+28 6.57389e+27 5.49756e+11 96 43.2148 39 3.14175
1237 7.92282e+28 6.68023e+27 2.19902e+12 96 43.5049 41 3.19023
1238 7.92282e+28 5.45457e+27 1.75922e+13 96 44.9443 44 3.30217
1239 7.92282e+28 6.55057e+27 1.09951e+12 96 43.3691 40 3.27702
1240 7.92282e+28 6.1995e+27 8.79609e+12 96 45.2061 43 3.3222
1241 7.92282e+28 6.92046e+27 1.09951e+12 96 43.043 40 3.15139
1242 7.92282e+28 6.44559e+27 2.19902e+12 96 44.0791 41 3.16282
1243 7.92282e+28 6.69162e+27 1.09951e+12 96 43.251 40 3.1261
1244 7.92282e+28 6.7797e+27 5.49756e+11 96 43.7754 39 3.21206
1245 7.92282e+28 7.4858e+27 2.19902e+12 96 44.5947 41 3.27875
1246 7.92282e+28 6.70696e+27 5.49756e+11 96 43.5918 39 3.21563
1247 7.92282e+28 5.41703e+27 5.49756e+11 96 42.9219 39 3.14886
1248 7.92282e+28 7.44096e+27 1.75922e+13 96 45.8945 44 3.2771
1249 7.92282e+28 6.45225e+27 1.75922e+13 96 45.8076 44 3.22875
1250 7.92282e+28 6.62322e+27 3.51844e+13 96 45.4561 45 3.25617
1251 7.92282e+28 6.88242e+27 4.39805e+12 96 44.8145 42 3.3156
1252 7.92282e+28 5.89477e+27 5.49756e+11 96 42.6143 39 3.09475
1253 7.92282e+28 5.70027e+27 2.19902e+12 96 43.8301 41 3.17312
1254 7.92282e+28 6.14163e+27 8.79609e+12 96 45.0869 43 3.27791
1255 7.92282e+28 6.96387e+27 1.75922e+13 96 45.3223 44 3.32317
1256 7.92282e+28 6.19916e+27 2.19902e+12 96 44.8428 41 3.33256
1257 7.92282e+28 6.54822e+27 2.19902e+12 96 43.9746 41 3.18058
1258 7.92282e+28 6.44796e+27 1.75922e+13 96 45.6592 44 3.33099
1259 7.92282e+28 7.42894e+27 7.03687e+13 96 46.7373 46 3.35174
1260 7.92282e+28 7.36064e+27 3.51844e+13 96 46.4102 45 3.36536
1261 7.92282e+28 6.52706e+27 2.81475e+14 96 47.2842 48 3.37733
1262 7.92282e+28 7.83604e+27 3.51844e+13 96 45.5908 45 3.25157
1263 7.92282e+28 7.09316e+27 4.39805e+12 96 44.8086 42 3.28599
1264 7.92282e+28 6.24203e+27 2.19902e+12 96 44.4131 41 3.21151
1265 7.92282e+28 5.79377e+27 8.79609e+12 96 44.9199 43 3.29466
1266 7.92282e+28 6.88909e+27 8.79609e+12 96 44.8506 43 3.22045
1267 7.92282e+28 7.43272e+27 8.79609e+12 96 45.0469 43 3.2795
1268 7.92282e+28 6.45419e+27 8.79609e+12 96 44.751 43 3.21458
1269 7.92282e+28 5.89201e+27 4.39805e+12 96 44.2559 42 3.28946
1270 7.92282e+28 7.2523e+27 1.75922e+13 96 45.9473 44 3.39856
1271 7.92282e+28 6.77501e+27 4.39805e+12 96 44.9385 42 3.25157
1272 7.92282e+28 5.84124e+27 5.49756e+11 96 43.1689 39 3.12438
1273 7.92282e+28 6.94208e+27 1.09951e+12 96 43.9277 40 3.27559
1274 7.92282e+28 7.3515e+27 1.75922e+13 96 46.6611 44 3.32982
1275 7.92282e+28 6.41877e+27 4.39805e+12 96 45.0146 42 3.23774
1276 7.92282e+28 7.11044e+27 8.79609e+12 96 45.793 43 3.24629
1277 7.92282e+28 7.55766e+27 1.75922e+13 96 45.4756 44 3.3885
1278 7.92282e+28 7.65746e+27 4.39805e+12 96 45.7422 42 3.2512
1279 7.92282e+28 7.76811e+27 1.40737e+14 96 47.376 47 3.35631
1280 7.92282e+28 7.93046e+27 1.40737e+14 96 46.9697 47 3.33258
1281 7.92282e+28 7.16363e+27 3.51844e+13 96 46.6533 45 3.37101
1282 7.92282e+28 6.4471e+27 1.75922e+13 96 44.9102 44 3.31805
1283 7.92282e+28 6.45027e+27 1.09951e+12 96 43.2939 40 3.11372
1284 7.92282e+28 7.01841e+27 1.75922e+13 96 46.877 44 3.42329
1285 7.92282e+28 7.98376e+27 8.79609e+12 96 45.8789 43 3.37426
1286 7.92282e+28 6.39593e+27 5.49756e+11 96 44.166 39 3.18834
1287 7.92282e+28 6.11922e+27 5.49756e+11 96 44.0674 39 3.26088
1288 7.92282e+28 7.1015e+27 1.09951e+12 96 44.3506 40 3.3541
1289 7.92282e+28 5.69126e+27 1.75922e+13 96 44.8936 44 3.30137
1290 7.92282e+28 5.88053e+27 8.79609e+12 96 44.8496 43 3.28664
1291 7.92282e+28 7.33487e+27 7.03687e+13 96 46.6875 46 3.33002
1292 7.92282e+28 6.62905e+27 7.03687e+13 96 45.9961 46 3.42783
1293 7.92282e+28 6.81393e+27 7.03687e+13 96 46.5615 46 3.3341
1294 7.92282e+28 6.26506e+27 8.79609e+12 96 44.4375 43 3.23564
1295 7.92282e+28 5.50665e+27 1.75922e+13 96 45.25 44 3.22416
1296 7.92282e+28 6.53258e+27 1.09951e+12 96 43.9551 40 3.19077
1297 7.92282e+28 7.42564e+27 8.79609e+12 96 44.7334 43 3.31303
1298 7.92282e+28 7.12643e+27 8.79609e+12 96 45.1484 43 3.23226
1299 7.92282e+28 7.38688e+27 1.75922e+13 96 45.874 44 3.31752
1300 7.92282e+28 6.50744e+27 3.51844e+13 96 45.6807 45 3.33651
1301 7.92282e+28 6.59188e+27 4.39805e+12 96 44.9248 42 3.29764
1302 7.92282e+28 6.94117e+27 1.09951e+12 96 44.1797 40 3.17547
1303 7.92282e+28 7.17447e+27 5.49756e+11 96 43.8252 39 3.2052
1304 7.92282e+28 6.57222e+27 4.39805e+12 96 44.0957 42 3.19637
1305 7.92282e+28 6.6398e+27 2.19902e+12 96 44.4551 41 3.26679
1306 7.92282e+28 5.47419e+27 5.49756e+11 96 42.7529 39 3.1292
1307 1.58456e+29 6.26167e+27 2.19902e+12 97 43.7373 41 3.16626
1308 7.92282e+28 6.65212e+27 1.09951e+12 96 43.2451 40 3.20101
1309 7.92282e+28 6.20568e+27 1.09951e+12 96 43.5381 40 3.27526
1310 7.92282e+28 7.03843e+27 5.49756e+11 96 43.498 39 3.19866
1311 7.92282e+28 6.25102e+27 2.74878e+11 96 42.8506 38 3.25251
1312 7.92282e+28 5.99202e+27 5.49756e+11 96 42.9658 39 3.30913
1313 7.92282e+28 5.88992e+27 2.19902e+12 96 43.3145 41 3.21622
1314 7.92282e+28 6.31416e+27 4.39805e+12 96 44.873 42 3.28925
1315 7.92282e+28 6.91269e+27 2.19902e+12 96 45.1709 41 3.20196
1316 7.92282e+28 5.82513e+27 4.39805e+12 96 45.0225 42 3.3368
1317 7.92282e+28 6.0648e+27 4.39805e+12 96 44.2305 42 3.31163
1318 7.92282e+28 7.05206e+27 3.51844e+13 96 46.0674 45 3.37698
1319 7.92282e+28 6.0336e+27 8.79609e+12 96 44.6631 43 3.30045
1320 7.92282e+28 6.58161e+27 2.19902e+12 96 44.749 41 3.27798
1321 7.92282e+28 6.71378e+27 8.79609e+12 96 45.1777 43 3.32463
1322 7.92282e+28 6.37494e+27 5.49756e+11 96 44.3701 39 3.35288
1323 7.92282e+28 5.54944e+27 4.39805e+12 96 44.6201 42 3.2784
1324 7.92282e+28 5.8466e+27 1.75922e+13 96 45.2305 44 3.37074
1325 7.92282e+28 7.68506e+27 1.75922e+13 96 45.7764 44 3.32531
1326 7.92282e+28 7.76845e+27 1.75922e+13 96 45.9395 44 3.35694
1327 7.92282e+28 6.80481e+27 2.19902e+12 96 44.8115 41 3.33688
1328 7.92282e+28 7.41616e+27 2.19902e+12 96 44.8496 41 3.35324
1329 7.92282e+28 5.3127e+27 2.74878e+11 96 42.8555 38 3.1897
1330 7.92282e+28 5.82837e+27 5.49756e+11 96 43.2051 39 3.18205
1331 7.92282e+28 7.59858e+27 8.79609e+12 96 45.6016 43 3.32081
1332 7.92282e+28 6.72169e+27 3.51844e+13 96 45.415 45 3.36709
1333 7.92282e+28 7.6337e+27 4.39805e+12 96 44.9248 42 3.37085
1334 7.92282e+28 5.57338e+27 5.49756e+11 96 43.4453 39 3.24031
1335 7.92282e+28 6.89145e+27 1.09951e+12 96 44.3291 40 3.17521
1336 7.92282e+28 6.8848e+27 4.39805e+12 96 45.1719 42 3.27498
1337 7.92282e+28 7.11124e+27 1.09951e+12 96 44.4941 40 3.17891
1338 7.92282e+28 8.32286e+27 1.09951e+12 96 44.334 40 3.21412
1339 7.92282e+28 7.92134e+27 5.49756e+11 96 44.2119 39 3.18397
1340 7.92282e+28 7.38031e+27 4.39805e+12 96 45.7725 42 3.30624
1341 7.92282e+28 6.70556e+27 1.37439e+11 96 42.6162 37 3.14772
1342 7.92282e+28 6.86592e+27 6.87196e+10 96 42.2383 36 3.07665
1343 7.92282e+28 8.05078e+27 1.75922e+13 96 45.1934 44 3.2822
1344 7.92282e+28 7.30855e+27 5.49756e+11 96 43.1348 39 3.19836
1345 7.92282e+28 8.4622e+27 1.75922e+13 96 45.835 44 3.28654
1346 7.92282e+28 9.3702e+27 4.39805e+12 96 45.1992 42 3.40108
1347 7.92282e+28 7.26931e+27 1.09951e+12 96 43.6133 40 3.20226
1348 7.92282e+28 7.54536e+27 2.19902e+12 96 44.8232 41 3.2819
1349 7.92282e+28 8.38197e+27 1.09951e+12 96 44.0889 40 3.26288
1350 7.92282e+28 6.9265e+27 2.74878e+11 96 43.0176 38 3.09879
1351 7.92282e+28 7.80694e+27 1.09951e+12 96 44.0674 40 3.15554
1352 7.92282e+28 6.883e+27 2.19902e+12 96 43.709 41 3.21296
1353 7.92282e+28 7.00566e+27 1.09951e+12 96 43.3887 40 3.14703
1354 7.92282e+28 7.13814e+27 1.09951e+12 96 44.0088 40 3.26729
1355 7.92282e+28 7.37294e+27 1.75922e+13 96 45.6455 44 3.39507
1356 7.92282e+28 8.23532e+27 3.51844e+13 96 46.543 45 3.36565
1357 7.92282e+28 7.48314e+27 2.19902e+12 96 44.5947 41 3.4368
1358 7.92282e+28 7.89231e+27 2.19902e+12 96 44.2666 41 3.41803
1359 7.92282e+28 6.15038e+27 4.39805e+12 96 44.0146 42 3.33653
1360 7.92282e+28 7.62472e+27 1.75922e+13 96 46.0088 44 3.45033
1361 7.92282e+28 8.23327e+27 8.79609e+12 96 45.8975 43 3.35025
1362 7.92282e+28 8.12743e+27 3.51844e+13 96 46.2314 45 3.38133
1363 7.92282e+28 7.41298e+27 4.39805e+12 96 44.9053 42 3.32512
1364 7.92282e+28 8.13697e+27 1.75922e+13 96 46.2207 44 3.46088
1365 7.92282e+28 7.00153e+27 8.79609e+12 96 45.8193 43 3.31161
1366 7.92282e+28 7.79332e+27 2.19902e+12 96 44.4658 41 3.31517
1367 7.92282e+28 8.14495e+27 4.39805e+12 96 45.3584 42 3.39891
1368 7.92282e+28 8.36978e+27 1.75922e+13 96 46.376 44 3.29348
1369 7.92282e+28 8.20482e+27 4.39805e+12 96 45.2207 42 3.3023
1370 7.92282e+28 8.01061e+27 2.19902e+12 96 44.1572 41 3.2879
1371 7.92282e+28 8.25744e+27 4.39805e+12 96 45.1729 42 3.25889
1372 7.92282e+28 7.49843e+27 3.51844e+13 96 46.2979 45 3.33957
1373 7.92282e+28 8.30089e+27 2.19902e+12 96 44.6455 41 3.37113
1374 7.92282e+28 7.81964e+27 1.09951e+12 96 44.3594 40 3.43154
1375 7.92282e+28 7.53517e+27 4.39805e+12 96 45.0918 42 3.3515
1376 7.92282e+28 9.97866e+27 1.75922e+13 96 46.5449 44 3.47952
1377 7.92282e+28 8.30255e+27 5.49756e+11 96 44.5312 39 3.31041
1378 7.92282e+28 7.62796e+27 2.19902e+12 96 44.6279 41 3.21814
1379 7.92282e+28 7.83588e+27 1.09951e+12 96 44.2949 40 3.33345
1380 7.92282e+28 7.38418e+27 5.49756e+11 96 43.1348 39 3.18265
1381 7.92282e+28 8.42607e+27 5.49756e+11 96 44.5762 39 3.28679
1382 7.92282e+28 7.9779e+27 2.19902e+12 96 44.1846 41 3.25273
1383 7.92282e+28 8.13254e+27 2.19902e+12 96 44.0781 41 3.26807
1384 7.92282e+28 7.85697e+27 1.09951e+12 96 44.3799 40 3.32296
1385 7.92282e+28 8.40424e+27 1.09951e+12 96 44.8838 40 3.25229
1386 7.92282e+28 7.61568e+27 1.37439e+11 96 42.6816 37 3.20528
1387 7.92282e+28 6.54774e+27 2.74878e+11 96 42.8008 38 3.13775
1388 7.92282e+28 7.70376e+27 5.49756e+11 96 43.0596 39 3.10284
1389 7.92282e+28 8.78842e+27 4.39805e+12 96 44.7793 42 3.20748
1390 7.92282e+28 8.25344e+27 6.87196e+10 96 43.127 36 3.24049
1391 7.92282e+28 8.03847e+27 2.19902e+12 96 44.3125 41 3.20277
1392 7.92282e+28 7.87432e+27 2.19902e+12 96 44.5449 41 3.23241
1393 7.92282e+28 7.71022e+27 2.19902e+12 96 44.8623 41 3.33733
1394 7.92282e+28 8.52793e+27 2.19902e+12 96 44.4854 41 3.24706
1395 7.92282e+28 8.48498e+27 4.39805e+12 96 44.8076 42 3.38347
1396 7.92282e+28 8.46579e+27 2.19902e+12 96 44.7207 41 3.2566
1397 7.92282e+28 9.97535e+27 4.39805e+12 96 45.1553 42 3.30562
1398 7.92282e+28 8.10932e+27 1.09951e+12 96 43.6172 40 3.21903
1399 7.92282e+28 8.54545e+27 2.19902e+12 96 44.3555 41 3.2234
1400 7.92282e+28 8.93123e+27 8.79609e+12 96 45.5117 43 3.28952
1401 7.92282e+28 9.03819e+27 5.49756e+11 96 44.7539 39 3.27181
1402 7.92282e+28 8.57258e+27 2.74878e+11 96 44.2188 38 3.22651
1403 7.92282e+28 8.9959e+27 1.09951e+12 96 44.2803 40 3.32953
1404 7.92282e+28 8.83003e+27 4.39805e+12 96 45.4824 42 3.26504
1405 7.92282e+28 8.52291e+27 2.19902e+12 96 44.3926 41 3.40528
1406 7.92282e+28 9.00608e+27 4.39805e+12 96 44.417 42 3.24999
1407 7.92282e+28 9.8844e+27 4.39805e+12 96 45.5205 42 3.26114
1408 7.92282e+28 8.77762e+27 8.79609e+12 96 45.6328 43 3.30774
1409 7.92282e+28 8.8738e+27 8.79609e+12 96 45.8965 43 3.32556
1410 7.92282e+28 8.48013e+27 5.49756e+11 96 44.3555 39 3.16282
1411 7.92282e+28 8.65565e+27 8.79609e+12 96 45.6768 43 3.33708
1412 7.92282e+28 8.61368e+27 1.75922e+13 96 45.3711 44 3.37134
1413 7.92282e+28 8.6885e+27 4.39805e+12 96 45.2686 42 3.3307
1414 7.92282e+28 9.25991e+27 2.19902e+12 96 44.1562 41 3.3007
1415 7.92282e+28 9.5459e+27 3.51844e+13 96 46.6279 45 3.35544
1416 7.92282e+28 8.95677e+27 1.09951e+12 96 44.4287 40 3.37786
1417 7.92282e+28 1.14284e+28 1.09951e+12 96 45.6318 40 3.38206
1418 7.92282e+28 1.0644e+28 5.49756e+11 96 45.2227 39 3.21226
1419 7.92282e+28 1.04464e+28 1.75922e+13 96 46.5801 44 3.47853
1420 7.92282e+28 1.10759e+28 1.75922e+13 96 46.8984 44 3.49621
1421 1.58456e+29 1.11164e+28 3.51844e+13 97 46.5889 45 3.38425
1422 7.92282e+28 1.0218e+28 8.79609e+12 96 46.209 43 3.31377
1423 7.92282e+28 1.04276e+28 8.79609e+12 96 46.207 43 3.38201
1424 7.92282e+28 9.93877e+27 1.75922e+13 96 46.543 44 3.32807
1425 7.92282e+28 1.08156e+28 1.75922e+13 96 47.666 44 3.38262
1426 7.92282e+28 1.10045e+28 1.75922e+13 96 47.4336 44 3.3872
1427 7.92282e+28 1.12459e+28 1.40737e+14 96 47.25 47 3.44349
1428 7.92282e+28 1.1658e+28 1.75922e+13 96 46.6729 44 3.40121
1429 7.92282e+28 1.13783e+28 3.51844e+13 96 46.915 45 3.42607
1430 7.92282e+28 1.0431e+28 7.03687e+13 96 47.6436 46 3.4309
1431 7.92282e+28 1.12205e+28 2.81475e+14 96 48.5557 48 3.58781
1432 7.92282e+28 1.28545e+28 2.2518e+15 96 49.2393 51 3.47699
1433 7.92282e+28 9.85264e+27 1.40737e+14 96 47.5391 47 3.48561
1434 7.92282e+28 1.30923e+28 2.81475e+14 96 49.0693 48 3.51172
1435 7.92282e+28 1.21424e+28 3.51844e+13 96 47.0605 45 3.39906
1436 7.92282e+28 1.21148e+28 1.40737e+14 96 48.4434 47 3.50082
1437 7.92282e+28 1.2565e+28 2.2518e+15 96 50.4951 51 3.50127
1438 7.92282e+28 1.3072e+28 5.6295e+14 96 50.249 49 3.58864
1439 7.92282e+28 1.32854e+28 2.81475e+14 96 50.0449 48 3.59921
1440 7.92282e+28 1.33669e+28 1.40737e+14 96 49.3535 47 3.60886
1441 7.92282e+28 1.37906e+28 9.0072e+15 96 51.1338 53 3.558
1442 7.92282e+28 1.36094e+28 4.5036e+15 96 51.1895 52 3.55064
1443 7.92282e+28 1.49329e+28 2.2518e+15 96 51.5059 51 3.68916
1444 7.92282e+28 1.4956e+28 9.0072e+15 96 52.1816 53 3.68511
1445 7.92282e+28 1.5487e+28 1.80144e+16 96 52.29 54 3.801
1446 7.92282e+28 1.4915e+28 4.5036e+15 96 51.1641 52 3.64755
1447 7.92282e+28 1.54856e+28 1.1259e+15 96 52.1855 50 3.59841
1448 7.92282e+28 1.56331e+28 9.0072e+15 96 51.7529 53 3.66681
1449 7.92282e+28 1.6082e+28 7.20576e+16 96 53.0049 56 3.69266
1450 7.92282e+28 1.45677e+28 1.80144e+16 96 52.4443 54 3.7092
1451 7.92282e+28 1.51419e+28 1.1259e+15 96 50.9316 50 3.67394
1452 7.92282e+28 1.55944e+28 3.60288e+16 96 52.54 55 3.64852
1453 7.92282e+28 1.5738e+28 1.80144e+16 96 51.6416 54 3.58187
1454 7.92282e+28 1.59078e+28 1.80144e+16 96 52.6152 54 3.78691
1455 7.92282e+28 1.68344e+28 7.20576e+16 96 53.5498 56 3.78346
1456 7.92282e+28 1.54844e+28 3.60288e+16 96 52.3984 55 3.75196
1457 7.92282e+28 1.63481e+28 3.60288e+16 96 52.5449 55 3.68093
1458 7.92282e+28 1.6021e+28 7.20576e+16 96 53.0127 56 3.64049
1459 7.92282e+28 1.53641e+28 1.44115e+17 96 53.3955 57 3.72501
1460 7.92282e+28 1.6723e+28 5.76461e+17 96 54.2188 59 3.76895
1461 7.92282e+28 1.63006e+28 7.20576e+16 96 53.8838 56 3.73982
1462 7.92282e+28 1.7952e+28 1.44115e+17 96 54.5781 57 3.75254
1463 7.92282e+28 1.8021e+28 1.15292e+18 96 54.3838 60 3.77184
1464 7.92282e+28 1.84695e+28 1.15292e+18 96 54.5957 60 3.78706
1465 7.92282e+28 1.71621e+28 5.76461e+17 96 54.2734 59 3.73851
1466 7.92282e+28 1.6782e+28 1.80144e+16 96 52.9893 54 3.7298
1467 7.92282e+28 1.77635e+28 7.20576e+16 96 53.9414 56 3.80659
1468 7.92282e+28 1.83989e+28 1.44115e+17 96 54.1865 57 3.76187
1469 7.92282e+28 1.8735e+28 1.15292e+18 96 55.5957 60 3.88056
1470 7.92282e+28 2.01156e+28 9.22337e+18 96 56.6768 63 3.88164
1471 7.92282e+28 1.94301e+28 2.8823e+17 96 54.6025 58 3.69972
1472 7.92282e+28 1.69169e+28 1.44115e+17 96 53.8545 57 3.74538
1473 7.92282e+28 1.97439e+28 1.15292e+18 96 55.5928 60 3.82087
1474 7.92282e+28 1.87009e+28 2.30584e+18 96 55.0107 61 3.89152
1475 7.92282e+28 1.98574e+28 4.61169e+18 96 55.5947 62 3.93146
1476 7.92282e+28 2.02974e+28 4.61169e+18 96 55.6377 62 3.77812
1477 7.92282e+28 1.86573e+28 1.15292e+18 96 54.6768 60 3.81704
1478 7.92282e+28 1.89374e+28 7.3787e+19 96 56.6465 66 3.90259
1479 7.92282e+28 1.94358e+28 1.84467e+19 96 55.3896 64 3.91326
1480 7.92282e+28 1.83687e+28 1.15292e+18 96 54.625 60 3.87883
1481 7.92282e+28 1.82977e+28 5.76461e+17 96 54.9072 59 3.87648
1482 7.92282e+28 1.96856e+28 2.30584e+18 96 55.25 61 3.93217
1483 7.92282e+28 1.74045e+28 2.8823e+17 96 53.9609 58 3.7885
1484 7.92282e+28 1.7779e+28 1.15292e+18 96 54.168 60 3.74044
1485 7.92282e+28 1.92219e+28 2.30584e+18 96 55.2275 61 3.85925
1486 7.92282e+28 1.82234e+28 2.30584e+18 96 54.9658 61 3.85387
1487 7.92282e+28 1.96113e+28 7.20576e+16 96 54.1758 56 3.71133
1488 7.92282e+28 2.047e+28 1.84467e+19 96 55.8193 64 3.86024
1489 7.92282e+28 1.87296e+28 1.15292e+18 96 54.6279 60 3.81409
1490 7.92282e+28 1.98733e+28 9.22337e+18 96 55.4951 63 3.89023
1491 7.92282e+28 1.91818e+28 5.76461e+17 96 54.4043 59 3.78138
1492 7.92282e+28 1.95159e+28 1.15292e+18 96 54.6855 60 3.76934
1493 3.16913e+29 1.7699e+28 2.8823e+17 98 53.2627 58 3.76469
1494 7.92282e+28 1.84298e+28 1.15292e+18 96 54.6475 60 3.80294
1495 3.16913e+29 1.79813e+28 1.15292e+18 98 54.8037 60 3.90343
1496 7.92282e+28 1.87832e+28 1.84467e+19 96 55.666 64 3.77843
1497 7.92282e+28 1.86637e+28 2.30584e+18 96 55.0947 61 3.81361
1498 7.92282e+28 1.80978e+28 3.68935e+19 96 56.1533 65 3.83436
1499 7.92282e+28 1.9559e+28 1.84467e+19 96 55.6699 64 3.86342
