19231.5
0 1011.78 9.44032 4 3 0.0419922 0 0.129898
1 435 8.78477 4 2 0.0400391 0 0.135862
2 435.149 9.01495 4 2 0.0410156 0 0.135122
3 435.053 9.81573 5 2 0.0488281 0 0.137619
4 112.934 9.00722 5 1 0.0429688 0 0.137502
5 434.954 9.74825 5 2 0.0429688 0 0.141069
6 435.151 10.0387 5 2 0.0498047 0 0.139313
7 435.053 10.2472 5 2 0.0517578 0 0.139174
8 433.776 8.97707 5 2 0.0380859 0 0.140541
9 110.903 9.64897 5 1 0.0429688 0 0.145632
10 109.829 8.34059 5 1 0.0302734 0 0.145221
11 435.053 9.47641 5 2 0.0390625 0 0.145242
12 435.053 9.86209 5 2 0.0439453 0 0.141089
13 435.151 11.0939 5 2 0.0458984 0 0.146151
14 435.127 10.2727 6 2 0.0458984 0 0.146601
15 434.954 11.7873 6 2 0.0556641 0 0.148086
16 435.149 11.8876 6 2 0.0595703 0 0.147954
17 435.151 12.4177 6 2 0.0605469 0 0.147216
18 435.151 10.4336 6 2 0.0449219 0 0.148138
19 136.624 10.0089 6 1 0.0439453 0 0.149439
20 435.117 11.3108 6 2 0.0537109 0 0.147347
21 434.818 10.8647 6 2 0.0488281 0 0.148157
22 435.127 10.1144 6 2 0.0419922 0 0.149525
23 113.897 11.2774 6 1 0.0566406 0 0.149272
24 435.151 12.351 6 2 0.0615234 0 0.148016
25 435.151 11.5174 6 2 0.0546875 0 0.149219
26 435.149 11.4306 6 2 0.0517578 0 0.148368
27 435.151 10.3164 6 2 0.0429688 0 0.148798
28 435.151 13.3978 6 2 0.0683594 0 0.147286
29 435.053 11.3044 6 2 0.0537109 0 0.147769
30 435.053 12.6377 6 2 0.0654297 0 0.149825
31 435.149 10.8922 6 2 0.0488281 0 0.151162
32 435.076 12.2456 6 2 0.0605469 0 0.150942
33 434.412 12.4866 6 2 0.0664062 0 0.149475
34 435.053 10.7429 6 2 0.0488281 0 0.149608
35 435.117 11.8949 6 2 0.0546875 0 0.151318
36 435.127 12.6556 6 2 0.0585938 0 0.150085
37 435.149 12.0686 6 2 0.0605469 0 0.149244
38 1008.92 13.0738 6 3 0.0595703 0 0.151211
39 435.127 11.6829 6 2 0.0537109 0 0.152585
40 435.127 13.8449 6 2 0.0751953 0 0.152914
41 435.151 12.9629 6 2 0.0654297 0 0.151065
42 1010.21 13.028 6 3 0.0605469 0 0.156083
43 435.151 14.8333 6 2 0.078125 0 0.153321
44 435.127 11.6466 6 2 0.0488281 0 0.157926
45 435.149 13.1124 6 2 0.0615234 0 0.155455
46 435.151 11.701 6 2 0.0537109 0 0.153098
47 435.149 12.8019 6 2 0.0644531 0 0.15702
48 435.127 14.7241 6 2 0.0751953 0 0.156725
49 435.127 13.0981 6 2 0.0605469 0 0.153122
50 435.127 13.0067 6 2 0.0576172 0 0.158994
51 435.149 13.7219 7 2 0.0654297 0 0.158186
52 435.151 12.7766 7 2 0.0595703 0 0.158984
53 435.149 13.8556 7 2 0.0664062 0 0.15868
54 435.127 12.8165 7 2 0.0615234 0 0.160131
55 435.151 17.1221 7 2 0.09375 0 0.160896
56 435.127 13.6222 7 2 0.0683594 0 0.158986
57 435.127 14.8822 7 2 0.0722656 0 0.157792
58 435.151 14.618 7 2 0.0791016 0 0.158287
59 435.117 13.8265 7 2 0.0664062 0 0.161162
60 435.149 13.0907 7 2 0.0576172 0 0.159565
61 435.149 13.8738 7 2 0.0693359 0 0.161302
62 435.151 15.0768 7 2 0.078125 0 0.159589
63 435.076 14.3511 7 2 0.0673828 0 0.160349
64 435.151 13.9945 7 2 0.0703125 0 0.163544
65 435.127 14.4618 7 2 0.0732422 0 0.160959
66 112.934 13.2982 7 1 0.0693359 0 0.15948
67 434.781 12.579 7 2 0.0595703 0 0.159218
68 109.829 10.6605 7 1 0.0419922 0 0.160041
69 435.127 15.3203 7 2 0.0791016 0 0.161065
70 435.053 12.9188 7 2 0.0585938 0 0.158863
71 435.053 14.2256 7 2 0.0722656 0 0.16157
72 111.937 12.4887 7 1 0.0605469 0 0.159855
73 435 12.3076 7 2 0.0556641 0 0.157592
74 435.117 14.3564 7 2 0.0683594 0 0.162296
75 435.127 14.8652 7 2 0.0732422 0 0.160479
76 435.053 14.6599 7 2 0.0761719 0 0.162234
77 435.151 14.6996 8 2 0.0712891 0 0.163034
78 109.829 14.1273 8 1 0.0742188 0 0.163831
79 435.151 14.0257 7 2 0.0673828 0 0.162429
80 434.954 13.9896 7 2 0.0722656 0 0.161743
81 435.151 13.9186 7 2 0.0673828 0 0.16373
82 110.371 13.6581 8 1 0.0683594 0 0.165226
83 435.053 14.5497 8 2 0.0703125 0 0.16482
84 435.151 16.4992 8 2 0.0810547 0 0.165307
85 435.053 14.6896 8 2 0.0751953 0 0.163811
86 435.127 15.502 7 2 0.0810547 0 0.16434
87 435.151 17.1939 8 2 0.0869141 0 0.16678
88 435.151 17.8611 8 2 0.0888672 0 0.167316
89 435.149 14.7872 7 2 0.0742188 0 0.163486
90 435.151 14.5873 8 2 0.0703125 0 0.166179
91 435.149 14.8103 8 2 0.0712891 0 0.167318
92 435.151 15.8582 8 2 0.0800781 0 0.169721
93 1011.31 16.3624 8 3 0.0859375 0 0.165698
94 435.127 16.7481 8 2 0.0878906 0 0.168217
95 435.127 16.7797 8 2 0.0878906 0 0.166232
96 435.053 15.336 8 2 0.0791016 0 0.166943
97 435.127 16.7919 8 2 0.0908203 0 0.171156
98 435.127 13.7228 8 2 0.0644531 0 0.167813
99 435.127 15.2363 8 2 0.0771484 0 0.168018
100 435.151 16.7419 8 2 0.0830078 0 0.169082
101 435.149 18.5917 8 2 0.0957031 0 0.171455
102 435.149 16.3385 8 2 0.0820312 0 0.171769
103 110.903 15.3635 8 1 0.0810547 0 0.171237
104 435.127 16.8806 8 2 0.0917969 0 0.171047
105 1010.79 21.7023 8 3 0.12207 0 0.174793
106 435.127 18.296 8 2 0.106445 0 0.174167
107 435.151 18.9431 8 2 0.101562 0 0.174078
108 1010.79 19.8576 8 3 0.101562 0 0.176804
109 1012.52 19.735 9 3 0.108398 0 0.175559
110 435.151 19.9754 9 2 0.109375 0 0.177084
111 435.151 18.7236 9 2 0.09375 0 0.178218
112 1009.59 20.0018 9 3 0.104492 0 0.177562
113 435.151 21.0789 9 2 0.120117 0 0.178027
114 1012.77 22.2685 9 3 0.121094 0 0.180143
115 435.151 22.0492 9 2 0.119141 0 0.177989
116 435.149 17.9462 9 2 0.0947266 0 0.178549
117 435.151 23.56 9 2 0.138672 0 0.180369
118 435.151 19.5209 9 2 0.108398 0 0.179087
119 1009.59 23.3048 9 3 0.128906 0 0.181381
120 435.127 21.7044 9 2 0.12207 0 0.180318
121 1011.31 22.0677 9 3 0.125977 0 0.180203
122 435.151 21.9214 9 2 0.12793 0 0.179064
123 435.149 22.7265 9 2 0.134766 0 0.184307
124 1010.79 25.0615 9 3 0.145508 0 0.183241
125 435.149 24.6013 9 2 0.147461 0 0.186082
126 435.151 22.1578 9 2 0.125977 0 0.184611
127 435.151 23.4554 9 2 0.129883 0 0.184853
128 435.151 23.6005 9 2 0.137695 0 0.18553
129 435.151 21.7988 9 2 0.117188 0 0.185626
130 1010.21 25.8417 9 3 0.147461 0 0.184354
131 435.151 26.0407 9 2 0.157227 0 0.186402
132 435.151 22.5477 9 2 0.128906 0 0.186257
133 435.151 25.6104 9 2 0.151367 0 0.184992
134 1009.59 28.9287 9 3 0.15918 0 0.183552
135 435.151 28.6094 9 2 0.173828 0 0.187131
136 1011.31 30.1493 9 3 0.174805 0 0.185197
137 1008.92 29.5178 9 3 0.1875 0 0.18692
138 435.149 28.6849 9 2 0.181641 0 0.187608
139 435.151 27.5559 9 2 0.161133 0 0.190497
140 435.151 30.3035 9 2 0.181641 0 0.188581
141 435.151 29.9296 9 2 0.182617 0 0.190283
142 435.151 30.087 9 2 0.1875 0 0.189984
143 1008.92 33.2204 9 3 0.206055 0 0.188439
144 1010.79 32.9599 9 3 0.208984 0 0.189469
145 435.127 30.9952 9 2 0.198242 0 0.190512
146 435.151 31.9115 9 2 0.186523 0 0.190552
147 1008.92 34.2647 9 3 0.207031 0 0.192818
148 1009.59 32.5234 9 3 0.202148 0 0.190066
149 1010.79 36.8823 9 3 0.233398 0 0.193123
150 1008.92 32.7219 9 3 0.191406 0 0.191809
151 435.151 34.8201 9 2 0.212891 0 0.189723
152 1008.92 33.2702 9 3 0.212891 0 0.192042
153 1008.92 34.1172 9 3 0.207031 0 0.190742
154 1008.92 35.6619 9 3 0.213867 0 0.190358
155 1010.21 38.3321 9 3 0.235352 0 0.191911
156 435.151 33.436 9 2 0.214844 0 0.192382
157 1011.31 39.8869 9 3 0.234375 0 0.192324
158 1010.21 37.7808 9 3 0.231445 0 0.195914
159 1009.59 37.5691 9 3 0.234375 0 0.192043
160 435.151 33.6896 9 2 0.226562 0 0.191718
161 1009.59 40.4175 9 3 0.250977 0 0.192934
162 435.151 37.3856 9 2 0.25 0 0.193016
163 1010.21 37.0828 9 3 0.236328 0 0.192077
164 1008.92 36.5825 9 3 0.231445 0 0.191335
165 1009.59 43.7522 9 3 0.271484 0 0.193036
166 1011.31 39.448 9 3 0.251953 0 0.193393
167 1011.31 40.883 9 3 0.271484 0 0.193439
168 1012.52 38.5709 9 3 0.244141 0 0.192483
169 1012.18 42.0679 9 3 0.254883 0 0.194537
170 1008.92 41.2144 10 3 0.270508 0 0.196663
171 1009.59 45.663 11 3 0.303711 0 0.196535
172 1012.18 42.917 10 3 0.262695 0 0.196585
173 1010.21 42.2703 10 3 0.276367 0 0.196794
174 1010.21 44.3463 10 3 0.286133 0 0.196385
175 435.151 42.1974 10 2 0.275391 0 0.197593
176 435.151 37.4848 9 2 0.246094 0 0.196692
177 1008.92 42.9959 10 3 0.266602 0 0.196263
178 1011.31 41.0399 9 3 0.267578 0 0.194992
179 1846.55 39.8555 9 4 0.24707 0 0.195755
180 1008.92 42.0676 10 3 0.269531 0 0.194162
181 1011.31 42.0844 9 3 0.271484 0 0.194616
182 435.151 39.2099 9 2 0.260742 0 0.194105
183 435.151 39.7734 10 2 0.260742 0 0.196438
184 435.151 40.2923 10 2 0.271484 0 0.1944
185 1008.92 40.2605 10 3 0.259766 0 0.197398
186 435.151 39.1719 10 2 0.255859 0 0.194683
187 1008.92 41.3826 9 3 0.261719 0 0.195848
188 1009.59 42.6592 10 3 0.269531 0 0.195228
189 1008.92 43.6248 11 3 0.290039 0 0.197112
190 1008.92 44.5153 10 3 0.295898 0 0.198519
191 1008.92 43.4678 10 3 0.280273 0 0.194925
192 1008.92 43.3186 10 3 0.280273 0 0.196907
193 435.151 42.8282 10 2 0.289062 0 0.195907
194 1010.21 43.1874 9 3 0.274414 0 0.193545
195 1012.52 39.9847 9 3 0.257812 0 0.196445
196 1008.92 38.131 10 3 0.255859 0 0.197991
197 1008.92 45.4756 10 3 0.286133 0 0.197494
198 1008.92 40.1957 10 3 0.267578 0 0.197861
199 1009.59 41.708 9 3 0.273438 0 0.196004
200 1011.31 43.9679 11 3 0.296875 0 0.198008
201 435.151 42.3751 10 2 0.286133 0 0.197943
202 435.151 41.1087 10 2 0.270508 0 0.198869
203 1011.78 43.0187 10 3 0.283203 0 0.197595
204 1848.92 47.8067 10 4 0.301758 0 0.197669
205 1010.21 45.8197 11 3 0.298828 0 0.197786
206 1008.92 47.8641 10 3 0.299805 0 0.199597
207 435.151 46.9619 11 2 0.30957 0 0.198554
208 1008.92 45.5756 10 3 0.286133 0 0.19835
209 1011.31 42.432 10 3 0.279297 0 0.197944
210 435.151 42.9342 10 2 0.28125 0 0.196465
211 1008.92 48.6173 11 3 0.306641 0 0.199852
212 1011.31 44.3531 11 3 0.28418 0 0.199037
213 1008.92 46.584 11 3 0.306641 0 0.199888
214 1008.92 47.1926 11 3 0.316406 0 0.197708
215 1011.78 44.9579 11 3 0.286133 0 0.19934
216 1008.92 50.9231 11 3 0.333008 0 0.199774
217 435.151 41.5211 11 2 0.283203 0 0.199508
218 1008.92 49.2753 11 3 0.307617 0 0.19865
219 1011.31 41.2862 10 3 0.269531 0 0.199439
220 435.151 44.9517 11 2 0.306641 0 0.19908
221 1011.31 45.44 11 3 0.291992 0 0.201393
222 435.151 46.1666 11 2 0.308594 0 0.202163
223 1008.92 44.3853 11 3 0.300781 0 0.19965
224 1008.92 46.3595 11 3 0.314453 0 0.199301
225 1843.9 48.5825 11 4 0.317383 0 0.200685
226 435.151 42.1875 11 2 0.28418 0 0.20105
227 1008.92 46.353 11 3 0.304688 0 0.199599
228 1009.59 48.9101 11 3 0.306641 0 0.198679
229 1843.9 50.5544 11 4 0.319336 0 0.200702
230 1008.92 50.2657 10 3 0.317383 0 0.200328
231 1009.59 47.4917 12 3 0.310547 0 0.201007
232 435.151 48.3256 11 2 0.322266 0 0.200678
233 1008.92 49.005 11 3 0.324219 0 0.200571
234 1008.92 53.0016 12 3 0.351562 0 0.20082
235 435.151 45.3141 11 2 0.295898 0 0.203374
236 435.151 47.7461 12 2 0.319336 0 0.202336
237 1008.92 47.1758 11 3 0.3125 0 0.200839
238 1011.31 46.9134 11 3 0.304688 0 0.201286
239 1011.31 43.1719 11 3 0.282227 0 0.201777
240 1011.31 45.9437 11 3 0.3125 0 0.201411
241 1011.31 47.4043 11 3 0.305664 0 0.200207
242 1011.31 52.1215 11 3 0.333008 0 0.20025
243 435.151 48.6895 11 2 0.323242 0 0.201186
244 1011.31 48.0233 11 3 0.31543 0 0.199362
245 435.151 46.3205 11 2 0.310547 0 0.20194
246 435.151 42.882 10 2 0.282227 0 0.201907
247 1008.92 51.1083 12 3 0.335938 0 0.201131
248 1009.59 46.6159 11 3 0.30957 0 0.20007
249 435.151 46.9583 11 2 0.31543 0 0.200086
250 1011.31 49.0316 11 3 0.319336 0 0.201681
251 1008.92 45.3389 11 3 0.300781 0 0.203296
252 1011.31 53.2833 12 3 0.341797 0 0.2021
253 1008.92 51.2045 12 3 0.332031 0 0.203055
254 1011.31 48.5457 11 3 0.298828 0 0.203873
255 1008.92 49.1121 12 3 0.321289 0 0.203489
256 1011.78 46.4423 11 3 0.299805 0 0.201031
257 1008.92 47.8786 12 3 0.316406 0 0.202764
258 1011.31 46.0166 12 3 0.30957 0 0.203941
259 1007.46 45.141 12 3 0.302734 0 0.203702
260 435.151 44.6669 12 2 0.293945 0 0.203741
261 1008.92 48.6613 12 3 0.314453 0 0.20319
262 435.151 43.3723 10 2 0.285156 0 0.200349
263 1011.78 49.1372 12 3 0.313477 0 0.201796
264 435.151 45.6483 12 2 0.3125 0 0.201293
265 1010.21 47.1794 12 3 0.317383 0 0.203143
266 1008.92 44.4479 11 3 0.299805 0 0.201415
267 1009.59 51.1972 12 3 0.344727 0 0.202565
268 1011.31 50.3396 12 3 0.326172 0 0.204613
269 1011.78 50.5964 11 3 0.317383 0 0.204053
270 1011.78 51.9375 13 3 0.339844 0 0.204103
271 435.151 47.4279 12 2 0.333008 0 0.204254
272 1011.31 51.8978 12 3 0.333984 0 0.20302
273 1011.31 55.5907 13 3 0.369141 0 0.20531
274 1011.78 46.0292 12 3 0.292969 0 0.204792
275 1842.49 50.93 11 4 0.324219 0 0.202426
276 1010.21 50.1816 13 3 0.34082 0 0.203136
277 1008.92 48.7336 12 3 0.323242 0 0.204935
278 1845.26 55.4732 13 4 0.369141 0 0.203651
279 435.151 46.5742 11 2 0.306641 0 0.204208
280 435.151 51.1043 13 2 0.348633 0 0.206342
281 1008.92 51.6412 12 3 0.347656 0 0.205305
282 1010.21 48.3451 12 3 0.311523 0 0.205821
283 1011.31 53.76 13 3 0.352539 0 0.206532
284 1008.92 51.5327 12 3 0.318359 0 0.206176
285 435.151 48.4658 12 2 0.314453 0 0.204259
286 1008.92 50.6115 13 3 0.341797 0 0.206476
287 1008.92 55.1107 12 3 0.350586 0 0.206427
288 435.151 46.6463 13 2 0.317383 0 0.206464
289 1009.59 51.2378 13 3 0.322266 0 0.205976
290 435.151 49.9128 13 2 0.341797 0 0.20778
291 1008.92 47.8778 12 3 0.31543 0 0.205983
292 1011.31 48.3325 13 3 0.314453 0 0.207775
293 1011.31 51.3518 13 3 0.323242 0 0.206599
294 1009.59 57.6284 13 3 0.366211 0 0.207831
295 1008.92 50.034 13 3 0.337891 0 0.20625
296 1009.59 53.3842 13 3 0.351562 0 0.205916
297 1009.59 50.4513 12 3 0.318359 0 0.205344
298 435.151 48.6778 13 2 0.323242 0 0.207123
299 1009.59 45.7233 13 3 0.305664 0 0.205187
300 1011.31 50.429 13 3 0.329102 0 0.208054
301 1011.31 54.7447 13 3 0.348633 0 0.206686
302 1008.92 52.4772 13 3 0.345703 0 0.207123
303 1011.31 55.7929 13 3 0.376953 0 0.207627
304 1010.21 52.6489 12 3 0.341797 0 0.207183
305 1010.21 50.2644 13 3 0.331055 0 0.208727
306 435.151 48.8055 13 2 0.326172 0 0.208593
307 1008.92 48.3891 13 3 0.322266 0 0.207829
308 1008.92 50.2585 13 3 0.328125 0 0.205853
309 1010.21 51.7146 12 3 0.318359 0 0.206612
310 1011.31 49.5439 13 3 0.332031 0 0.206885
311 1008.92 51.8006 13 3 0.344727 0 0.209512
312 1011.31 52.7261 13 3 0.353516 0 0.206602
313 1008.92 44.5524 13 3 0.299805 0 0.209664
314 1011.31 47.2117 13 3 0.300781 0 0.20712
315 1008.92 54.9796 13 3 0.356445 0 0.204926
316 1011.31 51.5234 13 3 0.333008 0 0.208045
317 435.149 48.2542 13 2 0.323242 0 0.207784
318 1011.31 50.2313 13 3 0.336914 0 0.206451
319 1011.31 47.0737 13 3 0.317383 0 0.207641
320 1008.92 50.5932 13 3 0.333984 0 0.209807
321 1011.31 56.4792 13 3 0.357422 0 0.209593
322 1011.31 51.37 13 3 0.339844 0 0.209015
323 1845.26 48.3216 13 4 0.316406 0 0.207247
324 435.151 48.5231 13 2 0.322266 0 0.206788
325 1009.59 50.5415 13 3 0.325195 0 0.208529
326 1008.92 52.3957 13 3 0.336914 0 0.209555
327 1011.31 46.7559 13 3 0.307617 0 0.207638
328 1010.79 52.811 13 3 0.344727 0 0.209273
329 1010.21 53.0688 13 3 0.34668 0 0.208236
330 1008.92 47.806 13 3 0.300781 0 0.209774
331 1011.31 51.954 13 3 0.34668 0 0.211464
332 435.127 47.8053 13 2 0.316406 0 0.207329
333 1011.78 49.7216 13 3 0.329102 0 0.207804
334 435.151 46.1768 13 2 0.298828 0 0.208209
335 435.151 49.9551 13 2 0.332031 0 0.210297
336 1011.31 51.8773 13 3 0.34082 0 0.209029
337 1008.92 54.9965 13 3 0.337891 0 0.208661
338 1008.92 51.4101 13 3 0.335938 0 0.205295
339 435.151 52.6153 13 2 0.351562 0 0.209185
340 1008.92 43.4612 12 3 0.279297 0 0.206849
341 1011.31 52.9219 13 3 0.347656 0 0.207475
342 1008.92 50.1401 13 3 0.323242 0 0.208506
343 1011.31 51.0141 13 3 0.329102 0 0.208504
344 1008.92 50.5431 13 3 0.325195 0 0.207909
345 1008.92 52.8928 13 3 0.337891 0 0.208578
346 1008.92 54.4393 13 3 0.338867 0 0.209621
347 1008.92 57.2484 13 3 0.37793 0 0.208112
348 1011.31 56.3347 13 3 0.369141 0 0.211065
349 1011.31 51.442 13 3 0.335938 0 0.209008
350 435.151 48.4792 13 2 0.317383 0 0.209477
351 1008.92 49.5255 13 3 0.332031 0 0.206668
352 1008.92 46.9832 13 3 0.310547 0 0.209291
353 1011.31 50.5816 13 3 0.34375 0 0.210104
354 435.151 46.6399 13 2 0.325195 0 0.210914
355 1009.59 45.9141 13 3 0.302734 0 0.210052
356 435.149 52.7197 13 2 0.349609 0 0.20838
357 435.151 48.3008 13 2 0.321289 0 0.208312
358 1011.31 50.7962 13 3 0.328125 0 0.20789
359 2951.77 45.764 13 5 0.303711 0 0.209217
360 435.151 46.8629 13 2 0.311523 0 0.206743
361 1008.92 45.8656 13 3 0.314453 0 0.208449
362 435.151 49.1977 13 2 0.321289 0 0.210432
363 1843.9 47.6065 13 4 0.316406 0 0.208877
364 1011.31 53.7687 13 3 0.353516 0 0.208632
365 1008.92 50.6601 13 3 0.34082 0 0.20702
366 1010.21 53.6741 13 3 0.347656 0 0.205509
367 1843.9 53.7576 13 4 0.34082 0 0.209133
368 1008.92 52.4272 13 3 0.345703 0 0.210035
369 435.151 50.9814 13 2 0.331055 0 0.209811
370 1008.92 52.319 13 3 0.337891 0 0.209205
371 1008.92 54.7187 13 3 0.344727 0 0.208636
372 1008.92 51.6062 13 3 0.342773 0 0.20896
373 1010.21 53.4256 13 3 0.34668 0 0.210013
374 1011.31 53.9847 13 3 0.355469 0 0.209277
375 435.151 49.2866 13 2 0.326172 0 0.208671
376 1009.59 52.0241 13 3 0.326172 0 0.209232
377 1008.92 50.1309 13 3 0.328125 0 0.207617
378 1008.92 49.4585 13 3 0.318359 0 0.208781
379 1011.31 55.7751 13 3 0.361328 0 0.210235
380 1008.92 47.957 13 3 0.319336 0 0.207657
381 1008.92 53.7806 13 3 0.338867 0 0.209159
382 1008.92 51.6793 13 3 0.34082 0 0.209458
383 1009.59 52.038 13 3 0.337891 0 0.208958
384 1008.92 47.3647 13 3 0.311523 0 0.210909
385 1011.31 51.8337 13 3 0.334961 0 0.206642
386 1011.78 54.4484 13 3 0.353516 0 0.207789
387 1011.31 50.6129 13 3 0.323242 0 0.208692
388 435.151 47.2447 13 2 0.318359 0 0.209628
389 1008.92 49.8671 13 3 0.318359 0 0.209191
390 1011.31 52.8868 13 3 0.335938 0 0.206796
391 1008.92 50.4481 13 3 0.34082 0 0.208382
392 1008.92 46.8178 13 3 0.308594 0 0.207261
393 1008.92 51.8035 13 3 0.344727 0 0.208715
394 1008.92 51.692 13 3 0.336914 0 0.20862
395 1011.31 53.533 13 3 0.358398 0 0.207684
396 1848.92 52.1068 13 4 0.344727 0 0.208789
397 1010.21 48.5642 13 3 0.318359 0 0.208201
398 435.151 47.7676 13 2 0.322266 0 0.208481
399 1008.92 48.5351 13 3 0.327148 0 0.210742
400 1843.9 50.4723 13 4 0.334961 0 0.208657
401 1009.59 51.3415 13 3 0.34375 0 0.209767
402 1008.92 51.6365 13 3 0.331055 0 0.209309
403 1843.9 57.0035 13 4 0.348633 0 0.209465
404 1009.59 48.6314 13 3 0.319336 0 0.207904
405 1008.92 51.8156 13 3 0.353516 0 0.209662
406 1008.92 52.4097 13 3 0.349609 0 0.207637
407 435.149 42.0953 13 2 0.27832 0 0.208055
408 1011.31 52.431 13 3 0.34082 0 0.210064
409 435.151 50.5083 13 2 0.327148 0 0.20898
410 1009.59 49.7099 13 3 0.318359 0 0.208344
411 435.151 47.267 13 2 0.31543 0 0.208164
412 435.151 52.2132 13 2 0.351562 0 0.208277
413 1008.92 50.1773 13 3 0.324219 0 0.207794
414 1008.92 53.3907 13 3 0.351562 0 0.208895
415 1011.31 54.4637 13 3 0.359375 0 0.209356
416 1008.92 56.8452 13 3 0.361328 0 0.209621
417 435.151 53.9334 13 2 0.359375 0 0.209539
418 1009.59 50.9811 13 3 0.332031 0 0.208598
419 435.151 54.1565 13 2 0.347656 0 0.2095
420 1009.59 50.4983 13 3 0.344727 0 0.209532
421 1008.92 55.171 13 3 0.365234 0 0.209097
422 1008.92 47.0487 13 3 0.31543 0 0.20789
423 435.151 53.4283 13 2 0.351562 0 0.209411
424 1008.92 53.7118 13 3 0.362305 0 0.212089
425 1007.46 52.8644 13 3 0.34668 0 0.209097
426 1008.92 55.9277 13 3 0.356445 0 0.208135
427 1008.92 46.3323 13 3 0.297852 0 0.208939
428 435.151 51.6226 13 2 0.337891 0 0.210082
429 1008.92 53.3849 13 3 0.360352 0 0.209611
430 1008.92 47.6544 13 3 0.305664 0 0.210854
431 435.151 46.7964 13 2 0.318359 0 0.206067
432 1843.9 52.0696 13 4 0.325195 0 0.209459
433 1009.59 53.04 13 3 0.34082 0 0.210156
434 1008.92 50.5364 13 3 0.342773 0 0.210808
435 435.127 47.9912 13 2 0.325195 0 0.211657
436 1008.92 49.0823 13 3 0.328125 0 0.209167
437 1008.92 50.9614 13 3 0.332031 0 0.208212
438 1011.31 53.937 13 3 0.354492 0 0.208869
439 1011.31 48.8416 13 3 0.323242 0 0.209424
440 1011.78 55.2378 13 3 0.368164 0 0.211902
441 1008.92 50.7446 13 3 0.34082 0 0.211711
442 435.151 50.1429 13 2 0.336914 0 0.20874
443 1008.92 55.2952 13 3 0.358398 0 0.211002
444 1845.26 51.9241 13 4 0.333008 0 0.210574
445 1008.92 52.3191 13 3 0.335938 0 0.20886
446 1009.59 51.813 13 3 0.354492 0 0.211135
447 1011.78 51.7045 13 3 0.330078 0 0.208519
448 435.151 47.2895 13 2 0.321289 0 0.209312
449 1008.92 55.5821 13 3 0.356445 0 0.208121
450 1009.59 52.9179 13 3 0.337891 0 0.20802
451 1011.78 53.8428 13 3 0.351562 0 0.208241
452 435.151 50.6037 13 2 0.345703 0 0.209564
453 1009.59 57.117 13 3 0.361328 0 0.210556
454 1011.31 52.4008 13 3 0.338867 0 0.209433
455 1008.92 53.6773 13 3 0.356445 0 0.208927
456 1008.92 49.923 13 3 0.331055 0 0.210317
457 1011.31 57.4368 13 3 0.374023 0 0.209835
458 1011.31 52.892 13 3 0.336914 0 0.210084
459 1008.92 53.4457 13 3 0.342773 0 0.209273
460 1011.31 56.8837 13 3 0.380859 0 0.2082
461 1008.92 49.6961 13 3 0.324219 0 0.210219
462 1008.92 51.3192 13 3 0.34082 0 0.21028
463 1011.31 51.9076 13 3 0.34668 0 0.210879
464 1008.92 54.9362 13 3 0.351562 0 0.210973
465 1011.31 56.8977 13 3 0.357422 0 0.209325
466 1011.31 47.8329 13 3 0.318359 0 0.207209
467 1008.92 49.2813 13 3 0.322266 0 0.210238
468 1011.78 51.0961 13 3 0.317383 0 0.210862
469 1011.31 53.1127 13 3 0.347656 0 0.210633
470 1009.59 46.6124 13 3 0.314453 0 0.20874
471 1008.92 52.7701 13 3 0.347656 0 0.209705
472 1008.92 49.7714 13 3 0.330078 0 0.209508
473 1008.92 54.0891 13 3 0.348633 0 0.210734
474 1008.92 56.647 13 3 0.362305 0 0.212469
475 1009.59 51.2145 13 3 0.334961 0 0.211041
476 1012.18 59.3136 13 3 0.375 0 0.20963
477 1008.92 51.3173 13 3 0.328125 0 0.208875
478 1011.31 52.0594 13 3 0.333984 0 0.21134
479 1011.31 52.6392 13 3 0.352539 0 0.209248
480 1008.92 55.2829 13 3 0.357422 0 0.211839
481 1008.92 55.7997 13 3 0.351562 0 0.20887
482 1012.52 53.3705 13 3 0.351562 0 0.211218
483 1011.31 51.9973 13 3 0.345703 0 0.209409
484 1011.31 53.1824 13 3 0.357422 0 0.210644
485 1008.92 53.0811 13 3 0.34668 0 0.211017
486 1011.31 51.8219 13 3 0.34668 0 0.20918
487 1008.92 53.7425 13 3 0.37207 0 0.211187
488 1008.92 49.0283 13 3 0.332031 0 0.208864
489 1008.92 52.4371 13 3 0.338867 0 0.210185
490 1012.18 48.7025 13 3 0.329102 0 0.208372
491 1008.92 50.8177 13 3 0.336914 0 0.208988
492 1009.59 59.3449 13 3 0.385742 0 0.210926
493 1009.59 60.8621 13 3 0.376953 0 0.20945
494 435.151 49.5368 13 2 0.328125 0 0.209192
495 1011.31 57.5496 13 3 0.374023 0 0.209996
496 1008.92 53.7244 13 3 0.353516 0 0.212289
497 1008.92 49.3551 13 3 0.326172 0 0.209512
498 1010.21 51.1805 13 3 0.329102 0 0.211458
499 1011.31 52.699 13 3 0.338867 0 0.210378
500 1009.59 48.0507 13 3 0.314453 0 0.20959
501 435.151 50.5881 13 2 0.331055 0 0.21001
502 1008.92 51.9782 13 3 0.34082 0 0.209539
503 1008.92 53.1484 13 3 0.351562 0 0.211865
504 435.149 44.2541 13 2 0.302734 0 0.209935
505 435.151 49.1129 13 2 0.335938 0 0.211034
506 1009.59 53.6105 13 3 0.348633 0 0.213213
507 1011.31 50.1236 13 3 0.332031 0 0.211676
508 435.151 52.1253 13 2 0.350586 0 0.208255
509 1008.92 51.6137 13 3 0.328125 0 0.210509
510 435.151 55.0406 13 2 0.367188 0 0.211501
511 435.151 52.6234 13 2 0.34375 0 0.209709
512 1011.78 54.5434 13 3 0.362305 0 0.212861
513 1008.92 56.9989 13 3 0.375 0 0.209165
514 1009.59 52.8685 13 3 0.351562 0 0.208823
515 435.151 51.6239 13 2 0.348633 0 0.210501
516 1008.92 56.3153 13 3 0.349609 0 0.211421
517 1008.92 52.1506 13 3 0.34668 0 0.210464
518 1008.92 53.5793 13 3 0.344727 0 0.211927
519 2951.77 56.3956 13 5 0.337891 0 0.21054
520 1011.31 52.3068 13 3 0.335938 0 0.208535
521 435.151 52.2099 13 2 0.338867 0 0.210351
522 1009.59 56.0871 13 3 0.354492 0 0.21136
523 1008.92 57.5875 13 3 0.382812 0 0.2124
524 1008.92 54.7266 13 3 0.370117 0 0.211996
525 1008.92 54.2655 13 3 0.360352 0 0.213157
526 1008.92 52.6217 13 3 0.34375 0 0.212079
527 1011.31 56.5092 13 3 0.368164 0 0.211602
528 1011.31 53.0178 13 3 0.336914 0 0.210512
529 435.151 52.2227 13 2 0.351562 0 0.212163
530 1009.59 47.5215 13 3 0.317383 0 0.210337
531 1841.02 62.5877 13 4 0.398438 0 0.21052
532 1011.31 59.2422 13 3 0.37793 0 0.210516
533 1008.92 52.3752 13 3 0.336914 0 0.211719
534 1008.92 53.815 13 3 0.350586 0 0.210003
535 435.127 48.9459 13 2 0.34082 0 0.211705
536 1008.92 42.9614 13 3 0.289062 0 0.208204
537 435.151 48.1851 13 2 0.329102 0 0.211109
538 1008.92 57.8186 13 3 0.378906 0 0.211838
539 1011.31 53.7785 13 3 0.349609 0 0.212128
540 1011.31 49.9802 13 3 0.337891 0 0.210823
541 1849.99 52.8666 13 4 0.34375 0 0.211636
542 1008.92 49.8029 13 3 0.317383 0 0.211834
543 1009.59 55.8811 13 3 0.351562 0 0.211979
544 1011.31 51.1858 13 3 0.34082 0 0.211106
545 1008.92 53.6815 13 3 0.351562 0 0.211401
546 1843.9 58.8304 13 4 0.363281 0 0.210043
547 1008.92 53.9891 13 3 0.34668 0 0.211513
548 1008.92 53.2537 13 3 0.347656 0 0.21209
549 1008.92 53.8744 13 3 0.352539 0 0.210283
550 1843.9 48.0663 13 4 0.307617 0 0.208602
551 1008.92 52.2961 13 3 0.34668 0 0.210153
552 435.127 48.9265 13 2 0.332031 0 0.210402
553 1008.92 54.693 13 3 0.358398 0 0.212257
554 1010.79 51.7284 13 3 0.350586 0 0.212025
555 1011.78 54.3305 13 3 0.355469 0 0.210469
556 1008.92 48.8523 13 3 0.325195 0 0.209883
557 1010.21 50.4911 13 3 0.331055 0 0.209587
558 435.127 50.7508 13 2 0.339844 0 0.210467
559 1008.92 50.5068 13 3 0.323242 0 0.210779
560 1008.92 48.371 13 3 0.305664 0 0.210817
561 1009.59 50.6084 13 3 0.333984 0 0.209988
562 1008.92 52.6364 13 3 0.344727 0 0.211722
563 1011.31 51.2993 13 3 0.34375 0 0.209167
564 1008.92 49.6998 13 3 0.31543 0 0.20983
565 1009.59 53.3464 13 3 0.34375 0 0.209324
566 1011.31 49.4595 13 3 0.321289 0 0.210995
567 1843.9 51.755 13 4 0.336914 0 0.212011
568 1008.92 53.8636 13 3 0.34082 0 0.211603
569 1011.31 50.8802 13 3 0.34082 0 0.209912
570 1008.92 53.2428 13 3 0.357422 0 0.211609
571 1008.92 54.9087 13 3 0.357422 0 0.212788
572 1011.31 53.8652 13 3 0.348633 0 0.210666
573 1009.59 54.45 13 3 0.351562 0 0.211274
574 435.151 48.8856 13 2 0.335938 0 0.211218
575 1008.92 57.9479 13 3 0.375 0 0.212136
576 1008.92 51.8689 13 3 0.34082 0 0.212531
577 1008.92 53.3987 13 3 0.357422 0 0.21269
578 1008.92 54.5849 13 3 0.360352 0 0.21126
579 1010.79 54.7047 13 3 0.360352 0 0.212497
580 1008.92 54.6744 13 3 0.347656 0 0.212419
581 1008.92 54.7456 13 3 0.349609 0 0.212534
582 1011.31 57.4594 13 3 0.375977 0 0.210866
583 1008.92 55.4424 13 3 0.353516 0 0.210332
584 435.151 49.806 13 2 0.327148 0 0.2119
585 1008.92 56.3344 13 3 0.359375 0 0.211361
586 1008.92 53.7671 13 3 0.361328 0 0.209919
587 1008.92 51.2453 13 3 0.319336 0 0.211186
588 435.151 49.5209 13 2 0.316406 0 0.210086
589 1008.92 51.4744 13 3 0.355469 0 0.212361
590 1011.31 59.6825 13 3 0.369141 0 0.212124
591 1011.31 51.6945 13 3 0.341797 0 0.212107
592 1011.31 49.8264 13 3 0.324219 0 0.209674
593 1010.21 54.837 13 3 0.34375 0 0.211373
594 435.127 45.6318 13 2 0.30957 0 0.208532
595 1843.9 51.296 13 4 0.336914 0 0.208656
596 1008.92 56.1205 13 3 0.359375 0 0.210962
597 1008.92 54.0673 13 3 0.356445 0 0.208713
598 1008.92 49.2722 13 3 0.338867 0 0.210259
599 1011.31 53.5095 13 3 0.34668 0 0.210495
600 1008.92 48.2 13 3 0.311523 0 0.210575
601 1008.92 54.7675 13 3 0.347656 0 0.211394
602 435.127 48.8161 13 2 0.323242 0 0.209742
603 1010.21 56.8089 13 3 0.357422 0 0.208333
604 1008.92 49.4967 13 3 0.321289 0 0.208735
605 1009.59 49.9852 13 3 0.334961 0 0.20912
606 1008.92 50.5624 13 3 0.336914 0 0.208015
607 1011.31 52.9857 13 3 0.348633 0 0.210602
608 435.127 49.7434 13 2 0.341797 0 0.209986
609 1008.92 55.1042 13 3 0.356445 0 0.21075
610 1008.92 51.9961 13 3 0.324219 0 0.21041
611 1008.92 52.4637 13 3 0.344727 0 0.211751
612 1008.92 49.3674 13 3 0.329102 0 0.209054
613 1008.92 51.0685 13 3 0.324219 0 0.210843
614 435.149 55.202 13 2 0.378906 0 0.20962
615 1011.31 50.4378 13 3 0.330078 0 0.207083
616 435.151 45.7308 13 2 0.302734 0 0.209611
617 1008.92 50.7562 13 3 0.317383 0 0.211566
618 435.151 46.4756 13 2 0.323242 0 0.210482
619 1008.92 51.4373 13 3 0.344727 0 0.210625
620 1008.92 50.8799 13 3 0.330078 0 0.209696
621 1008.92 47.5605 13 3 0.316406 0 0.209989
622 1011.31 52.6806 13 3 0.342773 0 0.210706
623 1011.31 55.0889 13 3 0.358398 0 0.211365
624 1008.92 54.0928 13 3 0.350586 0 0.209958
625 1008.92 53.7839 13 3 0.359375 0 0.210818
626 1009.59 52.4549 13 3 0.34668 0 0.212056
627 435.151 48.7476 13 2 0.324219 0 0.210087
628 1843.9 56.2723 13 4 0.362305 0 0.213223
629 1008.92 47.9793 13 3 0.305664 0 0.21119
630 1012.18 59.242 13 3 0.379883 0 0.213246
631 1009.59 55.9267 13 3 0.357422 0 0.212334
632 1008.92 51.7215 13 3 0.34668 0 0.212024
633 1008.92 56.7383 13 3 0.378906 0 0.212517
634 1008.92 53.5977 13 3 0.362305 0 0.212777
635 1008.92 50.5484 13 3 0.321289 0 0.213887
636 1843.9 52.7149 13 4 0.34375 0 0.211633
637 1007.46 53.8666 13 3 0.356445 0 0.212028
638 1008.92 51.025 13 3 0.332031 0 0.212105
639 435.151 47.7352 13 2 0.321289 0 0.209013
640 1008.92 51.9892 13 3 0.345703 0 0.212656
641 435.151 49.518 13 2 0.329102 0 0.211222
642 1011.78 58.9062 13 3 0.364258 0 0.21099
643 1843.9 55.987 13 4 0.367188 0 0.210338
644 1008.92 52.1406 13 3 0.339844 0 0.210583
645 1009.59 51.2532 13 3 0.327148 0 0.211977
646 1008.92 49.8669 13 3 0.336914 0 0.211445
647 1009.59 49.7799 13 3 0.337891 0 0.211063
648 1008.92 55.2086 13 3 0.362305 0 0.210796
649 1008.92 49.277 13 3 0.34082 0 0.212933
650 1008.92 51.7178 13 3 0.345703 0 0.211988
651 435.151 50.0249 13 2 0.34082 0 0.211446
652 1008.92 53.3806 13 3 0.347656 0 0.210657
653 1008.92 49.9361 13 3 0.333984 0 0.212077
654 1843.9 53.109 13 4 0.345703 0 0.209764
655 1008.92 58.6378 13 3 0.373047 0 0.213393
656 1008.92 54.0648 13 3 0.360352 0 0.213087
657 1011.31 52.6057 13 3 0.345703 0 0.211724
658 1011.31 52.1959 13 3 0.34082 0 0.213515
659 435.127 48.0573 13 2 0.328125 0 0.210638
660 1843.9 54.4597 13 4 0.34082 0 0.21249
661 435.127 50.4367 13 2 0.341797 0 0.213703
662 1008.92 51.9374 13 3 0.347656 0 0.213118
663 1008.92 50.4625 13 3 0.333984 0 0.21106
664 1008.92 52.5478 13 3 0.34668 0 0.210251
665 1011.31 52.3178 13 3 0.339844 0 0.212922
666 435.151 49.6241 13 2 0.333008 0 0.210616
667 1008.92 55.3788 13 3 0.356445 0 0.211869
668 1008.92 51.9204 13 3 0.345703 0 0.212309
669 1008.92 52.409 13 3 0.34375 0 0.211673
670 1008.92 51.9014 13 3 0.34082 0 0.211839
671 435.127 50.8613 13 2 0.337891 0 0.211046
672 1008.92 56.7788 13 3 0.367188 0 0.213387
673 1008.92 54.1073 13 3 0.357422 0 0.21469
674 1008.92 54.8301 13 3 0.352539 0 0.212274
675 1008.92 49.118 13 3 0.322266 0 0.211701
676 1843.9 51.2779 13 4 0.318359 0 0.214603
677 1008.92 51.5449 13 3 0.347656 0 0.212836
678 1008.92 53.7112 13 3 0.350586 0 0.212142
679 1008.92 51.1747 13 3 0.349609 0 0.212131
680 1011.31 53.5581 13 3 0.350586 0 0.212524
681 1009.59 47.8466 13 3 0.318359 0 0.211292
682 1011.31 57.7933 13 3 0.367188 0 0.211688
683 1008.92 56.617 13 3 0.367188 0 0.21453
684 1008.92 51.8029 13 3 0.341797 0 0.212708
685 1008.92 53.2139 13 3 0.347656 0 0.21504
686 435.127 51.1807 13 2 0.348633 0 0.213301
687 435.151 48.5878 13 2 0.314453 0 0.211216
688 1011.31 50.3078 13 3 0.3125 0 0.212917
689 1011.31 55.7928 13 3 0.362305 0 0.213463
690 1011.31 46.3766 13 3 0.311523 0 0.212008
691 435.151 52.6254 13 2 0.34668 0 0.214745
692 1008.92 53.0964 13 3 0.342773 0 0.21341
693 1008.92 51.9746 13 3 0.354492 0 0.213701
694 1011.31 59.0121 13 3 0.374023 0 0.214284
695 1010.79 49.231 13 3 0.316406 0 0.214008
696 1008.92 51.3678 13 3 0.330078 0 0.213561
697 1008.92 51.7786 13 3 0.336914 0 0.212821
698 1011.31 49.6781 13 3 0.324219 0 0.212764
699 1008.92 55.8449 13 3 0.349609 0 0.214208
700 1008.92 54.0741 13 3 0.351562 0 0.215404
701 2951.77 56.5217 13 5 0.358398 0 0.214233
702 1008.92 52.8301 13 3 0.347656 0 0.213586
703 1011.31 51.3588 13 3 0.336914 0 0.213499
704 435.151 49.3057 13 2 0.345703 0 0.213268
705 1846.55 50.4839 13 4 0.329102 0 0.213399
706 1011.31 59.5388 13 3 0.389648 0 0.215087
707 1011.31 56.7805 13 3 0.380859 0 0.213119
708 1011.31 55.4333 13 3 0.371094 0 0.214489
709 435.127 47.8785 13 2 0.317383 0 0.213637
710 1008.92 55.6164 13 3 0.373047 0 0.213428
711 1011.31 52.1541 13 3 0.333984 0 0.214611
712 435.151 50.3954 13 2 0.325195 0 0.214289
713 1008.92 52.7302 13 3 0.34082 0 0.214589
714 435.127 51.9555 13 2 0.358398 0 0.212006
715 1848.92 55.9022 13 4 0.351562 0 0.21163
716 1011.31 54.2963 13 3 0.365234 0 0.21503
717 1008.92 58.8578 13 3 0.363281 0 0.212474
718 1008.92 52.0785 13 3 0.345703 0 0.214451
719 1011.31 50.2119 13 3 0.329102 0 0.215402
720 1843.9 47.7571 13 4 0.321289 0 0.214628
721 1008.92 55.4338 13 3 0.360352 0 0.21297
722 1008.92 51.7013 13 3 0.336914 0 0.215039
723 435.151 48.565 13 2 0.327148 0 0.212925
724 1008.92 55.3339 13 3 0.353516 0 0.215112
725 1008.92 49.8756 13 3 0.34375 0 0.213835
726 1843.9 62.6652 13 4 0.378906 0 0.215362
727 1008.92 51.7697 13 3 0.341797 0 0.212678
728 1008.92 53.6874 13 3 0.339844 0 0.212785
729 1009.59 49.6404 13 3 0.339844 0 0.216888
730 1009.59 57.275 13 3 0.373047 0 0.215424
731 1011.31 50.8702 13 3 0.333984 0 0.213106
732 1011.31 53.7903 13 3 0.337891 0 0.214211
733 1845.26 56.4483 13 4 0.353516 0 0.212581
734 1008.92 52.1177 13 3 0.335938 0 0.212283
735 1008.92 51.172 13 3 0.34082 0 0.214689
736 1008.92 53.7836 13 3 0.348633 0 0.211885
737 1008.92 58.879 13 3 0.380859 0 0.214522
738 1008.92 55.5528 13 3 0.352539 0 0.212217
739 1008.92 51.4594 13 3 0.337891 0 0.212903
740 1010.21 53.9848 13 3 0.362305 0 0.214932
741 1011.31 55.5387 13 3 0.354492 0 0.215592
742 1008.92 50.1445 13 3 0.335938 0 0.21306
743 1008.92 53.9555 13 3 0.354492 0 0.212735
744 435.151 45.8676 13 2 0.3125 0 0.214163
745 435.151 48.682 13 2 0.328125 0 0.212678
746 1011.31 54.3949 13 3 0.342773 0 0.212713
747 1011.31 55.9671 13 3 0.355469 0 0.214873
748 1008.92 53.4559 13 3 0.352539 0 0.214975
749 1008.92 52.0631 13 3 0.341797 0 0.213022
750 1011.31 51.7298 13 3 0.330078 0 0.214441
751 1011.31 47.2707 13 3 0.31543 0 0.213236
752 1008.92 52.79 13 3 0.339844 0 0.214083
753 1008.92 48.3082 13 3 0.319336 0 0.214215
754 435.127 52.2174 13 2 0.342773 0 0.214619
755 1007.46 52.9247 13 3 0.34668 0 0.21274
756 1008.92 55.9462 13 3 0.369141 0 0.215188
757 1008.92 55.943 13 3 0.364258 0 0.214212
758 1008.92 51.2378 13 3 0.334961 0 0.214787
759 1011.31 56.6691 13 3 0.367188 0 0.214765
760 1008.92 51.4937 13 3 0.330078 0 0.211857
761 1008.92 56.7164 13 3 0.359375 0 0.212992
762 1010.79 58.667 13 3 0.379883 0 0.213188
763 435.151 49.5644 13 2 0.326172 0 0.212487
764 1008.92 51.6754 13 3 0.339844 0 0.213436
765 1841.02 56.896 13 4 0.350586 0 0.214743
766 1008.92 50.6924 13 3 0.335938 0 0.214305
767 1011.31 53.2442 13 3 0.347656 0 0.214597
768 1008.92 50.7808 13 3 0.338867 0 0.211711
769 435.151 49.8924 13 2 0.323242 0 0.218319
770 1008.92 54.517 13 3 0.353516 0 0.215899
771 1011.31 50.5231 13 3 0.335938 0 0.212881
772 1009.59 52.4322 13 3 0.34375 0 0.215792
773 1008.92 53.9663 13 3 0.356445 0 0.217175
774 1008.92 51.4442 13 3 0.336914 0 0.214048
775 1842.49 56.2878 13 4 0.34668 0 0.215181
776 1010.21 53.7845 13 3 0.347656 0 0.215629
777 1011.31 63.442 13 3 0.416016 0 0.214621
778 1841.02 57.5775 13 4 0.355469 0 0.21625
779 1008.92 53.0016 13 3 0.349609 0 0.216985
780 1008.92 49.9277 13 3 0.323242 0 0.215337
781 1005.85 53.4454 13 3 0.359375 0 0.21634
782 1009.59 50.7513 13 3 0.325195 0 0.215964
783 1012.18 53.2202 13 3 0.333984 0 0.218026
784 1008.92 61.325 13 3 0.378906 0 0.218725
785 1008.92 52.0419 13 3 0.330078 0 0.217302
786 1008.92 57.9259 13 3 0.363281 0 0.219277
787 435.151 53.1074 13 2 0.344727 0 0.218917
788 1008.92 53.1173 13 3 0.345703 0 0.217659
789 1008.92 56.2202 13 3 0.361328 0 0.223751
790 1008.92 55.1543 13 3 0.350586 0 0.224667
791 435.151 59.9611 13 2 0.379883 0 0.227119
792 1008.92 59.7923 13 3 0.368164 0 0.225211
793 1008.92 57.5511 13 3 0.370117 0 0.228657
794 1008.92 53.533 14 3 0.333984 0 0.229036
795 1011.31 59.7848 15 3 0.375977 0 0.229122
796 1011.78 59.551 15 3 0.364258 0 0.234642
797 1008.92 62.7573 15 3 0.394531 0 0.234148
798 1008.92 61.9239 15 3 0.376953 0 0.231695
799 1006.68 61.2748 15 3 0.384766 0 0.241321
800 1008.21 61.322 15 3 0.381836 0 0.241288
801 1011.78 59.2841 15 3 0.369141 0 0.242129
802 1837.92 62.1986 15 4 0.376953 0 0.243625
803 1831.15 60.6138 16 4 0.394531 0 0.248741
804 1010.21 68.7294 15 3 0.401367 0 0.245077
805 1008.21 64.4734 16 3 0.389648 0 0.255256
806 1836.29 65.3943 15 4 0.373047 0 0.252244
807 1011.31 64.8768 17 3 0.396484 0 0.263283
808 1831.15 64.3862 17 4 0.381836 0 0.259972
809 1008.92 61.2728 16 3 0.361328 0 0.262546
810 2909.97 66.9365 17 5 0.399414 0 0.259416
811 2929.99 66.4677 17 5 0.383789 0 0.265922
812 1008.92 72.6189 17 3 0.435547 0 0.264373
813 1005.85 67.6481 17 3 0.410156 0 0.27257
814 1008.92 61.4714 17 3 0.366211 0 0.270657
815 1005.85 64.8248 17 3 0.387695 0 0.280244
816 1008.21 69.3267 17 3 0.40918 0 0.286927
817 1009.59 65.3607 17 3 0.385742 0 0.294479
818 1008.21 63.1237 17 3 0.367188 0 0.303986
819 1832.91 72.7839 17 4 0.40918 0 0.309771
820 1002.23 63.2066 17 3 0.358398 0 0.3169
821 1829.35 68.4466 17 4 0.375 0 0.328629
822 1841.02 70.74 18 4 0.380859 0 0.329783
823 1011.31 69.2978 18 3 0.376953 0 0.33678
824 1006.68 67.4966 19 3 0.363281 0 0.368347
825 1005.85 71.514 19 3 0.356445 0 0.39094
826 1002.23 78.4201 22 3 0.383789 0 0.413964
827 1837.92 72.7431 23 4 0.339844 0 0.443313
828 2932.65 83.5203 101 5 0.370117 0 0.495067
829 1009.59 77.54 101 3 0.341797 0 0.506319
830 1009.59 83.4736 101 3 0.327148 0 0.576369
831 1008.92 79.7181 101 3 0.311523 0 0.59437
832 1827.51 84.9913 101 4 0.329102 0 0.6239
833 1008.92 85.6464 101 3 0.305664 0 0.647522
834 435.149 76.1854 101 2 0.257812 0 0.666218
835 1007.46 81.534 101 3 0.250977 0 0.727474
836 1007.46 84.9533 101 3 0.268555 0 0.737223
837 1008.92 85.6141 101 3 0.260742 0 0.74617
838 1004.1 82.5732 101 3 0.228516 0 0.782468
839 1001.24 84.0622 101 3 0.238281 0 0.791661
840 1008.21 87.1483 101 3 0.234375 0 0.827676
841 1005.85 92.6156 101 3 0.269531 0 0.828145
842 998.128 85.7392 101 3 0.232422 0 0.817438
843 1005.85 91.0858 101 3 0.255859 0 0.823033
844 1007.46 92.2049 101 3 0.276367 0 0.813345
845 1834.62 93.3818 101 4 0.271484 0 0.817469
846 435.151 84.6811 101 2 0.227539 0 0.832227
847 986.145 90.1238 101 3 0.260742 0 0.826367
848 1008.21 88.7378 101 3 0.245117 0 0.832998
849 1843.9 93.9413 101 4 0.25293 0 0.863697
850 1010.21 94.0722 101 3 0.273438 0 0.820864
851 1006.68 89.2907 101 3 0.249023 0 0.835351
852 1008.92 93.5599 101 3 0.269531 0 0.824992
853 1002.23 90.3606 101 3 0.272461 0 0.811929
854 1010.21 88.0095 101 3 0.228516 0 0.861606
855 1007.46 96.5662 101 3 0.270508 0 0.861866
856 435.149 92.2691 101 2 0.254883 0 0.868181
857 1831.15 91.6671 101 4 0.249023 0 0.858024
858 1010.79 93.3734 101 3 0.243164 0 0.885856
859 1008.92 98.8352 101 3 0.279297 0 0.866472
860 1006.68 96.0651 101 3 0.240234 0 0.907185
861 1002.23 97.1603 101 3 0.261719 0 0.899959
862 1006.68 98.5126 101 3 0.260742 0 0.884147
863 1006.68 95.3721 101 3 0.279297 0 0.862514
864 1004.1 96.9938 101 3 0.275391 0 0.878695
865 1011.31 96.9173 101 3 0.286133 0 0.848593
866 1832.91 95.309 101 4 0.268555 0 0.851567
867 435.151 98.3715 101 2 0.316406 0 0.833565
868 1008.92 98.084 101 3 0.303711 0 0.826843
869 1007.46 93.597 101 3 0.266602 0 0.851801
870 1836.29 103.872 101 4 0.30957 0 0.846134
871 1819.76 101.783 101 4 0.298828 0 0.86761
872 1007.46 93.7747 101 3 0.262695 0 0.857406
873 1829.35 101.827 101 4 0.290039 0 0.861666
874 1008.92 99.3734 101 3 0.311523 0 0.835398
875 1008.92 101.348 101 3 0.308594 0 0.847647
876 1004.1 98.5912 101 3 0.310547 0 0.831029
877 1008.21 97.0999 101 3 0.292969 0 0.832222
878 1011.78 98.799 101 3 0.310547 0 0.812576
879 1837.92 101.557 101 4 0.324219 0 0.795519
880 1008.21 105.507 101 3 0.362305 0 0.78179
881 2921.69 104.68 101 5 0.319336 0 0.835466
882 1010.79 104.432 101 3 0.313477 0 0.843939
883 1006.68 100.375 101 3 0.293945 0 0.865387
884 2942.72 104.875 101 5 0.325195 0 0.836245
885 1836.29 110.473 101 4 0.338867 0 0.870385
886 1004.99 101.486 101 3 0.297852 0 0.861324
887 1011.31 103.214 101 3 0.332031 0 0.83885
888 1001.24 100.357 101 3 0.301758 0 0.878497
889 1008.21 102.175 101 3 0.303711 0 0.877344
890 1010.21 104.23 101 3 0.31543 0 0.888214
891 1837.92 101.177 101 4 0.28125 0 0.870605
892 1007.46 104.034 101 3 0.294922 0 0.907322
893 1011.31 107.638 101 3 0.342773 0 0.864768
894 1008.92 98.0938 101 3 0.3125 0 0.837773
895 1832.91 103.349 101 4 0.297852 0 0.860181
896 1010.21 105.701 101 3 0.31543 0 0.862598
897 1010.21 102.121 101 3 0.303711 0 0.866352
898 1008.21 102.642 101 3 0.322266 0 0.842353
899 1837.92 107.954 101 4 0.347656 0 0.84328
900 1843.9 101.012 101 4 0.333984 0 0.826535
901 2884.52 115.34 101 5 0.383789 0 0.809606
902 1006.68 99.8548 101 3 0.34082 0 0.809156
903 1634.95 107.708 101 4 0.381836 0 0.801206
904 1008.92 108.472 101 3 0.357422 0 0.821402
905 1845.26 113.616 101 4 0.393555 0 0.805477
906 1836.29 100.461 101 4 0.358398 0 0.763442
907 1837.92 107.081 101 4 0.367188 0 0.796165
908 1010.79 113.519 101 3 0.391602 0 0.811685
909 1012.18 105.902 101 3 0.374023 0 0.802361
910 4399.86 104.494 101 7 0.370117 0 0.771905
911 1007.46 104.771 101 3 0.357422 0 0.827506
912 1843.9 112.059 101 4 0.383789 0 0.829877
913 1005.85 108.337 101 3 0.379883 0 0.812588
914 1005.85 115.091 101 3 0.399414 0 0.824305
915 1005.85 107.075 101 3 0.373047 0 0.822497
916 1807.12 111.008 101 4 0.401367 0 0.792673
917 1008.21 110.642 101 3 0.379883 0 0.814983
918 1010.21 105.97 101 3 0.382812 0 0.811852
919 1712 111.979 101 4 0.410156 0 0.795828
920 2842.09 118.379 101 5 0.397461 0 0.83871
921 1825.63 114.271 101 4 0.424805 0 0.80172
922 1006.68 111.731 101 3 0.405273 0 0.770222
923 2819.22 119.594 101 5 0.420898 0 0.811323
924 1009.59 110.315 101 3 0.397461 0 0.797643
925 1821.75 117.029 101 4 0.4375 0 0.794686
926 1807.12 115.631 101 4 0.431641 0 0.792558
927 1696.71 117.971 101 4 0.459961 0 0.782918
928 1708.97 116.863 101 4 0.446289 0 0.76166
929 1749.6 127.303 101 4 0.490234 0 0.757628
930 4785.07 124.45 101 7 0.469727 0 0.771585
931 1834.62 125.267 101 4 0.46875 0 0.764572
932 1763.17 127.157 101 4 0.508789 0 0.740457
933 2915.92 136.346 101 5 0.508789 0 0.771839
934 2860.33 134.075 101 5 0.511719 0 0.742717
935 1791.02 130.786 101 4 0.550781 0 0.726589
936 8918.33 150.745 101 9 0.591797 0 0.72922
937 2524.81 140.521 101 5 0.586914 0 0.676781
938 2509.17 139.745 101 5 0.556641 0 0.727426
939 5751.36 159.367 101 7 0.642578 0 0.717543
940 3608.75 161.88 101 6 0.65332 0 0.695757
941 3748.75 173.018 101 6 0.639648 0 0.731642
942 5579.09 170.313 101 7 0.662109 0 0.752884
943 6628.42 203.622 101 8 0.777344 0 0.757702
944 10708.8 213.148 101 11 0.759766 0 0.761559
945 6502.82 206.226 101 8 0.754883 0 0.738608
946 10538.9 215.729 101 10 0.791992 0 0.741389
947 6525.84 246.986 111.425 8 0.911133 1 0.734706
948 5072.52 212.412 108.13 7 0.821289 1 0.742578
949 8996.05 250.028 109.829 9 0.879883 1 0.757599
950 9719.16 276.627 110.903 9 0.949219 1 0.760112
951 9640.4 289.253 109.829 9 0.948242 1 0.756821
952 9536.79 293.769 112.44 9 1.01172 1 0.794863
953 17048.4 335.237 113.897 12 1.08203 1 0.82392
954 15169.8 376.591 113.419 11 1.13672 1 0.785845
955 12014.6 434.084 115.729 10 1.23047 1 0.844208
956 23606.2 383.402 113.419 13 1.11816 1 0.847465
957 20459.8 387.328 114.366 12 1.13477 1 0.850476
958 12197.1 417.929 115.282 10 1.17969 1 0.89126
959 9674.36 366.589 114.366 9 1.15039 1 0.86471
960 8839.72 360.745 114.828 9 1.12598 1 0.831068
961 26809.7 487.493 117.45 13 1.27246 1 0.900352
962 8866.02 467.651 117.45 9 1.33594 1 0.918664
963 25591.2 563.87 122.396 13 1.42871 1 0.95338
964 15050.2 538.113 120.227 11 1.40332 1 0.929366
965 157417 667.603 117.865 17 1.34277 1 0.94413
966 37755.3 719.552 123.746 14 1.58496 1 0.921558
967 25450.3 622.283 128.728 13 1.49609 1 0.952342
968 38432.8 805.854 127.38 14 1.66309 1 0.976687
969 26809.7 741.234 137.427 13 1.67676 1 1.04447
970 19410.1 747.451 136.764 12 1.67188 1 0.989654
971 93332.5 943.56 137.3 16 1.83984 1 1.04402
972 163986 1073.89 137.17 17 1.82129 1 0.997413
973 163083 1148.31 137.914 17 1.94336 1 1.01072
974 36818.4 939.063 138.872 14 1.9541 1 1.06233
975 25379.5 965.295 138.675 13 2.0166 1 1.07304
976 163506 1432.01 138.03 17 2.16211 1 1.13948
977 92113.4 1403.5 138.254 16 2.16992 1 1.11468
978 93696.6 1467.23 140.415 16 2.33887 1 1.13362
979 91856.9 1568.77 331.982 16 2.37305 2 1.12066
980 558733 2065.29 356.086 19 2.46777 2 1.12691
981 57551.4 1726.7 412.972 15 2.67578 2 1.15331
982 92776.5 1894.4 412.972 16 2.7207 2 1.12838
983 162080 2286.98 427.827 17 2.95508 2 1.17771
984 158061 2384.46 427.354 17 3.06738 2 1.22741
985 58401.6 2301.79 427.827 15 3.06641 2 1.22987
986 163890 2764.7 433.637 17 3.34277 2 1.29112
987 59258.4 2817.77 435.076 15 3.45215 2 1.30024
988 56972.6 2628.8 693.351 15 3.41309 3 1.29505
989 92081.5 2645.73 435 16 3.41895 2 1.3055
990 93906.4 2968.77 662.81 16 3.57812 3 1.3706
991 156880 3647.07 785.016 17 3.75195 3 1.38986
992 159177 3299.42 787.503 17 3.7207 3 1.35384
993 91695.5 3538.39 877.945 16 3.91992 3 1.41092
994 95866 3795.63 983.489 16 4.13086 3 1.45125
995 4.24907e+06 8178.18 975.061 22 4.15039 3 1.42274
996 292171 4184.67 947.923 18 4.0752 3 1.43664
997 290162 4556.99 961.25 18 4.1377 3 1.41957
998 297829 4551.76 977.944 18 4.20215 3 1.45938
999 293392 5073.68 1400.38 18 4.58789 4 1.59307
1000 6.71738e+07 71767.6 1484.8 26 4.5918 4 1.57287
1001 1.68417e+07 44250.4 1717.99 24 5.25977 4 1.76398
1002 3.36171e+07 61409.6 1664.9 25 5.31055 4 1.71691
1003 1.68273e+07 31481 1708.97 24 5.36523 4 1.71329
1004 1.68394e+07 101826 2727.49 24 6.27832 5 2.01545
1005 1.68343e+07 83392.5 2663.54 24 6.35352 5 1.97582
1006 1.68366e+07 50922.7 2994.24 24 6.375 6 2.03105
1007 6.71763e+07 177736 3293.24 26 6.7002 6 2.12588
1008 6.7182e+07 371417 5256.55 26 7.56445 7 2.34653
1009 6.71799e+07 386002 4074.61 26 7.26465 6 2.23143
1010 5.3696e+08 1.02882e+06 5392.18 29 7.57617 8 2.36696
1011 4.29506e+09 4.48647e+06 3829.17 32 7.32324 6 2.15328
1012 1.34295e+08 806597 7701.31 27 8.73535 9 2.59046
1013 1.07383e+09 2.15072e+06 7636.89 30 8.98145 8 2.62323
1014 2.14758e+09 3.51568e+06 9110.94 31 9.59668 9 2.84427
1015 1.07383e+09 3.05396e+06 9708.01 30 9.75391 9 2.8415
1016 1.34294e+08 1.40233e+06 7415.68 27 8.67285 9 2.66603
1017 2.68516e+08 1.93025e+06 9802.29 28 9.83301 10 2.85402
1018 1.07383e+09 2.93406e+06 8571.59 30 9.14453 9 2.69727
1019 1.718e+10 2.27586e+07 8863.85 34 9.48633 10 2.78947
1020 1.3429e+08 1.85988e+06 8892.22 27 9.61426 9 2.75629
1021 1.07384e+09 3.58e+06 9678.88 30 9.50586 10 2.81512
1022 5.36954e+08 2.85471e+06 9513.42 29 9.72559 9 2.82899
1023 5.36949e+08 2.79106e+06 10011.6 29 9.94629 10 2.90908
1024 3.43599e+10 3.74824e+07 10320.2 35 9.98633 10 2.92131
1025 2.14759e+09 5.07499e+06 12519.4 31 10.3408 10 2.82122
1026 2.68516e+08 2.29041e+06 11649.1 28 10.3496 10 2.85228
1027 4.29508e+09 6.93427e+06 10455.2 32 10.0605 10 2.75772
1028 5.36954e+08 2.41278e+06 11928.5 29 10.2539 10 2.80883
1029 1.07383e+09 2.54997e+06 11693.9 30 10.0781 10 2.73777
1030 4.29507e+09 6.38313e+06 10770.2 32 9.8877 10 2.77081
1031 1.07383e+09 3.0883e+06 11468.9 30 10.2324 11 2.81721
1032 1.718e+10 1.86691e+07 9892.72 34 9.66016 9 2.75128
1033 8.59004e+09 1.64073e+07 9942.16 33 9.62598 10 2.83738
1034 1.07384e+09 4.06983e+06 10721 30 10.0322 10 2.7313
1035 1.07383e+09 7.28141e+06 12306.8 30 10.7988 10 2.92141
1036 1.718e+10 2.95844e+07 12014.6 34 10.7197 10 2.87842
1037 4.29507e+09 1.71458e+07 11738.5 32 10.6826 10 2.98159
1038 5.36964e+08 5.33603e+06 11826.8 29 10.5078 10 2.83534
1039 4.29506e+09 1.27414e+07 10851.8 32 10.2793 10 2.79761
1040 1.718e+10 2.38482e+07 11589 34 10.4648 10 2.87839
1041 4.29507e+09 9.38146e+06 9358.56 32 9.56152 9 2.72492
1042 1.07384e+09 5.32962e+06 7804.88 30 9.27441 9 2.79374
1043 2.14757e+09 6.49383e+06 8392.5 31 9.27734 9 2.69389
1044 4.29507e+09 7.49679e+06 8944.33 32 9.74609 9 2.7135
1045 1.718e+10 2.84399e+07 8733.57 34 9.60938 9 2.65269
1046 1.07381e+09 7.63444e+06 8839.72 30 9.76855 9 2.77595
1047 2.14759e+09 7.45447e+06 8866.02 31 9.53906 9 2.61881
1048 2.74878e+11 2.77372e+08 7503.79 38 9.2627 8 2.62375
1049 2.14757e+09 7.91275e+06 11528.4 31 10.208 10 2.73695
1050 1.718e+10 2.36659e+07 8839.72 34 9.5957 9 2.62236
1051 5.49756e+11 8.45243e+08 11482.8 39 10.1738 10 2.64544
1052 4.29506e+09 1.40984e+07 9730.28 32 10.0146 9 2.6439
1053 6.87196e+10 8.47454e+07 7951.26 36 9.66797 9 2.64359
1054 1.37439e+11 1.67859e+08 8693.38 37 9.74414 9 2.74447
1055 6.87196e+10 8.38438e+07 9008.92 36 9.56445 9 2.65351
1056 2.19902e+12 2.36811e+09 9047.37 41 9.96289 9 2.73895
1057 3.43599e+10 6.944e+07 8420.29 35 9.69629 9 2.71341
1058 1.37439e+11 2.40677e+08 7457.75 37 9.45117 8 2.71125
1059 6.87196e+10 1.43018e+08 7671.55 36 9.8623 9 2.80784
1060 1.718e+10 6.18551e+07 8996.05 34 9.83008 9 2.7299
1061 4.29507e+09 2.8453e+07 8224.01 32 9.70605 9 2.72782
1062 1.718e+10 6.08841e+07 7540.04 34 9.5752 8 2.68682
1063 6.87196e+10 1.0297e+08 7420.35 36 9.56738 8 2.71074
1064 1.37439e+11 2.48891e+08 7334.42 37 9.73633 8 2.75285
1065 2.74878e+11 4.2917e+08 9466.31 38 10.415 9 2.8253
1066 1.718e+10 8.30119e+07 8970.24 34 10.0479 9 2.74804
1067 2.74878e+11 1.07827e+09 11498 38 11.1562 10 2.97349
1068 6.87196e+10 3.6613e+08 10997.1 36 10.9795 10 2.93159
1069 1.37439e+11 2.65832e+08 7521.98 37 9.97559 8 2.65694
1070 2.74878e+11 9.85127e+08 8308.63 38 10.083 9 2.6441
1071 1.37439e+11 4.06724e+08 9640.4 37 10.5898 9 2.66354
1072 3.43599e+10 1.68506e+08 11664.1 35 10.8828 10 2.76574
1073 2.74878e+11 6.39953e+08 11297.6 38 11.3027 10 2.92225
1074 1.09951e+12 1.73142e+09 12252.2 40 11.5127 10 2.9549
1075 5.49756e+11 1.5504e+09 11856 39 11.6006 10 3.01083
1076 2.74878e+11 6.39766e+08 12252.2 38 11.5615 10 3.04502
1077 5.49756e+11 7.63384e+08 11187.9 39 11.0225 10 2.90875
1078 1.09951e+12 1.26896e+09 10421.6 40 10.8447 10 2.85463
1079 1.09951e+12 1.64146e+09 11841.4 40 11.2949 10 2.97987
1080 1.09951e+12 3.01296e+09 9774.39 40 11.126 9 3.05265
1081 8.79609e+12 9.45312e+09 9466.31 43 10.8965 9 3.067
1082 2.19902e+12 4.13891e+09 10572.2 41 11.1377 10 3.13942
1083 1.09951e+12 1.83944e+09 10063.5 40 10.8838 10 3.03711
1084 1.09951e+12 2.57563e+09 10337.1 40 11.2305 10 3.12364
1085 1.09951e+12 3.00121e+09 8336.67 40 10.4639 9 2.93769
1086 2.74878e+11 1.25383e+09 10505.5 38 11.1025 10 3.07648
1087 2.74878e+11 1.1844e+09 10505.5 38 11.2812 10 3.12631
1088 1.09951e+12 1.93161e+09 11077.1 40 11.3623 10 3.17363
1089 2.19902e+12 3.19974e+09 8612.39 41 10.8652 9 3.12417
1090 5.49756e+11 2.73684e+09 9594.67 39 11.1279 9 3.14182
1091 2.19902e+12 6.36006e+09 7980.3 41 10.8027 9 3.10416
1092 2.74878e+11 1.34123e+09 9784.72 38 11.3574 10 3.21867
1093 1.09951e+12 2.29339e+09 8167.18 40 10.7217 9 3.02405
1094 5.49756e+11 2.43445e+09 6502.82 39 9.99609 8 2.91851
1095 1.09951e+12 3.73231e+09 7701.31 40 10.4551 9 3.02512
1096 5.49756e+11 1.17307e+09 9021.76 39 10.6504 9 3.07798
1097 8.79609e+12 9.79665e+09 8813.32 43 10.3857 9 3.00194
1098 2.19902e+12 4.127e+09 8956.2 41 10.5771 10 2.93501
1099 4.39805e+12 7.33435e+09 7305.25 42 9.9082 8 2.82824
1100 1.09951e+12 2.32766e+09 8813.32 40 10.8906 9 3.06172
1101 5.49756e+11 2.14406e+09 10981.1 39 11.5693 10 3.19569
1102 3.51844e+13 7.37038e+10 11145.8 45 11.9199 11 3.27061
1103 4.39805e+12 6.8852e+09 14611.6 42 12.5479 11 3.38272
1104 1.75922e+13 2.65854e+10 10387.9 44 11.7715 10 3.2653
1105 4.39805e+12 9.10352e+09 9382.71 42 11.5957 9 3.18444
1106 1.09951e+12 3.48316e+09 8826.53 40 10.7471 9 2.91693
1107 7.03687e+13 7.59653e+10 10252.2 46 11.292 10 3.08838
1108 1.09951e+12 2.63636e+09 12043 40 12.0596 10 3.1666
1109 2.19902e+12 7.21963e+09 10900.4 41 12.0146 10 3.1477
1110 2.19902e+12 6.73884e+09 11543.6 41 12.0156 10 3.15781
1111 3.51844e+13 6.77118e+10 10538.9 45 11.9189 10 3.1475
1112 2.19902e+12 5.15531e+09 9763.41 41 11.6533 9 3.05189
1113 4.39805e+12 8.93229e+09 11604.1 42 12.4531 10 3.25918
1114 2.19902e+12 7.01328e+09 11573.9 41 12.3438 10 3.20583
1115 2.19902e+12 7.21088e+09 11108.9 41 12.5557 10 3.24396
1116 3.51844e+13 4.79777e+10 11885.1 45 12.2236 10 3.2545
1117 5.49756e+11 2.90448e+09 14911.8 39 12.8291 11 3.41764
1118 4.39805e+12 1.23701e+10 15696.5 42 13.374 11 3.58238
1119 1.75922e+13 2.06911e+10 16157.4 44 13.1787 11 3.44057
1120 4.39805e+12 1.08836e+10 19066.2 42 13.7471 12 3.54092
1121 2.19902e+12 7.35702e+09 14629.5 41 12.7109 11 3.33558
1122 2.19902e+12 8.78479e+09 14285.2 41 13.2471 11 3.42171
1123 1.75922e+13 2.15222e+10 14929.2 44 13.2246 11 3.41299
1124 4.39805e+12 8.63889e+09 14155.9 42 13.1133 11 3.52031
1125 8.79609e+12 1.08035e+10 13741.9 43 12.6582 11 3.35449
1126 8.79609e+12 1.38043e+10 10981.1 43 11.7529 10 3.03715
1127 1.09951e+12 4.21576e+09 10605.4 40 11.9072 10 3.00768
1128 3.51844e+13 5.38033e+10 11543.6 45 12.1904 10 3.08388
1129 2.19902e+12 6.38377e+09 12252.2 41 12.3857 10 3.19421
1130 8.79609e+12 2.33277e+10 10786.6 43 11.7119 10 3.0632
1131 2.19902e+12 6.34967e+09 10671.6 41 11.8701 10 3.0506
1132 1.75922e+13 2.0522e+10 11375.2 44 11.957 10 3.07597
1133 3.51844e+13 4.44211e+10 11575.7 45 11.4697 11 3.17622
1134 2.74878e+11 9.67223e+08 11282 38 11.8262 10 3.2752
1135 7.03687e+13 7.59605e+10 14785 46 12.6143 12 3.424
1136 1.75922e+13 2.00767e+10 15084.5 44 12.7734 11 3.45572
1137 3.51844e+13 3.97658e+10 13198.4 45 11.9434 11 3.1493
1138 7.03687e+13 8.56761e+10 11971.7 46 11.5977 10 3.02022
1139 1.09951e+12 3.60578e+09 12799.6 40 11.957 11 3.0039
1140 7.03687e+13 7.07398e+10 14521.8 46 11.7217 11 2.94486
1141 1.75922e+13 2.10897e+10 15371.2 44 12.4551 11 3.08876
1142 8.79609e+12 1.11816e+10 18609 43 12.7051 12 3.15101
1143 2.19902e+12 4.99991e+09 14285.2 41 12.2061 11 2.97992
1144 2.19902e+12 3.84369e+09 14118.8 41 11.8906 11 2.91738
1145 1.75922e+13 2.33451e+10 15271.1 44 12.1953 11 2.9673
1146 8.79609e+12 2.73628e+10 19066.2 43 12.8965 12 3.25296
1147 1.40737e+14 1.59135e+11 18587.9 47 13 12 3.22381
1148 8.79609e+12 2.05656e+10 14841.9 43 12.0889 11 3.11159
1149 8.79609e+12 3.12933e+10 18714.1 43 13.1621 12 3.35062
1150 8.79609e+12 3.3814e+10 15728.2 43 12.8662 11 3.33805
1151 3.51844e+13 3.67553e+10 18524.4 45 13.1084 12 3.31563
1152 3.51844e+13 4.90102e+10 26502.8 45 14.4336 13 3.65927
1153 2.19902e+12 1.28795e+10 24754.9 41 14.208 13 3.60485
1154 8.79609e+12 3.01574e+10 24779.2 43 14.0635 13 3.56507
1155 8.79609e+12 2.04097e+10 25915.9 43 14.5391 13 3.66995
1156 3.51844e+13 6.02364e+10 27402.7 45 14.7002 13 3.66722
1157 1.40737e+14 3.32054e+11 26722.7 47 14.9785 13 3.77978
1158 3.51844e+13 7.96276e+10 26480.7 45 14.7334 13 3.62351
1159 1.75922e+13 3.39083e+10 25614.6 44 14.5615 13 3.62479
1160 1.40737e+14 1.83997e+11 20814.6 47 14.5225 12 3.61731
1161 7.03687e+13 7.58802e+10 20405.2 46 14.3135 12 3.48084
1162 7.03687e+13 9.67734e+10 15337.9 46 13.4287 11 3.25026
1163 7.03687e+13 1.01058e+11 12647.4 46 12.4414 10 3.01824
1164 7.03687e+13 1.14641e+11 9606.16 46 11.7617 9 2.8809
1165 7.03687e+13 1.9155e+11 14593.7 46 12.9375 11 3.15821
1166 7.03687e+13 1.25142e+11 9708.01 46 11.875 9 3.01132
1167 1.75922e+13 5.85591e+10 11093 44 11.9268 10 3.0199
1168 2.2518e+15 2.22478e+12 9674.36 51 11.4668 9 2.88048
1169 4.39805e+12 1.4923e+10 8905.29 42 11.4551 9 3.01809
1170 4.5036e+15 4.48038e+12 7175.96 52 10.7881 8 2.83687
1171 1.75922e+13 3.873e+10 5134.88 44 10.0996 7 2.57426
1172 3.51844e+13 9.20526e+10 6817.54 45 11.0117 8 2.7919
1173 2.19902e+12 1.22149e+10 6817.54 41 10.498 8 2.66644
1174 3.51844e+13 6.18812e+10 9021.76 45 11.4365 9 2.93443
1175 1.40737e+14 1.73481e+11 6904.35 47 10.6289 8 2.69501
1176 1.40737e+14 1.87128e+11 8420.29 47 11.0703 9 2.85266
1177 8.79609e+12 2.28452e+10 10737.4 43 11.3252 10 3.01724
1178 5.6295e+14 5.98516e+11 11235.1 49 11.3809 10 3.04967
1179 1.75922e+13 3.30435e+10 5623.83 44 10.3252 7 2.7172
1180 4.5036e+15 6.69411e+12 4952.45 52 9.18164 8 2.42043
1181 8.79609e+12 1.80674e+10 4074.61 43 8.76855 6 2.32691
1182 2.19902e+12 6.56938e+09 4034.46 41 8.69824 6 2.28122
1183 1.75922e+13 4.29705e+10 4215.78 44 9.16211 6 2.44077
1184 3.51844e+13 6.98093e+10 7052.67 45 10.7598 8 2.88087
1185 7.03687e+13 1.2731e+11 7401.46 46 11.0605 8 3.01546
1186 3.51844e+13 5.2704e+10 6363.06 45 10.4961 8 2.75309
1187 5.6295e+14 7.63369e+11 7256.07 49 11.6738 8 3.08779
1188 5.6295e+14 6.71186e+11 8598.81 49 12.1709 9 3.28665
1189 2.81475e+14 8.70454e+11 9889.85 48 12.46 10 3.491
1190 5.6295e+14 8.89565e+11 9696.83 49 12.9492 9 3.58728
1191 1.40737e+14 2.53117e+11 10046.2 47 12.5342 10 3.49739
1192 2.81475e+14 3.93424e+11 10404.7 48 12.7607 10 3.63731
1193 1.1259e+15 1.21736e+12 11513.2 50 12.5059 10 3.53334
1194 4.5036e+15 4.65124e+12 12718.9 52 13.2383 11 3.66712
1195 9.0072e+15 1.02116e+13 12141.5 53 13.4297 10 3.60252
1196 7.03687e+13 3.66802e+11 10201 46 13.4736 10 3.56206
1197 1.75922e+13 7.82895e+10 9708.01 44 12.6709 9 3.30136
1198 2.2518e+15 2.99421e+12 11738.5 51 13.5332 10 3.5742
1199 5.6295e+14 9.96855e+11 11885.1 49 13.2793 10 3.53351
1200 1.1259e+15 2.01989e+12 7353.72 50 12.2188 8 3.31685
1201 2.81475e+14 3.60051e+11 11313.2 48 12.9258 10 3.53202
1202 2.81475e+14 1.22567e+12 11679 48 13.4326 10 3.64312
1203 1.40737e+14 2.85273e+11 9411.3 47 12.6104 10 3.43033
1204 2.81475e+14 8.00033e+11 11782.8 48 12.9844 10 3.49878
1205 1.1259e+15 1.97989e+12 9489.92 50 12.6992 9 3.50365
1206 2.2518e+15 4.84746e+12 7045.89 51 11.9248 9 3.37129
1207 4.5036e+15 4.658e+12 6374.81 52 11.7217 8 3.49184
1208 9.0072e+15 1.37607e+13 13039.9 53 14.0439 11 3.88959
1209 5.6295e+14 1.33938e+12 20549.9 49 15.458 12 4.18082
1210 2.2518e+15 7.25147e+12 25021.4 51 15.4678 13 4.26095
1211 5.6295e+14 1.82895e+12 19450 49 15.0576 12 4.09386
1212 3.60288e+16 3.62985e+13 18203.6 55 14.709 12 4.0075
1213 1.40737e+14 5.52987e+11 15437.3 47 14.1689 11 3.9535
1214 1.1259e+15 2.66232e+12 15135.8 50 14.6416 11 4.06452
1215 1.40737e+14 6.4438e+11 12113.5 47 13.8213 10 3.87495
1216 4.5036e+15 1.00953e+13 14789.2 52 14.2568 11 3.97136
1217 7.03687e+13 2.93168e+11 13837 46 13.9463 11 3.88719
1218 1.1259e+15 2.33273e+12 15807 50 14.623 11 4.03274
1219 2.2518e+15 5.60137e+12 15728.2 51 14.4648 11 4.0243
1220 1.40737e+14 4.25882e+11 13257.5 47 13.0908 11 3.78181
1221 1.40737e+14 5.1115e+11 17833.1 47 14.4209 12 4.07202
1222 1.40737e+14 6.08897e+11 17455.6 47 14.5713 12 4.10015
1223 5.6295e+14 7.49373e+11 15152.8 49 13.792 11 3.87298
1224 2.2518e+15 5.32036e+12 19822.7 51 15.0303 12 4.23001
1225 5.6295e+14 1.46801e+12 17500.3 49 14.4727 12 4.06847
1226 4.5036e+15 5.12953e+12 20883.7 52 15.4121 13 4.25925
1227 5.6295e+14 9.69058e+11 22112.7 49 14.7168 13 3.94384
1228 2.2518e+15 3.65156e+12 22592.3 51 15.3848 13 4.16505
1229 1.80144e+16 1.91061e+13 13099.5 54 13.7627 11 3.79235
1230 5.6295e+14 9.72227e+11 19045.7 49 13.7695 12 3.67729
1231 2.2518e+15 3.5657e+12 25915.9 51 15.5547 13 4.11686
1232 4.5036e+15 5.88645e+12 35730.2 52 16.207 14 4.24359
1233 1.1259e+15 1.74539e+12 34081.9 50 15.3721 14 4.01573
1234 9.0072e+15 1.13088e+13 27768.1 53 15.373 13 4.0118
1235 4.5036e+15 7.36641e+12 38266.1 52 16.8682 14 4.41874
1236 4.5036e+15 9.54305e+12 19667.2 52 15.1152 12 4.02057
1237 3.60288e+16 4.31302e+13 20797.2 55 15.3418 12 4.1781
1238 1.44115e+17 2.34785e+14 15050.2 57 14.5205 11 4.01915
1239 9.0072e+15 1.72997e+13 14431.3 53 13.999 11 3.96419
1240 1.80144e+16 2.02823e+13 20295.1 54 15.5342 12 4.30831
1241 1.44115e+17 1.48103e+14 18630.1 57 14.9893 12 4.17306
1242 1.44115e+17 1.5172e+14 21626.1 57 15.3281 13 4.30283
1243 4.5036e+15 5.47645e+12 25961.8 52 15.4111 13 4.22079
1244 7.03687e+13 3.56343e+11 14174.5 46 13.8672 11 3.86713
1245 2.2518e+15 3.89292e+12 19588.6 51 14.2373 12 3.84399
1246 5.6295e+14 1.33032e+12 18797.6 49 14.0225 12 3.86784
1247 1.1259e+15 3.06351e+12 19706.2 50 14.6221 12 3.96466
1248 2.81475e+14 9.42631e+11 19086.7 48 14.5498 12 3.96214
1249 2.81475e+14 8.05983e+11 15169.8 48 13.9658 11 3.83788
1250 3.60288e+16 6.56599e+13 9358.56 55 12.8047 9 3.60885
1251 9.0072e+15 1.3902e+13 15568 53 14.1592 11 3.88218
1252 4.5036e+15 6.40442e+12 11187.9 52 13.3994 10 3.63303
1253 9.0072e+15 2.30794e+13 14340.2 53 14.1367 11 3.91549
1254 3.60288e+16 6.32423e+13 18922.2 55 14.4961 12 3.90155
1255 9.0072e+15 1.18134e+13 14025.5 53 14.1143 11 3.83283
1256 1.80144e+16 1.91615e+13 12113.5 54 13.5264 10 3.71616
1257 3.60288e+16 3.90076e+13 27748.2 55 15.8428 13 4.10806
1258 5.6295e+14 2.30574e+12 19725.7 49 15.5762 12 4.23844
1259 9.0072e+15 1.7239e+13 15961.9 53 14.8018 11 3.9871
1260 1.80144e+16 2.91461e+13 26896.2 54 16.375 13 4.31781
1261 9.0072e+15 1.34245e+13 27067.4 53 16.1201 13 4.19443
1262 9.0072e+15 1.33734e+13 15067.4 53 14.6953 11 4.00218
1263 7.20576e+16 7.55181e+13 20917.9 56 15.4844 12 4.08242
1264 1.80144e+16 3.90343e+13 57415.1 54 17.3232 15 4.45971
1265 1.1259e+15 3.93149e+12 37853.8 50 16.499 14 4.20909
1266 7.20576e+16 8.20002e+13 37178.2 56 16.5176 14 4.24935
1267 2.2518e+15 4.83682e+12 38290 51 16.7422 14 4.27684
1268 2.2518e+15 5.69762e+12 36714.4 51 16.0312 14 4.05978
1269 3.60288e+16 4.1394e+13 37951.7 55 16.3486 14 4.17686
1270 1.1259e+15 4.23913e+12 92462.6 50 17.2568 16 4.35028
1271 4.5036e+15 1.12515e+13 37254.4 52 15.9922 14 4.07723
1272 1.80144e+16 2.82748e+13 58836.3 54 17.0977 15 4.33273
1273 1.1259e+15 3.88138e+12 55886.7 50 16.1611 15 4.10186
1274 3.60288e+16 3.82757e+13 37481.5 55 15.8154 14 4.0799
1275 9.0072e+15 1.79964e+13 158771 53 17.5703 17 4.44386
1276 3.60288e+16 4.20152e+13 94611.2 55 17.4766 16 4.44692
1277 3.60288e+16 4.64007e+13 35973.3 55 15.9404 14 4.08286
1278 4.61169e+18 4.56264e+15 88695.1 62 17.4443 16 4.51138
1279 7.20576e+16 7.77356e+13 88061 56 17.2383 16 4.49138
1280 3.60288e+16 4.09584e+13 26189.5 55 16.2354 13 4.17369
1281 2.8823e+17 2.9888e+14 37681 58 16.7588 14 4.33605
1282 4.5036e+15 1.09825e+13 56349.8 52 17.001 15 4.45259
1283 4.5036e+15 8.28745e+12 27464.5 52 15.9922 13 4.1583
1284 4.5036e+15 8.54321e+12 36134 52 15.8809 14 4.07809
1285 3.60288e+16 4.71353e+13 33764.7 55 16.0752 14 4.24984
1286 1.80144e+16 3.49133e+13 37829.2 54 16.4092 14 4.34108
1287 2.8823e+17 2.89853e+14 26391.7 58 15.6533 13 4.14932
1288 1.80144e+16 2.87982e+13 55622.7 54 16.5117 15 4.35925
1289 1.80144e+16 2.42949e+13 37178.2 54 15.8418 14 4.16045
1290 2.8823e+17 2.92291e+14 38121.8 58 16.752 14 4.37004
1291 4.5036e+15 8.50303e+12 88695.1 52 17.3252 16 4.57944
1292 2.8823e+17 2.89847e+14 95124.1 58 17.3047 16 4.59518
1293 9.0072e+15 1.88098e+13 92588.6 53 17.4082 16 4.62025
1294 1.80144e+16 2.59367e+13 57000.5 54 16.4277 15 4.40945
1295 1.1259e+15 3.41028e+12 37506.5 50 15.8418 14 4.22299
1296 9.0072e+15 1.40458e+13 26053.3 53 15.5703 13 4.17732
1297 7.20576e+16 8.14449e+13 18138.8 56 14.7031 12 3.8269
1298 5.76461e+17 1.13904e+15 37254.4 59 15.6377 14 4.15237
1299 4.5036e+15 1.31075e+13 38714.1 52 15.9707 14 4.14156
1300 1.80144e+16 2.05128e+13 37951.7 54 15.7568 14 4.10902
1301 5.6295e+14 3.1566e+12 51946.7 49 16.7432 15 4.36798
1302 1.80144e+16 3.1674e+13 37076 54 16.123 14 4.18589
1303 7.20576e+16 7.58298e+13 37203.6 56 16.333 14 4.18799
1304 5.76461e+17 5.88326e+14 56321.1 59 17.5537 15 4.49127
1305 7.20576e+16 8.19808e+13 37127.1 56 16.5625 14 4.20826
1306 4.5036e+15 8.08998e+12 92081.5 52 16.9141 16 4.2166
1307 9.0072e+15 1.7741e+13 55915.9 53 16.9404 15 4.22875
1308 7.20576e+16 1.10664e+14 52884.6 56 16.3809 15 4.13618
1309 1.15292e+18 1.15712e+15 26324.5 60 16.0684 13 4.07327
1310 9.0072e+15 1.70368e+13 88131.8 53 17.4717 16 4.45698
1311 5.76461e+17 6.72032e+14 58836.3 59 17.6328 15 4.45893
1312 7.20576e+16 9.76166e+13 162216 56 18.0127 17 4.59278
1313 7.20576e+16 9.59475e+13 162046 56 17.7715 17 4.50676
1314 3.60288e+16 5.58752e+13 58297.5 55 16.8193 15 4.26972
1315 4.5036e+15 7.67436e+12 54694.5 52 16.6279 15 4.13786
1316 1.80144e+16 3.02117e+13 38361.6 54 16.0381 14 4.0304
1317 2.2518e+15 5.82708e+12 57901.6 51 16.5957 15 4.18745
1318 3.60288e+16 5.72813e+13 26874.6 55 15.9834 13 4.05091
1319 1.80144e+16 3.60494e+13 34819.6 54 16.4395 14 4.18162
1320 5.76461e+17 6.09308e+14 35319.9 59 16.124 14 4.13257
1321 1.80144e+16 2.74504e+13 38145.9 54 16.6152 14 4.25906
1322 1.80144e+16 3.15195e+13 27361.3 54 16.6572 13 4.28062
1323 9.0072e+15 2.71942e+13 37380.9 53 17.0566 14 4.39152
1324 1.80144e+16 2.29176e+13 24361.5 54 15.8193 13 4.0947
1325 1.44115e+17 1.68028e+14 18051.9 57 15.1338 12 4.10432
1326 1.44115e+17 2.25164e+14 19289.7 57 15.6621 12 4.17358
1327 1.80144e+16 1.95665e+13 15254.3 54 14.8301 11 3.90268
1328 9.0072e+15 1.3304e+13 19249.3 53 16.1484 12 4.3063
1329 7.20576e+16 1.09347e+14 56492.8 56 17.5107 15 4.59506
1330 7.20576e+16 8.00642e+13 26766.3 56 17.251 13 4.55099
1331 5.76461e+17 6.94673e+14 37178.2 59 17.4873 14 4.58787
1332 7.20576e+16 1.72089e+14 15961.9 56 15.627 11 4.20973
1333 3.60288e+16 5.09041e+13 18755.9 55 15.2686 12 4.08683
1334 4.5036e+15 9.76678e+12 12127.6 52 14.6611 10 3.87053
1335 5.6295e+14 1.85865e+12 11436.8 49 13.9326 10 3.73128
1336 4.5036e+15 1.47063e+13 13277.2 52 14.2031 11 3.8029
1337 2.30584e+18 2.26466e+15 12081.8 61 13.8818 11 3.71477
1338 9.0072e+15 1.22945e+13 11826.8 53 13.9189 10 3.78305
1339 7.20576e+16 1.11838e+14 11826.8 56 14.5234 10 3.91708
1340 2.8823e+17 3.29704e+14 12057.2 58 14.3027 10 3.75056
1341 3.60288e+16 4.41238e+13 9774.39 55 13.9561 9 3.5459
1342 4.5036e+15 1.23327e+13 12113.5 52 14.6846 10 3.80973
1343 1.44115e+17 2.03414e+14 13569.2 57 15.0645 11 3.92739
1344 1.80144e+16 3.34242e+13 18880.8 54 15.3018 12 4.00614
1345 2.8823e+17 3.14379e+14 19045.7 58 15.7139 12 4.07633
1346 2.8823e+17 4.04745e+14 25938.9 58 16.6006 13 4.34184
1347 4.5036e+15 1.61983e+13 26347 52 16.2842 13 4.2134
1348 9.0072e+15 3.34026e+13 20014.2 53 15.7051 12 4.05858
1349 9.0072e+15 2.84874e+13 26766.3 53 16.0762 13 4.11274
1350 1.80144e+16 4.46647e+13 26591.2 54 16.3369 13 4.1499
1351 3.60288e+16 9.77971e+13 23986.6 55 16.0537 13 4.06208
1352 1.80144e+16 4.49363e+13 27024.8 54 16.3613 13 4.13817
1353 9.0072e+15 2.46558e+13 27319.8 53 16.4199 13 4.1442
1354 1.15292e+18 1.16313e+15 19309.8 60 15.7471 12 4.00211
1355 9.0072e+15 3.07396e+13 25938.9 53 16.7412 13 4.30035
1356 1.44115e+17 2.21005e+14 24681.6 57 16.4424 13 4.18803
1357 1.15292e+18 1.31567e+15 18860 60 15.9785 12 4.13173
1358 3.60288e+16 6.91281e+13 16345.9 55 15.9971 11 4.18825
1359 2.8823e+17 3.51087e+14 24583.6 58 17.1328 13 4.45463
1360 2.30584e+18 2.28995e+15 26458.5 61 16.9824 13 4.31503
1361 5.76461e+17 6.34451e+14 19229.1 59 16.6396 12 4.24819
1362 4.5036e+15 1.03267e+13 14285.2 52 14.8936 11 3.85419
1363 4.5036e+15 2.24127e+13 24706.1 52 16.8477 13 4.31084
1364 1.44115e+17 2.34938e+14 15632.5 57 15.8789 11 4.08216
1365 1.80144e+16 4.02603e+13 13874.9 54 15.2236 11 3.97242
1366 1.44115e+17 2.17365e+14 14285.2 57 15.4424 11 4.03283
1367 4.61169e+18 4.52874e+15 14771.6 62 15.8311 11 4.09507
1368 3.60288e+16 1.09764e+14 12071.3 55 14.9854 10 4.01898
1369 5.76461e+17 6.58079e+14 9850.21 59 13.9473 9 3.74874
1370 1.80144e+16 5.7876e+13 8124.35 54 13.3223 9 3.56682
1371 9.0072e+15 2.50199e+13 13818 53 14.5918 11 3.8678
1372 3.60288e+16 7.05831e+13 14376.7 55 14.3467 11 3.81304
1373 1.44115e+17 1.57029e+14 17811.1 57 15.2412 12 4.05023
1374 7.20576e+16 1.59212e+14 37951.7 56 16.2969 14 4.093
1375 3.60288e+16 6.81492e+13 37681 55 16.5967 14 4.21712
1376 1.44115e+17 1.81951e+14 27444 57 16.5459 13 4.14736
1377 1.44115e+17 4.0715e+14 53707.2 57 17.5654 15 4.41806
1378 1.15292e+18 1.18517e+15 58008.1 60 17.7275 15 4.52488
1379 9.0072e+15 3.10736e+13 19450 53 15.9775 12 4.0886
1380 1.44115e+17 1.94126e+14 18268.2 57 16.4688 12 4.23558
1381 9.0072e+15 5.26531e+13 26679 53 17.0664 13 4.33706
1382 9.22337e+18 9.35125e+15 37556.6 63 17.2041 14 4.36161
1383 2.8823e+17 4.76317e+14 25892.9 58 16.707 13 4.29941
1384 2.8823e+17 3.1945e+14 12622.1 58 15.2344 10 3.94403
1385 2.8823e+17 3.2738e+14 5764.86 58 13.7129 7 3.49439
1386 4.61169e+18 4.74493e+15 26591.2 62 16.9209 13 4.29876
1387 2.8823e+17 5.87027e+14 19628 58 16.0479 12 4.13439
1388 5.76461e+17 6.84657e+14 27299 59 16.6562 13 4.21828
1389 1.44115e+17 1.84486e+14 20239.6 57 16.2207 12 4.1979
1390 7.20576e+16 1.28275e+14 24608.1 56 17.2686 13 4.47067
1391 1.44115e+17 3.12495e+14 13665.4 57 16.0557 11 4.22158
1392 2.30584e+18 3.40482e+15 11872.2 61 15.1748 11 3.99654
1393 2.8823e+17 4.58987e+14 9661.17 58 14.9629 10 4.00203
1394 7.20576e+16 1.33319e+14 11108.9 56 14.9082 10 4.08633
1395 9.22337e+18 9.92563e+15 10438.4 63 14.4775 10 3.89532
1396 1.44115e+17 2.36797e+14 6184.52 57 13.0703 8 3.67112
1397 1.15292e+18 1.17981e+15 7369.99 60 14.1299 9 3.98148
1398 1.44115e+17 3.77886e+14 7206.2 57 13.9326 8 3.89516
1399 1.15292e+18 1.30188e+15 6244.5 60 13.0352 8 3.66123
1400 1.44115e+17 2.14134e+14 7165.83 57 14.1279 8 3.94205
1401 9.22337e+18 1.0249e+16 8585.21 63 14.4453 9 3.97692
1402 2.8823e+17 3.22428e+14 9123.58 58 14.0127 9 3.84741
1403 7.20576e+16 1.22217e+14 9223.72 56 14.2256 9 3.9056
1404 9.0072e+15 3.86052e+13 11140.6 53 14.3828 10 3.94028
1405 4.61169e+18 9.16313e+15 10786.6 62 14.251 10 3.92054
1406 7.20576e+16 9.87674e+13 8706.8 56 13.4365 9 3.67693
1407 2.30584e+18 2.35066e+15 8238.16 61 13.3848 9 3.77198
1408 7.20576e+16 1.90478e+14 10488.7 56 14.0723 10 3.92022
1409 7.20576e+16 1.30114e+14 8392.5 56 13.3525 9 3.777
1410 9.0072e+15 3.99598e+13 9047.37 53 13.8213 9 3.87012
1411 1.15292e+18 1.13473e+15 9882.15 60 13.8848 9 3.8945
1412 3.60288e+16 4.06154e+13 12900.1 55 14.7891 11 4.12903
1413 2.8823e+17 3.37125e+14 25800.6 58 16.1807 13 4.43126
1414 2.30584e+18 2.40134e+15 16053 61 14.7432 11 4.1393
1415 1.44115e+17 2.4493e+14 24485.1 57 15.6289 13 4.2619
1416 1.80144e+16 3.37081e+13 33298 54 16.1426 14 4.40452
1417 5.76461e+17 8.47927e+14 21978.2 59 15.9014 13 4.36717
1418 1.15292e+18 1.52109e+15 14358.5 60 15.2471 11 4.16857
1419 3.60288e+16 1.33504e+14 11753.3 55 14.7158 10 4.0978
1420 2.8823e+17 5.06e+14 17611.9 58 16.2441 12 4.55819
1421 5.76461e+17 6.82532e+14 23401.1 59 16.0791 13 4.5577
1422 1.80144e+16 4.71801e+13 34396.1 54 16.5518 14 4.62877
1423 5.76461e+17 1.07486e+15 35429.9 59 16.6875 14 4.76433
1424 5.76461e+17 9.24035e+14 21298 59 15.9746 13 4.53717
1425 5.76461e+17 7.21783e+14 16888.1 59 15.4717 12 4.40386
1426 2.8823e+17 3.73693e+14 35512.1 58 16.0088 14 4.40173
1427 2.30584e+18 3.262e+15 26480.7 61 15.7988 13 4.26043
1428 9.0072e+15 4.64444e+13 14081.5 53 14.2979 11 3.92439
1429 3.68935e+19 3.60853e+16 18160.4 65 14.5049 12 4.02464
1430 2.8823e+17 3.07326e+14 11482.8 58 13.3203 10 3.66391
1431 3.60288e+16 1.50654e+14 17477.9 55 14.5547 12 3.99309
1432 3.60288e+16 5.82205e+13 18818.5 55 15.1367 12 4.11451
1433 1.80144e+16 4.17138e+13 17477.9 54 14.8652 12 4.04666
1434 7.20576e+16 8.53286e+13 15822.7 56 14.542 11 3.89343
1435 1.47574e+20 1.44498e+17 11928.5 67 13.7432 10 3.72181
1436 1.80144e+16 3.42912e+13 12197.1 54 13.4561 10 3.79873
1437 4.61169e+18 4.81556e+15 9393.32 62 12.6797 10 3.69937
1438 7.20576e+16 1.35165e+14 11045.2 56 13.3662 10 3.90205
1439 7.20576e+16 2.54913e+14 9303.11 56 13.2402 10 3.93805
1440 1.84467e+19 1.81852e+16 11282 64 13.0537 10 3.81092
1441 2.8823e+17 4.91217e+14 7315 58 12.3164 8 3.91594
1442 2.30584e+18 2.59046e+15 5431.35 61 11.918 8 3.76777
1443 2.8823e+17 5.26433e+14 10488.7 58 13.332 10 3.9956
1444 1.84467e+19 1.96323e+16 10438.4 64 13.4961 10 4.14988
1445 1.44115e+17 2.35788e+14 15084.5 57 14.0576 11 4.14388
1446 2.8823e+17 4.13891e+14 12960.2 58 13.543 11 4.00275
1447 9.22337e+18 9.56405e+15 13218.1 63 14.1455 11 4.15616
1448 1.80144e+16 4.92385e+13 14118.8 54 14.3828 11 4.17851
1449 1.15292e+18 2.57496e+15 14118.8 60 14.5273 11 4.13425
1450 1.44115e+17 4.20953e+14 8167.18 57 12.6533 9 3.75835
1451 9.0072e+15 2.00513e+13 11328.7 53 13.0889 10 3.7989
1452 7.20576e+16 8.60947e+13 10753.8 56 12.8047 10 3.76617
1453 7.20576e+16 1.42983e+14 11753.3 56 13.8525 10 4.01462
1454 1.44115e+17 3.17845e+14 11724.4 57 13.8418 11 4.08952
1455 3.68935e+19 3.60452e+16 5695.98 65 12.1787 7 3.73217
1456 9.0072e+15 2.68431e+13 7216.23 53 12.7441 8 3.82323
1457 2.8823e+17 3.65092e+14 8181.42 58 12.7686 9 3.83653
1458 2.8823e+17 3.15788e+14 8364.63 58 12.9277 9 3.79228
1459 2.30584e+18 4.02229e+15 7994.8 61 13.1045 9 3.87312
1460 3.60288e+16 1.07286e+14 8652.99 55 13.374 9 3.88886
1461 1.44115e+17 2.39654e+14 9560.04 57 14.373 9 4.09188
1462 2.8823e+17 4.55897e+14 11172.2 58 14.0947 10 3.98942
1463 7.3787e+19 7.26991e+16 7716.16 66 13.5615 9 3.97915
1464 1.44115e+17 2.56027e+14 5047.04 57 12.5801 8 3.92144
1465 2.8823e+17 3.80043e+14 5877.98 58 12.9863 8 4.0063
1466 4.61169e+18 4.61672e+15 4297.24 62 12.3594 7 3.91206
1467 7.20576e+16 2.16703e+14 5114.18 56 12.1895 8 3.82375
1468 1.47574e+20 1.92128e+17 4055.7 67 12.2119 7 3.90769
1469 1.15292e+18 1.13014e+15 4832.62 60 11.4248 7 3.70862
1470 4.61169e+18 5.25201e+15 1880.57 62 10.502 5 3.51026
1471 7.20576e+16 1.34122e+14 5000.06 56 11.5166 7 3.6997
1472 2.30584e+18 2.7876e+15 4098.24 61 11.4883 7 3.67779
1473 7.20576e+16 1.1632e+14 3748.75 56 11.2773 6 3.7056
1474 4.61169e+18 4.75827e+15 7139.25 62 13.3477 9 4.15827
1475 2.8823e+17 4.11643e+14 8715.2 58 14.8311 10 4.33267
1476 2.8823e+17 8.02745e+14 9607.94 58 14.2227 10 4.1378
1477 5.76461e+17 9.96952e+14 11841.4 59 15.7598 10 4.50618
1478 5.76461e+17 9.77072e+14 9854.89 59 14.1885 10 4.11614
1479 1.15292e+18 1.48013e+15 11108.9 60 15.1494 10 4.3393
1480 2.8823e+17 8.13571e+14 11344.3 58 15.3789 10 4.29121
1481 1.15292e+18 1.53511e+15 14876.9 60 15.9453 11 4.43625
1482 2.8823e+17 3.72374e+14 15220.6 58 15.8447 11 4.38566
1483 2.8823e+17 3.79971e+14 9678.88 58 14.7588 10 4.16061
1484 2.8823e+17 4.53505e+14 9060.14 58 14.1553 9 3.94214
1485 3.68935e+19 3.6176e+16 9273.14 65 14.6904 9 4.08396
1486 2.8823e+17 3.80939e+14 7010.77 58 13.4248 8 3.83545
1487 1.44115e+17 3.17136e+14 7196.15 57 13.8027 8 3.83266
1488 3.60288e+16 8.51839e+13 9110.94 55 13.8037 9 3.83903
1489 4.61169e+18 4.90697e+15 7186.07 62 13.918 8 3.90269
1490 2.30584e+18 4.56037e+15 14413.1 61 13.2588 11 3.76062
1491 1.44115e+17 2.9359e+14 14557.8 57 14.5527 11 4.04468
1492 1.15292e+18 1.41051e+15 13198.4 60 15.4229 11 4.25389
1493 1.84467e+19 1.80827e+16 18138.8 64 15.3643 12 4.19819
1494 1.44115e+17 4.17301e+14 17964.7 57 14.3525 12 3.86891
1495 7.20576e+16 1.9924e+14 23784.4 56 15.2158 13 4.14178
1496 1.84467e+19 1.85137e+16 17545 64 15.4482 12 4.21014
1497 1.15292e+18 1.29077e+15 19628 60 15.5254 12 4.22355
1498 4.61169e+18 5.19899e+15 5483.38 62 12.6338 8 3.58976
1499 1.44115e+17 2.02494e+14 7145.48 57 13.4766 8 3.71826
