9510.31
0 111.937 8.36396 4 1 0.0410156 0 0.131709
1 435.151 8.47326 4 2 0.0361328 0 0.134416
2 434.639 8.89714 4 2 0.0410156 0 0.135362
3 109.275 8.87684 5 1 0.0410156 0 0.13852
4 435.053 9.12331 5 2 0.0400391 0 0.139628
5 435.151 9.69341 5 2 0.0449219 0 0.137987
6 435.117 10.3066 5 2 0.0517578 0 0.139751
7 435.127 9.47569 5 2 0.0439453 0 0.139113
8 111.937 10.3621 5 1 0.0537109 0 0.14176
9 110.371 10.0173 5 1 0.0488281 0 0.142836
10 434.412 10.9192 5 2 0.0556641 0 0.142779
11 435.151 11.5242 5 2 0.0576172 0 0.142542
12 110.371 9.63118 6 1 0.0439453 0 0.144305
13 435.151 11.7103 6 2 0.0556641 0 0.144225
14 435.053 11.9853 6 2 0.0605469 0 0.147113
15 435.149 11.708 5 2 0.0576172 0 0.145197
16 435.151 9.98498 5 2 0.0439453 0 0.146282
17 435.151 11.2941 6 2 0.0527344 0 0.145476
18 435.151 11.6541 6 2 0.0576172 0 0.144085
19 1008.92 11.6689 6 3 0.0556641 0 0.143623
20 435.127 12.3279 6 2 0.0664062 0 0.144809
21 435.076 10.2787 6 2 0.0410156 0 0.144654
22 435.149 13.4418 6 2 0.0722656 0 0.146261
23 435.127 11.9051 6 2 0.0605469 0 0.146305
24 435.053 11.1133 6 2 0.0517578 0 0.147636
25 435.149 11.773 6 2 0.0566406 0 0.144387
26 435.149 11.785 6 2 0.0585938 0 0.14786
27 435.053 13.4958 6 2 0.0722656 0 0.149328
28 434.954 11.1338 6 2 0.0517578 0 0.147678
29 434.818 11.585 6 2 0.0566406 0 0.150798
30 435.053 11.9208 6 2 0.0585938 0 0.148993
31 109.829 11.4155 6 1 0.0556641 0 0.152181
32 1011.78 14.3216 6 3 0.0664062 0 0.155872
33 435.149 12.6738 6 2 0.0625 0 0.153696
34 435.117 13.4212 6 2 0.0683594 0 0.153279
35 111.425 11.5123 6 1 0.0546875 0 0.154215
36 434.954 11.3539 6 2 0.0498047 0 0.156346
37 435.149 12.2123 6 2 0.0566406 0 0.152378
38 435.151 13.6785 6 2 0.0693359 0 0.155225
39 1008.92 13.7901 6 3 0.0664062 0 0.151546
40 435.151 13.0215 6 2 0.0634766 0 0.151561
41 435.127 11.937 6 2 0.0556641 0 0.153099
42 435.151 12.5567 6 2 0.0585938 0 0.151354
43 435.149 14.3102 6 2 0.0742188 0 0.154877
44 1011.78 15.1848 6 3 0.0742188 0 0.154426
45 435.127 12.6624 6 2 0.0615234 0 0.157838
46 434.954 12.4136 6 2 0.0605469 0 0.155789
47 435.149 13.6614 6 2 0.0693359 0 0.155357
48 435.149 14.0047 6 2 0.0673828 0 0.156357
49 435.117 13.3786 6 2 0.0664062 0 0.155121
50 435.053 12.2735 6 2 0.0556641 0 0.157422
51 435.151 12.3646 7 2 0.0566406 0 0.157857
52 435.149 14.0462 7 2 0.0654297 0 0.158965
53 435.149 14.2671 7 2 0.0732422 0 0.157889
54 435.127 14.316 7 2 0.0712891 0 0.161278
55 435.053 15.0321 7 2 0.0732422 0 0.162001
56 435.053 13.9008 7 2 0.0673828 0 0.16319
57 435.117 14.5489 7 2 0.0742188 0 0.163278
58 435.149 13.7804 7 2 0.0673828 0 0.159354
59 435.151 16.3382 7 2 0.0878906 0 0.163451
60 435.053 14.0562 7 2 0.0693359 0 0.16026
61 435.127 13.7214 7 2 0.0664062 0 0.159609
62 435.127 14.0952 7 2 0.0654297 0 0.162931
63 435.149 16.101 7 2 0.0800781 0 0.161578
64 435.076 15.402 7 2 0.078125 0 0.16356
65 111.937 13.7079 7 1 0.0703125 0 0.163411
66 435.149 15.3797 7 2 0.0751953 0 0.164583
67 435.053 12.9596 7 2 0.0625 0 0.16112
68 435.149 12.9237 7 2 0.0605469 0 0.16265
69 435.149 17.0379 8 2 0.0898438 0 0.166843
70 1009.59 15.4812 8 3 0.0722656 0 0.165869
71 1011.31 16.6407 8 3 0.0800781 0 0.165589
72 435.151 15.7129 8 2 0.0820312 0 0.166093
73 435.117 17.3465 8 2 0.0917969 0 0.165666
74 435.117 14.611 8 2 0.0683594 0 0.168424
75 435.149 16.1646 8 2 0.0771484 0 0.165944
76 435.053 16.7397 8 2 0.0878906 0 0.168068
77 435.151 17.7125 8 2 0.0957031 0 0.168883
78 111.937 13.6158 8 1 0.0644531 0 0.16945
79 434.818 15.0071 8 2 0.0751953 0 0.168439
80 435.053 14.5851 8 2 0.0722656 0 0.169578
81 1011.78 20.0173 8 3 0.111328 0 0.168983
82 435.117 15.4644 8 2 0.078125 0 0.167001
83 1008.92 18.0265 8 3 0.0986328 0 0.170725
84 435.149 19.6792 8 2 0.107422 0 0.173617
85 435.151 16.4912 8 2 0.0820312 0 0.169593
86 435.127 16.7861 8 2 0.0830078 0 0.169488
87 435.127 18.9103 8 2 0.104492 0 0.169757
88 435.151 17.3973 8 2 0.0947266 0 0.171169
89 435.149 19.3276 8 2 0.109375 0 0.174562
90 110.371 15.5933 8 1 0.0830078 0 0.171932
91 435.127 16.9259 8 2 0.0898438 0 0.171221
92 435.151 19.6128 8 2 0.107422 0 0.172468
93 435.151 21.6401 8 2 0.121094 0 0.175891
94 435.149 17.2913 8 2 0.0908203 0 0.175183
95 435.151 18.835 8 2 0.0996094 0 0.175217
96 435.151 21.4217 9 2 0.118164 0 0.176156
97 435.151 20.0117 8 2 0.111328 0 0.172382
98 435.151 20.3153 8 2 0.117188 0 0.17771
99 435.151 18.8022 8 2 0.100586 0 0.176117
100 1009.59 22.6805 9 3 0.124023 0 0.176145
101 1011.31 21.6101 9 3 0.117188 0 0.176576
102 435.149 18.439 9 2 0.0957031 0 0.1776
103 435.151 22.4499 9 2 0.133789 0 0.178459
104 435.149 20.3959 9 2 0.112305 0 0.179133
105 435.151 19.2859 8 2 0.111328 0 0.177239
106 435.151 20.8034 9 2 0.119141 0 0.182158
107 435.127 18.726 9 2 0.0996094 0 0.176509
108 435.151 22.594 9 2 0.131836 0 0.179692
109 1011.78 22.545 9 3 0.12207 0 0.180231
110 435.149 22.05 9 2 0.129883 0 0.181154
111 435.151 24.3512 9 2 0.139648 0 0.184297
112 435.151 24.806 9 2 0.145508 0 0.185479
113 435.151 22.5074 9 2 0.12793 0 0.183563
114 1010.79 25.9085 9 3 0.151367 0 0.182465
115 435.149 25.1662 9 2 0.152344 0 0.184134
116 435.127 24.4575 9 2 0.152344 0 0.18334
117 1010.21 23.8671 9 3 0.129883 0 0.184069
118 1008.92 25.3739 9 3 0.141602 0 0.186076
119 1008.92 26.9609 9 3 0.160156 0 0.18871
120 1008.92 25.3201 9 3 0.144531 0 0.187176
121 435.151 25.8184 9 2 0.149414 0 0.187522
122 435.149 26.1391 9 2 0.154297 0 0.188686
123 435.151 27.5773 9 2 0.155273 0 0.185602
124 435.151 26.7598 9 2 0.15918 0 0.187003
125 435.151 27.2254 9 2 0.163086 0 0.188796
126 435.149 27.5495 9 2 0.164062 0 0.188905
127 435.149 28.2019 9 2 0.178711 0 0.189855
128 1008.92 29.3208 9 3 0.176758 0 0.186845
129 435.151 26.2858 9 2 0.160156 0 0.186431
130 1008.92 31.4287 9 3 0.183594 0 0.191444
131 435.151 31.0922 9 2 0.185547 0 0.190345
132 435.151 29.9947 9 2 0.185547 0 0.187199
133 1843.9 33.6608 9 4 0.194336 0 0.190427
134 1011.78 32.7706 9 3 0.208008 0 0.191602
135 1009.59 31.2639 9 3 0.185547 0 0.192532
136 435.151 35.3472 9 2 0.219727 0 0.19432
137 435.151 35.3515 9 2 0.223633 0 0.19097
138 1009.59 34.7364 9 3 0.220703 0 0.192659
139 435.151 32.5303 9 2 0.208008 0 0.192477
140 435.151 34.8014 9 2 0.21582 0 0.193497
141 435.151 35.5928 9 2 0.21875 0 0.192199
142 1008.92 39.3042 9 3 0.250977 0 0.19341
143 1008.92 31.7677 9 3 0.202148 0 0.191638
144 1843.9 38.8391 9 4 0.248047 0 0.193424
145 435.151 37.4592 9 2 0.241211 0 0.196237
146 1010.21 39.9127 9 3 0.25 0 0.193379
147 1008.92 38.9291 9 3 0.242188 0 0.196061
148 1008.92 37.645 9 3 0.24707 0 0.194132
149 435.151 39.8825 10 2 0.264648 0 0.195326
150 1009.59 39.4598 10 3 0.246094 0 0.196435
151 435.151 34.65 9 2 0.220703 0 0.194692
152 435.151 42.1869 10 2 0.269531 0 0.196531
153 1011.31 37.9687 9 3 0.244141 0 0.196247
154 1008.92 38.3656 9 3 0.250977 0 0.195461
155 1011.78 39.1904 9 3 0.24707 0 0.192821
156 1009.59 40.9021 10 3 0.25 0 0.197864
157 435.151 41.3198 11 2 0.260742 0 0.199201
158 435.151 39.9498 9 2 0.262695 0 0.195655
159 1011.78 39.2995 10 3 0.246094 0 0.19641
160 435.151 41.1342 10 2 0.269531 0 0.196691
161 1011.31 42.9005 10 3 0.27832 0 0.196676
162 1011.31 38.396 10 3 0.255859 0 0.195555
163 1010.21 42.8164 10 3 0.272461 0 0.197001
164 435.151 34.9736 11 2 0.235352 0 0.198014
165 435.151 37.9288 10 2 0.253906 0 0.19848
166 1011.31 40.3647 10 3 0.249023 0 0.197559
167 1008.92 41.5629 10 3 0.280273 0 0.197245
168 1011.31 46.2014 10 3 0.27832 0 0.198627
169 1008.92 41.6421 11 3 0.276367 0 0.199918
170 1011.31 46.1784 11 3 0.304688 0 0.199769
171 1011.31 44.3479 10 3 0.285156 0 0.198428
172 1009.59 43.8373 11 3 0.271484 0 0.200415
173 1008.92 45.1451 11 3 0.302734 0 0.20102
174 1011.31 45.4583 11 3 0.302734 0 0.199646
175 1011.78 46.8704 11 3 0.30957 0 0.199921
176 435.151 41.4597 11 2 0.276367 0 0.200904
177 1009.59 48.4324 11 3 0.321289 0 0.200047
178 1008.92 48.754 11 3 0.30957 0 0.198325
179 435.151 45.9869 11 2 0.303711 0 0.199684
180 1009.59 42.4025 11 3 0.27832 0 0.201983
181 435.151 47.4646 12 2 0.325195 0 0.203308
182 1010.21 49.0481 11 3 0.3125 0 0.201494
183 1011.31 47.5808 12 3 0.316406 0 0.203501
184 1011.31 47.1778 11 3 0.294922 0 0.202481
185 1011.31 46.0565 12 3 0.301758 0 0.202948
186 1008.92 44.6734 11 3 0.283203 0 0.201943
187 1010.21 47.6495 12 3 0.314453 0 0.200914
188 1843.9 50.7048 12 4 0.329102 0 0.201421
189 435.151 45.064 12 2 0.295898 0 0.203408
190 435.151 42.7253 12 2 0.292969 0 0.202563
191 1008.92 43.7146 12 3 0.300781 0 0.201637
192 1008.92 46.907 11 3 0.289062 0 0.203461
193 1008.92 47.9167 11 3 0.320312 0 0.202953
194 1009.59 49.4965 12 3 0.322266 0 0.203752
195 435.151 49.017 12 2 0.321289 0 0.202151
196 1011.78 45.9044 11 3 0.303711 0 0.200254
197 1008.92 46.31 11 3 0.297852 0 0.202364
198 1009.59 41.063 11 3 0.262695 0 0.201226
199 1008.92 40.5921 11 3 0.258789 0 0.203469
200 1011.78 47.1812 11 3 0.305664 0 0.204182
201 1010.21 49.2709 11 3 0.31543 0 0.203043
202 1008.92 45.0573 11 3 0.296875 0 0.202161
203 1011.31 49.2983 12 3 0.3125 0 0.204149
204 1011.31 47.1572 11 3 0.310547 0 0.2024
205 1010.79 50.4875 11 3 0.307617 0 0.202674
206 1008.92 44.2002 12 3 0.296875 0 0.201724
207 1008.92 42.8913 11 3 0.288086 0 0.202678
208 1009.59 48.1003 11 3 0.310547 0 0.200757
209 1010.21 53.1446 11 3 0.329102 0 0.201636
210 1008.92 46.9507 11 3 0.300781 0 0.200656
211 435.151 43.8376 12 2 0.297852 0 0.202124
212 1011.31 47.7 11 3 0.298828 0 0.200533
213 1011.31 50.0349 11 3 0.319336 0 0.199876
214 1005.85 46.7604 12 3 0.31543 0 0.203898
215 1011.31 53.9534 13 3 0.360352 0 0.20408
216 1009.59 48.3127 11 3 0.314453 0 0.203885
217 1008.92 43.2861 11 3 0.285156 0 0.201962
218 435.151 46.0072 12 2 0.31543 0 0.202615
219 1011.31 48.3633 12 3 0.317383 0 0.200615
220 1009.59 50.2361 12 3 0.34375 0 0.203156
221 1010.21 50.0285 11 3 0.3125 0 0.203017
222 1011.78 45.8294 12 3 0.298828 0 0.202483
223 435.151 46.0161 12 2 0.304688 0 0.204465
224 1008.92 46.1987 11 3 0.298828 0 0.202164
225 435.151 47.9032 12 2 0.322266 0 0.203502
226 1008.92 52.1533 12 3 0.330078 0 0.205377
227 1008.92 49.3478 12 3 0.307617 0 0.202505
228 1008.92 49.4437 12 3 0.324219 0 0.203796
229 435.151 43.8144 11 2 0.288086 0 0.201959
230 1008.92 50.3899 12 3 0.337891 0 0.204711
231 1849.99 52.7321 13 4 0.34375 0 0.205592
232 1011.31 47.8815 12 3 0.3125 0 0.204105
233 435.151 48.1872 11 2 0.301758 0 0.204832
234 1008.92 49.9097 12 3 0.323242 0 0.204566
235 435.151 45.2745 12 2 0.294922 0 0.204346
236 1008.92 49.2273 12 3 0.329102 0 0.206821
237 1008.92 48.01 13 3 0.324219 0 0.205974
238 1011.31 50.0138 12 3 0.329102 0 0.201362
239 1008.21 48.8338 12 3 0.325195 0 0.203078
240 1010.79 47.1293 12 3 0.301758 0 0.20504
241 1845.26 51.5072 13 4 0.317383 0 0.205616
242 435.151 50.1842 13 2 0.323242 0 0.206617
243 1008.92 45.7565 12 3 0.302734 0 0.206452
244 435.151 46.3364 12 2 0.307617 0 0.204946
245 1011.31 51.0398 12 3 0.325195 0 0.206119
246 1011.31 46.2945 13 3 0.306641 0 0.204822
247 1012.18 50.164 13 3 0.330078 0 0.205868
248 1008.92 46.824 12 3 0.303711 0 0.204587
249 1011.31 47.29 13 3 0.308594 0 0.204202
250 1008.92 45.9297 12 3 0.296875 0 0.204597
251 1011.31 51.9804 13 3 0.324219 0 0.207415
252 1008.92 45.5471 12 3 0.294922 0 0.204104
253 435.151 48.1462 12 2 0.324219 0 0.203968
254 1008.92 48.0268 12 3 0.304688 0 0.204673
255 1011.31 55.1417 13 3 0.348633 0 0.205224
256 1008.92 47.8991 12 3 0.303711 0 0.204578
257 1011.31 52.9094 13 3 0.331055 0 0.208651
258 1011.31 47.6707 12 3 0.313477 0 0.205921
259 1011.31 56.0809 13 3 0.370117 0 0.205191
260 435.151 46.0648 12 2 0.303711 0 0.203321
261 1848.92 53.3949 13 4 0.348633 0 0.205641
262 1009.59 48.8308 12 3 0.313477 0 0.206817
263 1008.92 51.4304 13 3 0.329102 0 0.205656
264 1008.92 49.1116 13 3 0.314453 0 0.205978
265 1009.59 53.2563 13 3 0.342773 0 0.206883
266 435.151 44.1898 12 2 0.298828 0 0.202183
267 1009.59 52.8163 13 3 0.351562 0 0.20722
268 1008.92 54.1293 13 3 0.338867 0 0.208163
269 1012.52 48.1485 13 3 0.320312 0 0.206299
270 1009.59 49.7056 12 3 0.330078 0 0.20565
271 435.151 48.5523 12 2 0.324219 0 0.204436
272 435.151 49.785 13 2 0.323242 0 0.2065
273 1011.31 50.0797 13 3 0.330078 0 0.204778
274 435.151 48.631 13 2 0.316406 0 0.206925
275 1848.92 49.8138 13 4 0.333008 0 0.206547
276 1011.31 45.4481 12 3 0.302734 0 0.204839
277 1008.92 43.1848 13 3 0.280273 0 0.207323
278 1009.59 49.7586 13 3 0.329102 0 0.20727
279 1008.92 52.0845 13 3 0.347656 0 0.204699
280 1009.59 49.3059 12 3 0.324219 0 0.204446
281 1008.92 47.1737 13 3 0.3125 0 0.207065
282 1011.78 53.4064 13 3 0.34082 0 0.210213
283 1008.92 53.1713 13 3 0.34668 0 0.206842
284 1009.59 55.5256 13 3 0.356445 0 0.206531
285 1008.92 52.6478 13 3 0.350586 0 0.206046
286 1008.92 47.2458 13 3 0.308594 0 0.207467
287 1008.92 46.7106 13 3 0.319336 0 0.206687
288 435.151 49.0732 13 2 0.323242 0 0.206277
289 1011.31 50.9864 13 3 0.341797 0 0.206783
290 1011.31 53.9375 13 3 0.350586 0 0.207673
291 1843.9 51.1342 13 4 0.336914 0 0.205965
292 1008.92 50.4243 12 3 0.334961 0 0.206033
293 1843.9 47.4266 13 4 0.3125 0 0.205753
294 435.149 47.7371 13 2 0.328125 0 0.205657
295 1008.92 53.5137 13 3 0.347656 0 0.205905
296 1008.92 55.4429 13 3 0.367188 0 0.207014
297 1008.92 51.7583 13 3 0.350586 0 0.206043
298 1011.78 47.9866 12 3 0.314453 0 0.206298
299 1009.59 50.175 13 3 0.331055 0 0.207077
300 435.151 49.8948 13 2 0.336914 0 0.208571
301 1009.59 49.8808 13 3 0.333008 0 0.207334
302 1011.31 51.9111 13 3 0.331055 0 0.206423
303 1011.31 49.3616 13 3 0.327148 0 0.208036
304 1011.31 53.8338 13 3 0.349609 0 0.208214
305 1008.92 50.7852 13 3 0.325195 0 0.207889
306 435.151 48.5287 13 2 0.328125 0 0.207358
307 1008.92 44.582 12 3 0.282227 0 0.204834
308 1009.59 51.2784 13 3 0.334961 0 0.205223
309 1008.92 50.474 13 3 0.327148 0 0.20769
310 1008.92 50.4334 13 3 0.328125 0 0.208686
311 1011.31 53.4524 13 3 0.342773 0 0.209368
312 1011.31 50.667 13 3 0.327148 0 0.206581
313 1009.59 51.4469 13 3 0.342773 0 0.206205
314 1009.59 49.5485 13 3 0.329102 0 0.207614
315 1008.92 51.3881 13 3 0.341797 0 0.208636
316 1011.31 53.4461 13 3 0.341797 0 0.207865
317 1008.92 54.4636 13 3 0.34375 0 0.206021
318 1008.92 49.8448 13 3 0.334961 0 0.207049
319 1008.92 46.865 13 3 0.303711 0 0.20825
320 435.151 46.5927 13 2 0.307617 0 0.208241
321 435.151 49.7348 13 2 0.329102 0 0.207958
322 1008.92 52.5783 13 3 0.336914 0 0.210729
323 1011.31 51.1843 13 3 0.329102 0 0.207638
324 1008.92 51.1077 13 3 0.324219 0 0.207459
325 1008.92 51.1246 13 3 0.337891 0 0.207775
326 435.151 52.7401 13 2 0.352539 0 0.208039
327 1008.92 44.8438 13 3 0.292969 0 0.206302
328 1008.92 48.3151 13 3 0.329102 0 0.207268
329 1009.59 53.3295 13 3 0.336914 0 0.207055
330 1008.92 47.3433 13 3 0.317383 0 0.205431
331 1008.92 47.6572 12 3 0.310547 0 0.206794
332 435.151 49.0697 13 2 0.321289 0 0.207004
333 1009.59 45.9802 13 3 0.294922 0 0.206941
334 1008.92 51.6534 13 3 0.335938 0 0.205297
335 435.151 47.7963 13 2 0.326172 0 0.206142
336 1008.92 51.6013 13 3 0.334961 0 0.206828
337 1009.59 52.1388 13 3 0.341797 0 0.207001
338 1011.31 50.666 13 3 0.332031 0 0.207034
339 1004.1 46.9144 13 3 0.298828 0 0.206081
340 1011.31 59.249 13 3 0.373047 0 0.206846
341 435.151 49.7679 13 2 0.322266 0 0.207949
342 1011.31 46.9411 13 3 0.313477 0 0.207603
343 1008.92 50.0572 13 3 0.333008 0 0.209454
344 1843.9 50.752 13 4 0.319336 0 0.206034
345 1010.79 46.8563 13 3 0.311523 0 0.206296
346 1007.46 47.5853 13 3 0.307617 0 0.206536
347 1011.31 53.4511 13 3 0.345703 0 0.208335
348 1008.92 46.0304 13 3 0.300781 0 0.206458
349 1011.78 45.9087 13 3 0.296875 0 0.20628
350 1010.21 47.2631 13 3 0.310547 0 0.20751
351 1008.92 51.1687 13 3 0.332031 0 0.208407
352 1008.92 53.4321 13 3 0.353516 0 0.210157
353 435.151 48.0367 13 2 0.328125 0 0.206862
354 435.151 49.515 13 2 0.34375 0 0.205984
355 1011.31 51.3587 13 3 0.331055 0 0.208546
356 1008.92 51.6231 13 3 0.329102 0 0.209349
357 1008.92 50.2093 13 3 0.329102 0 0.207252
358 1008.92 50.3087 13 3 0.328125 0 0.207502
359 1012.18 51.2818 13 3 0.317383 0 0.209903
360 1008.92 49.2094 13 3 0.323242 0 0.207682
361 1009.59 50.4309 13 3 0.331055 0 0.208268
362 1011.31 49.9651 13 3 0.321289 0 0.207199
363 1008.92 51.4591 13 3 0.337891 0 0.206588
364 1011.31 51.8985 13 3 0.332031 0 0.208151
365 1008.92 48.7607 13 3 0.322266 0 0.208732
366 1011.31 46.7334 13 3 0.304688 0 0.207533
367 1011.31 49.9248 13 3 0.316406 0 0.208068
368 1008.92 52.4915 13 3 0.352539 0 0.207256
369 1011.31 46.7234 13 3 0.301758 0 0.207548
370 1008.92 48.5201 13 3 0.322266 0 0.209133
371 1011.31 54.741 13 3 0.366211 0 0.207459
372 1008.92 52.7111 13 3 0.339844 0 0.209381
373 1010.79 50.7621 13 3 0.338867 0 0.207663
374 1008.92 49.6856 13 3 0.324219 0 0.207374
375 1008.92 46.9864 13 3 0.306641 0 0.20852
376 1011.31 51.5358 13 3 0.330078 0 0.209369
377 1008.92 49.2977 13 3 0.336914 0 0.209415
378 1010.79 54.4923 13 3 0.341797 0 0.208725
379 1011.31 55.3978 13 3 0.360352 0 0.208632
380 1009.59 50.1193 13 3 0.311523 0 0.208319
381 1008.92 51.8601 13 3 0.34668 0 0.21001
382 1008.92 45.9654 13 3 0.308594 0 0.207675
383 435.151 52.668 13 2 0.34375 0 0.209459
384 1008.92 51.7901 13 3 0.349609 0 0.208152
385 1008.92 47.6195 13 3 0.3125 0 0.211064
386 1011.31 53.5628 13 3 0.347656 0 0.210338
387 1008.92 48.9736 13 3 0.314453 0 0.210512
388 1011.31 48.9506 13 3 0.313477 0 0.207661
389 1011.31 51.2825 13 3 0.354492 0 0.209703
390 1011.31 49.5675 13 3 0.317383 0 0.208567
391 1008.92 50.7211 13 3 0.329102 0 0.211205
392 435.149 46.1996 13 2 0.321289 0 0.209318
393 1008.92 51.0627 13 3 0.328125 0 0.210776
394 1008.92 51.8757 13 3 0.339844 0 0.209788
395 1008.92 51.5989 13 3 0.341797 0 0.210194
396 435.151 50.4582 13 2 0.34082 0 0.20888
397 1011.31 55.1314 13 3 0.360352 0 0.210185
398 1008.92 55.8086 13 3 0.368164 0 0.21155
399 1009.59 50.6048 13 3 0.323242 0 0.207857
400 1008.92 47.6337 13 3 0.303711 0 0.209393
401 1009.59 56.2633 13 3 0.353516 0 0.212149
402 1848.92 51.9009 13 4 0.321289 0 0.209973
403 1007.46 49.8893 13 3 0.329102 0 0.209745
404 435.151 48.2388 13 2 0.325195 0 0.210617
405 1008.92 53.9869 13 3 0.355469 0 0.211815
406 1011.31 51.5677 13 3 0.341797 0 0.212028
407 1845.26 50.5301 13 4 0.318359 0 0.213387
408 435.151 52.3604 13 2 0.349609 0 0.210409
409 435.151 45.9665 13 2 0.306641 0 0.210608
410 1008.92 54.3701 13 3 0.334961 0 0.213939
411 1008.92 55.5408 13 3 0.364258 0 0.212904
412 1011.31 52.71 13 3 0.333984 0 0.209925
413 1008.92 53.9479 13 3 0.352539 0 0.208962
414 1011.78 51.4143 13 3 0.327148 0 0.210603
415 1008.92 51.5108 13 3 0.344727 0 0.209936
416 435.151 51.0377 13 2 0.347656 0 0.209388
417 1008.92 54.0829 13 3 0.352539 0 0.211764
418 1005.85 53.4093 13 3 0.353516 0 0.21001
419 435.151 49.3244 13 2 0.333984 0 0.211359
420 1008.92 52.3851 13 3 0.333008 0 0.21084
421 1008.92 55.9368 13 3 0.364258 0 0.211378
422 1009.59 51.1904 13 3 0.336914 0 0.211022
423 1008.92 53.1338 13 3 0.349609 0 0.211888
424 1011.78 50.7173 13 3 0.345703 0 0.21335
425 1008.92 51.49 13 3 0.327148 0 0.2129
426 1010.21 56.1762 13 3 0.371094 0 0.211554
427 435.151 52.2441 13 2 0.348633 0 0.209627
428 1008.92 51.8532 13 3 0.345703 0 0.214167
429 1011.31 54.4322 13 3 0.352539 0 0.212846
430 1008.92 50.2115 13 3 0.329102 0 0.211163
431 1843.9 54.3509 13 4 0.339844 0 0.209768
432 1007.46 49.5067 13 3 0.330078 0 0.213292
433 1011.31 55.3978 13 3 0.354492 0 0.211501
434 1008.92 52.2752 13 3 0.336914 0 0.21345
435 1843.9 53.636 13 4 0.347656 0 0.210933
436 1008.92 48.4684 13 3 0.304688 0 0.210895
437 1008.92 47.2466 13 3 0.306641 0 0.20945
438 1011.78 51.7238 13 3 0.344727 0 0.211179
439 1010.21 55.208 13 3 0.344727 0 0.212441
440 1008.92 51.42 13 3 0.34082 0 0.211991
441 1010.21 52.1743 13 3 0.330078 0 0.212731
442 1008.92 49.196 13 3 0.318359 0 0.211335
443 1010.79 55.0935 13 3 0.362305 0 0.212314
444 1011.31 52.9367 13 3 0.320312 0 0.20974
445 1843.9 54.7564 13 4 0.355469 0 0.211052
446 1011.31 51.8785 13 3 0.329102 0 0.211628
447 435.151 49.9691 13 2 0.329102 0 0.214728
448 1008.92 55.7062 13 3 0.359375 0 0.213622
449 1009.59 50.3831 13 3 0.332031 0 0.209668
450 1011.31 54.4744 13 3 0.344727 0 0.212196
451 1008.92 52.8673 13 3 0.337891 0 0.211274
452 1008.92 53.4181 13 3 0.34668 0 0.210607
453 435.149 51.5813 13 2 0.34668 0 0.212056
454 1009.59 53.501 13 3 0.345703 0 0.213714
455 1008.92 51.7393 13 3 0.328125 0 0.212736
456 1008.92 50.7314 13 3 0.349609 0 0.212774
457 1011.78 56.8296 13 3 0.366211 0 0.211716
458 1008.92 50.6802 13 3 0.333984 0 0.213936
459 1008.92 50.8916 13 3 0.335938 0 0.213645
460 1008.92 50.0175 13 3 0.342773 0 0.215203
461 1008.92 52.6771 13 3 0.333984 0 0.214913
462 1011.31 56.1184 13 3 0.360352 0 0.214247
463 1009.59 53.9141 13 3 0.34082 0 0.21276
464 1008.92 46.0913 13 3 0.293945 0 0.214368
465 1008.92 52.9224 13 3 0.332031 0 0.214264
466 1008.92 53.8285 13 3 0.342773 0 0.214344
467 1011.31 55.7744 13 3 0.347656 0 0.210685
468 1008.92 54.4776 13 3 0.351562 0 0.213666
469 1008.92 57.8794 13 3 0.375977 0 0.215508
470 1008.92 49.8475 13 3 0.331055 0 0.212869
471 1005.85 55.905 13 3 0.358398 0 0.213973
472 1010.79 51.2208 13 3 0.326172 0 0.214245
473 1008.92 52.3294 13 3 0.327148 0 0.212174
474 1008.92 47.8416 13 3 0.311523 0 0.212305
475 1011.31 53.4609 13 3 0.351562 0 0.216813
476 998.128 53.005 13 3 0.355469 0 0.21646
477 1010.21 54.0089 13 3 0.348633 0 0.216973
478 999.194 51.3274 13 3 0.338867 0 0.218863
479 1011.31 58.451 13 3 0.371094 0 0.217382
480 1002.23 54.1109 13 3 0.358398 0 0.220029
481 435.151 52.227 13 2 0.353516 0 0.220451
482 1010.79 59.8995 13 3 0.368164 0 0.224105
483 1010.79 55.3697 13 3 0.348633 0 0.224696
484 1011.31 63.1704 13 3 0.386719 0 0.226413
485 1009.59 64.8965 13 3 0.379883 0 0.230558
486 1010.21 59.0557 13 3 0.365234 0 0.225921
487 1007.46 59.1585 14 3 0.37207 0 0.232481
488 1006.68 65.3468 15 3 0.392578 0 0.236247
489 1001.24 59.0354 15 3 0.369141 0 0.235764
490 1007.46 61.0873 15 3 0.382812 0 0.237258
491 1008.92 65.5346 15 3 0.388672 0 0.242431
492 1823.71 70.0419 16 4 0.411133 0 0.243687
493 1010.21 64.162 15 3 0.387695 0 0.248277
494 1009.59 72.0353 16 3 0.416992 0 0.244934
495 1007.46 62.3564 15 3 0.371094 0 0.243127
496 1815.68 63.6553 15 4 0.380859 0 0.249283
497 1008.92 63.2403 16 3 0.393555 0 0.249706
498 1009.59 64.8274 15 3 0.37207 0 0.254497
499 1008.92 70.6598 16 3 0.410156 0 0.249541
500 1841.02 72.2292 17 4 0.417969 0 0.259337
501 1804.91 73.4293 17 4 0.421875 0 0.271017
502 1817.74 74.3705 17 4 0.421875 0 0.272995
503 1823.71 78.0724 17 4 0.422852 0 0.271228
504 1005.85 68.1911 18 3 0.414062 0 0.273062
505 1825.63 78.8009 18 4 0.436523 0 0.277676
506 1846.55 83.4889 19 4 0.463867 0 0.283653
507 1011.31 81.8281 18 3 0.446289 0 0.285023
508 4171.38 84.4454 19 6 0.450195 0 0.298681
509 1804.91 79.913 21 4 0.431641 0 0.307984
510 2778.96 97.6738 21 5 0.499023 0 0.306553
511 2900.72 94.6817 24 5 0.498047 0 0.337548
512 1831.15 84.2918 22 4 0.456055 0 0.329735
513 1827.51 94.7501 21 4 0.487305 0 0.320582
514 2649.34 102.109 25 5 0.508789 0 0.344362
515 2884.52 112.785 27 5 0.541992 0 0.357926
516 3987.02 109.61 27 6 0.541016 0 0.369741
517 2897.56 114.029 28 5 0.542969 0 0.374296
518 2774.8 112.746 27 5 0.540039 0 0.377346
519 2894.36 116.02 41 5 0.543945 0 0.409908
520 2830.78 119.996 40 5 0.572266 0 0.39601
521 5867.34 127.43 101 7 0.587891 0 0.41525
522 2874.36 130.873 42 5 0.589844 0 0.39664
523 2823.1 134.391 101 5 0.639648 0 0.440757
524 4963.37 128.503 35 7 0.589844 0 0.391544
525 2909.97 127.609 62 5 0.597656 0 0.413347
526 2774.8 139.301 101 5 0.634766 0 0.444061
527 2900.72 147.364 101 5 0.664062 0 0.450938
528 2863.89 149.691 101 5 0.661133 0 0.438919
529 2863.89 145.153 101 5 0.661133 0 0.427098
530 2881.17 136.51 101 5 0.623047 0 0.408133
531 4034.46 140.436 101 6 0.637695 0 0.432054
532 5631.18 149.675 101 7 0.665039 0 0.460646
533 2884.52 149.745 101 5 0.686523 0 0.461075
534 4034.46 145.266 101 6 0.629883 0 0.451496
535 2762.17 162.618 101 5 0.712891 0 0.485921
536 5298.97 162.822 101 7 0.708984 0 0.459843
537 2903.85 152.041 101 5 0.692383 0 0.447783
538 7549.02 168.748 105 8 0.75 1 0.45953
539 2881.17 179.157 101 5 0.753906 0 0.477796
540 5256.55 203.021 107.538 7 0.828125 1 0.486481
541 7236.2 207.28 101 8 0.800781 0 0.468822
542 4282.57 183.69 101 6 0.769531 0 0.479899
543 7467.02 199.201 101 8 0.78125 0 0.489074
544 3956.58 197.975 106.306 6 0.808594 1 0.49663
545 9651.76 240.639 108.13 9 0.90625 1 0.506235
546 9752.4 224.989 107.538 9 0.875977 1 0.498538
547 5594.12 225.207 106.93 7 0.876953 1 0.492178
548 5398.45 219.933 105 7 0.838867 1 0.505707
549 7094.17 268.325 109.829 8 0.995117 1 0.504893
550 12252.2 256.683 108.709 10 0.931641 1 0.534572
551 5623.83 254.567 111.425 7 0.984375 1 0.528529
552 9860.89 279.609 108.709 9 0.972656 1 0.538269
553 24876.4 283.145 110.903 13 0.977539 1 0.566411
554 15584.2 356.289 112.44 11 1.11719 1 0.581273
555 20386.9 481.039 113.419 12 1.26172 1 0.601627
556 96131.8 834.836 116.17 16 1.49902 1 0.710592
557 1.09525e+06 2793.74 137.3 20 2.07129 1 0.824233
558 300250 2573.53 423.737 18 2.68652 2 0.944735
559 301090 4066.71 432.209 18 3.18457 2 1.10513
560 300772 4387.6 759.728 18 3.63672 3 1.22465
561 568168 4408 888.526 19 3.72168 3 1.23593
562 562177 5002.72 933.708 19 3.96484 3 1.29132
563 1.09304e+06 7484.94 983.489 20 4.30859 3 1.34262
564 2.14734e+06 8379.13 973.593 21 4.28613 3 1.3112
565 565712 5599.53 946.193 19 4.15234 3 1.34631
566 2.14813e+06 10042 949.639 21 4.27832 3 1.38607
567 1.08887e+06 9059.21 976.512 20 4.51465 3 1.41428
568 1.09622e+06 9005.91 1065.31 20 4.58789 4 1.39979
569 4.24973e+06 11485.7 1396.25 22 4.67773 4 1.39192
570 2.144e+06 14584.8 1488.71 21 4.91016 4 1.43389
571 2.14649e+06 12133.5 1690.48 21 5.0498 4 1.48161
572 1.0912e+06 9398.18 1638.33 20 4.9082 4 1.46153
573 2.14821e+06 14956.7 1765.81 21 5.30273 4 1.55204
574 1.09525e+06 10351.8 1677.82 20 4.98535 4 1.49117
575 4.25237e+06 21987.5 1699.8 22 5.12402 4 1.49507
576 1.68423e+07 27616.7 1699.8 24 4.93652 4 1.49176
577 8.44792e+06 25808 1819.76 23 5.6875 4 1.52887
578 8.44693e+06 45936.4 1977.39 23 5.72852 5 1.60433
579 1.34303e+08 161161 1791.02 27 5.68848 4 1.57035
580 8.44879e+06 37988.9 2757.91 23 6.16992 5 1.59262
581 8.44904e+06 38326.5 2590.9 23 5.99512 5 1.56835
582 1.68387e+07 64305 2799.41 24 6.30859 5 1.61674
583 1.34303e+08 200764 2615.56 27 6.08594 5 1.58183
584 8.44392e+06 47059.1 1783.71 23 5.70605 4 1.58127
585 1.68415e+07 71980.3 2749.33 24 6.32324 5 1.64248
586 1.68406e+07 66733.7 2322.76 24 6.07422 5 1.64182
587 6.71887e+07 244515 2709.62 26 6.43555 5 1.69583
588 1.68448e+07 84843.1 2322.76 24 6.3584 5 1.73203
589 5.3697e+08 688117 2714.12 29 6.53613 5 1.73349
590 5.36966e+08 1.08061e+06 3950.42 29 7.35547 6 1.86595
591 1.68419e+07 177313 4708.09 24 7.59375 7 1.88775
592 3.36269e+07 310343 3962.71 25 7.49707 6 1.9096
593 3.36245e+07 296838 4860.94 25 7.97754 7 1.99377
594 3.36279e+07 268607 5525.6 25 8.0166 7 2.02109
595 1.34304e+08 663826 5791.42 27 8.35742 7 2.09351
596 1.34289e+08 602152 6695.87 27 8.51855 8 2.10318
597 5.3697e+08 1.2706e+06 7391.97 29 8.88672 8 2.16844
598 2.68523e+08 986134 6828.47 28 8.55566 8 2.15598
599 2.68525e+08 905263 7186.07 28 8.86719 8 2.17586
600 2.68527e+08 1.40926e+06 7256.07 28 8.91699 8 2.19559
601 5.36963e+08 2.23306e+06 6839.38 29 8.61035 8 2.18803
602 2.68526e+08 1.40928e+06 7073.47 28 8.93066 8 2.21901
603 6.71852e+07 482138 7429.74 26 8.9707 8 2.21032
604 1.34304e+08 860534 7305.25 27 8.78125 8 2.21594
605 6.71877e+07 825551 7165.83 26 9.04688 8 2.26444
606 2.14759e+09 3.85679e+06 7628.26 31 9.08984 8 2.25809
607 1.07385e+09 2.74852e+06 9934.61 30 9.76074 9 2.30386
608 2.68524e+08 2.19254e+06 9513.42 28 9.79883 9 2.36188
609 2.14759e+09 5.39362e+06 9696.83 31 9.81934 9 2.37909
610 1.07384e+09 3.91551e+06 9860.89 30 10.041 9 2.37769
611 4.29508e+09 8.07247e+06 9466.31 32 9.97559 9 2.33758
612 1.07384e+09 4.73268e+06 11172.2 30 9.9375 10 2.35435
613 1.07385e+09 4.46002e+06 7645.47 30 9.58691 8 2.32974
614 1.07384e+09 3.72979e+06 9583.16 30 9.86328 9 2.31989
615 2.68524e+08 1.66674e+06 9248.49 28 9.62598 9 2.30108
616 2.68523e+08 1.30471e+06 9060.14 28 9.41309 9 2.30002
617 1.07384e+09 3.36011e+06 7265.96 30 9.06738 8 2.26742
618 2.14759e+09 4.9743e+06 11406.1 31 10.1035 10 2.39203
619 1.34299e+08 1.94982e+06 8813.32 27 9.5459 9 2.29133
620 5.36961e+08 4.39782e+06 9085.59 29 9.53223 9 2.33055
621 5.36961e+08 3.12474e+06 7083.83 29 9.38965 8 2.31164
622 2.14759e+09 4.59819e+06 8760.25 31 9.24414 9 2.26332
623 5.36966e+08 4.30817e+06 8996.05 29 9.85156 9 2.36819
624 1.07385e+09 3.71133e+06 9297.69 30 9.93066 9 2.31493
625 5.36967e+08 2.67839e+06 9322.12 29 9.83887 9 2.33435
626 5.36962e+08 2.57678e+06 9223.72 29 9.63184 9 2.268
627 5.36964e+08 2.68605e+06 7575.75 29 9.79102 8 2.3359
628 5.36965e+08 2.60611e+06 8826.53 29 9.49219 9 2.2727
629 5.36966e+08 2.45345e+06 7372.91 29 9.25977 8 2.1854
630 1.718e+10 1.95764e+07 7769.62 34 9.63574 8 2.30317
631 5.36965e+08 4.36768e+06 9617.6 29 10.1602 9 2.44733
632 4.29508e+09 6.12215e+06 11266.4 32 10.0459 10 2.40016
633 2.68528e+08 4.09063e+06 14841.9 28 10.8975 11 2.53772
634 4.29508e+09 8.46908e+06 14647.4 32 10.625 11 2.50003
635 8.59006e+09 1.90518e+07 15470.2 33 11.0566 11 2.56472
636 2.1476e+09 9.7535e+06 18922.2 31 11.6738 12 2.69553
637 2.14759e+09 1.12769e+07 20883.6 31 12.1094 12 2.79567
638 2.14759e+09 8.82693e+06 19329.9 31 11.5205 12 2.62363
639 5.36962e+08 3.47189e+06 15033 29 11.0352 11 2.56907
640 5.3697e+08 5.21731e+06 12960.2 29 10.751 11 2.44087
641 2.14759e+09 7.92701e+06 13741.9 31 11.126 11 2.5357
642 1.07385e+09 9.20638e+06 15502.9 30 11.1338 11 2.53202
643 1.07384e+09 7.46868e+06 20033.2 30 11.54 12 2.61808
644 2.14759e+09 8.83494e+06 15648.5 31 11.2422 11 2.61263
645 2.14759e+09 8.39967e+06 15486.6 31 11.2129 11 2.6085
646 3.43599e+10 3.96753e+07 15404.3 35 11.1582 11 2.55365
647 1.07385e+09 9.42263e+06 19842 30 11.8496 12 2.7369
648 4.29508e+09 1.1757e+07 16540.3 32 11.4033 11 2.69447
649 2.14758e+09 7.83938e+06 18714.1 31 11.252 12 2.66838
650 1.07383e+09 7.67945e+06 17230.3 30 11.0635 12 2.63174
651 8.59006e+09 1.906e+07 16259.8 33 11.1357 11 2.65057
652 3.43599e+10 5.04756e+07 19918.9 35 11.9023 12 2.79334
653 4.29508e+09 1.57965e+07 20674.5 32 12.2783 12 2.85177
654 8.59006e+09 2.18612e+07 25237 33 12.6172 13 2.95252
655 3.43599e+10 6.14143e+07 36346.8 35 13.4863 14 3.12052
656 6.87196e+10 1.00768e+08 36426.1 36 13.626 14 3.17327
657 1.718e+10 4.26161e+07 56321.1 34 14.3877 15 3.32862
658 1.718e+10 4.73489e+07 37829.2 34 14.0518 14 3.26517
659 3.43599e+10 8.17802e+07 56206 35 14.626 15 3.41643
660 1.718e+10 4.75686e+07 56776.2 34 14.626 15 3.40385
661 8.59005e+09 4.65435e+07 56435.7 33 14.8037 15 3.46646
662 8.59005e+09 4.05992e+07 57821.4 33 14.7871 15 3.43583
663 1.718e+10 6.71402e+07 55415.6 34 14.4775 15 3.40565
664 2.14759e+09 2.10278e+07 28327.7 31 13.4004 13 3.15992
665 8.59004e+09 3.21448e+07 38218.1 33 14.0752 14 3.29154
666 4.29507e+09 2.8626e+07 53801 32 14.042 15 3.31396
667 8.59005e+09 2.83873e+07 37927.3 33 14.0967 14 3.33312
668 1.37439e+11 1.70967e+08 57794.5 37 14.7705 15 3.42365
669 2.74878e+11 3.81087e+08 92431 38 15.3115 16 3.65467
670 3.43599e+10 8.50702e+07 57056.3 35 14.5732 15 3.49546
671 3.43599e+10 1.13089e+08 56832.5 35 14.3301 15 3.49279
672 8.59005e+09 5.84841e+07 38024.8 33 14.0947 14 3.43474
673 3.43599e+10 9.71447e+07 56719.8 35 14.4072 15 3.53899
674 1.718e+10 7.6725e+07 52175 34 14.3223 15 3.48367
675 3.43599e+10 1.05013e+08 38852.6 35 14.2832 14 3.47825
676 8.59005e+09 3.71564e+07 36531.3 33 13.7598 14 3.39235
677 6.87196e+10 1.53535e+08 56860.6 36 14.7764 15 3.58987
678 8.59005e+09 5.3843e+07 55504.6 33 14.5674 15 3.51684
679 1.37439e+11 3.34688e+08 91565.8 37 15.0566 16 3.67464
680 3.43599e+10 1.40195e+08 37380.9 35 14.1514 14 3.54058
681 3.43598e+10 1.26536e+08 55652.2 35 14.6875 15 3.67097
682 6.87196e+10 2.12946e+08 58530.7 36 14.8271 15 3.74946
683 2.74878e+11 3.74095e+08 56119.3 38 14.7305 15 3.67321
684 6.87196e+10 1.47315e+08 92367.8 36 15.4297 16 3.78124
685 4.29508e+09 6.45043e+07 93545.5 32 15.2148 16 3.76464
686 2.74878e+11 3.62372e+08 57632.8 38 14.8408 15 3.69648
687 6.87196e+10 2.10976e+08 95347.4 36 15.7412 16 3.78607
688 3.43599e+10 2.27235e+08 162046 35 16.2637 17 3.92794
689 3.43599e+10 1.54011e+08 160692 35 15.9707 17 3.92746
690 5.49756e+11 7.07299e+08 158548 39 15.5586 17 3.80836
691 6.87196e+10 2.39125e+08 161670 36 16.124 17 3.97834
692 6.87196e+10 1.90682e+08 93515.2 36 15.3945 16 3.8562
693 1.37439e+11 2.54726e+08 162250 37 16.3682 17 4.01195
694 5.49756e+11 7.63519e+08 160834 39 16.3389 17 4.0438
695 1.37439e+11 2.75078e+08 93209.9 37 15.5107 16 3.7895
696 6.87196e+10 3.70622e+08 57740.8 36 15.125 15 3.79441
697 3.43599e+10 1.55259e+08 92776.5 35 15.4707 16 3.87145
698 1.37439e+11 2.92263e+08 56407.1 37 14.9775 15 3.75889
699 6.87196e+10 3.18725e+08 161045 36 16.2627 17 4.01429
700 6.87196e+10 1.92284e+08 94840.9 36 15.6572 16 3.80447
701 1.37439e+11 4.21397e+08 93636.3 37 15.5039 16 3.84758
702 6.87196e+10 2.75207e+08 91075 36 15.4043 16 3.77806
703 3.43599e+10 1.50934e+08 57686.9 35 14.9268 15 3.68797
704 5.49756e+11 7.82981e+08 55207.1 39 14.6113 15 3.6374
705 2.74878e+11 4.76369e+08 163279 38 15.9756 17 3.86856
706 1.37439e+11 5.26597e+08 159287 37 15.9561 17 3.92069
707 2.74878e+11 8.16928e+08 158734 38 15.8076 17 3.86374
708 1.718e+10 1.43243e+08 161944 34 15.9717 17 3.88228
709 2.74878e+11 4.28084e+08 94897.9 38 15.8438 16 3.84046
710 1.718e+10 1.78001e+08 158771 34 16.0742 17 3.90521
711 1.37439e+11 6.80485e+08 91921.2 37 15.627 16 3.85804
712 2.74878e+11 6.03404e+08 57632.8 38 15.4375 15 3.79473
713 3.43599e+10 2.44535e+08 159942 35 16.2305 17 3.98771
714 6.87196e+10 3.81035e+08 95567.9 36 15.9287 16 3.92851
715 1.37439e+11 3.98554e+08 157873 37 16.0391 17 3.95419
716 2.74878e+11 4.96724e+08 158919 38 16.0352 17 3.99634
717 1.37439e+11 4.14706e+08 92304.4 37 15.8223 16 3.89697
718 5.49756e+11 1.58903e+09 56663.2 39 15.4121 15 3.79738
719 1.09951e+12 1.43847e+09 93936.3 40 16.1797 16 3.89973
720 1.37439e+11 7.70924e+08 561390 37 17.1826 19 4.12229
721 2.74878e+11 7.17901e+08 290416 38 16.6924 18 3.98625
722 5.49756e+11 1.18629e+09 560970 39 17.249 19 4.1316
723 6.87196e+10 3.12203e+08 163603 36 16.54 17 4.06143
724 5.49756e+11 1.53353e+09 294427 39 16.7773 18 4.02762
725 3.43599e+10 3.97962e+08 297612 35 17.2373 18 4.14845
726 2.74878e+11 9.68376e+08 561180 38 17.4951 19 4.21452
727 1.37439e+11 4.38045e+08 297173 37 16.6699 18 4.02425
728 1.09951e+12 1.47326e+09 562382 40 17.4375 19 4.12457
729 1.37439e+11 8.09157e+08 298366 37 16.9727 18 4.0263
730 1.09951e+12 1.42218e+09 298188 40 17.1191 18 4.09066
731 1.37439e+11 6.26619e+08 559257 37 16.9834 19 3.99368
732 1.09951e+12 1.75402e+09 296803 40 16.6582 18 3.96501
733 1.09951e+12 3.02003e+09 298402 40 16.8369 18 3.93871
734 1.09951e+12 2.14281e+09 93876.6 40 15.8418 16 3.7776
735 1.09951e+12 1.67657e+09 93454.4 40 15.6758 16 3.70047
736 2.74878e+11 1.13798e+09 295401 38 16.2158 18 3.78615
737 1.37439e+11 6.97015e+08 296391 37 16.2842 18 3.76047
738 2.74878e+11 1.01101e+09 159543 38 15.8887 17 3.71958
739 2.74878e+11 6.72967e+08 299818 38 16.3887 18 3.81134
740 1.37439e+11 4.52231e+08 91107.9 37 15.0303 16 3.57886
741 4.39805e+12 4.89804e+09 93606.1 42 15.873 16 3.72495
742 1.09951e+12 1.51059e+09 161807 40 15.9814 17 3.67424
743 6.87196e+10 5.12762e+08 91663.1 36 15.2959 16 3.58132
744 2.74878e+11 7.32114e+08 160301 38 15.6699 17 3.71667
745 2.74878e+11 8.74582e+08 94143.9 38 15.7891 16 3.6795
746 5.49756e+11 1.45658e+09 163148 39 16.1357 17 3.75688
747 1.37439e+11 7.84867e+08 297757 37 16.5068 18 3.87682
748 2.74878e+11 9.51343e+08 299750 38 16.7793 18 3.90901
749 1.37439e+11 7.61705e+08 1.08672e+06 37 17.4053 20 4.10638
750 5.49756e+11 1.31583e+09 562667 39 17.2539 19 4.05128
751 5.49756e+11 1.55118e+09 1.09198e+06 39 17.874 20 4.13058
752 4.39805e+12 8.36035e+09 563512 42 17.0527 19 4.01328
753 2.74878e+11 1.4234e+09 1.09013e+06 38 17.9785 20 4.12789
754 1.37439e+11 8.18356e+08 565222 37 17.4697 19 4.03709
755 5.49756e+11 1.27133e+09 1.08567e+06 39 17.5635 20 4.09494
756 6.87196e+10 5.86263e+08 1.0904e+06 36 17.7207 20 4.04289
757 5.49756e+11 1.00618e+09 297865 39 16.9658 18 3.86006
758 1.37439e+11 8.01154e+08 1.09159e+06 37 18.1729 20 4.03687
759 5.49756e+11 1.10428e+09 562545 39 17.3936 19 3.90995
760 1.09951e+12 1.88394e+09 562341 40 17.3711 19 3.97204
761 1.37439e+11 9.9233e+08 1.09053e+06 37 18.0244 20 4.06246
762 2.74878e+11 1.07857e+09 561515 38 17.3584 19 3.88333
763 2.74878e+11 9.97626e+08 297246 38 16.5674 18 3.71971
764 2.74878e+11 1.50101e+09 566953 38 17.5146 19 3.88634
765 5.49756e+11 1.62604e+09 559647 39 17.2344 19 3.8275
766 8.79609e+12 1.07245e+10 298045 43 16.8701 18 3.79877
767 1.09951e+12 1.99986e+09 160230 40 15.8594 17 3.6751
768 6.87196e+10 8.05266e+08 1.09141e+06 36 17.9648 20 4.10525
769 1.09951e+12 2.67125e+09 1.0895e+06 40 17.7061 20 3.97902
770 1.09951e+12 2.45234e+09 1.09245e+06 40 18.29 20 4.0743
771 1.09951e+12 3.21818e+09 1.09058e+06 40 18.3633 20 4.14078
772 2.74878e+11 1.06335e+09 1.09045e+06 38 18.1475 20 4.11451
773 2.74878e+11 1.31926e+09 1.09258e+06 38 18.4229 20 4.1623
774 5.49756e+11 2.24154e+09 2.14517e+06 39 19.1289 21 4.35025
775 1.09951e+12 4.3794e+09 4.24687e+06 40 19.3926 22 4.39491
776 5.49756e+11 4.17911e+09 4.24722e+06 39 19.5801 22 4.47943
777 4.39805e+12 6.05938e+09 2.14212e+06 42 18.4424 21 4.2636
778 4.39805e+12 6.37695e+09 4.24551e+06 42 19.2793 22 4.32711
779 5.49756e+11 2.55358e+09 4.2449e+06 39 19.333 22 4.32828
780 8.79609e+12 1.10447e+10 2.1447e+06 43 18.6201 21 4.28513
781 1.09951e+12 4.82387e+09 1.09412e+06 40 18.3516 20 4.25465
782 5.49756e+11 2.07752e+09 1.09031e+06 39 17.7412 20 4.1376
783 2.74878e+11 2.01824e+09 1.09027e+06 38 17.6582 20 4.06496
784 2.74878e+11 1.38993e+09 1.08868e+06 38 17.8398 20 4.10423
785 2.19902e+12 3.94763e+09 2.1428e+06 41 18.3018 21 4.22897
786 1.37439e+11 1.11447e+09 1.08868e+06 37 17.3887 20 4.0533
787 1.09951e+12 3.09058e+09 298508 40 16.9883 18 3.95716
788 5.49756e+11 2.68265e+09 1.08991e+06 39 17.6191 20 4.15959
789 5.49756e+11 1.90162e+09 1.08914e+06 39 17.6143 20 4.17196
790 2.74878e+11 1.79075e+09 1.09058e+06 38 17.4404 20 4.12446
791 2.19902e+12 4.18324e+09 297466 41 16.79 18 4.08087
792 1.09951e+12 4.05876e+09 561138 40 16.7773 19 4.02933
793 1.09951e+12 3.20564e+09 565108 40 17.8086 19 4.20077
794 1.09951e+12 5.51525e+09 296316 40 16.8936 18 4.10656
795 8.79609e+12 1.14236e+10 562708 43 17.3311 19 4.17487
796 1.09951e+12 2.81433e+09 164362 40 16.4102 17 3.95098
797 2.19902e+12 6.20547e+09 94408.1 41 16.2275 16 3.95571
798 5.49756e+11 3.07845e+09 57139.6 39 15.8447 15 3.92811
799 2.74878e+11 2.80195e+09 93148.4 38 16.3369 16 4.0187
800 2.19902e+12 4.10655e+09 300675 41 17.208 18 4.19947
801 2.19902e+12 5.02937e+09 1.0912e+06 41 18.2959 20 4.38126
802 4.39805e+12 7.81298e+09 1.09241e+06 42 18.3174 20 4.34146
803 8.79609e+12 1.71809e+10 2.14256e+06 43 18.7344 21 4.42857
804 2.19902e+12 1.0395e+10 2.14024e+06 41 18.418 21 4.49718
805 2.19902e+12 7.34321e+09 295709 41 17.3662 18 4.24206
806 8.79609e+12 2.35269e+10 1.09124e+06 43 18.2744 20 4.39836
807 1.75922e+13 2.21644e+10 564494 44 18.1172 19 4.38101
808 2.19902e+12 5.9014e+09 562586 41 17.5361 19 4.23054
809 2.19902e+12 7.42021e+09 564065 41 17.8555 19 4.26576
810 1.09951e+12 4.9563e+09 1.08591e+06 40 17.8662 20 4.22546
811 8.79609e+12 2.19022e+10 561764 43 17.6113 19 4.20884
812 4.39805e+12 1.12879e+10 1.09185e+06 42 18.4346 20 4.39267
813 1.75922e+13 3.09018e+10 1.09424e+06 44 18.0342 20 4.34668
814 1.09951e+12 3.45453e+09 562177 40 17.5459 19 4.22501
815 7.03687e+13 7.61041e+10 1.09022e+06 46 17.9717 20 4.34124
816 8.79609e+12 2.14539e+10 1.09009e+06 43 18.2451 20 4.38988
817 2.19902e+12 9.85779e+09 562095 41 17.5928 19 4.18475
818 5.49756e+11 3.07274e+09 162418 39 16.3633 17 3.98065
819 8.79609e+12 1.40417e+10 162752 43 16.6367 17 4.02127
820 1.75922e+13 2.5383e+10 565222 44 18.0059 19 4.32368
821 4.39805e+12 1.08454e+10 4.2435e+06 42 20.0479 22 4.72566
822 4.39805e+12 1.97666e+10 1.6829e+07 42 20.3643 24 4.8794
823 8.79609e+12 3.41194e+10 1.68308e+07 43 20.4443 24 4.89444
824 8.79609e+12 2.67305e+10 8.44055e+06 43 20.2285 23 4.86022
825 1.75922e+13 3.12634e+10 8.44935e+06 44 20.7246 23 4.94285
826 1.75922e+13 5.8259e+10 1.68384e+07 44 20.958 24 5.03513
827 4.39805e+12 1.83716e+10 3.36154e+07 42 22.1064 25 5.37107
828 4.39805e+12 3.02143e+10 1.68413e+07 42 21.29 24 5.14998
829 4.39805e+12 2.50943e+10 3.36171e+07 42 21.1113 25 5.12264
830 4.39805e+12 2.78897e+10 3.36103e+07 42 21.4443 25 5.2066
831 1.75922e+13 5.91873e+10 3.36176e+07 44 21.4482 25 5.07867
832 7.03687e+13 1.0634e+11 1.68369e+07 46 20.7051 24 4.9538
833 8.79609e+12 4.09897e+10 3.36216e+07 43 21.6475 25 5.24881
834 1.75922e+13 6.96216e+10 3.36228e+07 44 21.4287 25 5.19006
835 1.75922e+13 7.20404e+10 3.36199e+07 44 21.6279 25 5.27578
836 3.51844e+13 5.87053e+10 3.36188e+07 45 21.3291 25 5.16273
837 1.75922e+13 5.32341e+10 1.68344e+07 44 20.0205 24 4.9253
838 5.6295e+14 6.37517e+11 1.68334e+07 49 20.1758 24 4.95612
839 5.6295e+14 1.45679e+12 6.71756e+07 49 22.376 26 5.47426
840 2.81475e+14 8.27223e+11 1.34294e+08 48 23.8887 27 5.8201
841 1.40737e+14 5.71069e+11 2.68508e+08 47 24.0742 28 5.93984
842 1.40737e+14 6.75297e+11 1.34288e+08 47 23.3984 27 5.751
843 3.51844e+13 2.67015e+11 1.34294e+08 45 23.6631 27 5.83807
844 7.03687e+13 4.49793e+11 1.34286e+08 46 23.126 27 5.70024
845 2.81475e+14 1.14841e+12 1.34283e+08 48 23.665 27 5.80046
846 1.40737e+14 5.79349e+11 1.34285e+08 47 23.2031 27 5.69275
847 1.1259e+15 2.48294e+12 1.3429e+08 50 23.4365 27 5.75787
848 1.1259e+15 2.21912e+12 1.34285e+08 50 22.8252 27 5.66046
849 5.6295e+14 1.10358e+12 1.34295e+08 49 23.4316 27 5.77996
850 2.81475e+14 1.4781e+12 6.71805e+07 48 22.9541 26 5.67857
851 1.40737e+14 7.02765e+11 1.34292e+08 47 22.998 27 5.67837
852 2.2518e+15 2.8987e+12 6.71818e+07 51 22.4404 26 5.60017
853 2.81475e+14 1.75775e+12 1.34299e+08 48 23.9131 27 5.91798
854 5.6295e+14 1.19309e+12 1.34293e+08 49 23.7041 27 5.866
855 2.81475e+14 1.04912e+12 5.36955e+08 48 25.0371 29 6.12567
856 1.40737e+14 7.46403e+11 1.34296e+08 47 24.1309 27 5.96875
857 7.03687e+13 4.51269e+11 1.34293e+08 46 23.5068 27 5.78797
858 2.81475e+14 6.69197e+11 2.68509e+08 48 23.9492 28 5.86584
859 1.40737e+14 6.84435e+11 2.6851e+08 47 24.374 28 5.99653
860 1.1259e+15 1.89297e+12 2.6851e+08 50 24.3506 28 5.99553
861 2.2518e+15 7.2001e+12 2.68513e+08 51 24.667 28 6.21723
862 5.6295e+14 2.24007e+12 1.3429e+08 49 22.9873 27 5.90234
863 1.1259e+15 3.32491e+12 1.34297e+08 50 24.0518 27 6.11432
864 1.40737e+14 1.07142e+12 2.68506e+08 47 24.5996 28 6.37797
865 5.6295e+14 2.39324e+12 2.68512e+08 49 24.5176 28 6.32033
866 4.5036e+15 8.15517e+12 2.68503e+08 52 24.2627 28 6.24118
867 1.1259e+15 2.51948e+12 2.6852e+08 50 24.3438 28 6.30688
868 2.2518e+15 1.09764e+13 2.68517e+08 51 24.8643 28 6.3754
869 3.60288e+16 4.22564e+13 2.68508e+08 55 24.0742 28 6.2928
870 7.20576e+16 1.13391e+14 6.71806e+07 56 23.6514 26 6.16392
871 1.80144e+16 3.45081e+13 3.36152e+07 54 23.3105 25 6.11847
872 9.0072e+15 2.07e+13 2.14409e+06 53 21.6025 21 5.8215
873 1.44115e+17 1.55075e+14 3.36168e+07 57 22.9365 25 6.13892
874 9.0072e+15 2.69524e+13 2.68512e+08 53 24.2988 28 6.51046
875 9.0072e+15 1.90184e+13 1.34294e+08 53 23.7695 27 6.37961
876 4.5036e+15 1.08547e+13 3.36101e+07 52 22.2217 25 5.98826
877 5.6295e+14 5.45636e+12 1.68329e+07 49 22.2012 24 5.95922
878 3.60288e+16 7.63549e+13 2.14734e+06 55 21.6123 21 5.80855
879 1.80144e+16 7.63492e+13 6.71686e+07 54 23.7422 26 6.43666
880 2.2518e+15 1.20896e+13 3.3624e+07 51 23.5322 25 6.37662
881 7.20576e+16 9.15531e+13 2.68513e+08 56 24.666 28 6.68266
882 1.15292e+18 1.23187e+15 1.34286e+08 60 25.4785 27 7.07518
883 9.22337e+18 9.08032e+15 1.68394e+07 63 24.0508 24 6.75275
884 7.20576e+16 2.93297e+14 6.71677e+07 56 25.3213 26 7.16929
885 7.20576e+16 3.36978e+14 6.71678e+07 56 25.335 26 7.16152
886 1.15292e+18 1.44488e+15 8.44026e+06 60 23.249 23 6.65647
887 7.20576e+16 3.05852e+14 6.7172e+07 56 25.3896 26 7.26558
888 5.76461e+17 1.20759e+15 6.717e+07 59 25.5068 26 7.40396
889 2.30584e+18 5.21989e+15 2.68508e+08 61 27.1523 28 7.80654
890 1.15292e+18 1.41562e+15 3.36152e+07 60 25.5605 25 7.4256
891 4.61169e+18 5.13206e+15 1.34286e+08 62 26.377 27 7.48188
892 1.44115e+17 4.35279e+14 6.71692e+07 57 25.1367 26 7.17382
893 7.20576e+16 1.8994e+14 1.68331e+07 56 24.2295 24 7.01327
894 5.76461e+17 1.01208e+15 6.71649e+07 59 25.0908 26 7.33248
895 4.61169e+18 4.95664e+15 1.6836e+07 62 24.3623 24 7.16551
896 2.30584e+18 5.02676e+15 6.71711e+07 61 25.4902 26 7.53501
897 1.84467e+19 1.85958e+16 6.71719e+07 64 25.6562 26 7.66505
898 4.61169e+18 7.8473e+15 2.68503e+08 62 26.9277 28 8.32511
899 2.95148e+20 3.27693e+17 2.68508e+08 68 27.4834 28 8.54123
900 4.61169e+18 9.27399e+15 1.07381e+09 62 28.3613 30 8.84968
901 4.61169e+18 1.64128e+16 2.14757e+09 62 28.9375 31 9.018
902 5.76461e+17 3.04763e+15 5.36935e+08 59 28.0771 29 8.7947
903 4.61169e+18 9.71313e+15 1.07383e+09 62 28.6357 30 8.92861
904 4.61169e+18 1.01975e+16 1.07382e+09 62 28.3428 30 8.81583
905 1.15292e+18 2.50171e+15 1.07383e+09 60 28.6455 30 8.89812
906 9.22337e+18 2.08334e+16 8.59003e+09 63 29.458 33 9.09335
907 4.61169e+18 5.69143e+15 4.29506e+09 62 29.5781 32 9.21564
908 4.61169e+18 5.62839e+15 1.07382e+09 62 27.8906 30 8.72315
909 1.15292e+18 4.18422e+15 4.29504e+09 60 29.5742 32 9.11243
910 4.61169e+18 6.835e+15 2.14756e+09 62 28.5244 31 8.83618
911 1.84467e+19 2.50247e+16 4.29506e+09 64 29.3838 32 9.20627
912 4.61169e+18 8.20783e+15 1.07381e+09 62 28.127 30 8.94323
913 4.61169e+18 1.01539e+16 2.14756e+09 62 28.5391 31 8.9864
914 4.61169e+18 8.44315e+15 1.07381e+09 62 27.4746 30 8.68671
915 3.68935e+19 6.69508e+16 1.07381e+09 65 28.2207 30 8.72216
916 1.84467e+19 1.84779e+16 2.14757e+09 64 28.1309 31 8.77747
917 4.61169e+18 1.18144e+16 2.14758e+09 62 28.9619 31 9.03652
918 1.15292e+18 3.04415e+15 1.07381e+09 60 27.6543 30 8.50183
919 2.30584e+18 7.06433e+15 5.36948e+08 61 27.2441 29 8.49014
920 2.95148e+20 3.10644e+17 4.29506e+09 68 29.7969 32 9.12114
921 4.61169e+18 1.13676e+16 8.59003e+09 62 29.3906 33 9.07555
922 7.3787e+19 7.48583e+16 1.07383e+09 66 28.0039 30 8.71563
923 4.61169e+18 2.65644e+16 8.59003e+09 62 30.4365 33 9.4681
924 1.47574e+20 2.48997e+17 1.718e+10 67 31.1943 34 9.59171
925 2.95148e+20 5.80517e+17 1.718e+10 68 30.8965 34 9.46934
926 3.68935e+19 1.05786e+17 1.718e+10 65 30.7656 34 9.434
927 2.95148e+20 3.91099e+17 1.718e+10 68 30.5938 34 9.50675
928 7.3787e+19 1.87033e+17 3.43598e+10 66 31.5938 35 9.91118
929 3.68935e+19 6.87905e+16 6.87196e+10 65 32.6074 36 10.1594
930 1.18059e+21 1.7469e+18 6.87196e+10 70 33.0625 36 10.3448
931 3.68935e+19 6.81813e+16 3.43598e+10 65 32.1592 35 9.99874
932 9.22337e+18 4.48827e+16 3.43598e+10 63 31.7686 35 10.0156
933 2.36118e+21 2.67874e+18 6.87196e+10 71 32.3564 36 10.0876
934 1.47574e+20 5.17127e+17 1.37439e+11 67 33.2979 37 10.5237
935 1.18059e+21 1.97555e+18 3.43598e+10 70 32.3027 35 10.24
936 4.72237e+21 5.88042e+18 6.87196e+10 72 34.0762 36 10.8978
937 4.72237e+21 4.808e+18 3.43598e+10 72 32.2646 35 10.4916
938 7.55579e+22 9.24442e+19 3.43599e+10 76 33.9062 35 11.0319
939 2.36118e+21 2.4708e+18 3.43598e+10 71 33.416 35 10.8727
940 2.36118e+21 2.61058e+18 1.718e+10 71 30.8047 34 10.0878
941 9.67141e+24 1.00405e+22 3.43598e+10 83 32.7344 35 10.7027
942 3.68935e+19 1.08227e+17 3.43598e+10 65 32.501 35 10.6814
943 4.72237e+21 4.84032e+18 1.718e+10 72 31.1924 34 10.2786
944 4.72237e+21 6.59501e+18 6.87196e+10 72 32.4668 36 10.6019
945 9.44473e+21 1.18222e+19 1.718e+10 73 31.3145 34 10.1657
946 3.77789e+22 3.79954e+19 1.718e+10 75 31.0732 34 10.1278
947 1.18059e+21 1.88329e+18 1.71799e+10 70 31.3809 34 10.491
948 6.04463e+23 5.9064e+20 1.07379e+09 79 28.6523 30 9.55019
949 9.44473e+21 1.04081e+19 3.43598e+10 73 33.2129 35 11.004
950 7.55579e+22 7.46189e+19 1.37439e+11 76 34.0322 37 11.1667
951 2.41785e+24 2.36408e+21 1.718e+10 81 30.9219 34 10.2877
952 2.36118e+21 5.84451e+18 6.87196e+10 71 33.6055 36 11.0831
953 9.44473e+21 9.98067e+18 8.59003e+09 73 30.2607 33 10.0988
954 4.72237e+21 5.21947e+18 1.718e+10 72 31.3018 34 10.5049
955 4.72237e+21 4.88516e+18 3.43598e+10 72 30.7754 35 10.0284
956 1.18059e+21 3.64862e+18 6.87196e+10 70 32.5508 36 10.8474
957 1.47574e+20 1.97302e+17 4.29505e+09 67 30.5078 32 10.2179
958 4.72237e+21 1.44054e+19 3.43598e+10 72 32.4111 35 10.6984
959 9.67141e+24 1.06286e+22 6.87196e+10 83 33.3838 36 11.1574
960 9.44473e+21 9.84989e+18 3.43598e+10 73 33.1953 35 10.9235
961 4.72237e+21 6.8621e+18 2.74878e+11 72 35.2461 38 11.5963
962 2.36118e+21 2.71733e+18 6.87196e+10 71 32.9424 36 10.7639
963 9.44473e+21 2.04216e+19 1.37439e+11 73 33.1357 37 10.8219
964 2.36118e+21 5.29196e+18 6.87196e+10 71 32.875 36 10.8311
965 2.95148e+20 4.52429e+17 3.43598e+10 68 31.8984 35 10.6002
966 9.44473e+21 1.00589e+19 3.43598e+10 73 31.4844 35 10.5971
967 1.18059e+21 2.14102e+18 3.43598e+10 70 32.209 35 10.8945
968 1.18059e+21 1.99022e+18 1.71799e+10 70 30.1973 34 10.1192
969 9.44473e+21 1.73465e+19 3.43598e+10 73 31.7988 35 10.6987
970 9.44473e+21 1.19181e+19 1.718e+10 73 31.2812 34 10.3579
971 3.02231e+23 3.3703e+20 8.59002e+09 78 30.3184 33 10.4024
972 7.55579e+22 7.65676e+19 8.59e+09 76 29.8711 33 10.3701
973 3.02231e+23 3.23233e+20 1.34277e+08 78 27.8838 27 9.75537
974 3.02231e+23 5.92249e+20 2.14756e+09 78 30.2305 31 10.3153
975 3.77789e+22 5.68865e+19 8.59002e+09 75 31.8145 33 10.8777
976 3.02231e+23 2.99136e+20 2.14755e+09 78 30.3252 31 10.1806
977 1.88895e+22 2.86042e+19 5.36932e+08 74 29.748 29 9.96374
978 4.72237e+21 5.65501e+18 4.29505e+09 72 31.4111 32 10.2973
979 4.72237e+21 5.59535e+18 2.14757e+09 72 30.7246 31 10.2158
980 9.44473e+21 9.72724e+18 1.34268e+08 73 28.3291 27 9.49215
981 3.77789e+22 4.43376e+19 4.29505e+09 75 30.2812 32 10.0983
982 3.02231e+23 3.15997e+20 5.36939e+08 78 29.4453 29 9.99345
983 4.8357e+24 4.94413e+21 6.71623e+07 82 27.5986 26 9.44837
984 1.18059e+21 2.90003e+18 3.36053e+07 70 27.3994 25 9.45336
985 7.55579e+22 8.49398e+19 6.71657e+07 76 27.4775 26 9.36068
986 2.36118e+21 2.49874e+18 5.36926e+08 71 27.9844 29 9.42446
987 7.55579e+22 8.62307e+19 6.71694e+07 76 27.834 26 9.42929
988 7.73713e+25 7.55686e+22 1.34271e+08 86 28.2412 27 9.52002
989 1.18059e+21 2.21793e+18 1.07381e+09 70 29.2266 30 10.0461
990 9.90352e+27 9.67141e+24 5.36947e+08 93 28.3799 29 9.8465
991 1.88895e+22 1.99061e+19 2.14755e+09 74 29.4258 31 9.9981
992 6.04463e+23 6.65608e+20 3.36068e+07 79 27.0449 25 9.37411
993 3.86856e+25 3.78533e+22 1.07382e+09 85 29.2529 30 10.0106
994 2.36118e+21 3.4303e+18 2.14755e+09 71 28.6689 31 9.60767
995 1.88895e+22 3.87135e+19 1.07381e+09 74 28.1133 30 9.48655
996 5.90296e+20 1.42091e+18 3.35981e+07 69 25.4385 25 8.61805
997 2.36118e+21 3.87982e+18 2.14755e+09 71 27.8955 31 9.13179
998 7.55579e+22 9.75748e+19 2.14756e+09 76 27.8818 31 9.13008
999 1.93428e+25 1.8898e+22 2.68504e+08 84 26.3711 28 8.58485
1000 4.72237e+21 1.24904e+19 6.87196e+10 72 31.6543 36 10.2807
1001 3.77789e+22 4.95571e+19 1.718e+10 75 30.8125 34 9.96414
1002 3.77789e+22 5.68294e+19 3.43598e+10 75 31.9121 35 10.4298
1003 4.8357e+24 9.45933e+21 2.74878e+11 82 34.5625 38 11.2404
1004 1.51116e+23 1.65285e+20 6.87196e+10 77 32.6348 36 10.6338
1005 4.72237e+21 1.16128e+19 1.37439e+11 72 34.8203 37 11.3816
1006 2.36118e+21 5.80674e+18 6.87196e+10 71 34.0039 36 11.1118
1007 3.02231e+23 5.95075e+20 6.87196e+10 78 32.8184 36 10.775
1008 1.20893e+24 1.27426e+21 3.43598e+10 80 31.6836 35 10.5752
1009 6.04463e+23 6.5701e+20 1.37439e+11 79 32.9893 37 10.826
1010 4.8357e+24 4.73739e+21 6.87196e+10 82 32.3496 36 10.9557
1011 1.51116e+23 2.9039e+20 1.37439e+11 77 33.2607 37 11.3388
1012 6.04463e+23 5.94279e+20 6.87196e+10 79 32.374 36 11.0466
1013 3.02231e+23 3.3571e+20 3.43598e+10 78 31.7148 35 10.8645
1014 1.20893e+24 1.33161e+21 5.49756e+11 80 35.4863 39 11.7178
1015 2.41785e+24 2.48077e+21 1.09951e+12 81 35.8604 40 11.6589
1016 9.67141e+24 9.47153e+21 1.37439e+11 83 33.2686 37 11.1974
1017 4.72237e+21 1.32671e+19 1.37439e+11 72 34.2451 37 11.2836
1018 1.51116e+23 1.49322e+20 6.87196e+10 77 32.6787 36 10.7222
1019 1.51116e+23 1.96273e+20 1.09951e+12 77 36.9385 40 11.9873
1020 4.72237e+21 1.63489e+19 1.37439e+11 72 34.1113 37 11.1764
1021 1.88895e+22 3.06818e+19 6.87196e+10 74 32.8936 36 10.7366
1022 1.88895e+22 4.57057e+19 5.49756e+11 74 35.6797 39 11.4257
1023 6.04463e+23 6.03777e+20 2.74878e+11 79 34.7598 38 11.1629
1024 9.44473e+21 1.38023e+19 3.43598e+10 73 33.0303 35 10.7999
1025 3.77789e+22 5.68094e+19 6.87196e+10 75 33.5088 36 11.0562
1026 2.41785e+24 2.71692e+21 2.74878e+11 81 35.3555 38 11.6375
1027 1.20893e+24 1.18948e+21 3.43598e+10 80 32.6094 35 10.9334
1028 3.77789e+22 9.38158e+19 1.718e+10 75 31.8291 34 10.7054
1029 9.67141e+24 9.78471e+21 8.59003e+09 83 31.1885 33 10.4736
1030 1.88895e+22 3.19103e+19 4.29506e+09 74 30.7617 32 10.2049
1031 1.20893e+24 1.28045e+21 8.59003e+09 80 30.8438 33 10.3416
1032 4.8357e+24 4.87996e+21 1.71799e+10 82 31.998 34 10.664
1033 3.86856e+25 3.91433e+22 2.74878e+11 85 36.2559 38 12.0699
1034 3.09485e+26 3.40606e+23 3.43598e+10 88 33.4189 35 11.2518
1035 7.73713e+25 7.63275e+22 1.37439e+11 86 35.1357 37 11.7716
1036 2.41785e+24 2.78995e+21 3.43598e+10 81 32.502 35 11.2078
1037 1.93428e+25 1.89396e+22 1.37439e+11 84 34.834 37 11.7679
1038 7.92282e+28 7.74911e+25 3.43599e+10 96 33.9512 35 11.3239
1039 3.77789e+22 7.24888e+19 4.29505e+09 75 30.4287 32 10.3369
1040 2.41785e+24 2.37928e+21 4.29506e+09 81 31.1484 32 10.6368
1041 6.04463e+23 6.14622e+20 1.09951e+12 79 37.5391 40 12.5078
1042 3.86856e+25 3.82167e+22 2.19902e+12 85 38.0234 41 12.6579
1043 1.54743e+26 1.51433e+23 4.39805e+12 87 39.0381 42 12.9144
1044 3.86856e+25 3.80717e+22 2.19902e+12 85 36.7334 41 12.3982
1045 3.77789e+22 9.84776e+19 1.09951e+12 75 36.4307 40 12.2126
1046 3.02231e+23 3.3291e+20 5.49756e+11 78 35.4863 39 11.8741
1047 7.73713e+25 9.5156e+22 4.39805e+12 86 38.2783 42 12.8155
1048 6.04463e+23 1.28586e+21 2.19902e+12 79 36.9238 41 12.5614
1049 6.1897e+26 6.06084e+23 4.39805e+12 89 37.3926 42 12.5416
1050 1.20893e+24 2.75538e+21 1.09951e+12 80 36.1016 40 12.3329
1051 1.23794e+27 1.25618e+24 1.09951e+12 90 36.001 40 12.1033
1052 4.8357e+24 7.1772e+21 2.19902e+12 82 37.9746 41 12.7672
1053 1.51116e+23 1.64092e+20 5.49756e+11 77 36.8301 39 12.3198
1054 3.02231e+23 3.23191e+20 8.79609e+12 78 39.1455 43 12.7757
1055 1.51116e+23 2.76139e+20 1.09951e+12 77 37.8564 40 12.5219
1056 3.09485e+26 3.02386e+23 1.09951e+12 88 37.4609 40 12.4418
1057 3.86856e+25 4.26895e+22 1.37439e+11 85 33.8691 37 11.4741
1058 1.20893e+24 2.771e+21 1.37439e+11 80 33.832 37 11.5472
1059 2.41785e+24 2.44373e+21 6.87196e+10 81 32.5381 36 11.0073
1060 3.86856e+25 3.82326e+22 4.29505e+09 85 30.3711 32 10.4515
1061 7.92282e+28 7.73751e+25 2.74878e+11 96 35.6387 38 12.207
1062 7.55579e+22 1.6627e+20 1.37439e+11 76 35.5732 37 12.1725
1063 1.20893e+24 2.1938e+21 2.74878e+11 80 36.6641 38 12.5321
1064 6.1897e+26 6.05104e+23 1.71799e+10 89 31.7891 34 10.8818
1065 2.47588e+27 2.73186e+24 1.37439e+11 91 36.0205 37 12.3233
1066 1.93428e+25 1.95876e+22 1.37439e+11 84 35.0312 37 12.1435
1067 9.90352e+27 1.63552e+25 2.74878e+11 93 36.0176 38 12.5625
1068 7.92282e+28 7.86775e+25 1.37439e+11 96 35.0791 37 12.1139
1069 7.92282e+28 8.10281e+25 5.49756e+11 96 37.0322 39 12.7951
1070 7.92282e+28 7.76832e+25 6.87196e+10 96 33.7256 36 11.7774
1071 7.92282e+28 1.74144e+26 1.37439e+11 96 36.2568 37 12.4001
1072 2.41785e+24 3.06172e+21 3.43598e+10 81 34.1016 35 11.76
1073 7.92282e+28 7.73773e+25 5.49756e+11 96 36.8291 39 12.3915
1074 3.09485e+26 4.15754e+23 4.29506e+09 88 32.3486 32 11.2745
1075 7.92282e+28 7.75337e+25 8.59003e+09 96 32.6455 33 11.3564
1076 2.41785e+24 2.82245e+21 5.36924e+08 81 29.9121 29 10.4756
1077 1.9807e+28 2.08875e+25 8.59001e+09 94 32.4375 33 11.1662
1078 7.73713e+25 8.04765e+22 3.43598e+10 86 33.1729 35 11.3167
1079 4.95176e+27 4.83584e+24 6.87196e+10 92 33.3965 36 11.4872
1080 7.92282e+28 7.98295e+25 3.43598e+10 96 33.6211 35 11.9072
1081 7.92282e+28 7.86028e+25 5.36944e+08 96 30.8135 29 11.1441
1082 7.92282e+28 7.74483e+25 3.36153e+07 96 29.3701 25 10.6398
1083 7.92282e+28 7.73714e+25 1.08382e+06 96 25.3916 20 9.37642
1084 1.23794e+27 1.68453e+24 8.42922e+06 90 27.666 23 10.2347
1085 7.92282e+28 1.16099e+26 5.36945e+08 96 31.1914 29 11.2722
1086 6.1897e+26 6.35553e+23 4.29502e+09 89 32.3574 32 11.6731
1087 3.86856e+25 5.83381e+22 2.68486e+08 85 29.9873 28 10.7212
1088 4.95176e+27 6.12399e+24 2.14757e+09 92 30.9775 31 11.0996
1089 1.54743e+26 1.52921e+23 8.59002e+09 87 32.5938 33 11.2661
1090 9.67141e+24 1.19265e+22 3.43598e+10 83 33.2324 35 11.6722
1091 7.92282e+28 7.82781e+25 1.07382e+09 96 30.6064 30 10.8024
1092 7.92282e+28 7.97992e+25 3.43599e+10 96 33.3828 35 11.7918
1093 3.09485e+26 3.02843e+23 4.29504e+09 88 30.5312 32 11.134
1094 7.92282e+28 7.7694e+25 8.59003e+09 96 32.1621 33 11.7327
1095 7.92282e+28 1.5626e+26 1.718e+10 96 32.2529 34 11.7893
1096 3.09485e+26 3.08688e+23 3.43598e+10 88 33.0117 35 11.9189
1097 7.92282e+28 1.54894e+26 2.14756e+09 96 30.9893 31 11.1203
1098 7.92282e+28 1.59598e+26 8.59001e+09 96 31.9844 33 11.4862
1099 1.23794e+27 1.36351e+24 3.43598e+10 90 32.4521 35 11.5711
1100 3.09485e+26 3.07372e+23 1.718e+10 88 32.0244 34 11.7178
1101 4.8357e+24 9.58375e+21 1.37439e+11 82 34.2529 37 12.3165
1102 7.92282e+28 1.5479e+26 1.71799e+10 96 31.5566 34 11.4369
1103 7.92282e+28 2.51466e+26 1.37439e+11 96 34.1875 37 12.2272
1104 3.86856e+25 9.51298e+22 1.37439e+11 85 34.6201 37 12.4403
1105 6.1897e+26 9.19682e+23 4.29506e+09 89 30.915 32 11.0993
1106 1.23794e+27 1.81679e+24 1.07381e+09 90 31.1914 30 11.0016
1107 7.73713e+25 1.17081e+23 4.29505e+09 86 30.9082 32 10.8174
1108 7.92282e+28 7.73981e+25 1.0738e+09 96 29.7979 30 10.4105
1109 1.23794e+27 1.2095e+24 6.71577e+07 90 27.9863 26 9.77467
1110 7.92282e+28 8.23981e+25 1.37439e+11 96 34.4512 37 12.297
1111 7.92282e+28 2.32367e+26 5.49756e+11 96 36.2568 39 13.0192
1112 7.92282e+28 7.76541e+25 1.37439e+11 96 34.7168 37 12.5429
1113 1.23794e+27 2.02481e+24 2.74878e+11 90 35.2197 38 12.6331
1114 7.92282e+28 1.63257e+26 3.43598e+10 96 32.4746 35 11.6156
1115 3.09485e+26 3.5581e+23 1.37439e+11 88 34.3828 37 12.353
1116 7.92282e+28 7.99323e+25 1.37439e+11 96 35.2217 37 12.5555
1117 7.92282e+28 7.78154e+25 2.14752e+09 96 30.8281 31 11.2627
1118 7.92282e+28 2.5211e+26 1.37439e+11 96 35.2119 37 12.7231
1119 7.92282e+28 2.97405e+26 6.87196e+10 96 34.7617 36 12.5211
1120 7.92282e+28 3.14385e+26 4.29505e+09 96 31.9609 32 11.4423
1121 7.92282e+28 7.89285e+25 6.87196e+10 96 34.207 36 12.1377
1122 7.92282e+28 8.35699e+25 1.71799e+10 96 32.1533 34 11.5819
1123 7.92282e+28 1.64759e+26 3.43598e+10 96 34.3174 35 12.3916
1124 7.92282e+28 1.76995e+26 3.43598e+10 96 34.0449 35 12.2362
1125 7.92282e+28 1.54841e+26 1.71799e+10 96 32.9355 34 11.9255
1126 7.92282e+28 1.54792e+26 6.71584e+07 96 29.0898 26 10.645
1127 7.92282e+28 9.95534e+25 8.42647e+06 96 28.0713 23 10.3517
1128 7.92282e+28 2.81777e+26 8.59001e+09 96 33.0918 33 12.0936
1129 7.92282e+28 1.76517e+26 1.68268e+07 96 27.9336 24 10.3648
1130 7.92282e+28 3.87014e+26 4.29502e+09 96 31.8379 32 11.7803
1131 7.92282e+28 7.82042e+25 2.14754e+09 96 31.7207 31 11.7918
1132 7.92282e+28 6.22762e+26 1.71799e+10 96 33.1025 34 12.5342
1133 7.92282e+28 4.79092e+26 2.68483e+08 96 30.1904 28 11.4275
1134 7.92282e+28 2.56482e+26 4.29504e+09 96 32.7275 32 12.3341
1135 7.92282e+28 3.87667e+26 2.68494e+08 96 30.7441 28 11.5257
1136 7.92282e+28 9.84037e+25 8.59002e+09 96 32.5957 33 12.1858
1137 7.92282e+28 1.60178e+26 5.36927e+08 96 30.5898 29 11.6214
1138 7.92282e+28 2.9228e+26 4.23614e+06 96 27.0137 22 10.1507
1139 7.92282e+28 1.5501e+26 8.42891e+06 96 26.5234 23 10.0786
1140 7.92282e+28 2.37454e+26 1.07958e+06 96 24.8203 20 9.39928
1141 7.92282e+28 2.32196e+26 6.71501e+07 96 27.7744 26 10.5272
1142 3.96141e+28 4.35368e+25 2.68496e+08 95 29.7793 28 11.1148
1143 7.92282e+28 3.10984e+26 1.07378e+09 96 30.125 30 11.176
1144 7.92282e+28 1.75352e+26 5.36925e+08 96 29.5537 29 10.9943
1145 7.92282e+28 1.74423e+26 5.36934e+08 96 30.541 29 11.2072
1146 7.92282e+28 2.20102e+26 1.34274e+08 96 28.8262 27 10.6444
1147 7.92282e+28 1.54765e+26 2.68496e+08 96 29.1963 28 10.8246
1148 7.92282e+28 4.07973e+26 8.59e+09 96 30.416 33 11.2468
1149 3.96141e+28 4.15894e+25 1.71799e+10 95 31.3701 34 11.6834
1150 3.96141e+28 5.39603e+25 5.36941e+08 95 30.0264 29 11.255
1151 7.92282e+28 4.70183e+26 4.29504e+09 96 32.2246 32 12.0456
1152 7.92282e+28 6.2472e+26 1.07379e+09 96 31.1084 30 11.5763
1153 7.92282e+28 4.25671e+26 1.71799e+10 96 32.8174 34 12.2229
1154 7.92282e+28 3.26785e+26 8.59004e+09 96 32.8359 33 12.2623
1155 7.92282e+28 3.90861e+26 6.87195e+10 96 34.3711 36 12.687
1156 7.92282e+28 2.32504e+26 4.29505e+09 96 32.3057 32 11.9544
1157 7.92282e+28 5.051e+26 8.59001e+09 96 32.7314 33 12.0045
1158 7.92282e+28 7.94302e+26 1.71799e+10 96 33.292 34 12.1375
1159 7.92282e+28 7.00634e+26 1.718e+10 96 33.0059 34 12.0342
1160 7.92282e+28 8.68326e+26 3.43598e+10 96 33.9492 35 12.2877
1161 7.92282e+28 1.2331e+27 6.87195e+10 96 35.6885 36 12.7489
1162 7.92282e+28 5.46588e+26 1.71799e+10 96 33.6006 34 12.055
1163 7.92282e+28 4.00094e+26 3.43598e+10 96 32.8906 35 11.7213
1164 7.92282e+28 7.95037e+26 1.71799e+10 96 34.1426 34 12.1174
1165 7.92282e+28 7.60727e+26 6.87196e+10 96 35.5742 36 12.6814
1166 7.92282e+28 8.72124e+26 1.71799e+10 96 34.2539 34 12.1782
1167 3.16913e+29 1.56575e+27 3.43598e+10 98 34.3242 35 12.2897
1168 7.92282e+28 8.99016e+26 1.71799e+10 96 33.335 34 12.0482
1169 7.92282e+28 1.15432e+27 8.59003e+09 96 33.627 33 12.1924
1170 7.92282e+28 9.53961e+26 8.59003e+09 96 33.5723 33 12.2031
1171 7.92282e+28 1.28957e+27 4.29503e+09 96 32.9531 32 12.034
1172 7.92282e+28 7.8645e+26 4.29506e+09 96 33.4414 32 12.053
1173 7.92282e+28 1.99288e+27 6.87195e+10 96 35.4951 36 12.7584
1174 7.92282e+28 1.16789e+27 8.59001e+09 96 33.7393 33 12.2188
1175 7.92282e+28 9.54278e+26 5.36927e+08 96 31.8311 29 11.489
1176 7.92282e+28 9.53624e+26 2.14753e+09 96 31.3359 31 11.351
1177 7.92282e+28 7.97716e+26 3.43598e+10 96 34.6816 35 12.5073
1178 7.92282e+28 1.05614e+27 1.71799e+10 96 33.9961 34 12.2796
1179 7.92282e+28 7.297e+26 1.718e+10 96 34.3682 34 12.1469
1180 7.92282e+28 1.04944e+27 6.87195e+10 96 35.2012 36 12.4985
1181 7.92282e+28 1.1055e+27 8.59003e+09 96 33.9014 33 12.2077
1182 7.92282e+28 6.81146e+26 8.59002e+09 96 33.416 33 11.8643
1183 7.92282e+28 9.87337e+26 2.14755e+09 96 31.2734 31 11.1576
1184 7.92282e+28 7.24221e+26 8.59e+09 96 33.1582 33 11.8063
1185 7.92282e+28 1.18509e+27 8.59002e+09 96 33.5518 33 11.8412
1186 7.92282e+28 1.22024e+27 4.29502e+09 96 33.5918 32 11.9894
1187 7.92282e+28 1.29398e+27 4.29505e+09 96 34.3984 32 12.1794
1188 7.92282e+28 1.59593e+27 3.43598e+10 96 34.9434 35 12.3006
1189 7.92282e+28 1.23417e+27 1.71799e+10 96 34.1875 34 12.0696
1190 7.92282e+28 1.06348e+27 8.59004e+09 96 34.1045 33 12.1009
1191 7.92282e+28 1.17849e+27 1.71799e+10 96 34.0488 34 11.9551
1192 7.92282e+28 1.62992e+27 1.718e+10 96 34.918 34 12.388
1193 7.92282e+28 1.64275e+27 3.43598e+10 96 36.1074 35 12.6687
1194 7.92282e+28 2.20354e+27 6.87196e+10 96 36.4941 36 12.7212
1195 7.92282e+28 2.70913e+27 1.37439e+11 96 38.0928 37 13.2987
1196 7.92282e+28 1.61573e+27 6.87196e+10 96 36.7207 36 12.8901
1197 7.92282e+28 2.6746e+27 3.43598e+10 96 36.8291 35 12.765
1198 7.92282e+28 1.76731e+27 6.87196e+10 96 36.7812 36 12.8381
1199 7.92282e+28 1.89723e+27 3.43598e+10 96 36.2988 35 12.6613
1200 7.92282e+28 2.01682e+27 1.718e+10 96 36.4141 34 12.6431
1201 7.92282e+28 2.18439e+27 1.718e+10 96 35.8135 34 12.443
1202 7.92282e+28 1.98941e+27 8.59002e+09 96 35.8389 33 12.4808
1203 7.92282e+28 1.90728e+27 3.43598e+10 96 36.1406 35 12.7708
1204 7.92282e+28 1.8857e+27 3.43598e+10 96 36.1953 35 12.6061
1205 7.92282e+28 2.40834e+27 3.43598e+10 96 35.9219 35 12.5737
1206 7.92282e+28 2.8525e+27 6.87196e+10 96 37.165 36 12.8618
1207 7.92282e+28 2.66175e+27 1.37439e+11 96 37.4229 37 12.9582
1208 7.92282e+28 2.48708e+27 1.37439e+11 96 38.1445 37 13.2172
1209 7.92282e+28 2.76634e+27 3.43598e+10 96 35.8594 35 12.497
1210 7.92282e+28 2.34727e+27 3.43598e+10 96 36.9756 35 12.7728
1211 7.92282e+28 2.8211e+27 3.43598e+10 96 36.6133 35 12.6833
1212 7.92282e+28 1.78429e+27 1.718e+10 96 36.248 34 12.5767
1213 7.92282e+28 2.38065e+27 6.87196e+10 96 37.1992 36 13.0989
1214 7.92282e+28 3.28846e+27 6.87196e+10 96 37.8506 36 13.1971
1215 7.92282e+28 2.63349e+27 2.74878e+11 96 39.0273 38 13.5321
1216 7.92282e+28 2.8202e+27 3.43598e+10 96 37.1484 35 12.8709
1217 7.92282e+28 3.0811e+27 1.71799e+10 96 37.2764 34 12.944
1218 7.92282e+28 2.94206e+27 1.718e+10 96 36.7637 34 12.8987
1219 7.92282e+28 2.7758e+27 1.71799e+10 96 37.0684 34 12.8379
1220 7.92282e+28 3.50215e+27 6.87196e+10 96 39.1436 36 13.6276
1221 7.92282e+28 3.65644e+27 1.37439e+11 96 39.0527 37 13.3982
1222 7.92282e+28 3.81412e+27 2.74878e+11 96 40.2158 38 13.9241
1223 7.92282e+28 4.11629e+27 2.74878e+11 96 39.8174 38 13.7299
1224 7.92282e+28 4.57575e+27 6.87196e+10 96 39.2588 36 13.4665
1225 7.92282e+28 3.69466e+27 1.37439e+11 96 39.5928 37 13.6996
1226 7.92282e+28 3.8762e+27 5.49756e+11 96 39.9365 39 13.8501
1227 7.92282e+28 5.36733e+27 4.39805e+12 96 42.8418 42 14.6855
1228 7.92282e+28 4.99121e+27 1.09951e+12 96 41.6289 40 14.2109
1229 7.92282e+28 4.06621e+27 1.37439e+11 96 39.7236 37 13.697
1230 7.92282e+28 3.21093e+27 5.49756e+11 96 40.9463 39 14.1554
1231 7.92282e+28 4.40183e+27 5.49756e+11 96 41.5078 39 14.1722
1232 7.92282e+28 5.09342e+27 1.09951e+12 96 41.6426 40 14.2674
1233 7.92282e+28 3.85984e+27 5.49756e+11 96 40.4648 39 13.9336
1234 7.92282e+28 4.00908e+27 4.39805e+12 96 42.5371 42 14.5167
1235 7.92282e+28 4.03247e+27 2.19902e+12 96 41.5283 41 14.2654
1236 7.92282e+28 4.81628e+27 1.09951e+12 96 43.2188 40 14.9417
1237 7.92282e+28 4.48681e+27 2.19902e+12 96 42.2559 41 14.4996
1238 7.92282e+28 4.81218e+27 1.37439e+11 96 40.4531 37 13.8688
1239 7.92282e+28 3.97525e+27 1.09951e+12 96 41.4932 40 14.1839
1240 7.92282e+28 5.23655e+27 8.79609e+12 96 42.8262 43 14.5855
1241 7.92282e+28 4.18226e+27 8.79609e+12 96 42.7412 43 14.6713
1242 7.92282e+28 5.44282e+27 1.09951e+12 96 42.0576 40 14.2224
1243 7.92282e+28 4.34573e+27 2.19902e+12 96 42.5732 41 14.4334
1244 7.92282e+28 4.49659e+27 2.19902e+12 96 42.6885 41 14.4909
1245 7.92282e+28 5.49615e+27 8.79609e+12 96 43.4785 43 14.6892
1246 7.92282e+28 4.95229e+27 8.79609e+12 96 43.5586 43 14.7662
1247 7.92282e+28 5.50723e+27 1.75922e+13 96 44.7422 44 15.1691
1248 7.92282e+28 6.73958e+27 1.75922e+13 96 44.4922 44 14.9908
1249 7.92282e+28 4.73047e+27 1.09951e+12 96 42.2969 40 14.3047
1250 1.58456e+29 6.44282e+27 1.75922e+13 97 43.9199 44 14.7754
1251 7.92282e+28 4.81992e+27 8.79609e+12 96 42.7695 43 14.4506
1252 7.92282e+28 4.60342e+27 4.39805e+12 96 43.1699 42 14.6078
1253 7.92282e+28 5.06272e+27 4.39805e+12 96 43.0625 42 14.5497
1254 7.92282e+28 5.12387e+27 2.19902e+12 96 42.9482 41 14.5554
1255 7.92282e+28 5.26611e+27 4.39805e+12 96 43.6533 42 14.7006
1256 7.92282e+28 5.70078e+27 8.79609e+12 96 43.4268 43 14.6001
1257 7.92282e+28 6.81055e+27 2.19902e+12 96 43.2793 41 14.5638
1258 7.92282e+28 7.19778e+27 4.39805e+12 96 44.0693 42 14.825
1259 7.92282e+28 6.88455e+27 8.79609e+12 96 44.8301 43 15.1619
1260 7.92282e+28 6.77716e+27 3.51844e+13 96 45.9434 45 15.3893
1261 7.92282e+28 6.39332e+27 3.51844e+13 96 45.5254 45 15.188
1262 7.92282e+28 7.08555e+27 1.75922e+13 96 45.6016 44 15.2578
1263 7.92282e+28 8.38193e+27 3.51844e+13 96 46.3545 45 15.5111
1264 7.92282e+28 8.63466e+27 1.75922e+13 96 46.665 44 15.5258
1265 7.92282e+28 6.93799e+27 4.39805e+12 96 44.4102 42 14.9405
1266 7.92282e+28 6.76365e+27 8.79609e+12 96 45.3574 43 15.1753
1267 7.92282e+28 6.91633e+27 8.79609e+12 96 45.2949 43 15.2381
1268 7.92282e+28 7.55172e+27 7.03687e+13 96 46.8223 46 15.7016
1269 7.92282e+28 6.54345e+27 1.75922e+13 96 45.4521 44 15.187
1270 7.92282e+28 7.20118e+27 3.51844e+13 96 45.5137 45 15.1737
1271 7.92282e+28 8.18955e+27 1.40737e+14 96 46.8779 47 15.6571
1272 7.92282e+28 7.66134e+27 8.79609e+12 96 45.332 43 15.1515
1273 7.92282e+28 7.35324e+27 7.03687e+13 96 45.9453 46 15.2997
1274 7.92282e+28 7.56226e+27 1.75922e+13 96 45.4219 44 15.1485
1275 7.92282e+28 7.61969e+27 3.51844e+13 96 45.9531 45 15.1448
1276 1.58456e+29 8.40005e+27 7.03687e+13 97 46.9639 46 15.5781
1277 7.92282e+28 8.31506e+27 1.09951e+12 96 43.4736 40 14.4129
1278 7.92282e+28 7.57404e+27 7.03687e+13 96 46.332 46 15.5034
1279 7.92282e+28 7.50967e+27 1.40737e+14 96 45.9834 47 15.3924
1280 7.92282e+28 8.37767e+27 8.79609e+12 96 46.3008 43 15.5738
1281 7.92282e+28 9.50259e+27 7.03687e+13 96 46.749 46 15.5792
1282 7.92282e+28 7.60292e+27 8.79609e+12 96 45.3311 43 15.279
1283 7.92282e+28 8.04361e+27 2.19902e+12 96 45.0098 41 15.1334
1284 7.92282e+28 8.24044e+27 7.03687e+13 96 46.7139 46 15.5263
1285 7.92282e+28 7.39584e+27 4.39805e+12 96 44.7373 42 14.898
1286 7.92282e+28 8.16927e+27 4.39805e+12 96 45.2871 42 15.1039
1287 7.92282e+28 6.82351e+27 2.19902e+12 96 44.333 41 14.9376
1288 7.92282e+28 9.04258e+27 3.51844e+13 96 46.0625 45 15.3802
1289 7.92282e+28 8.34135e+27 4.39805e+12 96 45.8379 42 15.4205
1290 7.92282e+28 8.07049e+27 8.79609e+12 96 46.0088 43 15.3815
1291 7.92282e+28 8.06774e+27 1.09951e+12 96 44.5986 40 15.0459
1292 7.92282e+28 8.75799e+27 3.51844e+13 96 46.5488 45 15.4546
1293 7.92282e+28 7.82732e+27 4.39805e+12 96 44.2646 42 14.774
1294 7.92282e+28 8.19522e+27 4.39805e+12 96 44.5781 42 14.9675
1295 7.92282e+28 7.77788e+27 1.75922e+13 96 46.1572 44 15.45
1296 7.92282e+28 8.07983e+27 8.79609e+12 96 44.9385 43 15.0005
1297 7.92282e+28 7.68046e+27 1.75922e+13 96 45.6777 44 15.3197
1298 7.92282e+28 8.37421e+27 5.49756e+11 96 43.9619 39 14.5522
1299 7.92282e+28 7.22961e+27 4.39805e+12 96 44.2725 42 14.8137
1300 7.92282e+28 8.1139e+27 4.39805e+12 96 44.9141 42 15.0616
1301 7.92282e+28 7.96964e+27 1.75922e+13 96 45.8613 44 15.3091
1302 7.92282e+28 7.80015e+27 3.51844e+13 96 45.7793 45 15.4017
1303 7.92282e+28 8.01987e+27 8.79609e+12 96 45.2637 43 15.1719
1304 7.92282e+28 6.83981e+27 4.39805e+12 96 44.3115 42 14.884
1305 1.58456e+29 8.75685e+27 7.03687e+13 97 47.6289 46 15.8352
1306 7.92282e+28 8.26896e+27 1.75922e+13 96 45.8789 44 15.2649
1307 7.92282e+28 7.33165e+27 8.79609e+12 96 44.9248 43 15.2129
1308 7.92282e+28 8.26573e+27 8.79609e+12 96 45.3916 43 15.2799
1309 7.92282e+28 6.98871e+27 1.75922e+13 96 45.7021 44 15.2659
1310 7.92282e+28 9.02302e+27 1.40737e+14 96 47.2979 47 15.7837
1311 7.92282e+28 8.36718e+27 2.81475e+14 96 47.499 48 15.9024
1312 7.92282e+28 8.06016e+27 7.03687e+13 96 46.1719 46 15.4871
1313 7.92282e+28 8.96249e+27 3.51844e+13 96 45.4258 45 15.1607
1314 7.92282e+28 8.07792e+27 3.51844e+13 96 46.1045 45 15.3952
1315 7.92282e+28 8.46227e+27 1.40737e+14 96 46.3535 47 15.5641
1316 7.92282e+28 8.60336e+27 8.79609e+12 96 46.0781 43 15.4159
1317 7.92282e+28 7.42864e+27 1.75922e+13 96 46.5996 44 15.558
1318 3.16913e+29 8.87872e+27 7.03687e+13 98 46.5361 46 15.5462
1319 7.92282e+28 8.69062e+27 3.51844e+13 96 46.4404 45 15.5344
1320 7.92282e+28 8.78419e+27 7.03687e+13 96 47.0615 46 15.7223
1321 7.92282e+28 9.01003e+27 1.09951e+12 96 45.3105 40 15.1339
1322 7.92282e+28 8.27411e+27 2.19902e+12 96 45.3447 41 15.2463
1323 7.92282e+28 1.02867e+28 8.79609e+12 96 45.6436 43 15.1743
1324 7.92282e+28 9.24258e+27 5.6295e+14 96 47.8086 49 15.8686
1325 7.92282e+28 1.09556e+28 7.03687e+13 96 46.9375 46 15.5781
1326 7.92282e+28 8.47925e+27 8.79609e+12 96 45.7783 43 15.2875
1327 7.92282e+28 8.64645e+27 8.79609e+12 96 45.6982 43 15.3836
1328 7.92282e+28 7.96417e+27 4.39805e+12 96 44.916 42 15.0633
1329 7.92282e+28 9.06577e+27 2.81475e+14 96 47.3389 48 15.7489
1330 7.92282e+28 8.34862e+27 8.79609e+12 96 45.2988 43 15.2023
1331 7.92282e+28 7.62613e+27 4.39805e+12 96 45.3037 42 15.1864
1332 7.92282e+28 8.76567e+27 1.40737e+14 96 47.5371 47 15.8177
1333 7.92282e+28 9.53472e+27 1.75922e+13 96 45.8701 44 15.2865
1334 7.92282e+28 8.30327e+27 8.79609e+12 96 45.8848 43 15.3174
1335 7.92282e+28 8.48931e+27 2.19902e+12 96 44.7568 41 14.9341
1336 7.92282e+28 8.68402e+27 2.81475e+14 96 46.8008 48 15.6716
1337 7.92282e+28 8.65095e+27 8.79609e+12 96 45.7197 43 15.197
1338 7.92282e+28 9.58749e+27 1.40737e+14 96 47.3457 47 15.783
1339 7.92282e+28 8.45346e+27 3.51844e+13 96 46.8877 45 15.6079
1340 7.92282e+28 9.68647e+27 3.51844e+13 96 46.2607 45 15.4728
1341 7.92282e+28 8.73833e+27 1.75922e+13 96 45.6865 44 15.1941
1342 7.92282e+28 9.20818e+27 7.03687e+13 96 46.5039 46 15.5267
1343 7.92282e+28 8.83115e+27 1.40737e+14 96 46.9473 47 15.6955
1344 7.92282e+28 7.73495e+27 8.79609e+12 96 45.1084 43 15.078
1345 7.92282e+28 8.62021e+27 2.19902e+12 96 45.3877 41 15.2266
1346 7.92282e+28 9.89525e+27 7.03687e+13 96 46.9795 46 15.5907
1347 7.92282e+28 9.30803e+27 1.40737e+14 96 47.0713 47 15.6385
1348 7.92282e+28 9.31977e+27 1.40737e+14 96 47.2695 47 15.773
1349 7.92282e+28 9.03338e+27 5.6295e+14 96 47.2373 49 15.7083
1350 7.92282e+28 8.61987e+27 3.51844e+13 96 46.0176 45 15.3396
1351 7.92282e+28 9.38785e+27 1.40737e+14 96 47.2412 47 15.7706
1352 7.92282e+28 8.10333e+27 8.79609e+12 96 45.1494 43 15.1713
1353 7.92282e+28 8.47822e+27 7.03687e+13 96 47.0537 46 15.7143
1354 1.58456e+29 9.40035e+27 7.03687e+13 97 47.3926 46 15.8183
1355 7.92282e+28 1.00287e+28 5.6295e+14 96 48.2617 49 16.0789
1356 7.92282e+28 9.3849e+27 2.2518e+15 96 48.2666 51 16.0846
1357 7.92282e+28 9.23628e+27 4.39805e+12 96 46.0381 42 15.2274
1358 7.92282e+28 9.97666e+27 1.1259e+15 96 48.3623 50 15.9871
1359 7.92282e+28 1.00831e+28 1.40737e+14 96 47.2734 47 15.6625
1360 7.92282e+28 1.06827e+28 2.81475e+14 96 47.8711 48 15.8461
1361 7.92282e+28 1.10487e+28 2.2518e+15 96 49.4395 51 16.3951
1362 1.58456e+29 9.99016e+27 5.6295e+14 97 49.0654 49 16.3341
1363 7.92282e+28 1.16362e+28 9.0072e+15 96 50.2783 53 16.6377
1364 7.92282e+28 9.88979e+27 5.6295e+14 96 48.7705 49 16.2859
1365 7.92282e+28 1.01106e+28 4.5036e+15 96 49.7295 52 16.5966
1366 7.92282e+28 1.00376e+28 2.81475e+14 96 47.5625 48 15.9268
1367 7.92282e+28 1.05988e+28 1.1259e+15 96 48.9902 50 16.358
1368 7.92282e+28 8.48154e+27 2.81475e+14 96 47.1357 48 15.7896
1369 1.58456e+29 9.69771e+27 2.2518e+15 97 49.0439 51 16.3154
1370 7.92282e+28 1.0623e+28 4.5036e+15 96 49.3135 52 16.303
1371 7.92282e+28 1.07279e+28 9.0072e+15 96 50.5498 53 16.8375
1372 7.92282e+28 1.06253e+28 1.1259e+15 96 49.3799 50 16.466
1373 3.16913e+29 1.23709e+28 9.0072e+15 98 50.0547 53 16.4378
1374 7.92282e+28 1.12213e+28 4.5036e+15 96 50.377 52 16.7186
1375 7.92282e+28 1.05231e+28 4.5036e+15 96 49.3027 52 16.4463
1376 7.92282e+28 1.10308e+28 5.6295e+14 96 49.4199 49 16.3679
1377 7.92282e+28 1.20319e+28 9.0072e+15 96 50.7393 53 16.845
1378 7.92282e+28 1.16584e+28 1.80144e+16 96 50.8262 54 16.8174
1379 7.92282e+28 1.07219e+28 1.1259e+15 96 49.4902 50 16.4856
1380 7.92282e+28 1.12133e+28 1.1259e+15 96 49.1611 50 16.3443
1381 7.92282e+28 1.06456e+28 1.1259e+15 96 49.3086 50 16.3574
1382 7.92282e+28 1.17394e+28 4.5036e+15 96 50.1494 52 16.6154
1383 7.92282e+28 1.21546e+28 4.5036e+15 96 50.7412 52 16.8049
1384 7.92282e+28 1.10879e+28 1.40737e+14 96 48.5557 47 16.0588
1385 7.92282e+28 1.25178e+28 4.5036e+15 96 50.4531 52 16.6308
1386 7.92282e+28 1.25386e+28 9.0072e+15 96 50.1836 53 16.6366
1387 7.92282e+28 1.16944e+28 4.5036e+15 96 50.2295 52 16.5971
1388 7.92282e+28 1.05825e+28 1.1259e+15 96 49.5752 50 16.6436
1389 7.92282e+28 1.34615e+28 2.2518e+15 96 50.4668 51 16.7014
1390 7.92282e+28 1.15509e+28 5.6295e+14 96 48.2832 49 16.0553
1391 3.16913e+29 1.3073e+28 4.5036e+15 98 50.8691 52 16.8782
1392 3.16913e+29 1.2836e+28 1.1259e+15 98 50.5898 50 16.7622
1393 7.92282e+28 1.3465e+28 1.80144e+16 96 51.4893 54 17.0063
1394 7.92282e+28 1.33447e+28 1.80144e+16 96 51.1777 54 16.9631
1395 7.92282e+28 1.20448e+28 3.60288e+16 96 51.8213 55 17.1656
1396 7.92282e+28 1.15799e+28 5.6295e+14 96 49.542 49 16.5498
1397 3.16913e+29 1.2701e+28 9.0072e+15 98 51.0518 53 16.8532
1398 7.92282e+28 1.29845e+28 4.5036e+15 96 50.7051 52 16.7765
1399 7.92282e+28 1.31802e+28 9.0072e+15 96 50.9863 53 16.8083
1400 7.92282e+28 1.41234e+28 9.0072e+15 96 51.084 53 16.7628
1401 7.92282e+28 1.40754e+28 2.8823e+17 96 52.3799 58 17.3219
1402 3.16913e+29 1.40117e+28 2.2518e+15 98 50.4473 51 16.7723
1403 7.92282e+28 1.2846e+28 9.0072e+15 96 50.7861 53 16.7773
1404 7.92282e+28 1.36335e+28 9.0072e+15 96 50.9746 53 16.9988
1405 7.92282e+28 1.39051e+28 3.60288e+16 96 52.3916 55 17.3236
1406 7.92282e+28 1.30031e+28 4.5036e+15 96 50.0049 52 16.461
1407 7.92282e+28 1.2762e+28 1.80144e+16 96 51.9287 54 17.3226
1408 7.92282e+28 1.37047e+28 1.44115e+17 96 52.7549 57 17.3873
1409 1.58456e+29 1.3851e+28 7.20576e+16 97 52.0498 56 17.0911
1410 1.58456e+29 1.39916e+28 3.60288e+16 97 51.9111 55 17.1487
1411 7.92282e+28 1.25219e+28 2.2518e+15 96 50.0762 51 16.5941
1412 7.92282e+28 1.32446e+28 4.5036e+15 96 50.416 52 16.6236
1413 3.16913e+29 1.26541e+28 2.2518e+15 98 49.7607 51 16.477
1414 3.16913e+29 1.35665e+28 3.60288e+16 98 51.3057 55 16.8427
1415 1.58456e+29 1.4718e+28 1.44115e+17 97 52.5801 57 17.2281
1416 3.16913e+29 1.66905e+28 2.8823e+17 98 54.0537 58 17.6869
1417 3.16913e+29 1.47521e+28 1.44115e+17 98 52.2754 57 17.2113
1418 7.92282e+28 1.45706e+28 1.44115e+17 96 52.8477 57 17.4549
1419 1.58456e+29 1.42601e+28 3.60288e+16 97 51.8604 55 17.2055
1420 3.16913e+29 1.30009e+28 1.80144e+16 98 51.6807 54 17.0438
1421 3.16913e+29 1.47986e+28 3.60288e+16 98 52.3008 55 17.1618
1422 7.92282e+28 1.39466e+28 1.80144e+16 96 51.6094 54 16.8608
1423 7.92282e+28 1.36279e+28 3.60288e+16 96 50.8271 55 16.7139
1424 7.92282e+28 1.5104e+28 9.0072e+15 96 50.3203 53 16.4114
1425 7.92282e+28 1.40536e+28 2.8823e+17 96 52.4561 58 17.3141
1426 1.58456e+29 1.52347e+28 3.60288e+16 97 51.2051 55 16.7744
1427 3.16913e+29 1.53749e+28 3.60288e+16 98 52 55 17.0391
1428 7.92282e+28 1.47774e+28 9.0072e+15 96 52.0781 53 17.1345
1429 1.58456e+29 1.62149e+28 2.8823e+17 97 52.8311 58 17.2451
1430 3.16913e+29 1.49799e+28 3.60288e+16 98 51.6797 55 16.9372
1431 7.92282e+28 1.46415e+28 2.8823e+17 96 52.3945 58 17.1909
1432 7.92282e+28 1.49657e+28 1.44115e+17 96 52.5498 57 17.228
1433 7.92282e+28 1.65835e+28 1.84467e+19 96 55.7295 64 18.2618
1434 7.92282e+28 1.64378e+28 1.15292e+18 96 53.9775 60 17.8455
1435 7.92282e+28 1.51691e+28 1.15292e+18 96 53.2451 60 17.4983
1436 7.92282e+28 1.56633e+28 1.44115e+17 96 52.7734 57 17.2972
1437 7.92282e+28 1.63493e+28 7.20576e+16 96 53.1621 56 17.3342
1438 7.92282e+28 1.57345e+28 7.20576e+16 96 51.7295 56 17.0878
1439 7.92282e+28 1.58401e+28 5.76461e+17 96 53.3047 59 17.4625
1440 7.92282e+28 1.46689e+28 1.44115e+17 96 52.4131 57 17.2707
1441 7.92282e+28 1.54631e+28 7.20576e+16 96 52.1719 56 17.1795
1442 7.92282e+28 1.56852e+28 2.8823e+17 96 53.1797 58 17.4067
1443 7.92282e+28 1.53608e+28 7.20576e+16 96 51.3232 56 16.8601
1444 3.16913e+29 1.52072e+28 7.20576e+16 98 52.4785 56 17.3055
1445 7.92282e+28 1.82873e+28 3.68935e+19 96 54.7373 65 17.8247
1446 7.92282e+28 1.7623e+28 2.8823e+17 96 53.0752 58 17.3111
1447 7.92282e+28 1.60164e+28 7.20576e+16 96 52.5117 56 17.2473
1448 7.92282e+28 1.52687e+28 1.80144e+16 96 51.8037 54 17.0345
1449 7.92282e+28 1.71701e+28 1.44115e+17 96 52.6797 57 17.3178
1450 7.92282e+28 1.67496e+28 7.20576e+16 96 51.9443 56 17.0731
1451 7.92282e+28 1.68065e+28 3.60288e+16 96 52.2412 55 17.2726
1452 7.92282e+28 1.66859e+28 7.20576e+16 96 53.0293 56 17.4738
1453 3.16913e+29 1.75266e+28 1.80144e+16 98 52.1484 54 17.1165
1454 7.92282e+28 1.5308e+28 5.6295e+14 96 49.6055 49 16.3568
1455 7.92282e+28 1.62335e+28 2.8823e+17 96 51.8916 58 17.0702
1456 3.16913e+29 1.64333e+28 3.60288e+16 98 51.5449 55 17.0366
1457 7.92282e+28 1.4018e+28 3.60288e+16 96 51.8359 55 17.0654
1458 7.92282e+28 1.58293e+28 9.0072e+15 96 52.0459 53 17.1512
1459 7.92282e+28 1.50244e+28 1.80144e+16 96 51.8936 54 17.1132
1460 7.92282e+28 1.45524e+28 3.60288e+16 96 50.792 55 16.7659
1461 1.58456e+29 1.51789e+28 9.0072e+15 97 51.2861 53 16.8204
1462 7.92282e+28 1.62055e+28 2.8823e+17 96 52.5928 58 17.1958
1463 7.92282e+28 1.67507e+28 7.20576e+16 96 51.8721 56 17.1074
1464 3.16913e+29 1.65161e+28 7.20576e+16 98 52.748 56 17.2176
1465 7.92282e+28 1.63462e+28 1.80144e+16 96 51.6455 54 17.004
1466 7.92282e+28 1.52469e+28 1.80144e+16 96 52.1318 54 17.238
1467 7.92282e+28 1.67125e+28 3.60288e+16 96 51.5879 55 17.0193
1468 7.92282e+28 1.51069e+28 2.81475e+14 96 49.8496 48 16.4311
1469 7.92282e+28 1.51698e+28 2.2518e+15 96 50.7686 51 16.7025
1470 7.92282e+28 1.4738e+28 1.44115e+17 96 52.1445 57 17.2829
1471 7.92282e+28 1.37313e+28 1.80144e+16 96 50.9717 54 16.7864
1472 1.58456e+29 1.48925e+28 3.60288e+16 97 50.9727 55 16.6965
1473 7.92282e+28 1.64838e+28 7.20576e+16 96 52.3525 56 17.1652
1474 7.92282e+28 1.62444e+28 2.8823e+17 96 53.4727 58 17.6559
1475 7.92282e+28 1.49052e+28 7.20576e+16 96 51.4238 56 16.8787
1476 7.92282e+28 1.46873e+28 2.8823e+17 96 52.0947 58 17.1588
1477 7.92282e+28 1.68341e+28 4.61169e+18 96 54.1016 62 17.7833
1478 3.16913e+29 1.50547e+28 7.20576e+16 98 51.999 56 17.1712
1479 3.16913e+29 1.61254e+28 2.2518e+15 98 51.543 51 16.8241
1480 7.92282e+28 1.5426e+28 4.5036e+15 96 51.4951 52 16.9476
1481 7.92282e+28 1.48947e+28 9.0072e+15 96 51.3135 53 16.7658
1482 7.92282e+28 1.51406e+28 1.80144e+16 96 51.1338 54 16.8165
1483 1.58456e+29 1.54083e+28 7.20576e+16 97 51.5527 56 16.8975
1484 1.58456e+29 1.48785e+28 3.60288e+16 97 51.7227 55 17.0616
1485 7.92282e+28 1.5069e+28 4.5036e+15 96 51.8564 52 17.1008
1486 7.92282e+28 1.35679e+28 9.0072e+15 96 50.9893 53 16.8584
1487 3.16913e+29 1.36482e+28 1.1259e+15 98 49.8174 50 16.521
1488 3.16913e+29 1.5422e+28 4.5036e+15 98 51.7129 52 16.9313
1489 3.16913e+29 1.681e+28 3.60288e+16 98 51.1963 55 16.7704
1490 1.58456e+29 1.53827e+28 1.80144e+16 97 51.8516 54 17.0884
1491 7.92282e+28 1.51802e+28 9.0072e+15 96 50.7412 53 16.6725
1492 3.16913e+29 1.55766e+28 1.80144e+16 98 51.4189 54 17.0591
1493 7.92282e+28 1.53069e+28 5.6295e+14 96 49.8027 49 16.3924
1494 7.92282e+28 1.43802e+28 9.0072e+15 96 51.2949 53 17.0161
1495 3.16913e+29 1.44343e+28 9.0072e+15 98 51.0703 53 16.8811
1496 7.92282e+28 1.40234e+28 1.80144e+16 96 51.29 54 16.8443
1497 1.58456e+29 1.48686e+28 1.80144e+16 97 51.5625 54 17.0386
1498 3.16913e+29 1.46506e+28 4.5036e+15 98 50.8682 52 16.8157
1499 7.92282e+28 1.46876e+28 1.80144e+16 96 51.1807 54 16.9884
