1365.12
0 434.902 8.24462 4 2 0.0351562 0 0.0269138
1 110.371 7.93158 4 1 0.0322266 0 0.0285845
2 434.818 9.26173 4 2 0.0458984 0 0.0290025
3 434.818 8.91678 4 2 0.0410156 0 0.0298575
4 116.603 9.13435 5 1 0.0439453 0 0.0289863
5 435.117 10.2615 5 2 0.0488281 0 0.0306102
6 435.127 9.84392 5 2 0.0410156 0 0.0303947
7 435.151 10.8104 5 2 0.0527344 0 0.0302997
8 1011.31 11.7585 5 3 0.0546875 0 0.0321724
9 435.053 10.9698 5 2 0.0527344 0 0.0299601
10 433.776 10.3586 5 2 0.0507812 0 0.0314173
11 435.151 11.644 5 2 0.0546875 0 0.0298974
12 435 8.98881 5 2 0.0361328 0 0.0302446
13 434.639 10.9823 5 2 0.0556641 0 0.0307413
14 435.151 10.1546 5 2 0.046875 0 0.0306176
15 434.818 8.81014 5 2 0.0341797 0 0.0303472
16 115.282 9.91297 5 1 0.0449219 0 0.0319843
17 111.425 10.5021 6 1 0.0498047 0 0.0334765
18 109.829 10.793 6 1 0.0537109 0 0.0320256
19 434.954 11.5451 6 2 0.0556641 0 0.0323541
20 435.149 13.2527 6 2 0.0625 0 0.0347649
21 434.818 9.88414 6 2 0.0410156 0 0.0313926
22 434.412 10.5575 6 2 0.046875 0 0.0323846
23 117.03 9.79837 6 1 0.0419922 0 0.0329041
24 435.149 12.3581 6 2 0.0595703 0 0.0341715
25 434.639 11.3573 6 2 0.0556641 0 0.0320316
26 435.151 11.4067 6 2 0.0527344 0 0.0320008
27 434.818 12.3856 6 2 0.0654297 0 0.0324482
28 435.149 10.5558 6 2 0.046875 0 0.0325991
29 435.117 10.2045 6 2 0.0429688 0 0.0330329
30 434.818 11.1819 6 2 0.0537109 0 0.0325609
31 435.149 11.2155 6 2 0.0458984 0 0.0333135
32 435 10.74 6 2 0.0449219 0 0.0336299
33 435.151 11.2241 6 2 0.0498047 0 0.0328192
34 435.127 11.5507 6 2 0.0527344 0 0.0348933
35 435.149 12.0542 6 2 0.0517578 0 0.0333867
36 435.053 12.671 6 2 0.0507812 0 0.03674
37 435.151 13.9641 6 2 0.0683594 0 0.0348791
38 1009.59 13.2294 6 3 0.0546875 0 0.0369801
39 111.937 13.9498 6 1 0.0664062 0 0.038395
40 435.149 15.3824 6 2 0.0664062 0 0.0384718
41 435.149 18.0507 7 2 0.0742188 0 0.043214
42 435.127 19.8797 7 2 0.0742188 0 0.0547112
43 435.127 22.6918 8 2 0.0800781 0 0.0553903
44 998.128 29.8041 8 3 0.0888672 0 0.0741361
45 435 32.9553 8 2 0.0917969 0 0.0758568
46 435.149 38.1102 9 2 0.09375 0 0.0859812
47 1006.68 47.1611 11 3 0.0996094 0 0.115287
48 1006.68 56.9476 16 3 0.0976562 0 0.135421
49 1008.92 61.2917 101 3 0.103516 0 0.144864
50 1011.78 63.3706 101 3 0.101562 0 0.151178
51 435 64.8342 101 2 0.0878906 0 0.156657
52 435.151 66.9478 101 2 0.0927734 0 0.169343
53 997.036 70.5314 101 3 0.103516 0 0.164511
54 435.151 68.1568 101 2 0.0820312 0 0.166273
55 435.151 68.4679 101 2 0.0869141 0 0.166288
56 1010.21 67.8782 101 3 0.0810547 0 0.165772
57 435.149 73.0993 101 2 0.09375 0 0.176819
58 1004.99 72.5524 101 3 0.0908203 0 0.172635
59 435.076 73.8147 101 2 0.0839844 0 0.179266
60 1008.21 75.3564 101 3 0.0917969 0 0.178815
61 435.117 75.996 101 2 0.0820312 0 0.182731
62 435.151 77.6012 101 2 0.0947266 0 0.181621
63 435.117 74.8099 101 2 0.0771484 0 0.189901
64 435.127 74.8213 101 2 0.0810547 0 0.179306
65 819.107 78.8065 101 3 0.0830078 0 0.189183
66 1003.18 79.8558 101 3 0.0976562 0 0.190355
67 435.117 78.9019 101 2 0.0830078 0 0.198855
68 1000.23 79.0307 101 3 0.0898438 0 0.194785
69 1008.92 80.2271 101 3 0.09375 0 0.191339
70 435.151 79.2646 101 2 0.0859375 0 0.190342
71 435.151 77.7979 101 2 0.0673828 0 0.199864
72 970.606 80.5305 101 3 0.0810547 0 0.198655
73 1006.68 83.8413 101 3 0.0771484 0 0.200162
74 435.151 81.6239 101 2 0.0742188 0 0.196995
75 434.638 79.558 101 2 0.078125 0 0.196386
76 1009.59 83.4591 101 3 0.0820312 0 0.203065
77 435.149 82.991 101 2 0.0898438 0 0.198385
78 435.117 78.8406 101 2 0.078125 0 0.196185
79 1003.18 84.9434 101 3 0.0976562 0 0.20649
80 435.151 81.4941 101 2 0.0839844 0 0.201475
81 434.781 77.6016 101 2 0.0693359 0 0.19977
82 434.902 80.6251 101 2 0.0634766 0 0.199694
83 435.117 81.847 101 2 0.0703125 0 0.205005
84 435.117 82.4345 101 2 0.0546875 0 0.206718
85 435.117 81.3906 101 2 0.0712891 0 0.206174
86 998.128 86.5725 101 3 0.0771484 0 0.208
87 998.128 82.5842 101 3 0.078125 0 0.19605
88 435.076 81.4369 101 2 0.0693359 0 0.203023
89 1003.18 86.3927 101 3 0.0634766 0 0.211962
90 435.149 87.3242 101 2 0.078125 0 0.214469
91 1009.59 86.4759 101 3 0.0820312 0 0.206618
92 998.128 86.2223 101 3 0.0634766 0 0.210191
93 959.636 86.8179 101 3 0.0634766 0 0.214327
94 997.036 88.1334 101 3 0.0703125 0 0.212411
95 434.954 87.374 101 2 0.0644531 0 0.217338
96 435.117 86.6851 101 2 0.0673828 0 0.215283
97 435.151 87.4719 101 2 0.078125 0 0.211863
98 435.151 85.3124 101 2 0.0546875 0 0.213121
99 435.149 85.2486 101 2 0.0683594 0 0.214229
100 1010.79 87.2356 101 3 0.0527344 0 0.213155
101 435.149 88.3342 101 2 0.0888672 0 0.215667
102 1008.92 88.7586 101 3 0.0859375 0 0.210992
103 435.076 88.2073 101 2 0.078125 0 0.215213
104 1003.18 93.0866 101 3 0.0820312 0 0.221959
105 1009.59 88.7809 101 3 0.0810547 0 0.212747
106 434.818 86.8097 101 2 0.0654297 0 0.211874
107 435.076 85.8458 101 2 0.0732422 0 0.21371
108 1004.1 88.7891 101 3 0.078125 0 0.212043
109 435.076 89.6243 101 2 0.0576172 0 0.225247
110 435.149 89.0879 101 2 0.0751953 0 0.214455
111 435.117 88.53 101 2 0.0742188 0 0.213404
112 435.149 88.4669 101 2 0.0634766 0 0.216329
113 840.162 86.4252 101 3 0.0634766 0 0.216198
114 1006.68 90.272 101 3 0.0732422 0 0.215825
115 1010.21 89.9696 101 3 0.0791016 0 0.21797
116 435.117 87.024 101 2 0.0576172 0 0.218141
117 434.781 86.7809 101 2 0.0683594 0 0.212715
118 434.902 90.6281 101 2 0.0810547 0 0.218372
119 975.061 90.2403 101 3 0.0683594 0 0.219359
120 435.076 87.0983 101 2 0.0605469 0 0.212205
121 1001.24 87.5946 101 3 0.0625 0 0.214637
122 1004.1 90.0882 101 3 0.0810547 0 0.215804
123 435.127 86.6181 101 2 0.0742188 0 0.213522
124 1012.52 92.671 101 3 0.0830078 0 0.221786
125 433.384 89.4647 101 2 0.0693359 0 0.221162
126 1008.21 91.3037 101 3 0.0869141 0 0.219183
127 1761.43 92.9135 101 5 0.0742188 0 0.227566
128 1004.1 90.5149 101 3 0.0703125 0 0.221709
129 956.362 91.8527 101 3 0.0917969 0 0.218707
130 1005.85 91.6188 101 3 0.0966797 0 0.212566
131 435.127 91.4156 101 2 0.0693359 0 0.227622
132 435.151 90.0644 101 2 0.0751953 0 0.217304
133 1010.21 90.4921 101 3 0.0830078 0 0.215886
134 435 88.9747 101 2 0.0693359 0 0.220989
135 1811.47 92.853 101 4 0.0703125 0 0.220474
136 435.149 90.986 101 2 0.0693359 0 0.225478
137 435.053 89.1566 101 2 0.0654297 0 0.221542
138 435.151 89.8756 101 2 0.0732422 0 0.218461
139 434.954 89.9817 101 2 0.0761719 0 0.219271
140 977.944 90.7464 101 3 0.0830078 0 0.220675
141 435.076 86.5371 101 2 0.0703125 0 0.216052
142 435.053 91.5997 101 2 0.0869141 0 0.215945
143 946.193 89.164 101 3 0.0693359 0 0.223024
144 1010.21 91.3581 101 3 0.0830078 0 0.217906
145 1010.21 91.6591 101 3 0.0791016 0 0.226895
146 435.149 89.8844 101 2 0.0917969 0 0.215378
147 435.076 89.4922 101 2 0.0917969 0 0.214426
148 1010.21 91.8425 101 3 0.0966797 0 0.213883
149 1009.59 92.9779 101 3 0.0869141 0 0.214144
150 435.149 90.6067 101 2 0.0771484 0 0.22012
151 435.117 87.7159 101 2 0.0722656 0 0.212237
152 435.149 90.9704 101 2 0.0722656 0 0.225207
153 937.341 94.3276 101 3 0.0927734 0 0.221555
154 435 91.8044 101 2 0.0800781 0 0.221289
155 1002.23 91.8656 101 3 0.0888672 0 0.217499
156 1757.8 95.1289 101 4 0.0957031 0 0.223786
157 435.149 91.9455 101 2 0.0830078 0 0.22201
158 435.149 90.7414 101 2 0.0673828 0 0.224873
159 435.076 91.3363 101 2 0.0703125 0 0.227179
160 434.902 91.7135 101 2 0.0839844 0 0.228847
161 1003.18 93.9013 101 3 0.0751953 0 0.222636
162 986.145 91.6506 101 3 0.0898438 0 0.218827
163 1002.23 94.1896 101 3 0.0947266 0 0.220036
164 975.061 92.7442 101 3 0.0742188 0 0.224889
165 2545.44 98.6145 101 5 0.0976562 0 0.226479
166 1002.23 92.9691 101 3 0.0839844 0 0.223619
167 1009.59 93.3004 101 3 0.0810547 0 0.218692
168 435.151 93.4861 101 2 0.0888672 0 0.227062
169 991.21 93.2542 101 3 0.0878906 0 0.221522
170 935.531 92.7935 101 3 0.112305 0 0.221324
171 435.151 95.1786 101 2 0.09375 0 0.22439
172 1827.51 93.6558 101 4 0.0849609 0 0.231168
173 1001.24 94.6107 101 3 0.0820312 0 0.22846
174 435.053 90.4755 101 2 0.0917969 0 0.222643
175 1008.21 94.7403 101 3 0.0859375 0 0.223713
176 989.976 94.551 101 3 0.0830078 0 0.227169
177 1010.21 93.2724 101 3 0.0898438 0 0.225409
178 980.754 96.3536 101 3 0.105469 0 0.221356
179 435.117 93.0984 101 2 0.0693359 0 0.226593
180 1004.1 98.1208 101 3 0.110352 0 0.220926
181 435.076 94.5199 101 2 0.0878906 0 0.226096
182 998.128 95.3136 101 3 0.0947266 0 0.231001
183 967.552 91.6985 101 3 0.078125 0 0.217702
184 987.443 95.6917 101 3 0.0849609 0 0.226272
185 1001.24 93.5938 101 3 0.0878906 0 0.222354
186 435.053 92.898 101 2 0.0830078 0 0.221226
187 940.922 91.6503 101 3 0.09375 0 0.216715
188 1005.85 93.9211 101 3 0.09375 0 0.216345
189 435.151 94.2089 101 2 0.0966797 0 0.222574
190 762.291 91.8767 101 3 0.0888672 0 0.226633
191 984.827 91.2564 101 3 0.078125 0 0.223727
192 933.708 95.7469 101 3 0.104492 0 0.222609
193 998.128 97.5955 101 3 0.120117 0 0.21811
194 435.149 91.2766 101 2 0.09375 0 0.225333
195 972.108 95.7028 101 3 0.102539 0 0.220471
196 1010.21 97.7368 101 3 0.102539 0 0.225304
197 2401.49 99.8015 101 5 0.108398 0 0.225314
198 970.606 94.7074 101 3 0.0898438 0 0.221203
199 1005.85 93.4425 101 3 0.0927734 0 0.217163
200 1001.24 96.5793 101 3 0.118164 0 0.220225
201 1010.21 99.9412 101 3 0.126953 0 0.222422
202 772.467 96.7398 101 3 0.125977 0 0.220684
203 1811.47 99.0763 101 4 0.126953 0 0.222754
204 995.918 97.9483 101 3 0.131836 0 0.220278
205 1011.31 100.77 101 3 0.151367 0 0.220373
206 1815.68 99.8037 101 4 0.126953 0 0.226465
207 992.422 93.8546 101 3 0.108398 0 0.222226
208 435.127 97.7486 101 2 0.137695 0 0.223441
209 994.777 97.5985 101 3 0.140625 0 0.219132
210 847.024 93.9558 101 3 0.125977 0 0.219325
211 1752.35 100.447 101 4 0.134766 0 0.221008
212 1001.24 101.365 101 3 0.167969 0 0.212076
213 1735.52 100.775 101 4 0.15625 0 0.213621
214 1746.82 96.2862 101 4 0.132812 0 0.214102
215 977.944 100.387 101 3 0.160156 0 0.223835
216 1004.1 100.164 101 3 0.154297 0 0.224106
217 1011.78 103.811 101 3 0.173828 0 0.214908
218 1749.6 101.036 101 4 0.164062 0 0.216084
219 1802.66 107.032 101 4 0.179688 0 0.224305
220 10262.5 113.932 101 9 0.189453 0 0.216308
221 1011.78 107.678 101 3 0.203125 0 0.216547
222 1813.59 111.8 101 4 0.22168 0 0.2187
223 2288.23 114.752 101 5 0.234375 0 0.216434
224 1800.39 106.241 101 4 0.207031 0 0.223529
225 1768.44 112.113 101 4 0.254883 0 0.214038
226 1705.93 116.037 101 4 0.256836 0 0.216793
227 1621.26 106.913 101 4 0.239258 0 0.223778
228 1802.66 117.588 101 4 0.298828 0 0.211025
229 4239.12 122.487 101 6 0.291016 0 0.208768
230 2834.58 125.956 101 5 0.330078 0 0.202783
231 2600.81 121.758 101 5 0.338867 0 0.202013
232 2762.17 120.318 101 5 0.338867 0 0.195168
233 2823.1 123.879 101 5 0.373047 0 0.200694
234 1874.03 118.647 101 5 0.345703 0 0.189349
235 1755.09 133.492 101 4 0.399414 0 0.188297
236 2778.96 126.739 101 5 0.375977 0 0.193746
237 1783.71 123.482 101 4 0.407227 0 0.184444
238 3938.03 132.546 101 6 0.422852 0 0.187162
239 1791.02 126.632 101 4 0.40332 0 0.181274
240 2791.31 128.266 101 5 0.423828 0 0.183378
241 2223.75 136.353 101 5 0.472656 0 0.176828
242 1793.4 126.682 101 4 0.453125 0 0.17386
243 2766.4 135.506 101 5 0.457031 0 0.175038
244 4140.23 138.939 101 6 0.46582 0 0.180667
245 5737.72 149.045 101 7 0.50293 0 0.176232
246 2766.4 137.919 101 5 0.50293 0 0.178404
247 2921.69 151.902 101 5 0.543945 0 0.169961
248 5688.91 167.436 101 7 0.580078 0 0.166205
249 5470.78 167.667 101 7 0.614258 0 0.162556
250 3644.42 161.139 101 6 0.597656 0 0.162133
251 7275.83 186.167 101 8 0.65625 0 0.162549
252 2877.78 161.332 101 5 0.618164 0 0.161515
253 3782.6 185.469 101 6 0.717773 0 0.151847
254 7839.51 215.985 101 8 0.746094 0 0.160661
255 8746.92 205.184 101 9 0.742188 0 0.158365
256 7363.33 237.818 105.663 8 0.849609 1 0.160312
257 19899.7 256.609 108.709 12 0.884766 1 0.150674
258 11250.8 289.966 108.13 10 0.930664 1 0.15447
259 9034.58 294.498 110.371 9 0.978516 1 0.155142
260 9072.88 279.654 110.371 9 0.962891 1 0.156108
261 11753.3 313.185 115.282 10 1.04785 1 0.16137
262 558513 876.326 116.17 19 1.11035 1 0.164965
263 26766.3 578.529 123.746 13 1.47266 1 0.174447
264 21132.8 595.682 126.526 13 1.5459 1 0.181885
265 294190 919.14 127.099 18 1.61816 1 0.179269
266 158324 849.467 136.624 17 1.69824 1 0.192947
267 56776.2 823.058 137.037 15 1.81055 1 0.19036
268 19822.7 793.024 139.059 12 1.90137 1 0.199996
269 297757 1343.2 139.648 18 1.94336 1 0.194046
270 559388 1654.16 380.891 19 2.06152 2 0.207768
271 2.14129e+06 3152.23 370.936 21 2.07324 2 0.195455
272 294032 2067.71 399.84 18 2.32422 2 0.215179
273 93454.4 1580.07 409.336 16 2.44336 2 0.216319
274 565935 1739.36 368.878 19 2.12109 2 0.193979
275 561306 2620.96 399.003 19 2.30664 2 0.208581
276 92963.1 1644.22 409.336 16 2.33789 2 0.216264
277 562504 2297.98 412.972 19 2.49219 2 0.212853
278 93696.6 1685.95 392.062 16 2.4043 2 0.205706
279 163181 1678.37 418.362 17 2.4668 2 0.203864
280 89355 1543.63 410.814 16 2.3877 2 0.199027
281 57250.2 1819.86 423.737 15 2.77148 2 0.217091
282 4.24781e+06 6170.93 422.61 22 2.75098 2 0.233154
283 293513 2102.26 417.066 18 2.65527 2 0.225052
284 162984 2014.9 412.972 17 2.61914 2 0.21661
285 1.09128e+06 3199.58 416.405 20 2.71973 2 0.227622
286 566594 3629.21 415.057 19 2.7959 2 0.242172
287 297466 3062.55 427.354 18 2.99316 2 0.225363
288 159214 2295.44 429.175 17 2.88965 2 0.222262
289 560970 3914.15 425.352 19 3.07324 2 0.247614
290 562095 3295.05 430.799 19 3.09473 2 0.24997
291 8.44603e+06 11122.5 432.209 23 3.19043 2 0.230913
292 4.24397e+06 15462.6 918.682 22 4.20898 3 0.291671
293 4.24607e+06 12811.6 947.923 22 4.51562 3 0.296455
294 8.44812e+06 21134.5 920.602 23 4.1377 3 0.288376
295 1.6836e+07 45632.3 931.873 24 4.41211 3 0.286992
296 3.36185e+07 60124.2 1362.83 25 4.83691 4 0.319827
297 8.4443e+06 34206.7 976.512 23 4.81934 3 0.304699
298 6.71757e+07 110153 967.552 26 4.91797 3 0.321004
299 1.68378e+07 71700.9 986.145 24 5.12891 3 0.321428
300 8.43834e+06 28619.8 993.611 23 5.01074 3 0.320942
301 3.36234e+07 71979.7 947.923 25 4.79395 3 0.325007
302 6.71797e+07 165900 989.976 26 5.03711 3 0.334862
303 1.34273e+08 260933 973.593 27 4.9834 3 0.374423
304 6.71752e+07 131774 975.061 26 5.13086 3 0.338245
305 3.36237e+07 87780.2 975.061 25 4.93262 3 0.319347
306 1.68305e+07 46124.7 989.976 24 4.95703 3 0.322945
307 1.68324e+07 89179.3 1582.48 24 5.35938 4 0.345937
308 6.71693e+07 160527 1549.59 26 5.35352 4 0.356415
309 3.36169e+07 103841 1527.11 25 5.12012 4 0.350732
310 6.71731e+07 159495 1227.69 26 5.1709 4 0.357231
311 1.68416e+07 114934 1232.18 24 5.21582 4 0.350966
312 2.68514e+08 357230 979.358 28 4.87012 3 0.330325
313 8.44381e+06 58912.4 954.703 23 4.74316 3 0.345916
314 3.36168e+07 110402 1379.62 25 5.22754 4 0.372083
315 6.71628e+07 115069 1350.13 26 5.14355 4 0.3614
316 1.34292e+08 283850 1272.22 27 5.3125 4 0.372573
317 2.68514e+08 494143 1285.41 28 5.31836 4 0.371711
318 3.36086e+07 89729.1 973.593 25 5.12402 3 0.368786
319 6.71695e+07 197578 912.851 26 4.76465 3 0.352369
320 6.7184e+07 196780 954.703 26 4.99609 3 0.369737
321 3.36155e+07 254434 967.552 25 5.15039 3 0.369218
322 3.3606e+07 167012 972.108 25 5.03223 3 0.358024
323 1.3429e+08 433848 966 27 5.36328 3 0.359714
324 2.6851e+08 559346 998.128 28 5.38574 3 0.374753
325 5.36952e+08 852803 1159.3 29 5.3916 4 0.408112
326 6.71849e+07 365917 1575.26 26 5.48242 4 0.377566
327 1.07383e+09 1.24084e+06 1542.14 30 5.60449 4 0.401148
328 2.14757e+09 2.7966e+06 1556.99 31 5.95703 4 0.427431
329 1.34284e+08 247587 977.944 27 5.37988 3 0.389678
330 1.34284e+08 298745 1457.18 27 5.47656 4 0.381626
331 5.36959e+08 1.33011e+06 964.432 29 5.30371 3 0.378366
332 8.59004e+09 9.26151e+06 983.489 33 5.37305 3 0.390272
333 2.68523e+08 920628 1571.63 28 5.77246 4 0.38925
334 5.36963e+08 1.70983e+06 1571.63 29 5.90527 4 0.410459
335 2.14758e+09 3.21598e+06 1289.79 31 5.49902 4 0.398108
336 1.07384e+09 1.95165e+06 1324.49 30 5.50684 4 0.393808
337 2.68522e+08 947353 949.639 28 5.03613 3 0.387884
338 5.3695e+08 1.58346e+06 980.754 29 5.66113 3 0.41545
339 2.14759e+09 3.03256e+06 949.639 31 5.41406 3 0.39161
340 2.68512e+08 1.9182e+06 1553.29 28 5.99805 4 0.441163
341 2.14757e+09 5.46914e+06 1593.22 31 6.34277 4 0.446415
342 2.68515e+08 1.57208e+06 1571.63 28 6.31641 4 0.456506
343 2.68514e+08 1.23502e+06 1560.66 28 6.03125 4 0.454409
344 8.59003e+09 1.04501e+07 1658.35 33 6.2793 4 0.424382
345 2.14758e+09 5.06277e+06 1773.62 31 6.76855 4 0.475651
346 2.14758e+09 3.76567e+06 1641.71 31 6.10449 4 0.436643
347 5.36961e+08 2.61109e+06 1578.88 29 6.13379 4 0.443471
348 2.68514e+08 1.11381e+06 1600.31 28 5.96582 4 0.455534
349 1.34289e+08 455801 1294.16 27 5.41406 4 0.391907
350 1.07382e+09 2.65281e+06 1511.89 30 5.6123 4 0.425845
351 2.68516e+08 998269 1488.71 28 5.70605 4 0.415889
352 1.07383e+09 2.80908e+06 1412.72 30 5.77246 4 0.398562
353 2.68525e+08 790806 1556.99 28 5.61035 4 0.406091
354 5.36953e+08 962643 1519.52 29 5.44043 4 0.378895
355 5.36957e+08 1.2744e+06 966 29 5.11328 3 0.401551
356 1.07383e+09 3.4507e+06 983.489 30 5.32129 3 0.376618
357 1.07384e+09 2.54009e+06 951.342 30 5.05664 3 0.348099
358 4.29507e+09 5.13498e+06 953.029 32 5.04785 3 0.401826
359 6.71647e+07 274633 947.923 26 4.91699 3 0.375928
360 2.14758e+09 3.85641e+06 969.087 31 5.24609 3 0.378062
361 1.07383e+09 2.71984e+06 1614.33 30 5.75488 4 0.438097
362 2.68511e+08 1.03091e+06 979.358 28 5.38379 3 0.388251
363 5.36959e+08 2.14913e+06 1624.7 29 5.90332 4 0.410195
364 2.14756e+09 3.87808e+06 1545.87 31 5.66797 4 0.419296
365 2.14758e+09 2.78134e+06 1542.14 31 5.50977 4 0.434909
366 4.29507e+09 8.08456e+06 1690.48 32 6.36035 4 0.447398
367 1.07383e+09 2.65819e+06 1687.34 30 5.85645 4 0.422071
368 4.29506e+09 6.48045e+06 1549.16 32 5.88281 5 0.442735
369 1.07383e+09 3.71148e+06 1661.63 30 5.97363 4 0.473988
370 1.07382e+09 1.79476e+06 1571.63 30 5.87305 4 0.487935
371 5.36966e+08 1.3254e+06 956.362 29 5.22656 3 0.435969
372 5.36937e+08 2.07226e+06 986.145 29 5.67383 3 0.475339
373 4.29508e+09 1.1982e+07 1328.79 32 5.88184 4 0.462075
374 2.14758e+09 4.34838e+06 1610.84 31 6.05469 4 0.487994
375 1.07382e+09 2.65336e+06 1651.74 30 5.91699 4 0.454487
376 1.07384e+09 2.78694e+06 2163.86 30 6.81641 5 0.499185
377 1.07384e+09 3.58266e+06 1735.52 30 6.47852 4 0.479027
378 2.14758e+09 5.55715e+06 1708.97 31 6.43555 4 0.478576
379 5.36956e+08 3.41256e+06 2090.46 29 6.66992 5 0.506413
380 5.3694e+08 2.77771e+06 2175.93 29 6.58105 5 0.489946
381 5.36942e+08 1.98009e+06 1677.82 29 6.01855 4 0.439073
382 1.07384e+09 2.59676e+06 1763.17 30 6.48242 4 0.464549
383 1.718e+10 2.56568e+07 2015.47 34 6.3291 5 0.458864
384 8.59006e+09 1.26539e+07 2229.67 33 6.83105 5 0.497101
385 5.36962e+08 1.64691e+06 2247.37 29 6.78906 5 0.498364
386 2.14758e+09 3.27528e+06 2503.93 31 6.97949 5 0.515727
387 1.07382e+09 3.26289e+06 3035.7 30 7.12891 6 0.517294
388 4.29508e+09 5.78795e+06 2778.96 32 7.14648 5 0.50535
389 8.59005e+09 2.3095e+07 3133.88 33 7.52637 6 0.53442
390 1.718e+10 2.82054e+07 2634.97 34 6.85645 5 0.492004
391 1.07384e+09 3.03164e+06 2580.91 30 6.97852 5 0.525204
392 2.14758e+09 4.59849e+06 3238.09 31 7.44922 6 0.536505
393 1.07384e+09 7.6841e+06 2952.47 30 7.56348 6 0.549893
394 2.14758e+09 1.02731e+07 2456.06 31 7.38379 5 0.580828
395 8.59004e+09 1.6807e+07 2718.6 33 7.35742 5 0.57244
396 4.29507e+09 1.0074e+07 3476.9 32 7.81348 6 0.526009
397 2.68519e+08 2.40636e+06 3550.8 28 7.60059 6 0.514678
398 2.14758e+09 4.67908e+06 3109.51 31 7.34082 6 0.535479
399 4.29507e+09 9.40399e+06 3528.8 32 7.83984 6 0.531854
400 2.14756e+09 4.46357e+06 2696.01 31 7.67383 5 0.524734
401 1.07384e+09 4.71848e+06 2787.22 30 7.5918 5 0.521489
402 4.29507e+09 1.67946e+07 2493.4 32 7.25977 5 0.496642
403 5.36952e+08 2.4702e+06 2766.4 29 7.31641 5 0.496836
404 5.36954e+08 3.84333e+06 3868.3 29 7.91992 6 0.509265
405 1.07383e+09 6.44726e+06 3253.92 30 8.02539 6 0.505019
406 2.14759e+09 7.38118e+06 3762.35 31 7.94141 6 0.501319
407 5.36965e+08 3.67426e+06 3762.88 29 7.95215 7 0.512681
408 2.14758e+09 5.73991e+06 4733.69 31 8.11719 8 0.514831
409 8.59003e+09 1.91051e+07 3887.57 33 8.08594 6 0.522706
410 2.14759e+09 1.70993e+07 4823.15 31 8.50098 7 0.553565
411 1.718e+10 4.376e+07 3809.33 34 8.32324 6 0.575201
412 6.87196e+10 9.28849e+07 3714.43 36 8.11914 6 0.533421
413 3.43599e+10 5.26833e+07 3401.42 35 8.21387 6 0.549999
414 3.43599e+10 5.09458e+07 3644.42 35 8.30078 6 0.549391
415 4.29506e+09 1.76313e+07 4636.89 32 8.81543 8 0.545173
416 8.59004e+09 2.54162e+07 4034.34 33 8.63379 7 0.54872
417 1.718e+10 5.40138e+07 5027.38 34 8.79883 7 0.566655
418 1.718e+10 7.44955e+07 3822.58 34 8.30566 6 0.528302
419 1.37439e+11 1.58662e+08 3324.44 37 7.87598 6 0.521405
420 3.43598e+10 6.07247e+07 3962.71 35 8.28711 6 0.521993
421 3.43599e+10 4.43039e+07 4620.2 35 8.4873 7 0.517233
422 1.718e+10 5.9066e+07 5365.98 34 8.97559 8 0.580867
423 1.718e+10 1.13453e+08 4369.23 34 8.61426 7 0.571893
424 2.74878e+11 3.54732e+08 3735.08 38 7.96582 6 0.538557
425 6.87196e+10 8.22175e+07 4510.98 36 8.32715 7 0.515687
426 8.59003e+09 3.89102e+07 5340.83 33 9.04199 7 0.572078
427 1.37439e+11 2.0913e+08 5126.03 37 8.65039 7 0.55422
428 3.43599e+10 1.26487e+08 4338.46 35 8.46973 7 0.544037
429 3.43598e+10 1.24434e+08 4678.94 35 8.67871 7 0.552316
430 3.43599e+10 8.87899e+07 5134.88 35 8.72656 7 0.531845
431 1.718e+10 6.84296e+07 4560.86 34 8.43652 7 0.520573
432 3.43599e+10 8.88353e+07 4560.86 35 8.38086 7 0.519712
433 2.74878e+11 3.23123e+08 4255.78 38 8.25488 7 0.510619
434 3.43599e+10 1.02347e+08 4785.07 35 8.66797 7 0.551499
435 3.43598e+10 1.06229e+08 4328.18 35 8.58105 7 0.52644
436 3.43598e+10 1.31536e+08 4182.66 35 8.86816 7 0.542094
437 1.37439e+11 2.13901e+08 4963.37 37 9.21875 7 0.583756
438 5.49756e+11 6.56666e+08 5815.39 39 9.44043 8 0.587792
439 1.37439e+11 3.59383e+08 6444.93 37 9.69824 8 0.626743
440 6.87196e+10 1.5159e+08 6639.71 36 9.59961 8 0.606805
441 1.718e+10 7.09549e+07 6351.29 34 9.67285 8 0.622204
442 1.718e+10 5.86197e+07 6038.74 34 9.56543 8 0.587992
443 3.43598e+10 1.05041e+08 5273.59 35 9.18555 7 0.587511
444 3.43599e+10 9.93951e+07 5273.59 35 9.37695 7 0.57777
445 1.37439e+11 2.91193e+08 4051.83 37 8.86328 6 0.55847
446 2.74878e+11 5.77706e+08 4954.15 38 9.21191 7 0.597193
447 2.74878e+11 3.94142e+08 4746.72 38 9.0957 7 0.615422
448 6.87196e+10 2.22981e+08 5298.97 36 9.03809 7 0.600232
449 6.87196e+10 2.00252e+08 6718.19 36 9.52246 8 0.612343
450 1.37439e+11 1.73268e+08 5573.82 37 9.05176 8 0.586167
451 3.43599e+10 1.20546e+08 6560.21 35 9.21875 8 0.57741
452 4.29507e+09 2.51913e+07 5510.07 32 9.15332 7 0.593868
453 1.37439e+11 1.52801e+08 6087.62 37 8.90039 8 0.598889
454 3.43599e+10 8.10244e+07 6828.47 35 9.31055 8 0.570009
455 1.09951e+12 1.25414e+09 8066.97 40 9.81836 9 0.642652
456 1.718e+10 1.58839e+08 7247.41 34 9.70703 9 0.636557
457 2.74878e+11 5.50649e+08 7521.66 38 9.74316 9 0.643612
458 6.87196e+10 1.14512e+08 5573.82 36 9.18848 8 0.615518
459 6.87196e+10 2.37836e+08 5265.08 36 9.15918 7 0.605913
460 6.87196e+10 2.19451e+08 5502.26 36 9.2041 7 0.592185
461 2.74878e+11 3.7868e+08 5187.53 38 9.12402 7 0.609681
462 1.37439e+11 2.24456e+08 5213.58 37 9.09766 7 0.623749
463 3.43599e+10 1.74743e+08 4879.73 35 8.5957 7 0.606579
464 6.87196e+10 1.81712e+08 4490.91 36 8.47949 7 0.567357
465 3.43599e+10 1.42002e+08 4570.79 35 8.43652 7 0.58333
466 6.87196e+10 1.57517e+08 6433.29 36 8.97852 8 0.601456
467 2.74878e+11 3.25865e+08 5373.9 38 8.97363 7 0.570878
468 6.87196e+10 1.67631e+08 3615.92 36 8.30664 6 0.592257
469 6.87196e+10 1.36879e+08 3469.42 36 8.18652 6 0.576484
470 6.87196e+10 2.49036e+08 5663.49 36 9.32031 8 0.589563
471 1.718e+10 9.78233e+07 4450.6 34 8.74023 7 0.586953
472 6.87196e+10 2.91499e+08 4926.38 36 9.1543 7 0.565144
473 6.87196e+10 2.36394e+08 5298.97 36 9.26855 7 0.586248
474 6.87196e+10 2.89749e+08 5365.67 36 9.19336 7 0.583819
475 6.87196e+10 1.82703e+08 5060.5 36 8.96094 8 0.566249
476 6.87196e+10 1.67394e+08 6795.62 36 9.55078 8 0.562766
477 3.43599e+10 1.51098e+08 6967.64 35 9.53223 9 0.624688
478 6.87196e+10 2.83199e+08 5236.4 36 9.18945 9 0.571877
479 6.87196e+10 1.79701e+08 5623.83 36 9.48047 7 0.580572
480 8.59004e+09 4.48115e+07 6873.19 33 9.44238 9 0.567138
481 6.87196e+10 1.50863e+08 7014.64 36 9.61719 9 0.584792
482 3.43599e+10 1.40825e+08 6979.09 35 9.77148 8 0.583417
483 1.718e+10 8.10506e+07 6888.97 34 9.78613 9 0.578907
484 1.37439e+11 3.69616e+08 6740.42 37 9.77148 8 0.579008
485 6.87196e+10 2.2027e+08 5765.02 36 9.30664 8 0.579835
486 3.43599e+10 1.6949e+08 4530.98 35 9.15918 7 0.560689
487 2.74878e+11 4.7951e+08 5827.94 38 9.45508 8 0.549652
488 6.87196e+10 2.37226e+08 7275.83 36 10.0098 8 0.597321
489 3.43599e+10 1.00227e+08 6374.81 35 9.90039 8 0.585442
490 3.43599e+10 2.25939e+08 7247.41 35 9.71191 9 0.576533
491 3.43599e+10 2.39641e+08 5890.45 35 10.1279 8 0.589306
492 1.37439e+11 3.16688e+08 6809.91 37 10.0498 9 0.587824
493 3.43599e+10 2.07754e+08 7305.25 35 10.043 8 0.632943
494 2.74878e+11 3.88637e+08 6662.24 38 9.77539 8 0.626365
495 6.87196e+10 3.33228e+08 9047.37 36 10.5508 9 0.641924
496 2.74878e+11 7.71588e+08 8786.83 38 10.7266 9 0.625572
497 2.74878e+11 7.88167e+08 11826.8 38 11.4326 10 0.659724
498 6.87196e+10 4.20822e+08 9212.44 36 10.9062 10 0.664619
499 3.43599e+10 1.45127e+08 10218.1 35 10.7568 10 0.625145
500 3.43599e+10 1.75023e+08 9674.36 35 10.8369 9 0.623586
501 1.37439e+11 4.73643e+08 8598.81 37 10.5713 9 0.638827
502 1.37439e+11 3.76777e+08 10965 37 10.9951 10 0.646086
503 1.37439e+11 3.51592e+08 10421.6 37 10.9971 10 0.657413
504 1.37439e+11 1.86147e+08 11682 37 10.6338 11 0.619445
505 6.87196e+10 2.57638e+08 12057.2 36 10.8906 10 0.599439
506 2.74878e+11 4.07944e+08 11812.1 38 10.876 10 0.585439
507 5.49756e+11 1.55143e+09 12779.5 39 11.5459 11 0.612243
508 6.87196e+10 6.84292e+08 12556.3 36 11.8584 11 0.641449
509 2.74878e+11 1.20014e+09 14340.2 38 12.0586 11 0.658072
510 5.49756e+11 1.35779e+09 14266.8 39 12.3564 11 0.67034
511 6.87196e+10 5.70263e+08 13818 36 12.0693 11 0.678418
512 2.74878e+11 8.67072e+08 11708.8 38 11.6016 10 0.654462
513 2.74878e+11 9.75916e+08 10303.2 38 11.3643 10 0.641359
514 1.37439e+11 8.43303e+08 11344.3 37 11.5127 10 0.678444
515 2.74878e+11 4.40382e+08 10721 38 11.3887 10 0.646482
516 1.37439e+11 8.50397e+08 11467.5 37 11.7188 10 0.656833
517 1.37439e+11 9.03948e+08 12900.1 37 12.2344 11 0.685699
518 5.49756e+11 1.65374e+09 11235.1 39 11.709 10 0.693353
519 2.74878e+11 1.33152e+09 11282 38 11.8965 10 0.675189
520 1.37439e+11 8.78455e+08 10488.7 37 11.5576 10 0.675198
521 1.37439e+11 8.39092e+08 13039.9 37 12.1221 11 0.665019
522 5.49756e+11 1.40444e+09 11573.9 39 12.0615 10 0.683328
523 2.19902e+12 3.08901e+09 12127.6 41 12.0508 10 0.690918
524 2.74878e+11 1.06943e+09 9248.76 38 11.4609 10 0.653407
525 6.87196e+10 9.17791e+08 10605.4 36 11.8398 10 0.679048
526 2.74878e+11 8.91066e+08 11029.2 38 11.9258 10 0.664396
527 2.19902e+12 3.89446e+09 10183.9 41 11.7227 10 0.656904
528 2.19902e+12 3.23221e+09 13020 41 12.3301 11 0.694969
529 5.49756e+11 1.93981e+09 16749.8 39 12.9521 12 0.732654
530 1.09951e+12 2.98714e+09 15616.4 40 13.3105 11 0.719407
531 5.49756e+11 1.62759e+09 18160.4 39 13.7637 12 0.736484
532 1.09951e+12 3.9428e+09 14137.4 40 13.248 11 0.724651
533 1.09951e+12 3.28305e+09 16842.1 40 13.4326 12 0.712774
534 1.09951e+12 2.62379e+09 19880.5 40 14.0879 12 0.747684
535 2.74878e+11 2.35641e+09 13912.7 38 13.1045 11 0.759588
536 2.74878e+11 1.60691e+09 14321.9 38 13.0029 11 0.755862
537 1.09951e+12 3.36001e+09 16094.3 40 13.6523 12 0.747866
538 2.19902e+12 4.15065e+09 16353.8 41 13.7598 12 0.766558
539 2.74878e+11 1.75326e+09 18693.1 38 14.2295 12 0.774277
540 2.74878e+11 1.59094e+09 15648.5 38 13.752 11 0.751544
541 4.39805e+12 7.72558e+09 15254.3 42 13.7725 11 0.78094
542 1.09951e+12 2.79602e+09 10472 40 12.4307 10 0.709113
543 5.49756e+11 3.18109e+09 15203.7 39 13.5293 11 0.725374
544 5.49756e+11 2.25216e+09 15900.4 39 13.8945 11 0.734084
545 5.49756e+11 1.96901e+09 15759.9 39 13.7871 11 0.763063
546 2.74878e+11 2.92604e+09 22934.1 38 14.2783 13 0.734947
547 2.19902e+12 4.64053e+09 18963.5 41 14.1543 12 0.78085
548 2.19902e+12 4.91076e+09 19025.2 41 14.1387 12 0.75697
549 2.74878e+11 2.60201e+09 22246.6 38 14.4229 13 0.775459
550 1.09951e+12 3.29718e+09 18418.1 40 14.0146 12 0.782165
551 5.49756e+11 2.04379e+09 17048.4 39 13.6387 12 0.740506
552 5.49756e+11 3.19667e+09 17230.3 39 13.5557 12 0.723905
553 1.09951e+12 4.47613e+09 17611.9 40 13.8389 12 0.76445
554 2.74878e+11 1.43504e+09 17320.7 38 13.4512 12 0.739991
555 5.49756e+11 2.80427e+09 15118.7 39 13.6914 11 0.778935
556 2.74878e+11 1.51315e+09 12433.5 38 12.8623 11 0.732912
557 1.09951e+12 2.2688e+09 14629.5 40 13.252 11 0.742117
558 1.37439e+11 7.36289e+08 14575.8 37 13.2207 11 0.740304
559 2.74878e+11 1.59728e+09 15880.1 38 13.292 12 0.79528
560 1.37439e+11 7.35123e+08 19469.9 37 13.8506 12 0.773072
561 5.49756e+11 2.14368e+09 24827.9 39 14.3027 13 0.78655
562 1.09951e+12 3.74723e+09 14044.2 40 13.2881 11 0.75999
563 2.74878e+11 1.03375e+09 18860 38 13.8877 12 0.782236
564 1.37439e+11 1.00843e+09 14806.8 37 13.2129 11 0.715051
565 2.74878e+11 1.77705e+09 16956.9 38 13.7295 12 0.74017
566 2.19902e+12 3.68582e+09 19450 41 13.8408 12 0.769791
567 5.49756e+11 1.69799e+09 17656.3 39 13.4209 12 0.719308
568 4.39805e+12 7.97181e+09 14736.2 42 13.2344 11 0.744636
569 5.49756e+11 2.86016e+09 19976.2 39 14.4619 12 0.773595
570 1.09951e+12 6.09918e+09 26939.2 40 14.9639 13 0.838616
571 1.09951e+12 4.61643e+09 36027 40 15.2354 14 0.829662
572 2.74878e+11 4.00817e+09 34650.9 38 15.1514 14 0.800599
573 1.09951e+12 4.76359e+09 25661.3 40 14.9248 13 0.818311
574 1.09951e+12 9.03778e+09 25473.9 40 14.8691 13 0.826889
575 4.39805e+12 1.27364e+10 34081.9 42 15.6143 14 0.875988
576 2.19902e+12 9.40326e+09 24852.2 41 14.8857 13 0.838015
577 1.09951e+12 1.12884e+10 38550.7 40 16.2061 14 0.875598
578 1.09951e+12 6.2567e+09 26613.2 40 15.0283 13 0.836614
579 2.19902e+12 1.62558e+10 19370.1 41 14.7695 12 0.829226
580 4.39805e+12 1.85454e+10 36240.6 42 15.5029 14 0.847922
581 2.19902e+12 9.31631e+09 25332.1 41 15.0625 13 0.857039
582 2.19902e+12 1.01883e+10 26076 41 14.7031 13 0.832156
583 1.09951e+12 9.4334e+09 19289.7 40 14.5391 12 0.80267
584 8.79609e+12 1.46204e+10 26502.8 43 14.7334 13 0.809999
585 1.09951e+12 4.82057e+09 11956.3 40 13.1523 11 0.749897
586 2.74878e+11 3.50427e+09 13079.7 38 13.0518 11 0.746915
587 1.09951e+12 5.87042e+09 23246.3 40 14.4434 13 0.788532
588 4.39805e+12 1.00481e+10 19450 42 14.2324 12 0.809842
589 1.09951e+12 6.49334e+09 19450 40 14.2002 12 0.79729
590 1.09951e+12 6.74569e+09 26613.2 40 14.8721 13 0.833782
591 1.09951e+12 1.15871e+10 35865.5 40 15.4336 14 0.828339
592 1.09951e+12 6.30256e+09 19529.4 40 14.542 12 0.805248
593 2.19902e+12 1.44775e+10 57332.8 41 16.0283 15 0.878937
594 4.39805e+12 1.61253e+10 32556.8 42 15.3828 14 0.860229
595 2.19902e+12 2.00248e+10 24509.8 41 14.7988 13 0.795836
596 4.39805e+12 2.80906e+10 34396.1 42 15.2607 14 0.823908
597 8.79609e+12 1.98813e+10 19269.5 43 14.5557 12 0.784198
598 1.75922e+13 3.19692e+10 14340.2 44 13.9688 11 0.80466
599 4.39805e+12 2.04106e+10 26144.2 42 15.167 13 0.826884
600 2.19902e+12 1.88335e+10 26436.2 41 15.4893 13 0.852859
601 1.09951e+12 1.60358e+10 34253.6 40 15.5859 14 0.880095
602 1.09951e+12 1.15327e+10 18138.8 40 14.5811 12 0.837672
603 4.39805e+12 1.86512e+10 32556.8 42 15.4766 14 0.844769
604 4.39805e+12 2.65772e+10 25823.7 42 15.0762 13 0.842413
605 1.09951e+12 1.20682e+10 18587.9 40 14.3291 12 0.828198
606 2.19902e+12 1.59894e+10 20405.2 41 14.4932 12 0.79336
607 4.39805e+12 1.66126e+10 36107.3 42 15.543 14 0.84941
608 1.09951e+12 1.56189e+10 25800.6 40 15.4648 13 0.851292
609 1.09951e+12 1.33448e+10 33032.8 40 15.6318 14 0.889124
610 2.19902e+12 1.69258e+10 24087.1 41 15.0234 13 0.848725
611 2.19902e+12 1.88021e+10 25777.5 41 15.2344 13 0.859144
612 2.19902e+12 1.88732e+10 38024.8 41 16.0684 14 0.906014
613 8.79609e+12 3.1483e+10 24087.1 43 15.1797 13 0.870838
614 4.39805e+12 2.93445e+10 19880.5 42 14.8691 12 0.850241
615 4.39805e+12 2.89761e+10 15543.7 42 14.0732 12 0.806119
616 1.09951e+12 1.65338e+10 19489.7 40 14.667 12 0.824262
617 8.79609e+12 2.85308e+10 18439.5 43 14.6328 12 0.835136
618 4.39805e+12 1.73932e+10 24632.7 42 14.9951 13 0.824708
619 4.39805e+12 2.593e+10 25355.8 42 15.1904 13 0.839863
620 4.39805e+12 2.19497e+10 26591.2 42 14.7646 13 0.810264
621 1.09951e+12 1.7001e+10 53487.5 40 15.915 15 0.886761
622 1.09951e+12 1.41047e+10 16772.9 40 14.627 12 0.819885
623 2.19902e+12 1.59703e+10 20165 41 14.627 12 0.82923
624 8.79609e+12 2.79352e+10 15470.2 43 14.0264 11 0.811358
625 8.79609e+12 2.84192e+10 19861.3 43 14.6836 12 0.843381
626 4.39805e+12 2.83245e+10 23911 42 15.3291 13 0.838697
627 4.39805e+12 2.60965e+10 18008.4 42 14.7393 12 0.823508
628 1.40737e+14 1.66475e+11 19208.8 47 14.7646 12 0.837175
629 8.79609e+12 4.47383e+10 26657.1 43 15.6035 13 0.860333
630 2.19902e+12 3.08991e+10 26257.2 41 15.3789 13 0.853701
631 8.79609e+12 3.31527e+10 18942.9 43 14.6562 12 0.857341
632 4.39805e+12 3.09275e+10 17365.7 42 14.873 12 0.876798
633 4.39805e+12 2.76852e+10 23784.4 42 15.1328 13 0.86652
634 8.79609e+12 3.58941e+10 15775.6 43 14.3037 11 0.820242
635 2.19902e+12 2.98693e+10 18051.9 41 14.8506 12 0.87966
636 4.39805e+12 2.80135e+10 15169.8 42 14.4561 11 0.814707
637 4.39805e+12 2.22238e+10 12900.1 42 13.9688 11 0.821109
638 2.19902e+12 1.75939e+10 16283.3 41 14.5537 12 0.815151
639 8.79609e+12 2.94721e+10 15759.9 43 14.376 11 0.810452
640 2.19902e+12 1.50907e+10 18073.7 41 14.3086 12 0.833535
641 8.79609e+12 3.16419e+10 22406.6 43 14.7256 13 0.827026
642 1.75922e+13 5.65873e+10 15470.2 44 14.2109 11 0.792847
643 8.79609e+12 3.97376e+10 13588.4 43 14.0332 11 0.868872
644 4.39805e+12 3.89431e+10 14629.5 42 14.4062 11 0.824746
645 1.75922e+13 4.07594e+10 15101.6 44 14.415 11 0.799815
646 4.39805e+12 4.44181e+10 18672.1 42 15.2607 12 0.866895
647 8.79609e+12 2.57401e+10 15404.3 43 14.7129 11 0.84242
648 8.79609e+12 4.63222e+10 16842.1 43 14.4902 12 0.905711
649 4.39805e+12 3.18029e+10 16587.5 42 14.3438 12 0.82486
650 8.79609e+12 3.34312e+10 18332.6 43 15.124 12 0.857265
651 4.39805e+12 3.2154e+10 34735.3 42 15.3604 14 0.885574
652 8.79609e+12 4.81492e+10 24287 43 15.4395 13 0.888142
653 8.79609e+12 3.45698e+10 22059 43 15.1016 13 0.865612
654 1.75922e+13 6.0737e+10 25614.6 44 15.3174 13 0.872464
655 2.19902e+12 2.70107e+10 15784.4 41 14.542 12 0.835215
656 4.39805e+12 3.59535e+10 17545 42 14.4941 12 0.838262
657 8.79609e+12 3.25929e+10 23529.5 43 15.1963 13 0.862542
658 8.79609e+12 4.24489e+10 25165.4 43 15.3604 13 0.911589
659 2.19902e+12 2.76773e+10 26809.7 41 15.584 13 0.897979
660 3.51844e+13 6.2912e+10 20052.1 45 14.8789 12 0.893017
661 2.19902e+12 2.66068e+10 51387.2 41 15.8389 15 0.920755
662 4.39805e+12 4.16136e+10 21243 42 14.9033 13 0.874684
663 8.79609e+12 3.59304e+10 19188.5 43 14.8633 12 0.857459
664 2.19902e+12 2.09888e+10 15067.4 41 14.0557 11 0.797375
665 4.39805e+12 3.66373e+10 18030.2 42 14.6162 12 0.827907
666 8.79609e+12 2.87643e+10 22986.4 43 14.5762 13 0.812145
667 2.19902e+12 1.65673e+10 23194.5 41 14.4746 13 0.807791
668 2.19902e+12 2.4432e+10 15050.2 41 14.2705 11 0.851573
669 4.39805e+12 3.16722e+10 14311.1 42 14.1846 12 0.81785
670 4.39805e+12 2.35513e+10 17252.9 42 14.2822 12 0.81943
671 1.75922e+13 3.94401e+10 32736 44 15.2578 14 0.867048
672 4.39805e+12 3.751e+10 29295.6 42 15.0098 14 0.8739
673 8.79609e+12 6.02881e+10 14824.4 43 14.4043 11 0.824464
674 8.79609e+12 3.72404e+10 17094 43 14.3174 12 0.851497
675 8.79609e+12 4.81004e+10 26502.8 43 15.3311 13 0.864411
676 4.39805e+12 3.07231e+10 19861.3 42 14.6465 12 0.887653
677 4.39805e+12 3.32702e+10 24311.8 42 14.8867 13 0.891893
678 4.39805e+12 3.82005e+10 55027.1 42 16.3252 15 0.930461
679 2.19902e+12 3.06351e+10 13316.4 41 14.1582 11 0.835994
680 4.39805e+12 5.08358e+10 33415.2 42 15.5752 14 0.917391
681 4.39805e+12 4.17098e+10 36267.2 42 15.6055 14 0.896663
682 4.39805e+12 3.88788e+10 18203.6 42 14.6191 12 0.853642
683 4.39805e+12 2.45425e+10 18942.9 42 14.4492 12 0.82214
684 4.39805e+12 4.02783e+10 27173.2 42 15.4326 13 0.886965
685 1.75922e+13 4.59649e+10 15129.9 44 14.4648 12 0.858028
686 4.39805e+12 3.82048e+10 36053.8 42 15.708 14 0.921606
687 4.39805e+12 4.27199e+10 36973.3 42 15.667 14 0.930261
688 8.79609e+12 4.72363e+10 37076 43 15.998 14 0.921547
689 8.79609e+12 5.37725e+10 25021.4 43 15.2295 13 0.892705
690 8.79609e+12 6.86334e+10 88730.1 43 16.7988 16 0.955562
691 8.79609e+12 9.10625e+10 32973.7 43 15.7676 14 0.937544
692 8.79609e+12 4.40988e+10 36399.7 43 16.0244 14 0.913501
693 4.39805e+12 2.80862e+10 55799 42 16.2363 15 0.938198
694 1.75922e+13 5.50492e+10 57469.7 44 16.2461 15 0.922878
695 8.79609e+12 4.98812e+10 51881.2 43 16.2832 15 0.93011
696 1.75922e+13 6.60931e+10 155238 44 16.999 17 1.00036
697 8.79609e+12 8.25762e+10 91107.9 43 17.0371 16 0.942272
698 8.79609e+12 7.22128e+10 51486.4 43 16.4082 15 0.973136
699 1.75922e+13 1.14899e+11 91889.1 44 16.9199 16 0.981046
700 8.79609e+12 9.9068e+10 149189 43 17.3867 17 0.974849
701 3.51844e+13 1.36994e+11 155199 45 17.7832 17 1.05908
702 3.51844e+13 1.55044e+11 296165 45 18.2852 18 1.0299
703 4.39805e+12 5.89335e+10 38527.2 42 16.7041 14 0.931376
704 4.39805e+12 5.32839e+10 159214 42 17.9092 17 1.00656
705 8.79609e+12 6.42284e+10 159689 43 17.5078 17 0.987339
706 8.79609e+12 9.56265e+10 296316 43 18.5215 18 1.05911
707 4.39805e+12 6.49482e+10 91985.4 42 17.1572 16 0.956554
708 8.79609e+12 9.05197e+10 556454 43 18.1318 19 1.02438
709 8.79609e+12 9.36086e+10 162719 43 17.8271 17 1.06261
710 1.75922e+13 1.07372e+11 560377 44 18.2402 19 1.09013
711 8.79609e+12 9.88084e+10 295555 43 18.1729 18 1.03986
712 1.75922e+13 8.80538e+10 91337.6 44 17.1162 16 0.980201
713 1.75922e+13 1.03937e+11 560334 44 18.4756 19 1.03218
714 4.39805e+12 8.91812e+10 296616 42 17.9736 18 1.08246
715 4.39805e+12 1.05498e+11 298188 42 18.252 18 1.04203
716 4.39805e+12 7.21827e+10 297210 42 18.0918 18 1.01346
717 1.75922e+13 1.1489e+11 1.0885e+06 44 19.2354 20 1.10517
718 4.39805e+12 5.99258e+10 292499 42 17.7275 18 1.01344
719 4.39805e+12 6.53508e+10 292866 42 17.6836 18 1.03366
720 8.79609e+12 7.88125e+10 294427 43 17.9941 18 1.02364
721 8.79609e+12 9.11336e+10 564143 43 18.458 19 1.0315
722 7.03687e+13 1.79831e+11 160050 46 17.9844 17 1.02259
723 8.79609e+12 1.28731e+11 292540 43 18.3789 18 1.04415
724 8.79609e+12 1.06705e+11 292212 43 17.8066 18 1.04959
725 1.75922e+13 1.2865e+11 156377 44 17.7256 17 1.03289
726 8.79609e+12 9.16103e+10 157493 43 17.5342 17 1.03908
727 1.40737e+14 2.58619e+11 158697 47 17.6064 17 1.05285
728 7.03687e+13 2.20506e+11 25069.5 46 16.1338 13 0.938138
729 4.39805e+12 9.11527e+10 52724.4 42 17.0996 15 0.998328
730 1.75922e+13 1.1565e+11 55385.9 44 16.749 15 1.04513
731 3.51844e+13 1.3342e+11 91824.7 45 17.0967 16 0.973909
732 4.39805e+12 7.98992e+10 56321.1 42 16.917 15 0.966108
733 8.79609e+12 8.63641e+10 93545.5 43 17.0117 16 0.964697
734 8.79609e+12 7.07792e+10 164763 43 17.2334 17 0.968749
735 8.79609e+12 6.41194e+10 91304.9 43 16.6943 16 0.974604
736 4.39805e+12 5.80243e+10 48700.1 42 16.3828 15 0.980326
737 7.03687e+13 2.14596e+11 85923.9 46 16.7061 16 0.987436
738 1.75922e+13 8.4338e+10 24657.2 44 16.2129 13 1.01664
739 1.75922e+13 8.28938e+10 27402.7 44 15.5918 13 0.952754
740 1.75922e+13 9.64742e+10 36610 44 16.3271 14 0.979558
741 4.39805e+12 8.87386e+10 36134 42 16.1895 14 0.997631
742 3.51844e+13 1.30405e+11 26591.2 45 15.9971 13 0.931322
743 1.75922e+13 1.01305e+11 51815.7 44 16.0303 15 0.928461
744 1.75922e+13 1.032e+11 35264.8 44 16.0723 14 0.921632
745 7.03687e+13 1.74222e+11 56634.9 46 16.7373 15 0.96988
746 4.39805e+12 7.61019e+10 37203.6 42 16.7773 14 0.979195
747 8.79609e+12 9.71655e+10 90543.7 43 17.0557 16 1.00701
748 4.39805e+12 8.37209e+10 54997 42 16.7881 15 0.957145
749 1.75922e+13 9.19868e+10 19588.6 44 15.9551 12 0.925355
750 1.75922e+13 1.06986e+11 52788.6 44 16.7773 15 0.938175
751 1.75922e+13 1.17969e+11 36346.8 44 16.4912 14 0.92202
752 3.51844e+13 1.32451e+11 35892.5 45 16.6973 14 0.942021
753 1.75922e+13 1.20687e+11 38875.5 44 16.9707 14 0.969015
754 3.51844e+13 1.40677e+11 24311.8 45 15.9297 13 0.929578
755 1.75922e+13 1.00958e+11 26414 44 16.333 13 0.956472
756 3.51844e+13 1.66051e+11 34081.9 45 16.6426 14 0.97438
757 1.75922e+13 1.37697e+11 54389 44 17.0859 15 0.974168
758 8.79609e+12 1.16235e+11 37656.2 43 16.8232 14 0.968724
759 1.40737e+14 3.27441e+11 54936.7 47 16.876 15 0.93707
760 1.40737e+14 2.15519e+11 55057.2 47 16.9473 15 0.983735
761 8.79609e+12 1.19734e+11 565222 43 18.5898 19 0.994098
762 3.51844e+13 1.67261e+11 155317 45 17.4805 17 1.00612
763 1.75922e+13 1.29575e+11 161254 44 17.8545 17 1.03609
764 7.03687e+13 1.88819e+11 57767.7 46 17.21 15 0.985339
765 3.51844e+13 1.91011e+11 556817 45 18.6504 19 1.035
766 8.79609e+12 1.37072e+11 292703 43 18.29 18 1.0381
767 1.75922e+13 1.50296e+11 56119.3 44 16.9893 15 1.01811
768 1.75922e+13 1.14185e+11 90975.9 44 17.2109 16 1.00053
769 8.79609e+12 9.48725e+10 156765 43 17.3398 17 1.01713
770 1.75922e+13 1.09559e+11 39080.1 44 16.626 14 0.946941
771 1.75922e+13 1.45966e+11 34053.2 44 16.4629 14 0.998075
772 1.75922e+13 1.38194e+11 57659.9 44 17.1973 15 1.00723
773 3.51844e+13 1.44683e+11 90140.1 45 17.333 16 1.06134
774 1.75922e+13 1.40701e+11 298117 44 18.7041 18 1.08167
775 7.03687e+13 2.19984e+11 561054 46 18.9082 19 1.08887
776 1.75922e+13 1.91507e+11 2.13948e+06 44 19.748 21 1.11482
777 3.51844e+13 2.86302e+11 2.14079e+06 45 19.8701 21 1.09195
778 8.79609e+12 1.26612e+11 1.08658e+06 43 19.127 20 1.15562
779 1.75922e+13 1.73123e+11 2.14654e+06 44 20.0322 21 1.114
780 1.75922e+13 1.80312e+11 555860 44 18.8252 19 1.09309
781 1.75922e+13 2.05799e+11 2.14054e+06 44 19.7959 21 1.1048
782 1.75922e+13 1.84525e+11 2.14409e+06 44 20.458 21 1.14952
783 1.75922e+13 1.43943e+11 1.08827e+06 44 19.3965 20 1.07025
784 3.51844e+13 2.04061e+11 2.13669e+06 45 19.7988 21 1.11812
785 3.51844e+13 1.49231e+11 1.09163e+06 45 19.4541 20 1.13433
786 1.75922e+13 1.47206e+11 1.08941e+06 44 19.4229 20 1.08647
787 1.40737e+14 2.69258e+11 561806 47 19.0205 19 1.12191
788 3.51844e+13 1.63716e+11 2.13376e+06 45 19.4561 21 1.102
789 1.75922e+13 1.60245e+11 559820 44 18.8174 19 1.07901
790 2.81475e+14 4.2395e+11 1.09013e+06 48 19.0889 20 1.09105
791 1.75922e+13 2.07586e+11 560163 44 18.9463 19 1.08515
792 3.51844e+13 2.68271e+11 164269 45 18.5801 17 1.0714
793 1.75922e+13 1.86599e+11 296316 44 18.8281 18 1.06142
794 3.51844e+13 2.29253e+11 292212 45 18.4941 18 1.03067
795 3.51844e+13 2.12634e+11 563908 45 19.333 19 1.07551
796 1.75922e+13 1.70123e+11 293513 44 18.7891 18 1.06003
797 1.75922e+13 1.94802e+11 297757 44 18.8164 18 1.03105
798 1.75922e+13 1.81866e+11 56521.3 44 17.7969 15 1.00271
799 8.79609e+12 1.10658e+11 294780 43 18.4736 18 1.05844
800 1.75922e+13 1.19087e+11 161463 44 17.9482 17 1.0338
801 8.79609e+12 1.12443e+11 562586 43 18.8203 19 1.07324
802 1.75922e+13 1.74583e+11 87382.3 44 17.6445 16 1.06917
803 1.75922e+13 1.96839e+11 90777.1 44 18.0918 16 1.03112
804 1.75922e+13 1.76602e+11 158882 44 18.0771 17 1.04566
805 3.51844e+13 1.85687e+11 87597.6 45 17.5449 16 0.996995
806 1.75922e+13 1.74662e+11 163376 44 18.3193 17 1.01878
807 1.75922e+13 1.33804e+11 91468.2 44 17.5137 16 1.00688
808 1.75922e+13 1.78437e+11 158882 44 18.085 17 1.0234
809 8.79609e+12 1.51245e+11 288569 43 18.5586 18 1.11028
810 3.51844e+13 1.60675e+11 292376 45 18.4941 18 1.05448
811 1.75922e+13 2.07874e+11 1.08928e+06 44 19.3604 20 1.16099
812 3.51844e+13 2.16432e+11 160974 45 18.3467 17 1.08829
813 1.75922e+13 1.75563e+11 295169 44 18.4023 18 1.09833
814 8.79609e+12 1.29074e+11 163538 43 18.5879 17 1.04884
815 8.79609e+12 1.3043e+11 158808 43 18.0371 17 1.03959
816 1.75922e+13 2.05506e+11 1.08964e+06 44 19.6582 20 1.14783
817 1.75922e+13 1.85947e+11 565637 44 19.2432 19 1.14926
818 1.75922e+13 1.61837e+11 299918 44 18.8701 18 1.08497
819 1.75922e+13 1.82152e+11 296051 44 18.8691 18 1.12293
820 7.03687e+13 2.30588e+11 562504 46 19.0674 19 1.10394
821 3.51844e+13 2.20018e+11 2.14362e+06 45 20.1582 21 1.15051
822 1.75922e+13 1.43794e+11 561264 44 18.6191 19 1.09069
823 3.51844e+13 2.37743e+11 560632 45 19.0352 19 1.13427
824 1.75922e+13 1.53198e+11 554752 44 18.9688 19 1.07609
825 3.51844e+13 1.55117e+11 1.08417e+06 45 19.4482 20 1.11441
826 3.51844e+13 1.81666e+11 558557 45 18.5742 19 1.09427
827 1.40737e+14 3.50364e+11 160728 47 18.5537 17 1.06619
828 3.51844e+13 2.36695e+11 156919 45 17.9531 17 1.07291
829 1.75922e+13 1.64328e+11 88343.9 44 17.5381 16 1.00536
830 1.75922e+13 1.8715e+11 52980.4 44 16.7998 15 1.06579
831 8.79609e+12 1.44956e+11 162552 43 18.1904 17 1.05974
832 3.51844e+13 1.61664e+11 289735 45 18.2266 18 1.01936
833 7.03687e+13 2.93846e+11 294780 46 18.7988 18 1.11609
834 3.51844e+13 2.55625e+11 563312 45 19.2881 19 1.12044
835 1.75922e+13 2.17057e+11 2.13933e+06 44 19.9883 21 1.15644
836 3.51844e+13 4.08938e+11 2.14324e+06 45 20.3887 21 1.22876
837 7.03687e+13 3.28725e+11 1.09053e+06 46 19.6016 20 1.10858
838 1.40737e+14 4.73193e+11 8.42922e+06 47 20.6123 23 1.15824
839 1.75922e+13 2.54169e+11 2.13867e+06 44 20.1904 21 1.15606
840 3.51844e+13 3.8869e+11 4.24249e+06 45 20.6455 22 1.17775
841 7.03687e+13 4.25984e+11 4.24131e+06 46 20.4102 22 1.17686
842 7.03687e+13 4.53881e+11 1.09232e+06 46 20.2734 20 1.1912
843 1.75922e+13 3.86806e+11 8.44203e+06 44 21.6338 23 1.25931
844 1.40737e+14 6.51413e+11 8.43043e+06 47 21.5586 23 1.23788
845 3.51844e+13 3.94167e+11 4.24627e+06 45 20.957 22 1.17889
846 7.03687e+13 5.91812e+11 2.14124e+06 46 20.3623 21 1.15127
847 7.03687e+13 6.10291e+11 8.44281e+06 46 21.7715 23 1.20106
848 7.03687e+13 6.4909e+11 1.68295e+07 46 22.3281 24 1.24453
849 3.51844e+13 4.73066e+11 8.4463e+06 45 22.2393 23 1.2184
850 3.51844e+13 4.47523e+11 4.24365e+06 45 21.4443 22 1.22109
851 3.51844e+13 4.12749e+11 8.43734e+06 45 21.4453 23 1.20772
852 3.51844e+13 3.8409e+11 8.44419e+06 45 22.2725 23 1.30367
853 1.75922e+13 4.22255e+11 4.24454e+06 44 21.5225 22 1.18686
854 1.75922e+13 3.58743e+11 8.44571e+06 44 21.6426 23 1.24865
855 1.75922e+13 2.9499e+11 8.43992e+06 44 21.4512 23 1.19968
856 3.51844e+13 4.45692e+11 4.23923e+06 45 21.416 22 1.25725
857 3.51844e+13 5.6926e+11 2.13989e+06 45 21.1445 21 1.22914
858 7.03687e+13 4.59763e+11 8.4391e+06 46 21.8955 23 1.20824
859 1.40737e+14 6.00081e+11 8.43728e+06 47 21.5625 23 1.20778
860 7.03687e+13 4.60729e+11 4.24682e+06 46 20.9619 22 1.26784
861 3.51844e+13 3.30075e+11 2.14636e+06 45 20.917 21 1.22473
862 1.75922e+13 3.38962e+11 4.24687e+06 44 21.4268 22 1.29291
863 3.51844e+13 5.48313e+11 4.24707e+06 45 21.0654 22 1.18796
864 7.03687e+13 4.7896e+11 4.2399e+06 46 21.1387 22 1.21288
865 1.40737e+14 5.95934e+11 1.09334e+06 47 20.1338 20 1.16016
866 1.40737e+14 7.29187e+11 2.14348e+06 47 20.9658 21 1.25539
867 1.40737e+14 5.64274e+11 2.14613e+06 47 20.8115 21 1.13228
868 3.51844e+13 3.82799e+11 1.09325e+06 45 20.127 20 1.17038
869 1.40737e+14 5.09365e+11 1.08982e+06 47 20.0498 20 1.16672
870 7.03687e+13 5.20631e+11 2.14232e+06 46 20.9199 21 1.20646
871 1.75922e+13 3.81256e+11 2.14367e+06 44 20.874 21 1.22795
872 7.03687e+13 5.10856e+11 561971 46 19.9766 19 1.14119
873 3.51844e+13 3.61321e+11 1.08485e+06 45 19.9609 20 1.10962
874 7.03687e+13 4.68676e+11 4.24454e+06 46 21.0742 22 1.218
875 2.81475e+14 6.84072e+11 563152 48 20.0664 19 1.12859
876 1.40737e+14 6.98494e+11 2.14319e+06 47 20.8311 21 1.19749
877 3.51844e+13 5.22429e+11 4.24433e+06 45 21.457 22 1.28724
878 7.03687e+13 4.87242e+11 4.245e+06 46 21.3027 22 1.25508
879 7.03687e+13 5.96866e+11 2.14094e+06 46 20.5303 21 1.17817
880 3.51844e+13 3.96769e+11 2.14466e+06 45 20.6338 21 1.17866
881 7.03687e+13 5.22616e+11 2.14094e+06 46 20.7637 21 1.16537
882 2.81475e+14 7.93123e+11 4.24968e+06 48 21.1748 22 1.20847
883 7.03687e+13 5.522e+11 1.09045e+06 46 20.1777 20 1.20409
884 7.03687e+13 4.89261e+11 2.14531e+06 46 20.6982 21 1.15811
885 3.51844e+13 4.54381e+11 2.14285e+06 45 20.5508 21 1.16976
886 1.40737e+14 4.33583e+11 2.13403e+06 47 20.167 21 1.12566
887 1.40737e+14 5.84388e+11 4.24766e+06 47 21.3408 22 1.19524
888 3.51844e+13 3.82957e+11 4.2389e+06 45 20.5723 22 1.1536
889 3.51844e+13 4.13017e+11 4.24572e+06 45 21.0928 22 1.17389
890 1.75922e+13 2.84835e+11 2.14649e+06 44 20.709 21 1.2022
891 1.75922e+13 3.05408e+11 4.24825e+06 44 21.2686 22 1.19473
892 1.40737e+14 5.51931e+11 4.2358e+06 47 20.9561 22 1.15618
893 3.51844e+13 3.11564e+11 4.24126e+06 45 20.8604 22 1.18032
894 7.03687e+13 4.98152e+11 8.43049e+06 46 21.0205 23 1.18238
895 7.03687e+13 4.52447e+11 2.14328e+06 46 20.7266 21 1.16248
896 3.51844e+13 4.67954e+11 8.43764e+06 45 21.3633 23 1.19915
897 7.03687e+13 4.53397e+11 4.24255e+06 46 20.875 22 1.17087
898 1.75922e+13 2.84312e+11 2.14251e+06 44 20.6094 21 1.14406
899 7.03687e+13 4.71431e+11 2.14124e+06 46 20.1348 21 1.10648
900 7.03687e+13 3.95439e+11 4.23762e+06 46 20.7959 22 1.1831
901 1.40737e+14 6.23732e+11 8.43752e+06 47 21.4111 23 1.25872
902 5.6295e+14 1.2851e+12 4.24334e+06 49 21.2988 22 1.15369
903 3.51844e+13 5.2766e+11 1.68385e+07 45 22.1885 24 1.16549
904 3.51844e+13 3.682e+11 8.43427e+06 45 21.5625 23 1.20468
905 7.03687e+13 4.76715e+11 4.24164e+06 46 20.8848 22 1.17568
906 7.03687e+13 4.80546e+11 2.14183e+06 46 20.7539 21 1.16318
907 3.51844e+13 4.31033e+11 4.24423e+06 45 21.0859 22 1.19863
908 7.03687e+13 6.25375e+11 4.24612e+06 46 20.9902 22 1.14464
909 1.40737e+14 6.11362e+11 4.24622e+06 47 21.2324 22 1.18776
910 3.51844e+13 4.21194e+11 8.43427e+06 45 21.0576 23 1.13369
911 3.51844e+13 4.80864e+11 4.24443e+06 45 20.8682 22 1.14548
912 1.75922e+13 3.24311e+11 562341 44 19.7979 19 1.09315
913 7.03687e+13 4.84379e+11 2.14242e+06 46 20.627 21 1.14994
914 3.51844e+13 3.70488e+11 1.09067e+06 45 19.918 20 1.10996
915 7.03687e+13 4.14825e+11 2.14357e+06 46 20.4502 21 1.13119
916 2.81475e+14 7.36836e+11 564299 48 19.751 19 1.11371
917 7.03687e+13 4.59773e+11 2.14227e+06 46 20.833 21 1.18176
918 3.51844e+13 3.79789e+11 4.24592e+06 45 21.252 22 1.15558
919 1.75922e+13 3.46268e+11 8.44292e+06 44 21.8359 23 1.1742
920 3.51844e+13 4.01393e+11 4.24526e+06 45 21.3291 22 1.15954
921 3.51844e+13 3.50454e+11 2.14395e+06 45 20.6621 21 1.13499
922 7.03687e+13 5.344e+11 4.24766e+06 46 21.2861 22 1.17452
923 1.40737e+14 6.40512e+11 4.24438e+06 47 21.5898 22 1.18427
924 1.40737e+14 5.45313e+11 8.44129e+06 47 21.5264 23 1.20932
925 2.81475e+14 8.57641e+11 4.23874e+06 48 20.7461 22 1.16186
926 1.40737e+14 5.88644e+11 2.14568e+06 47 20.0098 21 1.12196
927 1.40737e+14 5.79141e+11 2.14232e+06 47 20.4062 21 1.16016
928 7.03687e+13 5.65462e+11 4.24239e+06 46 21.1562 22 1.21001
929 7.03687e+13 6.14176e+11 1.08859e+06 46 20.2275 20 1.13318
930 7.03687e+13 4.52266e+11 2.13856e+06 46 20.3066 21 1.15821
931 7.03687e+13 4.05127e+11 2.14024e+06 46 20.2197 21 1.1076
932 7.03687e+13 5.64631e+11 2.13118e+06 46 20.6787 21 1.15221
933 1.75922e+13 4.19279e+11 1.08441e+06 44 20.2197 20 1.14909
934 7.03687e+13 5.00679e+11 1.08456e+06 46 19.8643 20 1.12786
935 3.51844e+13 4.58308e+11 556771 45 19.4854 19 1.1151
936 1.40737e+14 7.20384e+11 1.09115e+06 47 20.252 20 1.13457
937 7.03687e+13 6.21258e+11 2.14367e+06 46 20.7939 21 1.15427
938 3.51844e+13 4.09444e+11 1.09485e+06 45 20.2959 20 1.1398
939 3.51844e+13 4.06471e+11 1.0912e+06 45 19.6914 20 1.06754
940 7.03687e+13 4.30818e+11 1.09473e+06 46 20.0664 20 1.12464
941 7.03687e+13 5.27436e+11 2.13867e+06 46 20.6855 21 1.17307
942 2.81475e+14 6.92464e+11 2.14456e+06 48 21.1045 21 1.14906
943 5.6295e+14 1.40757e+12 4.23912e+06 49 21.2041 22 1.16938
944 3.51844e+13 4.29166e+11 564260 45 19.9746 19 1.14926
945 1.40737e+14 6.76828e+11 2.14079e+06 47 20.4697 21 1.09476
946 1.40737e+14 8.30645e+11 4.24801e+06 47 21.5469 22 1.17593
947 7.03687e+13 7.00309e+11 2.14676e+06 46 21.1006 21 1.2014
948 7.03687e+13 7.97811e+11 8.43017e+06 46 21.6064 23 1.20755
949 2.81475e+14 1.01568e+12 4.24687e+06 48 21.5967 22 1.1763
950 1.40737e+14 6.73046e+11 2.13779e+06 47 20.3848 21 1.11628
951 7.03687e+13 6.70052e+11 4.23984e+06 46 21.0557 22 1.13055
952 2.81475e+14 1.25993e+12 1.09437e+06 48 20.8135 20 1.17697
953 1.40737e+14 8.24009e+11 4.24088e+06 47 21.29 22 1.15179
954 2.2518e+15 2.8378e+12 1.09228e+06 51 20.502 20 1.10586
955 1.40737e+14 1.27254e+12 8.4418e+06 47 22.0596 23 1.21427
956 1.40737e+14 1.1781e+12 2.14568e+06 47 21.4209 21 1.24681
957 5.6295e+14 2.10542e+12 2.14109e+06 49 21.2197 21 1.16444
958 2.2518e+15 4.06162e+12 1.08553e+06 51 20.4062 20 1.13893
959 2.81475e+14 1.18644e+12 92525.7 48 19.6182 16 1.11956
960 2.81475e+14 1.56337e+12 163986 48 19.708 17 1.09703
961 2.81475e+14 1.06649e+12 1.08734e+06 48 20.1973 20 1.14289
962 5.6295e+14 1.87921e+12 1.09071e+06 49 20.4873 20 1.10988
963 1.40737e+14 1.53131e+12 1.08771e+06 47 20.5664 20 1.1583
964 2.81475e+14 1.7677e+12 2.14743e+06 48 20.9004 21 1.19541
965 7.03687e+13 1.18375e+12 563631 46 20.1836 19 1.0965
966 7.03687e+13 7.98278e+11 158623 46 19.3564 17 1.05239
967 2.2518e+15 2.91638e+12 1.09262e+06 51 20.5264 20 1.17293
968 3.51844e+13 7.17185e+11 15915.8 45 17.3174 11 1.02122
969 1.40737e+14 8.36821e+11 57387.7 47 18.7354 15 1.02595
970 7.03687e+13 6.83868e+11 88660.1 46 18.8477 16 1.04673
971 1.40737e+14 1.22524e+12 2.14484e+06 47 21.2109 21 1.15157
972 1.40737e+14 9.94999e+11 1.09049e+06 47 20.375 20 1.1036
973 7.03687e+13 9.01584e+11 560419 46 19.7061 19 1.13632
974 5.6295e+14 1.68585e+12 1.09283e+06 49 20.4336 20 1.17541
975 1.40737e+14 1.05183e+12 562951 47 20.1592 19 1.10881
976 2.81475e+14 9.95464e+11 561888 48 20.2607 19 1.17211
977 2.81475e+14 1.70887e+12 2.143e+06 48 20.9365 21 1.14123
978 5.6295e+14 1.49356e+12 299343 49 19.8682 18 1.10011
979 1.40737e+14 1.09244e+12 160480 47 18.8057 17 1.04233
980 2.81475e+14 1.35933e+12 1.08015e+06 48 20.4707 20 1.12811
981 5.6295e+14 1.69491e+12 562259 49 19.9531 19 1.09591
982 1.40737e+14 1.02138e+12 4.23795e+06 47 21.0615 22 1.14614
983 2.81475e+14 1.53266e+12 1.09477e+06 48 20.625 20 1.11773
984 7.03687e+13 8.74277e+11 1.09071e+06 46 20.3262 20 1.17
985 5.6295e+14 1.59674e+12 299308 49 20.1152 18 1.17869
986 2.81475e+14 1.74602e+12 8.4449e+06 48 22.0635 23 1.19187
987 5.6295e+14 1.73252e+12 8.44191e+06 49 22.0801 23 1.20973
988 5.6295e+14 1.97339e+12 1.68335e+07 49 22.4756 24 1.27882
989 5.6295e+14 2.81103e+12 6.7175e+07 49 23.5781 26 1.31334
990 2.81475e+14 1.97441e+12 8.44523e+06 48 22.5303 23 1.28732
991 1.1259e+15 2.69842e+12 1.68374e+07 50 22.7344 24 1.26012
992 2.81475e+14 1.69401e+12 8.4402e+06 48 22.1455 23 1.24939
993 2.81475e+14 1.67785e+12 8.44408e+06 48 22.0879 23 1.25921
994 2.81475e+14 2.3956e+12 1.6835e+07 48 22.5234 24 1.25141
995 1.40737e+14 1.46497e+12 1.68383e+07 47 23.2256 24 1.30362
996 2.81475e+14 2.25627e+12 3.36165e+07 48 23.0781 25 1.30375
997 2.81475e+14 1.88149e+12 3.36157e+07 48 23.333 25 1.24451
998 5.6295e+14 2.43821e+12 6.71743e+07 49 23.7646 26 1.35724
999 1.40737e+14 1.34908e+12 1.68366e+07 47 22.7529 24 1.24768
1000 2.81475e+14 1.95359e+12 3.36149e+07 48 22.7285 25 1.25978
1001 2.81475e+14 1.79823e+12 8.43939e+06 48 22.0137 23 1.23829
1002 2.81475e+14 2.27579e+12 6.7186e+07 48 24.0088 26 1.29548
1003 2.81475e+14 1.78312e+12 1.6835e+07 48 22.3203 24 1.24014
1004 7.03687e+13 1.35947e+12 1.6841e+07 46 22.667 24 1.26818
1005 1.40737e+14 1.19015e+12 8.43758e+06 47 21.6582 23 1.20162
1006 1.40737e+14 1.13656e+12 1.68377e+07 47 22.5479 24 1.31959
1007 1.40737e+14 1.18961e+12 8.44061e+06 47 21.6104 23 1.16872
1008 2.81475e+14 1.90284e+12 1.68379e+07 48 23.3271 24 1.28202
1009 1.40737e+14 1.68545e+12 1.68373e+07 47 22.8994 24 1.28829
1010 7.03687e+13 9.63344e+11 1.68358e+07 46 22.0723 24 1.2392
1011 1.40737e+14 1.59283e+12 8.44672e+06 47 22.1123 23 1.25072
1012 2.81475e+14 1.55974e+12 2.14707e+06 48 21.5215 21 1.23538
1013 7.03687e+13 8.91675e+11 4.24428e+06 46 21.0098 22 1.18051
1014 5.6295e+14 2.15117e+12 3.36255e+07 49 23.0557 25 1.271
1015 7.03687e+13 8.75571e+11 4.24505e+06 46 21.5273 22 1.18723
1016 1.40737e+14 1.09003e+12 3.36222e+07 47 22.8086 25 1.25702
1017 2.81475e+14 1.43595e+12 1.68268e+07 48 22.2617 24 1.24989
1018 2.81475e+14 1.56047e+12 3.36118e+07 48 22.6504 25 1.33713
1019 2.81475e+14 1.38987e+12 2.14419e+06 48 20.8037 21 1.22516
1020 2.81475e+14 1.80621e+12 1.68354e+07 48 22.8154 24 1.27821
1021 1.40737e+14 1.5293e+12 1.68458e+07 47 22.792 24 1.25503
1022 2.81475e+14 1.54527e+12 1.68319e+07 48 22.499 24 1.25648
1023 2.81475e+14 1.52726e+12 1.68329e+07 48 22.5508 24 1.24075
1024 7.03687e+13 1.37254e+12 1.68387e+07 46 22.5557 24 1.25915
1025 2.81475e+14 1.52223e+12 3.36169e+07 48 23.0596 25 1.27859
1026 2.81475e+14 1.49538e+12 1.68372e+07 48 22.8242 24 1.26481
1027 5.6295e+14 2.42209e+12 8.44797e+06 49 21.8545 23 1.18859
1028 1.40737e+14 1.21884e+12 3.36157e+07 47 22.8701 25 1.25614
1029 1.40737e+14 1.95737e+12 6.71756e+07 47 23.3281 26 1.27503
1030 2.81475e+14 1.65146e+12 3.36101e+07 48 23.1572 25 1.32798
1031 2.81475e+14 1.96329e+12 1.68344e+07 48 22.2891 24 1.23603
1032 1.40737e+14 1.18541e+12 3.36223e+07 47 23.5684 25 1.3123
1033 7.03687e+13 1.07787e+12 1.68304e+07 46 22.1445 24 1.20643
1034 7.03687e+13 1.16098e+12 1.68398e+07 46 22.7891 24 1.27828
1035 2.81475e+14 1.41199e+12 8.44587e+06 48 21.8457 23 1.18934
1036 1.40737e+14 8.89201e+11 1.68334e+07 47 21.9795 24 1.19142
1037 1.1259e+15 2.31617e+12 3.36105e+07 50 22.6377 25 1.30512
1038 2.81475e+14 1.27203e+12 8.44066e+06 48 21.6279 23 1.24263
1039 1.40737e+14 1.03985e+12 8.44152e+06 47 21.9424 23 1.25543
1040 7.03687e+13 1.08011e+12 4.24551e+06 46 21.6084 22 1.20029
1041 2.81475e+14 2.17382e+12 8.44174e+06 48 21.8965 23 1.24725
1042 1.40737e+14 1.42671e+12 1.68395e+07 47 22.5068 24 1.27162
1043 7.03687e+13 1.07319e+12 8.44083e+06 46 21.7236 23 1.21845
1044 7.03687e+13 1.00096e+12 1.68343e+07 46 22.2891 24 1.25659
1045 1.1259e+15 2.48521e+12 4.25098e+06 50 22.0215 22 1.23721
1046 1.40737e+14 1.58386e+12 1.68372e+07 47 23.0664 24 1.33456
1047 1.40737e+14 1.46849e+12 3.36184e+07 47 22.9746 25 1.26103
1048 5.6295e+14 2.38008e+12 1.68326e+07 49 22.7227 24 1.26989
1049 1.40737e+14 1.47206e+12 8.44061e+06 47 21.624 23 1.21621
1050 5.6295e+14 1.73978e+12 8.44682e+06 49 21.9482 23 1.22937
1051 1.40737e+14 1.45743e+12 1.68287e+07 47 22.0713 24 1.24327
1052 2.81475e+14 1.49541e+12 3.36175e+07 48 22.6953 25 1.25392
1053 2.81475e+14 1.38406e+12 3.36155e+07 48 22.957 25 1.28572
1054 1.40737e+14 1.50253e+12 3.3616e+07 47 23.21 25 1.28196
1055 2.81475e+14 2.17393e+12 6.7179e+07 48 23.4697 26 1.32699
1056 1.1259e+15 3.08423e+12 1.6843e+07 50 22.9453 24 1.30014
1057 2.81475e+14 1.80421e+12 1.34286e+08 48 23.8359 27 1.32813
1058 2.81475e+14 1.69626e+12 3.36171e+07 48 22.9746 25 1.2365
1059 5.6295e+14 2.48728e+12 6.71742e+07 49 23.709 26 1.33568
1060 1.40737e+14 1.31456e+12 6.71692e+07 47 23.9053 26 1.27821
1061 2.81475e+14 2.03853e+12 1.34283e+08 48 23.4766 27 1.26925
1062 1.40737e+14 1.48435e+12 6.71736e+07 47 23.3213 26 1.29798
1063 1.40737e+14 1.80361e+12 6.71773e+07 47 23.9941 26 1.35525
1064 2.2518e+15 3.59414e+12 1.34285e+08 51 23.9492 27 1.34646
1065 2.81475e+14 1.84501e+12 6.71782e+07 48 23.8047 26 1.40398
1066 1.1259e+15 2.40962e+12 6.71765e+07 50 24.0127 26 1.35918
1067 1.1259e+15 3.08296e+12 6.71711e+07 50 23.4766 26 1.28784
1068 2.81475e+14 2.39704e+12 6.71703e+07 48 23.3389 26 1.31284
1069 5.6295e+14 2.92643e+12 1.34285e+08 49 23.7461 27 1.31761
1070 9.0072e+15 1.01981e+13 3.36127e+07 53 23.2178 25 1.29119
1071 1.1259e+15 4.49225e+12 2.68509e+08 50 25.5264 28 1.37425
1072 2.81475e+14 2.68394e+12 6.7175e+07 48 24.1045 26 1.33448
1073 2.81475e+14 2.7621e+12 1.34279e+08 48 24.292 27 1.30579
1074 4.5036e+15 9.22681e+12 2.68508e+08 52 25.0713 28 1.44824
1075 5.6295e+14 4.2198e+12 2.68516e+08 49 25.4414 28 1.37218
1076 1.1259e+15 3.6326e+12 1.34285e+08 50 24.3262 27 1.3629
1077 2.81475e+14 2.89032e+12 6.71783e+07 48 24.0547 26 1.30982
1078 4.5036e+15 7.70146e+12 1.34288e+08 52 24.3818 27 1.31294
1079 1.40737e+14 2.31985e+12 2.68514e+08 47 24.5879 28 1.38012
1080 2.81475e+14 2.37261e+12 6.71835e+07 48 23.8145 26 1.33788
1081 1.1259e+15 3.73791e+12 3.36233e+07 50 23.459 25 1.31564
1082 1.1259e+15 5.64323e+12 1.34283e+08 50 24.4404 27 1.34367
1083 2.2518e+15 4.78791e+12 1.34288e+08 51 24.1143 27 1.37951
1084 1.1259e+15 4.99626e+12 1.34291e+08 50 24.1777 27 1.37345
1085 5.6295e+14 3.53192e+12 3.36221e+07 49 23.0059 25 1.29499
1086 2.2518e+15 7.62147e+12 1.34286e+08 51 23.791 27 1.31775
1087 1.80144e+16 2.11853e+13 3.3623e+07 54 23.4814 25 1.27129
1088 4.5036e+15 7.70243e+12 3.36229e+07 52 23.0811 25 1.26083
1089 1.1259e+15 5.58814e+12 1.34282e+08 50 24.083 27 1.27779
1090 1.1259e+15 4.37152e+12 2.68515e+08 50 24.3301 28 1.3511
1091 2.2518e+15 5.70807e+12 2.68521e+08 51 24.9209 28 1.37414
1092 2.2518e+15 6.53123e+12 2.68509e+08 51 24.4648 28 1.33348
1093 4.5036e+15 8.35196e+12 2.68508e+08 52 24.3389 28 1.34583
1094 9.0072e+15 1.54568e+13 4.29506e+09 53 26.832 32 1.45542
1095 5.6295e+14 5.11888e+12 5.36964e+08 49 25.4971 29 1.39315
1096 5.6295e+14 3.54694e+12 1.07383e+09 49 25.875 30 1.4005
1097 2.81475e+14 4.02706e+12 2.6851e+08 48 24.8311 28 1.37551
1098 5.6295e+14 4.03933e+12 1.07383e+09 49 26.0537 30 1.43487
1099 5.6295e+14 4.28406e+12 5.36955e+08 49 25.1953 29 1.43503
1100 1.1259e+15 4.19848e+12 2.68515e+08 50 24.7695 28 1.34134
1101 5.6295e+14 2.83543e+12 6.71765e+07 49 23.1934 26 1.31856
1102 5.6295e+14 3.83516e+12 2.68518e+08 49 24.9336 28 1.36761
1103 2.81475e+14 3.80696e+12 2.68507e+08 48 24.4023 28 1.36159
1104 1.1259e+15 4.29488e+12 2.68514e+08 50 24.666 28 1.3606
1105 1.1259e+15 4.54523e+12 5.3695e+08 50 25.1299 29 1.37667
1106 2.81475e+14 2.52765e+12 1.34289e+08 48 24.0303 27 1.31883
1107 1.1259e+15 3.42632e+12 1.34288e+08 50 23.9199 27 1.31181
1108 1.40737e+14 2.10642e+12 1.34286e+08 47 23.5312 27 1.33327
1109 1.1259e+15 4.30785e+12 3.36118e+07 50 23.0498 25 1.31998
1110 1.1259e+15 3.12069e+12 6.71799e+07 50 23.376 26 1.3585
1111 1.1259e+15 4.81077e+12 3.36118e+07 50 22.9658 25 1.3377
1112 4.5036e+15 7.9638e+12 3.36123e+07 52 23.1748 25 1.32597
1113 2.2518e+15 5.30756e+12 2.68515e+08 51 24.6074 28 1.31041
1114 1.1259e+15 4.4946e+12 2.68513e+08 50 24.4678 28 1.34661
1115 5.6295e+14 3.96171e+12 5.36942e+08 49 25.3955 29 1.44549
1116 4.5036e+15 9.75812e+12 2.68513e+08 52 24.7168 28 1.38049
1117 2.81475e+14 3.54297e+12 5.36955e+08 48 25.3955 29 1.37143
1118 4.5036e+15 1.00708e+13 5.36963e+08 52 25.5029 29 1.41822
1119 1.1259e+15 5.35976e+12 2.14757e+09 50 26.5459 31 1.44172
1120 1.1259e+15 4.56613e+12 2.14757e+09 50 26.4297 31 1.42117
1121 1.1259e+15 7.67058e+12 2.68503e+08 50 24.4453 28 1.36255
1122 1.1259e+15 7.97401e+12 1.07384e+09 50 26.0361 30 1.41532
1123 5.6295e+14 5.04305e+12 5.36956e+08 49 25.6016 29 1.41747
1124 5.6295e+14 5.21627e+12 2.68503e+08 49 24.6602 28 1.34768
1125 1.1259e+15 1.02582e+13 1.07383e+09 50 26.2461 30 1.41633
1126 2.2518e+15 9.76488e+12 1.07382e+09 51 26.0371 30 1.43434
1127 5.6295e+14 5.38498e+12 2.68514e+08 49 25.1152 28 1.3772
1128 2.2518e+15 8.25831e+12 5.36947e+08 51 25.5469 29 1.42471
1129 1.1259e+15 7.3943e+12 2.14758e+09 50 26.3633 31 1.42455
1130 1.1259e+15 5.2204e+12 2.68519e+08 50 24.4668 28 1.36926
1131 5.6295e+14 4.26709e+12 1.07383e+09 49 25.3838 30 1.42095
1132 5.6295e+14 5.14622e+12 2.68523e+08 49 25.1973 28 1.40724
1133 2.2518e+15 1.54708e+13 2.68515e+08 51 25.3936 28 1.46287
1134 2.2518e+15 9.79076e+12 4.29506e+09 51 26.8057 32 1.4511
1135 1.1259e+15 8.9448e+12 1.07383e+09 50 26.2129 30 1.4483
1136 5.6295e+14 5.26433e+12 5.36955e+08 49 25.4062 29 1.38611
1137 1.1259e+15 1.24578e+13 1.07383e+09 50 26.1025 30 1.42606
1138 5.6295e+14 4.31245e+12 2.14758e+09 49 26.3682 31 1.42787
1139 1.1259e+15 6.53165e+12 4.29507e+09 50 26.4688 32 1.47078
1140 1.1259e+15 6.59301e+12 2.14757e+09 50 26.5273 31 1.44273
1141 2.2518e+15 7.43508e+12 1.07383e+09 51 25.8242 30 1.41849
1142 2.2518e+15 8.49326e+12 5.36962e+08 51 25.3633 29 1.38747
1143 4.5036e+15 1.11141e+13 2.68515e+08 52 25.2139 28 1.37972
1144 4.5036e+15 1.56288e+13 1.07383e+09 52 25.8633 30 1.45055
1145 7.20576e+16 1.11904e+14 5.36949e+08 56 25.0674 29 1.34387
1146 4.5036e+15 1.29563e+13 1.07383e+09 52 26.1113 30 1.41049
1147 9.0072e+15 3.25623e+13 2.14757e+09 53 26.3916 31 1.45936
1148 4.5036e+15 1.96931e+13 2.68508e+08 52 25.2891 28 1.36574
1149 1.1259e+15 1.07139e+13 5.3696e+08 50 25.6748 29 1.39499
1150 1.1259e+15 1.18824e+13 1.07381e+09 50 25.79 30 1.42902
1151 4.5036e+15 2.52906e+13 1.07383e+09 52 26.0264 30 1.39976
1152 9.0072e+15 2.6383e+13 5.36945e+08 53 25.46 29 1.38454
1153 9.0072e+15 3.93926e+13 2.14759e+09 53 26.4609 31 1.48744
1154 1.80144e+16 5.10606e+13 1.07383e+09 54 25.9248 30 1.41505
1155 7.20576e+16 1.03151e+14 2.14759e+09 56 26.0869 31 1.37771
1156 3.60288e+16 4.5552e+13 8.59002e+09 55 27.2617 33 1.43596
1157 2.2518e+15 1.60439e+13 1.34291e+08 51 24.377 27 1.38145
1158 9.0072e+15 2.83596e+13 2.6851e+08 53 24.915 28 1.34553
1159 9.0072e+15 2.60652e+13 6.71809e+07 53 24.2002 26 1.3854
1160 9.0072e+15 2.98049e+13 3.3618e+07 53 24.5244 25 1.349
1161 4.5036e+15 1.97883e+13 1.68342e+07 52 23.7295 24 1.35306
1162 9.0072e+15 3.41485e+13 1.07383e+09 53 26.3672 30 1.42563
1163 2.2518e+15 1.43624e+13 2.6851e+08 51 25.2744 28 1.36809
1164 4.5036e+15 2.16219e+13 2.68509e+08 52 25.6865 28 1.41544
1165 9.0072e+15 2.85785e+13 6.71736e+07 53 24.3359 26 1.38692
1166 3.60288e+16 8.1529e+13 1.07383e+09 55 26.6211 30 1.46073
1167 4.5036e+15 2.04121e+13 2.68508e+08 52 25.5234 28 1.46524
1168 9.0072e+15 3.00911e+13 3.3621e+07 53 24.2119 25 1.38921
1169 1.80144e+16 4.81987e+13 1.34292e+08 54 25.1309 27 1.37807
1170 3.60288e+16 5.57362e+13 1.34291e+08 55 25.4102 27 1.41696
1171 7.20576e+16 9.68992e+13 8.59004e+09 56 28.1025 33 1.56871
1172 4.5036e+15 3.20301e+13 2.14758e+09 52 27.2178 31 1.55737
1173 9.0072e+15 2.7913e+13 2.14757e+09 53 26.8887 31 1.47687
1174 3.60288e+16 9.11262e+13 4.29507e+09 55 26.9766 32 1.48965
1175 9.0072e+15 4.40287e+13 8.59005e+09 53 28.5693 33 1.57334
1176 1.80144e+16 3.8779e+13 8.59004e+09 54 27.4502 33 1.52198
1177 4.5036e+15 3.87055e+13 1.718e+10 52 28.3828 34 1.52587
1178 3.60288e+16 8.80786e+13 4.29506e+09 55 27.5859 32 1.54367
1179 9.0072e+15 4.90764e+13 8.59005e+09 53 28.2773 33 1.58334
1180 4.5036e+15 2.36965e+13 8.59004e+09 52 27.79 33 1.54183
1181 9.0072e+15 2.92124e+13 4.29506e+09 53 26.5557 32 1.4884
1182 2.2518e+15 2.20745e+13 8.59004e+09 51 27.9414 33 1.57806
1183 1.80144e+16 5.77833e+13 8.59003e+09 54 27.4414 33 1.50201
1184 2.2518e+15 1.99859e+13 8.59004e+09 51 27.3135 33 1.5006
1185 1.44115e+17 1.67571e+14 1.718e+10 57 27.9531 34 1.58505
1186 4.5036e+15 2.49452e+13 1.718e+10 52 28.4727 34 1.60975
1187 9.0072e+15 3.82581e+13 8.59004e+09 53 27.7939 33 1.5666
1188 9.0072e+15 2.55113e+13 2.14758e+09 53 26.667 31 1.53044
1189 1.44115e+17 1.95868e+14 1.718e+10 57 27.8926 34 1.51731
1190 2.2518e+15 1.65866e+13 4.29507e+09 51 26.8809 32 1.60219
1191 3.60288e+16 7.44155e+13 2.14756e+09 55 26.7256 31 1.49707
1192 1.1259e+15 1.63587e+13 3.36145e+07 50 24.7988 25 1.4392
1193 4.61169e+18 4.59938e+15 2.68503e+08 62 26.2607 28 1.52261
1194 4.5036e+15 2.45473e+13 1.07382e+09 52 27.125 30 1.52187
1195 2.2518e+15 1.45463e+13 1.34287e+08 51 25.5908 27 1.41879
1196 2.2518e+15 2.04478e+13 2.68501e+08 51 25.6162 28 1.47216
1197 4.5036e+15 3.57696e+13 2.68505e+08 52 26.2715 28 1.49679
1198 3.60288e+16 5.85643e+13 8.59003e+09 55 27.3672 33 1.53452
1199 1.80144e+16 4.53842e+13 2.14758e+09 54 26.3145 31 1.4366
1200 4.5036e+15 1.94066e+13 1.07383e+09 52 26.1348 30 1.53745
1201 7.20576e+16 9.28618e+13 1.07383e+09 56 26.8125 30 1.57009
1202 2.2518e+15 2.74973e+13 1.718e+10 51 27.5547 34 1.47717
1203 7.20576e+16 1.18096e+14 3.43599e+10 56 28.583 35 1.59987
1204 2.2518e+15 1.84584e+13 8.59003e+09 51 26.9707 33 1.53514
1205 9.0072e+15 3.45958e+13 8.59003e+09 53 27.8311 33 1.52268
1206 9.0072e+15 3.60526e+13 8.59004e+09 53 27.4424 33 1.4989
1207 2.2518e+15 2.10443e+13 1.718e+10 51 28.3232 34 1.57133
1208 9.0072e+15 3.85167e+13 4.29507e+09 53 27.0068 32 1.5465
1209 4.5036e+15 3.01328e+13 2.14757e+09 52 25.9111 31 1.52505
1210 1.80144e+16 4.28871e+13 5.36959e+08 54 26.1328 29 1.49336
1211 3.60288e+16 7.63162e+13 1.34295e+08 55 25.9326 27 1.45851
1212 9.0072e+15 4.33942e+13 1.68387e+07 53 23.916 24 1.38824
1213 9.0072e+15 3.60578e+13 1.684e+07 53 23.54 24 1.44263
1214 2.2518e+15 1.63625e+13 5.36957e+08 51 25.4199 29 1.47302
1215 9.0072e+15 2.77442e+13 5.36946e+08 53 25.1797 29 1.48333
1216 1.80144e+16 3.37275e+13 1.34284e+08 54 24.9932 27 1.46105
1217 4.5036e+15 2.62334e+13 5.36949e+08 52 25.4092 29 1.4472
1218 9.0072e+15 3.46464e+13 5.36956e+08 53 25.2461 29 1.41169
1219 9.0072e+15 4.10521e+13 2.68515e+08 53 25.0137 28 1.44049
1220 9.0072e+15 3.53086e+13 2.68521e+08 53 25.0928 28 1.4034
1221 3.60288e+16 5.57344e+13 2.14757e+09 55 26.2715 31 1.45883
1222 1.80144e+16 5.0562e+13 8.59003e+09 54 27.4385 33 1.50355
1223 1.80144e+16 5.72488e+13 4.29506e+09 54 26.2773 32 1.48225
1224 1.15292e+18 1.20979e+15 2.14757e+09 60 26.2607 31 1.44931
1225 7.20576e+16 1.52352e+14 1.37439e+11 56 29.8711 37 1.67513
1226 1.80144e+16 9.17285e+13 8.59005e+09 54 28.0088 33 1.59237
1227 1.80144e+16 6.34001e+13 3.43599e+10 54 28.3447 35 1.58022
1228 9.0072e+15 5.85865e+13 1.718e+10 53 29.0146 34 1.59863
1229 7.20576e+16 2.9621e+14 3.43598e+10 56 28.6133 35 1.64321
1230 4.5036e+15 3.03879e+13 3.43598e+10 52 28.542 35 1.57695
1231 3.60288e+16 1.51252e+14 3.43598e+10 55 29.1475 35 1.6092
1232 1.80144e+16 8.17213e+13 6.87196e+10 54 28.9902 36 1.58722
1233 3.60288e+16 1.17609e+14 6.87196e+10 55 29.1104 36 1.62324
1234 1.80144e+16 8.90281e+13 6.87196e+10 54 29.0615 36 1.60539
1235 1.80144e+16 6.63107e+13 8.59003e+09 54 27.5781 33 1.58927
1236 4.5036e+15 3.57975e+13 1.718e+10 52 27.7188 34 1.53813
1237 1.44115e+17 3.68475e+14 1.718e+10 57 28.5098 34 1.61747
1238 3.60288e+16 8.11068e+13 8.59003e+09 55 27.8867 33 1.58597
1239 1.80144e+16 7.69556e+13 3.43598e+10 54 28.4648 35 1.57343
1240 1.80144e+16 9.87773e+13 1.718e+10 54 28.1631 34 1.55412
1241 7.20576e+16 1.42292e+14 3.43599e+10 56 29.0977 35 1.6402
1242 4.5036e+15 6.1808e+13 6.87196e+10 52 29.4736 36 1.64152
1243 3.60288e+16 1.20911e+14 6.87196e+10 55 29.9248 36 1.69366
1244 7.20576e+16 9.20371e+13 3.43598e+10 56 28.4277 35 1.5861
1245 7.20576e+16 1.32453e+14 1.37439e+11 56 29.7422 37 1.63354
1246 1.80144e+16 6.2503e+13 1.07383e+09 54 26.5225 30 1.54162
1247 1.15292e+18 1.203e+15 4.29507e+09 60 27.626 32 1.58715
1248 1.80144e+16 1.13752e+14 1.07383e+09 54 27.0479 30 1.57637
1249 9.0072e+15 8.02832e+13 8.59003e+09 53 27.8633 33 1.54509
1250 4.5036e+15 3.78949e+13 2.14758e+09 52 27.293 31 1.54203
1251 1.80144e+16 5.39177e+13 1.07383e+09 54 26.9902 30 1.54473
1252 9.0072e+15 6.62611e+13 2.14757e+09 53 27.2793 31 1.51933
1253 7.20576e+16 2.11597e+14 5.36949e+08 56 26.2383 29 1.53275
1254 4.5036e+15 3.03472e+13 5.36956e+08 52 26.6973 29 1.49283
1255 9.0072e+15 7.14116e+13 1.07382e+09 53 26.585 30 1.47921
1256 1.80144e+16 6.48515e+13 1.07382e+09 54 26.5273 30 1.52773
1257 4.5036e+15 3.02595e+13 5.36935e+08 52 25.4639 29 1.45047
1258 1.80144e+16 4.76868e+13 5.36955e+08 54 26.4492 29 1.45123
1259 4.5036e+15 3.42575e+13 8.59001e+09 52 27.7422 33 1.56234
1260 1.80144e+16 4.09271e+13 5.36954e+08 54 25.9629 29 1.47283
1261 9.0072e+15 3.52952e+13 1.07382e+09 53 26.0293 30 1.44495
1262 7.20576e+16 2.13909e+14 5.36948e+08 56 26.2148 29 1.45051
1263 1.80144e+16 1.49049e+14 8.59004e+09 54 27.4951 33 1.57372
1264 9.0072e+15 5.64052e+13 4.29506e+09 53 27.2793 32 1.56125
1265 1.80144e+16 7.48818e+13 2.14758e+09 54 27.5059 31 1.52778
1266 9.0072e+15 3.89939e+13 2.68508e+08 53 25.3252 28 1.44227
1267 9.0072e+15 5.49053e+13 2.6851e+08 53 25.7275 28 1.46039
1268 9.0072e+15 7.49324e+13 1.07382e+09 53 26.4111 30 1.51675
1269 7.20576e+16 1.98531e+14 4.29506e+09 56 27.2354 32 1.51155
1270 7.20576e+16 1.13906e+14 5.36961e+08 56 26.3779 29 1.51079
1271 7.20576e+16 1.81663e+14 8.59003e+09 56 27.7256 33 1.57221
1272 9.0072e+15 4.24407e+13 5.36945e+08 53 25.9287 29 1.4861
1273 9.0072e+15 3.93309e+13 5.36949e+08 53 26.377 29 1.5293
1274 4.5036e+15 2.9754e+13 5.3695e+08 52 25.1406 29 1.48091
1275 9.0072e+15 5.92325e+13 2.68505e+08 53 25.8076 28 1.4671
1276 3.60288e+16 5.9559e+13 2.68512e+08 55 25.3828 28 1.46155
1277 1.80144e+16 4.14651e+13 292826 54 20.5869 18 1.27498
1278 3.60288e+16 6.13201e+13 1.34281e+08 55 24.4121 27 1.4109
1279 7.20576e+16 2.46752e+14 2.68511e+08 56 25.9697 28 1.43969
1280 7.20576e+16 1.44519e+14 2.14758e+09 56 27.4463 31 1.54182
1281 3.60288e+16 1.25287e+14 4.29505e+09 55 27.2734 32 1.60705
1282 7.20576e+16 1.59979e+14 2.68505e+08 56 25.2383 28 1.46433
1283 9.0072e+15 4.79805e+13 2.68501e+08 53 25.5352 28 1.438
1284 3.60288e+16 1.10617e+14 1.07382e+09 55 26.5322 30 1.51377
1285 7.20576e+16 1.13235e+14 1.07384e+09 56 26.418 30 1.48957
1286 4.5036e+15 4.39301e+13 2.14757e+09 52 26.9326 31 1.5506
1287 1.80144e+16 6.32791e+13 2.68517e+08 54 25.6787 28 1.48726
1288 3.60288e+16 1.26115e+14 2.14757e+09 55 26.7373 31 1.5238
1289 7.20576e+16 1.23383e+14 2.14754e+09 56 26.626 31 1.50371
1290 3.60288e+16 9.42633e+13 2.68496e+08 55 25.2568 28 1.4428
1291 3.60288e+16 1.62232e+14 2.14757e+09 55 27.1045 31 1.48871
1292 9.0072e+15 5.07549e+13 1.718e+10 53 28.4033 34 1.60649
1293 9.0072e+15 5.91633e+13 2.14757e+09 53 26.5508 31 1.53422
1294 3.60288e+16 5.95608e+13 2.68498e+08 55 25.3818 28 1.41614
1295 3.60288e+16 9.98718e+13 4.29505e+09 55 27.3926 32 1.47888
1296 1.44115e+17 1.87529e+14 8.59005e+09 57 28.4727 33 1.52187
1297 1.80144e+16 8.88642e+13 3.43599e+10 54 28.9844 35 1.53046
1298 3.60288e+16 1.0749e+14 1.718e+10 55 28.4805 34 1.58428
1299 7.20576e+16 1.13655e+14 8.59005e+09 56 27.7842 33 1.55393
1300 1.80144e+16 8.90254e+13 1.718e+10 54 28.4131 34 1.54742
1301 2.8823e+17 3.26856e+14 1.718e+10 58 27.7549 34 1.54533
1302 9.0072e+15 7.38982e+13 8.59003e+09 53 27.2041 33 1.52902
1303 1.80144e+16 1.04244e+14 4.29506e+09 54 27.0439 32 1.49271
1304 1.80144e+16 7.46569e+13 4.29506e+09 54 26.9648 32 1.44546
1305 7.20576e+16 2.48162e+14 8.59003e+09 56 27.5752 33 1.50318
1306 1.80144e+16 7.07489e+13 1.718e+10 54 28.2627 34 1.56726
1307 3.60288e+16 9.11415e+13 1.718e+10 55 27.8867 34 1.54061
1308 3.60288e+16 9.5064e+13 4.29506e+09 55 26.752 32 1.49649
1309 7.20576e+16 2.00834e+14 1.718e+10 56 28.1162 34 1.52898
1310 3.60288e+16 1.01602e+14 4.29506e+09 55 27.4951 32 1.53132
1311 9.0072e+15 6.04286e+13 8.59003e+09 53 27.7598 33 1.51235
1312 3.60288e+16 7.03098e+13 1.07382e+09 55 26.3564 30 1.44147
1313 1.44115e+17 1.91657e+14 1.07383e+09 57 26.959 30 1.47954
1314 1.80144e+16 9.79512e+13 8.59004e+09 54 27.6338 33 1.52086
1315 7.20576e+16 1.31432e+14 5.36956e+08 56 26.085 29 1.50036
1316 9.0072e+15 7.40763e+13 4.29507e+09 53 27.04 32 1.50513
1317 7.20576e+16 1.19663e+14 2.14756e+09 56 26.8301 31 1.50824
1318 7.20576e+16 1.09655e+14 4.29507e+09 56 26.7676 32 1.49859
1319 9.0072e+15 6.17328e+13 1.718e+10 53 27.6309 34 1.49405
1320 7.20576e+16 1.21075e+14 1.07382e+09 56 25.7148 30 1.42591
1321 3.60288e+16 8.5773e+13 4.29506e+09 55 26.8662 32 1.49862
1322 7.20576e+16 2.05618e+14 1.34293e+08 56 25.0254 27 1.41455
1323 9.0072e+15 3.7569e+13 1.07383e+09 53 26.1924 30 1.49183
1324 1.80144e+16 8.75926e+13 5.36949e+08 54 26.1426 29 1.43415
1325 1.80144e+16 8.12848e+13 1.07383e+09 54 26.3574 30 1.45726
1326 9.0072e+15 4.25002e+13 1.07382e+09 53 26.4375 30 1.43992
1327 1.15292e+18 1.17226e+15 1.07384e+09 60 26.8213 30 1.45997
1328 7.20576e+16 1.33388e+14 2.14757e+09 56 27.0439 31 1.43726
1329 3.60288e+16 9.50157e+13 2.68516e+08 55 26.123 28 1.42894
1330 7.20576e+16 1.35533e+14 2.68514e+08 56 26.1895 28 1.42658
1331 9.0072e+15 4.70148e+13 6.71839e+07 53 25.168 26 1.34159
1332 1.15292e+18 1.15398e+15 6.71738e+07 60 25.0908 26 1.34438
1333 3.60288e+16 9.75255e+13 5.36958e+08 55 27.0322 29 1.49027
1334 2.8823e+17 4.43822e+14 4.29506e+09 58 27.6133 32 1.44435
1335 7.20576e+16 1.47837e+14 2.14758e+09 56 26.959 31 1.48032
1336 1.80144e+16 1.09867e+14 4.29505e+09 54 27.2344 32 1.50742
1337 1.80144e+16 8.8265e+13 1.34297e+08 54 25.3789 27 1.42798
1338 1.44115e+17 2.19952e+14 5.36955e+08 57 26.1025 29 1.41101
1339 3.60288e+16 1.30281e+14 1.07383e+09 55 26.835 30 1.48123
1340 7.20576e+16 1.54584e+14 1.07382e+09 56 26.8926 30 1.45684
1341 1.80144e+16 5.03627e+13 1.07383e+09 54 26.4775 30 1.4143
1342 1.80144e+16 9.45326e+13 2.14756e+09 54 27.415 31 1.46997
1343 3.60288e+16 5.65071e+13 6.71679e+07 55 24.6309 26 1.33893
1344 2.8823e+17 3.25728e+14 2.68517e+08 58 25.7891 28 1.39923
1345 3.60288e+16 9.08526e+13 1.68355e+07 55 23.708 24 1.33726
1346 1.44115e+17 1.77645e+14 4.23739e+06 57 22.3447 22 1.33709
1347 1.44115e+17 1.88333e+14 8.44342e+06 57 22.6777 23 1.24261
1348 1.80144e+16 5.322e+13 95839.1 54 19.8809 16 1.14855
1349 4.5036e+15 2.62676e+13 559170 52 20.8838 19 1.19679
1350 4.5036e+15 2.47536e+13 2.14261e+06 52 22.0234 21 1.19189
1351 9.0072e+15 3.34406e+13 295053 53 20.4111 18 1.18961
1352 1.44115e+17 1.78262e+14 293952 57 21.1553 18 1.2234
1353 9.0072e+15 3.94166e+13 8.44353e+06 53 22.9814 23 1.28395
1354 7.20576e+16 1.03881e+14 4.24244e+06 56 22.5684 22 1.30295
1355 1.80144e+16 3.79666e+13 6.71776e+07 54 24.4482 26 1.35119
1356 9.0072e+15 3.2729e+13 3.36159e+07 53 23.8564 25 1.32079
1357 7.20576e+16 8.99329e+13 1.07382e+09 56 25.6279 30 1.42678
1358 9.0072e+15 3.46531e+13 6.717e+07 53 23.627 26 1.33248
1359 1.80144e+16 5.92609e+13 1.68366e+07 54 23.7021 24 1.31336
1360 9.0072e+15 3.0099e+13 6.71722e+07 53 23.4766 26 1.33937
1361 2.2518e+15 2.15929e+13 2.68513e+08 51 24.4551 28 1.37021
1362 9.0072e+15 2.64733e+13 3.36185e+07 53 23.5938 25 1.3117
1363 4.5036e+15 2.18788e+13 3.36134e+07 52 23.7705 25 1.3507
1364 9.0072e+15 3.03398e+13 1.68367e+07 53 22.957 24 1.33276
1365 9.0072e+15 3.25584e+13 6.71758e+07 53 24.1758 26 1.38786
1366 4.5036e+15 2.65339e+13 8.43427e+06 52 22.6016 23 1.28913
1367 1.1259e+15 1.07442e+13 6.71646e+07 50 23.2373 26 1.25998
1368 9.0072e+15 1.92907e+13 6.71626e+07 53 23.8359 26 1.39875
1369 4.5036e+15 2.24654e+13 2.68501e+08 52 24.7793 28 1.39153
1370 1.80144e+16 4.67786e+13 1.34282e+08 54 24.2588 27 1.40305
1371 4.5036e+15 2.18893e+13 6.71743e+07 52 23.9883 26 1.37306
1372 9.0072e+15 2.64123e+13 6.7164e+07 53 23.7559 26 1.32441
1373 4.5036e+15 2.46481e+13 1.34285e+08 52 24.3145 27 1.34997
1374 3.60288e+16 7.47881e+13 1.3429e+08 55 25.1816 27 1.41968
1375 9.0072e+15 2.15624e+13 3.36236e+07 53 23.7637 25 1.2865
1376 7.20576e+16 1.65638e+14 2.68496e+08 56 24.8145 28 1.42349
1377 9.0072e+15 2.7271e+13 3.36115e+07 53 23.3145 25 1.34909
1378 9.0072e+15 2.59958e+13 2.68515e+08 53 24.9023 28 1.37525
1379 4.5036e+15 1.95169e+13 2.6851e+08 52 24.8652 28 1.44655
1380 1.80144e+16 4.52031e+13 1.34287e+08 54 24.4609 27 1.32527
1381 9.0072e+15 3.6472e+13 2.68505e+08 53 25.3096 28 1.35912
1382 1.80144e+16 6.02466e+13 2.68515e+08 54 25.0283 28 1.41791
1383 1.80144e+16 4.76415e+13 5.36956e+08 54 25.8311 29 1.44562
1384 2.2518e+15 1.64327e+13 1.07383e+09 51 26.0635 30 1.43588
1385 1.80144e+16 4.64385e+13 5.36942e+08 54 25.8564 29 1.47802
1386 1.80144e+16 4.97823e+13 5.36951e+08 54 25.4189 29 1.38159
1387 9.0072e+15 4.84245e+13 5.3696e+08 53 26.0264 29 1.37865
1388 4.5036e+15 2.02316e+13 1.3428e+08 52 24.4551 27 1.36862
1389 9.0072e+15 4.57215e+13 1.3429e+08 53 24.7998 27 1.37307
1390 1.80144e+16 4.66033e+13 6.71799e+07 54 24.7461 26 1.34786
1391 1.44115e+17 2.33986e+14 1.07383e+09 57 26.4463 30 1.4521
1392 1.44115e+17 2.19004e+14 5.3695e+08 57 25.9961 29 1.43821
1393 1.80144e+16 6.9408e+13 2.14757e+09 54 26.709 31 1.4542
1394 4.5036e+15 5.44449e+13 1.07383e+09 52 26.4707 30 1.48825
1395 7.20576e+16 1.57231e+14 1.07383e+09 56 26.4473 30 1.50358
1396 1.80144e+16 4.01719e+13 2.68507e+08 54 25.6816 28 1.41716
1397 3.60288e+16 1.04019e+14 4.29505e+09 55 27.4033 32 1.52996
1398 1.80144e+16 8.96371e+13 1.07383e+09 54 26.5635 30 1.48691
1399 1.80144e+16 5.11857e+13 5.3694e+08 54 25.4346 29 1.44618
1400 9.0072e+15 5.68886e+13 2.14758e+09 53 26.6768 31 1.49455
1401 1.44115e+17 2.05503e+14 2.14757e+09 57 26.8662 31 1.47779
1402 3.60288e+16 9.46398e+13 4.29506e+09 55 27.2734 32 1.54064
1403 1.44115e+17 2.02124e+14 1.34293e+08 57 25.8857 27 1.4116
1404 3.60288e+16 1.01053e+14 2.68511e+08 55 26.084 28 1.41215
1405 9.0072e+15 5.33269e+13 6.71767e+07 53 25.2744 26 1.41736
1406 1.44115e+17 1.84085e+14 1.68351e+07 57 24.2236 24 1.33155
1407 7.20576e+16 1.64519e+14 5.36958e+08 56 26.8486 29 1.42971
1408 3.60288e+16 7.73854e+13 5.36954e+08 55 26.2891 29 1.47426
1409 1.80144e+16 4.41126e+13 6.71743e+07 54 24.9551 26 1.35376
1410 3.60288e+16 1.29948e+14 2.14757e+09 55 27.1201 31 1.47913
1411 7.20576e+16 1.34337e+14 2.14758e+09 56 27.4961 31 1.47784
1412 9.0072e+15 4.9698e+13 5.36951e+08 53 26.2207 29 1.56108
1413 1.80144e+16 5.75617e+13 2.68503e+08 54 25.5615 28 1.47414
1414 3.60288e+16 5.87257e+13 6.71692e+07 55 24.6406 26 1.37937
1415 1.80144e+16 1.06407e+14 5.36947e+08 54 25.9922 29 1.4109
1416 7.20576e+16 1.97077e+14 2.68505e+08 56 25.0215 28 1.42276
1417 1.44115e+17 3.20178e+14 1.07382e+09 57 26.1357 30 1.43128
1418 3.60288e+16 1.32895e+14 5.36953e+08 55 25.9492 29 1.44263
1419 3.60288e+16 1.34697e+14 2.68503e+08 55 25.2949 28 1.42949
1420 1.80144e+16 1.06181e+14 5.36957e+08 54 25.9189 29 1.45427
1421 3.60288e+16 1.07701e+14 2.6852e+08 55 25.6143 28 1.41409
1422 4.5036e+15 3.27171e+13 5.36944e+08 52 25.3213 29 1.4154
1423 1.80144e+16 5.479e+13 1.07382e+09 54 25.9561 30 1.46396
1424 2.8823e+17 3.34387e+14 2.68515e+08 58 25.6074 28 1.42336
1425 1.80144e+16 7.75942e+13 2.14757e+09 54 26.3389 31 1.4609
1426 9.0072e+15 5.31757e+13 5.36945e+08 53 25.6797 29 1.41153
1427 3.60288e+16 8.79364e+13 6.71762e+07 55 23.8242 26 1.41765
1428 1.80144e+16 5.4694e+13 1.07383e+09 54 25.8311 30 1.4016
1429 7.20576e+16 1.53161e+14 2.14757e+09 56 25.877 31 1.447
1430 2.8823e+17 3.24075e+14 4.29506e+09 58 26.3818 32 1.45107
1431 5.76461e+17 5.96826e+14 4.29507e+09 59 26.6914 32 1.44981
1432 9.0072e+15 6.09558e+13 8.59002e+09 53 27.3047 33 1.56092
1433 4.5036e+15 2.92066e+13 1.07383e+09 52 25.4229 30 1.43165
1434 3.60288e+16 1.19096e+14 2.68519e+08 55 25.1953 28 1.41765
1435 9.0072e+15 3.67761e+13 5.36948e+08 53 25.5762 29 1.42874
1436 7.20576e+16 1.38856e+14 3.36158e+07 56 23.8438 25 1.38716
1437 3.60288e+16 1.33888e+14 1.07383e+09 55 25.9092 30 1.44902
1438 3.60288e+16 7.90305e+13 2.68512e+08 55 24.9697 28 1.41962
1439 3.60288e+16 1.73889e+14 1.07384e+09 55 26.8281 30 1.47561
1440 9.0072e+15 4.57849e+13 2.14758e+09 53 26.6699 31 1.4656
1441 3.60288e+16 1.57895e+14 2.14757e+09 55 26.251 31 1.45797
1442 4.5036e+15 2.41769e+13 2.14757e+09 52 26.7969 31 1.4914
1443 7.20576e+16 1.7042e+14 4.29506e+09 56 27.2119 32 1.52498
1444 1.80144e+16 8.11288e+13 8.59003e+09 54 26.5488 33 1.49563
1445 1.44115e+17 1.76217e+14 4.29506e+09 57 26.3232 32 1.47855
1446 9.0072e+15 4.23147e+13 1.718e+10 53 28.3975 34 1.60732
1447 1.80144e+16 6.90139e+13 4.29506e+09 54 26.6631 32 1.4996
1448 1.80144e+16 7.02552e+13 5.36952e+08 54 25.5508 29 1.4482
1449 1.44115e+17 1.85621e+14 2.14758e+09 57 26.6738 31 1.51534
1450 3.60288e+16 1.1169e+14 4.29506e+09 55 27.0166 32 1.54498
1451 7.20576e+16 1.23929e+14 1.07382e+09 56 26.2012 30 1.46689
1452 7.20576e+16 1.60515e+14 4.29506e+09 56 27.0156 32 1.57623
1453 1.80144e+16 5.18928e+13 6.71724e+07 54 23.918 26 1.42523
1454 1.80144e+16 4.37555e+13 4.29506e+09 54 26.1514 32 1.54769
1455 9.0072e+15 6.905e+13 8.59004e+09 53 27.125 33 1.52303
1456 7.20576e+16 1.3319e+14 8.59005e+09 56 27.0039 33 1.58006
1457 1.44115e+17 2.27132e+14 1.718e+10 57 27.2725 34 1.50392
1458 1.44115e+17 3.95167e+14 6.87196e+10 57 28.5635 36 1.58055
1459 7.20576e+16 1.81066e+14 6.87196e+10 56 29.4951 36 1.5942
1460 3.60288e+16 9.8799e+13 3.43599e+10 55 27.5029 35 1.53225
1461 1.80144e+16 8.25517e+13 6.87196e+10 54 28.5088 36 1.54894
1462 4.5036e+15 4.3361e+13 8.59004e+09 52 27.6533 33 1.5857
1463 4.5036e+15 3.26483e+13 1.718e+10 52 27.8535 34 1.54123
1464 1.44115e+17 2.3908e+14 1.718e+10 57 27.2568 34 1.61102
1465 7.20576e+16 1.41631e+14 6.87196e+10 56 28.7568 36 1.65413
1466 9.0072e+15 8.58519e+13 3.43599e+10 53 29.0635 35 1.61776
1467 1.80144e+16 8.1419e+13 3.43599e+10 54 28.9561 35 1.60457
1468 9.0072e+15 7.13256e+13 6.87196e+10 53 29.0498 36 1.61599
1469 2.8823e+17 3.30914e+14 6.87196e+10 58 29.0391 36 1.58807
1470 9.0072e+15 6.39733e+13 4.29506e+09 53 27.5537 32 1.52947
1471 7.20576e+16 2.12635e+14 1.718e+10 56 28.1465 34 1.5525
1472 4.5036e+15 5.19492e+13 1.07382e+09 52 26.3682 30 1.52499
1473 3.60288e+16 1.32164e+14 2.14757e+09 55 26.4854 31 1.52017
1474 7.20576e+16 1.20597e+14 1.3429e+08 56 25.9678 27 1.4617
1475 3.60288e+16 1.37658e+14 8.59004e+09 55 27.9111 33 1.55366
1476 1.44115e+17 2.87107e+14 1.718e+10 57 27.9443 34 1.58877
1477 9.0072e+15 6.45772e+13 3.43599e+10 53 28.6846 35 1.63061
1478 1.44115e+17 2.90904e+14 1.718e+10 57 28.0713 34 1.65026
1479 1.80144e+16 7.95077e+13 1.718e+10 54 27.2646 34 1.56337
1480 7.20576e+16 1.54416e+14 1.718e+10 56 27.8535 34 1.59122
1481 3.60288e+16 1.91399e+14 3.43598e+10 55 27.5605 35 1.61095
1482 2.8823e+17 7.43716e+14 6.87196e+10 58 28.3223 36 1.5893
1483 2.8823e+17 4.43894e+14 1.37439e+11 58 29.0898 37 1.65436
1484 3.60288e+16 1.69871e+14 1.37439e+11 55 30.1904 37 1.6947
1485 5.76461e+17 1.07826e+15 3.43599e+10 59 28.7578 35 1.62202
1486 7.20576e+16 2.4412e+14 1.718e+10 56 27.4297 34 1.60282
1487 2.8823e+17 5.14471e+14 1.718e+10 58 27.6914 34 1.54069
1488 1.80144e+16 1.29413e+14 6.87196e+10 54 28.7617 36 1.60883
1489 2.8823e+17 4.26987e+14 1.718e+10 58 27.4824 34 1.55121
1490 2.8823e+17 4.14222e+14 6.87196e+10 58 28.4395 36 1.62368
1491 1.44115e+17 4.08426e+14 2.14758e+09 57 26.9443 31 1.54203
1492 7.20576e+16 1.46211e+14 4.29507e+09 56 27.4561 32 1.53772
1493 7.20576e+16 2.23388e+14 1.07382e+09 56 26.4043 30 1.49132
1494 7.20576e+16 1.8007e+14 8.59003e+09 56 27.54 33 1.54484
1495 3.60288e+16 1.54e+14 8.59004e+09 55 27.126 33 1.53383
1496 7.20576e+16 2.32733e+14 4.29508e+09 56 27.0156 32 1.53559
1497 3.60288e+16 1.92738e+14 1.07382e+09 55 26.0195 30 1.45785
1498 7.20576e+16 1.80785e+14 1.07383e+09 56 26.2852 30 1.52905
1499 3.60288e+16 1.78853e+14 4.29506e+09 55 26.7041 32 1.47817
