2008.89
0 434.639 8.15711 4 2 0.0380859 0 0.130094
1 435.053 8.05258 4 2 0.0341797 0 0.133366
2 111.425 8.2971 4 1 0.0371094 0 0.135666
3 435.127 10.6721 5 2 0.0537109 0 0.136562
4 435.117 9.32988 4 2 0.0419922 0 0.136901
5 110.371 8.97169 5 1 0.0390625 0 0.141657
6 435.053 9.3229 5 2 0.0390625 0 0.140781
7 435.053 11.4415 5 2 0.0605469 0 0.140372
8 435.127 10.941 5 2 0.0576172 0 0.141737
9 116.603 10.0569 5 1 0.0498047 0 0.142299
10 112.44 9.84618 6 1 0.046875 0 0.143268
11 434.818 10.1023 5 2 0.0478516 0 0.142948
12 435.127 10.1312 5 2 0.0449219 0 0.140402
13 435.149 9.78653 5 2 0.0449219 0 0.142014
14 434.818 9.51837 5 2 0.0361328 0 0.144498
15 111.425 9.89853 6 1 0.046875 0 0.144125
16 111.425 10.1205 6 1 0.0498047 0 0.143183
17 435.151 12.2248 6 2 0.0634766 0 0.143997
18 434.954 11.5762 6 2 0.0576172 0 0.148637
19 434.954 11.1833 6 2 0.0566406 0 0.144857
20 112.44 10.3794 6 1 0.0498047 0 0.146058
21 434.818 9.85653 6 2 0.0419922 0 0.146345
22 435.076 11.1459 6 2 0.0527344 0 0.149683
23 435.151 10.7955 6 2 0.0458984 0 0.145362
24 434.639 10.4451 6 2 0.046875 0 0.147993
25 435.117 12.3468 6 2 0.0605469 0 0.146507
26 435.151 11.9713 6 2 0.0556641 0 0.147941
27 113.897 10.5819 6 1 0.0527344 0 0.145475
28 434.954 11.9116 6 2 0.0625 0 0.14689
29 435.149 11.8053 6 2 0.0595703 0 0.148813
30 435.053 11.5808 6 2 0.0576172 0 0.149103
31 125.332 12.2027 6 1 0.0644531 0 0.151472
32 434.818 11.768 6 2 0.0576172 0 0.151761
33 435.127 11.9038 6 2 0.0537109 0 0.152164
34 435.151 14.456 6 2 0.0761719 0 0.150776
35 435.149 12.7934 6 2 0.0615234 0 0.15201
36 1011.31 13.7698 6 3 0.0683594 0 0.151416
37 435.053 11.0648 6 2 0.0488281 0 0.153733
38 435.127 12.8852 6 2 0.0664062 0 0.15429
39 434.954 11.9278 6 2 0.0566406 0 0.154871
40 1009.59 15.2001 6 3 0.0800781 0 0.155267
41 435.151 15.5809 6 2 0.0849609 0 0.157488
42 435.151 14.7683 6 2 0.0742188 0 0.157832
43 435.149 12.8043 6 2 0.0585938 0 0.157771
44 1009.59 13.8771 6 3 0.0673828 0 0.157079
45 435.151 16.4098 7 2 0.0917969 0 0.16223
46 435.151 14.7346 7 2 0.0722656 0 0.162381
47 435.127 13.3028 7 2 0.0625 0 0.159475
48 435.151 13.1912 7 2 0.0615234 0 0.158865
49 435.076 13.9666 7 2 0.0712891 0 0.159724
50 435.127 14.395 7 2 0.0712891 0 0.159319
51 434.638 12.968 7 2 0.0634766 0 0.15975
52 435.053 15.8904 7 2 0.0849609 0 0.161037
53 435.149 14.7016 7 2 0.0722656 0 0.159662
54 435.149 14.3838 7 2 0.0703125 0 0.163333
55 435.127 14.0581 7 2 0.0673828 0 0.159933
56 435.053 14.0747 7 2 0.0712891 0 0.160802
57 435.151 13.4373 7 2 0.0673828 0 0.160776
58 435.127 15.372 7 2 0.078125 0 0.160443
59 1011.78 14.1567 7 3 0.0634766 0 0.160098
60 110.903 13.3083 7 1 0.0664062 0 0.163606
61 435.149 14.5435 7 2 0.0703125 0 0.162667
62 435.127 15.1631 8 2 0.0771484 0 0.164134
63 435.127 16.2313 7 2 0.0820312 0 0.163385
64 435.149 17.3894 8 2 0.0878906 0 0.165058
65 110.903 12.9304 7 1 0.0625 0 0.162809
66 435.151 15.3152 8 2 0.0791016 0 0.163861
67 435.127 14.6943 8 2 0.0712891 0 0.165776
68 435.151 14.8617 8 2 0.0761719 0 0.164919
69 435.151 17.0931 7 2 0.0859375 0 0.16419
70 434.954 15.843 8 2 0.0839844 0 0.164853
71 435.149 15.2159 8 2 0.078125 0 0.166462
72 435.117 15.0773 8 2 0.0810547 0 0.164139
73 435.117 14.6744 7 2 0.0722656 0 0.164352
74 1011.31 16.2136 8 3 0.078125 0 0.168009
75 435.127 16.5354 8 2 0.0869141 0 0.167319
76 435.127 16.3538 8 2 0.0820312 0 0.16547
77 1008.92 15.7197 8 3 0.078125 0 0.167575
78 1009.59 17.7144 8 3 0.0859375 0 0.169082
79 1011.31 19.58 8 3 0.111328 0 0.169879
80 435.151 16.8606 8 2 0.0839844 0 0.168933
81 435.151 18.5907 8 2 0.0957031 0 0.167963
82 435.151 18.1285 8 2 0.0996094 0 0.172079
83 1011.78 19.0192 8 3 0.0986328 0 0.169874
84 435.151 20.2473 8 2 0.118164 0 0.172306
85 435.127 17.1289 8 2 0.0859375 0 0.173264
86 1011.31 16.9602 8 3 0.0878906 0 0.170882
87 435.127 17.667 8 2 0.0966797 0 0.171984
88 435.127 20.1276 8 2 0.121094 0 0.173516
89 435.151 18.2528 8 2 0.0966797 0 0.174083
90 435.151 21.095 9 2 0.121094 0 0.173561
91 435.151 18.4476 8 2 0.09375 0 0.175024
92 1008.92 23.1822 9 3 0.126953 0 0.176562
93 435.149 21.226 8 2 0.119141 0 0.175944
94 435.151 20.1893 9 2 0.112305 0 0.177008
95 435.151 23.1309 9 2 0.130859 0 0.176374
96 435.149 20.107 8 2 0.114258 0 0.176031
97 435.127 19.4738 8 2 0.108398 0 0.17543
98 435.151 21.8567 9 2 0.121094 0 0.178359
99 435.151 21.3209 9 2 0.120117 0 0.178382
100 435.149 18.0342 8 2 0.0976562 0 0.175875
101 435.127 22.1137 9 2 0.128906 0 0.177234
102 1009.59 23.0602 9 3 0.124023 0 0.178664
103 1008.92 20.0848 9 3 0.106445 0 0.180365
104 435.117 20.9466 9 2 0.12207 0 0.179378
105 435.149 22.9875 9 2 0.125977 0 0.180532
106 435.151 20.346 9 2 0.117188 0 0.178037
107 435.149 21.6032 9 2 0.121094 0 0.180331
108 435.151 23.641 9 2 0.142578 0 0.182854
109 435.127 23.3532 9 2 0.131836 0 0.182412
110 435.151 24.1869 9 2 0.143555 0 0.182128
111 1008.92 26.8864 9 3 0.15625 0 0.181438
112 1012.18 23.9819 9 3 0.136719 0 0.182239
113 435.149 22.7142 9 2 0.132812 0 0.182941
114 435.127 21.9897 9 2 0.131836 0 0.180505
115 435.149 23.9457 9 2 0.145508 0 0.182676
116 435.127 25.7143 9 2 0.157227 0 0.183042
117 435.149 27.909 9 2 0.166992 0 0.183264
118 1011.31 26.3727 9 3 0.145508 0 0.181973
119 1008.92 25.4429 9 3 0.151367 0 0.183095
120 435.149 26.5849 9 2 0.166992 0 0.183933
121 435.151 29.2254 9 2 0.189453 0 0.186907
122 1012.52 23.7265 9 3 0.138672 0 0.188215
123 435.151 28.952 9 2 0.186523 0 0.186667
124 1010.79 30.3418 9 3 0.179688 0 0.18518
125 1008.92 31.69 9 3 0.186523 0 0.184564
126 435.151 30.9896 9 2 0.193359 0 0.184444
127 435.151 30.2891 9 2 0.195312 0 0.187882
128 1008.92 32.7039 9 3 0.198242 0 0.185475
129 1008.92 30.326 9 3 0.180664 0 0.186344
130 435.151 32.4787 9 2 0.195312 0 0.190182
131 435.151 32.1391 9 2 0.209961 0 0.186798
132 1846.55 31.5263 9 4 0.197266 0 0.188443
133 1012.18 32.3516 9 3 0.193359 0 0.190124
134 435.149 32.4656 9 2 0.201172 0 0.190984
135 1010.21 34.8441 9 3 0.224609 0 0.18853
136 1008.92 31.7533 9 3 0.197266 0 0.18957
137 435.151 35.8644 9 2 0.227539 0 0.192643
138 435.151 35.316 9 2 0.229492 0 0.192129
139 435.151 35.7577 10 2 0.233398 0 0.193163
140 435.149 34.1635 9 2 0.225586 0 0.194024
141 1011.31 37.9306 9 3 0.237305 0 0.19234
142 1009.59 38.4105 9 3 0.24707 0 0.19219
143 435.151 35.2758 9 2 0.229492 0 0.191401
144 1008.92 35.1725 9 3 0.226562 0 0.19021
145 435.151 35.2875 9 2 0.229492 0 0.191491
146 1011.31 37.5021 9 3 0.226562 0 0.191591
147 435.151 42.0912 9 2 0.263672 0 0.193199
148 1010.79 36.3353 9 3 0.240234 0 0.191499
149 1010.21 38.6751 9 3 0.238281 0 0.191853
150 1012.18 38.0116 9 3 0.244141 0 0.191331
151 1011.31 38.3905 9 3 0.256836 0 0.190904
152 1008.92 39.4976 9 3 0.253906 0 0.192589
153 1008.92 41.1866 9 3 0.256836 0 0.193503
154 1011.31 37.2678 9 3 0.227539 0 0.192658
155 1008.92 41.5636 10 3 0.266602 0 0.194203
156 435.151 40.1513 9 2 0.263672 0 0.194301
157 1009.59 41.5271 9 3 0.268555 0 0.19396
158 1011.31 43.7399 9 3 0.28418 0 0.19483
159 435.151 40.2336 9 2 0.275391 0 0.191704
160 1009.59 44.1359 9 3 0.291016 0 0.193873
161 435.151 40.8363 9 2 0.262695 0 0.193216
162 1008.92 40.2274 9 3 0.264648 0 0.193713
163 435.151 40.3408 9 2 0.262695 0 0.195737
164 435.151 37.5466 9 2 0.248047 0 0.195308
165 1010.79 43.8394 9 3 0.291992 0 0.194422
166 1008.92 42.9417 9 3 0.285156 0 0.194017
167 1009.59 40.8052 9 3 0.275391 0 0.192945
168 1011.31 40.8355 9 3 0.267578 0 0.191601
169 1008.92 40.7807 9 3 0.268555 0 0.19298
170 435.151 37.968 9 2 0.263672 0 0.191754
171 1011.31 40.1864 9 3 0.263672 0 0.194371
172 1010.21 43.5532 10 3 0.273438 0 0.196897
173 1010.79 42.0309 9 3 0.274414 0 0.195832
174 1008.92 49.2336 11 3 0.321289 0 0.194725
175 1011.31 38.9498 9 3 0.25293 0 0.195231
176 1010.21 41.9024 9 3 0.273438 0 0.194982
177 1008.92 49.4767 10 3 0.31543 0 0.197718
178 1011.31 46.5015 10 3 0.298828 0 0.19671
179 435.127 40.7866 9 2 0.273438 0 0.19691
180 1011.31 48.616 11 3 0.318359 0 0.196199
181 1011.31 41.8341 11 3 0.277344 0 0.1982
182 1008.92 42.0447 10 3 0.280273 0 0.197503
183 1011.78 42.9907 9 3 0.268555 0 0.195662
184 1009.59 44.0779 10 3 0.285156 0 0.197872
185 1008.92 42.1033 9 3 0.275391 0 0.195645
186 1012.18 46.4312 10 3 0.311523 0 0.197853
187 1009.59 46.2966 10 3 0.303711 0 0.196844
188 1012.18 43.6384 11 3 0.295898 0 0.197845
189 435.151 48.7631 11 2 0.326172 0 0.20105
190 1011.78 45.3348 10 3 0.293945 0 0.199659
191 1010.21 48.1811 11 3 0.324219 0 0.200508
192 1008.92 49.0581 10 3 0.320312 0 0.197233
193 435.151 44.9597 11 2 0.289062 0 0.198025
194 1011.78 43.7269 10 3 0.290039 0 0.198291
195 435.151 41.6842 11 2 0.282227 0 0.199792
196 1846.55 47.3984 11 4 0.307617 0 0.199531
197 1008.92 44.4169 11 3 0.282227 0 0.199877
198 1008.92 45.1765 10 3 0.28418 0 0.197904
199 1011.31 44.929 10 3 0.299805 0 0.1987
200 1008.92 47.5208 11 3 0.321289 0 0.199508
201 1843.9 48.6414 11 4 0.300781 0 0.198316
202 1011.31 43.5683 9 3 0.285156 0 0.197039
203 1010.21 52.1406 12 3 0.342773 0 0.199591
204 1011.31 50.0572 10 3 0.314453 0 0.200377
205 1010.21 43.8314 10 3 0.291992 0 0.197472
206 1008.92 46.934 11 3 0.316406 0 0.200775
207 1008.92 54.6103 11 3 0.34375 0 0.198747
208 1009.59 46.2093 11 3 0.310547 0 0.199113
209 435.151 45.9158 11 2 0.316406 0 0.199761
210 435.151 47.5369 11 2 0.316406 0 0.201956
211 435.151 45.3437 11 2 0.305664 0 0.199967
212 1011.31 50.6545 12 3 0.335938 0 0.200665
213 1008.92 48.134 12 3 0.322266 0 0.200716
214 1843.9 51.6342 11 4 0.351562 0 0.199155
215 1008.92 48.2854 11 3 0.314453 0 0.200602
216 1008.92 49.4531 12 3 0.320312 0 0.202511
217 1009.59 45.7736 11 3 0.295898 0 0.200322
218 435.151 44.7424 10 2 0.299805 0 0.199023
219 1008.92 46.2736 11 3 0.305664 0 0.203298
220 435.149 42.917 11 2 0.291992 0 0.200842
221 435.151 48.9415 11 2 0.321289 0 0.200923
222 1009.59 53.9165 12 3 0.34082 0 0.202521
223 1843.9 51.2648 12 4 0.317383 0 0.203008
224 1011.31 42.9148 11 3 0.290039 0 0.202819
225 1007.46 50.5789 12 3 0.328125 0 0.201187
226 1008.92 44.5786 11 3 0.291992 0 0.201519
227 1009.59 50.8251 12 3 0.34082 0 0.203601
228 435.151 51.0283 12 2 0.347656 0 0.203342
229 435.151 50.2132 12 2 0.342773 0 0.202445
230 1009.59 44.6427 11 3 0.296875 0 0.202184
231 435.151 47.9954 12 2 0.323242 0 0.203614
232 1011.78 47.7863 12 3 0.317383 0 0.2059
233 1009.59 52.1621 12 3 0.342773 0 0.204547
234 435.151 48.3732 13 2 0.329102 0 0.204208
235 435.151 50.8189 12 2 0.335938 0 0.20479
236 1008.92 50.2135 12 3 0.328125 0 0.202528
237 1010.21 49.7791 12 3 0.332031 0 0.204317
238 1010.21 52.8348 13 3 0.34375 0 0.205548
239 1009.59 52.1624 12 3 0.352539 0 0.203329
240 1011.31 54.6619 13 3 0.362305 0 0.205295
241 1008.92 54.474 13 3 0.356445 0 0.204313
242 435.151 42.9226 12 2 0.289062 0 0.204504
243 1848.92 50.5117 12 4 0.327148 0 0.20445
244 1008.92 49.5211 12 3 0.320312 0 0.203802
245 1008.92 49.5158 12 3 0.331055 0 0.202465
246 1008.92 47.6302 12 3 0.319336 0 0.2042
247 1010.79 52.5091 12 3 0.34668 0 0.202812
248 435.151 51.6895 13 2 0.348633 0 0.205235
249 1008.92 51.9001 12 3 0.324219 0 0.205009
250 1010.79 48.5343 12 3 0.311523 0 0.20492
251 1008.92 44.983 12 3 0.300781 0 0.205494
252 1008.92 51.4834 13 3 0.333984 0 0.206383
253 1011.31 55.2078 13 3 0.348633 0 0.207811
254 1008.92 49.6031 13 3 0.341797 0 0.20751
255 1008.92 46.4507 13 3 0.310547 0 0.205963
256 435.151 46.7293 12 2 0.308594 0 0.20672
257 1008.92 51.5157 13 3 0.332031 0 0.205455
258 1008.92 50.9538 13 3 0.341797 0 0.206407
259 1010.79 53.9376 13 3 0.355469 0 0.204429
260 435.151 49.2683 12 2 0.333984 0 0.204025
261 1009.59 54.8518 13 3 0.358398 0 0.207131
262 435.151 45.4841 12 2 0.307617 0 0.207785
263 1009.59 50.7788 13 3 0.335938 0 0.205629
264 1008.92 50.6538 12 3 0.322266 0 0.20472
265 1009.59 52.0851 13 3 0.344727 0 0.205868
266 1011.31 55.2776 12 3 0.347656 0 0.203018
267 1009.59 52.2985 13 3 0.344727 0 0.205881
268 1008.92 48.2461 12 3 0.301758 0 0.20446
269 1009.59 50.4319 13 3 0.332031 0 0.206226
270 1008.92 51.0278 13 3 0.350586 0 0.205694
271 1009.59 53.7615 13 3 0.358398 0 0.204519
272 1008.92 52.1969 13 3 0.333008 0 0.205514
273 435.151 51.795 13 2 0.34668 0 0.206281
274 1011.78 54.1305 13 3 0.354492 0 0.205688
275 1012.18 47.8617 12 3 0.318359 0 0.205445
276 435.151 45.7179 12 2 0.310547 0 0.204616
277 1011.31 53.8774 13 3 0.365234 0 0.206779
278 1012.52 51.3624 12 3 0.342773 0 0.204615
279 1009.59 45.7654 12 3 0.291992 0 0.204816
280 1008.92 51.4121 13 3 0.34375 0 0.207364
281 1008.92 46.5701 12 3 0.304688 0 0.205754
282 1011.31 47.9015 13 3 0.31543 0 0.205997
283 1008.92 52.8937 13 3 0.348633 0 0.206004
284 1008.92 48.7541 13 3 0.321289 0 0.207493
285 1845.26 45.2472 12 4 0.300781 0 0.207236
286 435.151 54.4804 13 2 0.356445 0 0.208671
287 1008.92 51.6034 13 3 0.353516 0 0.206024
288 435.151 48.4631 13 2 0.324219 0 0.205864
289 1011.31 47.9641 13 3 0.327148 0 0.20717
290 1008.92 52.4246 13 3 0.345703 0 0.207359
291 435.151 47.1083 13 2 0.30957 0 0.206278
292 1008.92 46.7741 13 3 0.308594 0 0.206188
293 1008.92 46.4205 12 3 0.303711 0 0.205604
294 435.151 54.0602 13 2 0.359375 0 0.207954
295 1009.59 53.5794 13 3 0.358398 0 0.206211
296 1008.92 50.9 13 3 0.342773 0 0.205118
297 1843.9 50.8098 13 4 0.329102 0 0.206903
298 1009.59 51.1837 13 3 0.337891 0 0.20684
299 1011.31 51.054 12 3 0.34082 0 0.203007
300 435.151 49.7709 13 2 0.337891 0 0.205572
301 1009.59 54.6668 13 3 0.355469 0 0.205483
302 1009.59 53.5518 13 3 0.336914 0 0.206558
303 435.151 48.3454 13 2 0.317383 0 0.207217
304 1008.92 53.1321 13 3 0.338867 0 0.206574
305 1008.92 50.9468 13 3 0.338867 0 0.207868
306 1008.92 47.1199 13 3 0.311523 0 0.207493
307 1011.31 49.6199 13 3 0.337891 0 0.205568
308 1008.92 52.4482 13 3 0.342773 0 0.208302
309 435.151 53.7457 13 2 0.355469 0 0.205746
310 1012.18 49.6124 13 3 0.325195 0 0.20714
311 435.151 47.5438 13 2 0.332031 0 0.20836
312 435.151 45.9493 12 2 0.302734 0 0.206518
313 1008.92 50.5684 13 3 0.320312 0 0.206094
314 1011.31 50.3354 12 3 0.330078 0 0.204545
315 1011.31 50.3048 13 3 0.330078 0 0.20713
316 1008.92 50.6146 13 3 0.327148 0 0.206554
317 1011.31 49.6246 13 3 0.334961 0 0.206002
318 1008.92 50.9369 13 3 0.338867 0 0.207349
319 1008.92 53.5966 13 3 0.359375 0 0.207726
320 1008.92 44.2953 12 3 0.297852 0 0.205453
321 435.151 51.7141 13 2 0.333008 0 0.208431
322 1008.92 51.3901 13 3 0.328125 0 0.207178
323 1011.31 51.1483 13 3 0.330078 0 0.207086
324 435.151 51.3077 13 2 0.34082 0 0.206886
325 1845.26 56.6651 13 4 0.354492 0 0.208032
326 435.151 51.5151 13 2 0.351562 0 0.208501
327 1011.31 50.9519 13 3 0.345703 0 0.204016
328 435.151 52.9296 13 2 0.348633 0 0.207138
329 435.151 49.0756 13 2 0.331055 0 0.205032
330 1011.31 47.8586 13 3 0.326172 0 0.206587
331 1010.21 47.9177 13 3 0.326172 0 0.207436
332 1011.31 52.3516 13 3 0.348633 0 0.208024
333 1008.92 46.6885 13 3 0.319336 0 0.205845
334 1010.79 50.02 13 3 0.320312 0 0.206818
335 1009.59 51.4177 13 3 0.333008 0 0.206868
336 1009.59 55.5204 13 3 0.355469 0 0.204536
337 1011.78 51.9553 13 3 0.349609 0 0.206881
338 1008.92 49.5091 12 3 0.314453 0 0.204612
339 1008.92 54.7304 13 3 0.373047 0 0.207122
340 1008.92 50.3061 13 3 0.34082 0 0.20523
341 1011.31 52.2484 13 3 0.348633 0 0.209106
342 1011.31 50.3741 13 3 0.333008 0 0.207286
343 435.151 50.4964 13 2 0.336914 0 0.207896
344 1011.31 55.4885 13 3 0.349609 0 0.209006
345 1843.9 53.5947 13 4 0.339844 0 0.207217
346 1008.92 53.1145 13 3 0.34375 0 0.208539
347 1011.31 43.7022 12 3 0.290039 0 0.207501
348 1008.92 52.9354 13 3 0.348633 0 0.209792
349 1008.92 51.3499 13 3 0.352539 0 0.206834
350 435.151 49.5886 13 2 0.330078 0 0.207339
351 1008.92 54.9909 13 3 0.347656 0 0.208848
352 1008.92 49.4577 13 3 0.323242 0 0.208075
353 1012.18 52.9801 13 3 0.344727 0 0.205611
354 435.151 49.9218 13 2 0.327148 0 0.206533
355 1008.92 50.7261 13 3 0.325195 0 0.207718
356 1011.78 56.4495 13 3 0.349609 0 0.206394
357 1008.92 52.3763 13 3 0.344727 0 0.207684
358 1009.59 54.978 13 3 0.350586 0 0.207043
359 1011.31 51.602 13 3 0.335938 0 0.208018
360 1008.92 55.4106 13 3 0.354492 0 0.204962
361 1012.18 55.9883 13 3 0.367188 0 0.20783
362 1007.46 47.023 13 3 0.3125 0 0.208254
363 1009.59 53.0462 13 3 0.351562 0 0.207393
364 1011.31 50.6062 13 3 0.332031 0 0.208779
365 435.151 49.7282 13 2 0.337891 0 0.208735
366 435.151 50.991 13 2 0.347656 0 0.206605
367 1011.31 50.5705 13 3 0.317383 0 0.206639
368 1011.31 52.7073 13 3 0.344727 0 0.208407
369 1011.31 48.76 13 3 0.322266 0 0.208757
370 1008.92 58.4638 13 3 0.375 0 0.207779
371 1008.92 49.1743 13 3 0.325195 0 0.207061
372 1008.92 49.4273 13 3 0.335938 0 0.206554
373 1011.31 54.1798 13 3 0.354492 0 0.206291
374 1008.92 53.484 13 3 0.361328 0 0.208848
375 1008.92 48.1511 13 3 0.308594 0 0.207102
376 1843.9 56.2097 13 4 0.355469 0 0.206557
377 1011.31 52.8238 13 3 0.336914 0 0.208366
378 1008.92 48.2016 13 3 0.328125 0 0.208672
379 1008.92 53.1152 13 3 0.351562 0 0.207696
380 1011.31 52.1938 13 3 0.34375 0 0.20616
381 1008.92 57.4091 13 3 0.374023 0 0.209417
382 1843.9 53.8417 13 4 0.34082 0 0.206719
383 1011.31 55.0943 13 3 0.363281 0 0.207275
384 1011.31 50.6185 13 3 0.337891 0 0.207631
385 1008.92 53.5088 13 3 0.354492 0 0.209943
386 1009.59 49.9662 13 3 0.327148 0 0.209151
387 1008.92 54.2143 13 3 0.358398 0 0.207998
388 435.151 48.6632 13 2 0.324219 0 0.209547
389 1008.92 50.787 13 3 0.326172 0 0.207447
390 1008.92 52.8676 13 3 0.345703 0 0.209618
391 1008.92 48.4512 13 3 0.320312 0 0.208053
392 1011.31 54.4033 13 3 0.324219 0 0.209615
393 1843.9 53.7205 13 4 0.341797 0 0.207509
394 1008.92 48.7729 13 3 0.313477 0 0.208149
395 1008.92 50.8834 13 3 0.328125 0 0.209408
396 1011.31 53.7487 13 3 0.344727 0 0.208387
397 1008.92 49.2315 13 3 0.335938 0 0.209854
398 1011.31 50.1089 13 3 0.326172 0 0.206776
399 1843.9 56.2357 13 4 0.361328 0 0.208733
400 1009.59 47.5745 13 3 0.314453 0 0.206904
401 1008.92 51.9865 13 3 0.345703 0 0.206923
402 1011.78 60.567 13 3 0.386719 0 0.210958
403 1008.92 50.6482 13 3 0.34668 0 0.208304
404 1009.59 52.8124 13 3 0.329102 0 0.209005
405 435.151 46.4501 13 2 0.303711 0 0.2095
406 1008.92 49.0538 13 3 0.321289 0 0.208499
407 1008.92 47.4976 13 3 0.319336 0 0.209624
408 1008.92 47.8402 13 3 0.324219 0 0.20606
409 1008.92 46.96 13 3 0.299805 0 0.209096
410 435.151 47.9307 13 2 0.334961 0 0.20835
411 1011.78 50.5268 13 3 0.335938 0 0.208286
412 1008.92 48.7567 13 3 0.319336 0 0.210615
413 1008.92 48.9072 13 3 0.322266 0 0.208703
414 1008.92 49.4962 13 3 0.335938 0 0.206904
415 1008.92 50.054 13 3 0.329102 0 0.20829
416 1009.59 49.1528 13 3 0.311523 0 0.207241
417 435.151 46.5881 13 2 0.310547 0 0.208434
418 1008.92 57.1011 13 3 0.356445 0 0.207352
419 1008.92 49.9835 13 3 0.328125 0 0.209062
420 1011.31 46.914 13 3 0.316406 0 0.207061
421 1008.92 51.9898 13 3 0.342773 0 0.207378
422 1843.9 52.3595 13 4 0.331055 0 0.208959
423 1011.31 54.4317 13 3 0.357422 0 0.210103
424 1008.92 48.8097 13 3 0.321289 0 0.207909
425 1008.92 56.3988 13 3 0.362305 0 0.208302
426 435.127 47.2054 13 2 0.318359 0 0.208569
427 1843.9 51.1244 13 4 0.323242 0 0.209315
428 1011.31 51.3455 13 3 0.336914 0 0.209206
429 1011.31 52.595 13 3 0.339844 0 0.208359
430 435.151 48.3349 13 2 0.333984 0 0.209076
431 1011.31 51.301 13 3 0.320312 0 0.206896
432 1008.92 52.272 13 3 0.351562 0 0.208662
433 1008.92 51.6462 13 3 0.34082 0 0.208506
434 1011.31 55.2507 13 3 0.360352 0 0.206644
435 1008.92 51.9427 13 3 0.341797 0 0.208541
436 435.151 48.4386 13 2 0.318359 0 0.210248
437 435.127 48.4026 13 2 0.334961 0 0.209941
438 435.149 49.347 13 2 0.332031 0 0.207123
439 1008.92 51.8095 13 3 0.348633 0 0.209754
440 1008.92 49.5345 13 3 0.321289 0 0.206681
441 1011.31 51.6039 13 3 0.328125 0 0.20557
442 1008.92 51.2001 13 3 0.347656 0 0.209714
443 1011.31 46.8585 13 3 0.31543 0 0.207815
444 1843.9 57.5014 13 4 0.355469 0 0.210208
445 1010.79 52.5577 13 3 0.34375 0 0.208037
446 1011.31 50.7861 13 3 0.323242 0 0.207346
447 1008.92 50.8692 13 3 0.327148 0 0.210223
448 1008.92 47.1876 13 3 0.319336 0 0.210524
449 1011.31 50.8256 13 3 0.342773 0 0.210302
450 1008.92 49.8666 13 3 0.339844 0 0.210082
451 1008.92 57.2809 13 3 0.382812 0 0.208871
452 1008.92 50.098 13 3 0.329102 0 0.208862
453 1011.31 53.1834 13 3 0.350586 0 0.209822
454 1008.92 50.9349 13 3 0.325195 0 0.210583
455 435.151 49.8666 13 2 0.329102 0 0.209043
456 1008.92 51.4229 13 3 0.345703 0 0.211608
457 1008.92 49.7242 13 3 0.331055 0 0.210919
458 1011.31 53.4371 13 3 0.34375 0 0.210601
459 1843.9 53.3448 13 4 0.344727 0 0.210332
460 1008.92 54.5781 13 3 0.351562 0 0.209722
461 435.127 44.4184 13 2 0.296875 0 0.208306
462 1009.59 55.4557 13 3 0.358398 0 0.209976
463 1011.31 51.7154 13 3 0.339844 0 0.208975
464 435.151 48.989 13 2 0.331055 0 0.20924
465 1009.59 57.5576 13 3 0.381836 0 0.209885
466 1008.92 54.5712 13 3 0.351562 0 0.210221
467 1008.92 53.1934 13 3 0.339844 0 0.210647
468 1009.59 47.7418 13 3 0.319336 0 0.208388
469 1011.31 52.1273 13 3 0.345703 0 0.207824
470 1008.92 51.2927 13 3 0.324219 0 0.210694
471 1011.31 52.6084 13 3 0.335938 0 0.209901
472 435.127 48.7072 13 2 0.326172 0 0.210114
473 435.151 50.9153 13 2 0.341797 0 0.209522
474 1008.92 48.4253 13 3 0.302734 0 0.209939
475 1008.92 54.2014 13 3 0.351562 0 0.210839
476 1008.92 53.3567 13 3 0.354492 0 0.20975
477 1008.92 51.167 13 3 0.332031 0 0.210335
478 1008.92 51.3863 13 3 0.344727 0 0.209657
479 1011.31 53.0446 13 3 0.348633 0 0.207916
480 1008.92 50.886 13 3 0.333008 0 0.21204
481 1011.31 51.4735 13 3 0.332031 0 0.210958
482 1008.92 49.592 13 3 0.330078 0 0.210581
483 1008.92 57.9763 13 3 0.361328 0 0.209003
484 1008.92 52.7479 13 3 0.323242 0 0.209231
485 1011.31 54.0984 13 3 0.341797 0 0.20963
486 435.151 49.7306 13 2 0.330078 0 0.209358
487 1011.31 47.0667 13 3 0.290039 0 0.206938
488 1010.79 47.2399 13 3 0.307617 0 0.211238
489 1843.9 53.3129 13 4 0.326172 0 0.209713
490 1011.31 58.8334 13 3 0.374023 0 0.209581
491 1011.31 49.784 13 3 0.332031 0 0.209506
492 1008.92 50.9511 13 3 0.328125 0 0.209439
493 1011.31 49.5019 13 3 0.328125 0 0.208583
494 1011.31 56.3861 13 3 0.381836 0 0.209398
495 1011.31 51.9884 13 3 0.339844 0 0.211212
496 1008.92 52.6847 13 3 0.352539 0 0.210177
497 1009.59 54.7771 13 3 0.351562 0 0.20948
498 1008.92 54.5481 13 3 0.358398 0 0.208988
499 435.151 47.8712 13 2 0.330078 0 0.211843
500 435.151 54.973 13 2 0.369141 0 0.211211
501 1008.92 52.1845 13 3 0.353516 0 0.210792
502 435.151 49.6452 13 2 0.34375 0 0.208259
503 1008.92 53.3621 13 3 0.350586 0 0.210117
504 1011.31 52.3247 13 3 0.328125 0 0.209166
505 1011.31 52.6077 13 3 0.34375 0 0.21167
506 1011.31 50.9419 13 3 0.316406 0 0.209856
507 1008.92 55.8317 13 3 0.342773 0 0.211543
508 1010.21 57.6072 13 3 0.362305 0 0.208463
509 1008.92 51.3462 13 3 0.335938 0 0.21092
510 1008.92 56.0941 13 3 0.335938 0 0.211445
511 1008.92 51.5621 13 3 0.332031 0 0.213414
512 1012.18 51.2968 13 3 0.34082 0 0.212103
513 435.151 50.6116 13 2 0.329102 0 0.210121
514 1008.92 52.8584 13 3 0.34375 0 0.213069
515 1010.79 48.9505 13 3 0.321289 0 0.209329
516 435.151 47.7842 13 2 0.329102 0 0.211471
517 435.151 56.5013 13 2 0.371094 0 0.214096
518 1009.59 57.5516 13 3 0.364258 0 0.212327
519 1843.9 56.4782 13 4 0.367188 0 0.210835
520 1011.78 50.5428 13 3 0.333984 0 0.211601
521 1843.9 56.852 13 4 0.353516 0 0.212053
522 1843.9 55.945 13 4 0.364258 0 0.210454
523 1008.92 51.4611 13 3 0.334961 0 0.210657
524 1843.9 55.64 13 4 0.37207 0 0.21128
525 1011.31 51.5012 13 3 0.334961 0 0.211264
526 1011.31 55.4446 13 3 0.357422 0 0.210554
527 1008.92 50.965 13 3 0.345703 0 0.21163
528 1008.92 51.9243 13 3 0.331055 0 0.209914
529 1008.92 55.4276 13 3 0.355469 0 0.211924
530 1011.31 49.5926 13 3 0.319336 0 0.211522
531 435.151 52.87 13 2 0.374023 0 0.212137
532 435.151 44.7545 13 2 0.299805 0 0.208963
533 1008.92 50.9893 13 3 0.333008 0 0.210125
534 1843.9 52.2679 13 4 0.329102 0 0.214056
535 1008.92 50.9546 13 3 0.327148 0 0.210499
536 1011.31 55.383 13 3 0.365234 0 0.211576
537 1008.92 46.7857 13 3 0.3125 0 0.210732
538 1011.78 53.9991 13 3 0.350586 0 0.212168
539 1008.92 53.5235 13 3 0.356445 0 0.209829
540 1008.92 52.914 13 3 0.356445 0 0.211009
541 1008.92 54.0627 13 3 0.347656 0 0.211785
542 1008.92 51.6588 13 3 0.341797 0 0.211616
543 1008.92 57.5905 13 3 0.366211 0 0.211201
544 1011.31 54.4937 13 3 0.351562 0 0.211286
545 435.151 55.5889 13 2 0.373047 0 0.21058
546 1008.92 48.8043 13 3 0.328125 0 0.211305
547 1008.92 53.5078 13 3 0.344727 0 0.213803
548 435.127 54.2568 13 2 0.357422 0 0.210443
549 1008.92 49.5293 13 3 0.342773 0 0.209988
550 1008.92 54.0336 13 3 0.368164 0 0.211178
551 1008.92 52.2047 13 3 0.351562 0 0.212563
552 1011.31 50.0435 13 3 0.323242 0 0.210634
553 1010.79 55.7327 13 3 0.360352 0 0.21087
554 1848.92 56.4764 13 4 0.360352 0 0.209961
555 435.151 50.6524 13 2 0.326172 0 0.212072
556 1843.9 57.2139 13 4 0.363281 0 0.212087
557 1008.92 54.2693 13 3 0.347656 0 0.210536
558 435.151 50.8306 13 2 0.330078 0 0.211916
559 435.151 51.9973 13 2 0.339844 0 0.212486
560 1843.9 50.5388 13 4 0.333984 0 0.210384
561 435.151 50.0481 13 2 0.333008 0 0.210009
562 1008.92 51.817 13 3 0.34375 0 0.210235
563 435.151 48.4373 13 2 0.328125 0 0.212289
564 1008.92 52.0726 13 3 0.350586 0 0.211137
565 435.151 52.3777 13 2 0.344727 0 0.210908
566 1008.92 47.6812 13 3 0.323242 0 0.211377
567 1011.31 50.7666 13 3 0.327148 0 0.211429
568 1008.92 53.0048 13 3 0.351562 0 0.213505
569 1008.92 51.752 13 3 0.338867 0 0.209699
570 1843.9 51.5054 13 4 0.327148 0 0.211801
571 1008.92 56.9783 13 3 0.357422 0 0.214628
572 1008.92 55.7734 13 3 0.352539 0 0.2112
573 1008.92 51.1198 13 3 0.332031 0 0.210767
574 1011.31 51.9606 13 3 0.329102 0 0.212704
575 1008.92 51.3939 13 3 0.337891 0 0.212807
576 1008.92 47.9367 13 3 0.323242 0 0.209441
577 1008.92 49.0775 13 3 0.321289 0 0.212434
578 1011.31 49.6893 13 3 0.322266 0 0.212386
579 1008.92 49.586 13 3 0.316406 0 0.209461
580 435.151 55.0219 13 2 0.374023 0 0.210585
581 1011.31 53.2597 13 3 0.34668 0 0.209857
582 1011.78 53.2576 13 3 0.362305 0 0.211329
583 1011.31 48.6097 13 3 0.330078 0 0.213003
584 1008.92 53.1428 13 3 0.356445 0 0.211044
585 1011.31 51.3603 13 3 0.333984 0 0.210953
586 1008.92 48.2288 13 3 0.321289 0 0.212085
587 1008.92 51.4615 13 3 0.330078 0 0.211286
588 1011.31 57.55 13 3 0.356445 0 0.209937
589 1008.92 55.9646 13 3 0.357422 0 0.211952
590 1008.92 54.3045 13 3 0.356445 0 0.210936
591 435.151 49.8211 13 2 0.327148 0 0.212218
592 1008.92 53.2543 13 3 0.350586 0 0.211753
593 1010.21 52.3219 13 3 0.330078 0 0.210286
594 1008.92 54.0526 13 3 0.355469 0 0.212422
595 1008.92 50.0697 13 3 0.330078 0 0.21048
596 435.151 47.9957 13 2 0.324219 0 0.212114
597 435.151 47.9281 13 2 0.321289 0 0.212155
598 1008.92 53.6702 13 3 0.352539 0 0.211786
599 435.127 43.5271 13 2 0.297852 0 0.211159
600 1008.92 53.9511 13 3 0.34375 0 0.211914
601 1011.31 50.9144 13 3 0.333008 0 0.211356
602 1008.92 51.8228 13 3 0.328125 0 0.21222
603 1008.92 50.6882 13 3 0.329102 0 0.211046
604 1008.92 47.9219 13 3 0.31543 0 0.212237
605 1011.31 49.9324 13 3 0.322266 0 0.2129
606 1008.92 51.6049 13 3 0.335938 0 0.2113
607 1008.92 51.9934 13 3 0.34375 0 0.211828
608 435.151 51.1369 13 2 0.345703 0 0.210807
609 1011.31 52.1684 13 3 0.345703 0 0.211569
610 1011.31 57.7871 13 3 0.374023 0 0.211383
611 1008.92 51.2987 13 3 0.34375 0 0.209713
612 1012.18 50.558 13 3 0.336914 0 0.210321
613 1008.92 56.1757 13 3 0.366211 0 0.212018
614 1008.92 52.4308 13 3 0.333984 0 0.209767
615 1011.31 55.4795 13 3 0.351562 0 0.21176
616 435.151 53.4358 13 2 0.357422 0 0.21101
617 1008.92 52.4869 13 3 0.34375 0 0.210584
618 1009.59 53.0244 13 3 0.352539 0 0.211366
619 435.151 48.8645 13 2 0.328125 0 0.211792
620 435.127 47.7592 13 2 0.320312 0 0.210275
621 1008.92 53.8561 13 3 0.354492 0 0.211651
622 1008.92 51.134 13 3 0.335938 0 0.211112
623 1008.92 55.504 13 3 0.361328 0 0.209246
624 1008.92 50.5126 13 3 0.336914 0 0.210289
625 1011.31 53.653 13 3 0.342773 0 0.21105
626 1009.59 51.198 13 3 0.345703 0 0.210542
627 1008.92 49.3357 13 3 0.337891 0 0.210637
628 1011.78 51.7027 13 3 0.345703 0 0.211399
629 1008.92 54.5827 13 3 0.339844 0 0.21313
630 435.151 48.528 13 2 0.325195 0 0.211569
631 435.151 48.7068 13 2 0.324219 0 0.212069
632 1008.92 48.4663 13 3 0.3125 0 0.211189
633 435.127 51.0886 13 2 0.345703 0 0.211023
634 1011.31 53.2286 13 3 0.342773 0 0.208358
635 435.151 49.99 13 2 0.321289 0 0.212924
636 435.151 49.2654 13 2 0.331055 0 0.21085
637 1008.92 46.6221 13 3 0.307617 0 0.211599
638 435.149 46.9868 13 2 0.323242 0 0.211623
639 1009.59 54.9828 13 3 0.352539 0 0.210116
640 1008.92 53.1107 13 3 0.332031 0 0.211538
641 1009.59 49.3964 13 3 0.332031 0 0.211062
642 435.151 46.8299 13 2 0.311523 0 0.21285
643 1009.59 51.8867 13 3 0.339844 0 0.209572
644 1011.31 53.5036 13 3 0.34668 0 0.210851
645 1008.92 52.0519 13 3 0.338867 0 0.210846
646 1843.9 57.2112 13 4 0.347656 0 0.211712
647 1008.92 55.6587 13 3 0.371094 0 0.210154
648 1009.59 50.8786 13 3 0.34082 0 0.212743
649 1008.92 54.3162 13 3 0.356445 0 0.212347
650 1011.31 50.2949 13 3 0.330078 0 0.210573
651 1008.92 53.5997 13 3 0.335938 0 0.213601
652 1008.92 55.7872 13 3 0.370117 0 0.213728
653 1011.31 54.8456 13 3 0.362305 0 0.210924
654 1008.92 52.8222 13 3 0.348633 0 0.210654
655 1008.92 53.0046 13 3 0.333984 0 0.212095
656 435.151 48.197 13 2 0.334961 0 0.212947
657 1011.78 55.5223 13 3 0.364258 0 0.21128
658 435.151 49.2096 13 2 0.333008 0 0.210117
659 1009.59 50.5546 13 3 0.326172 0 0.213401
660 435.151 48.6065 13 2 0.313477 0 0.212621
661 1011.31 50.7394 13 3 0.330078 0 0.21313
662 1008.92 53.7192 13 3 0.345703 0 0.21181
663 1008.92 51.1317 13 3 0.331055 0 0.210887
664 1011.31 57.7071 13 3 0.37207 0 0.20962
665 1011.31 52.066 13 3 0.338867 0 0.210436
666 1008.92 49.1557 13 3 0.333984 0 0.211194
667 1008.92 50.7953 13 3 0.341797 0 0.211324
668 1008.92 54.1126 13 3 0.342773 0 0.211845
669 435.127 51.6706 13 2 0.350586 0 0.211951
670 1009.59 55.1256 13 3 0.365234 0 0.211006
671 1011.78 51.1195 13 3 0.330078 0 0.212406
672 1843.9 51.4039 13 4 0.339844 0 0.212194
673 1011.31 50.4992 13 3 0.34375 0 0.210346
674 1008.92 51.1383 13 3 0.335938 0 0.211112
675 435.149 49.5932 13 2 0.327148 0 0.211872
676 435.151 51.4444 13 2 0.345703 0 0.212245
677 435.151 48.5046 13 2 0.308594 0 0.212061
678 1008.21 49.1617 13 3 0.330078 0 0.210608
679 435.151 59.5157 13 2 0.40625 0 0.210624
680 1008.92 50.2856 13 3 0.330078 0 0.209911
681 1011.31 52.8668 13 3 0.34668 0 0.211248
682 1007.46 46.7915 13 3 0.316406 0 0.211144
683 1008.92 51.7595 13 3 0.352539 0 0.21278
684 1008.92 51.2226 13 3 0.34375 0 0.210897
685 1843.9 54.0203 13 4 0.330078 0 0.208815
686 1008.92 45.0883 13 3 0.30957 0 0.209363
687 1010.21 48.395 13 3 0.322266 0 0.210003
688 1008.92 50.5851 13 3 0.331055 0 0.210188
689 435.151 49.0663 13 2 0.323242 0 0.212812
690 1008.92 54.0786 13 3 0.353516 0 0.210624
691 1843.9 55.5005 13 4 0.344727 0 0.211654
692 1008.92 51.3619 13 3 0.328125 0 0.210019
693 1011.31 55.5675 13 3 0.362305 0 0.213965
694 1008.92 55.3533 13 3 0.351562 0 0.211583
695 435.127 46.6861 13 2 0.318359 0 0.210665
696 1007.46 51.2172 13 3 0.338867 0 0.211686
697 1008.92 47.582 13 3 0.297852 0 0.209687
698 1008.92 53.295 13 3 0.34668 0 0.21114
699 1008.92 51.1226 13 3 0.34375 0 0.209523
700 1011.31 58.321 13 3 0.374023 0 0.20924
701 1011.31 52.0855 13 3 0.341797 0 0.209697
702 435.149 47.3229 13 2 0.30957 0 0.210347
703 1008.92 53.0543 13 3 0.344727 0 0.210799
704 1009.59 49.4868 13 3 0.321289 0 0.210455
705 1011.31 49.2669 13 3 0.320312 0 0.212371
706 1010.21 48.3619 13 3 0.3125 0 0.210242
707 1008.92 53.7142 13 3 0.356445 0 0.212744
708 1008.92 49.9998 13 3 0.320312 0 0.209937
709 1011.31 54.4901 13 3 0.345703 0 0.209589
710 1008.92 54.9197 13 3 0.352539 0 0.211053
711 1008.92 52.6771 13 3 0.34082 0 0.213291
712 1008.92 56.3736 13 3 0.363281 0 0.212259
713 1011.31 57.314 13 3 0.366211 0 0.212008
714 1008.92 52.0647 13 3 0.348633 0 0.210132
715 1008.92 55.1323 13 3 0.374023 0 0.211793
716 1008.92 52.9352 13 3 0.34375 0 0.212852
717 1009.59 52.6799 13 3 0.34668 0 0.211881
718 1008.92 52.2458 13 3 0.34668 0 0.211884
719 1011.31 51.1907 13 3 0.345703 0 0.210761
720 1008.92 53.7625 13 3 0.351562 0 0.211021
721 1011.31 54.6415 13 3 0.369141 0 0.21198
722 1008.92 52.122 13 3 0.333008 0 0.213268
723 1008.92 49.759 13 3 0.319336 0 0.211549
724 435.151 48.936 13 2 0.333984 0 0.211925
725 1008.92 51.2861 13 3 0.337891 0 0.210454
726 1011.31 50.7421 13 3 0.328125 0 0.210196
727 1007.46 52.2559 13 3 0.341797 0 0.213373
728 1008.92 54.6752 13 3 0.355469 0 0.212447
729 1008.92 50.2224 13 3 0.34375 0 0.211949
730 1008.92 54.5392 13 3 0.349609 0 0.212914
731 1008.92 56.5299 13 3 0.370117 0 0.208962
732 1011.31 47.8766 13 3 0.307617 0 0.209976
733 1008.92 51.0452 13 3 0.34082 0 0.212313
734 1011.31 47.4726 13 3 0.31543 0 0.21224
735 1010.21 56.8294 13 3 0.365234 0 0.213128
736 1011.31 48.5883 13 3 0.318359 0 0.209243
737 1011.31 49.5777 13 3 0.333008 0 0.211544
738 1008.92 50.3926 13 3 0.327148 0 0.212947
739 1008.92 51.924 13 3 0.329102 0 0.212672
740 435.151 48.5045 13 2 0.327148 0 0.211375
741 1011.31 54.7009 13 3 0.352539 0 0.213478
742 1009.59 55.2752 13 3 0.355469 0 0.213501
743 1011.31 50.4804 13 3 0.329102 0 0.211003
744 1011.31 52.8592 13 3 0.354492 0 0.213497
745 1009.59 53.0556 13 3 0.349609 0 0.213212
746 1011.31 62.1324 13 3 0.384766 0 0.213752
747 435.151 46.7503 13 2 0.313477 0 0.213146
748 1008.92 56.4242 13 3 0.371094 0 0.213039
749 435.151 50.7579 13 2 0.341797 0 0.214191
750 1008.92 53.7144 13 3 0.34668 0 0.214107
751 1011.31 58.6273 13 3 0.37793 0 0.215215
752 1008.92 53.5943 13 3 0.359375 0 0.213467
753 1011.31 54.4837 13 3 0.34375 0 0.213409
754 1008.92 57.2784 13 3 0.366211 0 0.21169
755 1011.31 50.4261 13 3 0.333008 0 0.211578
756 1008.92 47.9177 13 3 0.311523 0 0.211931
757 1008.92 51.2595 13 3 0.336914 0 0.211549
758 1011.31 56.2521 13 3 0.374023 0 0.214654
759 1008.92 53.8087 13 3 0.357422 0 0.21344
760 1011.31 56.175 13 3 0.34668 0 0.214267
761 1008.92 53.2184 13 3 0.349609 0 0.212639
762 1008.92 53.4945 13 3 0.34668 0 0.209948
763 435.151 54.5397 13 2 0.363281 0 0.213033
764 1008.92 54.7572 13 3 0.367188 0 0.212624
765 1008.92 53.3647 13 3 0.363281 0 0.211467
766 1011.31 54.6163 13 3 0.353516 0 0.214419
767 1011.31 56.6911 13 3 0.366211 0 0.213289
768 1008.92 52.2966 13 3 0.350586 0 0.21359
769 1011.31 57.5499 13 3 0.37207 0 0.213013
770 435.149 47.4391 13 2 0.31543 0 0.212804
771 1011.31 60.4775 13 3 0.365234 0 0.212476
772 1011.31 49.8762 13 3 0.331055 0 0.213248
773 435.151 57.6004 13 2 0.375977 0 0.21292
774 435.151 48.3195 13 2 0.323242 0 0.214968
775 1008.92 52.2955 13 3 0.344727 0 0.213025
776 1008.92 49.7355 13 3 0.336914 0 0.215487
777 435.151 54.4142 13 2 0.358398 0 0.215139
778 1008.92 48.6013 13 3 0.313477 0 0.213168
779 1008.92 54.562 13 3 0.358398 0 0.212994
780 435.151 51.473 13 2 0.345703 0 0.215042
781 1011.31 53.6461 13 3 0.331055 0 0.21455
782 1008.92 53.6186 13 3 0.350586 0 0.213683
783 1008.92 54.9 13 3 0.351562 0 0.214361
784 435.127 45.0629 13 2 0.292969 0 0.214088
785 1008.92 55.241 13 3 0.356445 0 0.215943
786 1011.31 51.8057 13 3 0.333984 0 0.213099
787 1008.92 54.2256 13 3 0.355469 0 0.216088
788 1009.59 54.9205 13 3 0.353516 0 0.214575
789 1008.92 52.7546 13 3 0.334961 0 0.216391
790 1008.92 53.8939 13 3 0.352539 0 0.21496
791 435.151 52.6597 13 2 0.364258 0 0.216478
792 435.151 49.3703 13 2 0.319336 0 0.21622
793 1009.59 50.2578 13 3 0.326172 0 0.214798
794 1008.92 52.5398 13 3 0.345703 0 0.21423
795 1011.31 52.5028 13 3 0.34375 0 0.212988
796 1010.79 55.608 13 3 0.355469 0 0.215579
797 435.149 52.7807 13 2 0.356445 0 0.212768
798 435.149 58.5932 13 2 0.375977 0 0.217247
799 1008.92 58.3364 13 3 0.367188 0 0.215368
800 1008.92 51.8999 13 3 0.34082 0 0.215116
801 1008.92 52.9724 13 3 0.333008 0 0.216464
802 1011.31 56.2792 13 3 0.351562 0 0.214954
803 1008.92 54.7948 13 3 0.363281 0 0.215561
804 1011.31 48.5301 13 3 0.310547 0 0.215497
805 1008.92 57.0326 13 3 0.358398 0 0.217157
806 1008.92 55.6801 13 3 0.366211 0 0.218045
807 1008.92 53.757 13 3 0.34375 0 0.215062
808 1834.62 53.7622 13 4 0.355469 0 0.217926
809 1008.92 54.9577 13 3 0.351562 0 0.216468
810 435.127 49.8135 13 2 0.325195 0 0.217514
811 1008.92 48.5374 13 3 0.31543 0 0.218863
812 1008.92 56.6358 13 3 0.355469 0 0.216187
813 1008.92 53.0852 13 3 0.333008 0 0.218261
814 1011.31 53.4327 13 3 0.34375 0 0.22065
815 1008.92 51.0901 13 3 0.321289 0 0.219296
816 435.151 52.5655 13 2 0.349609 0 0.219841
817 1848.92 52.9051 13 4 0.350586 0 0.220251
818 1839.49 59.5559 13 4 0.375 0 0.222368
819 1011.31 50.0158 13 3 0.318359 0 0.223446
820 1009.59 59.6981 13 3 0.375977 0 0.228511
821 1010.79 55.3957 13 3 0.337891 0 0.227234
822 1008.92 55.3471 13 3 0.342773 0 0.227893
823 1008.92 56.8166 13 3 0.349609 0 0.226846
824 1008.92 52.8778 13 3 0.341797 0 0.229975
825 1009.59 56.3194 13 3 0.344727 0 0.233645
826 1848.92 57.6484 13 4 0.335938 0 0.234206
827 1008.92 55.7617 14 3 0.342773 0 0.238164
828 1005.85 49.2325 14 3 0.304688 0 0.23888
829 1006.68 59.9132 15 3 0.37793 0 0.246824
830 1009.59 58.5638 16 3 0.371094 0 0.246077
831 1004.1 54.3479 15 3 0.334961 0 0.245777
832 1008.92 53.7851 15 3 0.324219 0 0.253944
833 1008.21 63.3963 17 3 0.386719 0 0.250607
834 987.443 57.6284 17 3 0.349609 0 0.256223
835 1000.23 57.1255 16 3 0.34668 0 0.257037
836 1825.63 63.6359 17 4 0.375 0 0.256969
837 1011.78 67.4432 18 3 0.37793 0 0.261391
838 1007.46 61.9595 18 3 0.381836 0 0.261857
839 1771.04 65.8706 17 4 0.370117 0 0.263068
840 1004.1 61.1312 18 3 0.365234 0 0.267754
841 999.194 58.956 18 3 0.359375 0 0.266178
842 1008.92 63.9765 18 3 0.370117 0 0.269859
843 1008.92 65.4015 19 3 0.392578 0 0.273156
844 1005.85 57.6528 18 3 0.34082 0 0.269548
845 1832.91 62.6545 19 4 0.361328 0 0.275931
846 1005.85 61.7268 19 3 0.364258 0 0.274855
847 1819.76 69.3392 19 4 0.388672 0 0.279666
848 1009.59 60.3114 19 3 0.352539 0 0.278425
849 1834.62 74.0529 21 4 0.413086 0 0.283149
850 1008.21 72.378 22 3 0.416016 0 0.290678
851 1008.92 68.1965 21 3 0.381836 0 0.289498
852 1837.92 71.025 21 4 0.395508 0 0.292032
853 1825.63 74.9765 22 4 0.404297 0 0.29528
854 2874.36 70.8946 22 5 0.379883 0 0.301923
855 1843.9 75.3633 22 4 0.40625 0 0.29845
856 1007.46 68.8353 22 3 0.392578 0 0.300426
857 1837.92 75.4447 22 4 0.416992 0 0.304305
858 1823.71 71.6763 22 4 0.395508 0 0.303952
859 1006.68 73.2108 22 3 0.401367 0 0.307346
860 1005.85 80.5073 22 3 0.426758 0 0.303342
861 1836.29 76.4125 24 4 0.438477 0 0.315397
862 1821.75 76.0031 23 4 0.417969 0 0.311648
863 1819.76 82.031 25 4 0.44043 0 0.320382
864 2881.17 80.2041 25 5 0.43457 0 0.322564
865 1009.59 79.4008 25 3 0.431641 0 0.324158
866 2838.35 87.399 25 5 0.431641 0 0.33587
867 1811.47 87.5067 28 4 0.479492 0 0.336182
868 1809.31 85.0018 26 4 0.466797 0 0.332663
869 1819.76 85.4391 25 4 0.455078 0 0.341554
870 1006.68 87.2862 27 3 0.464844 0 0.352594
871 1827.51 84.2961 28 4 0.459961 0 0.358486
872 2770.61 92.135 30 5 0.481445 0 0.3653
873 1819.76 103.055 34 4 0.522461 0 0.373179
874 2894.36 90.1261 30 5 0.463867 0 0.369841
875 2874.36 103.773 33 5 0.5 0 0.387528
876 1821.75 100.333 36 4 0.5 0 0.393235
877 1807.12 104.616 36 4 0.514648 0 0.39492
878 1771.04 97.7618 36 4 0.505859 0 0.397602
879 1798.09 100.472 41 4 0.517578 0 0.408929
880 1827.51 99.4959 36 4 0.504883 0 0.409895
881 1815.68 116.447 48 4 0.581055 0 0.427516
882 2884.52 114.034 43 5 0.568359 0 0.422703
883 2870.9 115.319 41 5 0.555664 0 0.422012
884 1819.76 101.723 42 4 0.521484 0 0.427944
885 2849.48 108.573 49 5 0.545898 0 0.440783
886 2909.97 112.723 45 5 0.541992 0 0.447531
887 1778.72 113.839 53 4 0.586914 0 0.447433
888 1815.68 105.874 45 4 0.535156 0 0.445365
889 1811.47 119.21 49 4 0.578125 0 0.457714
890 2842.09 124.372 54 5 0.621094 0 0.452745
891 2897.56 116.326 47 5 0.563477 0 0.450882
892 1800.39 114.875 53 4 0.583984 0 0.455269
893 2826.95 118.967 50 5 0.578125 0 0.461318
894 1809.31 112.22 54 4 0.580078 0 0.471454
895 1773.62 120.94 54 4 0.59375 0 0.484181
896 2853.13 126.628 53 5 0.603516 0 0.483891
897 2838.35 125.171 55 5 0.617188 0 0.479653
898 2856.74 128.598 53 5 0.595703 0 0.472127
899 1823.71 128.133 54 4 0.624023 0 0.478096
900 1837.92 114.846 54 4 0.586914 0 0.476257
901 4145.5 112.764 50 6 0.541016 0 0.493448
902 2929.99 122.748 54 5 0.601562 0 0.486454
903 2803.43 123.616 53 5 0.595703 0 0.493376
904 1829.35 142.023 101 4 0.672852 0 0.511055
905 1831.15 123.883 61 4 0.608398 0 0.506057
906 2373.67 120.594 61 5 0.597656 0 0.503327
907 1804.91 127.346 54 4 0.601562 0 0.50754
908 2830.78 125.81 56 5 0.603516 0 0.50409
909 1823.71 124.983 72 4 0.618164 0 0.498042
910 3608.75 119.531 54 6 0.561523 0 0.517547
911 1732.64 120.234 76 4 0.605469 0 0.526993
912 1768.44 108.611 66 4 0.550781 0 0.528264
913 2783.1 128.777 65 5 0.606445 0 0.514219
914 1807.12 123.527 98 4 0.600586 0 0.528346
915 1821.75 131.991 101 4 0.637695 0 0.534986
916 1708.97 121.051 68 4 0.59668 0 0.530942
917 2529.99 125.487 65 5 0.589844 0 0.528671
918 4171.38 132.627 101 6 0.601562 0 0.544462
919 3900.32 126.867 80 6 0.585938 0 0.543615
920 2668.24 140.559 76 5 0.609375 0 0.568044
921 3431.79 141.778 101 6 0.649414 0 0.582423
922 2842.09 125.565 101 5 0.600586 0 0.561362
923 2842.09 134.154 101 5 0.635742 0 0.563291
924 11375.2 157.358 101 10 0.667969 0 0.559117
925 6650.99 144.126 101 8 0.642578 0 0.563269
926 7031.77 148.607 101 8 0.666016 0 0.572767
927 3782.6 148.653 101 6 0.65625 0 0.56756
928 1793.4 144.617 101 4 0.65332 0 0.578167
929 3644.42 149.315 101 6 0.672852 0 0.602675
930 4085.84 138.202 101 6 0.643555 0 0.551155
931 2799.41 144.039 101 5 0.655273 0 0.565933
932 2834.58 149.521 101 5 0.688477 0 0.584361
933 3887.57 147.883 101 6 0.641602 0 0.566104
934 2891.12 140.784 101 5 0.65332 0 0.593223
935 3950.42 149.743 101 6 0.661133 0 0.571919
936 3999.03 159.074 101 6 0.708008 0 0.600602
937 2791.31 159.968 101 5 0.689453 0 0.586345
938 6947.2 181.415 101 8 0.720703 0 0.634352
939 5855.1 175.906 101 7 0.741211 0 0.633181
940 5616.45 187.671 101 7 0.768555 0 0.649092
941 3861.83 176.936 101 6 0.745117 0 0.659703
942 3931.8 182.971 101 6 0.749023 0 0.637867
943 4161.13 179.662 101 6 0.743164 0 0.616278
944 5282.07 199.025 101 7 0.77832 0 0.625447
945 4832.62 184.19 101 7 0.756836 0 0.623579
946 7021.28 209.047 101 8 0.806641 0 0.653342
947 5533.32 233.068 106.306 7 0.862305 1 0.632174
948 4034.46 244.253 108.13 6 0.886719 1 0.657159
949 6468.14 238.449 109.275 8 0.878906 1 0.672789
950 4245.37 229.089 110.371 7 0.90332 1 0.680209
951 11899.6 246.506 105 10 0.870117 1 0.698522
952 7503.79 259.573 110.371 8 0.946289 1 0.697852
953 7602.16 286.839 110.903 8 0.993164 1 0.659333
954 9260.83 299.037 111.937 9 1.01074 1 0.689879
955 7196.15 305.764 110.903 8 1.02148 1 0.708907
956 7645.47 313.794 111.937 8 1.0625 1 0.720786
957 5830.11 345.924 114.828 7 1.1582 1 0.726388
958 5667.5 339.023 114.366 7 1.12402 1 0.773904
959 9986.08 388.621 112.934 9 1.15039 1 0.781806
960 12902.9 384.242 113.897 10 1.17578 1 0.75562
961 10688.1 389.103 115.729 10 1.23047 1 0.758888
962 9741.36 453.516 117.03 9 1.30371 1 0.811151
963 10183.9 439.817 119.462 10 1.3584 1 0.812605
964 10028.9 503.432 119.847 10 1.43555 1 0.815392
965 20202.3 499.092 119.071 12 1.40625 1 0.814995
966 10286.2 484.454 119.847 10 1.40234 1 0.815742
967 10095.6 551.652 126.526 10 1.53027 1 0.863392
968 7611.81 487.564 123.746 9 1.46094 1 0.849988
969 11328.7 550.464 122.396 10 1.49414 1 0.857001
970 16216.2 555.858 128.2 11 1.53027 1 0.863976
971 19938 547.501 120.97 12 1.45215 1 0.852863
972 10916.6 584.258 125.024 10 1.56055 1 0.857844
973 296354 874.377 125.024 18 1.56934 1 0.876994
974 11841.4 593.954 124.711 10 1.54883 1 0.838434
975 15648.5 638.932 137.037 11 1.66992 1 0.889409
976 19647.6 711.408 137.427 12 1.74609 1 0.881061
977 17252.9 752.269 136.764 12 1.74609 1 0.904792
978 11649.1 665.25 137.17 10 1.68066 1 0.900216
979 15977.2 788.568 137.675 11 1.81445 1 0.945429
980 19667.2 826.107 138.143 12 1.89355 1 0.928538
981 295131 1298.1 139.408 18 2.10742 1 0.999437
982 296013 1329.67 138.469 18 2.0791 1 0.920498
983 38121.8 1083.81 139.723 14 2.10645 1 0.916962
984 58087.5 1074.18 140.131 15 2.14453 1 0.917384
985 27965.3 1018.69 139.867 13 2.11035 1 0.888755
986 94954.7 1141.27 139.15 16 2.15625 1 0.8965
987 37804.6 1120.1 139.238 14 2.16797 1 0.917205
988 39586.9 1359.11 363.639 14 2.36523 2 0.940726
989 162519 1610.02 405.507 17 2.45996 2 0.987769
990 23298 1328.06 410.079 13 2.44531 2 0.980527
991 59160.2 1525.99 395.585 15 2.52539 2 1.02714
992 19764.6 1195.5 358.27 12 2.32324 2 0.948777
993 34024.4 1521.82 410.814 14 2.58496 2 1.01862
994 91760.2 1893.86 420.846 16 2.74316 2 1.09503
995 92177.2 1836.94 423.179 16 2.76953 2 1.10226
996 160692 2082.27 418.362 17 2.76367 2 1.10002
997 558864 2792.82 429.6 19 3.03906 2 1.11924
998 291258 2411.96 431.878 18 3.11426 2 1.13351
999 161393 2785.18 430.413 17 3.21875 2 1.22036
1000 92963.1 2863.64 433.114 16 3.35645 2 1.24895
1001 160265 2880.3 433.874 17 3.4668 2 1.27706
1002 295131 3423.54 892.687 18 3.68359 3 1.2998
1003 297973 4143.71 780.02 18 3.6377 3 1.29822
1004 564917 5091.85 767.394 19 3.66699 3 1.2891
1005 560801 5422.01 833.221 19 3.88672 3 1.33902
1006 294309 4679.66 933.708 18 4.12695 3 1.41015
1007 295899 5415.16 998.128 18 4.48926 3 1.46632
1008 561598 6127.08 991.21 19 4.3623 3 1.45596
1009 564494 6841.96 970.606 19 4.48438 3 1.4862
1010 2.14144e+06 10910.7 1671.39 21 4.9209 4 1.57277
1011 2.14367e+06 11340.3 1582.48 21 4.91406 4 1.60884
1012 293029 6417.92 1476.97 18 4.71875 4 1.5746
1013 1.08955e+06 9756.57 1699.8 20 5.09766 4 1.62688
1014 1.09338e+06 7608.26 1589.65 20 4.72266 4 1.61414
1015 2.13659e+06 12114.4 1832.91 21 5.45117 4 1.72183
1016 563868 9879.81 1749.6 19 5.24609 4 1.66145
1017 1.09626e+06 11561.6 2065.64 20 5.51855 5 1.73309
1018 560759 10175.1 1634.95 19 5.11035 4 1.6646
1019 1.09275e+06 12347.9 1771.04 20 5.49805 4 1.70782
1020 8.44236e+06 22969.2 1795.76 23 5.58203 4 1.77783
1021 8.44055e+06 23054.7 2498.67 23 5.80273 5 1.78928
1022 1.09428e+06 22057.1 2395.95 20 5.95996 5 1.84874
1023 4.23862e+06 30569.1 2401.49 22 5.93457 5 1.86705
1024 3.36153e+07 87402.1 1729.75 25 5.73242 4 1.84044
1025 4.23851e+06 30836.7 1738.37 22 5.91699 4 1.80691
1026 3.36147e+07 99163 2605.75 25 6.48926 5 1.99566
1027 1.07384e+09 1.1165e+06 2605.75 30 6.54688 5 1.95078
1028 3.3627e+07 132500 2434.4 25 6.41309 5 1.7836
1029 6.71816e+07 335800 1760.49 26 6.34668 4 1.69547
1030 5.36959e+08 1.58817e+06 1645.07 29 6.13672 4 1.64892
1031 1.34298e+08 516349 2736.29 27 7.04785 5 1.89018
1032 1.34294e+08 629558 2696.01 27 7.00391 5 1.82898
1033 2.68517e+08 486118 2351.18 28 6.74902 5 1.82482
1034 2.68519e+08 879001 2205.91 28 6.91992 5 1.90622
1035 1.68408e+07 164929 2625.3 24 6.97852 5 1.84307
1036 6.71835e+07 398297 2819.22 26 7.60254 5 2.03687
1037 2.68513e+08 600743 2830.78 28 7.53125 5 2.06243
1038 1.34299e+08 536990 2731.9 27 7.08008 5 1.8911
1039 2.14759e+09 2.58059e+06 2600.81 31 7.00586 5 1.84209
1040 6.71821e+07 278749 983.489 26 5.69434 3 1.45272
1041 1.34294e+08 513327 2649.34 27 6.89258 5 1.80296
1042 6.71793e+07 403397 2668.24 26 7.17969 5 1.86553
1043 2.68508e+08 671920 2639.78 28 6.9834 5 1.83991
1044 1.07383e+09 1.66311e+06 2745.01 30 7.12793 5 1.84378
1045 5.36949e+08 1.09896e+06 3802.68 29 7.85645 6 2.16985
1046 1.34284e+08 571806 5239.43 27 8.41113 7 2.3099
1047 1.34286e+08 750355 5282.07 27 8.50195 7 2.37569
1048 2.68518e+08 696828 5579.09 28 8.80957 7 2.47048
1049 2.68515e+08 1.03836e+06 5638.51 28 8.78809 7 2.56602
1050 2.14757e+09 3.17488e+06 5196.23 31 8.58984 7 2.48351
1051 2.68523e+08 872348 5438.88 28 8.87012 7 2.53892
1052 1.34298e+08 555247 5265.08 27 8.59277 7 2.48692
1053 5.36962e+08 2.51662e+06 6684.68 29 9.19336 8 2.61538
1054 5.36961e+08 2.61243e+06 6292.15 29 9.11133 8 2.64412
1055 1.07384e+09 2.8874e+06 6639.71 30 9.20117 8 2.65748
1056 1.34295e+08 863958 5454.88 27 8.78125 7 2.45269
1057 2.6852e+08 1.16147e+06 5398.45 28 8.89941 7 2.48456
1058 2.68518e+08 964981 4737.09 28 8.44434 7 2.29607
1059 1.3429e+08 706612 5454.88 27 8.91992 7 2.53265
1060 1.34288e+08 908877 5594.12 27 9.02637 7 2.58625
1061 5.36964e+08 1.65183e+06 7139.25 29 9.28125 9 2.6627
1062 2.68521e+08 803875 6957.85 28 9.19336 8 2.63716
1063 2.68511e+08 1.48718e+06 7052.67 28 9.39551 8 2.66366
1064 5.36964e+08 1.1501e+06 4944.91 29 8.57812 7 2.48383
1065 2.68522e+08 1.46262e+06 7014.64 28 9.31934 9 2.62457
1066 5.36961e+08 1.3059e+06 7324.72 29 9.2959 8 2.67903
1067 1.07383e+09 1.98701e+06 6571.63 30 9.33496 8 2.66475
1068 2.68513e+08 1.21846e+06 6628.42 28 9.33203 8 2.69877
1069 2.14759e+09 3.53425e+06 6409.96 31 9.17383 8 2.63826
1070 5.36957e+08 1.36337e+06 7073.47 29 9.32422 8 2.6752
1071 1.718e+10 1.76839e+07 7145.48 34 9.44141 8 2.77919
1072 2.14758e+09 4.52102e+06 10786.6 31 10.5674 10 3.30195
1073 5.36955e+08 2.05134e+06 16934 29 11.3828 12 3.47253
1074 4.29508e+09 5.31702e+06 17433.1 32 11.5049 12 3.4914
1075 2.68512e+08 987878 11077.1 28 10.3252 10 3.02602
1076 1.07384e+09 2.24265e+06 11406.1 30 10.5361 10 2.97243
1077 2.14758e+09 4.53389e+06 14006.7 31 10.8789 11 3.14213
1078 2.68509e+08 1.46138e+06 12759.3 28 11.0215 11 3.1866
1079 1.07384e+09 3.36589e+06 9309.92 30 10.3564 9 3.01946
1080 1.07383e+09 2.10351e+06 12900.1 30 10.7842 11 3.03747
1081 4.29507e+09 5.59185e+06 10538.9 32 10.4355 10 2.80668
1082 8.59004e+09 1.32364e+07 19045.7 33 11.6836 12 3.24783
1083 5.36957e+08 3.39655e+06 31063.5 29 12.3486 14 3.4525
1084 5.36955e+08 2.65783e+06 24852.2 29 11.8916 13 3.38689
1085 2.14758e+09 4.16076e+06 26007.6 31 12.0264 13 3.46388
1086 2.14757e+09 4.56897e+06 20202.3 31 11.6436 12 3.35307
1087 5.36958e+08 4.35918e+06 24827.9 29 11.9062 13 3.3801
1088 1.718e+10 2.45298e+07 19350 34 11.7559 12 3.38367
1089 1.07382e+09 2.77321e+06 13741.9 30 11.2744 11 3.46533
1090 1.07383e+09 4.53876e+06 13931.6 30 11.0879 11 3.51526
1091 2.14758e+09 3.86415e+06 12310 31 11.0596 11 3.50669
1092 1.07383e+09 5.76405e+06 15422.6 30 11.5293 12 3.60073
1093 4.29507e+09 7.23763e+06 15856.2 32 11.335 12 3.50468
1094 4.29507e+09 6.94692e+06 19745.2 32 11.9316 12 3.68098
1095 1.718e+10 3.07111e+07 18439.5 34 11.9482 12 3.75298
1096 4.29507e+09 1.25174e+07 17433.1 32 12.0674 12 3.72991
1097 1.07382e+09 5.789e+06 18984.1 30 12.1162 12 3.68742
1098 2.1476e+09 5.79527e+06 21050 31 12.0508 13 3.69836
1099 2.14758e+09 4.77814e+06 14193 31 11.3389 11 3.47659
1100 8.59005e+09 1.66163e+07 19066.2 33 11.9727 12 3.51767
1101 4.29507e+09 1.05546e+07 34339.2 32 12.6758 14 3.6332
1102 3.43599e+10 5.93177e+07 21870.3 35 12.0811 13 3.47998
1103 8.59002e+09 1.22486e+07 24112.2 33 12.2188 13 3.58201
1104 5.49756e+11 5.55548e+08 20911.5 39 12.334 13 3.70333
1105 4.29506e+09 1.22069e+07 24386.2 32 12.7539 13 3.79385
1106 1.718e+10 2.39831e+07 27688.1 34 12.6279 13 3.83426
1107 3.43599e+10 4.22578e+07 26591.2 35 12.9473 13 3.86455
1108 1.718e+10 4.18096e+07 35566.8 34 13.3916 14 3.90637
1109 2.14758e+09 1.29627e+07 34225.1 31 13.1523 14 3.86078
1110 6.87196e+10 1.15224e+08 34707.2 36 12.9561 14 3.86736
1111 8.59004e+09 3.35586e+07 24386.2 33 12.6973 13 3.78484
1112 2.74878e+11 2.9357e+08 24311.8 38 12.6045 13 3.81646
1113 1.718e+10 3.21173e+07 24997.3 34 12.9512 13 3.81158
1114 6.87196e+10 8.44147e+07 35566.8 36 12.9707 14 3.84547
1115 3.43599e+10 5.12018e+07 35865.5 35 13.1699 14 3.87836
1116 1.37439e+11 2.27827e+08 25823.7 37 13.2031 13 3.90775
1117 1.718e+10 3.68393e+07 34735.3 34 13.2744 14 3.84864
1118 1.718e+10 5.18174e+07 34024.4 34 13.0947 14 3.86065
1119 8.59005e+09 2.63293e+07 23580.7 33 12.4531 13 3.7734
1120 8.59004e+09 3.5551e+07 16540.9 33 12.1348 12 3.69286
1121 8.59004e+09 2.1219e+07 18073.7 33 11.9473 12 3.59831
1122 3.43598e+10 5.93664e+07 14683 35 11.8086 11 3.57002
1123 3.43598e+10 5.01685e+07 17162.2 35 11.8652 12 3.64791
1124 6.87196e+10 1.30231e+08 17744.9 36 12.0479 12 3.74972
1125 8.59005e+09 3.2366e+07 15437.3 33 11.9473 11 3.727
1126 2.74878e+11 3.56908e+08 14155.9 38 11.4668 11 3.57217
1127 4.29507e+09 1.91772e+07 12413 32 11.3584 11 3.5772
1128 1.718e+10 3.85771e+07 14933.3 34 11.9209 12 3.75306
1129 1.718e+10 4.29384e+07 14753.9 34 11.6406 11 3.69203
1130 1.718e+10 3.28929e+07 14521.8 34 11.6221 11 3.59493
1131 1.718e+10 3.97623e+07 17343.2 34 12.0146 12 3.57239
1132 1.718e+10 4.87672e+07 16118 34 12.1904 12 3.57499
1133 1.718e+10 4.33029e+07 15712.4 34 11.9951 12 3.61596
1134 3.43598e+10 5.78463e+07 13856 35 11.7637 11 3.4927
1135 3.43599e+10 7.86597e+07 12360.8 35 11.4453 10 3.52009
1136 3.43599e+10 7.68635e+07 15015.8 35 11.915 11 3.70543
1137 8.59004e+09 2.17103e+07 11340.1 33 11.2021 11 3.64808
1138 6.87196e+10 1.56387e+08 17700.6 36 12.166 12 3.79359
1139 1.718e+10 4.32235e+07 16657.2 34 11.8252 12 3.65486
1140 1.718e+10 3.37628e+07 16400.7 34 12.0566 12 3.67931
1141 3.43598e+10 5.57451e+07 20239.6 35 12.2393 12 3.86559
1142 1.718e+10 5.5923e+07 17611.9 34 12.3457 12 3.87574
1143 2.14758e+09 1.65501e+07 17920.9 31 12.2471 12 3.84247
1144 6.87196e+10 1.13483e+08 18651.1 36 12.2354 12 3.83955
1145 3.43599e+10 6.06718e+07 18714.1 35 12.249 12 3.74521
1146 4.29507e+09 2.30571e+07 22112.7 32 12.4971 13 3.82157
1147 3.43599e+10 5.04752e+07 18117.1 35 12.3975 12 3.86704
1148 4.29507e+09 2.07749e+07 13569.2 32 11.5244 11 3.54614
1149 6.87196e+10 9.8213e+07 18160.4 36 11.792 12 3.67564
1150 1.37439e+11 1.73891e+08 17986.5 37 12.1387 12 3.81656
1151 2.19902e+12 2.18263e+09 32736 41 12.8887 14 4.01698
1152 1.718e+10 6.06535e+07 16842.1 34 12.0723 12 3.90222
1153 1.37439e+11 2.06614e+08 23885.7 37 12.6182 13 4.01534
1154 1.37439e+11 1.60655e+08 17811.1 37 12.2539 12 3.92327
1155 3.43599e+10 7.7667e+07 17744.9 35 11.9785 12 3.96422
1156 6.87196e+10 1.59503e+08 17789 36 12.1504 12 3.95875
1157 3.43599e+10 6.54276e+07 14411.4 35 11.542 12 3.88829
1158 8.59005e+09 3.34574e+07 8308.63 33 10.6533 9 3.66928
1159 6.87196e+10 9.68997e+07 9518.84 36 10.8242 10 3.70676
1160 8.59004e+09 3.25651e+07 15592 33 11.6084 12 3.83883
1161 3.43599e+10 7.05592e+07 14700.8 35 11.748 11 3.76865
1162 1.37439e+11 1.48589e+08 11870.6 37 11.0928 10 3.52357
1163 1.37439e+11 1.60805e+08 15592 37 11.8516 12 3.79747
1164 3.43599e+10 6.12913e+07 23911 35 12.3291 13 3.83379
1165 1.718e+10 8.18598e+07 23885.7 34 12.6797 13 3.77391
1166 3.43599e+10 7.33659e+07 32706.2 35 12.7871 14 3.92837
1167 1.718e+10 3.14377e+07 24997.3 34 12.5137 13 3.80688
1168 8.59005e+09 5.09651e+07 24162.3 33 12.8086 13 3.85075
1169 1.37439e+11 2.03255e+08 23708.2 37 12.7139 13 3.87989
1170 1.37439e+11 3.11161e+08 14044.2 37 11.5986 11 3.65443
1171 1.718e+10 3.47286e+07 13893.8 34 11.7012 11 3.63056
1172 4.29505e+09 1.46138e+07 12057.2 32 11.3594 10 3.49361
1173 1.718e+10 5.97209e+07 16703.6 34 11.9561 12 3.66025
1174 3.43599e+10 1.00555e+08 25591.2 35 12.6074 13 3.77193
1175 4.29506e+09 2.89075e+07 25800.6 32 12.917 13 3.77092
1176 8.59004e+09 3.93135e+07 22934.1 33 12.5557 13 3.68179
1177 4.29507e+09 3.78447e+07 23142.6 32 12.6123 13 3.70291
1178 3.43599e+10 5.10332e+07 25938.9 35 12.668 13 3.76874
1179 2.74878e+11 2.85794e+08 18714.1 38 12.3125 12 3.64325
1180 1.09951e+12 1.16067e+09 35484.8 40 13.1475 14 3.85655
1181 3.43599e+10 4.33224e+07 23708.2 35 12.4922 13 3.70734
1182 8.59004e+09 2.79981e+07 25869.9 33 12.7773 13 3.83091
1183 6.87196e+10 1.36557e+08 19686.7 36 12.3252 12 3.74355
1184 8.59002e+09 2.6353e+07 17433.1 33 12.041 12 3.6751
1185 1.37439e+11 2.30963e+08 17071.2 37 12.1289 12 3.68696
1186 6.87196e+10 1.0009e+08 17071.2 36 11.8994 12 3.68773
1187 1.37439e+11 2.676e+08 18375.4 37 12.2236 12 3.73145
1188 1.09951e+12 1.21353e+09 19045.7 40 12.1445 12 3.71566
1189 4.29508e+09 3.51728e+07 16657.2 32 12.0303 12 3.7037
1190 4.29507e+09 1.24438e+07 16424.1 32 11.9111 12 3.61912
1191 8.59004e+09 2.65931e+07 14718.5 33 11.6318 11 3.60208
1192 6.87196e+10 8.06569e+07 15853.9 36 11.7168 11 3.6112
1193 8.59004e+09 1.76825e+07 11782.8 33 11.0283 10 3.58902
1194 2.74878e+11 3.0251e+08 18460.7 38 12.04 12 3.73182
1195 3.43599e+10 9.54967e+07 19168.2 35 12.0762 12 3.61577
1196 8.59004e+09 3.25e+07 24435.7 33 12.5488 13 3.64761
1197 8.59004e+09 2.99296e+07 25754.3 33 12.6064 13 3.6495
1198 4.29508e+09 1.63207e+07 19880.5 32 12.2568 12 3.57536
1199 1.718e+10 3.7171e+07 24657.2 34 12.4209 13 3.63289
1200 1.718e+10 2.84228e+07 15535.5 34 11.5049 11 3.51188
1201 8.59004e+09 1.82627e+07 19350 33 11.9824 12 3.49766
1202 8.59005e+09 4.15889e+07 17678.5 33 11.7588 12 3.55059
1203 2.14758e+09 1.08796e+07 22724.2 31 12 13 3.63484
1204 1.37439e+11 1.43331e+08 19529.4 37 12.1172 12 3.70562
1205 4.29507e+09 1.2704e+07 24583.6 32 12.1377 13 3.59819
1206 3.43599e+10 4.69748e+07 34339.2 35 12.7285 14 3.77101
1207 3.43599e+10 5.58968e+07 20577 35 12.1875 13 3.61007
1208 6.87196e+10 1.19906e+08 17656.3 36 11.9785 12 3.57678
1209 4.29507e+09 3.22348e+07 11203.7 32 11.2158 10 3.53513
1210 1.718e+10 5.89768e+07 14665.2 34 11.7959 11 3.64425
1211 8.59005e+09 4.95179e+07 15446.8 33 11.7832 12 3.61189
1212 8.59004e+09 3.71921e+07 16657.2 33 11.7402 12 3.56629
1213 8.59005e+09 4.89092e+07 24485.1 33 12.5742 13 3.78662
1214 8.59004e+09 4.40997e+07 13375.1 33 11.5264 11 3.50608
1215 5.49756e+11 5.95591e+08 18818.5 39 12.0127 12 3.50223
1216 1.37439e+11 2.10043e+08 34424.5 37 12.7559 14 3.61761
1217 3.43599e+10 8.6897e+07 20276.6 35 12.3516 12 3.44479
1218 1.718e+10 7.5404e+07 20603.6 34 12.3936 12 3.46861
1219 1.37439e+11 1.63713e+08 20866.4 37 12.4521 12 3.42163
1220 3.43599e+10 6.40639e+07 19208.8 35 12.04 12 3.23534
1221 1.09951e+12 1.40542e+09 23452.6 40 12.3242 13 3.36241
1222 1.37439e+11 3.32713e+08 19489.7 37 12.2168 12 3.24206
1223 6.87196e+10 1.43227e+08 20849.2 36 12.3574 12 3.35886
1224 1.718e+10 7.58611e+07 26591.2 34 12.6494 13 3.44738
1225 3.43599e+10 1.16434e+08 27340.6 35 12.8848 13 3.47785
1226 6.87196e+10 2.53564e+08 26189.5 36 12.7861 13 3.50135
1227 3.43599e+10 1.45122e+08 31984 35 12.9365 14 3.60771
1228 2.74878e+11 5.22519e+08 24187.3 38 12.6641 13 3.53493
1229 6.87196e+10 2.58308e+08 91009 36 13.9014 16 3.66877
1230 5.49756e+11 6.48987e+08 85701.7 39 13.7168 16 3.57769
1231 3.51844e+13 3.45756e+10 35512.1 45 13.3096 14 3.63532
1232 1.37439e+11 3.2371e+08 162885 37 14.9668 17 3.92001
1233 6.87196e+10 1.87966e+08 291965 36 14.4131 18 3.72448
1234 1.718e+10 1.17801e+08 291425 34 14.8252 18 3.75457
1235 1.718e+10 9.31211e+07 159652 34 14.3887 17 3.71617
1236 1.37439e+11 2.29936e+08 164206 37 14.8809 17 3.79397
1237 2.19902e+12 2.33612e+09 296504 41 15.8564 18 4.0107
1238 1.37439e+11 2.95333e+08 295131 37 15.7041 18 3.9577
1239 2.74878e+11 7.46146e+08 294269 38 15.1777 18 3.891
1240 1.09951e+12 1.51854e+09 295169 40 15.4658 18 3.93499
1241 1.718e+10 2.11345e+08 296051 34 16.0264 18 4.14011
1242 1.718e+10 1.74732e+08 295899 34 15.5195 18 3.99927
1243 3.43599e+10 1.44292e+08 294584 35 15.3965 18 4.0358
1244 1.37439e+11 3.669e+08 292947 37 14.915 18 3.97677
1245 1.718e+10 1.32766e+08 293029 34 14.7529 18 4.03339
1246 5.49756e+11 7.2816e+08 293190 39 14.7236 18 3.97435
1247 5.49756e+11 8.10938e+08 294071 39 14.9648 18 4.14702
1248 6.87196e+10 2.44136e+08 288699 36 14.4658 18 4.05437
1249 1.09951e+12 1.23141e+09 92494.1 40 14.0762 16 3.90559
1250 2.74878e+11 4.7452e+08 92557.1 38 14.1279 16 3.90084
1251 2.74878e+11 6.49378e+08 292785 38 15.1543 18 4.19876
1252 1.09951e+12 1.62314e+09 93846.7 40 14.1875 16 3.89287
1253 1.718e+10 1.09442e+08 290162 34 14.6191 18 3.99667
1254 4.39805e+12 6.5757e+09 91533.3 42 13.917 16 3.85199
1255 2.74878e+11 5.09494e+08 290119 38 15.0186 18 3.95866
1256 5.49756e+11 1.13088e+09 162046 39 14.6338 17 3.86926
1257 2.19902e+12 3.07015e+09 293432 41 14.9561 18 3.97201
1258 1.37439e+11 4.04002e+08 291133 37 14.6719 18 3.88675
1259 1.37439e+11 5.49208e+08 161010 37 14.4727 17 3.84575
1260 8.79609e+12 9.29419e+09 294269 43 15.249 18 3.94605
1261 6.87196e+10 3.17645e+08 291799 36 15.1934 18 3.78517
1262 1.37439e+11 6.46813e+08 291509 37 15.1279 18 3.84314
1263 6.87196e+10 2.9056e+08 94553.4 36 14.5518 16 3.67322
1264 3.43599e+10 3.16329e+08 292540 35 15.3232 18 3.92965
1265 3.43599e+10 2.28039e+08 162519 35 14.8027 17 3.7522
1266 6.87196e+10 3.01224e+08 291258 36 14.9092 18 3.87242
1267 1.37439e+11 3.6873e+08 288438 37 14.7607 18 3.80133
1268 2.74878e+11 6.54675e+08 290289 38 14.8906 18 3.97452
1269 5.49756e+11 9.75825e+08 293673 39 15.2217 18 4.00881
1270 2.74878e+11 4.23174e+08 160265 38 14.7783 17 3.93764
1271 2.74878e+11 8.15275e+08 293110 38 15.3887 18 4.08786
1272 1.09951e+12 1.50219e+09 294269 40 15.5518 18 4.16868
1273 2.74878e+11 5.2695e+08 290881 38 14.7178 18 4.07743
1274 1.09951e+12 1.39079e+09 158771 40 14.4678 17 4.0028
1275 1.09951e+12 2.43061e+09 295363 40 16.0137 18 4.29873
1276 6.87196e+10 4.0527e+08 295747 36 15.8701 18 4.12524
1277 2.74878e+11 5.54222e+08 295053 38 15.251 18 3.94048
1278 1.718e+10 2.11061e+08 295324 34 15.6016 18 4.03873
1279 2.19902e+12 2.81168e+09 293753 41 15.1211 18 3.93076
1280 3.43599e+10 2.26651e+08 293069 35 14.7061 18 3.78805
1281 2.74878e+11 6.41298e+08 293271 38 14.9092 18 3.88139
1282 1.09951e+12 1.20773e+09 292581 40 14.4072 18 3.68044
1283 6.87196e+10 2.33771e+08 289991 36 14.6865 18 3.65774
1284 3.43599e+10 1.73365e+08 94114.4 35 13.6338 16 3.46145
1285 5.49756e+11 9.31923e+08 160014 39 14.1523 17 3.57819
1286 2.19902e+12 2.64646e+09 94954.7 41 13.5732 16 3.61165
1287 2.74878e+11 7.51057e+08 161150 38 14.4619 17 3.73546
1288 6.87196e+10 2.09334e+08 292376 36 14.7959 18 3.82354
1289 5.49756e+11 8.50807e+08 294230 39 14.9277 18 3.85074
1290 1.75922e+13 1.77572e+10 294858 44 15.1475 18 3.86907
1291 2.74878e+11 7.16059e+08 53298.1 38 13.2393 15 3.33358
1292 5.49756e+11 8.66685e+08 161739 39 14.2441 17 3.69582
1293 1.09951e+12 1.4588e+09 163859 40 14.6211 17 3.74913
1294 1.09951e+12 1.96499e+09 294230 40 15.1768 18 3.94442
1295 2.74878e+11 1.0267e+09 293352 38 14.7383 18 3.87873
1296 1.37439e+11 4.59859e+08 163922 37 14.4502 17 3.89706
1297 6.87196e+10 4.12967e+08 158474 36 14.2656 17 3.67849
1298 1.09951e+12 1.39226e+09 291007 40 14.8135 18 3.92234
1299 6.87196e+10 4.17543e+08 294741 36 15.8398 18 4.15713
1300 5.49756e+11 1.0979e+09 293912 39 15.0488 18 3.90624
1301 4.39805e+12 5.55168e+09 294348 42 15.5645 18 4.09446
1302 4.39805e+12 5.44116e+09 293753 42 15.4717 18 4.01537
1303 2.19902e+12 2.56353e+09 295401 41 15.8154 18 4.06235
1304 5.49756e+11 1.02041e+09 296165 39 15.6074 18 4.00323
1305 2.74878e+11 5.6222e+08 292458 38 14.5127 18 3.68907
1306 1.09951e+12 1.85479e+09 291467 40 14.7344 18 3.72744
1307 5.49756e+11 1.52842e+09 293872 39 14.5605 18 3.63158
1308 1.75922e+13 1.77621e+10 295131 44 14.8438 18 3.73478
1309 6.87196e+10 3.91207e+08 293472 36 14.5537 18 3.79577
1310 2.74878e+11 1.09694e+09 293992 38 14.8691 18 3.8912
1311 2.74878e+11 7.86421e+08 295014 38 15.0859 18 3.96316
1312 2.19902e+12 2.70232e+09 294624 41 15.084 18 3.96252
1313 5.49756e+11 8.1528e+08 161219 39 14.3643 17 3.69843
1314 2.19902e+12 3.18063e+09 157034 41 14.1709 17 3.6977
1315 1.37439e+11 4.049e+08 293271 37 14.4199 18 3.69731
1316 2.74878e+11 5.2082e+08 159580 38 13.9873 17 3.67425
1317 6.87196e+10 2.79684e+08 290162 36 14.1826 18 3.71708
1318 6.87196e+10 3.64943e+08 161324 36 14.1904 17 3.70635
1319 1.37439e+11 4.80654e+08 162385 37 14.0771 17 3.73464
1320 1.37439e+11 6.2274e+08 160763 37 14.4473 17 3.86887
1321 1.37439e+11 4.16289e+08 162785 37 14.3682 17 3.8517
1322 1.37439e+11 3.10813e+08 292622 37 14.9062 18 3.99432
1323 6.87196e+10 3.7322e+08 292703 36 14.8486 18 4.07159
1324 2.19902e+12 3.01094e+09 293392 41 15.0156 18 4.07602
1325 5.49756e+11 9.79929e+08 294624 39 15.2383 18 4.18508
1326 1.09951e+12 1.64248e+09 161876 40 14.6963 17 4.10039
1327 1.37439e+11 4.57909e+08 94084.8 37 14.0518 16 3.85322
1328 1.37439e+11 4.89467e+08 160301 37 14.0762 17 3.80581
1329 2.74878e+11 9.12822e+08 161635 38 14.6621 17 3.96156
1330 1.37439e+11 4.79054e+08 292663 37 14.5977 18 3.86541
1331 5.49756e+11 9.39584e+08 90004.7 39 13.7158 16 3.68386
1332 2.74878e+11 8.15794e+08 292785 38 14.8896 18 3.95146
1333 1.37439e+11 6.75405e+08 291509 37 14.7432 18 3.95657
1334 1.37439e+11 3.60056e+08 162452 37 14.499 17 3.89537
1335 6.87196e+10 2.55433e+08 292089 36 14.7539 18 3.94552
1336 1.37439e+11 3.72876e+08 291965 37 14.8594 18 3.96002
1337 5.49756e+11 7.55709e+08 160373 39 14.5049 17 3.85875
1338 5.49756e+11 6.73342e+08 52916.6 39 13.9531 15 3.70767
1339 2.74878e+11 6.16421e+08 51387.2 38 14.1396 15 3.72145
1340 2.74878e+11 7.62755e+08 91075 38 14.4863 16 3.71573
1341 6.87196e+10 2.10458e+08 36688.4 36 13.9209 14 3.60261
1342 2.74878e+11 5.45674e+08 52948.5 38 14.1035 15 3.6378
1343 5.49756e+11 6.68921e+08 38194.1 39 14.0098 14 3.59736
1344 2.74878e+11 8.431e+08 24485.1 38 12.8467 13 3.36332
1345 1.37439e+11 4.39239e+08 33502.9 37 13.7568 14 3.433
1346 5.49756e+11 8.72411e+08 25638 39 13.1016 13 3.35545
1347 5.49756e+11 7.9621e+08 54694.5 39 13.749 15 3.41915
1348 6.87196e+10 3.02142e+08 18922.2 36 12.4102 12 3.1788
1349 3.43599e+10 2.05992e+08 20386.9 35 12.9189 12 3.33509
1350 5.49756e+11 9.95346e+08 32706.2 39 13.6602 14 3.50618
1351 5.49756e+11 1.26668e+09 27152.1 39 13.416 13 3.51815
1352 1.09951e+12 1.78379e+09 56090.3 40 14.0244 15 3.66733
1353 1.09951e+12 1.62463e+09 89147.7 40 14.1855 16 3.80302
1354 2.74878e+11 1.01402e+09 56832.5 38 14.1553 15 3.84061
1355 1.37439e+11 4.92176e+08 32256.3 37 13.4941 14 3.74928
1356 1.37439e+11 3.13614e+08 55266.8 37 13.8301 15 3.70406
1357 1.37439e+11 5.87595e+08 37902.8 37 13.9365 14 3.7629
1358 1.37439e+11 4.05323e+08 34875.6 37 13.3701 14 3.63436
1359 1.37439e+11 3.9343e+08 36766.4 37 13.3594 14 3.64375
1360 5.49756e+11 7.44584e+08 58986.8 39 14.0518 15 3.75918
1361 6.87196e+10 2.74182e+08 32973.7 36 13.4951 14 3.75439
1362 5.49756e+11 1.4565e+09 32944 39 13.292 14 3.67991
1363 2.74878e+11 7.44951e+08 36714.4 38 13.3926 14 3.67802
1364 2.74878e+11 3.72053e+08 54049.8 38 13.5625 15 3.63806
1365 6.87196e+10 2.78608e+08 26007.6 36 13.2949 13 3.60667
1366 6.87196e+10 3.96161e+08 92336.1 36 14.4346 16 3.84727
1367 8.79609e+12 8.96491e+09 36844.3 43 13.6865 14 3.56697
1368 4.39805e+12 4.94182e+09 23733.7 42 13.2705 13 3.51253
1369 2.74878e+11 1.27208e+09 25938.9 38 13.3457 13 3.47025
1370 6.87196e+10 3.13036e+08 25754.3 36 13.1348 13 3.47192
1371 3.43599e+10 1.64869e+08 24657.2 35 13.3047 13 3.4539
1372 1.37439e+11 5.79588e+08 25892.9 37 13.3496 13 3.49573
1373 2.19902e+12 3.04098e+09 32676.4 41 13.3496 14 3.47078
1374 2.74878e+11 7.99091e+08 56292.3 38 14.3291 15 3.6635
1375 4.39805e+12 5.47694e+09 56378.4 42 14.2393 15 3.67827
1376 1.09951e+12 1.82313e+09 27906.6 40 13.5459 13 3.38612
1377 5.49756e+11 1.24475e+09 36688.4 39 13.7871 14 3.47096
1378 2.74878e+11 7.76318e+08 160014 38 14.415 17 3.61295
1379 2.19902e+12 2.56607e+09 24876.4 41 13.4688 13 3.4167
1380 1.09951e+12 1.98108e+09 291509 40 14.7041 18 3.73378
1381 6.87196e+10 5.20107e+08 292047 36 14.9893 18 3.97342
1382 6.87196e+10 3.80327e+08 290501 36 14.3779 18 3.77671
1383 1.37439e+11 5.05311e+08 93515.2 37 14.1484 16 3.79943
1384 2.74878e+11 7.61859e+08 38989.6 38 14.0732 14 3.78309
1385 1.09951e+12 1.8279e+09 159214 40 14.2588 17 3.81685
1386 2.74878e+11 4.47285e+08 58556.4 38 13.9775 15 3.78316
1387 1.09951e+12 2.27363e+09 56972.6 40 13.8965 15 3.78326
1388 1.37439e+11 3.8976e+08 92494.1 37 14.1338 16 3.81847
1389 2.74878e+11 1.08889e+09 92963.1 38 14 16 3.77025
1390 2.74878e+11 6.28264e+08 294230 38 15.0098 18 3.85741
1391 1.09951e+12 2.82799e+09 161704 40 14.6289 17 3.83186
1392 2.74878e+11 8.56588e+08 55326.4 38 13.79 15 3.58142
1393 1.37439e+11 7.01041e+08 161428 37 14.7109 17 3.79219
1394 5.49756e+11 1.7749e+09 92145.3 39 14.0127 16 3.5884
1395 2.74878e+11 7.37438e+08 162586 38 14.6924 17 3.77581
1396 1.09951e+12 1.33054e+09 93271.3 40 14.1719 16 3.63771
1397 5.49756e+11 1.17783e+09 296013 39 15.2266 18 3.7591
1398 1.75922e+13 1.81331e+10 92525.7 44 14.2998 16 3.53055
1399 1.37439e+11 1.14733e+09 296951 37 16.2871 18 3.99818
1400 5.49756e+11 1.38043e+09 296203 39 15.6924 18 3.81508
1401 1.75922e+13 3.26461e+10 296127 44 15.9932 18 3.8923
1402 1.09951e+12 3.32893e+09 295286 40 15.3799 18 3.77747
1403 1.09951e+12 2.34185e+09 296241 40 15.998 18 3.83928
1404 5.49756e+11 1.65297e+09 295208 39 15.792 18 3.84333
1405 4.39805e+12 1.1866e+10 294936 42 15.8447 18 3.82355
1406 1.09951e+12 1.67686e+09 94114.4 40 14.7217 16 3.59132
1407 4.39805e+12 9.45599e+09 161010 42 15.2881 17 3.6738
1408 2.74878e+11 1.33088e+09 38145.9 38 13.9912 14 3.40062
1409 1.09951e+12 2.07443e+09 94320.4 40 14.4971 16 3.46363
1410 5.49756e+11 1.80158e+09 58140.2 39 14.4717 15 3.43729
1411 5.49756e+11 1.6253e+09 92081.5 39 14.4795 16 3.43294
1412 2.74878e+11 6.16974e+08 25938.9 38 13.3672 13 3.2155
1413 2.19902e+12 3.89636e+09 35811.5 41 13.6445 14 3.25422
1414 2.74878e+11 1.07745e+09 26657.1 38 13.4688 13 3.18669
1415 5.49756e+11 1.43307e+09 37681 39 14.0186 14 3.31863
1416 1.75922e+13 1.84874e+10 89355 44 14.5615 16 3.4429
1417 2.19902e+12 7.37136e+09 163409 41 15.3984 17 3.66548
1418 2.74878e+11 1.4202e+09 58936.8 38 14.5469 15 3.46498
1419 4.39805e+12 4.97962e+09 94668.9 42 14.748 16 3.55675
1420 5.49756e+11 1.59937e+09 298543 39 16.6289 18 3.93374
1421 5.49756e+11 1.19161e+09 295169 39 15.7637 18 3.79072
1422 5.49756e+11 1.98745e+09 296616 39 15.748 18 3.73768
1423 5.49756e+11 1.29945e+09 295709 39 15.7715 18 3.76976
1424 1.37439e+11 9.54526e+08 296316 37 15.7812 18 3.77306
1425 5.49756e+11 1.71293e+09 295131 39 15.2393 18 3.61198
1426 2.74878e+11 9.4633e+08 296013 38 15.6777 18 3.74951
1427 2.74878e+11 8.48075e+08 297283 38 15.5781 18 3.79021
1428 1.40737e+14 1.47379e+11 295208 47 15.1768 18 3.69151
1429 5.49756e+11 1.43181e+09 297721 39 15.6377 18 3.79572
1430 2.74878e+11 1.22389e+09 292253 38 14.6738 18 3.56467
1431 5.49756e+11 1.9654e+09 93636.3 39 14.1309 16 3.4114
1432 1.09951e+12 2.52261e+09 160158 40 14.5654 17 3.45651
1433 1.09951e+12 2.23402e+09 163603 40 14.623 17 3.53214
1434 2.74878e+11 8.50864e+08 162984 38 14.6797 17 3.61604
1435 2.19902e+12 3.24403e+09 162182 41 14.4014 17 3.55181
1436 2.19902e+12 6.90733e+09 297901 41 15.8037 18 3.78612
1437 2.74878e+11 8.12379e+08 297466 38 15.667 18 3.72828
1438 2.19902e+12 2.88188e+09 297210 41 15.7852 18 3.81042
1439 1.75922e+13 2.29461e+10 297648 44 16.0947 18 3.86572
1440 1.09951e+12 3.10518e+09 164671 40 14.8145 17 3.5327
1441 8.79609e+12 1.42779e+10 292947 43 14.6377 18 3.62124
1442 2.19902e+12 5.73914e+09 296354 41 15.6582 18 3.86973
1443 1.09951e+12 3.40844e+09 293593 40 14.8096 18 3.65307
1444 5.49756e+11 2.34656e+09 292130 39 14.9336 18 3.64242
1445 1.09951e+12 1.70754e+09 295594 40 15.4404 18 3.73341
1446 5.49756e+11 1.90835e+09 297356 39 16.3906 18 3.92906
1447 1.09951e+12 3.14736e+09 295785 40 15.6729 18 3.82527
1448 2.19902e+12 3.45523e+09 293190 41 14.8369 18 3.59496
1449 1.09951e+12 2.51697e+09 296391 40 15.9307 18 3.87043
1450 6.87196e+10 6.14353e+08 297246 36 16.3926 18 4.05168
1451 3.43599e+10 4.22874e+08 297025 35 15.6562 18 3.91309
1452 1.09951e+12 2.47404e+09 297430 40 15.957 18 3.97557
1453 2.74878e+11 9.8497e+08 294506 38 15.1006 18 3.73654
1454 2.74878e+11 1.14301e+09 296579 38 15.9375 18 4.01373
1455 2.74878e+11 1.20451e+09 297612 38 16.2803 18 4.01356
1456 2.19902e+12 4.72895e+09 296278 41 15.7852 18 3.92405
1457 4.39805e+12 5.89316e+09 560928 42 17.0381 19 4.13793
1458 5.49756e+11 1.55277e+09 1.08701e+06 39 17.8721 20 4.36934
1459 1.09951e+12 5.37809e+09 567272 40 17.9707 19 4.34459
1460 3.51844e+13 3.60393e+10 555860 45 16.8545 19 4.07868
1461 1.40737e+14 1.39032e+11 563986 47 17.6475 19 4.2848
1462 4.39805e+12 9.81168e+09 1.08738e+06 42 18.4443 20 4.55253
1463 1.09951e+12 3.07554e+09 565298 40 17.8516 19 4.39619
1464 2.74878e+11 1.42853e+09 560717 38 17.085 19 4.14679
1465 1.09951e+12 2.92596e+09 563947 40 17.874 19 4.35263
1466 5.49756e+11 2.113e+09 561640 39 17.1377 19 4.17983
1467 2.19902e+12 4.89499e+09 562423 41 17.2705 19 4.23787
1468 1.09951e+12 3.68199e+09 562910 40 17.3115 19 4.18265
1469 2.19902e+12 4.985e+09 561264 41 17.0713 19 4.15741
1470 2.74878e+11 1.63227e+09 562012 38 16.9863 19 4.13588
1471 5.49756e+11 1.81755e+09 559604 39 16.8926 19 4.12586
1472 5.49756e+11 1.49924e+09 560801 39 17.3555 19 4.18268
1473 4.39805e+12 7.74199e+09 558469 42 16.3467 19 4.01431
1474 1.09951e+12 3.46922e+09 559949 40 17.2695 19 4.21402
1475 2.19902e+12 3.68169e+09 561306 41 17.4795 19 4.215
1476 2.74878e+11 1.47737e+09 562218 38 17.4346 19 4.21703
1477 5.49756e+11 1.36849e+09 558071 39 17.0176 19 4.10774
1478 8.79609e+12 1.17416e+10 298152 43 16.9619 18 4.08037
1479 2.19902e+12 5.29022e+09 296951 41 16.4561 18 3.95363
1480 2.19902e+12 3.67641e+09 296051 41 16.2197 18 3.91748
1481 5.49756e+11 2.3868e+09 295709 39 16.0586 18 3.81491
1482 3.51844e+13 3.67107e+10 163699 45 15.6367 17 3.70435
1483 2.19902e+12 7.90922e+09 164237 41 15.918 17 3.67043
1484 1.09951e+12 2.45648e+09 163344 40 15.6816 17 3.66332
1485 2.19902e+12 4.07535e+09 293553 41 15.9775 18 3.78005
1486 5.49756e+11 2.10772e+09 293713 39 16.0664 18 3.72519
1487 4.39805e+12 9.99137e+09 162619 42 15.4375 17 3.63532
1488 1.09951e+12 2.43362e+09 163441 40 15.542 17 3.69079
1489 2.19902e+12 3.30689e+09 296391 41 16.459 18 3.87518
1490 4.39805e+12 7.75357e+09 93179.2 42 15.207 16 3.63441
1491 1.09951e+12 5.31786e+09 296616 40 16.6699 18 3.93141
1492 1.40737e+14 1.45828e+11 297320 47 16.6416 18 3.87441
1493 8.79609e+12 1.06862e+10 297283 43 16.4209 18 3.87815
1494 1.75922e+13 2.07964e+10 295632 44 16.2871 18 3.74392
1495 8.79609e+12 1.22615e+10 36320.3 43 14.9336 14 3.4569
1496 3.51844e+13 5.1124e+10 57028.4 45 15.1104 15 3.51895
1497 5.6295e+14 5.90903e+11 163050 49 15.8203 17 3.64742
1498 4.39805e+12 7.61559e+09 57167.3 42 15.001 15 3.38236
1499 4.39805e+12 7.4937e+09 159397 42 15.9023 17 3.619
