3013.63
0 109.829 8.48409 4 1 0.0429688 0 0.130892
1 110.371 8.55701 4 1 0.0419922 0 0.132489
2 435.117 9.55967 4 2 0.0458984 0 0.134967
3 110.371 8.62069 4 1 0.0400391 0 0.136239
4 435.151 11.6154 5 2 0.0566406 0 0.140026
5 435.053 10.0876 5 2 0.0449219 0 0.140242
6 435.053 10.5052 5 2 0.0527344 0 0.141269
7 434.818 9.46274 5 2 0.0419922 0 0.139
8 435.149 10.1782 5 2 0.0498047 0 0.140894
9 109.829 8.62131 5 1 0.0361328 0 0.14124
10 111.937 8.91927 5 1 0.0380859 0 0.142551
11 435.149 9.56638 5 2 0.0400391 0 0.144877
12 435.151 9.39381 5 2 0.0380859 0 0.143002
13 435.117 9.97562 6 2 0.0439453 0 0.145268
14 435.151 11.9966 6 2 0.0585938 0 0.146994
15 1009.59 13.2043 6 3 0.0644531 0 0.149762
16 1009.59 12.1181 6 3 0.0546875 0 0.14525
17 435.149 10.8897 6 2 0.0478516 0 0.149161
18 434.954 11.7525 6 2 0.0566406 0 0.149448
19 435.151 12.1786 6 2 0.0595703 0 0.149122
20 435.149 11.6694 6 2 0.0605469 0 0.146195
21 435.151 12.434 6 2 0.0615234 0 0.149089
22 434.954 11.8547 6 2 0.0566406 0 0.150688
23 435.127 10.5053 6 2 0.0449219 0 0.148241
24 435.149 10.6337 6 2 0.046875 0 0.147795
25 434.639 10.8759 6 2 0.0507812 0 0.149006
26 435.117 14.081 6 2 0.0771484 0 0.150515
27 434.818 11.762 6 2 0.0595703 0 0.148473
28 435 10.6212 6 2 0.046875 0 0.150664
29 435.151 10.7581 6 2 0.0478516 0 0.151147
30 435.127 11.3355 6 2 0.0527344 0 0.151807
31 434.954 11.3359 6 2 0.0527344 0 0.152371
32 109.829 10.4194 6 1 0.0478516 0 0.149473
33 435.117 11.2545 6 2 0.0517578 0 0.148875
34 109.829 11.296 6 1 0.0566406 0 0.149488
35 435.117 11.9843 6 2 0.0615234 0 0.149089
36 435.127 11.5123 6 2 0.0488281 0 0.150531
37 110.903 10.7851 6 1 0.0507812 0 0.149854
38 435.127 13.2305 6 2 0.0664062 0 0.153095
39 435.117 11.404 6 2 0.0488281 0 0.15199
40 435.151 13.2757 6 2 0.0644531 0 0.153307
41 435.151 14.4491 6 2 0.0732422 0 0.157265
42 435.053 12.815 6 2 0.0634766 0 0.155188
43 435.151 14.1743 6 2 0.0712891 0 0.155369
44 435.149 12.825 6 2 0.0595703 0 0.154237
45 435.149 14.3259 6 2 0.0683594 0 0.156463
46 435.127 12.4882 6 2 0.0576172 0 0.155242
47 113.897 12.5805 6 1 0.0654297 0 0.154553
48 435.151 12.3965 6 2 0.0595703 0 0.154743
49 435.151 15.0678 6 2 0.0830078 0 0.158703
50 435.151 13.0457 7 2 0.0634766 0 0.160673
51 435.053 12.6129 7 2 0.0546875 0 0.157371
52 435.151 14.615 7 2 0.0712891 0 0.159585
53 435.127 13.2192 7 2 0.0654297 0 0.157787
54 434.818 14.061 7 2 0.0771484 0 0.156694
55 435.117 15.1207 7 2 0.0810547 0 0.159268
56 435.149 14.601 7 2 0.0722656 0 0.157619
57 435.151 13.4544 7 2 0.0664062 0 0.156373
58 435.053 15.744 7 2 0.0908203 0 0.160536
59 435.053 11.9458 7 2 0.0478516 0 0.160568
60 435.151 14.5973 7 2 0.0732422 0 0.158804
61 435.151 13.6189 7 2 0.0644531 0 0.160363
62 435.151 14.2765 7 2 0.0693359 0 0.159909
63 435.151 14.2484 8 2 0.0683594 0 0.164244
64 435.127 14.3396 8 2 0.0644531 0 0.164207
65 435.117 15.3426 8 2 0.0761719 0 0.164981
66 435.151 15.7063 8 2 0.0751953 0 0.168173
67 435.053 13.2808 8 2 0.0605469 0 0.166893
68 435.151 14.4549 8 2 0.0722656 0 0.16707
69 435.151 14.9657 8 2 0.0703125 0 0.16762
70 435.149 16.4337 8 2 0.0878906 0 0.167186
71 435.076 15.4493 8 2 0.0771484 0 0.168533
72 435.149 14.9431 8 2 0.0771484 0 0.167042
73 435.117 16.1081 8 2 0.0830078 0 0.169065
74 435.151 15.9749 8 2 0.0722656 0 0.170954
75 435.149 18.8038 8 2 0.09375 0 0.172902
76 435.151 17.3495 8 2 0.0888672 0 0.175069
77 435.151 17.431 8 2 0.0898438 0 0.169692
78 1009.59 17.9229 8 3 0.0957031 0 0.173944
79 435.151 15.2777 8 2 0.0712891 0 0.173605
80 435.149 18.5866 8 2 0.0927734 0 0.174696
81 1010.21 17.5542 8 3 0.0908203 0 0.173316
82 435.053 14.1661 8 2 0.0664062 0 0.171161
83 1009.59 19.2821 8 3 0.0966797 0 0.175446
84 435.117 16.1395 8 2 0.0791016 0 0.175173
85 435.149 17.0142 8 2 0.0927734 0 0.175289
86 435.127 17.2008 8 2 0.0869141 0 0.175833
87 435.151 18.3705 8 2 0.103516 0 0.175158
88 435.151 18.9687 8 2 0.0927734 0 0.176866
89 435.149 17.4877 8 2 0.0859375 0 0.178128
90 435.151 19.2085 8 2 0.100586 0 0.178246
91 435.151 19.2323 8 2 0.107422 0 0.175922
92 435.117 18.3707 8 2 0.0976562 0 0.17974
93 435.149 21.117 9 2 0.114258 0 0.183119
94 435.127 17.5362 8 2 0.0898438 0 0.178742
95 435.151 19.7149 8 2 0.101562 0 0.181229
96 1009.59 19.7471 8 3 0.0966797 0 0.179094
97 435.149 19.6375 9 2 0.101562 0 0.17997
98 1842.49 22.8418 9 4 0.12207 0 0.184016
99 435.149 19.2172 8 2 0.101562 0 0.179973
100 435.151 22.0407 9 2 0.125 0 0.178728
101 435.151 24.2368 9 2 0.126953 0 0.183848
102 435.127 18.999 9 2 0.101562 0 0.186238
103 435.151 19.8599 9 2 0.106445 0 0.186137
104 435.127 21.3848 9 2 0.12207 0 0.185839
105 1011.31 21.5434 9 3 0.116211 0 0.185997
106 435.149 23.3407 9 2 0.125977 0 0.189048
107 435.149 19.9832 9 2 0.102539 0 0.186238
108 435.151 23.1895 9 2 0.128906 0 0.185212
109 435.151 20.8812 9 2 0.111328 0 0.18412
110 435.151 20.6412 9 2 0.111328 0 0.187003
111 435.149 22.397 9 2 0.123047 0 0.185789
112 1007.46 23.8338 9 3 0.12793 0 0.186436
113 435.149 20.0765 9 2 0.107422 0 0.183857
114 435.151 19.8759 9 2 0.104492 0 0.188905
115 435.149 23.8061 9 2 0.129883 0 0.18645
116 435.149 21.9955 9 2 0.110352 0 0.190769
117 435.151 24.1706 9 2 0.131836 0 0.188327
118 1009.59 26.0891 9 3 0.134766 0 0.18978
119 435.151 24.6573 9 2 0.139648 0 0.188581
120 435.151 27.4723 9 2 0.160156 0 0.189176
121 435.151 24.7246 9 2 0.136719 0 0.186439
122 1010.21 25.5585 9 3 0.141602 0 0.18832
123 435.151 22.9073 9 2 0.125977 0 0.187945
124 435.149 24.537 9 2 0.141602 0 0.186817
125 435.151 25.0379 9 2 0.147461 0 0.188919
126 435.151 25.4355 9 2 0.143555 0 0.190561
127 435.151 23.0929 9 2 0.129883 0 0.188654
128 435.149 27.0014 9 2 0.144531 0 0.189703
129 435.151 26.5312 9 2 0.163086 0 0.188257
130 435.151 22.9464 9 2 0.126953 0 0.190411
131 435.151 25.7155 9 2 0.154297 0 0.191409
132 435.151 27.2148 9 2 0.155273 0 0.192747
133 435.151 29.3546 9 2 0.174805 0 0.19278
134 435.149 28.1895 9 2 0.168945 0 0.193308
135 1011.31 27.9977 9 3 0.165039 0 0.186958
136 435.151 27.7051 9 2 0.167969 0 0.189123
137 435.151 29.533 9 2 0.178711 0 0.19036
138 1008.92 28.1807 9 3 0.167969 0 0.188542
139 1008.92 27.0411 9 3 0.152344 0 0.191675
140 1011.31 27.5779 9 3 0.163086 0 0.184302
141 1008.92 32.0973 9 3 0.199219 0 0.191204
142 1009.59 28.8574 9 3 0.166016 0 0.191269
143 1011.31 27.861 9 3 0.166992 0 0.195311
144 435.151 29.5253 9 2 0.176758 0 0.190053
145 1010.21 29.7792 9 3 0.176758 0 0.192737
146 1012.18 29.9298 9 3 0.172852 0 0.191183
147 1011.78 31.0199 9 3 0.194336 0 0.196095
148 1010.79 31.5937 9 3 0.197266 0 0.190248
149 1011.31 32.1067 9 3 0.189453 0 0.192797
150 435.151 32.5838 9 2 0.205078 0 0.190878
151 435.151 30.3105 9 2 0.191406 0 0.192512
152 1010.79 30.5946 9 3 0.19043 0 0.194557
153 435.151 31.6883 9 2 0.198242 0 0.196697
154 435.151 35.0585 9 2 0.220703 0 0.193959
155 435.151 29.9502 10 2 0.19043 0 0.196588
156 1811.47 37.3012 10 4 0.21582 0 0.201462
157 435.151 31.4542 9 2 0.194336 0 0.196605
158 1008.92 35.1435 9 3 0.212891 0 0.193432
159 435.151 34.3971 9 2 0.209961 0 0.19431
160 1006.68 35.7966 10 3 0.225586 0 0.197422
161 435.151 31.544 9 2 0.200195 0 0.195178
162 435.151 33.5339 9 2 0.208984 0 0.196065
163 435.151 30.8157 9 2 0.188477 0 0.194552
164 1008.92 35.9143 10 3 0.217773 0 0.197252
165 1012.77 34.6525 9 3 0.204102 0 0.197864
166 435.151 33.0895 9 2 0.22168 0 0.193672
167 1010.79 32.7534 10 3 0.204102 0 0.196696
168 1008.92 32.9567 10 3 0.206055 0 0.197453
169 1008.92 38.0063 10 3 0.242188 0 0.196563
170 1010.21 37.8078 9 3 0.238281 0 0.197136
171 1007.46 35.0868 10 3 0.213867 0 0.197624
172 1010.21 37.1497 9 3 0.219727 0 0.199828
173 1011.78 37.943 10 3 0.241211 0 0.196742
174 435.151 35.8002 11 2 0.232422 0 0.200538
175 1008.92 37.5941 10 3 0.238281 0 0.196886
176 1008.92 36.9435 10 3 0.225586 0 0.198171
177 1011.31 37.755 10 3 0.219727 0 0.197602
178 435.151 36.6645 10 2 0.236328 0 0.198247
179 1846.55 41.3859 10 4 0.24707 0 0.198572
180 435.151 36.5925 11 2 0.234375 0 0.203215
181 1008.92 37.1107 10 3 0.235352 0 0.199581
182 435.151 37.5391 11 2 0.238281 0 0.20336
183 1009.59 42.2145 11 3 0.259766 0 0.203066
184 435.151 33.6708 11 2 0.217773 0 0.201121
185 1010.21 41.8783 11 3 0.264648 0 0.202003
186 1008.92 40.1068 11 3 0.250977 0 0.201857
187 435.151 34.9041 10 2 0.220703 0 0.201316
188 1845.26 40.6241 11 4 0.250977 0 0.205018
189 1004.1 37.7085 10 3 0.233398 0 0.201841
190 1011.31 36.1662 11 3 0.233398 0 0.202194
191 1008.92 39.3647 11 3 0.241211 0 0.205354
192 1011.31 43.5595 11 3 0.271484 0 0.209439
193 1007.46 39.2782 11 3 0.249023 0 0.208754
194 435.151 40.9095 11 2 0.250977 0 0.206813
195 1008.92 40.2592 11 3 0.256836 0 0.208667
196 435.151 38.5468 11 2 0.25 0 0.206985
197 1007.46 44.5691 11 3 0.28125 0 0.207499
198 1011.31 46.3532 11 3 0.291016 0 0.209216
199 1011.31 41.3608 11 3 0.251953 0 0.208749
200 1008.92 42.6482 11 3 0.270508 0 0.21171
201 1008.92 39.8258 11 3 0.239258 0 0.210112
202 435.151 41.6234 12 2 0.262695 0 0.210423
203 435.151 40.4757 11 2 0.255859 0 0.211908
204 1008.21 45.0521 12 3 0.282227 0 0.209958
205 1009.59 47.059 12 3 0.294922 0 0.215703
206 1008.21 40.3828 11 3 0.246094 0 0.212187
207 435.151 43.008 12 2 0.264648 0 0.212145
208 435.151 42.9928 12 2 0.275391 0 0.212263
209 1007.46 47.8298 13 3 0.290039 0 0.215185
210 1009.59 49.0196 12 3 0.30957 0 0.217147
211 1011.31 43.7082 12 3 0.270508 0 0.219203
212 1011.31 45.328 13 3 0.288086 0 0.222067
213 1010.79 48.6543 13 3 0.298828 0 0.223259
214 983.489 44.7635 13 3 0.279297 0 0.22074
215 1010.21 52.9567 13 3 0.306641 0 0.227988
216 1011.31 46.4471 13 3 0.283203 0 0.227802
217 1000.23 45.8144 13 3 0.290039 0 0.230225
218 1008.92 47.6377 13 3 0.296875 0 0.224141
219 1007.46 48.0362 13 3 0.301758 0 0.226366
220 1009.59 49.8722 13 3 0.305664 0 0.228627
221 1007.46 48.3771 13 3 0.299805 0 0.227882
222 1007.46 52.2291 13 3 0.329102 0 0.228969
223 1002.23 51.0382 13 3 0.317383 0 0.233304
224 1846.55 51.7686 15 4 0.3125 0 0.24205
225 1011.31 52.4442 15 3 0.325195 0 0.239158
226 1005.85 53.9651 15 3 0.331055 0 0.245272
227 1010.21 52.7893 14 3 0.320312 0 0.241085
228 1007.46 47.9785 15 3 0.299805 0 0.240793
229 1005.85 50.9435 14 3 0.297852 0 0.249368
230 1008.21 51.7236 15 3 0.30957 0 0.252888
231 1011.78 50.597 15 3 0.298828 0 0.253217
232 1011.31 52.3811 15 3 0.299805 0 0.254323
233 1006.68 52.2708 15 3 0.311523 0 0.256095
234 1004.1 51.9256 15 3 0.30957 0 0.254632
235 1008.92 57.8177 15 3 0.342773 0 0.257624
236 1004.1 54.8597 15 3 0.321289 0 0.254845
237 1008.92 55.7028 15 3 0.332031 0 0.260715
238 993.611 55.1568 15 3 0.320312 0 0.260643
239 1007.46 54.865 15 3 0.324219 0 0.259623
240 1007.46 55.5568 15 3 0.320312 0 0.258269
241 1008.92 58.9862 16 3 0.349609 0 0.264489
242 1008.92 63.0012 17 3 0.375 0 0.261981
243 1011.31 61.7148 16 3 0.362305 0 0.26052
244 1825.63 58.6155 16 4 0.336914 0 0.26957
245 1841.02 57.28 16 4 0.336914 0 0.262749
246 1009.59 59.9819 17 3 0.365234 0 0.267504
247 1010.79 65.1518 17 3 0.378906 0 0.271045
248 1837.92 59.9687 15 4 0.333008 0 0.265066
249 1008.92 58.633 17 3 0.357422 0 0.272733
250 1000.23 53.4491 16 3 0.316406 0 0.273419
251 1005.85 57.6945 16 3 0.330078 0 0.274854
252 1010.21 61.1153 17 3 0.354492 0 0.278868
253 1007.46 61.2159 17 3 0.34668 0 0.283973
254 1008.92 58.2418 17 3 0.34082 0 0.280649
255 1007.46 63.4987 17 3 0.356445 0 0.291703
256 1817.74 64.4342 17 4 0.379883 0 0.290246
257 1008.92 62.0288 17 3 0.362305 0 0.299669
258 1831.15 66.5167 17 4 0.373047 0 0.290929
259 1811.47 63.0872 18 4 0.351562 0 0.306729
260 1005.85 65.9408 18 3 0.375 0 0.308979
261 1837.92 70.2979 19 4 0.395508 0 0.304679
262 1005.85 64.669 17 3 0.366211 0 0.30842
263 1002.23 68.4087 19 3 0.369141 0 0.330757
264 1841.02 71.7932 19 4 0.37793 0 0.335547
265 1831.15 75.0917 20 4 0.386719 0 0.349597
266 1008.21 71.3657 21 3 0.375977 0 0.347945
267 1841.02 71.7516 22 4 0.375 0 0.3542
268 1009.59 76.0116 23 3 0.397461 0 0.391557
269 1007.46 80.4315 27 3 0.385742 0 0.420137
270 2929.99 78.2547 26 5 0.381836 0 0.412975
271 1829.35 82.0481 27 4 0.383789 0 0.427286
272 1827.51 78.456 29 4 0.368164 0 0.450964
273 1008.92 79.0932 39 3 0.373047 0 0.486307
274 1813.59 84.8322 32 4 0.384766 0 0.464239
275 989.976 85.2861 46 3 0.398438 0 0.496728
276 1804.91 83.6827 38 4 0.371094 0 0.496497
277 1834.62 90.5438 44 4 0.386719 0 0.502713
278 1007.46 92.7624 51 3 0.411133 0 0.509422
279 1834.62 87.5651 101 4 0.367188 0 0.53679
280 1825.63 92.4747 101 4 0.391602 0 0.562515
281 1002.23 83.9892 101 3 0.360352 0 0.550795
282 1011.31 80.7012 44 3 0.330078 0 0.546754
283 1004.1 92.774 101 3 0.389648 0 0.591078
284 1815.68 93.5947 101 4 0.380859 0 0.58401
285 1008.92 87.4337 101 3 0.364258 0 0.56644
286 1008.92 94.0627 101 3 0.418945 0 0.576654
287 1778.72 98.9895 101 4 0.417969 0 0.565291
288 1842.49 94.1588 101 4 0.373047 0 0.556467
289 1003.18 93.3993 101 3 0.392578 0 0.61578
290 1005.85 97.5969 101 3 0.410156 0 0.58737
291 1823.71 97.1329 101 4 0.37793 0 0.615153
292 2924.51 97.2775 101 5 0.379883 0 0.639717
293 1007.46 90.8056 101 3 0.367188 0 0.620994
294 1829.35 91.8756 101 4 0.387695 0 0.608861
295 1768.44 101.633 101 4 0.428711 0 0.583621
296 1001.24 92.8658 101 3 0.368164 0 0.615847
297 1834.62 97.7278 101 4 0.40918 0 0.641185
298 1831.15 105.294 101 4 0.416992 0 0.619605
299 1839.49 108.681 101 4 0.448242 0 0.639415
300 1741.21 100.888 101 4 0.425781 0 0.623444
301 1809.31 103.22 101 4 0.439453 0 0.638072
302 2856.74 113.767 101 5 0.455078 0 0.637383
303 1804.91 107.118 101 4 0.446289 0 0.612618
304 1823.71 104.757 101 4 0.423828 0 0.6447
305 1807.12 101.146 101 4 0.413086 0 0.658964
306 1804.91 106.252 101 4 0.419922 0 0.6592
307 1831.15 110.801 101 4 0.470703 0 0.630842
308 1771.04 110.716 101 4 0.451172 0 0.657802
309 2605.75 112.169 101 5 0.451172 0 0.626385
310 1839.49 115.595 101 4 0.475586 0 0.640829
311 2791.31 109.245 101 5 0.456055 0 0.623341
312 2915.92 114.724 101 5 0.487305 0 0.653452
313 2745.01 119.512 101 5 0.499023 0 0.625416
314 1819.76 107.62 101 4 0.456055 0 0.624356
315 1815.68 112.791 101 4 0.474609 0 0.662614
316 1819.76 123.086 101 4 0.549805 0 0.628488
317 1800.39 118.955 101 4 0.520508 0 0.616921
318 1851.86 126.882 101 4 0.533203 0 0.575791
319 3848.83 115.305 101 6 0.503906 0 0.610692
320 2870.9 127.994 101 5 0.53418 0 0.622566
321 2778.96 127.861 101 5 0.557617 0 0.582364
322 1829.35 119.977 101 4 0.504883 0 0.60041
323 1749.6 128.579 101 4 0.561523 0 0.612977
324 2912.97 118.949 101 5 0.517578 0 0.591552
325 4196.4 126.595 101 6 0.530273 0 0.61098
326 1008.21 128.029 101 3 0.551758 0 0.649337
327 1712 126.884 101 4 0.5625 0 0.624358
328 1802.66 130.995 101 4 0.587891 0 0.590728
329 1845.26 134.421 101 4 0.579102 0 0.631394
330 1815.68 129.149 101 4 0.560547 0 0.596655
331 1817.74 135.077 101 4 0.56543 0 0.61195
332 1798.09 132.952 101 4 0.583008 0 0.646188
333 2881.17 147.515 101 5 0.608398 0 0.64666
334 1847.77 146.287 101 4 0.625977 0 0.615286
335 1008.92 128.049 101 3 0.541992 0 0.635526
336 2736.29 139.753 101 5 0.592773 0 0.620058
337 3980.98 145.862 101 6 0.624023 0 0.641103
338 2466.8 138.035 101 5 0.598633 0 0.637306
339 4134.93 147.024 101 6 0.606445 0 0.659674
340 2929.99 151.319 101 5 0.619141 0 0.622624
341 2897.56 144.856 101 5 0.59668 0 0.644888
342 5525.6 150.652 101 7 0.624023 0 0.677092
343 4145.5 150.762 101 6 0.639648 0 0.637261
344 1831.15 146.046 101 4 0.629883 0 0.639723
345 5478.69 169.92 101 7 0.703125 0 0.638655
346 4150.74 163.909 101 6 0.666992 0 0.626597
347 1829.35 160.905 101 4 0.679688 0 0.630008
348 2918.83 155.805 101 5 0.673828 0 0.603251
349 2924.51 155.327 101 5 0.683594 0 0.596058
350 5695.98 158.375 101 7 0.662109 0 0.626883
351 1819.76 147.638 101 4 0.674805 0 0.590171
352 1765.81 159.653 101 4 0.692383 0 0.609319
353 2921.69 170.214 101 5 0.742188 0 0.580116
354 4028.62 157.436 101 6 0.697266 0 0.598437
355 4166.27 180.238 101 6 0.754883 0 0.608035
356 2900.72 174.769 101 5 0.720703 0 0.608002
357 4068.96 175.074 101 6 0.740234 0 0.580832
358 2891.12 174.017 101 5 0.737305 0 0.607342
359 2894.36 189.656 106.93 5 0.788086 1 0.636054
360 1827.51 164.743 106.93 4 0.74707 1 0.567909
361 2783.1 179.876 108.709 5 0.793945 1 0.60351
362 1821.75 174.239 101 4 0.753906 0 0.601744
363 1800.39 179.501 107.538 4 0.788086 1 0.579664
364 2940.29 204.16 109.829 5 0.839844 1 0.62166
365 4124.23 194.288 109.275 6 0.841797 1 0.57989
366 4196.4 220.211 111.937 6 0.929688 1 0.585439
367 4118.83 193.758 111.425 6 0.856445 1 0.607029
368 2778.96 213.934 110.903 5 0.886719 1 0.614532
369 2709.62 218.351 110.903 5 0.929688 1 0.580777
370 2845.8 233.669 112.44 5 0.954102 1 0.586402
371 2912.97 209.249 109.829 5 0.874023 1 0.584202
372 1807.12 191.269 111.425 4 0.87793 1 0.562198
373 2887.84 224.874 112.44 5 0.939453 1 0.583456
374 2900.72 222.343 112.934 5 0.938477 1 0.60706
375 4196.4 248.646 112.44 6 0.97168 1 0.609024
376 4239.12 212.321 113.419 6 0.919922 1 0.616966
377 12672.6 234.254 113.897 10 0.958984 1 0.623892
378 2870.9 229.007 112.934 5 0.947266 1 0.590564
379 7801.14 248.916 113.419 8 1.00293 1 0.632992
380 5579.09 218.302 112.934 7 0.935547 1 0.632862
381 2815.31 225.272 112.44 5 0.947266 1 0.622935
382 4234.53 234.461 111.425 6 0.93457 1 0.61656
383 4034.46 241.73 114.366 6 1.01367 1 0.590619
384 3987.02 226.919 112.44 6 0.933594 1 0.631805
385 4261.42 247.454 115.729 6 1.01855 1 0.603682
386 7334.42 260.496 113.897 8 1.0166 1 0.626641
387 4176.45 246.039 113.897 6 1.01172 1 0.625857
388 5830.11 274.403 116.17 7 1.08398 1 0.600197
389 4016.86 251.563 114.828 6 1.02441 1 0.627518
390 4206.17 248.695 113.419 6 0.996094 1 0.614084
391 5631.18 276.709 114.828 7 1.07617 1 0.586998
392 4118.83 254.848 114.366 6 1.02832 1 0.609556
393 12028.8 289.66 115.729 10 1.10645 1 0.587656
394 7467.02 256.962 112.934 8 1.01855 1 0.604246
395 5737.72 291.099 116.603 7 1.12891 1 0.606869
396 10171.8 271.393 113.897 9 1.05273 1 0.602726
397 4252.63 270.706 114.366 6 1.07324 1 0.578733
398 5616.45 284.091 115.729 7 1.10742 1 0.603951
399 4248.17 262.345 113.897 6 1.07422 1 0.57278
400 4051.83 281.335 116.603 6 1.09766 1 0.613974
401 9913.74 293.233 116.17 9 1.09766 1 0.625147
402 5823.76 314.811 117.45 7 1.17285 1 0.600402
403 5616.45 286.206 117.865 7 1.13184 1 0.592869
404 5855.1 281.048 117.45 7 1.12793 1 0.59526
405 9685.61 288.785 116.17 9 1.10645 1 0.611568
406 7704.53 299.012 117.45 8 1.15234 1 0.60641
407 9955.32 321.237 119.071 9 1.19922 1 0.603932
408 5823.76 300.162 120.601 7 1.17969 1 0.611884
409 7696.21 306.327 119.071 8 1.15527 1 0.627541
410 7753.6 297.036 116.603 8 1.11133 1 0.618425
411 7503.79 304.406 116.603 8 1.16406 1 0.603558
412 5541.02 302.153 118.273 7 1.16211 1 0.606273
413 5422.79 286.693 117.03 7 1.11133 1 0.617051
414 5667.5 302.013 119.071 7 1.16211 1 0.639153
415 7344.08 342.849 121.693 8 1.25391 1 0.613249
416 5730.85 311.367 119.847 7 1.18555 1 0.601063
417 10171.8 350.967 120.227 9 1.27246 1 0.582138
418 7785.47 327.453 120.601 8 1.24219 1 0.602958
419 5855.1 335.08 120.227 7 1.2627 1 0.587442
420 5836.42 364.159 125.637 7 1.29297 1 0.5894
421 5638.51 321.521 124.072 7 1.24805 1 0.590897
422 5667.5 346.793 120.227 7 1.27734 1 0.576193
423 5703.02 333.197 118.273 7 1.2207 1 0.596617
424 7761.63 390.766 123.08 8 1.33008 1 0.624871
425 5703.02 342.447 119.847 7 1.26562 1 0.597641
426 7729.25 348.957 120.227 8 1.2832 1 0.59467
427 7883.95 363.11 126.526 8 1.30957 1 0.578365
428 9882.15 393.212 125.332 9 1.35156 1 0.614106
429 7575.75 333.896 121.693 8 1.23535 1 0.616224
430 7816.63 355.461 119.071 8 1.25879 1 0.612449
431 9651.76 361.995 119.847 9 1.25293 1 0.627893
432 12759.3 363.256 125.637 10 1.29102 1 0.608032
433 9741.36 406.912 132.462 9 1.36621 1 0.626466
434 4134.93 355.706 125.938 6 1.3125 1 0.608801
435 5830.11 374.863 125.938 7 1.34961 1 0.588256
436 10217.8 380.93 124.072 9 1.30957 1 0.623049
437 9934.61 448.921 123.08 9 1.41309 1 0.595761
438 15470.2 419.053 125.024 11 1.37109 1 0.613623
439 7372.91 370.652 120.227 8 1.29297 1 0.596321
440 15744.1 417.267 123.415 11 1.35352 1 0.633083
441 20295.1 438.088 120.97 12 1.34473 1 0.625607
442 7729.25 440.046 132.04 8 1.41113 1 0.612807
443 20331.9 433.914 124.072 12 1.38184 1 0.607612
444 9763.41 411.478 136.482 9 1.39453 1 0.615916
445 16402.4 423.646 126.234 11 1.39453 1 0.621239
446 12734.7 426.226 119.847 10 1.34277 1 0.607716
447 7636.89 452.695 129.242 8 1.43164 1 0.596236
448 21315.1 451.163 128.987 12 1.42871 1 0.612316
449 13006.3 458.468 126.526 10 1.44629 1 0.615351
450 20621.4 504.053 137.3 12 1.52344 1 0.621262
451 16142.6 452.304 118.675 11 1.36133 1 0.594643
452 15237.4 620.082 138.774 11 1.69238 1 0.622232
453 12141.5 531.368 131.606 10 1.55371 1 0.596399
454 15712.4 552.231 137.3 11 1.58105 1 0.622706
455 28081.5 558.473 136.624 13 1.55371 1 0.634172
456 165859 841.243 137.037 17 1.68457 1 0.64408
457 20603.6 620.532 138.363 12 1.66504 1 0.615932
458 12697.5 611.457 136.764 10 1.6582 1 0.60713
459 300052 887.473 386.586 18 1.72168 2 0.579735
460 15791.4 602.117 136.902 11 1.6084 1 0.631604
461 21394.4 643.263 137.3 12 1.68359 1 0.636733
462 40367.4 748.813 136.764 14 1.71875 1 0.623626
463 15946.6 653.637 124.711 11 1.6582 1 0.609527
464 59110.9 744.949 136.902 15 1.70508 1 0.616387
465 12609.4 668.522 137.553 10 1.70508 1 0.6417
466 16317.4 742.175 138.469 11 1.81738 1 0.637734
467 16083 760.543 138.774 11 1.83105 1 0.615881
468 38145.9 959.064 403.924 14 1.95703 2 0.657964
469 26960.7 923.948 410.814 13 1.97363 2 0.621614
470 39369.5 859.314 415.735 14 1.92578 2 0.600284
471 97236.7 1107.33 423.737 16 2.08496 2 0.602725
472 299952 1438.24 426.87 18 2.19531 2 0.607305
473 38875.5 1214.57 427.354 14 2.24219 2 0.622198
474 40027.7 1255.07 420.846 14 2.2041 2 0.625986
475 59209.4 1266.34 424.824 15 2.2334 2 0.619109
476 301863 1770.38 428.738 18 2.45898 2 0.650733
477 95595.2 1729.57 429.6 16 2.5752 2 0.682689
478 39966.1 1377.6 427.827 14 2.41113 2 0.682741
479 93575.8 1621 431.173 16 2.55469 2 0.671623
480 164269 1658.66 427.354 17 2.49707 2 0.674139
481 297793 1877.39 426.375 18 2.49902 2 0.696779
482 1.09501e+06 2944.27 429.6 20 2.7168 2 0.736759
483 1.09671e+06 3127.23 433.114 20 2.83691 2 0.766455
484 95567.9 2607.15 434.412 16 3.10254 2 0.85216
485 165156 2658.38 434.294 17 3.0625 2 0.815961
486 4.25117e+06 7017.4 435.127 22 3.29297 2 0.859186
487 2.14847e+06 6116.37 837.857 21 3.50098 3 0.944654
488 95347.4 3489.92 931.873 16 3.67383 3 0.962312
489 8.44698e+06 17741.9 961.25 23 3.90137 3 0.978182
490 4.25144e+06 11892 1496.48 22 4.35547 4 1.00127
491 1.09168e+06 9701.55 1778.72 20 5.12012 4 1.13966
492 5.36962e+08 538097 1788.61 29 5.19141 4 1.15299
493 1.68469e+07 51143.5 2714.12 24 5.95117 5 1.35141
494 1.68459e+07 69644 2677.57 24 5.88965 5 1.33104
495 1.68437e+07 73900.8 2757.91 24 5.98047 5 1.35188
496 2.68521e+08 335564 2842.09 28 6.20117 5 1.36892
497 4.2518e+06 28656.9 3769.12 22 6.32129 6 1.354
498 3.36242e+07 99471.2 3446.89 25 6.37988 6 1.39137
499 3.36258e+07 60016.6 3906.66 25 6.4248 6 1.38215
500 1.68449e+07 55897.6 3277.55 24 6.1709 6 1.35395
501 5.36969e+08 627445 2787.22 29 6.0752 5 1.3594
502 1.34297e+08 178542 1817.74 27 5.44922 4 1.29042
503 6.71882e+07 93738 1755.09 26 5.37695 4 1.37367
504 1.07385e+09 1.19215e+06 2339.85 30 5.59277 5 1.31214
505 4.25148e+06 24646.6 1827.51 22 5.43164 4 1.33208
506 5.36967e+08 553302 1798.09 29 5.45898 4 1.30701
507 1.68429e+07 41634.4 1729.75 24 5.18457 4 1.33044
508 3.36273e+07 86831.8 1749.6 25 5.29883 4 1.3251
509 1.68448e+07 44519.2 1773.62 24 5.39355 4 1.31598
510 6.71832e+07 83450.4 1778.72 26 5.30762 4 1.30691
511 3.36226e+07 69652.9 2175.93 25 5.50293 5 1.29026
512 8.44624e+06 32087.5 1763.17 23 5.2627 4 1.28112
513 1.68468e+07 60818.8 2407.01 24 5.70215 5 1.32121
514 1.34304e+08 165421 2259.11 27 5.64062 5 1.30268
515 3.36244e+07 79382.5 2634.97 25 5.84473 5 1.39918
516 6.71872e+07 158834 1815.68 26 5.64648 4 1.4406
517 5.36966e+08 644834 1800.39 29 5.76562 4 1.4629
518 6.71858e+07 185662 2897.56 26 6.60156 5 1.63525
519 6.71882e+07 312714 3076.84 26 6.53906 6 1.69039
520 6.71849e+07 205366 3198.28 26 6.63379 6 1.70997
521 3.3627e+07 177081 3912.98 25 6.81445 6 1.71484
522 1.3429e+08 387202 3956.58 27 7.14941 6 1.72889
523 1.68428e+07 91964.3 4107.95 24 7.13281 6 1.71902
524 1.34302e+08 215620 4046.07 27 6.99219 6 1.63978
525 5.36963e+08 1.24721e+06 4063.27 29 7.26465 6 1.68518
526 1.34294e+08 255408 4063.27 27 7.00195 6 1.69754
527 1.34302e+08 215188 3887.57 27 6.61621 6 1.68881
528 1.34296e+08 233623 2791.31 27 6.22852 5 1.68346
529 1.34307e+08 254963 3968.82 27 6.71875 6 1.65948
530 4.29508e+09 4.36052e+06 3962.71 32 6.83008 6 1.65965
531 2.14758e+09 5.03172e+06 4046.07 31 7.16699 6 1.69808
532 3.36265e+07 183137 3956.58 25 6.81543 6 1.65833
533 1.34307e+08 359011 2745.01 27 6.26953 5 1.57752
534 1.34299e+08 334520 2811.38 27 6.37891 5 1.6352
535 2.14759e+09 2.94058e+06 2795.37 31 6.44141 5 1.68763
536 6.71751e+07 275652 3974.91 26 6.78906 6 1.72388
537 1.07385e+09 2.044e+06 4102.47 30 7.13672 6 1.78214
538 5.36969e+08 1.63156e+06 4134.93 29 7.08203 6 1.7297
539 3.36246e+07 147378 4150.74 25 7.18848 6 1.71476
540 4.29508e+09 4.66684e+06 3893.96 32 6.77344 6 1.65756
541 6.71909e+07 515164 3469.42 26 6.76562 6 1.78846
542 1.34298e+08 495762 2766.4 27 6.4834 5 1.75565
543 1.07384e+09 1.49035e+06 3269.69 30 6.66113 6 1.7781
544 2.1476e+09 2.59177e+06 3956.58 31 7.10645 6 1.78481
545 1.07384e+09 1.27011e+06 3950.42 30 6.97559 6 1.72576
546 2.14759e+09 2.83054e+06 4201.3 31 7.35547 6 1.74609
547 1.34301e+08 538505 3938.03 27 6.95508 6 1.70467
548 2.68526e+08 803753 3999.03 28 7.08105 6 1.72997
549 2.14759e+09 3.26942e+06 3993.04 31 7.07812 6 1.74133
550 1.34304e+08 348727 4113.41 27 7.25586 6 1.74371
551 5.36967e+08 669953 3980.98 29 6.88086 6 1.73271
552 8.59005e+09 8.9124e+06 4074.61 33 7.14258 6 1.68913
553 2.68514e+08 755878 4096.95 28 7.05859 6 1.7074
554 6.71881e+07 254655 4096.95 26 7.14258 6 1.68537
555 1.34295e+08 412995 4113.41 27 7.21094 6 1.68719
556 2.68522e+08 583913 4124.23 28 7.125 6 1.71434
557 1.343e+08 490735 4145.5 27 7.1709 6 1.62833
558 2.68516e+08 563458 4166.27 28 7.2002 6 1.67481
559 1.07385e+09 2.80363e+06 5517.84 30 7.83301 7 1.8549
560 2.68522e+08 950099 5239.43 28 7.5791 7 1.85182
561 2.74878e+11 2.7291e+08 4118.83 38 7.46582 6 1.89931
562 5.36965e+08 1.36649e+06 2718.6 29 6.64648 5 1.88112
563 1.718e+10 1.88879e+07 4040.28 34 6.93652 6 1.84452
564 8.59004e+09 1.60812e+07 2762.17 33 6.74023 5 1.86955
565 2.68523e+08 880640 2753.63 28 6.50977 5 1.81544
566 8.59006e+09 9.24591e+06 2853.13 33 6.69336 5 1.86762
567 1.07384e+09 2.36682e+06 3938.03 30 7.36621 6 2.00376
568 4.29509e+09 1.06216e+07 3572.66 32 7.24121 6 1.98471
569 2.68522e+08 1.34593e+06 4889.09 28 7.94629 7 1.99563
570 8.59006e+09 1.96645e+07 6479.72 33 8.3418 8 2.02608
571 4.29508e+09 6.8495e+06 3416.64 32 7.0498 6 1.96944
572 6.87196e+10 7.18842e+07 4080.24 36 7.68066 6 2.00008
573 1.07384e+09 5.8032e+06 4775.51 30 7.83496 7 1.99933
574 2.14759e+09 5.25026e+06 4649.65 31 7.59082 7 1.93696
575 1.07385e+09 1.9796e+06 5541.02 30 8.0459 7 1.95308
576 4.29507e+09 5.76165e+06 6351.29 32 8.41504 8 2.02482
577 1.34296e+08 673847 7265.96 27 8.74414 8 2.04814
578 2.14758e+09 3.18202e+06 6861.13 31 8.62598 8 2.03902
579 6.87196e+10 6.95603e+07 6468.14 36 8.44531 8 2.00589
580 1.07383e+09 2.11483e+06 5265.08 30 7.81934 7 1.9803
581 1.07384e+09 1.90254e+06 4678.94 30 7.69727 7 2.00149
582 4.29508e+09 4.98519e+06 5422.79 32 7.99902 7 1.98654
583 8.59005e+09 9.74256e+06 4057.57 33 7.42383 6 2.05596
584 1.718e+10 1.87223e+07 5517.84 34 8.17871 7 2.12234
585 5.3696e+08 1.01439e+06 5638.51 29 8.22559 7 2.15307
586 1.07384e+09 1.95041e+06 5710.03 30 8.19336 7 2.05774
587 5.36965e+08 1.95658e+06 5090.44 29 7.68848 7 2.00595
588 1.718e+10 1.72349e+07 4134.93 34 7.37793 6 1.97521
589 1.37439e+11 1.35699e+08 6925.82 37 8.56055 8 2.17691
590 2.1476e+09 6.44701e+06 7000.23 31 8.77539 8 2.2125
591 5.36969e+08 1.31323e+06 5631.18 29 8.05273 7 2.06965
592 2.68521e+08 1.06118e+06 6256.44 28 8.25684 8 2.10248
593 1.07384e+09 2.11986e+06 4870.34 30 7.63379 7 1.99468
594 5.36963e+08 2.11208e+06 5290.53 29 7.80078 7 2.04016
595 1.07384e+09 3.2753e+06 4510.98 30 7.62109 7 2.11215
596 5.36955e+08 1.9635e+06 4102.47 29 7.4834 6 2.08197
597 1.718e+10 1.84214e+07 5152.51 34 7.5918 7 2.02287
598 2.68525e+08 666031 5548.69 28 7.86719 7 2.00055
599 4.29508e+09 8.06801e+06 5081.49 32 7.52441 7 1.94356
600 5.36975e+08 975655 6882.78 29 8.25586 8 2.05381
601 1.07384e+09 1.54103e+06 5660.3 30 8.23535 7 2.01694
602 2.14758e+09 2.98871e+06 6784.62 31 8.45508 8 2.01928
603 4.29509e+09 5.53746e+06 7293.5 32 8.73926 9 1.96243
604 2.14759e+09 5.19265e+06 7391.97 31 9.27148 8 2.06836
605 2.68519e+08 887523 7476.26 28 9.03223 8 1.95607
606 5.36968e+08 1.18e+06 6583.03 29 8.18945 8 1.8596
607 5.36956e+08 1.06412e+06 7196.15 29 8.62207 8 1.89014
608 2.14759e+09 4.4933e+06 7042.23 31 8.54688 8 1.9104
609 1.07384e+09 2.09971e+06 6762.57 30 8.39941 8 1.87906
610 5.3697e+08 1.69064e+06 7155.67 29 8.48145 8 1.92884
611 2.14759e+09 4.00505e+06 6740.42 31 8.27832 8 1.85648
612 8.59005e+09 1.24369e+07 5688.97 33 8.41602 8 1.87156
613 2.68521e+08 717539 7031.77 28 8.56543 8 1.91734
614 6.87196e+10 1.02412e+08 6136.21 36 8.28516 8 1.9226
615 4.29507e+09 6.37379e+06 7246.15 32 8.73145 8 1.99767
616 2.14759e+09 3.15408e+06 5594.12 31 8.07422 7 1.80378
617 2.1476e+09 4.55081e+06 6915.1 31 8.66406 8 1.91057
618 2.68524e+08 642735 7125.03 28 8.59766 8 1.91866
619 8.59005e+09 1.13528e+07 7196.15 33 8.52734 8 1.87476
620 2.68522e+08 836195 7429.74 28 8.82324 8 1.9239
621 5.36966e+08 1.13456e+06 6882.78 29 8.42969 8 1.9084
622 1.07385e+09 1.51943e+06 5695.98 30 8.24316 7 1.86223
623 5.36966e+08 1.36766e+06 5681.8 29 7.92285 7 1.78326
624 1.34301e+08 426892 7216.23 27 8.43848 8 1.88704
625 8.59006e+09 1.00038e+07 6925.82 33 8.44434 8 1.91728
626 1.37439e+11 1.37087e+08 7104.48 37 8.69238 8 1.9212
627 1.34297e+08 508783 6421.63 27 8.33008 8 1.82661
628 1.07384e+09 2.47947e+06 5751.36 30 8.06152 7 1.81499
629 4.29507e+09 6.32574e+06 7031.77 32 8.49512 8 1.92694
630 2.68527e+08 948231 7485.47 28 9.00293 8 2.00829
631 5.36963e+08 1.74158e+06 7354.73 29 8.58984 9 2.00124
632 2.1476e+09 2.71925e+06 6806.59 31 8.48047 8 2.00097
633 1.34293e+08 481586 6650.99 27 8.2168 8 1.89214
634 2.68527e+08 627395 5601.59 28 7.99219 7 1.88925
635 5.3696e+08 1.87976e+06 5422.79 29 8.07812 7 1.88188
636 1.343e+08 356877 5784.84 27 7.89941 7 1.96724
637 2.6852e+08 1.17839e+06 5784.84 28 8.32129 7 2.0067
638 2.14759e+09 3.10611e+06 7154.75 31 8.56055 9 2.04754
639 2.68527e+08 827500 6871.97 28 8.38086 8 2.02431
640 2.68526e+08 922068 5964.9 28 8.1543 8 1.96781
641 5.36961e+08 1.04141e+06 6871.97 29 8.35645 8 1.95172
642 5.36964e+08 986591 5470.39 29 7.79883 8 1.95917
643 8.59006e+09 9.30423e+06 5072.52 33 7.46777 7 1.82174
644 1.34297e+08 571765 6904.35 27 8.31641 8 1.94847
645 5.36959e+08 1.40473e+06 5717 29 8.06836 7 1.97889
646 1.07384e+09 3.67099e+06 7226.23 30 8.75684 8 2.04415
647 2.68525e+08 786774 5631.18 28 8.17188 7 1.93112
648 5.36956e+08 1.56475e+06 7186.07 29 8.48047 8 2.08509
649 5.36971e+08 2.44226e+06 6979.09 29 8.64258 8 2.10702
650 8.59005e+09 1.02792e+07 6947.2 33 8.51562 8 2.09464
651 2.68527e+08 918111 5230.83 28 7.9209 7 1.83834
652 2.68525e+08 661555 5430.85 28 7.74609 7 1.83083
653 5.36965e+08 1.23756e+06 5406.59 29 7.84082 7 1.86776
654 2.68519e+08 1.07209e+06 5571.53 28 8.39062 7 2.01359
655 1.07384e+09 5.82243e+06 5594.12 30 8.39258 7 2.03967
656 1.718e+10 2.41463e+07 6718.19 34 8.29492 8 2.07418
657 1.718e+10 1.79275e+07 5645.8 34 8.3252 7 2.098
658 6.87196e+10 9.49891e+07 5187.53 36 8.15234 7 2.17093
659 1.718e+10 2.86404e+07 4161.13 34 7.78809 6 2.13677
660 4.29508e+09 1.04664e+07 6751.5 32 8.66797 8 2.24172
661 5.36966e+08 2.21983e+06 6560.21 29 8.60449 8 2.275
662 2.14759e+09 4.2122e+06 6063.21 31 8.7793 8 2.28819
663 5.36966e+08 2.0568e+06 6363.06 29 8.48926 8 2.23982
664 4.29509e+09 8.26364e+06 6762.28 32 8.89355 9 2.3314
665 2.14759e+09 4.11517e+06 7936.71 31 9.39941 9 2.35593
666 1.07383e+09 2.91772e+06 6989.67 30 8.84375 8 2.32505
667 1.07384e+09 4.35816e+06 7354.73 30 9.25879 9 2.47879
668 8.59006e+09 1.0012e+07 6433.29 33 8.68262 8 2.30737
669 1.07384e+09 4.52769e+06 7626.77 30 9.4082 9 2.53383
670 3.43599e+10 3.60064e+07 8786.83 35 9.71973 9 2.5535
671 8.59006e+09 2.20186e+07 7104.48 33 8.94727 8 2.42244
672 4.29508e+09 7.21448e+06 8124.35 32 9.27734 9 2.49503
673 1.718e+10 2.68055e+07 6281.48 34 8.46191 10 2.31187
674 1.07384e+09 3.85071e+06 6628.42 30 8.71094 8 2.36332
675 6.87196e+10 7.38133e+07 7236.2 36 9.15332 8 2.45925
676 1.07384e+09 3.42257e+06 7439.11 30 9.25684 8 2.47872
677 4.29507e+09 8.79334e+06 8336.67 32 9.37891 9 2.44723
678 1.07383e+09 2.55165e+06 7206.2 30 8.93848 8 2.44208
679 5.36968e+08 2.51236e+06 7324.72 29 9.19727 8 2.43823
680 4.29509e+09 8.72326e+06 8706.8 32 9.67285 9 2.44817
681 4.29509e+09 1.60019e+07 8786.83 32 9.54004 9 2.37273
682 2.1476e+09 5.58217e+06 9047.37 31 9.69043 9 2.38028
683 1.07385e+09 4.80369e+06 7602.16 30 9.29199 8 2.2683
684 2.14758e+09 5.01305e+06 9021.76 31 9.58984 9 2.3073
685 1.07384e+09 3.75841e+06 7878.31 30 9.45312 9 2.30034
686 8.59005e+09 1.23892e+07 7265.96 33 8.84863 8 2.27417
687 6.87196e+10 7.116e+07 7485.47 36 9.33496 8 2.23176
688 1.07384e+09 4.11441e+06 8378.58 30 9.54785 9 2.24577
689 1.718e+10 2.6615e+07 7457.75 34 9.13965 8 2.2094
690 2.68523e+08 910883 5382.11 28 8.19141 7 2.05997
691 2.14758e+09 3.46307e+06 5365.67 31 8.17285 7 2.03258
692 1.07384e+09 2.44135e+06 5525.6 30 8.54102 7 2.08239
693 2.6851e+08 951344 5438.88 28 8.21094 7 2.01294
694 3.43599e+10 6.13818e+07 5653.06 35 8.69336 7 2.07851
695 4.29508e+09 8.85333e+06 5406.59 32 8.17383 7 1.96463
696 2.14759e+09 5.39548e+06 5265.08 31 8.20996 7 2.0139
697 1.07384e+09 3.21279e+06 3881.17 30 7.58594 6 1.94249
698 2.14759e+09 5.51755e+06 5108.27 31 7.87402 7 1.95669
699 5.36967e+08 1.73397e+06 5510.07 29 8.30176 7 2.02494
700 1.34302e+08 666068 5623.83 27 8.29883 7 2.04736
701 4.29508e+09 9.8898e+06 6707.04 32 8.68652 8 2.11799
702 2.68516e+08 1.67456e+06 5478.69 28 8.19336 7 2.05544
703 4.29508e+09 1.01795e+07 5382.11 32 8.03516 7 1.99947
704 1.718e+10 2.04168e+07 6936.52 34 8.88867 8 2.2243
705 1.718e+10 3.25029e+07 8308.63 34 9.3457 9 2.27129
706 4.29508e+09 8.52956e+06 8052.57 32 9.29883 9 2.30973
707 1.718e+10 2.00633e+07 7467.02 34 9.46582 8 2.33791
708 8.59005e+09 1.87352e+07 7457.75 33 9.15332 8 2.29673
709 1.07384e+09 4.60859e+06 7439.11 30 9.3418 8 2.32174
710 1.07384e+09 3.14016e+06 7549.02 30 9.40332 8 2.29006
711 8.59005e+09 1.33043e+07 7196.15 33 9.08984 8 2.28631
712 8.59005e+09 1.25871e+07 9525.12 33 9.87598 9 2.33719
713 2.14759e+09 6.00997e+06 11013.2 31 10.2227 10 2.34908
714 1.718e+10 3.66277e+07 9161.33 34 9.71094 9 2.22082
715 2.14759e+09 6.45809e+06 9871.54 31 10.2217 9 2.36889
716 1.718e+10 4.08699e+07 9583.16 34 10.165 9 2.38111
717 4.29507e+09 1.28418e+07 9571.62 32 10.2939 9 2.39075
718 2.14759e+09 1.08674e+07 11124.7 31 10.3232 10 2.44236
719 1.718e+10 3.2185e+07 9285.43 34 10.1172 9 2.35761
720 8.59006e+09 2.61104e+07 9594.67 33 10.3281 9 2.43428
721 4.29508e+09 1.35765e+07 9186.37 32 9.91797 9 2.36001
722 2.14759e+09 9.32137e+06 11649.1 31 10.834 10 2.54302
723 1.718e+10 2.6392e+07 9828.73 34 10.2686 9 2.41418
724 6.87196e+10 8.8588e+07 7494.65 36 9.55859 8 2.35224
725 1.718e+10 2.25037e+07 5349.14 34 9.05664 7 2.40822
726 2.14759e+09 7.98236e+06 5717 31 8.98145 7 2.35792
727 8.59005e+09 1.21087e+07 5784.84 33 9.15039 7 2.38361
728 4.29508e+09 1.51194e+07 8475.61 32 9.88574 9 2.441
729 8.59006e+09 2.46303e+07 9913.74 33 10.3467 9 2.50211
730 3.43599e+10 5.71664e+07 12113.5 35 10.9512 10 2.61313
731 2.74878e+11 2.89738e+08 9663.07 38 10.4736 9 2.53376
732 4.29507e+09 1.64646e+07 14629.5 32 11.6279 11 2.74649
733 4.29508e+09 1.44253e+07 12493.3 32 11.1152 10 2.64702
734 1.37439e+11 1.5328e+08 11856 37 10.7568 10 2.49391
735 2.1476e+09 1.8009e+07 11782.8 31 11.0693 10 2.6027
736 2.74878e+11 3.56495e+08 11971.7 38 10.7588 10 2.5831
737 3.43599e+10 5.22876e+07 10538.9 35 10.7568 10 2.63306
738 8.59006e+09 3.00043e+07 9047.37 33 10.1572 9 2.62296
739 4.29508e+09 2.04098e+07 9110.94 32 10.2422 9 2.67988
740 1.718e+10 4.67941e+07 8944.33 34 10.1211 9 2.53187
741 6.87196e+10 1.42292e+08 9011.4 36 10.3965 10 2.63218
742 1.718e+10 4.63153e+07 9060.14 34 10.1963 9 2.63095
743 3.43599e+10 7.1971e+07 9719.16 35 10.6885 9 2.60525
744 6.87196e+10 1.85595e+08 11708.8 36 10.9287 10 2.67757
745 3.43599e+10 8.48615e+07 9651.76 35 10.3779 9 2.60873
746 6.87196e+10 1.01474e+08 11513.2 36 10.7178 10 2.6185
747 6.87196e+10 9.97176e+07 11328.7 36 11.0371 10 2.61325
748 6.87196e+10 1.76378e+08 11528.4 36 11.0479 10 2.64295
749 1.718e+10 3.16913e+07 11313.2 34 10.7451 10 2.52403
750 4.29508e+09 2.99725e+07 11649.1 32 10.9688 10 2.58831
751 3.43599e+10 1.17256e+08 11797.5 35 10.9736 10 2.5863
752 1.718e+10 5.29345e+07 12360.8 34 11.3789 10 2.67474
753 3.43599e+10 5.71255e+07 11045.2 35 10.667 10 2.51456
754 6.87196e+10 1.33813e+08 12211 36 11.4805 10 2.72682
755 8.79609e+12 8.63635e+09 14789.2 43 11.6914 11 2.75875
756 8.59005e+09 3.85284e+07 19309.8 33 12.5078 12 2.75249
757 3.43599e+10 6.29829e+07 12831.9 35 11.498 10 2.59009
758 3.43599e+10 8.47614e+07 15220.6 35 11.8037 11 2.64751
759 1.37439e+11 1.73911e+08 15728.2 37 11.9561 11 2.65134
760 6.87196e+10 8.24711e+07 12374.2 36 11.3613 10 2.63182
761 5.49756e+11 5.90526e+08 12400.9 39 11.29 10 2.56417
762 1.718e+10 5.65738e+07 14376.7 34 11.4756 11 2.70753
763 6.87196e+10 2.05325e+08 12238.5 36 11.3438 10 2.67869
764 3.43599e+10 7.91761e+07 14285.2 35 11.4072 11 2.66801
765 8.59005e+09 2.87203e+07 12071.3 33 10.7959 10 2.60683
766 1.718e+10 3.32062e+07 9186.37 34 10.3594 9 2.59601
767 1.37439e+11 3.02208e+08 9394.74 37 10.2412 9 2.54018
768 3.43599e+10 5.31375e+07 9454.45 35 9.91113 9 2.46347
769 4.29509e+09 2.39128e+07 7415.68 32 9.80469 9 2.52875
770 3.43599e+10 6.12291e+07 8461.81 35 9.81055 9 2.4594
771 1.37439e+11 1.58965e+08 9008.92 37 9.84082 9 2.52539
772 3.43599e+10 7.54014e+07 9466.31 35 9.9043 9 2.42115
773 6.87196e+10 8.23804e+07 10320.2 36 10.3477 10 2.4474
774 1.718e+10 4.17763e+07 7745.81 34 9.46289 9 2.28859
775 1.718e+10 3.64743e+07 6571.63 34 9.21289 8 2.27227
776 6.87196e+10 9.47511e+07 6806.59 36 9.30664 8 2.29129
777 2.74878e+11 2.75499e+08 9273.14 38 9.83887 9 2.32267
778 3.43599e+10 5.14172e+07 9394.74 35 9.87207 9 2.22628
779 1.718e+10 5.55283e+07 9525.12 34 10.0947 9 2.32583
780 2.14759e+09 1.37471e+07 9110.94 31 10.0508 9 2.32354
781 3.43599e+10 4.23408e+07 7936.71 35 9.5498 9 2.22563
782 1.718e+10 2.92871e+07 11029.2 34 10.7598 10 2.35351
783 1.718e+10 3.91525e+07 11679 34 10.8262 10 2.35015
784 1.718e+10 4.96089e+07 9752.4 34 10.168 9 2.27051
785 3.43599e+10 7.96879e+07 12224.8 35 11.0391 10 2.46761
786 8.59004e+09 3.38473e+07 11634.1 33 10.8242 10 2.42235
787 1.718e+10 3.62612e+07 10981.1 34 10.54 10 2.45014
788 5.49756e+11 5.68856e+08 9394.74 39 10.2354 9 2.3736
789 4.29508e+09 1.908e+07 7716.16 32 9.71484 9 2.46861
790 1.718e+10 2.65069e+07 7265.96 34 9.39551 8 2.3839
791 8.59005e+09 2.03844e+07 8475.61 33 9.52734 9 2.25916
792 8.59006e+09 2.66748e+07 9394.74 33 9.9209 9 2.36132
793 1.09951e+12 1.11955e+09 10218.1 40 10.3154 10 2.41793
794 8.59006e+09 3.43705e+07 11266.4 33 10.5195 10 2.30592
795 1.718e+10 3.15879e+07 9674.36 34 10.4111 9 2.31369
796 1.718e+10 4.04352e+07 7596.83 34 9.43066 9 2.26211
797 4.29509e+09 2.36484e+07 11045.2 32 10.5713 10 2.42139
798 1.37439e+11 1.68194e+08 9072.88 37 9.81836 9 2.33394
799 8.59006e+09 3.00449e+07 7382.45 33 9.65918 8 2.42073
800 2.14759e+09 1.70043e+07 7145.48 31 9.48926 8 2.32047
801 8.59005e+09 2.50115e+07 9358.56 33 10.0078 9 2.32339
802 6.87196e+10 1.25189e+08 7892.94 36 10.1035 9 2.33262
803 1.718e+10 3.17563e+07 7246.15 34 9.43066 8 2.29706
804 1.718e+10 4.82041e+07 7344.08 34 9.59277 8 2.29553
805 1.718e+10 3.27383e+07 7641.71 34 9.70605 9 2.38284
806 2.74878e+11 3.02344e+08 6795.62 38 9.2002 8 2.22575
807 4.29508e+09 1.4483e+07 8866.02 32 10.2412 9 2.29359
808 2.74878e+11 2.99891e+08 9021.76 38 10.0957 9 2.22609
809 1.09951e+12 1.16474e+09 7775.38 40 10.0234 9 2.39915
810 2.74878e+11 3.11627e+08 9406.74 38 10.1924 9 2.26991
811 3.43599e+10 6.81061e+07 9211.3 35 10.2383 9 2.26432
812 8.59004e+09 2.47744e+07 7344.08 33 9.57617 8 2.1435
813 3.43599e+10 1.28552e+08 7494.65 35 9.92285 8 2.28053
814 3.43599e+10 6.87962e+07 7206.2 35 9.43457 8 2.20431
815 8.59005e+09 2.9059e+07 7135.27 33 9.57617 8 2.23867
816 1.37439e+11 3.03624e+08 7021.28 37 9.42383 8 2.24536
817 1.09951e+12 1.19212e+09 5196.23 40 8.61914 7 2.10845
818 3.43599e+10 7.65175e+07 5560.95 35 8.95312 8 2.14388
819 4.29508e+09 1.5513e+07 6730.45 32 9.37598 9 2.27909
820 4.29508e+09 1.38607e+07 7662.54 32 9.7793 8 2.30072
821 3.43599e+10 6.458e+07 6871.97 35 9.31445 8 2.21793
822 6.87196e+10 1.2382e+08 7285.66 36 9.5127 8 2.20989
823 8.59005e+09 2.04015e+07 6979.09 33 9.21484 8 2.16575
824 8.59005e+09 2.50064e+07 6947.2 33 9.38184 8 2.18474
825 1.718e+10 3.28073e+07 7512.9 34 9.70312 8 2.26921
826 6.87196e+10 1.1891e+08 6773.61 36 9.37793 8 2.32363
827 1.718e+10 4.95835e+07 4851.52 34 8.55859 7 2.2884
828 1.75922e+13 1.72513e+10 5390.29 44 9.03809 7 2.3358
829 3.43599e+10 1.26299e+08 5563.94 35 9.05762 7 2.42717
830 1.37439e+11 2.3524e+08 6673.47 37 9.50586 8 2.55695
831 1.09951e+12 1.24686e+09 5054.52 40 8.99805 7 2.47237
832 6.87196e+10 2.17565e+08 6537.32 36 9.33008 8 2.49155
833 6.87196e+10 1.89813e+08 4785.07 36 8.79395 7 2.41942
834 1.09951e+12 1.25885e+09 6915.1 40 9.85352 8 2.55604
835 1.718e+10 6.34441e+07 8516.87 34 10.4736 9 2.64985
836 6.87196e+10 1.73538e+08 8364.63 36 10.3691 9 2.64345
837 6.87196e+10 1.42657e+08 8598.81 36 10.1279 9 2.59377
838 3.43599e+10 1.22977e+08 7596.83 35 10.2158 9 2.62874
839 1.37439e+11 3.71855e+08 9629.02 37 10.6797 9 2.66395
840 1.09951e+12 1.22587e+09 9394.74 40 10.7861 9 2.66455
841 1.37439e+11 3.65223e+08 12014.6 37 11.3779 10 2.72585
842 2.74878e+11 4.18575e+08 9489.92 38 10.75 9 2.62021
843 6.87196e+10 1.58658e+08 11679 36 11.1055 10 2.6631
844 8.59005e+09 3.58891e+07 11797.5 33 10.9297 10 2.59921
845 1.718e+10 9.99163e+07 12099.5 34 10.9629 10 2.54411
846 5.49756e+11 7.73322e+08 12697.5 39 11.5918 10 2.66665
847 4.39805e+12 4.71921e+09 9394.74 42 10.5674 9 2.63489
848 1.718e+10 8.74065e+07 11421.5 34 10.9844 10 2.58644
849 1.37439e+11 2.8711e+08 11841.4 37 11.0713 10 2.60132
850 1.718e+10 7.16798e+07 10046.2 34 10.7803 10 2.58948
851 1.37439e+11 1.55044e+08 9752.4 37 10.4102 9 2.5678
852 6.87196e+10 3.77203e+08 14998.5 36 11.542 11 2.72665
853 2.74878e+11 4.00701e+08 12289.4 38 11.3887 11 2.59408
854 2.19902e+12 2.33625e+09 12453.9 41 11.7773 10 2.65169
855 1.37439e+11 1.59979e+08 12493.3 37 11.3955 10 2.68524
856 6.87196e+10 1.19953e+08 14100.2 36 11.5 11 2.65316
857 8.59004e+09 2.23192e+07 10721 33 10.5713 10 2.60942
858 6.87196e+10 1.7432e+08 11313.2 36 10.7822 10 2.54893
859 2.74878e+11 3.54203e+08 11093 38 10.7637 10 2.49589
860 5.49756e+11 6.2304e+08 12197.1 39 10.9912 10 2.52725
861 5.49756e+11 7.09115e+08 12028.8 39 11.0439 10 2.59752
862 6.87196e+10 1.98691e+08 9730.28 36 10.4893 9 2.56263
863 6.87196e+10 1.46904e+08 11498 36 10.7959 10 2.56729
864 6.87196e+10 2.88715e+08 9418.71 36 10.6895 9 2.58748
865 1.718e+10 5.59884e+07 10201 34 10.6865 10 2.59929
866 3.43599e+10 5.14404e+07 10819.2 35 10.5518 10 2.53594
867 1.37439e+11 2.05092e+08 8585.21 37 10.0547 9 2.47648
868 6.87196e+10 1.05016e+08 11375.2 36 10.9961 10 2.6563
869 1.37439e+11 3.23314e+08 8706.8 37 10.4199 9 2.6201
870 6.87196e+10 8.53041e+07 9454.45 36 10.1182 9 2.49473
871 1.09951e+12 1.37416e+09 10371 40 10.9717 10 2.62323
872 3.43599e+10 5.96443e+07 11266.4 35 10.7988 10 2.63451
873 1.37439e+11 1.93133e+08 10932.8 37 11.1572 10 2.67241
874 2.74878e+11 4.35439e+08 11826.8 38 11.1387 10 2.58295
875 3.43599e+10 1.26963e+08 9629.02 35 10.8281 9 2.50692
876 5.49756e+11 8.46282e+08 9839.49 39 10.5869 9 2.5793
877 6.87196e+10 1.00845e+08 11914.1 36 11.1045 10 2.57911
878 6.87196e+10 2.59011e+08 15254.3 36 11.9346 11 2.7347
879 6.87196e+10 1.71584e+08 11971.7 36 11.3193 10 2.61368
880 8.59006e+09 5.71388e+07 12440.7 33 11.6406 10 2.69422
881 1.718e+10 1.12375e+08 12014.6 34 11.0518 10 2.60714
882 6.87196e+10 1.1266e+08 11140.6 36 10.665 10 2.53405
883 6.87196e+10 1.67214e+08 12099.5 36 11.6152 10 2.6922
884 2.74878e+11 4.54732e+08 12860 38 11.8174 11 2.71133
885 1.37439e+11 2.38676e+08 13588.4 37 11.9512 11 2.7775
886 5.49756e+11 7.64373e+08 12238.5 39 11.6348 10 2.82443
887 6.87196e+10 1.32411e+08 9085.59 36 10.3545 9 2.72266
888 6.87196e+10 1.32355e+08 8944.33 36 10.167 9 2.64666
889 1.09951e+12 1.36065e+09 7042.23 40 10.1797 8 2.72355
890 1.37439e+11 2.8201e+08 7042.23 37 9.79102 8 2.63924
891 6.87196e+10 1.58636e+08 8461.81 36 10.3223 9 2.76551
892 1.09951e+12 1.1471e+09 9110.94 40 10.5518 9 2.73322
893 6.87196e+10 2.55098e+08 9513.42 36 10.8027 9 2.7319
894 6.87196e+10 2.33148e+08 9085.59 36 10.7871 9 2.73909
895 2.19902e+12 3.30252e+09 10802.9 41 11.4209 10 2.75944
896 1.37439e+11 5.23255e+08 13453 37 11.8457 11 2.83535
897 6.87196e+10 2.07206e+08 12000.3 36 11.2627 10 2.72137
898 2.19902e+12 2.46894e+09 10802.9 41 11.2148 10 2.67206
899 5.49756e+11 8.89166e+08 11013.2 39 10.7168 10 2.56418
900 6.87196e+10 1.30404e+08 11768 36 10.8105 10 2.54616
901 5.49756e+11 8.97219e+08 10997.1 39 10.7852 10 2.62107
902 2.19902e+12 2.75714e+09 10638.5 41 10.9404 10 2.76516
903 2.74878e+11 8.62305e+08 7324.72 38 9.91113 8 2.61286
904 1.37439e+11 3.4962e+08 7246.15 37 9.59961 8 2.52081
905 1.37439e+11 2.22402e+08 7324.72 37 9.95996 8 2.61124
906 1.09951e+12 1.37217e+09 6433.29 40 9.34277 8 2.52506
907 2.19902e+12 2.88617e+09 9060.14 41 10.4922 9 2.67154
908 2.74878e+11 7.32369e+08 9430.66 38 10.8545 9 2.684
909 6.87196e+10 2.27232e+08 10026.5 36 10.8105 9 2.72906
910 1.37439e+11 4.57357e+08 9959.56 37 10.7354 10 2.63954
911 1.09951e+12 1.35187e+09 9796.23 40 10.7852 9 2.70433
912 6.87196e+10 4.11489e+08 6871.97 36 9.55859 8 2.56074
913 8.59005e+09 3.82097e+07 7420.35 33 10.0029 8 2.538
914 5.49756e+11 7.64759e+08 6718.19 39 9.49219 8 2.48044
915 1.09951e+12 2.76821e+09 6936.52 40 9.91895 8 2.58865
916 4.39805e+12 5.45463e+09 9708.01 42 10.75 9 2.70794
917 1.37439e+11 3.76617e+08 9594.67 37 10.6191 9 2.57992
918 1.09951e+12 1.77852e+09 9236.12 40 10.4434 9 2.60238
919 1.37439e+11 3.27525e+08 10438.4 37 10.6787 10 2.66472
920 5.49756e+11 8.98719e+08 10438.4 39 10.9375 10 2.72314
921 2.74878e+11 4.26857e+08 11619.1 38 10.8086 10 2.59995
922 5.49756e+11 1.27762e+09 11452.2 39 11.1445 10 2.68625
923 1.37439e+11 3.69592e+08 9882.15 37 10.7256 9 2.62722
924 1.718e+10 7.8144e+07 9606.16 34 10.6299 9 2.58107
925 2.74878e+11 6.87145e+08 10143.6 38 10.8232 9 2.63151
926 1.37439e+11 3.51079e+08 11885.1 37 11.0381 10 2.6357
927 1.09951e+12 1.18543e+09 11203.7 40 10.7666 10 2.64811
928 1.37439e+11 3.55859e+08 9382.71 37 10.6123 9 2.5897
929 6.87196e+10 3.15578e+08 8406.41 36 10.4551 9 2.5621
930 4.39805e+12 5.02431e+09 9572.36 42 10.79 10 2.63671
931 1.37439e+11 3.92653e+08 9696.83 37 10.877 9 2.58294
932 1.718e+10 4.41306e+07 8760.25 34 9.98828 9 2.42251
933 2.74878e+11 3.95128e+08 11885.1 38 10.9775 10 2.55472
934 5.49756e+11 6.72071e+08 13874.9 39 11.2578 11 2.63674
935 6.87196e+10 3.20008e+08 11406.1 36 10.9707 10 2.54293
936 2.19902e+12 3.17094e+09 9513.42 41 10.874 9 2.6365
937 1.37439e+11 3.59091e+08 11061.1 37 10.8291 10 2.59355
938 2.19902e+12 2.67371e+09 11708.8 41 11.0342 10 2.64912
939 6.87196e+10 1.59065e+08 7439.11 36 9.90918 8 2.5437
940 1.09951e+12 1.48732e+09 9934.61 40 10.8857 9 2.586
941 6.87196e+10 2.084e+08 11558.8 36 11.0859 10 2.71053
942 1.09951e+12 2.917e+09 12519.4 40 11.5791 10 2.72884
943 1.09951e+12 1.3523e+09 12071.3 40 11.124 10 2.62298
944 1.09951e+12 2.13193e+09 12400.9 40 11.71 10 2.7127
945 1.37439e+11 2.63836e+08 11077.1 37 10.8652 10 2.57543
946 5.49756e+11 8.48628e+08 9685.61 39 10.4727 9 2.55525
947 1.37439e+11 4.82046e+08 13931.6 37 11.375 11 2.74803
948 6.87196e+10 2.54472e+08 11482.8 36 10.8242 10 2.59451
949 6.87196e+10 2.04784e+08 10753.8 36 10.9033 10 2.58809
950 5.49756e+11 8.24371e+08 11942.9 39 11.1768 10 2.64253
951 1.09951e+12 1.99843e+09 12224.8 40 11.2588 10 2.65949
952 2.74878e+11 4.36697e+08 10269.2 38 10.8945 10 2.62873
953 1.37439e+11 3.88987e+08 9454.45 37 10.5498 9 2.56503
954 1.37439e+11 3.73813e+08 9260.83 37 10.3613 9 2.53081
955 2.19902e+12 3.44039e+09 10965 41 10.7305 10 2.59259
956 2.74878e+11 6.15304e+08 13394.6 38 11.6055 11 2.7626
957 1.37439e+11 4.83247e+08 11558.8 37 11.1777 10 2.71568
958 4.39805e+12 5.61879e+09 9358.56 42 10.5625 9 2.58314
959 1.09951e+12 1.78397e+09 10286.2 40 10.9414 10 2.61144
960 4.39805e+12 5.66102e+09 10851.8 42 10.9209 10 2.63048
961 1.37439e+11 2.92609e+08 7372.91 37 9.82422 8 2.51938
962 6.87196e+10 3.19671e+08 9212.44 36 10.0586 10 2.54444
963 2.19902e+12 3.20666e+09 7042.23 41 9.84766 8 2.5556
964 2.74878e+11 6.05946e+08 6617.1 38 9.30957 8 2.53795
965 2.19902e+12 2.25847e+09 4140.23 41 8.54102 6 2.48673
966 5.49756e+11 8.54993e+08 9500.96 39 10.3418 10 2.59949
967 6.87196e+10 2.37061e+08 6795.62 36 9.41797 8 2.48122
968 2.74878e+11 5.09123e+08 6479.72 38 9.41895 8 2.54127
969 1.37439e+11 2.89176e+08 8679.94 37 9.8877 9 2.48171
970 2.19902e+12 2.26362e+09 7369.99 41 9.68555 9 2.49647
971 6.87196e+10 2.89468e+08 8181.42 36 9.89648 9 2.72803
972 2.74878e+11 6.59882e+08 7125.03 38 10.0078 8 2.78287
973 2.74878e+11 9.66569e+08 6825.76 38 9.61328 9 2.77633
974 1.09951e+12 2.0052e+09 6729.32 40 9.31055 8 2.67985
975 4.39805e+12 5.70762e+09 6617.1 42 9.28418 8 2.69562
976 2.74878e+11 8.33104e+08 6841.58 38 9.42871 9 2.66804
977 2.19902e+12 5.3994e+09 7094.17 41 9.8877 8 2.72222
978 2.19902e+12 4.75277e+09 6904.35 41 9.72363 8 2.66967
979 2.74878e+11 5.29827e+08 6605.76 38 9.47656 8 2.71091
980 2.19902e+12 4.1013e+09 4140.56 41 8.8584 7 2.61045
981 6.87196e+10 2.54504e+08 5422.79 36 9.1582 7 2.62737
982 1.37439e+11 4.2394e+08 6707.04 37 9.6416 8 2.68191
983 5.49756e+11 9.53982e+08 7165.83 39 9.93945 8 2.70158
984 2.19902e+12 2.33706e+09 7363.33 41 9.77051 8 2.64592
985 5.49756e+11 1.27967e+09 10997.1 39 11.1055 10 2.90404
986 4.39805e+12 7.66945e+09 8679.94 42 10.5625 9 2.81387
987 2.74878e+11 7.26127e+08 7226.23 38 9.75684 8 2.68043
988 6.87196e+10 2.19576e+08 7175.96 36 9.61719 8 2.66412
989 6.87196e+10 2.55977e+08 8433.55 36 10.3076 10 2.7169
990 1.09951e+12 1.88521e+09 11870.6 40 11.208 10 2.90534
991 2.74878e+11 4.83513e+08 14062.9 38 11.5615 11 2.96414
992 8.79609e+12 9.06783e+09 11406.1 43 11.2656 10 2.94649
993 2.74878e+11 7.54641e+08 6784.62 38 9.90332 8 2.85252
994 1.09951e+12 1.61768e+09 8944.33 40 10.3018 9 2.86044
995 1.09951e+12 1.48314e+09 11738.5 40 11.2422 10 2.94628
996 5.49756e+11 8.71711e+08 9774.39 39 10.6631 9 2.90381
997 5.49756e+11 8.05786e+08 11723.6 39 11.2275 10 2.97133
998 2.74878e+11 6.61207e+08 9663.07 38 10.9932 9 2.89262
999 3.43599e+10 2.24553e+08 11558.8 35 11.3799 10 2.92998
1000 2.74878e+11 8.77543e+08 17877.1 38 12.4951 12 3.12006
1001 2.74878e+11 6.6754e+08 15237.4 38 11.8682 11 2.96468
1002 1.37439e+11 6.71624e+08 15600.3 37 12.3574 11 3.09075
1003 2.19902e+12 4.09995e+09 18030.2 41 12.8164 12 3.16064
1004 5.49756e+11 1.33813e+09 19066.2 39 12.5371 12 3.0875
1005 1.09951e+12 1.49796e+09 15220.6 40 12.1875 11 3.1047
1006 2.74878e+11 5.10984e+08 12028.8 38 11.2842 10 2.87027
1007 1.09951e+12 1.39609e+09 13414.1 40 11.5586 11 2.95005
1008 1.09951e+12 1.55315e+09 15420.8 40 11.9893 11 3.01648
1009 3.51844e+13 3.77319e+10 18396.8 45 12.5723 12 3.08217
1010 3.51844e+13 3.47626e+10 11782.8 45 11.5732 10 2.90454
1011 7.03687e+13 7.28111e+10 12480.2 46 12.0967 10 3.13004
1012 1.09951e+12 2.69106e+09 15050.2 40 12.2227 11 3.12728
1013 3.51844e+13 4.54237e+10 14174.5 45 12.3457 11 3.22446
1014 2.74878e+11 5.58335e+08 15632.5 38 12.3359 11 3.08032
1015 5.49756e+11 9.10906e+08 9741.36 39 11.3008 9 2.9154
1016 5.49756e+11 1.06337e+09 13511.2 39 11.9863 11 3.00946
1017 5.49756e+11 1.96648e+09 9525.12 39 10.8633 9 2.75941
1018 1.37439e+11 6.61959e+08 15321.3 37 11.9199 11 2.91892
1019 5.49756e+11 1.11093e+09 15728.2 39 12.2236 11 2.98818
1020 2.19902e+12 2.74821e+09 14539.8 41 12.2666 11 3.03636
1021 5.49756e+11 1.3536e+09 19086.7 39 12.751 12 3.03514
1022 1.75922e+13 1.89834e+10 12571.1 44 11.8037 10 2.89105
1023 5.49756e+11 7.77208e+08 15404.3 39 11.998 11 3.03664
1024 2.74878e+11 5.30981e+08 20405.2 38 12.7012 12 3.14999
1025 1.09951e+12 1.85007e+09 20202.3 40 12.9053 12 3.20148
1026 5.49756e+11 1.18124e+09 13780 39 11.748 11 3.04893
1027 6.87196e+10 3.23656e+08 15680.5 36 11.9834 11 2.98803
1028 1.37439e+11 5.77656e+08 15304.6 37 11.9883 11 2.93945
1029 2.74878e+11 7.53024e+08 19289.7 38 12.1719 12 2.91784
1030 1.09951e+12 1.68886e+09 21002.8 40 13.0273 12 3.16928
1031 6.87196e+10 3.92959e+08 19004.7 36 12.5654 12 3.19573
1032 2.19902e+12 4.98848e+09 20883.6 41 13.0928 12 3.19035
1033 1.09951e+12 2.48014e+09 19995.2 40 12.6982 12 3.10897
1034 6.87196e+10 3.87708e+08 19370.1 36 12.6533 12 3.18502
1035 1.37439e+11 5.79511e+08 20014.2 37 12.9854 12 3.18252
1036 2.19902e+12 2.62192e+09 19686.7 41 12.6211 12 3.08117
1037 2.74878e+11 5.77328e+08 25284.6 38 13.3916 13 3.23614
1038 2.74878e+11 1.04673e+09 27046.1 38 13.7676 13 3.30593
1039 1.09951e+12 4.55037e+09 27194.3 40 13.5303 13 3.1927
1040 2.19902e+12 3.53654e+09 27485 41 13.916 13 3.24777
1041 4.39805e+12 5.35364e+09 19269.5 42 12.6709 12 3.09022
1042 4.39805e+12 5.64119e+09 19489.7 42 13.2207 12 3.21902
1043 1.09951e+12 3.9222e+09 25754.3 40 13.4355 13 3.27199
1044 2.19902e+12 5.93325e+09 18375.4 41 12.6973 12 3.19887
1045 3.51844e+13 4.77434e+10 26189.5 45 13.46 13 3.31612
1046 8.79609e+12 1.21235e+10 20089.9 43 13.2461 12 3.2983
1047 5.49756e+11 1.67503e+09 19899.7 39 12.7402 12 3.20715
1048 8.79609e+12 1.46372e+10 15632.5 43 12.2178 11 3.08537
1049 2.19902e+12 4.1644e+09 15084.5 41 11.6865 11 2.98109
1050 1.09951e+12 2.76445e+09 14789.2 40 12.0557 11 3.13767
1051 2.19902e+12 3.43997e+09 15453.8 41 12.168 11 3.10337
1052 2.81475e+14 5.51332e+11 9322.12 48 10.8857 9 2.95426
1053 1.37439e+11 8.97984e+08 15203.7 37 12.2305 11 3.11912
1054 4.39805e+12 7.74566e+09 20331.9 42 12.8965 12 3.20143
1055 1.75922e+13 1.83382e+10 18225.2 44 12.5469 12 3.21715
1056 1.75922e+13 2.41582e+10 27526 44 13.9717 13 3.39585
1057 1.09951e+12 2.08157e+09 26279.7 40 13.6357 13 3.33993
1058 4.39805e+12 7.62075e+09 22829.4 42 13.6045 13 3.31087
1059 3.51844e+13 3.48971e+10 18246.7 45 12.7979 12 3.10971
1060 4.39805e+12 6.75877e+09 18651.1 42 12.8164 12 3.12317
1061 1.09951e+12 2.35167e+09 18418.1 40 12.6289 12 3.09076
1062 2.19902e+12 4.16707e+09 15287.8 41 12.667 11 3.11428
1063 1.75922e+13 1.85317e+10 11013.2 44 11.0908 10 2.86159
1064 1.37439e+11 5.88429e+08 9161.33 37 10.6895 9 2.89479
1065 4.39805e+12 6.73548e+09 11899.6 42 11.4277 10 2.93192
1066 2.19902e+12 5.60124e+09 15420.8 41 12.2549 11 3.01658
1067 3.51844e+13 4.04424e+10 11928.5 45 11.9502 10 3.05824
1068 2.19902e+12 7.28457e+09 10721 41 11.4824 10 3.06957
1069 1.09951e+12 5.7171e+09 11156.4 40 11.2412 10 3.06846
1070 1.09951e+12 5.14213e+09 7385.24 40 10.7002 9 2.98304
1071 2.19902e+12 5.47085e+09 10555.5 41 11.2979 10 3.03901
1072 1.75922e+13 2.5906e+10 11029.2 44 11.5293 10 3.03424
1073 2.74878e+11 1.99284e+09 6026.48 38 10.0449 8 2.8426
1074 2.19902e+12 3.82494e+09 10488.7 41 10.9248 10 2.9674
1075 1.09951e+12 3.09346e+09 9807.1 40 11.4668 9 3.01975
1076 3.51844e+13 5.42073e+10 12414.2 45 12.4238 10 3.16274
1077 1.75922e+13 2.51328e+10 18268.2 44 12.7744 12 3.14831
1078 8.79609e+12 2.72141e+10 19127.5 43 13.5645 12 3.18316
1079 4.39805e+12 1.47407e+10 26960.7 42 14.2383 13 3.28128
1080 1.09951e+12 5.19934e+09 19725.7 40 13.752 12 3.21304
1081 8.79609e+12 1.77706e+10 18460.7 43 13.6191 12 3.17506
1082 1.75922e+13 5.48e+10 19410.1 44 13.6602 12 3.16189
1083 8.79609e+12 2.04538e+10 21053.2 43 14.0107 12 3.28187
1084 4.39805e+12 1.10199e+10 25497.4 42 14.2373 13 3.31191
1085 8.79609e+12 3.36066e+10 20567.8 43 14.207 12 3.25799
1086 2.19902e+12 8.21405e+09 19549.2 41 13.4922 12 3.11744
1087 4.39805e+12 9.3348e+09 20656.9 42 13.8936 12 3.18738
1088 4.39805e+12 1.41693e+10 24361.5 42 14.0039 13 3.20943
1089 8.79609e+12 2.48816e+10 22908 43 13.7832 13 3.21716
1090 1.75922e+13 2.29183e+10 20656.9 44 13.8564 12 3.2741
1091 2.19902e+12 6.36662e+09 26853 41 14.2559 13 3.2511
1092 8.79609e+12 2.25412e+10 25869.9 43 14.1934 13 3.27924
1093 8.79609e+12 2.40367e+10 24237.2 43 13.7012 13 3.18629
1094 1.40737e+14 2.12509e+11 15287.8 47 13.0039 11 3.03325
1095 4.39805e+12 7.28119e+09 18482 42 13.3506 12 3.16132
1096 1.75922e+13 2.29473e+10 17388.2 44 13.1777 12 3.15063
1097 1.75922e+13 2.78017e+10 15050.2 44 12.7256 11 3.09198
1098 3.51844e+13 6.01383e+10 17767 45 13.1406 12 3.16621
1099 4.39805e+12 1.29372e+10 15470.2 42 12.8486 11 3.04939
1100 8.79609e+12 1.99112e+10 15404.3 43 12.7314 11 3.05149
1101 4.39805e+12 1.04389e+10 16201.5 42 12.9209 11 3.11314
1102 1.09951e+12 6.7228e+09 14946.6 40 12.8184 11 3.06096
1103 2.19902e+12 1.01052e+10 14303.5 41 12.0752 11 2.93649
1104 4.39805e+12 7.95684e+09 15486.6 42 12.4658 11 3.00898
1105 8.79609e+12 1.88525e+10 12238.5 43 12.0283 10 2.83925
1106 7.03687e+13 7.47167e+10 16374.2 46 12.6914 11 3.02729
1107 8.79609e+12 1.98854e+10 15271.1 43 12.6885 11 3.12039
1108 5.49756e+11 3.54698e+09 15203.7 39 12.3457 11 3.00751
1109 2.19902e+12 4.86377e+09 15838.3 41 12.6826 11 3.09607
1110 4.39805e+12 9.76425e+09 11723.6 42 11.7295 10 2.94577
1111 1.09951e+12 3.38221e+09 9123.58 40 11.4219 9 2.78288
1112 8.79609e+12 2.07629e+10 11841.4 43 12.1514 10 2.93765
1113 1.09951e+12 2.55977e+09 12320.3 40 12.2061 10 2.92387
1114 8.79609e+12 9.84509e+09 10835.5 43 11.8135 10 2.79703
1115 8.79609e+12 1.01632e+10 11604.1 43 11.8486 10 2.83783
1116 1.09951e+12 3.9967e+09 15254.3 40 13.0723 11 3.08848
1117 1.09951e+12 4.46612e+09 16127.8 40 13.292 11 3.14569
1118 2.19902e+12 6.3257e+09 15220.6 41 13.0107 11 3.06614
1119 4.39805e+12 2.71132e+10 19509.6 42 13.7666 12 3.22136
1120 4.39805e+12 1.68754e+10 12783.6 42 12.6553 10 3.06356
1121 4.39805e+12 1.88969e+10 18268.2 42 13.4453 12 3.15472
1122 1.75922e+13 2.26406e+10 14449.5 44 13.1416 11 3.09885
1123 8.79609e+12 2.61486e+10 12113.5 43 12.624 10 3.08206
1124 4.39805e+12 8.84125e+09 14539.8 42 12.9648 11 3.1269
1125 4.39805e+12 2.21532e+10 7372.91 42 11.1953 8 2.82107
1126 1.75922e+13 2.3296e+10 8813.32 44 11.958 9 3.0051
1127 1.40737e+14 1.69637e+11 6882.78 47 11.25 8 2.77787
1128 2.81475e+14 2.91017e+11 9708.01 48 12.21 9 2.80805
1129 2.19902e+12 1.24492e+10 12293.2 41 12.7178 10 3.04278
1130 1.09951e+12 7.41137e+09 11467.5 40 12.2852 10 2.96992
1131 8.79609e+12 1.74087e+10 9583.16 43 12.2656 9 2.99278
1132 2.19902e+12 5.90108e+09 12306.8 41 12.21 10 2.92131
1133 3.51844e+13 4.94409e+10 9358.56 45 11.6523 9 2.82091
1134 8.79609e+12 1.95911e+10 15502.9 43 13.1211 11 3.07531
1135 2.19902e+12 1.07216e+10 8746.92 41 11.5918 9 2.93568
1136 3.51844e+13 4.31959e+10 12183.3 45 12.4209 10 3.02483
1137 8.79609e+12 1.65317e+10 13931.6 43 12.9473 11 3.01445
1138 1.09951e+12 6.41993e+09 11797.5 40 12.2461 10 2.94239
1139 4.39805e+12 1.35346e+10 13530.5 42 12.668 11 3.00237
1140 3.51844e+13 4.59992e+10 9763.41 45 11.8809 9 2.89187
1141 1.75922e+13 3.62188e+10 10704.6 44 12.2969 10 2.98863
1142 3.51844e+13 5.69292e+10 8639.48 45 11.3018 9 2.8788
1143 8.79609e+12 1.59236e+10 7293.5 43 10.6875 9 2.82402
1144 2.81475e+14 3.38587e+11 10252.2 48 11.9004 10 2.96429
1145 8.79609e+12 1.36905e+10 9442.57 43 11.875 9 3.03341
1146 1.09951e+12 4.30144e+09 12617.4 40 12.3691 11 3.10928
1147 2.19902e+12 1.03654e+10 10269.2 41 11.8232 10 2.98874
1148 4.39805e+12 1.31761e+10 12414.2 42 12.1416 10 2.99416
1149 8.79609e+12 1.11575e+10 10835.5 43 11.4385 10 2.80297
1150 8.79609e+12 1.27093e+10 10802.9 43 11.4932 10 2.88239
1151 1.75922e+13 2.70204e+10 10472 44 11.4883 10 2.95515
1152 2.19902e+12 3.96262e+09 8447.99 41 10.915 9 2.83266
1153 2.74878e+11 7.0076e+08 7457.75 38 10.3467 8 2.7943
1154 5.49756e+11 3.01395e+09 8852.88 39 10.9375 9 2.80087
1155 4.39805e+12 9.1613e+09 9346.44 42 11.4561 9 2.83274
1156 1.75922e+13 2.01643e+10 11573.9 44 11.4824 10 2.81524
1157 7.03687e+13 7.5817e+10 10354.1 46 11.2666 10 2.85422
1158 2.2518e+15 2.23733e+12 7448.45 51 10.4961 8 2.81284
1159 1.09951e+12 3.5148e+09 12113.5 40 12.0684 10 2.98533
1160 1.75922e+13 2.10189e+10 11841.4 44 11.958 10 2.97037
1161 2.19902e+12 6.36508e+09 10786.6 41 11.625 10 2.92312
1162 8.79609e+12 2.44192e+10 12493.3 43 12.0811 10 3.04398
1163 3.51844e+13 3.92659e+10 10786.6 45 11.8564 10 2.98923
1164 1.75922e+13 3.92345e+10 12480.2 44 12.2754 10 2.99598
1165 8.79609e+12 2.63763e+10 12057.2 43 12.2275 10 2.92238
1166 2.19902e+12 2.9415e+09 11203.7 41 11.5752 10 2.73036
1167 2.19902e+12 6.0735e+09 9034.58 41 10.7744 9 2.60382
1168 1.09951e+12 2.55799e+09 11812.1 40 11.748 10 2.82894
1169 1.40737e+14 1.63412e+11 11753.3 47 11.7021 10 2.85348
1170 2.19902e+12 8.86436e+09 11914.1 41 11.9668 10 2.87372
1171 2.19902e+12 6.80874e+09 12306.8 41 11.8701 10 2.87617
1172 4.39805e+12 7.71214e+09 9173.87 42 11.0439 9 2.7662
1173 1.09951e+12 3.65601e+09 10786.6 40 11.4033 10 2.86594
1174 4.39805e+12 5.71642e+09 9394.74 42 11.0674 9 2.83727
1175 4.39805e+12 1.41477e+10 7521.98 42 10.8271 8 2.80077
1176 2.19902e+12 9.53276e+09 9819.84 41 11.5508 10 3.00617
1177 1.75922e+13 1.97813e+10 11634.1 44 11.668 10 3.07357
1178 8.79609e+12 1.34834e+10 14521.8 43 12.3477 11 2.94373
1179 2.19902e+12 8.18597e+09 14593.7 41 12.4131 11 2.89665
1180 7.03687e+13 9.53943e+10 11870.6 46 12.3662 10 2.89643
1181 3.51844e+13 4.40476e+10 14193 45 13.0098 11 2.96832
1182 2.19902e+12 5.59402e+09 12433.5 41 12.2998 11 2.90379
1183 1.09951e+12 3.79858e+09 12155.5 40 12.2471 10 2.97431
1184 2.19902e+12 9.29347e+09 14806.8 41 12.8105 11 3.00482
1185 2.19902e+12 5.35596e+09 19706.2 41 13.6504 12 3.20796
1186 1.09951e+12 3.0381e+09 12211 40 12.7637 10 3.10796
1187 5.6295e+14 5.67224e+11 14736.2 49 13.0654 11 3.205
1188 8.79609e+12 1.02647e+10 12637.7 43 12.5625 11 3.11974
1189 4.39805e+12 1.09829e+10 14539.8 42 12.7715 11 3.17407
1190 1.75922e+13 2.62449e+10 11753.3 44 12.248 10 3.11326
1191 7.03687e+13 9.83e+10 12900.1 46 12.5107 11 3.19344
1192 8.79609e+12 2.49341e+10 12980.2 43 12.333 11 3.13315
1193 3.51844e+13 1.48132e+11 10235.2 45 12.1787 10 3.0797
1194 3.51844e+13 5.75572e+10 11436.8 45 11.9824 10 3.08784
1195 2.19902e+12 6.26483e+09 13511.2 41 12.3906 11 3.06062
1196 1.40737e+14 2.82554e+11 12183.3 47 12.0957 10 3.08411
1197 2.81475e+14 3.08573e+11 11856 48 12.2617 10 3.16833
1198 4.39805e+12 1.19199e+10 12127.6 42 12.3848 10 3.0811
1199 8.79609e+12 2.40278e+10 11619.1 43 11.9746 10 3.02144
1200 2.19902e+12 6.67503e+09 11971.7 41 12.0986 10 3.06561
1201 3.51844e+13 5.67451e+10 12183.3 45 12.1279 10 3.04223
1202 1.09951e+12 4.3575e+09 9236.12 40 11.4199 9 2.91369
1203 1.75922e+13 2.61297e+10 9640.4 44 11.6553 9 3.00257
1204 4.39805e+12 9.71501e+09 12183.3 42 11.8867 10 3.04337
1205 3.51844e+13 6.85253e+10 11543.6 45 11.9355 10 3.01635
1206 3.51844e+13 3.96791e+10 14248.4 45 12.0801 11 3.0006
1207 4.39805e+12 5.55401e+09 14557.8 42 12.2158 11 3.0232
1208 4.39805e+12 1.53168e+10 12183.3 42 12.4531 10 3.11857
1209 4.39805e+12 1.37558e+10 12265.9 42 12.0059 10 3.07163
1210 1.75922e+13 3.52042e+10 11513.2 44 11.7549 10 3.05122
1211 4.39805e+12 8.41071e+09 14718.5 42 12.3955 11 3.11553
1212 3.51844e+13 3.88272e+10 15869.4 45 12.7725 11 3.21355
1213 3.51844e+13 6.65449e+10 15616.4 45 12.835 11 3.2085
1214 2.81475e+14 3.8393e+11 9872.38 48 11.6904 10 2.99428
1215 4.39805e+12 1.69378e+10 14137.4 42 12.4863 11 3.1171
1216 1.75922e+13 3.4353e+10 12739.1 44 12.3525 11 3.09028
1217 7.03687e+13 1.0567e+11 15387.8 46 12.748 11 3.1459
1218 3.51844e+13 1.04433e+11 14100.2 45 12.5752 11 3.16888
1219 3.51844e+13 4.7774e+10 9817.93 45 11.7178 9 2.99959
1220 1.75922e+13 5.2945e+10 11250.8 44 12.1426 10 3.14168
1221 2.19902e+12 7.38085e+09 8516.87 41 11.2471 9 3.00437
1222 1.09951e+12 3.24397e+09 11664.1 40 11.9883 10 3.10185
1223 7.03687e+13 8.36569e+10 9959.56 46 11.6533 10 3.04778
1224 3.51844e+13 5.96794e+10 10235.2 45 11.501 10 2.97007
1225 3.51844e+13 3.91765e+10 9334.3 45 11.1172 9 2.98713
1226 7.03687e+13 7.04066e+10 5248 46 9.67676 7 2.72537
1227 2.19902e+12 4.37488e+09 6617.1 41 10.0859 8 2.72628
1228 3.51844e+13 3.68579e+10 6947.2 45 10.0605 8 2.6709
1229 4.39805e+12 1.13533e+10 5081.49 42 9.75391 7 2.66735
1230 3.51844e+13 4.38757e+10 3968.82 45 9.16211 6 2.58165
1231 1.75922e+13 2.18183e+10 5541.02 44 9.59766 7 2.62258
1232 4.39805e+12 9.04385e+09 8350.66 42 10.4473 9 2.6766
1233 2.19902e+12 4.31935e+09 7382.45 41 10.1699 8 2.62075
1234 3.51844e+13 3.6271e+10 5563.94 45 9.77637 7 2.63075
1235 7.03687e+13 7.33526e+10 7125.03 46 10.2539 8 2.64424
1236 3.51844e+13 3.89856e+10 6695.87 45 9.94238 8 2.60673
1237 1.09951e+12 2.22794e+09 5230.83 40 9.11816 7 2.51231
1238 7.03687e+13 7.05485e+10 5579.09 46 9.58105 7 2.5606
1239 1.40737e+14 2.09879e+11 4155.95 47 9.55469 6 2.58796
1240 3.51844e+13 3.93265e+10 6421.63 45 9.80371 8 2.54923
1241 1.40737e+14 1.4857e+11 8364.63 47 10.8184 9 2.73722
1242 1.75922e+13 2.68429e+10 9394.74 44 10.709 9 2.67424
1243 8.79609e+12 1.59822e+10 5422.79 43 9.4248 7 2.49478
1244 8.79609e+12 2.22124e+10 5265.08 43 9.64062 7 2.54446
1245 1.75922e+13 2.44326e+10 7344.08 44 10.21 8 2.54677
1246 1.09951e+12 3.08683e+09 7265.96 40 9.95801 8 2.52485
1247 2.81475e+14 5.53857e+11 5601.59 48 9.5332 7 2.45049
1248 4.39805e+12 1.27239e+10 7094.17 42 10.0547 8 2.61114
1249 1.75922e+13 1.9563e+10 4051.83 44 8.71777 6 2.44446
1250 1.09951e+12 4.90687e+09 5282.07 40 9.21582 7 2.53356
1251 7.03687e+13 6.94853e+10 6729.32 46 9.88574 8 2.59193
1252 8.79609e+12 1.10524e+10 7892.94 43 10.458 9 2.64359
1253 7.03687e+13 8.26378e+10 7305.25 46 10.3252 8 2.61731
1254 5.49756e+11 1.54264e+09 7196.15 39 9.74902 8 2.50106
1255 8.79609e+12 1.20622e+10 6730.45 43 9.31445 9 2.44398
1256 8.79609e+12 1.13813e+10 6571.63 43 9.86426 8 2.60596
1257 1.75922e+13 1.84166e+10 7729.25 44 10.0693 8 2.5833
1258 8.79609e+12 1.32548e+10 6751.5 43 9.82324 8 2.54055
1259 2.19902e+12 4.69257e+09 8252.3 41 9.7959 9 2.54628
1260 2.19902e+12 5.78512e+09 7165.83 41 9.94727 8 2.5899
1261 1.40737e+14 1.59716e+11 9211.3 47 10.7803 9 2.66403
1262 1.75922e+13 2.79099e+10 9625.7 44 10.8682 10 2.65833
1263 2.19902e+12 3.77799e+09 9418.71 41 10.9062 9 2.62085
1264 3.43599e+10 1.10277e+08 9161.33 35 10.3721 9 2.42142
1265 2.19902e+12 3.10538e+09 9034.58 41 10.5029 9 2.47637
1266 8.79609e+12 1.11026e+10 7305.25 43 9.97363 8 2.50402
1267 1.09951e+12 2.32353e+09 5300.24 40 9.05078 8 2.42191
1268 2.19902e+12 3.46104e+09 6292.15 41 9.69336 8 2.45774
1269 1.09951e+12 2.63933e+09 5541.02 40 9.19922 7 2.3888
1270 2.19902e+12 2.6144e+09 5462.84 41 9.24902 7 2.34987
1271 8.79609e+12 1.27537e+10 7863.66 43 10.0137 9 2.42603
1272 5.6295e+14 5.55621e+11 11543.6 49 11.1943 10 2.66514
1273 8.79609e+12 1.15545e+10 8612.39 43 10.6104 9 2.61153
1274 4.39805e+12 6.28681e+09 9489.92 42 10.9219 9 2.67513
1275 5.49756e+11 1.9722e+09 11498 39 11.2441 10 2.71082
1276 5.49756e+11 1.74448e+09 12440.7 39 11.3047 10 2.76114
1277 8.79609e+12 1.16035e+10 11406.1 43 10.9297 10 2.67069
1278 1.09951e+12 4.21601e+09 14557.8 40 12.2803 11 2.97706
1279 1.75922e+13 2.27366e+10 12535.9 44 11.8008 11 2.88139
1280 8.79609e+12 1.70474e+10 14248.4 43 12.4355 11 3.04421
1281 2.19902e+12 4.68571e+09 15033 41 12.2637 11 3.07249
1282 1.75922e+13 5.11157e+10 10354.1 44 11.7383 10 2.96474
1283 2.19902e+12 7.45043e+09 11558.8 41 11.8174 10 3.0165
1284 8.79609e+12 1.33725e+10 8308.63 43 10.8232 9 2.85262
1285 8.79609e+12 2.37265e+10 11328.7 43 11.4678 10 2.87333
1286 7.03687e+13 1.08447e+11 8652.99 46 11.0635 9 2.84772
1287 3.51844e+13 4.81635e+10 10522.2 45 11.3896 10 2.91158
1288 7.03687e+13 7.85907e+10 7315 46 10.7734 8 2.84868
1289 2.19902e+12 9.47256e+09 5340.83 41 9.91895 7 2.75212
1290 3.51844e+13 4.45877e+10 4124.23 45 9.5 6 2.63459
1291 8.79609e+12 1.23422e+10 5470.78 43 10.0469 7 2.64796
1292 5.49756e+11 2.41053e+09 3491.81 39 9.09375 6 2.53959
1293 2.81475e+14 2.77014e+11 5494.43 48 9.97363 7 2.68603
1294 7.03687e+13 7.83384e+10 5609.03 46 9.84863 7 2.67962
1295 2.74878e+11 8.96313e+08 7010.77 38 10.499 8 2.77831
1296 2.19902e+12 4.36834e+09 6232.54 41 10.1963 8 2.73772
1297 4.39805e+12 7.30064e+09 6904.35 42 10.4365 8 2.81783
1298 4.39805e+12 6.53187e+09 7400.46 42 10.6621 9 2.81719
1299 1.75922e+13 2.09592e+10 7256.07 44 10.2764 8 2.66657
1300 3.51844e+13 3.80261e+10 5616.45 45 10.0059 7 2.61087
1301 2.19902e+12 1.01507e+10 7712.81 41 10.3555 8 2.55898
1302 7.03687e+13 1.40357e+11 7236.2 46 10.0654 8 2.51895
1303 3.51844e+13 3.63575e+10 9260.83 45 11.0732 9 2.72138
1304 5.6295e+14 5.56752e+11 3993.04 49 9.24316 6 2.59454
1305 1.75922e+13 2.04446e+10 7439.11 44 10.7441 8 2.83553
1306 4.39805e+12 7.59443e+09 11956.3 42 11.8525 11 2.99342
1307 3.51844e+13 4.47437e+10 10115.2 45 11.543 10 2.94553
1308 8.79609e+12 1.84471e+10 10166.7 43 11.3408 10 2.90851
1309 1.09951e+12 4.22263e+09 8434.15 40 10.627 9 2.83618
1310 4.39805e+12 1.60653e+10 10721 42 11.5078 10 3.0323
1311 2.19902e+12 6.82529e+09 12028.8 41 12.0957 10 3.10229
1312 2.19902e+12 1.16442e+10 11297.6 41 11.7646 10 2.96278
1313 1.09951e+12 3.90793e+09 11885.1 40 12.5439 10 3.13788
1314 1.75922e+13 3.96791e+10 12414.2 44 12.3564 10 3.11038
1315 3.51844e+13 4.31789e+10 18439.5 45 13.2861 12 3.27448
1316 4.39805e+12 1.54995e+10 18693.1 42 13.5908 12 3.35961
1317 1.40737e+14 1.50601e+11 18880.8 47 13.3457 12 3.31574
1318 1.75922e+13 2.51917e+10 17455.6 44 12.8369 12 3.12467
1319 2.81475e+14 2.97038e+11 15470.2 48 12.958 11 3.25285
1320 8.79609e+12 2.56412e+10 9994.29 43 11.9834 10 3.19876
1321 3.51844e+13 1.06402e+11 8489.39 45 12.0498 9 3.19554
1322 2.81475e+14 3.85506e+11 13856 48 12.8174 11 3.35572
1323 1.75922e+13 4.75557e+10 11928.5 44 12.7939 10 3.4428
1324 2.19902e+12 1.20325e+10 11282 41 12.4268 10 3.31268
1325 3.51844e+13 6.72715e+10 12043 45 12.5391 10 3.37857
1326 1.75922e+13 3.96287e+10 11812.1 44 12.3691 10 3.3533
1327 8.79609e+12 3.55503e+10 13491.8 43 12.5977 11 3.35253
1328 8.79609e+12 2.46091e+10 11482.8 43 11.915 10 3.23406
1329 3.51844e+13 6.87269e+10 12141.5 45 12.4463 10 3.30727
1330 2.81475e+14 3.63763e+11 13316.4 48 12.5938 11 3.36626
1331 4.39805e+12 1.09508e+10 13837 42 12.7773 11 3.27479
1332 4.39805e+12 1.74688e+10 14824.4 42 12.9248 11 3.38626
1333 1.40737e+14 3.20868e+11 10438.4 47 11.7178 10 3.17858
1334 8.79609e+12 3.75289e+10 13257.5 43 12.5176 11 3.4048
1335 7.03687e+13 1.6685e+11 11124.1 46 12.3799 11 3.42463
1336 1.75922e+13 9.84835e+10 9110.94 44 11.9932 9 3.3454
1337 1.40737e+14 1.97664e+11 8336.67 47 11.7393 9 3.29042
1338 2.81475e+14 3.93378e+11 8931.34 48 11.8232 9 3.28899
1339 7.03687e+13 1.81708e+11 20258.1 46 14.1201 12 3.67892
1340 1.40737e+14 2.28778e+11 12238.5 47 13.3672 10 3.56084
1341 3.51844e+13 6.04596e+10 14998.5 45 13.8135 11 3.58961
1342 1.1259e+15 1.19903e+12 9285.01 50 12.1621 10 3.2964
1343 1.40737e+14 2.80081e+11 5802.82 47 10.9248 8 3.18567
1344 3.51844e+13 6.18525e+10 7430.87 45 11.3936 9 3.26287
1345 8.79609e+12 2.67816e+10 6893.58 43 10.8643 8 3.13537
1346 8.79609e+12 3.14295e+10 7092.64 43 11.0781 9 3.15543
1347 2.81475e+14 2.94511e+11 11986 48 12.3936 10 3.33674
1348 4.39805e+12 2.08084e+10 10916.6 42 12.1338 10 3.27459
1349 3.51844e+13 9.98542e+10 9872.38 45 12.1953 10 3.27464
1350 2.2518e+15 2.21468e+12 7308.84 51 11.2129 9 3.0944
1351 4.5036e+15 5.10378e+12 15404.3 52 13.6191 11 3.45647
1352 1.1259e+15 2.98343e+12 25473.9 50 14.9883 13 3.76607
1353 7.03687e+13 2.92897e+11 20459.8 46 14.6816 12 3.76681
1354 3.51844e+13 1.43445e+11 15775.6 45 13.9385 11 3.67628
1355 2.2518e+15 3.36191e+12 17767 51 14.1504 12 3.73664
1356 1.40737e+14 5.85039e+11 15203.7 47 14.0801 11 3.67317
1357 1.1259e+15 2.66608e+12 15101.6 50 13.9492 11 3.68719
1358 1.80144e+16 3.60251e+13 10252.2 54 12.9707 10 3.62326
1359 4.5036e+15 7.70646e+12 12454 52 13.3545 11 3.72098
1360 2.2518e+15 3.68849e+12 13079.7 51 13.4189 11 3.66618
1361 9.0072e+15 1.13359e+13 13491.8 53 13.3887 11 3.61799
1362 4.5036e+15 4.77459e+12 9394.74 52 12.1113 9 3.3069
1363 4.5036e+15 5.18007e+12 9309.92 52 12.4443 9 3.38078
1364 7.03687e+13 2.53959e+11 9186.37 46 12.3818 9 3.43272
1365 9.0072e+15 1.11812e+13 10786.6 53 12.7812 10 3.50176
1366 7.20576e+16 7.13922e+13 10753.8 56 12.752 10 3.52014
1367 2.2518e+15 2.65184e+12 9236.12 51 12.3652 9 3.49172
1368 1.1259e+15 3.8639e+12 11986 50 13.458 10 3.7054
1369 1.1259e+15 1.37679e+12 12734.7 50 13.1484 10 3.67245
1370 2.2518e+15 3.22422e+12 17789 51 14.1553 12 3.848
1371 1.80144e+16 1.97525e+13 18095.4 54 14.8242 12 4.06418
1372 7.20576e+16 8.93607e+13 18587.9 56 15.3623 12 4.28363
1373 1.80144e+16 1.78484e+13 14006.7 54 14.2334 11 4.05503
1374 5.6295e+14 1.4365e+12 20831.9 49 15.2715 12 4.22806
1375 4.5036e+15 1.21935e+13 24361.5 52 15.5859 13 4.32458
1376 4.5036e+15 8.08409e+12 15354.6 52 14.5859 11 4.17726
1377 2.8823e+17 3.0383e+14 11452.2 58 14.4238 10 4.135
1378 1.80144e+16 2.08174e+13 13218.1 54 14.2139 11 4.00812
1379 5.6295e+14 2.15547e+12 12759.3 49 13.4434 11 3.81423
1380 4.5036e+15 8.52261e+12 11986 52 13.3125 10 3.75104
1381 4.5036e+15 1.21102e+13 12169.4 52 13.8516 10 3.87789
1382 2.2518e+15 5.27107e+12 12596.7 51 14.2109 10 3.97548
1383 1.44115e+17 2.58539e+14 11513.2 57 13.6777 10 3.77396
1384 1.1259e+15 1.72818e+12 11768 50 13.5176 10 3.8448
1385 1.80144e+16 4.49868e+13 12155.5 54 13.4902 10 3.77019
1386 4.5036e+15 5.90807e+12 12839.9 52 13.9795 11 3.83573
1387 5.6295e+14 7.9995e+11 19568.9 49 14.5283 12 3.89852
1388 7.20576e+16 7.79347e+13 15977.2 56 14.6709 11 4.05417
1389 1.80144e+16 3.50417e+13 25754.3 54 16.0791 13 4.42309
1390 4.5036e+15 1.44223e+13 18630.1 52 15.1387 12 4.28933
1391 9.22337e+18 9.009e+15 18630.1 63 14.7881 12 4.17413
1392 7.20576e+16 8.79302e+13 18545.6 56 15.0557 12 4.25144
1393 2.8823e+17 3.09104e+14 17048.4 58 15.1133 12 4.20406
1394 3.60288e+16 3.9831e+13 11619.1 55 14.3516 10 4.10373
1395 4.5036e+15 1.45581e+13 19127.5 52 15.3066 12 4.28022
1396 2.2518e+15 8.9451e+12 15271.1 51 14.8311 11 4.19932
1397 1.1259e+15 2.11817e+12 14789.2 50 14.3926 11 3.99421
1398 1.1259e+15 3.56816e+12 15616.1 50 14.5195 12 4.08377
1399 2.2518e+15 6.30599e+12 11436.8 51 13.4551 10 3.89608
1400 3.60288e+16 4.34388e+13 11404.6 55 13.707 11 3.92341
1401 2.8823e+17 5.40104e+14 11589 58 14.0645 10 4.07538
1402 9.0072e+15 2.98866e+13 14229.9 53 14.6016 11 4.08476
1403 5.6295e+14 3.47854e+12 12155.5 49 14.6104 10 4.16895
1404 1.80144e+16 2.79814e+13 8095.7 54 13.5488 9 3.95589
1405 4.5036e+15 8.46043e+12 9303.11 52 13.5967 10 3.98309
1406 9.0072e+15 2.35961e+13 12248 53 14.5498 11 4.27723
1407 1.80144e+16 3.20932e+13 8489.39 54 13.7373 9 4.08224
1408 1.44115e+17 1.55551e+14 11543.6 57 14.4316 10 4.20504
1409 1.80144e+16 2.74111e+13 9085.59 54 14.3164 9 4.29621
1410 9.0072e+15 2.35694e+13 7849 53 13.8643 9 4.17684
1411 7.20576e+16 1.17513e+14 9571.62 56 14.002 9 4.22001
1412 3.60288e+16 5.98167e+13 10387.9 55 14.3408 10 4.31029
1413 7.20576e+16 1.30442e+14 16911.1 56 15.7021 12 4.64948
1414 4.5036e+15 2.14665e+13 13119.4 52 15.0986 11 4.51393
1415 1.44115e+17 1.66749e+14 11313.2 57 14.877 10 4.48602
1416 2.8823e+17 3.92482e+14 19976.2 58 16.5293 12 4.89206
1417 2.8823e+17 9.44452e+14 23911 58 17.6816 13 5.14365
1418 1.15292e+18 1.50792e+15 17855.1 60 16.7686 12 4.96996
1419 7.20576e+16 8.21413e+13 24162.3 56 16.9463 13 5.01775
1420 1.15292e+18 1.27846e+15 18418.1 60 16.6475 12 4.94381
1421 5.76461e+17 1.36047e+15 24162.3 59 17.8145 13 5.2397
1422 1.44115e+17 3.55592e+14 16680.4 57 16.4346 12 4.94492
1423 5.76461e+17 6.4788e+14 17545 59 16.2158 12 4.83209
1424 1.80144e+16 4.06756e+13 36662.3 54 17.1582 14 4.95371
1425 2.30584e+18 2.74338e+15 25045.5 61 16.3477 13 4.75189
1426 2.8823e+17 3.94093e+14 36636.1 58 17.5439 14 5.04476
1427 1.15292e+18 1.14009e+15 15927.8 60 15.5557 12 4.66434
1428 1.84467e+19 1.80462e+16 17522.7 64 16.5713 12 4.89269
1429 9.0072e+15 2.86148e+13 18138.8 53 16.4893 12 4.87655
1430 5.76461e+17 1.27491e+15 18008.4 59 16.3262 12 4.83667
1431 2.8823e+17 3.09967e+14 14285.2 58 15.3516 11 4.50517
1432 5.76461e+17 1.43497e+15 21789.1 59 16.7881 13 4.80271
1433 1.15292e+18 1.24031e+15 25892.9 60 16.793 13 4.88919
1434 7.20576e+16 8.82247e+13 18880.8 56 15.8398 12 4.63563
1435 1.80144e+16 2.0342e+13 9110.94 54 13.0615 9 4.01433
1436 1.80144e+16 2.64127e+13 14358.5 54 14.665 11 4.29098
1437 4.5036e+15 6.14944e+12 11998.2 52 13.8477 11 4.058
1438 2.8823e+17 5.75335e+14 19188.5 58 15.7637 12 4.54783
1439 2.8823e+17 3.33225e+14 11203.7 58 14.3516 10 4.31321
1440 1.44115e+17 1.83249e+14 14876.9 57 15.3809 11 4.57095
1441 2.8823e+17 4.88199e+14 12819.8 58 15.0195 11 4.45968
1442 3.68935e+19 3.61216e+16 15067.4 65 15.3955 11 4.61957
1443 7.20576e+16 1.31956e+14 12576.7 56 15.1748 11 4.57499
1444 5.76461e+17 8.7401e+14 13549.9 59 15.0479 11 4.48164
1445 1.84467e+19 1.82951e+16 12057.2 64 15.2334 10 4.61403
1446 5.76461e+17 9.43968e+14 14025.5 59 15.6934 11 4.68438
1447 2.8823e+17 4.24115e+14 19450 58 16.1377 12 4.66177
1448 1.15292e+18 2.66169e+15 14006.7 60 15.5781 11 4.57832
1449 1.15292e+18 1.30562e+15 11753.3 60 14.2461 10 4.2809
1450 2.8823e+17 4.04056e+14 18755.9 58 16.2969 12 4.74939
1451 2.8823e+17 5.94679e+14 18880.8 58 15.9268 12 4.67936
1452 1.44115e+17 2.97788e+14 20183.7 57 16.7422 12 4.8643
1453 9.22337e+18 1.04294e+16 10218.1 63 14.0547 10 4.26277
1454 2.8823e+17 4.2429e+14 5727.07 58 12.3262 8 3.93793
1455 5.76461e+17 8.93335e+14 5599.52 59 11.6543 8 3.74017
1456 3.60288e+16 6.50519e+13 6160.4 55 12.6621 8 3.99675
1457 4.61169e+18 4.80005e+15 7566.81 62 13.3428 9 4.09152
1458 2.8823e+17 4.59754e+14 6315.86 58 12.4746 8 3.96122
1459 2.8823e+17 5.65198e+14 4203.62 58 11.5332 7 3.73507
1460 1.15292e+18 1.49348e+15 6184.52 60 12.2607 8 3.93151
1461 1.44115e+17 1.53911e+14 7030.27 57 12.2783 9 3.88159
1462 2.8823e+17 2.96939e+14 5273.59 58 12.2949 7 3.93229
1463 2.30584e+18 2.31302e+15 2893.48 61 10.2041 6 3.48736
1464 4.61169e+18 4.84409e+15 2028.08 62 9.32617 5 3.27963
1465 7.20576e+16 1.8725e+14 5418.31 56 12.0752 8 3.84391
1466 1.15292e+18 1.56954e+15 7000.23 60 13 8 4.04355
1467 1.15292e+18 1.24963e+15 6915.1 60 12.4316 8 3.98664
1468 5.76461e+17 1.58782e+15 11738.5 59 15.5635 10 4.67201
1469 7.20576e+16 2.78994e+14 11660.8 56 15.1445 11 4.56082
1470 2.8823e+17 6.1216e+14 10900.4 58 14.6162 10 4.40059
1471 4.61169e+18 5.47069e+15 8621.73 62 14.9004 10 4.47366
1472 2.8823e+17 1.05785e+15 10354.1 58 15.0146 10 4.57737
1473 2.8823e+17 3.25206e+14 8475.61 58 14.0986 9 4.31284
1474 1.44115e+17 5.28325e+14 4972.57 57 12.2217 7 3.90528
1475 1.15292e+18 2.28439e+15 5382.11 60 12.4287 7 3.94673
1476 1.15292e+18 1.54244e+15 8420.29 60 13.5938 9 4.06118
1477 2.8823e+17 7.31711e+14 9322.12 58 14.3369 9 4.32229
1478 1.15292e+18 2.16171e+15 9819.84 60 14.8525 10 4.50664
1479 1.15292e+18 1.30862e+15 9285.01 60 14.1719 10 4.32066
1480 1.15292e+18 1.74053e+15 10638.5 60 14.6113 10 4.36528
1481 2.8823e+17 8.44836e+14 11203.7 58 14.5469 10 4.33766
1482 5.76461e+17 1.01572e+15 11928.5 59 15.1465 10 4.53064
1483 5.76461e+17 7.80049e+14 11986 59 14.6553 10 4.39472
1484 1.44115e+17 3.36685e+14 12169.4 57 14.5537 10 4.27676
1485 1.44115e+17 2.09548e+14 9924.74 57 13.9834 10 4.12684
1486 2.8823e+17 3.18732e+14 11421.5 58 14.1631 10 4.11445
1487 1.15292e+18 1.27205e+15 10655.1 60 14.2686 10 4.20255
1488 1.47574e+20 1.44238e+17 7045.89 67 12.9209 9 3.96011
1489 3.60288e+16 5.69184e+13 6650.59 55 12.915 9 3.89272
1490 2.30584e+18 2.47968e+15 7701.31 61 13.2666 9 4.05498
1491 2.8823e+17 3.04383e+14 6925.82 58 13.2842 8 3.9904
1492 9.0072e+15 1.73161e+13 5815.39 53 12.1865 8 3.70418
1493 1.84467e+19 1.82725e+16 5764.86 64 12.041 7 3.72048
1494 3.60288e+16 7.14045e+13 2731.9 55 10.4766 5 3.46963
1495 4.5036e+15 1.08545e+13 4203.62 52 10.7568 7 3.43047
1496 2.8823e+17 3.2496e+14 4140.56 58 10.2676 7 3.29089
1497 2.8823e+17 2.8797e+14 3887.57 58 9.6416 6 3.0684
1498 1.40737e+14 4.98296e+11 5431.35 47 10.0537 8 3.09176
1499 2.8823e+17 2.88545e+14 5723.94 58 10.876 7 3.27224
