650.968
0 435.076 8.69459 4 2 0.0410156 0 0.0273664
1 435.117 9.60475 4 2 0.0458984 0 0.0287349
2 435.117 9.34609 4 2 0.0449219 0 0.0286397
3 435.053 9.90767 5 2 0.0498047 0 0.029644
4 434.129 8.65235 5 2 0.0361328 0 0.0293271
5 434.639 9.60729 5 2 0.0458984 0 0.0300018
6 435.117 10.4154 5 2 0.046875 0 0.0317331
7 109.829 8.98725 5 1 0.0390625 0 0.0301606
8 112.44 10.139 5 1 0.0517578 0 0.0292931
9 1010.79 10.2756 5 3 0.0419922 0 0.0311567
10 434.412 10.7029 5 2 0.0527344 0 0.0309201
11 435.053 10.1381 5 2 0.0458984 0 0.0311829
12 435.151 9.85203 5 2 0.0410156 0 0.0313949
13 435.151 10.2309 5 2 0.046875 0 0.0301022
14 111.937 10.3478 5 1 0.0488281 0 0.030748
15 434.954 11.0381 6 2 0.0488281 0 0.0326584
16 434.954 9.57157 6 2 0.0400391 0 0.0307828
17 435.053 9.95964 6 2 0.0439453 0 0.0314886
18 435.127 11.1726 6 2 0.0556641 0 0.0319996
19 435.149 10.0972 6 2 0.0449219 0 0.0314674
20 435.151 12.5947 6 2 0.0625 0 0.0317333
21 111.937 10.5065 6 1 0.0498047 0 0.0322955
22 1008.21 11.1421 6 3 0.0458984 0 0.0315833
23 435.151 11.2728 6 2 0.0546875 0 0.0320142
24 434.954 11.6501 6 2 0.0546875 0 0.033597
25 115.729 11.1626 6 1 0.0546875 0 0.0321724
26 434.639 11.0208 6 2 0.0517578 0 0.0322789
27 435.149 12.9899 6 2 0.0634766 0 0.0335629
28 118.273 11.6884 6 1 0.0585938 0 0.0346053
29 435.127 10.8352 6 2 0.0498047 0 0.032084
30 435.127 12.3664 6 2 0.0625 0 0.0338881
31 435.053 11.9512 6 2 0.0605469 0 0.0316224
32 435.149 11.8001 6 2 0.0595703 0 0.0311406
33 435.117 11.6757 6 2 0.0605469 0 0.0315583
34 112.934 11.5482 6 1 0.0595703 0 0.0326697
35 435.117 15.2808 6 2 0.0771484 0 0.032184
36 435.053 12.5082 6 2 0.0605469 0 0.0329526
37 435.149 11.6337 6 2 0.0537109 0 0.0321646
38 435.127 13.4375 6 2 0.0673828 0 0.0326982
39 435.151 13.733 6 2 0.0673828 0 0.0325091
40 435.151 13.5942 6 2 0.0654297 0 0.0326624
41 1012.18 13.8477 6 3 0.0703125 0 0.0328232
42 435.149 14.074 6 2 0.0732422 0 0.0326948
43 435.127 11.8888 6 2 0.0546875 0 0.0335725
44 435.151 14.8827 6 2 0.0800781 0 0.0344156
45 435.151 13.711 6 2 0.0703125 0 0.0354839
46 435.151 12.6701 6 2 0.0654297 0 0.0331507
47 435.151 12.4304 6 2 0.0605469 0 0.0350584
48 435.053 12.7148 6 2 0.0595703 0 0.0335074
49 435.149 11.7393 6 2 0.0527344 0 0.0351548
50 435.149 14.3271 7 2 0.0732422 0 0.0360909
51 110.903 11.0266 6 1 0.046875 0 0.0350389
52 435 13.4602 7 2 0.0654297 0 0.0346808
53 117.865 13.0941 6 1 0.0673828 0 0.0348107
54 435.117 12.2371 7 2 0.0556641 0 0.0361643
55 435.053 14.22 7 2 0.0742188 0 0.0349547
56 110.903 12.7401 6 1 0.0654297 0 0.0350444
57 435.127 14.1574 7 2 0.0722656 0 0.0341075
58 435.149 14.5472 7 2 0.0742188 0 0.0357313
59 435.151 14.1689 7 2 0.0644531 0 0.0355275
60 435.151 14.0728 7 2 0.0712891 0 0.0346026
61 435.117 14.3024 7 2 0.0712891 0 0.0339789
62 435.149 13.7035 7 2 0.0664062 0 0.0349291
63 110.903 13.1844 7 1 0.0673828 0 0.0351199
64 435.127 13.1026 7 2 0.0605469 0 0.0333371
65 435.117 14.0743 7 2 0.0693359 0 0.0348461
66 435.127 14.9615 7 2 0.0791016 0 0.0344347
67 435.127 13.2301 7 2 0.0634766 0 0.0362344
68 435.151 13.3888 7 2 0.0625 0 0.0343699
69 435.117 13.1566 7 2 0.0605469 0 0.0339767
70 435.151 13.3699 7 2 0.0595703 0 0.0363808
71 435.127 14.3504 7 2 0.0703125 0 0.0354674
72 434.412 15.1349 7 2 0.0839844 0 0.0334299
73 435.127 13.972 7 2 0.0683594 0 0.0333549
74 435.127 14.5618 7 2 0.0712891 0 0.0350191
75 1008.92 14.0032 7 3 0.0615234 0 0.034369
76 435.149 14.1647 7 2 0.0712891 0 0.0347107
77 435.149 15.2395 7 2 0.0693359 0 0.0369782
78 435.151 15.3736 7 2 0.078125 0 0.0352051
79 435.127 15.2747 7 2 0.0791016 0 0.0343483
80 435.149 15.2718 8 2 0.0820312 0 0.035159
81 1009.59 16.1509 7 3 0.0800781 0 0.0355782
82 435 16.6453 8 2 0.0898438 0 0.0363717
83 435.149 16.3689 8 2 0.0869141 0 0.0371584
84 435.127 15.9785 8 2 0.0888672 0 0.0345916
85 435.127 17.244 8 2 0.0888672 0 0.0377768
86 435.127 17.5916 8 2 0.101562 0 0.0373215
87 435.127 16.5848 8 2 0.0898438 0 0.0355035
88 435.127 15.1774 8 2 0.078125 0 0.0353882
89 435.127 15.543 8 2 0.0820312 0 0.0368501
90 435.117 16.18 8 2 0.0800781 0 0.0349082
91 1012.18 17.1211 8 3 0.0839844 0 0.0358107
92 435.053 15.5919 8 2 0.0820312 0 0.0353324
93 435.149 15.6123 8 2 0.0761719 0 0.0354186
94 1012.52 18.2635 8 3 0.0947266 0 0.036245
95 435.149 20.7075 8 2 0.120117 0 0.0360424
96 435.151 17.1136 8 2 0.0917969 0 0.0365266
97 435.151 18.2878 8 2 0.09375 0 0.0358316
98 1008.92 16.0684 8 3 0.0810547 0 0.0348624
99 1011.31 16.7965 8 3 0.0849609 0 0.0362726
100 435.151 16.1286 8 2 0.0830078 0 0.0360747
101 435.151 17.9851 8 2 0.0957031 0 0.0366592
102 435.151 15.4642 8 2 0.0771484 0 0.0361066
103 435.151 17.8034 8 2 0.0957031 0 0.0348766
104 435.151 18.4755 8 2 0.104492 0 0.0346507
105 1008.92 17.7218 8 3 0.0966797 0 0.0352408
106 435.149 17.6994 8 2 0.0947266 0 0.0356242
107 435.151 19.2818 8 2 0.104492 0 0.0347781
108 1012.18 18.3338 8 3 0.0976562 0 0.0339268
109 435.127 17.1172 8 2 0.0888672 0 0.035664
110 435.149 20.102 8 2 0.106445 0 0.0354183
111 435.149 17.0971 8 2 0.0917969 0 0.034834
112 435.127 16.8755 8 2 0.0878906 0 0.0354266
113 435.127 19.4441 8 2 0.110352 0 0.0356108
114 435.127 18.577 8 2 0.105469 0 0.0345409
115 435.151 18.4997 8 2 0.0996094 0 0.0345164
116 435.151 17.4569 8 2 0.09375 0 0.0351392
117 435.149 18.9372 8 2 0.107422 0 0.0355832
118 435.127 19.0562 8 2 0.102539 0 0.035145
119 1011.78 21.4477 8 3 0.117188 0 0.0355642
120 435.127 20.8873 9 2 0.12793 0 0.0361847
121 435.127 18.1793 8 2 0.0986328 0 0.0363361
122 435.127 21.2413 9 2 0.124023 0 0.0362608
123 1010.21 22.1733 9 3 0.129883 0 0.0356233
124 1010.21 21.5352 9 3 0.123047 0 0.0358242
125 435.151 19.9906 9 2 0.113281 0 0.0354684
126 435.151 23.1059 9 2 0.125977 0 0.0357507
127 1010.21 21.5077 8 3 0.115234 0 0.0368425
128 435.151 22.6305 9 2 0.132812 0 0.0361942
129 1010.21 23.9313 9 3 0.135742 0 0.0365646
130 435.151 20.5445 9 2 0.113281 0 0.0361741
131 1010.21 24.0406 9 3 0.134766 0 0.0362916
132 1008.92 23.79 9 3 0.145508 0 0.0367901
133 1009.59 21.769 9 3 0.12207 0 0.0367125
134 435.151 25.9443 9 2 0.152344 0 0.0364907
135 1008.92 23.7863 9 3 0.124023 0 0.0376517
136 1010.21 24.8219 9 3 0.148438 0 0.0364949
137 1009.59 24.3363 9 3 0.140625 0 0.0369844
138 435.151 23.7793 9 2 0.142578 0 0.0364365
139 435.151 24.2378 9 2 0.144531 0 0.0361427
140 1009.59 25.0614 9 3 0.144531 0 0.0366649
141 1008.92 25.7377 9 3 0.151367 0 0.0373609
142 435.127 25.1615 9 2 0.154297 0 0.0377215
143 1008.92 30.111 9 3 0.176758 0 0.0371925
144 1009.59 26.1855 9 3 0.158203 0 0.036814
145 435.151 25.4983 9 2 0.154297 0 0.0372278
146 1009.59 27.9407 9 3 0.155273 0 0.0373608
147 1008.92 29.8033 9 3 0.172852 0 0.0372134
148 1008.92 26.1844 9 3 0.148438 0 0.0375007
149 435.149 30.8162 9 2 0.189453 0 0.0376769
150 435.149 26.5771 9 2 0.165039 0 0.0371349
151 435.149 26.5256 9 2 0.169922 0 0.0374914
152 435.151 28.2741 9 2 0.166992 0 0.0378554
153 435.127 27.9672 9 2 0.178711 0 0.0374555
154 435.151 28.4254 9 2 0.176758 0 0.0377334
155 1008.92 27.3731 9 3 0.162109 0 0.037555
156 1008.92 32.1252 9 3 0.191406 0 0.0380585
157 1008.92 26.716 9 3 0.15918 0 0.0384792
158 1011.31 32.6849 9 3 0.212891 0 0.0381173
159 1010.21 31.5267 9 3 0.182617 0 0.0381636
160 435.149 34.9432 9 2 0.229492 0 0.03759
161 435.151 28.1872 9 2 0.175781 0 0.0385451
162 1011.31 32.4702 9 3 0.193359 0 0.0389467
163 1011.31 31.4123 9 3 0.188477 0 0.0379156
164 1846.55 34.2287 9 4 0.203125 0 0.0385026
165 1010.21 30.1798 9 3 0.183594 0 0.0388135
166 1008.92 32.4136 9 3 0.197266 0 0.0387268
167 435.149 34.417 9 2 0.223633 0 0.0388487
168 1008.92 36.5261 9 3 0.232422 0 0.0386123
169 1008.92 35.6209 9 3 0.229492 0 0.0383985
170 1010.21 32.9796 9 3 0.206055 0 0.0386998
171 435.151 34.2763 9 2 0.210938 0 0.0388942
172 1007.46 33.5512 9 3 0.201172 0 0.0387271
173 435.151 34.9627 9 2 0.229492 0 0.0387939
174 1008.92 40.1065 9 3 0.241211 0 0.0390395
175 435.151 33.3783 9 2 0.212891 0 0.0391674
176 435.151 33.1231 9 2 0.211914 0 0.038556
177 435.151 35.0209 9 2 0.230469 0 0.0390676
178 435.151 36.4378 9 2 0.239258 0 0.0391649
179 1009.59 38.4269 9 3 0.230469 0 0.0388192
180 435.151 39.0863 9 2 0.251953 0 0.0391184
181 435.151 35.0138 9 2 0.240234 0 0.0396522
182 435.151 34.1733 9 2 0.208984 0 0.0396688
183 1011.78 34.232 9 3 0.212891 0 0.0388564
184 1011.31 39.2445 10 3 0.246094 0 0.0391632
185 1843.9 40.6717 9 4 0.250977 0 0.0390533
186 1011.78 45.5423 10 3 0.28125 0 0.039441
187 1011.31 44.7831 9 3 0.274414 0 0.0387856
188 1008.92 43.4752 9 3 0.269531 0 0.0392437
189 1008.92 39.9413 9 3 0.257812 0 0.0388583
190 1010.79 41.6846 9 3 0.272461 0 0.0391735
191 1008.92 44.0419 10 3 0.262695 0 0.039074
192 1008.92 35.4047 9 3 0.223633 0 0.0392214
193 1009.59 42.2059 10 3 0.260742 0 0.03936
194 435.151 40.3999 9 2 0.263672 0 0.0395695
195 1008.92 36.7221 10 3 0.232422 0 0.0396447
196 1009.59 39.9476 10 3 0.259766 0 0.039217
197 1008.92 41.4304 10 3 0.267578 0 0.0393909
198 1011.31 39.3715 9 3 0.254883 0 0.0393301
199 435.151 36.1128 9 2 0.240234 0 0.0398217
200 1008.92 41.8944 10 3 0.273438 0 0.0391937
201 435.151 38.3256 9 2 0.246094 0 0.0396153
202 1005.85 38.5179 9 3 0.24707 0 0.0397575
203 1008.92 38.9552 9 3 0.256836 0 0.0396184
204 1008.92 38.3763 9 3 0.244141 0 0.0389127
205 1011.31 45.9074 10 3 0.280273 0 0.0392701
206 1011.31 43.3615 11 3 0.282227 0 0.0405328
207 1008.92 43.4584 10 3 0.27832 0 0.0396898
208 1008.92 41.4094 11 3 0.268555 0 0.0393642
209 435.151 38.8576 11 2 0.258789 0 0.0397853
210 1008.92 43.2462 10 3 0.274414 0 0.0392434
211 1008.92 43.4788 11 3 0.286133 0 0.0396047
212 1845.26 42.3679 10 4 0.266602 0 0.0397127
213 435.151 39.9484 9 2 0.269531 0 0.0393303
214 1009.59 53.0168 11 3 0.327148 0 0.0395366
215 1011.31 48.9312 12 3 0.325195 0 0.0421263
216 1010.21 46.5856 10 3 0.293945 0 0.0405897
217 1008.92 48.8702 11 3 0.323242 0 0.0411715
218 1011.31 46.9838 11 3 0.30957 0 0.0401501
219 1011.31 46.497 10 3 0.296875 0 0.0396608
220 1011.31 43.7353 11 3 0.275391 0 0.0408425
221 1008.92 44.6709 11 3 0.291016 0 0.0412136
222 1008.92 43.897 10 3 0.286133 0 0.0405383
223 1008.92 45.4885 11 3 0.295898 0 0.0400734
224 1008.92 40.3189 10 3 0.266602 0 0.0399028
225 1009.59 43.1015 10 3 0.291016 0 0.0410797
226 1008.92 44.6332 11 3 0.295898 0 0.0411721
227 1010.21 45.1668 10 3 0.294922 0 0.0404368
228 1008.92 43.0838 11 3 0.291016 0 0.0406051
229 1008.92 43.4473 9 3 0.273438 0 0.0400002
230 435.151 44.3457 9 2 0.291992 0 0.0410886
231 435.151 46.9082 11 2 0.3125 0 0.0406693
232 1008.92 46.7053 11 3 0.299805 0 0.0411909
233 1008.92 46.5686 11 3 0.311523 0 0.0406093
234 1009.59 46.4474 10 3 0.289062 0 0.0408385
235 435.151 45.6567 12 2 0.30957 0 0.041612
236 435.151 46.6968 12 2 0.301758 0 0.0418668
237 1008.92 45.1832 11 3 0.291016 0 0.040758
238 1009.59 48.2714 12 3 0.313477 0 0.0404889
239 1011.31 44.9062 11 3 0.291016 0 0.0406784
240 1011.31 47.3905 11 3 0.299805 0 0.0406746
241 1008.92 44.7194 12 3 0.296875 0 0.0420009
242 1008.92 47.4328 11 3 0.294922 0 0.040867
243 1008.92 49.3582 12 3 0.324219 0 0.0407791
244 1010.21 48.0489 12 3 0.31543 0 0.0415165
245 1011.31 45.7825 12 3 0.295898 0 0.0418879
246 435.151 45.6561 12 2 0.3125 0 0.0405469
247 435.151 47.7747 12 2 0.307617 0 0.0417517
248 1008.92 51.7443 11 3 0.328125 0 0.0403132
249 1012.18 48.3059 12 3 0.31543 0 0.0405623
250 1008.92 43.9737 9 3 0.277344 0 0.0398433
251 1009.59 54.1415 12 3 0.344727 0 0.0405504
252 435.151 44.8629 11 2 0.303711 0 0.0412008
253 1011.31 46.2633 12 3 0.296875 0 0.0411071
254 1008.92 42.0282 12 3 0.27832 0 0.041111
255 1010.79 46.7853 11 3 0.297852 0 0.0406224
256 1009.59 52.0743 12 3 0.336914 0 0.0406034
257 1008.92 44.0051 11 3 0.290039 0 0.0404283
258 1008.92 46.4677 12 3 0.305664 0 0.0410733
259 1011.31 54.1485 13 3 0.349609 0 0.0408893
260 1008.92 47.485 12 3 0.308594 0 0.0407624
261 435.151 43.6646 11 2 0.289062 0 0.0404945
262 1011.31 47.1273 12 3 0.304688 0 0.0407135
263 1010.79 47.1458 12 3 0.296875 0 0.040805
264 435.151 47.1441 12 2 0.313477 0 0.0409628
265 1843.9 46.1746 12 4 0.301758 0 0.0414243
266 1008.92 51.288 12 3 0.332031 0 0.0409135
267 975.061 52.8374 13 3 0.342773 0 0.0415551
268 1011.31 47.1652 12 3 0.307617 0 0.0411569
269 1004.1 50.1235 13 3 0.325195 0 0.041105
270 1008.21 44.2102 12 3 0.280273 0 0.0416837
271 435.151 48.393 12 2 0.319336 0 0.0415743
272 1008.92 44.4576 12 3 0.295898 0 0.0411201
273 1011.31 54.6676 13 3 0.345703 0 0.0411935
274 1843.9 50.1042 12 4 0.319336 0 0.0416402
275 1008.92 53.4034 13 3 0.349609 0 0.0415586
276 1843.9 52.2729 13 4 0.337891 0 0.0442928
277 1008.92 48.0371 13 3 0.323242 0 0.041671
278 1009.59 52.8247 13 3 0.339844 0 0.0414792
279 1008.92 46.3249 13 3 0.308594 0 0.0415241
280 1011.31 46.4446 11 3 0.298828 0 0.0409589
281 1008.92 50.747 13 3 0.338867 0 0.0414125
282 1008.92 47.3998 13 3 0.307617 0 0.0411994
283 1008.92 46.6466 12 3 0.30957 0 0.0414326
284 1843.9 52.0792 13 4 0.323242 0 0.0415609
285 1011.31 50.0944 13 3 0.316406 0 0.0416337
286 1843.9 52.0435 13 4 0.339844 0 0.0418501
287 435.151 47.2772 12 2 0.311523 0 0.0410885
288 435.151 46.8925 13 2 0.3125 0 0.0415013
289 435.151 49.0587 13 2 0.327148 0 0.0411709
290 1010.21 50.779 13 3 0.331055 0 0.0418769
291 1008.92 48.978 13 3 0.330078 0 0.0417628
292 1010.21 49.6935 13 3 0.319336 0 0.0416092
293 1011.78 49.6804 13 3 0.318359 0 0.0418276
294 435.151 48.6195 13 2 0.323242 0 0.0417394
295 1848.92 55.3402 13 4 0.357422 0 0.0414575
296 1008.92 49.2353 13 3 0.328125 0 0.0415444
297 1009.59 48.4466 13 3 0.30957 0 0.0418927
298 435.151 45.6502 13 2 0.313477 0 0.0421376
299 1008.92 53.0783 13 3 0.347656 0 0.0428919
300 1008.92 49.1273 13 3 0.319336 0 0.0422761
301 1843.9 53.5189 13 4 0.342773 0 0.0420459
302 435.151 51.2679 13 2 0.34082 0 0.0419554
303 1007.46 47.7775 13 3 0.317383 0 0.0418533
304 1008.92 52.1916 13 3 0.338867 0 0.0418421
305 1005.85 53.2844 13 3 0.338867 0 0.0421168
306 1011.31 54.3294 13 3 0.339844 0 0.0419666
307 1008.92 51.8362 13 3 0.347656 0 0.0423338
308 1008.92 44.518 12 3 0.296875 0 0.0414766
309 1008.92 48.0507 13 3 0.31543 0 0.041457
310 1008.92 51.7456 13 3 0.342773 0 0.0416319
311 1008.92 52.4428 13 3 0.338867 0 0.0417726
312 1008.92 50.302 13 3 0.323242 0 0.0412093
313 1012.18 54.5517 13 3 0.334961 0 0.0416552
314 435.151 50.6747 13 2 0.341797 0 0.0416267
315 1011.31 50.7198 13 3 0.329102 0 0.0420138
316 1011.31 49.8755 13 3 0.329102 0 0.0417934
317 1011.31 46.4317 13 3 0.317383 0 0.0423143
318 1008.92 51.7838 13 3 0.341797 0 0.0418944
319 1011.31 48.1656 13 3 0.31543 0 0.0417577
320 1007.46 50.6929 13 3 0.341797 0 0.0418145
321 1827.51 55.4902 13 4 0.358398 0 0.0422466
322 1008.92 54.8876 13 3 0.348633 0 0.042026
323 1008.92 50.1727 13 3 0.326172 0 0.0420477
324 435.151 50.8466 13 2 0.333984 0 0.0418655
325 1008.92 51.4319 13 3 0.333984 0 0.0419449
326 1011.31 53.3035 13 3 0.345703 0 0.0421768
327 1008.92 54.3731 13 3 0.354492 0 0.0417875
328 1008.92 53.4213 13 3 0.348633 0 0.0418739
329 435.151 49.9866 13 2 0.339844 0 0.0419718
330 1009.59 50.6333 13 3 0.335938 0 0.0417321
331 1008.92 51.4895 13 3 0.350586 0 0.0414608
332 1011.31 49.588 13 3 0.316406 0 0.0414994
333 1843.9 51.6559 13 4 0.321289 0 0.0418028
334 1008.92 54.8269 13 3 0.353516 0 0.0416975
335 1008.92 52.5442 13 3 0.348633 0 0.0417618
336 1008.92 53.2687 13 3 0.338867 0 0.0418553
337 435.151 46.9325 13 2 0.31543 0 0.0420268
338 1008.92 46.4507 13 3 0.304688 0 0.0424509
339 435.151 51.7136 13 2 0.327148 0 0.0417905
340 1008.92 52.087 13 3 0.349609 0 0.0416948
341 1008.92 50.0489 13 3 0.329102 0 0.0420046
342 1009.59 48.2779 13 3 0.331055 0 0.0423176
343 995.918 52.1688 13 3 0.34375 0 0.0420685
344 1008.92 51.303 13 3 0.335938 0 0.0421795
345 1011.31 57.4606 13 3 0.375 0 0.042077
346 1011.31 51.005 13 3 0.338867 0 0.0415636
347 1008.92 53.2072 13 3 0.349609 0 0.0419681
348 1011.31 50.9606 13 3 0.330078 0 0.0420379
349 1011.31 52.6151 13 3 0.326172 0 0.0422452
350 1011.31 58.5107 13 3 0.359375 0 0.0426913
351 1011.31 52.8595 13 3 0.34668 0 0.0428109
352 1009.59 53.6867 13 3 0.348633 0 0.0421379
353 1008.92 50.0652 13 3 0.330078 0 0.042306
354 1010.21 50.675 13 3 0.320312 0 0.0427953
355 1006.68 51.8584 13 3 0.327148 0 0.0425252
356 435.151 53.5068 13 2 0.350586 0 0.0422526
357 1008.92 47.1946 13 3 0.30957 0 0.0422878
358 1011.78 55.3737 13 3 0.350586 0 0.0426842
359 1004.1 46.6691 13 3 0.30957 0 0.0432906
360 1008.92 52.6491 13 3 0.342773 0 0.0418075
361 1008.92 54.5811 13 3 0.353516 0 0.0427136
362 1008.92 53.0996 13 3 0.339844 0 0.0431469
363 435.151 45.1441 13 2 0.299805 0 0.0430967
364 1008.21 54.0918 13 3 0.348633 0 0.0430562
365 1008.92 57.2937 13 3 0.354492 0 0.0437216
366 1007.46 50.9966 13 3 0.325195 0 0.0437303
367 1008.92 52.2827 13 3 0.331055 0 0.043927
368 1009.59 53.3245 13 3 0.334961 0 0.0435785
369 1010.21 53.3414 13 3 0.353516 0 0.044701
370 1011.31 53.4653 13 3 0.34668 0 0.0446813
371 1008.92 59.1267 13 3 0.364258 0 0.0447219
372 1010.21 53.2263 13 3 0.332031 0 0.0449995
373 1831.15 52.3312 13 4 0.323242 0 0.0447319
374 1008.92 54.1447 13 3 0.355469 0 0.045832
375 1843.9 61.2023 13 4 0.376953 0 0.0459421
376 1011.31 56.6891 13 3 0.352539 0 0.0456571
377 1011.31 62.2582 13 3 0.389648 0 0.0452152
378 1008.92 57.8477 14 3 0.364258 0 0.0459853
379 1843.9 56.9547 14 4 0.34668 0 0.046262
380 1009.59 61.7551 15 3 0.384766 0 0.0462869
381 1007.46 56.3448 15 3 0.356445 0 0.0466662
382 1004.1 59.2685 15 3 0.357422 0 0.0467154
383 1823.71 61.2982 15 4 0.37793 0 0.0470819
384 1000.23 61.9796 15 3 0.385742 0 0.0465688
385 1011.78 63.5672 15 3 0.383789 0 0.0477603
386 1841.02 61.2514 15 4 0.37207 0 0.0478243
387 1008.92 69.0125 17 3 0.427734 0 0.0481086
388 1010.21 65.2341 15 3 0.400391 0 0.0481587
389 1011.31 57.0931 15 3 0.367188 0 0.0488671
390 1008.21 74.9084 17 3 0.43457 0 0.050849
391 1005.85 63.2306 15 3 0.389648 0 0.0505722
392 1008.92 69.0725 17 3 0.410156 0 0.0496914
393 1008.92 63.5507 15 3 0.395508 0 0.0493612
394 1009.59 68.2249 17 3 0.411133 0 0.0512666
395 1012.52 71.3263 17 3 0.430664 0 0.0501376
396 1011.78 72.0523 17 3 0.438477 0 0.0517006
397 1010.21 70.7931 17 3 0.43457 0 0.0497087
398 1832.91 77.4285 17 4 0.452148 0 0.0498065
399 1011.31 68.2012 17 3 0.405273 0 0.0510611
400 1798.09 79.4734 18 4 0.456055 0 0.052449
401 1004.1 69.9667 17 3 0.419922 0 0.0534497
402 1836.29 75.8047 18 4 0.436523 0 0.0539414
403 1827.51 79.0204 17 4 0.443359 0 0.0515114
404 1841.02 76.2379 18 4 0.441406 0 0.0546489
405 1837.92 75.0751 17 4 0.418945 0 0.0564084
406 1831.15 81.0898 17 4 0.4375 0 0.0548106
407 1843.9 80.6404 18 4 0.457031 0 0.0539847
408 2909.97 80.2274 19 5 0.467773 0 0.0553474
409 1008.92 78.7514 18 3 0.439453 0 0.0547489
410 1807.12 83.3555 18 4 0.454102 0 0.0547658
411 1004.1 83.7002 20 3 0.486328 0 0.0576116
412 1819.76 76.2251 19 4 0.43457 0 0.0578848
413 1791.02 82.6035 21 4 0.475586 0 0.0589616
414 1007.46 87.5099 21 3 0.483398 0 0.058822
415 1819.76 92.5873 21 4 0.495117 0 0.0577852
416 1819.76 92.2468 23 4 0.505859 0 0.0603213
417 2799.41 88.5187 23 5 0.490234 0 0.0610026
418 1006.68 94.2757 25 3 0.52832 0 0.0599715
419 1837.92 95.0432 25 4 0.520508 0 0.0598801
420 1841.02 94.0751 23 4 0.503906 0 0.0618162
421 1006.68 89.338 23 3 0.492188 0 0.0613747
422 1831.15 90.7993 25 4 0.503906 0 0.0626343
423 2849.48 101.946 26 5 0.518555 0 0.063183
424 1811.47 99.1631 25 4 0.53418 0 0.0640576
425 1829.35 94.7725 24 4 0.501953 0 0.0652095
426 1831.15 91.3917 27 4 0.506836 0 0.0637086
427 1007.46 91.598 25 3 0.490234 0 0.0653874
428 1832.91 96.7213 28 4 0.508789 0 0.0663789
429 2929.99 99.5528 27 5 0.521484 0 0.0658808
430 1795.76 95.2871 27 4 0.517578 0 0.0662538
431 1809.31 102.432 30 4 0.540039 0 0.0677374
432 2887.84 108.229 31 5 0.558594 0 0.0703037
433 1829.35 108.935 32 4 0.553711 0 0.0702932
434 1788.61 95.0117 28 4 0.509766 0 0.0702136
435 2915.92 108.167 33 5 0.551758 0 0.0701459
436 1819.76 101.734 35 4 0.547852 0 0.0713231
437 1823.71 102.01 31 4 0.530273 0 0.0713478
438 2884.52 112.401 34 5 0.577148 0 0.0730505
439 2909.97 106.244 31 5 0.530273 0 0.0719058
440 1798.09 108.345 33 4 0.55957 0 0.071661
441 1793.4 96.5317 31 4 0.511719 0 0.0738055
442 1008.21 105.702 37 3 0.549805 0 0.0743107
443 1819.76 96.0597 35 4 0.518555 0 0.0776339
444 1834.62 109.61 39 4 0.567383 0 0.0767713
445 1825.63 110.106 38 4 0.576172 0 0.0776874
446 1819.76 107.878 33 4 0.549805 0 0.0747671
447 1819.76 110.745 41 4 0.577148 0 0.0756199
448 1005.85 94.965 34 3 0.523438 0 0.0756732
449 1783.71 101.784 35 4 0.53125 0 0.0752097
450 1819.76 107.483 36 4 0.554688 0 0.0773582
451 2842.09 111.744 41 5 0.567383 0 0.0781517
452 1802.66 106.4 41 4 0.550781 0 0.0804701
453 2842.09 103.74 39 5 0.535156 0 0.0800346
454 1845.26 127.558 37 4 0.601562 0 0.0789514
455 1802.66 111.246 36 4 0.571289 0 0.0780833
456 1832.91 111.85 43 4 0.581055 0 0.0790208
457 2877.78 114.283 37 5 0.587891 0 0.0790126
458 1768.44 110.922 39 4 0.563477 0 0.0800201
459 1815.68 119.765 37 4 0.569336 0 0.0801208
460 1831.15 107.141 45 4 0.569336 0 0.0843002
461 1771.04 103.464 43 4 0.558594 0 0.0771656
462 1811.47 115.459 48 4 0.591797 0 0.0795437
463 1823.71 113.149 43 4 0.574219 0 0.0784767
464 1757.8 106.801 49 4 0.576172 0 0.0780423
465 2937.8 112.685 47 5 0.582031 0 0.0772208
466 1811.47 115.334 51 4 0.601562 0 0.0799898
467 1811.47 111.578 57 4 0.598633 0 0.0816866
468 1008.92 111.117 45 3 0.582031 0 0.0826592
469 1827.51 117.194 51 4 0.606445 0 0.0831827
470 1788.61 119.28 101 4 0.637695 0 0.0802234
471 2783.1 117.673 50 5 0.59375 0 0.0790214
472 2799.41 114.32 41 5 0.560547 0 0.079389
473 1778.72 115.141 45 4 0.574219 0 0.0857608
474 1811.47 127.732 49 4 0.623047 0 0.0844967
475 1804.91 117.794 60 4 0.621094 0 0.0833522
476 1825.63 123.561 53 4 0.623047 0 0.0865949
477 1827.51 132.908 53 4 0.639648 0 0.0857799
478 1831.15 123.71 57 4 0.625 0 0.0889097
479 2838.35 128.478 49 5 0.609375 0 0.0842449
480 5897.15 136.065 101 7 0.661133 0 0.0893829
481 1802.66 111.421 51 4 0.585938 0 0.082793
482 2915.92 133.161 52 5 0.633789 0 0.0833369
483 1837.92 122.779 52 4 0.608398 0 0.0832938
484 1819.76 127.06 53 4 0.625 0 0.0837984
485 1836.29 117.448 62 4 0.608398 0 0.086506
486 2778.96 119.527 54 5 0.608398 0 0.0815132
487 1831.15 113.312 53 4 0.591797 0 0.0824412
488 1817.74 113.878 51 4 0.588867 0 0.0834556
489 4220.53 130.373 101 6 0.648438 0 0.0916053
490 2903.85 132.54 61 5 0.641602 0 0.0824415
491 1819.76 117.499 53 4 0.613281 0 0.0835635
492 2757.91 119.398 64 5 0.617188 0 0.0849627
493 1788.61 121.78 101 4 0.646484 0 0.0834297
494 2903.85 117.468 57 5 0.603516 0 0.0872585
495 2867.41 128.288 105.663 5 0.654297 1 0.0865222
496 1815.68 119.761 52 4 0.603516 0 0.0834462
497 1834.62 132.465 70 4 0.647461 0 0.0846721
498 1783.71 112.798 57 4 0.586914 0 0.0870634
499 1793.4 123.969 48 4 0.600586 0 0.0864325
500 1839.49 125.744 101 4 0.625 0 0.0879618
501 1807.12 125.586 101 4 0.647461 0 0.0877151
502 1831.15 132.538 101 4 0.65332 0 0.0829216
503 1827.51 125.927 101 4 0.646484 0 0.0840365
504 1813.59 122.173 53 4 0.615234 0 0.0842607
505 2529.99 132.722 76 5 0.655273 0 0.0825984
506 1827.51 132.031 67 4 0.642578 0 0.0826225
507 1798.09 120.183 51 4 0.585938 0 0.087965
508 1831.15 110.957 60 4 0.582031 0 0.0881121
509 1829.35 126.325 54 4 0.616211 0 0.0874116
510 2912.97 128.301 101 5 0.649414 0 0.0906863
511 2909.97 123.498 51 5 0.601562 0 0.08612
512 2918.83 135.752 101 5 0.668945 0 0.0903543
513 4196.4 143.08 103.594 6 0.699219 1 0.0875946
514 2903.85 132.466 55 5 0.652344 0 0.0842281
515 1832.91 137.571 106.93 4 0.693359 1 0.0821334
516 1819.76 128.811 59 4 0.643555 0 0.0852079
517 1823.71 126.83 106.93 4 0.664062 1 0.0834698
518 1807.12 124.39 72 4 0.645508 0 0.0819743
519 1807.12 128.794 53 4 0.626953 0 0.0831214
520 1807.12 132.112 68 4 0.658203 0 0.0853019
521 2774.8 141.862 70 5 0.670898 0 0.0840334
522 2803.43 133.985 107.538 5 0.68457 1 0.0865619
523 1811.47 146.946 107.538 4 0.709961 1 0.0850859
524 2921.69 135.38 105.663 5 0.673828 1 0.0853592
525 1827.51 128.152 106.93 4 0.666016 1 0.0842781
526 1829.35 143.75 107.538 4 0.711914 1 0.0830138
527 2842.09 136.249 109.275 5 0.708984 1 0.0828968
528 1815.68 129.276 101 4 0.658203 0 0.0827025
529 2867.41 143.754 106.306 5 0.693359 1 0.0852217
530 1817.74 137.482 76 4 0.677734 0 0.0833083
531 1802.66 124.976 101 4 0.649414 0 0.0820316
532 7953.7 154.859 105 8 0.706055 1 0.0859559
533 1825.63 139.146 106.93 4 0.699219 1 0.0857793
534 1815.68 135.174 107.538 4 0.691406 1 0.0823317
535 2927.27 128.348 53 5 0.625 0 0.0813075
536 4102.47 139.763 106.93 6 0.689453 1 0.0825577
537 2912.97 127.78 53 5 0.626953 0 0.083488
538 1825.63 139.499 105 4 0.693359 1 0.0863232
539 4215.78 142.43 107.538 6 0.703125 1 0.0823117
540 1837.92 135.195 106.93 4 0.680664 1 0.0860519
541 1783.71 125.599 62 4 0.643555 0 0.0844109
542 2740.66 136.353 70 5 0.664062 0 0.0864205
543 2903.85 144.461 105 5 0.692383 1 0.0858367
544 1823.71 129.063 58 4 0.655273 0 0.085535
545 1827.51 136.477 107.538 4 0.689453 1 0.0850367
546 2881.17 134.828 64 5 0.667969 0 0.0806875
547 2811.38 142.618 57 5 0.686523 0 0.0847218
548 1819.76 130.872 101 4 0.661133 0 0.0875976
549 1832.91 135.552 109.829 4 0.706055 1 0.0843125
550 1793.4 133.604 107.538 4 0.682617 1 0.0853668
551 2834.58 133.091 58 5 0.644531 0 0.0869427
552 2894.36 131.634 103.594 5 0.666016 1 0.0842227
553 1829.35 139.023 101 4 0.679688 0 0.087914
554 1831.15 133.296 108.13 4 0.682617 1 0.0853256
555 4248.17 145.775 110.371 6 0.724609 1 0.0848327
556 2811.38 132.814 106.306 5 0.672852 1 0.0883358
557 1807.12 132.799 76 4 0.670898 0 0.0880403
558 4229.91 138.009 76 6 0.669922 0 0.090032
559 4091.41 136.517 109.829 6 0.688477 1 0.0897235
560 4181.49 140.893 107.538 6 0.693359 1 0.0871452
561 1809.31 137.859 107.538 4 0.688477 1 0.0873704
562 2853.13 149.406 109.829 5 0.731445 1 0.089239
563 1831.15 137.697 102.835 4 0.670898 1 0.0899131
564 1839.49 122.948 60 4 0.631836 0 0.0878806
565 1837.92 150.361 109.275 4 0.735352 1 0.0858762
566 1837.92 137.216 72 4 0.677734 0 0.0898368
567 2860.33 149.983 107.538 5 0.711914 1 0.0884969
568 2915.92 150.808 108.13 5 0.725586 1 0.0890353
569 2887.84 148.799 107.538 5 0.71875 1 0.0883626
570 2856.74 142.233 108.13 5 0.704102 1 0.0872113
571 1811.47 148.533 107.538 4 0.714844 1 0.0882253
572 2909.97 143.48 107.538 5 0.686523 1 0.0887041
573 4261.42 142.909 104.312 6 0.693359 1 0.0878011
574 1829.35 141.294 107.538 4 0.698242 1 0.0896568
575 2912.97 155.654 109.829 5 0.756836 1 0.0901315
576 2863.89 143.878 106.306 5 0.702148 1 0.0914541
577 1845.26 137.283 106.306 4 0.681641 1 0.0941665
578 4118.83 151.947 109.829 6 0.737305 1 0.0883335
579 1804.91 134.29 54 4 0.651367 0 0.09134
580 1783.71 148.878 109.275 4 0.725586 1 0.0929271
581 2834.58 141.94 72 5 0.682617 0 0.0872525
582 1827.51 138.38 75 4 0.680664 0 0.0919964
583 2783.1 139.52 106.93 5 0.693359 1 0.0866808
584 1768.44 121.528 61 4 0.629883 0 0.0853714
585 2891.12 133.975 106.93 5 0.674805 1 0.0885595
586 4206.17 140.226 107.538 6 0.691406 1 0.0889814
587 1829.35 139.168 76 4 0.682617 0 0.0913278
588 2778.96 140.179 105.663 5 0.688477 1 0.08677
589 2906.93 136.679 66 5 0.670898 0 0.0884696
590 1798.09 137.098 108.13 4 0.693359 1 0.0895737
591 1800.39 139.485 107.538 4 0.707031 1 0.0911069
592 2915.92 134.893 105 5 0.668945 1 0.0893916
593 1813.59 149.521 108.709 4 0.725586 1 0.0908594
594 4171.38 151.604 109.829 6 0.72168 1 0.0893337
595 1825.63 146.223 107.538 4 0.709961 1 0.090256
596 2929.99 145.682 101 5 0.695312 0 0.0890286
597 1815.68 134.821 109.275 4 0.69043 1 0.0887772
598 1832.91 138.624 107.538 4 0.699219 1 0.0895875
599 1834.62 149.482 108.13 4 0.726562 1 0.0920097
600 1809.31 139.846 105.663 4 0.694336 1 0.0896428
601 2884.52 143.041 109.275 5 0.710938 1 0.0869046
602 1831.15 143.919 105 4 0.695312 1 0.0871115
603 2807.41 151.616 108.709 5 0.730469 1 0.0881193
604 1720.96 127.317 106.93 4 0.661133 1 0.0907386
605 1815.68 136.669 106.306 4 0.681641 1 0.0881851
606 2881.17 143.681 106.93 5 0.699219 1 0.0928334
607 1819.76 132.493 107.538 4 0.678711 1 0.0896715
608 2894.36 150.993 107.538 5 0.72168 1 0.0903737
609 1807.12 137.285 106.93 4 0.6875 1 0.0895418
610 1821.75 141.401 107.538 4 0.695312 1 0.0868879
611 2932.65 138.023 106.93 5 0.686523 1 0.084653
612 1804.91 129.852 60 4 0.657227 0 0.0844019
613 1836.29 134.511 108.709 4 0.694336 1 0.0862886
614 2906.93 149.476 106.306 5 0.714844 1 0.0884709
615 1837.92 140.823 106.93 4 0.705078 1 0.0851218
616 1819.76 131.892 101 4 0.670898 0 0.0840626
617 2877.78 138.264 107.538 5 0.695312 1 0.0853342
618 2891.12 143.249 109.829 5 0.71582 1 0.0854694
619 1817.74 140.02 108.13 4 0.701172 1 0.0857293
620 1821.75 139.177 105.663 4 0.686523 1 0.0894935
621 2849.48 143.128 76 5 0.686523 0 0.0863276
622 1841.02 137.82 109.829 4 0.708984 1 0.088195
623 1827.51 134.836 109.275 4 0.69043 1 0.0882399
624 2830.78 157.798 109.829 5 0.743164 1 0.0880858
625 1760.49 134.159 68 4 0.65918 0 0.0882163
626 2884.52 160.592 109.829 5 0.763672 1 0.091395
627 2915.92 142.388 109.829 5 0.712891 1 0.0866678
628 2927.27 149.699 107.538 5 0.716797 1 0.0900978
629 2834.58 139.529 104.312 5 0.677734 1 0.0858807
630 2727.49 142.739 107.538 5 0.704102 1 0.0859936
631 4145.5 149.362 107.538 6 0.708984 1 0.0907496
632 4282.57 151.152 109.829 6 0.735352 1 0.0855567
633 1821.75 136.354 101 4 0.682617 0 0.0840643
634 1815.68 135.229 107.538 4 0.685547 1 0.0858782
635 2887.84 136.2 101 5 0.673828 0 0.0849477
636 1778.72 137.805 109.275 4 0.712891 1 0.0840877
637 2826.95 150.717 109.829 5 0.732422 1 0.0881235
638 2903.85 152.851 109.829 5 0.733398 1 0.0890761
639 1760.49 140.412 108.709 4 0.706055 1 0.0870956
640 1829.35 144.866 109.275 4 0.71875 1 0.0855682
641 1744.03 130.608 106.93 4 0.678711 1 0.0820412
642 2762.17 132.245 101 5 0.668945 0 0.0880138
643 1815.68 140.266 63 4 0.678711 0 0.0838833
644 1811.47 132.077 106.306 4 0.671875 1 0.091247
645 2887.84 147.18 109.829 5 0.724609 1 0.0863676
646 4220.53 156.677 105.663 6 0.717773 1 0.0924204
647 7671.02 159.597 105 8 0.722656 1 0.0905042
648 2884.52 144.573 108.709 5 0.719727 1 0.0895265
649 1831.15 134.785 65 4 0.665039 0 0.0876832
650 1802.66 135.306 85 4 0.667969 0 0.0911637
651 3815.97 158.007 110.371 6 0.757812 1 0.0888989
652 4220.53 160.418 109.275 6 0.75 1 0.0924328
653 2867.41 149.642 109.275 5 0.712891 1 0.0985646
654 2877.78 138.86 107.538 5 0.686523 1 0.0956723
655 5861.24 163.169 110.371 7 0.776367 1 0.0940371
656 2906.93 141.245 109.275 5 0.712891 1 0.0955897
657 2870.9 144.22 108.709 5 0.711914 1 0.095493
658 1815.68 153.487 108.13 4 0.738281 1 0.0972973
659 1809.31 138.743 110.371 4 0.727539 1 0.0964567
660 3842.3 142.866 109.829 6 0.703125 1 0.0946695
661 2696.01 142.336 109.275 5 0.708984 1 0.0969921
662 5660.3 175.999 110.903 7 0.777344 1 0.0978256
663 2870.9 160.281 101 5 0.717773 0 0.0985491
664 2877.78 147.908 107.538 5 0.706055 1 0.0963862
665 5390.29 141.197 109.829 7 0.706055 1 0.0981597
666 1836.29 166.255 107.538 4 0.754883 1 0.100553
667 5730.85 160.431 109.829 7 0.739258 1 0.0917813
668 2891.12 154.898 108.13 5 0.736328 1 0.0968858
669 3484.36 142.172 101 6 0.682617 0 0.098704
670 2903.85 153.963 101 5 0.700195 0 0.0955534
671 1804.91 135.752 107.538 4 0.68457 1 0.0952615
672 1827.51 145.009 108.13 4 0.720703 1 0.0936019
673 4234.53 163.928 110.903 6 0.766602 1 0.0981872
674 2870.9 168.766 106.306 5 0.746094 1 0.100834
675 2874.36 147.653 101 5 0.695312 0 0.100689
676 2887.84 172.465 108.13 5 0.758789 1 0.0951095
677 2691.43 158.029 109.829 5 0.756836 1 0.0996331
678 2823.1 161.616 106.93 5 0.739258 1 0.0998694
679 2783.1 160.822 105.663 5 0.732422 1 0.0951186
680 5273.59 163.598 108.709 7 0.759766 1 0.0978954
681 1839.49 150.741 101 4 0.695312 0 0.0985682
682 2849.48 167.861 107.538 5 0.745117 1 0.0968122
683 2906.93 144.452 106.93 5 0.706055 1 0.103631
684 2903.85 154.133 106.306 5 0.724609 1 0.0963722
685 5723.94 163.518 109.275 7 0.74707 1 0.103748
686 5638.51 172.002 107.538 7 0.75293 1 0.0996991
687 2477.49 179.122 110.371 5 0.816406 1 0.0994554
688 4129.59 160.149 101 6 0.720703 0 0.102021
689 4016.86 165.049 109.275 6 0.750977 1 0.10208
690 2909.97 192.254 110.903 5 0.834961 1 0.106918
691 4102.47 176.776 106.93 6 0.766602 1 0.107432
692 6268.36 195.913 109.829 8 0.8125 1 0.108777
693 3906.66 175.229 105.663 6 0.767578 1 0.107584
694 5631.18 190.142 109.829 7 0.814453 1 0.113587
695 5541.02 221.854 110.903 7 0.886719 1 0.112645
696 9850.21 230.04 111.425 9 0.878906 1 0.119332
697 7265.96 218.593 107.538 8 0.836914 1 0.119577
698 5494.43 234.401 109.275 7 0.887695 1 0.118464
699 4181.49 245.524 110.903 6 0.938477 1 0.120865
700 5204.92 239.62 111.937 7 0.919922 1 0.126449
701 7236.2 249.838 108.13 8 0.90625 1 0.129347
702 6784.62 244.248 112.934 8 0.964844 1 0.122547
703 7467.02 274.398 110.903 8 0.956055 1 0.13836
704 6327.69 256.006 111.937 8 0.957031 1 0.131118
705 6904.35 248.919 112.934 8 0.984375 1 0.130358
706 5631.18 292.044 112.44 7 1.02344 1 0.135129
707 5063.53 275.688 114.366 7 1.02344 1 0.143404
708 9719.16 331.202 116.603 9 1.12598 1 0.146744
709 15118.7 356.388 116.17 11 1.1543 1 0.152178
710 7334.42 364.399 117.865 8 1.21582 1 0.148589
711 5797.97 335.367 116.17 7 1.16797 1 0.147329
712 8866.02 382.243 117.865 9 1.25391 1 0.151113
713 6136.21 395.912 118.675 8 1.27246 1 0.160136
714 15551.8 444.961 117.865 11 1.31641 1 0.153002
715 11914.1 455.182 119.462 10 1.3584 1 0.160207
716 9358.56 430.478 117.865 9 1.31543 1 0.158139
717 11826.8 460.283 119.071 10 1.36133 1 0.153392
718 15977.2 419.374 118.273 11 1.33594 1 0.159059
719 20386.9 421.338 118.273 12 1.31934 1 0.147914
720 7704.53 429.66 121.334 8 1.35254 1 0.159732
721 25308.4 488.814 120.601 13 1.44531 1 0.15738
722 9382.71 474.815 120.601 9 1.43555 1 0.153871
723 9774.39 491.442 122.047 9 1.45312 1 0.15407
724 12795.8 547.484 121.693 10 1.51172 1 0.166545
725 10080.8 580.887 127.38 10 1.58008 1 0.168404
726 27768.1 614.71 132.252 13 1.61035 1 0.168372
727 12819.9 609.598 125.024 10 1.56348 1 0.155527
728 14859.4 599.891 136.764 11 1.60645 1 0.165762
729 10932.8 670.83 136.764 10 1.73926 1 0.164608
730 27464.5 612.756 136.624 13 1.63379 1 0.179731
731 12545.3 662.979 138.675 10 1.76367 1 0.161559
732 12238.5 764.49 138.573 10 1.86426 1 0.172149
733 57000.5 793.941 138.03 15 1.82617 1 0.17986
734 15584.2 795.422 138.573 11 1.89355 1 0.182912
735 12085.4 796.274 139.408 10 1.96191 1 0.176314
736 36688.4 845.541 138.03 14 1.9209 1 0.17338
737 21169.3 887.328 354.987 12 2.00293 2 0.167041
738 11797.5 893.097 331.982 10 2.0332 2 0.174131
739 19725.7 1009.03 382.813 12 2.18359 2 0.17381
740 26391.7 998.283 407.061 13 2.1543 2 0.18594
741 27088.6 999.351 418.997 13 2.19043 2 0.183703
742 21136.3 1026.82 420.846 12 2.20801 2 0.174128
743 93209.9 1146.39 422.032 16 2.2959 2 0.173636
744 298331 1564.96 428.288 18 2.52344 2 0.185556
745 38409.1 1248.79 422.61 14 2.38477 2 0.181861
746 57686.9 1271.11 413.675 15 2.39844 2 0.198467
747 28023.6 1321.96 425.869 13 2.45605 2 0.182837
748 37076 1362.76 431.878 14 2.63965 2 0.194756
749 39057.6 1326.66 425.869 14 2.49121 2 0.187903
750 58479.2 1503.29 425.352 15 2.625 2 0.191922
751 35594.1 1399.95 430.413 14 2.61523 2 0.181664
752 39478.8 1362.72 429.6 14 2.5498 2 0.191412
753 37804.6 1515.8 428.288 14 2.66895 2 0.192915
754 38550.7 1608.42 431.878 14 2.80371 2 0.206411
755 37951.7 1610.56 429.6 14 2.77051 2 0.193603
756 38242.1 1711.64 433.114 14 2.90723 2 0.193025
757 58219.1 1859.38 433.114 15 2.93457 2 0.194226
758 94582.3 2005.4 433.114 16 3.00488 2 0.198722
759 162819 2125.5 434.294 17 3.09863 2 0.204173
760 298331 2486.46 433.384 18 3.16211 2 0.228804
761 55057.2 2152.47 725.755 15 3.22852 3 0.220332
762 160974 2643.2 725.755 17 3.35254 3 0.224245
763 563152 2795.24 733.702 19 3.30078 3 0.224888
764 293472 3257.9 918.682 18 3.50879 3 0.222016
765 296429 3808.76 892.687 18 3.65234 3 0.220864
766 561598 4025.24 962.849 19 3.74023 3 0.236469
767 566630 4740.91 751.996 19 3.58691 3 0.239093
768 561971 3920.04 826.202 19 3.55859 3 0.22706
769 299615 4281.82 961.25 18 4.02637 3 0.253275
770 1.09404e+06 6994.69 959.636 20 3.94043 3 0.23466
771 2.14902e+06 8393.47 983.489 21 4.25977 3 0.250508
772 1.09552e+06 10452.7 995.918 20 4.45703 3 0.283312
773 1.09618e+06 8146.25 1628.13 20 4.57812 4 0.259306
774 8.44419e+06 16077.7 1696.71 23 4.93457 4 0.283313
775 4.25062e+06 14879.9 1757.8 22 5.10449 4 0.297448
776 1.34299e+08 145910 1732.64 27 4.96582 4 0.284433
777 1.68424e+07 59369.9 2696.01 24 5.74512 5 0.312657
778 1.68446e+07 71878.1 2524.81 24 5.64648 5 0.314892
779 3.36219e+07 132322 2731.9 25 5.97852 5 0.339833
780 4.29508e+09 4.25725e+06 2783.1 32 6.23828 5 0.355814
781 1.718e+10 1.82253e+07 4860.94 34 7.42188 7 0.44493
782 1.07384e+09 1.98133e+06 4649.65 30 7.22949 7 0.446911
783 4.29507e+09 6.69813e+06 5099.37 32 7.61621 7 0.44601
784 4.29508e+09 8.68089e+06 6268.36 32 8.45703 8 0.451985
785 1.07384e+09 2.66887e+06 7094.17 30 8.54297 8 0.451029
786 1.07383e+09 2.78342e+06 8706.8 30 9.11816 9 0.455262
787 4.29509e+09 1.33024e+07 7965.79 32 9.1709 9 0.457472
788 4.29509e+09 6.50633e+06 7114.77 32 8.80469 8 0.452305
789 1.07383e+09 2.35845e+06 7236.2 30 8.54785 8 0.449237
790 4.29507e+09 6.07309e+06 7420.35 32 9.01953 8 0.456021
791 8.59006e+09 1.16709e+07 7382.45 33 8.91504 8 0.470395
792 2.68514e+08 1.07465e+06 6628.42 28 8.6416 8 0.447398
793 5.36957e+08 1.7097e+06 5777.64 29 8.1416 8 0.424702
794 1.718e+10 2.12418e+07 6989.67 34 8.56934 8 0.447485
795 1.07384e+09 3.4263e+06 5710.03 30 8.33301 7 0.443132
796 4.29508e+09 8.93063e+06 5852.99 32 8.375 8 0.439931
797 1.07384e+09 3.03691e+06 5454.88 30 8.17285 7 0.432692
798 2.68522e+08 2.56083e+06 6925.82 28 8.81641 8 0.439988
799 2.14759e+09 7.41027e+06 6339.5 31 8.41992 8 0.430444
800 1.07385e+09 4.30126e+06 7216.23 30 9.03223 8 0.452797
801 3.43599e+10 3.67033e+07 7236.2 35 9.15234 8 0.4626
802 1.37439e+11 2.46756e+08 9382.71 37 10.3086 9 0.498596
803 1.718e+10 4.78957e+07 14062.9 34 11.0869 11 0.503231
804 3.43599e+10 5.60304e+07 12306.8 35 10.6855 10 0.489692
805 3.43599e+10 1.21527e+08 14946.6 35 11.5225 11 0.527182
806 1.718e+10 4.12019e+07 15254.3 34 11.1885 11 0.480761
807 3.43599e+10 6.83738e+07 12634.8 35 10.7861 10 0.472145
808 8.59005e+09 2.68834e+07 12634.8 33 10.9131 10 0.475544
809 3.43599e+10 6.74998e+07 11856 35 10.542 10 0.466203
810 2.74878e+11 2.84065e+08 12493.3 38 11.0322 10 0.488057
811 8.59006e+09 3.68075e+07 14449.5 33 11.1514 11 0.507216
812 6.87196e+10 1.11595e+08 12387.6 36 11.0391 10 0.487837
813 3.43599e+10 6.37098e+07 15135.8 35 11.2734 11 0.511022
814 1.718e+10 4.31028e+07 13549.9 34 10.9893 11 0.478908
815 2.19902e+12 2.24479e+09 16245.3 41 11.5928 11 0.521818
816 1.37439e+11 1.71801e+08 14718.5 37 11.085 11 0.510172
817 6.87196e+10 9.01716e+07 14753.9 36 11.3438 11 0.503923
818 2.1476e+09 1.69835e+07 14340.2 31 11.3057 11 0.519544
819 1.37439e+11 1.61264e+08 11634.1 37 10.918 10 0.528025
820 8.59006e+09 4.01732e+07 12759.3 33 11.0469 10 0.502774
821 8.59005e+09 3.07812e+07 11156.4 33 10.6309 10 0.488415
822 1.718e+10 3.15523e+07 11140.6 34 10.4512 10 0.483959
823 3.43599e+10 8.34919e+07 12519.4 35 10.998 10 0.479632
824 8.59006e+09 2.87425e+07 12480.2 33 11.0303 10 0.491103
825 6.87196e+10 1.60695e+08 15033 36 11.2334 11 0.487731
826 1.718e+10 3.84361e+07 12831.9 34 11.0859 10 0.462226
827 1.37439e+11 2.04055e+08 12293.2 37 10.9619 10 0.481804
828 8.59006e+09 3.98567e+07 12634.8 33 10.8721 10 0.489428
829 4.29509e+09 3.083e+07 12224.8 32 11.1406 10 0.514384
830 4.29508e+09 2.40123e+07 11942.9 32 10.752 10 0.477056
831 3.43599e+10 1.19547e+08 12347.3 35 10.832 10 0.471868
832 6.87196e+10 8.125e+07 9617.6 36 10.4209 9 0.450244
833 6.87196e+10 9.79225e+07 14025.5 36 11.3545 11 0.495912
834 1.718e+10 7.63009e+07 9406.74 34 10.377 9 0.496466
835 1.37439e+11 1.68446e+08 14981.3 37 11.1807 11 0.485322
836 1.718e+10 5.05464e+07 9594.67 34 10.249 9 0.459792
837 2.74878e+11 3.30739e+08 9322.12 38 9.95117 9 0.439657
838 3.43599e+10 6.85438e+07 9640.4 35 10.4375 9 0.471257
839 5.49756e+11 5.57384e+08 12099.5 39 11.0986 10 0.514532
840 4.29509e+09 4.85178e+07 14841.9 32 11.8818 11 0.543806
841 3.43599e+10 1.67038e+08 15371.2 35 11.917 11 0.537294
842 1.718e+10 5.38633e+07 15404.3 34 11.6816 11 0.5032
843 2.74878e+11 3.82793e+08 12506.4 38 11.6025 10 0.524868
844 3.43599e+10 6.97783e+07 19628 35 11.8447 12 0.52583
845 1.718e+10 5.07729e+07 13453 34 11.3135 11 0.491328
846 1.718e+10 4.91413e+07 15900.4 34 11.623 11 0.51328
847 3.43599e+10 9.68399e+07 13837 35 11.2715 11 0.494956
848 4.29508e+09 2.83369e+07 14981.3 32 11.2861 11 0.521537
849 6.87196e+10 1.5286e+08 19509.6 36 12.2207 12 0.533206
850 1.718e+10 1.50117e+08 20423.4 34 12.2275 12 0.583508
851 1.718e+10 6.71589e+07 20744.9 34 12.3545 12 0.574529
852 6.87196e+10 1.09532e+08 19509.6 36 12.2783 12 0.565833
853 1.718e+10 1.26947e+08 19842 34 12.3535 12 0.575339
854 1.37439e+11 2.24211e+08 18138.8 37 11.8643 12 0.549173
855 8.59006e+09 7.01134e+07 20313.5 33 12.3945 12 0.537375
856 1.718e+10 1.05841e+08 21119.8 34 12.5713 12 0.552188
857 2.19902e+12 2.2404e+09 25308.4 41 12.8477 13 0.568679
858 1.718e+10 6.40013e+07 20295.1 34 12.1455 12 0.534064
859 6.87196e+10 2.00296e+08 26098.8 36 12.7227 13 0.532389
860 2.74878e+11 4.09174e+08 27299 38 13.1172 13 0.546545
861 6.87196e+10 3.03016e+08 26502.8 36 13.0293 13 0.536157
862 6.87196e+10 1.55892e+08 20014.2 36 12.4199 12 0.525155
863 6.87196e+10 2.33071e+08 21683.7 36 12.4766 12 0.541178
864 2.74878e+11 5.0597e+08 25915.9 38 12.749 13 0.535938
865 3.43599e+10 1.30401e+08 35892.5 35 13.1611 14 0.581214
866 3.43599e+10 1.1735e+08 25731.1 35 12.6113 13 0.547067
867 1.37439e+11 2.47336e+08 20127.5 37 12.2119 12 0.548058
868 5.49756e+11 5.99251e+08 26766.3 39 13.0029 13 0.556686
869 3.43599e+10 9.90241e+07 37406.1 35 13.4414 14 0.57531
870 5.49756e+11 8.0308e+08 27708.1 39 13.3291 13 0.572392
871 1.718e+10 1.0543e+08 37927.3 34 13.9453 14 0.604973
872 3.43599e+10 2.2641e+08 56378.4 35 14.3379 15 0.620744
873 1.37439e+11 2.30875e+08 90710.5 37 15.0664 16 0.64933
874 1.37439e+11 3.14895e+08 37101.6 37 13.6357 14 0.610192
875 6.87196e+10 2.24275e+08 38806.6 36 13.6543 14 0.618601
876 2.74878e+11 5.16706e+08 39303.4 38 13.9199 14 0.638266
877 1.37439e+11 2.29007e+08 37355.7 37 13.7061 14 0.627032
878 3.43599e+10 1.91846e+08 36610 35 13.6182 14 0.642054
879 1.37439e+11 3.40562e+08 37556.6 37 13.6211 14 0.632353
880 1.37439e+11 5.74321e+08 57387.7 37 14.5586 15 0.643698
881 5.49756e+11 9.43281e+08 38145.9 39 13.8906 14 0.617226
882 2.74878e+11 4.75732e+08 38024.8 38 13.7939 14 0.625687
883 2.74878e+11 3.34308e+08 35892.5 38 13.3711 14 0.625263
884 6.87196e+10 2.70286e+08 57632.8 36 14.3262 15 0.643674
885 1.37439e+11 4.22534e+08 55236.9 37 13.9639 15 0.644397
886 6.87196e+10 1.96458e+08 91856.9 36 15.0762 16 0.657544
887 5.49756e+11 1.35621e+09 56634.9 39 14.3193 15 0.671777
888 1.09951e+12 1.30956e+09 58505 40 14.5508 15 0.635816
889 1.718e+10 1.04656e+08 55207.1 34 14.0117 15 0.633676
890 5.49756e+11 6.42022e+08 26234.6 39 12.9199 13 0.608025
891 1.718e+10 9.32429e+07 91824.7 34 14.7402 16 0.663596
892 2.74878e+11 5.29791e+08 58140.2 38 14.6377 15 0.673024
893 2.74878e+11 4.01698e+08 55945.1 38 14.0371 15 0.643518
894 3.43599e+10 1.65038e+08 36557.6 35 13.5664 14 0.629185
895 3.43599e+10 1.64859e+08 38644.3 35 13.9014 14 0.656885
896 3.43599e+10 1.72531e+08 37804.6 35 13.3633 14 0.627598
897 6.87196e+10 1.78903e+08 35402.5 36 13.4795 14 0.642587
898 6.87196e+10 2.42934e+08 36740.4 36 13.2227 14 0.615532
899 3.43599e+10 2.01432e+08 37705.8 35 13.5996 14 0.634217
900 6.87196e+10 1.40254e+08 36557.6 36 13.5703 14 0.645235
901 1.718e+10 7.76261e+07 37829.2 34 13.5146 14 0.607598
902 1.718e+10 9.28627e+07 36187.4 34 13.1484 14 0.621115
903 6.87196e+10 1.43054e+08 26635.2 36 13.2842 13 0.631584
904 2.74878e+11 4.25047e+08 37229 38 13.4414 14 0.648238
905 3.43599e+10 1.25614e+08 35892.5 35 13.0684 14 0.578532
906 1.37439e+11 2.67922e+08 37456.4 37 13.6533 14 0.623229
907 6.87196e+10 1.20809e+08 37705.8 36 13.501 14 0.643731
908 3.43599e+10 1.40825e+08 39102.7 35 14.167 14 0.63672
909 3.43599e+10 1.87545e+08 54572.6 35 14.1797 15 0.646673
910 2.74878e+11 3.8797e+08 27088.6 38 13.0117 13 0.63757
911 1.37439e+11 2.61165e+08 27194.3 37 13.3135 13 0.627669
912 2.74878e+11 3.11546e+08 25938.9 38 12.7256 13 0.611891
913 1.37439e+11 2.80183e+08 34424.5 37 13.1504 14 0.629165
914 6.87196e+10 2.46287e+08 56263.6 36 14.2363 15 0.65301
915 1.718e+10 1.03376e+08 50078.1 34 13.8291 15 0.65251
916 3.43599e+10 1.34195e+08 28401.8 35 13.1973 13 0.641633
917 6.87196e+10 3.23176e+08 27299 36 13.2002 13 0.626206
918 3.43599e+10 2.03259e+08 36688.4 35 13.3799 14 0.653781
919 3.43599e+10 1.66327e+08 26960.7 35 13.2607 13 0.64867
920 1.09951e+12 1.26724e+09 36999 40 13.5859 14 0.692072
921 1.718e+10 9.10408e+07 26212.1 34 12.8105 13 0.633224
922 3.43599e+10 1.13972e+08 26700.9 35 13 13 0.636437
923 3.43599e+10 1.60543e+08 24779.2 35 12.6836 13 0.613908
924 2.74878e+11 7.11376e+08 27423.4 38 13.5176 13 0.656448
925 1.718e+10 1.32177e+08 27299 34 13.1318 13 0.631721
926 2.74878e+11 4.87536e+08 37902.8 38 13.4834 14 0.652185
927 6.87196e+10 2.40723e+08 58479.2 36 14.667 15 0.684515
928 1.37439e+11 2.89188e+08 92336.1 37 14.875 16 0.681544
929 6.87196e+10 3.0249e+08 93606.1 36 14.9736 16 0.715486
930 1.37439e+11 5.10375e+08 92869.9 37 15.2949 16 0.746395
931 2.74878e+11 8.23649e+08 58785.8 38 14.5449 15 0.726158
932 6.87196e+10 2.89552e+08 86949 36 14.582 16 0.722825
933 3.43599e+10 2.52735e+08 91403 35 14.6943 16 0.731533
934 1.37439e+11 3.38366e+08 92081.5 37 14.876 16 0.72471
935 1.37439e+11 4.59945e+08 38024.8 37 14.1367 14 0.713414
936 1.37439e+11 3.11148e+08 57794.5 37 14.7666 15 0.748971
937 1.718e+10 1.58253e+08 89766.5 34 15.1016 16 0.749172
938 5.49756e+11 7.91016e+08 94173.4 39 15.2393 16 0.751793
939 2.74878e+11 8.38589e+08 92272.6 38 14.8857 16 0.765318
940 5.49756e+11 1.45073e+09 93117.6 39 15.168 16 0.764455
941 2.19902e+12 2.59271e+09 95595.2 41 15.627 16 0.780305
942 1.09951e+12 1.33893e+09 160657 40 15.6719 17 0.793915
943 6.87196e+10 2.58772e+08 162719 36 15.708 17 0.796919
944 2.74878e+11 8.03175e+08 94582.3 38 15.0479 16 0.773691
945 3.43599e+10 2.41944e+08 92177.2 35 14.8223 16 0.735358
946 5.49756e+11 9.26717e+08 156996 39 15.251 17 0.798914
947 5.49756e+11 9.1283e+08 160974 39 15.3564 17 0.765282
948 1.09951e+12 1.42972e+09 91075 40 14.8975 16 0.730461
949 6.87196e+10 2.72855e+08 160798 36 15.5928 17 0.765949
950 3.43599e+10 2.82011e+08 93636.3 35 15.2441 16 0.768284
951 2.74878e+11 5.90666e+08 155317 38 15.6484 17 0.761743
952 1.37439e+11 7.65294e+08 161219 37 15.6846 17 0.782087
953 2.81475e+14 2.75284e+11 92209 48 15.1768 16 0.773036
954 1.37439e+11 4.11564e+08 159942 37 15.4932 17 0.794417
955 1.37439e+11 3.72375e+08 91173.7 37 15.0049 16 0.781084
956 8.79609e+12 9.0916e+09 88414.3 43 14.8848 16 0.75462
957 2.19902e+12 2.71952e+09 160444 41 15.5186 17 0.78275
958 1.37439e+11 6.73678e+08 92017.5 37 14.752 16 0.754399
959 2.74878e+11 6.7846e+08 59233.9 38 14.627 15 0.751542
960 2.74878e+11 6.07541e+08 157759 38 15.2725 17 0.788521
961 1.09951e+12 1.92624e+09 59135.6 40 14.4912 15 0.750984
962 1.37439e+11 3.29013e+08 57551.4 37 14.3389 15 0.742797
963 8.79609e+12 1.14309e+10 57659.9 43 14.1904 15 0.723728
964 5.49756e+11 9.15993e+08 37050.4 39 13.8633 14 0.74803
965 5.49756e+11 8.23058e+08 89970.7 39 15.0107 16 0.745133
966 2.74878e+11 5.98841e+08 57928.3 38 14.3262 15 0.749968
967 6.87196e+10 2.85864e+08 91565.8 36 14.8955 16 0.756268
968 4.39805e+12 4.81833e+09 55945.1 42 14.4482 15 0.729705
969 2.74878e+11 5.22861e+08 153713 38 15.2148 17 0.795577
970 5.49756e+11 1.06604e+09 86840.1 39 14.666 16 0.760565
971 2.74878e+11 8.54911e+08 92017.5 38 14.9463 16 0.778313
972 5.49756e+11 1.41899e+09 92240.9 39 14.9961 16 0.746758
973 1.37439e+11 5.13709e+08 92272.6 37 14.6689 16 0.735522
974 4.39805e+12 1.04566e+10 57632.8 42 14.5664 15 0.749396
975 6.87196e+10 3.1005e+08 91953.3 36 15 16 0.745195
976 5.49756e+11 1.01937e+09 91727.9 39 15.0049 16 0.749098
977 1.37439e+11 5.7788e+08 94084.8 37 15.4834 16 0.775427
978 1.75922e+13 1.88727e+10 93666.4 44 15.498 16 0.764959
979 4.39805e+12 5.96489e+09 297025 42 16.6777 18 0.869814
980 6.87196e+10 3.37876e+08 288525 36 16.0449 18 0.826837
981 2.74878e+11 5.89047e+08 290077 38 16.0127 18 0.835988
982 2.74878e+11 7.10637e+08 161010 38 15.4814 17 0.822135
983 6.87196e+10 3.97023e+08 294230 36 15.8545 18 0.817881
984 2.74878e+11 9.58576e+08 290712 38 15.7285 18 0.858404
985 1.09951e+12 1.75096e+09 295823 40 16.1211 18 0.823587
986 2.74878e+11 7.00186e+08 161910 38 15.5234 17 0.814983
987 2.74878e+11 1.0035e+09 158436 38 15.1348 17 0.80624
988 5.49756e+11 1.61566e+09 162951 39 15.5762 17 0.809224
989 2.19902e+12 5.8009e+09 163731 41 15.7324 17 0.822873
990 5.49756e+11 1.17305e+09 162619 39 15.623 17 0.823924
991 1.37439e+11 4.44155e+08 157645 37 15.2998 17 0.795471
992 3.51844e+13 3.54708e+10 93148.4 45 14.8398 16 0.796941
993 2.74878e+11 1.03118e+09 57928.3 38 14.5205 15 0.754493
994 6.87196e+10 3.50505e+08 56119.3 36 14.1064 15 0.731322
995 4.39805e+12 4.99036e+09 57028.4 42 14.3242 15 0.736633
996 8.79609e+12 9.97885e+09 93209.9 43 15.0322 16 0.796535
997 5.49756e+11 1.52727e+09 294975 39 16.2041 18 0.812489
998 2.19902e+12 3.04212e+09 162951 41 15.6143 17 0.814779
999 1.09951e+12 3.65108e+09 163827 40 15.7607 17 0.800745
1000 1.09951e+12 2.65206e+09 295440 40 16.1299 18 0.813194
1001 1.09951e+12 4.55529e+09 161841 40 15.4521 17 0.816584
1002 8.79609e+12 1.4696e+10 296354 43 16.166 18 0.830268
1003 2.19902e+12 5.17869e+09 295286 41 16.377 18 0.845554
1004 4.39805e+12 1.04127e+10 160622 42 15.6924 17 0.82741
1005 8.79609e+12 1.30936e+10 162652 43 15.5762 17 0.797771
1006 2.19902e+12 3.30128e+09 296840 41 16.4375 18 0.832064
1007 4.39805e+12 1.2795e+10 157873 42 15.8418 17 0.804836
1008 3.51844e+13 3.9464e+10 92776.5 45 15.7344 16 0.797261
1009 4.39805e+12 1.22523e+10 37556.6 42 14.7842 14 0.738749
1010 5.49756e+11 2.348e+09 54235.2 39 14.5928 15 0.723076
1011 8.79609e+12 9.81045e+09 34424.5 43 13.9551 14 0.691376
1012 2.19902e+12 3.84778e+09 35675.8 41 14.251 14 0.695117
1013 4.39805e+12 1.12731e+10 36478.8 42 14.4053 14 0.718375
1014 1.75922e+13 2.40622e+10 37976.1 44 14.3545 14 0.711861
1015 4.39805e+12 1.18238e+10 55915.9 42 14.6689 15 0.730261
1016 4.39805e+12 6.41457e+09 93086.8 42 15.1338 16 0.728296
1017 1.40737e+14 1.4591e+11 39391.5 47 14.7695 14 0.750202
1018 8.79609e+12 1.69878e+10 294071 43 16.2832 18 0.843025
1019 5.49756e+11 2.02322e+09 292212 39 16.1572 18 0.837479
1020 1.09951e+12 4.72437e+09 159141 40 15.8594 17 0.818637
1021 1.09951e+12 5.05861e+09 163409 40 15.9443 17 0.826254
1022 8.79609e+12 1.25456e+10 90577.1 43 14.8926 16 0.78923
1023 4.39805e+12 9.9544e+09 160728 42 15.7139 17 0.810708
1024 5.49756e+11 3.19776e+09 91985.4 39 15.7363 16 0.793916
1025 5.49756e+11 2.43093e+09 59184.8 39 14.9424 15 0.773528
1026 1.75922e+13 2.08827e+10 56177.1 44 14.748 15 0.767216
1027 1.09951e+12 3.99431e+09 159287 40 15.7002 17 0.817221
1028 7.03687e+13 7.34066e+10 57740.8 46 15.1377 15 0.781546
1029 7.03687e+13 7.25224e+10 156687 46 15.6992 17 0.817571
1030 5.49756e+11 3.38092e+09 13569.2 39 12.5342 11 0.724709
1031 2.19902e+12 3.75085e+09 39369.5 41 13.9619 14 0.768983
1032 4.39805e+12 1.283e+10 88273.3 42 14.6855 16 0.778167
1033 4.39805e+12 6.55128e+09 36688.4 42 14.2568 14 0.756483
1034 2.19902e+12 6.28121e+09 23220.4 41 13.1035 13 0.732106
1035 1.75922e+13 2.53068e+10 38049.1 44 14.4326 14 0.777939
1036 2.19902e+12 5.16895e+09 15664.6 41 12.6719 11 0.725519
1037 4.39805e+12 5.99288e+09 55057.2 42 14.6133 15 0.748396
1038 2.19902e+12 5.97241e+09 56435.7 41 14.8223 15 0.81234
1039 8.79609e+12 1.60763e+10 34367.6 43 13.8145 14 0.76353
1040 4.39805e+12 8.62793e+09 35484.8 42 13.7568 14 0.777276
1041 5.49756e+11 1.77974e+09 54327.6 39 14.4971 15 0.785622
1042 4.39805e+12 8.76894e+09 54966.9 42 14.457 15 0.77873
1043 1.40737e+14 1.46744e+11 55828.3 47 15.0283 15 0.803488
1044 2.19902e+12 4.56245e+09 7593.39 41 11.5918 8 0.74782
1045 1.09951e+12 5.12035e+09 90106.3 40 14.6221 16 0.796205
1046 1.09951e+12 2.63315e+09 56234.8 40 14.5107 15 0.80896
1047 7.03687e+13 7.58259e+10 58401.6 46 14.6211 15 0.777444
1048 2.81475e+14 2.76277e+11 161910 48 16.0596 17 0.828414
1049 4.39805e+12 6.87268e+09 298331 42 16.5908 18 0.819833
1050 1.75922e+13 1.98544e+10 296728 44 16.6338 18 0.816632
1051 2.19902e+12 6.12432e+09 163986 41 16.4873 17 0.808698
1052 2.74878e+11 1.86385e+09 161876 38 15.957 17 0.790919
1053 3.51844e+13 4.09167e+10 94466.3 45 15.4785 16 0.768262
1054 3.51844e+13 3.57724e+10 161978 45 15.6621 17 0.808792
1055 3.51844e+13 4.4142e+10 39369.5 45 14.7373 14 0.773672
1056 1.75922e+13 2.30228e+10 31526.2 44 14.0928 14 0.746229
1057 1.09951e+12 6.03526e+09 34537.9 40 13.8691 14 0.718886
1058 4.39805e+12 1.0585e+10 26960.7 42 14.0967 13 0.716817
1059 1.75922e+13 2.06797e+10 34282.2 44 14.0303 14 0.721516
1060 3.51844e+13 3.84374e+10 56061.3 45 14.9023 15 0.728414
1061 1.09951e+12 3.59805e+09 24657.2 40 13.3389 13 0.713205
1062 2.19902e+12 9.11031e+09 38218.1 41 14.4941 14 0.770174
1063 1.09951e+12 3.90055e+09 37050.4 40 14.2109 14 0.737446
1064 1.09951e+12 3.19493e+09 55593.2 40 14.6123 15 0.73838
1065 2.74878e+11 9.81515e+08 26722.7 38 13.6084 13 0.740194
1066 2.19902e+12 5.4973e+09 26391.7 41 13.4424 13 0.711576
1067 3.51844e+13 7.45896e+10 26657.1 45 13.8311 13 0.73212
1068 5.49756e+11 2.25365e+09 25141.5 39 13.4375 13 0.711122
1069 1.09951e+12 4.91633e+09 26613.2 40 13.7383 13 0.750915
1070 3.51844e+13 4.58248e+10 33590.4 45 13.9082 14 0.749016
1071 2.19902e+12 5.75518e+09 36373.2 41 14.04 14 0.719703
1072 1.75922e+13 2.72838e+10 53707.2 44 14.7334 15 0.742501
1073 1.09951e+12 4.5309e+09 162819 40 16.0098 17 0.809688
1074 8.79609e+12 1.29104e+10 163376 43 16.3105 17 0.817254
1075 1.75922e+13 1.97803e+10 88974.2 44 14.8887 16 0.740588
1076 4.39805e+12 7.97118e+09 158585 42 15.4629 17 0.781949
1077 1.09951e+12 6.06439e+09 93606.1 40 15.3174 16 0.821238
1078 1.40737e+14 2.60875e+11 57551.4 47 14.7236 15 0.822555
1079 1.09951e+12 7.25531e+09 56972.6 40 14.5811 15 0.7585
1080 8.79609e+12 2.83988e+10 95264 43 15.6533 16 0.795863
1081 4.39805e+12 7.61459e+09 55415.6 42 14.583 15 0.826956
1082 3.51844e+13 4.05574e+10 52563.6 45 14.3506 15 0.784315
1083 1.1259e+15 1.68141e+12 92272.6 50 14.8203 16 0.779327
1084 1.40737e+14 2.14151e+11 56032.3 47 14.5693 15 0.77921
1085 1.09951e+12 3.95292e+09 56691.5 40 14.3574 15 0.746719
1086 8.79609e+12 1.9209e+10 90610.5 43 15.0762 16 0.802477
1087 8.79609e+12 1.13572e+10 89698.2 43 14.5977 16 0.761143
1088 3.51844e+13 4.35016e+10 38737.3 45 14.4434 14 0.736132
1089 1.75922e+13 2.55098e+10 88869.7 44 14.8232 16 0.759392
1090 1.40737e+14 2.20619e+11 161185 47 15.6514 17 0.823454
1091 1.75922e+13 2.08475e+10 157226 44 15.585 17 0.793529
1092 1.75922e+13 4.20564e+10 160014 44 15.9141 17 0.817041
1093 4.39805e+12 8.12543e+09 88449.5 42 14.9932 16 0.799419
1094 4.39805e+12 1.00023e+10 55474.9 42 14.3955 15 0.755661
1095 2.19902e+12 8.01334e+09 91953.3 41 14.874 16 0.755896
1096 8.79609e+12 1.67494e+10 56972.6 43 14.4688 15 0.776508
1097 2.19902e+12 6.56624e+09 36240.6 41 14.0225 14 0.768343
1098 3.51844e+13 4.02933e+10 27003.5 45 13.4902 13 0.721262
1099 1.09951e+12 4.57288e+09 293352 40 15.8525 18 0.787458
1100 7.03687e+13 8.17983e+10 57551.4 46 14.6367 15 0.740057
1101 3.51844e+13 5.2738e+10 92838.8 45 15.2383 16 0.763749
1102 3.51844e+13 4.17115e+10 92017.5 45 15.5654 16 0.76399
1103 2.81475e+14 3.11803e+11 94378.9 48 15.9287 16 0.791884
1104 4.5036e+15 4.4137e+12 91889.1 52 15.6357 16 0.789969
1105 3.51844e+13 6.78583e+10 15853.9 45 13.6797 11 0.707303
1106 1.75922e+13 6.99558e+10 19938 44 14.1523 12 0.717196
1107 2.19902e+12 1.14521e+10 28081.5 41 14.875 13 0.735635
1108 7.03687e+13 1.1104e+11 37355.7 46 14.835 14 0.745242
1109 1.75922e+13 2.42223e+10 36610 44 15.0586 14 0.75999
1110 4.39805e+12 1.42587e+10 92651.3 42 15.9912 16 0.79698
1111 7.03687e+13 1.11908e+11 52820.6 46 15.3564 15 0.76507
1112 7.03687e+13 1.02289e+11 55828.3 46 15.2988 15 0.753202
1113 1.75922e+13 5.18357e+10 54906.6 44 15.333 15 0.778916
1114 2.81475e+14 4.43543e+11 38944.1 48 15.2773 14 0.770078
1115 4.39805e+12 1.63451e+10 55027.1 42 15.5156 15 0.777364
1116 1.75922e+13 4.36632e+10 56492.8 44 15.7393 15 0.79578
1117 7.03687e+13 1.54483e+11 36373.2 46 14.8096 14 0.797533
1118 1.75922e+13 2.80062e+10 25614.6 44 14.1777 13 0.751358
1119 5.6295e+14 5.65346e+11 18818.5 49 13.917 12 0.734727
1120 2.81475e+14 2.85015e+11 17767 48 12.8555 12 0.715242
1121 4.39805e+12 2.03449e+10 23606.2 42 13.7998 13 0.741158
1122 1.75922e+13 4.29242e+10 20183.7 44 13.9785 12 0.71498
1123 1.75922e+13 4.28055e+10 25379.5 44 14.29 13 0.748596
1124 1.75922e+13 3.62767e+10 15437.3 44 13.2998 11 0.687924
1125 1.75922e+13 3.2364e+10 24460.4 44 13.9678 13 0.717314
1126 8.79609e+12 2.86763e+10 24803.6 43 14.2549 13 0.770768
1127 3.51844e+13 9.65375e+10 15807 45 12.8994 11 0.666446
1128 3.51844e+13 4.83991e+10 18246.7 45 13.2549 12 0.695438
1129 1.1259e+15 1.13469e+12 13214.7 50 12.9424 12 0.711263
1130 8.79609e+12 3.26291e+10 19784 43 13.9775 12 0.715711
1131 7.03687e+13 1.13883e+11 20709.8 46 13.9717 12 0.742644
1132 2.2518e+15 2.23839e+12 24608.1 51 14.4453 13 0.732383
1133 2.81475e+14 6.53498e+11 35811.5 48 15.2061 14 0.751078
1134 3.51844e+13 5.47135e+10 15287.8 45 13.8291 11 0.740115
1135 4.39805e+12 1.56984e+10 14521.8 42 13.1328 11 0.69791
1136 2.81475e+14 3.0061e+11 14894.4 48 13.2656 11 0.700036
1137 8.79609e+12 2.46071e+10 18942.9 43 13.8291 12 0.74669
1138 4.39805e+12 7.8847e+09 16911.1 42 13.4443 12 0.722658
1139 3.51844e+13 5.8687e+10 19025.2 45 13.5723 12 0.747093
1140 4.5036e+15 4.5503e+12 19086.7 52 13.9951 12 0.737245
1141 8.79609e+12 1.21761e+10 11573.9 43 12.8838 10 0.712634
1142 2.19902e+12 8.67611e+09 11619.1 41 12.8564 10 0.709896
1143 3.51844e+13 3.78263e+10 9839.49 45 11.9258 9 0.676125
1144 2.19902e+12 5.08402e+09 23452.6 41 13.6836 13 0.723129
1145 2.19902e+12 5.39484e+09 18566.8 41 13.4121 12 0.704849
1146 1.75922e+13 3.25342e+10 17877.1 44 13.0439 12 0.685376
1147 4.39805e+12 8.21923e+09 17298.1 42 13.002 12 0.694577
1148 2.19902e+12 5.47351e+09 12819.8 41 12.5176 11 0.716816
1149 2.19902e+12 7.01751e+09 12310 41 12.2646 11 0.661092
1150 1.75922e+13 2.8549e+10 15404.3 44 12.7705 11 0.677442
1151 4.39805e+12 1.19649e+10 24973.2 42 13.9541 13 0.780046
1152 3.51844e+13 4.12881e+10 19822.7 45 13.5928 12 0.7637
1153 3.51844e+13 4.24468e+10 17986.5 45 14.0801 12 0.792359
1154 1.75922e+13 3.31892e+10 36636.1 44 14.7441 14 0.775045
1155 5.49756e+11 2.41395e+09 19147.9 39 13.4834 12 0.75513
1156 1.75922e+13 3.92755e+10 20165 44 13.8379 12 0.771367
1157 1.75922e+13 4.12806e+10 17002.7 44 12.7363 12 0.700046
1158 3.51844e+13 5.83185e+10 36346.8 45 14.4121 14 0.751574
1159 1.75922e+13 4.91951e+10 92336.1 44 15.7578 16 0.785307
1160 2.19902e+12 7.82265e+09 92963.1 41 15.4824 16 0.785577
1161 4.39805e+12 1.17663e+10 91953.3 42 15.4756 16 0.852488
1162 1.75922e+13 2.76276e+10 159141 44 16.0469 17 0.808246
1163 1.40737e+14 1.44538e+11 93209.9 47 15.8506 16 0.813403
1164 8.79609e+12 3.2984e+10 56349.8 43 14.7227 15 0.791173
1165 1.75922e+13 3.63465e+10 92367.8 44 15.3682 16 0.808243
1166 3.60288e+16 3.5284e+13 36373.2 55 14.2676 14 0.812543
1167 7.03687e+13 9.33565e+10 89834.7 46 15.4043 16 0.844215
1168 2.19902e+12 9.28368e+09 91239.4 41 15.5205 16 0.859826
1169 4.39805e+12 1.09983e+10 36267.2 42 14.4424 14 0.805916
1170 1.75922e+13 4.02301e+10 35070.8 44 14.1797 14 0.803644
1171 1.09951e+12 7.21145e+09 53832.2 40 14.6514 15 0.794969
1172 5.6295e+14 6.98117e+11 53832.2 49 14.7715 15 0.81495
1173 4.39805e+12 8.15008e+09 87093.8 42 14.8994 16 0.840534
1174 4.39805e+12 1.26194e+10 35237.1 42 14.4824 14 0.870692
1175 8.79609e+12 1.38145e+10 51585.5 43 14.7021 15 0.862887
1176 1.75922e+13 4.13057e+10 55828.3 44 15.042 15 0.839804
1177 2.19902e+12 4.71029e+09 36478.8 41 14.3828 14 0.850378
1178 1.40737e+14 1.78626e+11 52948.5 47 14.8096 15 0.81774
1179 1.75922e+13 2.48159e+10 37531.6 44 14.3496 14 0.825164
1180 8.79609e+12 2.03264e+10 35070.8 43 14.0488 14 0.818217
1181 1.40737e+14 1.45554e+11 24681.6 47 13.0254 13 0.75651
1182 8.79609e+12 1.63523e+10 37656.2 43 14.2119 14 0.818657
1183 8.79609e+12 2.79191e+10 33415.2 43 14.0303 14 0.787054
1184 5.49756e+11 3.19894e+09 18839.3 39 12.9014 12 0.729725
1185 4.39805e+12 9.59899e+09 24011.8 42 13.5088 13 0.756989
1186 4.39805e+12 1.34385e+10 25021.4 42 13.4453 13 0.737048
1187 1.75922e+13 3.17364e+10 24311.8 44 13.3994 13 0.745258
1188 7.03687e+13 8.66936e+10 53550.4 46 14.9951 15 0.807322
1189 1.75922e+13 6.93406e+10 86108.3 44 15.3213 16 0.823828
1190 4.39805e+12 1.4299e+10 92525.7 42 15.9121 16 0.837166
1191 8.79609e+12 3.06717e+10 56663.2 43 15.1201 15 0.819635
1192 2.81475e+14 3.613e+11 89629.8 48 15.5723 16 0.839179
1193 1.40737e+14 2.83162e+11 93271.3 47 15.8164 16 0.86823
1194 7.03687e+13 1.28877e+11 57222.6 46 15.5801 15 0.8598
1195 2.19902e+12 1.0561e+10 54755.2 41 14.708 15 0.854032
1196 7.03687e+13 1.51892e+11 54572.6 46 15.0615 15 0.876757
1197 7.03687e+13 7.97203e+10 50887.9 46 14.6465 15 0.812303
1198 7.03687e+13 3.10912e+11 27067.4 46 14.7695 13 0.831577
1199 1.09951e+12 4.60151e+09 26547.1 40 14.0068 13 0.764468
1200 3.51844e+13 7.17774e+10 56292.3 45 15.1865 15 0.812804
1201 1.75922e+13 6.56444e+10 52756.5 44 15.2842 15 0.839069
1202 7.03687e+13 9.91912e+10 34847.6 46 14.6748 14 0.808927
1203 2.19902e+12 1.00634e+10 23272.2 41 13.5645 13 0.759597
1204 1.40737e+14 1.965e+11 37050.4 47 14.6123 14 0.802415
1205 3.51844e+13 6.4232e+10 55886.7 45 15.7061 15 0.84071
1206 1.40737e+14 1.54422e+11 153019 47 16.3555 17 0.848208
1207 8.79609e+12 2.00981e+10 91075 43 15.7783 16 0.839273
1208 7.03687e+13 1.16306e+11 52820.6 46 15.2773 15 0.852375
1209 7.03687e+13 1.24433e+11 94173.4 46 16.1553 16 0.923057
1210 5.6295e+14 5.80294e+11 86438.8 49 15.3203 16 0.856506
1211 5.6295e+14 7.18742e+11 89629.8 49 15.248 16 0.898426
1212 1.1259e+15 1.36403e+12 160373 50 16.3926 17 0.881883
1213 1.1259e+15 1.16581e+12 293553 50 17.0918 18 0.92631
1214 2.2518e+15 2.37261e+12 561598 51 18.7998 19 0.989964
1215 1.75922e+13 8.7828e+10 559691 44 18.2822 19 1.00777
1216 1.1259e+15 1.23705e+12 295014 50 17.6484 18 0.955849
1217 3.51844e+13 1.53906e+11 560928 45 17.915 19 0.97294
1218 7.03687e+13 2.43425e+11 294545 46 16.999 18 0.911097
1219 2.2518e+15 2.4285e+12 556545 51 17.6777 19 0.910561
1220 1.1259e+15 1.28807e+12 559734 50 18.1123 19 0.977466
1221 2.81475e+14 6.34102e+11 561473 48 18.9922 19 1.03141
1222 2.81475e+14 4.99192e+11 556817 48 18.166 19 0.964059
1223 2.2518e+15 3.16646e+12 296241 51 17.6768 18 0.961223
1224 7.20576e+16 7.08947e+13 558601 56 18.2598 19 1.01219
1225 1.40737e+14 2.92428e+11 1.08417e+06 47 18.4678 20 1.01589
1226 4.5036e+15 5.30822e+12 295324 52 17.6094 18 1.00578
1227 7.03687e+13 2.49467e+11 560249 46 18.5059 19 1.00043
1228 2.81475e+14 5.91431e+11 294071 48 17.1748 18 0.951962
1229 1.1259e+15 1.23775e+12 1.08465e+06 50 18.6338 20 1.00826
1230 2.81475e+14 4.19697e+11 293392 48 17.5645 18 0.990548
1231 9.0072e+15 1.13356e+13 293231 53 17.8623 18 0.996173
1232 5.6295e+14 1.39138e+12 158623 49 16.4229 17 0.972699
1233 7.03687e+13 1.92359e+11 291133 46 16.8457 18 0.988361
1234 2.81475e+14 3.7006e+11 159361 48 16.9258 17 0.999258
1235 2.2518e+15 2.40311e+12 291342 51 17.2754 18 1.03296
1236 1.40737e+14 2.37984e+11 559647 47 18.5215 19 1.02057
1237 2.2518e+15 3.59028e+12 561096 51 17.6982 19 1.00164
1238 9.0072e+15 1.01232e+13 56177.1 53 16.1494 15 0.932535
1239 8.79609e+12 2.38079e+10 36267.2 43 14.8516 14 0.935211
1240 2.81475e+14 3.54376e+11 53044.2 48 15.1992 15 0.895868
1241 2.2518e+15 2.73306e+12 158436 51 16.0986 17 0.895821
1242 1.1259e+15 1.70614e+12 161910 50 16.625 17 0.937028
1243 1.80144e+16 1.83135e+13 292335 54 17.0576 18 0.939064
1244 2.2518e+15 4.48448e+12 158249 51 16.2441 17 0.919495
1245 2.81475e+14 3.57024e+11 158287 48 16.0869 17 0.880637
1246 7.03687e+13 1.43367e+11 161428 46 16.8721 17 0.922405
1247 2.81475e+14 7.19986e+11 296165 48 17.291 18 0.981799
1248 5.6295e+14 8.99704e+11 291425 49 16.8643 18 0.955073
1249 5.6295e+14 7.72046e+11 94232.3 49 15.8574 16 0.873581
1250 4.5036e+15 4.6948e+12 86949 52 15.1621 16 0.892856
1251 8.79609e+12 4.5777e+10 161944 43 16.3018 17 0.872211
1252 1.40737e+14 1.74001e+11 56177.1 47 15.1348 15 0.792064
1253 1.40737e+14 2.20414e+11 18566.8 47 13.335 12 0.781272
1254 3.51844e+13 5.63001e+10 23835.1 45 13.5869 13 0.80079
1255 1.40737e+14 1.97529e+11 35484.8 47 14.2275 14 0.774093
1256 8.79609e+12 4.96489e+10 91042 43 15.3926 16 0.821303
1257 7.03687e+13 1.74163e+11 90443.2 46 15.3877 16 0.808584
1258 3.51844e+13 4.73967e+10 37380.9 45 14.5117 14 0.802915
1259 3.51844e+13 6.11641e+10 36947.6 45 14.6914 14 0.791963
1260 1.40737e+14 2.60511e+11 95540.5 47 16.3008 16 0.844263
1261 2.81475e+14 3.83874e+11 26234.6 48 14.2012 13 0.796945
1262 1.40737e+14 4.08958e+11 160158 47 16.1738 17 0.857392
1263 2.81475e+14 6.3727e+11 52948.5 48 15.1738 15 0.839855
1264 7.03687e+13 1.8131e+11 154760 46 16.0596 17 0.894283
1265 1.1259e+15 1.14346e+12 158024 50 15.9473 17 0.885121
1266 9.0072e+15 9.21423e+12 154600 53 15.8154 17 0.896714
1267 3.51844e+13 1.44882e+11 295286 45 17.0264 18 0.955984
1268 2.81475e+14 5.9543e+11 82622.1 48 14.9863 16 0.864684
1269 7.03687e+13 2.45434e+11 294897 46 17.1572 18 0.964378
1270 1.75922e+13 7.06456e+10 290416 44 16.6914 18 0.936202
1271 9.0072e+15 8.96191e+12 290628 53 16.4785 18 0.946548
1272 1.40737e+14 3.13861e+11 559039 47 17.8096 19 0.963436
1273 7.03687e+13 1.40194e+11 292703 46 16.8789 18 0.952272
1274 1.40737e+14 1.57721e+11 289735 47 16.5957 18 0.902737
1275 1.40737e+14 2.27532e+11 158623 47 16.377 17 0.929638
1276 8.79609e+12 3.12705e+10 91500.8 43 15.8174 16 0.903333
1277 1.40737e+14 1.59925e+11 92145.3 47 15.9102 16 0.867941
1278 1.40737e+14 2.78844e+11 89286 47 15.2783 16 0.941496
1279 1.40737e+14 1.78958e+11 90106.3 47 15.3848 16 0.904087
1280 7.03687e+13 1.3057e+11 288482 46 16.5635 18 0.985589
1281 9.0072e+15 8.89633e+12 559344 53 17.6709 19 1.00738
1282 3.51844e+13 9.39017e+10 160657 45 16.4746 17 0.95309
1283 8.79609e+12 3.456e+10 91107.9 43 15.2471 16 0.857139
1284 7.03687e+13 1.9078e+11 158511 46 16.1016 17 0.908489
1285 1.1259e+15 1.16907e+12 158024 50 15.9824 17 0.940187
1286 3.51844e+13 6.34436e+10 159725 45 15.9385 17 0.925368
1287 2.81475e+14 4.08142e+11 296429 48 17.1064 18 0.967154
1288 3.51844e+13 8.86257e+10 555400 45 17.7988 19 1.00994
1289 1.75922e+13 8.85842e+10 556272 44 17.3447 19 1.00343
1290 3.51844e+13 1.30611e+11 298789 45 17.541 18 1.00213
1291 7.03687e+13 1.42864e+11 295975 46 17.3057 18 1.00412
1292 4.5036e+15 5.41955e+12 289046 52 17.1279 18 0.965616
1293 5.6295e+14 9.60638e+11 293833 49 17.1367 18 0.958111
1294 1.40737e+14 2.31791e+11 294427 47 16.8213 18 0.945976
1295 7.03687e+13 1.13226e+11 557581 46 17.2588 19 1.00529
1296 2.2518e+15 2.30267e+12 286717 51 16.0791 18 0.964171
1297 4.5036e+15 4.68538e+12 297901 52 17.2402 18 0.994725
1298 1.75922e+13 4.78871e+10 91370.3 44 14.7676 16 0.93286
1299 1.40737e+14 2.23271e+11 158734 47 15.3359 17 0.908632
1300 8.79609e+12 2.74745e+10 294348 43 16.5 18 0.947678
1301 7.03687e+13 1.43975e+11 297793 46 17.0459 18 0.999028
1302 4.5036e+15 4.72261e+12 160265 52 16.5645 17 0.944073
1303 2.2518e+15 2.70462e+12 294584 51 17.6123 18 0.987202
1304 5.6295e+14 6.23103e+11 296579 49 17.3691 18 0.98151
1305 7.03687e+13 2.58195e+11 294071 46 16.957 18 1.01389
1306 7.03687e+13 1.21914e+11 155357 46 15.6201 17 0.929337
1307 8.79609e+12 4.06626e+10 292130 43 16.5508 18 0.961885
1308 4.39805e+12 1.68672e+10 292947 42 16.5615 18 0.978759
1309 2.81475e+14 3.18028e+11 298472 48 17.2119 18 0.958254
1310 1.1259e+15 1.13482e+12 559647 50 17.6826 19 0.954448
1311 1.40737e+14 3.04874e+11 158771 47 15.8604 17 0.850408
1312 7.03687e+13 1.10002e+11 156104 46 15.8447 17 0.873315
1313 3.51844e+13 1.22385e+11 294819 45 17.0928 18 0.927736
1314 1.40737e+14 2.5678e+11 296542 47 17.0977 18 0.948484
1315 1.1259e+15 1.33413e+12 294388 50 16.7383 18 0.932885
1316 7.03687e+13 1.17687e+11 560206 46 18.1631 19 0.963081
1317 1.75922e+13 5.4361e+10 560121 44 18.125 19 1.01434
1318 2.2518e+15 4.48274e+12 556363 51 17.4717 19 0.947076
1319 3.51844e+13 1.39307e+11 1.07696e+06 45 18.2344 20 0.995353
1320 8.79609e+12 3.68533e+10 295092 43 17.2744 18 1.03375
1321 7.03687e+13 2.0807e+11 298437 46 17.2861 18 0.990242
1322 5.6295e+14 6.57277e+11 298824 49 17.1475 18 0.948787
1323 1.80144e+16 1.76724e+13 563551 54 17.9102 19 1.00796
1324 3.51844e+13 1.08402e+11 562789 45 17.8008 19 1.02198
1325 3.60288e+16 3.54075e+13 295517 55 17.0527 18 1.02462
1326 4.5036e+15 7.94617e+12 557938 52 18.1865 19 1.01677
1327 2.81475e+14 4.04215e+11 557267 48 18.3037 19 1.01041
1328 1.75922e+13 6.06627e+10 291509 44 17.0352 18 0.99343
1329 1.40737e+14 3.49167e+11 296203 47 17.2432 18 1.01356
1330 7.03687e+13 1.68591e+11 561348 46 18.5791 19 1.0557
1331 5.6295e+14 7.56067e+11 557760 49 18.4131 19 1.04801
1332 4.5036e+15 4.81088e+12 561306 52 18.9688 19 1.08513
1333 1.40737e+14 2.30854e+11 558777 47 18.1104 19 1.02403
1334 1.40737e+14 4.23781e+11 295517 47 18.2432 18 1.03589
1335 7.03687e+13 1.15809e+11 557715 46 18.1611 19 1.02495
1336 1.40737e+14 5.34026e+11 162752 47 17.1309 17 1.01412
1337 2.81475e+14 5.85889e+11 556681 48 18.4521 19 1.00285
1338 1.1259e+15 1.18878e+12 295747 50 17.7373 18 0.972719
1339 7.03687e+13 3.30327e+11 292253 46 17.6777 18 1.03323
1340 2.2518e+15 2.56258e+12 296467 51 18.2461 18 1.03828
1341 7.03687e+13 1.96279e+11 291175 46 17.252 18 0.94981
1342 5.6295e+14 1.45359e+12 162586 49 17.2803 17 0.981969
1343 2.2518e+15 2.81896e+12 159652 51 16.6943 17 0.953836
1344 2.2518e+15 2.46856e+12 558425 51 18.1924 19 0.97234
1345 3.60288e+16 3.56503e+13 562341 55 18.457 19 0.977489
1346 5.6295e+14 2.24674e+12 1.09163e+06 49 19.7383 20 1.01668
1347 1.1259e+15 1.13691e+12 1.08831e+06 50 19.2002 20 1.04754
1348 5.6295e+14 7.62454e+11 556181 49 18.4365 19 0.953302
1349 3.60288e+16 3.80735e+13 299513 55 18.1699 18 1.00515
1350 2.81475e+14 4.64078e+11 1.09089e+06 48 19.1709 20 1.00128
1351 2.81475e+14 5.29763e+11 2.14114e+06 48 20.0332 21 1.03354
1352 5.6295e+14 8.68057e+11 2.1382e+06 49 20.0098 21 1.06458
1353 9.0072e+15 9.02297e+12 2.14549e+06 53 20.4385 21 1.10837
1354 1.40737e+14 3.47576e+11 2.13601e+06 47 19.4043 21 1.02169
1355 1.40737e+14 3.63893e+11 1.08509e+06 47 18.7637 20 1.00583
1356 5.6295e+14 1.02459e+12 2.14183e+06 49 20.1299 21 1.09467
1357 2.81475e+14 5.92546e+11 2.14227e+06 48 20.2852 21 1.14278
1358 2.81475e+14 8.98748e+11 4.24158e+06 48 21.0928 22 1.17881
1359 1.1259e+15 1.60092e+12 2.13979e+06 50 20.04 21 1.0951
1360 1.1259e+15 1.9101e+12 2.13753e+06 50 19.873 21 1.07246
1361 3.51844e+13 1.60638e+11 1.08591e+06 45 18.9805 20 1.10122
1362 7.03687e+13 1.62393e+11 1.09189e+06 46 19.4775 20 1.08317
1363 9.0072e+15 9.34055e+12 2.13585e+06 53 19.8779 21 1.09009
1364 3.60288e+16 3.57415e+13 2.13283e+06 55 18.8994 21 1.11816
1365 5.6295e+14 9.42318e+11 4.24039e+06 49 20.5469 22 1.10796
1366 4.5036e+15 5.26908e+12 1.08677e+06 52 19.3359 20 1.07375
1367 5.6295e+14 8.54324e+11 4.23846e+06 49 20.3984 22 1.12508
1368 3.51844e+13 9.70288e+10 2.13732e+06 45 19.5605 21 1.09677
1369 2.81475e+14 3.93674e+11 2.14232e+06 48 20.2705 21 1.14362
1370 5.6295e+14 9.29698e+11 2.13349e+06 49 19.4131 21 1.0918
1371 4.5036e+15 6.95016e+12 1.08644e+06 52 19.0625 20 1.06073
1372 5.6295e+14 6.38242e+11 2.13938e+06 49 19.9102 21 1.08403
1373 5.6295e+14 6.38299e+11 2.14526e+06 49 20.7568 21 1.12341
1374 3.60288e+16 3.61886e+13 4.24912e+06 55 21.8965 22 1.18585
1375 2.2518e+15 2.75292e+12 4.24244e+06 51 21.5957 22 1.17122
1376 2.81475e+14 7.20933e+11 4.24239e+06 48 21.7969 22 1.19572
1377 5.6295e+14 1.03665e+12 4.2448e+06 49 21.8652 22 1.18586
1378 1.1259e+15 1.35225e+12 4.24365e+06 50 21.3447 22 1.17823
1379 9.0072e+15 1.34866e+13 4.24397e+06 53 21.4199 22 1.14947
1380 9.0072e+15 1.0132e+13 4.23147e+06 53 20.6006 22 1.1657
1381 2.2518e+15 3.26456e+12 8.44003e+06 51 21.877 23 1.16897
1382 1.80144e+16 1.83107e+13 4.2436e+06 54 21.1543 22 1.14513
1383 3.60288e+16 4.03365e+13 4.24652e+06 55 21.6025 22 1.16544
1384 2.2518e+15 3.90223e+12 2.14212e+06 51 20.2314 21 1.10839
1385 1.1259e+15 1.28992e+12 2.14261e+06 50 20.7539 21 1.09953
1386 1.1259e+15 2.62436e+12 2.14109e+06 50 19.8906 21 1.06632
1387 2.2518e+15 4.34276e+12 2.14104e+06 51 20.0684 21 1.08817
1388 4.5036e+15 7.98272e+12 1.08896e+06 52 19.1133 20 1.04077
1389 1.80144e+16 1.82595e+13 1.08397e+06 54 19.3398 20 1.07336
1390 4.5036e+15 7.64832e+12 1.08864e+06 52 19.7832 20 1.1062
1391 2.81475e+14 1.01365e+12 2.13923e+06 48 20.1758 21 1.10225
1392 2.81475e+14 5.77726e+11 2.13999e+06 48 20.3477 21 1.09651
1393 5.6295e+14 9.48321e+11 2.13664e+06 49 20.293 21 1.10347
1394 1.1259e+15 1.3032e+12 2.14069e+06 50 20.5635 21 1.11882
1395 5.6295e+14 1.78652e+12 4.23823e+06 49 21.4082 22 1.17497
1396 1.1259e+15 2.63643e+12 2.14153e+06 50 20.625 21 1.19617
1397 9.0072e+15 9.29115e+12 1.0745e+06 53 18.9629 20 1.1028
1398 2.81475e+14 7.35935e+11 4.23901e+06 48 21.6621 22 1.19062
1399 1.80144e+16 2.59518e+13 2.14237e+06 54 20.917 21 1.16265
1400 4.5036e+15 5.8335e+12 1.08831e+06 52 19.8906 20 1.10649
1401 7.20576e+16 7.11211e+13 2.13611e+06 56 20.4561 21 1.11056
1402 9.0072e+15 1.01218e+13 2.14405e+06 53 21.1367 21 1.14034
1403 1.1259e+15 2.9206e+12 4.23801e+06 50 21.127 22 1.14158
1404 1.44115e+17 1.69814e+14 2.14158e+06 57 20.7363 21 1.14533
1405 4.5036e+15 4.99344e+12 1.09031e+06 52 19.8555 20 1.12279
1406 9.22337e+18 9.01758e+15 4.24276e+06 63 21.8428 22 1.20656
1407 7.20576e+16 1.11121e+14 8.43409e+06 56 22.2783 23 1.22226
1408 2.2518e+15 3.43908e+12 8.43764e+06 51 22.5283 23 1.29117
1409 3.60288e+16 4.94626e+13 4.2347e+06 55 21.7568 22 1.18903
1410 3.60288e+16 7.79903e+13 2.14044e+06 55 21.2432 21 1.14719
1411 5.6295e+14 9.10687e+11 4.23801e+06 49 21.4004 22 1.17992
1412 4.5036e+15 1.23275e+13 1.09254e+06 52 20.6162 20 1.12009
1413 4.5036e+15 1.00587e+13 2.1369e+06 52 20.5791 21 1.12343
1414 9.0072e+15 1.29653e+13 1.08682e+06 53 19.9834 20 1.11717
1415 7.20576e+16 7.42722e+13 2.14004e+06 56 20.8076 21 1.14274
1416 7.20576e+16 7.30296e+13 2.13457e+06 56 20.2979 21 1.13899
1417 1.44115e+17 1.43807e+14 2.13622e+06 57 20.2178 21 1.13131
1418 1.40737e+14 4.25453e+11 561640 47 19.1523 19 1.05936
1419 4.5036e+15 4.85428e+12 560419 52 18.9854 19 1.07171
1420 3.60288e+16 3.74205e+13 1.08372e+06 55 19.3623 20 1.06568
1421 1.1259e+15 2.81151e+12 1.08509e+06 50 19.6045 20 1.04148
1422 1.80144e+16 2.07e+13 1.07937e+06 54 19.7246 20 1.0281
1423 1.1259e+15 1.86892e+12 296278 50 18.7412 18 1.00821
1424 7.20576e+16 8.09494e+13 560163 56 18.5293 19 1.00334
1425 1.80144e+16 1.95027e+13 559863 54 19.167 19 1.00131
1426 1.15292e+18 1.12683e+15 298684 60 18.7773 18 0.985193
1427 4.5036e+15 1.30734e+13 559777 52 18.5186 19 0.960194
1428 4.5036e+15 7.74146e+12 296877 52 18.3701 18 1.00225
1429 7.20576e+16 7.12937e+13 559734 56 18.8633 19 0.978231
1430 1.1259e+15 1.33897e+12 1.08682e+06 50 19.3701 20 1.00366
1431 2.2518e+15 3.54808e+12 561348 51 19.1855 19 0.992966
1432 1.40737e+14 4.39419e+11 293633 47 17.7617 18 0.98205
1433 5.6295e+14 9.07798e+11 293553 49 17.6572 18 0.92093
1434 3.60288e+16 3.93733e+13 292866 55 17.5908 18 0.949242
1435 2.8823e+17 2.82817e+14 563551 58 19.0527 19 0.988676
1436 1.40737e+14 3.66519e+11 298117 47 18.2559 18 0.949533
1437 1.1259e+15 1.77866e+12 558733 50 18.665 19 0.995686
1438 9.0072e+15 1.70659e+13 1.08748e+06 53 19.4814 20 1.01775
1439 9.0072e+15 2.09e+13 560928 53 18.8555 19 1.01557
1440 2.2518e+15 4.7084e+12 556499 51 18.6426 19 1.01124
1441 3.60288e+16 4.81332e+13 566156 55 19.0361 19 1.03161
1442 2.2518e+15 4.89037e+12 561306 51 19.1533 19 1.07885
1443 2.81475e+14 7.47413e+11 557088 48 18.8174 19 1.01148
1444 7.03687e+13 2.18674e+11 561222 46 18.7988 19 1.01174
1445 5.76461e+17 7.41587e+14 557267 59 18.5039 19 1.04881
1446 1.80144e+16 2.49933e+13 561348 54 19.3096 19 1.06164
1447 4.5036e+15 4.75201e+12 559214 52 18.7891 19 1.03488
1448 9.0072e+15 1.80743e+13 294388 53 17.8906 18 0.979596
1449 5.6295e+14 1.19931e+12 288873 49 17.1084 18 0.935405
1450 1.80144e+16 2.84194e+13 291175 54 17.1865 18 0.925387
1451 1.80144e+16 2.01276e+13 59086.2 54 16.082 15 0.916541
1452 2.8823e+17 5.95802e+14 290965 58 18.2324 18 0.972527
1453 2.8823e+17 3.061e+14 93636.3 58 16.6484 16 0.909368
1454 1.44115e+17 1.46961e+14 161150 57 17.791 17 0.953424
1455 2.8823e+17 2.86294e+14 155159 58 17.4385 17 0.91951
1456 3.60288e+16 1.51097e+14 557088 55 18.7979 19 0.985736
1457 1.44115e+17 2.35389e+14 297684 57 18.5742 18 0.96441
1458 1.84467e+19 1.80863e+16 563312 64 19.2285 19 0.997294
1459 7.20576e+16 1.24503e+14 296467 56 19.0625 18 1.03332
1460 3.60288e+16 5.61106e+13 293753 55 18.3174 18 0.985723
1461 1.40737e+14 8.75627e+11 294388 47 18.3418 18 0.977395
1462 9.0072e+15 1.54272e+13 293352 53 18.6172 18 1.01026
1463 3.60288e+16 6.09099e+13 558160 55 19.2207 19 1.05464
1464 1.80144e+16 3.04692e+13 160337 54 17.7217 17 0.969744
1465 2.2518e+15 5.16123e+12 1.08757e+06 51 19.6562 20 1.04974
1466 3.60288e+16 7.7657e+13 1.08353e+06 55 19.6387 20 1.05034
1467 5.6295e+14 1.84962e+12 561390 49 19.5156 19 1.05201
1468 3.60288e+16 9.18256e+13 1.08348e+06 55 19.7305 20 1.07126
1469 1.44115e+17 1.84558e+14 1.09102e+06 57 20.4736 20 1.11977
1470 1.15292e+18 1.28036e+15 1.08705e+06 60 20.2451 20 1.08873
1471 5.76461e+17 6.16542e+14 1.08854e+06 59 20.415 20 1.10875
1472 5.76461e+17 6.84718e+14 1.08986e+06 59 20.5645 20 1.11761
1473 2.30584e+18 2.31812e+15 296051 61 19.5986 18 1.11734
1474 1.80144e+16 2.7155e+13 557670 54 19.332 19 1.0809
1475 1.44115e+17 1.66753e+14 559820 57 19.5781 19 1.11523
1476 3.60288e+16 7.55034e+13 158324 55 18.46 17 1.10015
1477 7.20576e+16 1.17908e+14 286224 56 18.1855 18 1.0246
1478 2.8823e+17 3.02952e+14 162250 58 17.9688 17 1.00697
1479 3.60288e+16 4.72495e+13 38337.8 55 16.1953 14 0.954519
1480 1.15292e+18 1.16475e+15 90275.1 60 17.0146 16 0.954852
1481 2.8823e+17 3.62225e+14 295517 58 19.0391 18 1.08154
1482 2.8823e+17 7.92353e+14 294230 58 19.1016 18 1.12359
1483 1.44115e+17 1.80018e+14 550649 57 19.3965 19 1.09906
1484 2.8823e+17 3.26203e+14 2.13696e+06 58 20.4189 21 1.18484
1485 1.15292e+18 1.13027e+15 558381 60 19.834 19 1.11412
1486 1.44115e+17 2.52703e+14 1.0777e+06 57 20.5137 20 1.18906
1487 1.44115e+17 1.90636e+14 560292 57 20.1621 19 1.13807
1488 5.76461e+17 5.98673e+14 1.08157e+06 59 20.4209 20 1.14932
1489 9.0072e+15 1.83981e+13 1.0848e+06 53 20.2393 20 1.16705
1490 1.15292e+18 1.33237e+15 563631 60 20.5566 19 1.17736
1491 2.8823e+17 4.0853e+14 4.23183e+06 58 21.5342 22 1.19951
1492 7.20576e+16 9.92899e+13 4.2405e+06 56 22.0713 22 1.23022
1493 2.8823e+17 4.70435e+14 1.08601e+06 58 20.1396 20 1.17911
1494 2.30584e+18 2.27639e+15 1.08615e+06 61 20.0068 20 1.17319
1495 7.20576e+16 2.17876e+14 1.08343e+06 56 19.7715 20 1.12001
1496 1.80144e+16 4.34473e+13 293392 54 18.4053 18 1.12309
1497 2.30584e+18 2.41445e+15 294858 61 18.7715 18 1.06326
1498 5.76461e+17 7.16471e+14 1.07701e+06 59 19.6416 20 1.12043
1499 1.80144e+16 4.07394e+13 1.0805e+06 54 19.5332 20 1.14012
