958.624
0 109.829 7.27123 4 1 0.03125 0 0.028021
1 435.053 9.41814 4 2 0.0419922 0 0.0291015
2 435.053 8.17676 4 2 0.0332031 0 0.0303204
3 435.149 9.98029 5 2 0.0458984 0 0.0294217
4 435.127 10.1034 4 2 0.0498047 0 0.0290974
5 1011.78 10.8276 5 3 0.0488281 0 0.0304702
6 435.149 9.96509 5 2 0.0439453 0 0.0305977
7 434.818 10.565 5 2 0.0527344 0 0.0292348
8 434.639 10.2313 5 2 0.0488281 0 0.0303797
9 111.425 9.39572 5 1 0.0410156 0 0.0307691
10 434.639 10.6862 5 2 0.0527344 0 0.0312281
11 434.954 11.2323 5 2 0.0566406 0 0.0317413
12 434.639 9.97214 6 2 0.0449219 0 0.0308572
13 434.902 10.4468 5 2 0.0488281 0 0.030888
14 435.127 11.1582 6 2 0.0556641 0 0.0328673
15 435.151 12.2397 6 2 0.0605469 0 0.0313457
16 435.053 12.6688 6 2 0.0625 0 0.0322531
17 435.149 13.2107 6 2 0.0673828 0 0.0313015
18 435.149 12.9305 6 2 0.0664062 0 0.0313472
19 435.151 11.0373 6 2 0.0498047 0 0.0320291
20 435.151 10.8166 6 2 0.0488281 0 0.0312363
21 434.954 12.3321 6 2 0.0644531 0 0.0336232
22 112.934 11.6783 6 1 0.0576172 0 0.033434
23 435.151 11.564 6 2 0.0576172 0 0.0320389
24 435.151 14.2661 6 2 0.0712891 0 0.0318264
25 1008.92 11.7644 6 3 0.0507812 0 0.0311596
26 435.151 11.1669 6 2 0.0527344 0 0.0316756
27 435.053 13.4116 6 2 0.0703125 0 0.0310614
28 435.151 13.8188 6 2 0.0664062 0 0.0329209
29 435.149 14.0912 6 2 0.0742188 0 0.0323694
30 435.149 12.9919 6 2 0.0683594 0 0.0328513
31 434.639 12.7552 6 2 0.0664062 0 0.0320823
32 435.127 13.2002 6 2 0.0644531 0 0.0318695
33 435 10.4888 6 2 0.0429688 0 0.0321813
34 435.053 12.1975 6 2 0.0566406 0 0.0326619
35 435.151 12.4758 6 2 0.0625 0 0.0320559
36 435.127 13.1032 6 2 0.0673828 0 0.0329074
37 434.639 11.7884 6 2 0.0556641 0 0.03248
38 435.053 15.1487 6 2 0.078125 0 0.0328549
39 1011.31 14.6647 6 3 0.0712891 0 0.033468
40 435.127 13.9053 6 2 0.0664062 0 0.0327915
41 110.903 11.309 6 1 0.0517578 0 0.0327463
42 434.954 13.2357 6 2 0.0703125 0 0.0321992
43 435.053 11.9181 6 2 0.0566406 0 0.0326896
44 435.151 15.0813 6 2 0.0791016 0 0.0329921
45 435.053 13.4682 6 2 0.0664062 0 0.0317903
46 435.149 14.2921 6 2 0.0703125 0 0.0332385
47 435.149 13.1466 6 2 0.0644531 0 0.0328887
48 435.151 14.4468 6 2 0.0800781 0 0.0336542
49 435.151 12.3999 7 2 0.0546875 0 0.0339854
50 435.149 13.1757 7 2 0.0615234 0 0.0335641
51 435.151 11.8662 6 2 0.0517578 0 0.0333818
52 435.053 13.5814 7 2 0.0703125 0 0.0339391
53 435.149 12.4195 6 2 0.0595703 0 0.0325139
54 434.818 11.0481 6 2 0.0478516 0 0.0328887
55 1010.21 13.7185 6 3 0.0625 0 0.0327557
56 435.127 12.5954 6 2 0.0605469 0 0.0339933
57 435.149 14.3045 6 2 0.0712891 0 0.0347597
58 434.954 12.7823 6 2 0.0644531 0 0.0332063
59 111.425 12.8422 7 1 0.0644531 0 0.0340415
60 435.149 13.4457 7 2 0.0693359 0 0.0333457
61 435.151 13.7415 7 2 0.0683594 0 0.0338148
62 435.053 14.2219 7 2 0.0732422 0 0.0335354
63 435.151 15.2216 7 2 0.0742188 0 0.0335921
64 435.149 15.8624 7 2 0.0830078 0 0.0344176
65 435.053 15.3202 7 2 0.0820312 0 0.0335696
66 435.127 14.38 7 2 0.0732422 0 0.0343414
67 435.127 14.5142 7 2 0.0761719 0 0.0339991
68 434.818 14.7855 7 2 0.0791016 0 0.0346248
69 1012.77 13.6854 7 3 0.0595703 0 0.0340398
70 435.127 13.2558 7 2 0.0644531 0 0.034544
71 435.053 13.4194 7 2 0.0683594 0 0.0342314
72 434.954 13.103 7 2 0.0595703 0 0.0334188
73 1011.31 15.4059 7 3 0.0732422 0 0.0332273
74 435.117 14.2085 7 2 0.0693359 0 0.034313
75 435.127 14.2157 7 2 0.0722656 0 0.0336007
76 435.149 13.8846 7 2 0.0625 0 0.0342215
77 435.053 12.9693 7 2 0.0615234 0 0.033556
78 1008.92 15.7982 7 3 0.0800781 0 0.0331114
79 435.127 12.5924 7 2 0.0585938 0 0.0336487
80 435.149 16.0282 7 2 0.0830078 0 0.0346354
81 435 13.6322 7 2 0.0664062 0 0.0344117
82 1010.79 14.6927 7 3 0.0683594 0 0.0339924
83 435.127 15.5106 7 2 0.0791016 0 0.0345546
84 435.149 16.2396 8 2 0.0859375 0 0.0346667
85 435.149 15.3406 8 2 0.078125 0 0.0345623
86 435 15.4286 8 2 0.0820312 0 0.03437
87 435.127 15.2261 8 2 0.0771484 0 0.0347305
88 435.151 16.4279 7 2 0.0908203 0 0.0351749
89 435.151 16.4418 8 2 0.0908203 0 0.0345539
90 435.053 15.4974 8 2 0.0849609 0 0.0347349
91 435.151 15.8866 8 2 0.0830078 0 0.0349874
92 435.151 15.1147 8 2 0.0751953 0 0.0347655
93 435.127 13.6098 8 2 0.0644531 0 0.0346465
94 435.151 15.5688 7 2 0.0761719 0 0.0346987
95 1011.31 17.3221 8 3 0.09375 0 0.0348774
96 435.149 16.395 7 2 0.0859375 0 0.0345866
97 435.151 15.9949 7 2 0.0839844 0 0.0345181
98 435.151 15.7886 8 2 0.0800781 0 0.0351306
99 435.127 15.788 8 2 0.0800781 0 0.0353567
100 435.127 14.6927 7 2 0.0712891 0 0.0344164
101 435.127 16.8872 8 2 0.0957031 0 0.0347125
102 435.053 16.3725 8 2 0.0908203 0 0.0344435
103 1010.79 16.5325 8 3 0.0839844 0 0.0346533
104 1008.92 15.9456 8 3 0.0791016 0 0.035267
105 435.151 16.7957 8 2 0.0859375 0 0.0348981
106 435.151 16.4401 8 2 0.0810547 0 0.0355604
107 435.127 16.8079 8 2 0.0859375 0 0.03697
108 109.829 16.5743 8 1 0.0947266 0 0.035949
109 435.127 16.2185 8 2 0.0878906 0 0.0364991
110 1009.59 19.9493 8 3 0.106445 0 0.0363464
111 435 15.4627 8 2 0.0791016 0 0.0360139
112 435.127 17.2371 8 2 0.0849609 0 0.0365159
113 435.149 15.8645 8 2 0.0820312 0 0.0361517
114 435.149 16.5093 8 2 0.0859375 0 0.0367475
115 435.127 16.5946 8 2 0.0849609 0 0.0363671
116 435.127 15.5894 8 2 0.0771484 0 0.0370418
117 435.053 15.6944 8 2 0.078125 0 0.0369615
118 1010.79 16.7155 8 3 0.0810547 0 0.0369883
119 435.127 16.3986 8 2 0.0820312 0 0.0360766
120 435.151 18.2443 8 2 0.0947266 0 0.0355651
121 435.149 18.3063 8 2 0.0976562 0 0.0353955
122 435.149 16.7594 8 2 0.0859375 0 0.0363232
123 435.151 17.5283 8 2 0.0957031 0 0.0362083
124 435.151 16.1675 8 2 0.0800781 0 0.035564
125 435.151 16.8083 8 2 0.0869141 0 0.0354243
126 435.151 17.7691 8 2 0.0957031 0 0.035703
127 1009.59 19.7251 8 3 0.109375 0 0.0360005
128 435.149 18.0488 8 2 0.0966797 0 0.0367434
129 435.149 18.995 8 2 0.0976562 0 0.0362248
130 435.151 17.6481 8 2 0.0917969 0 0.0355698
131 1009.59 18.5405 9 3 0.09375 0 0.0365914
132 435.151 19.7045 8 2 0.0976562 0 0.0361679
133 435.151 19.6284 9 2 0.103516 0 0.0370661
134 435.127 17.986 8 2 0.0957031 0 0.0363096
135 435.149 17.8461 9 2 0.0878906 0 0.0367755
136 435.149 18.3954 9 2 0.0957031 0 0.037073
137 435.151 19.9925 9 2 0.104492 0 0.0370799
138 435.151 19.5549 9 2 0.110352 0 0.0366667
139 1008.92 21.4608 9 3 0.112305 0 0.036904
140 435.127 19.1424 9 2 0.105469 0 0.0372083
141 435.149 19.5627 9 2 0.109375 0 0.0375551
142 435.053 17.2665 9 2 0.0927734 0 0.0366075
143 1011.31 21.1036 9 3 0.109375 0 0.0380761
144 435.151 21.0317 9 2 0.120117 0 0.0380592
145 435.151 21.6203 9 2 0.118164 0 0.0378369
146 435.127 22.2093 9 2 0.117188 0 0.0377831
147 435.151 21.0267 9 2 0.117188 0 0.0371451
148 435.127 23.5077 9 2 0.129883 0 0.0381117
149 435.151 22.6412 9 2 0.125977 0 0.0383331
150 1008.92 23.7836 9 3 0.135742 0 0.0379031
151 1011.78 27.5743 9 3 0.152344 0 0.0380979
152 1005.85 26.6105 9 3 0.15918 0 0.0377088
153 435.149 20.7988 9 2 0.114258 0 0.0378189
154 435.151 25.6154 9 2 0.143555 0 0.037527
155 1008.92 26.4991 9 3 0.148438 0 0.0375129
156 1009.59 26.4927 9 3 0.146484 0 0.037943
157 1011.31 24.7011 9 3 0.138672 0 0.0379683
158 435.151 29.1149 9 2 0.175781 0 0.0387772
159 435.151 28.5079 9 2 0.174805 0 0.0392155
160 435.149 26.4576 9 2 0.166016 0 0.0390408
161 435.151 28.3841 9 2 0.175781 0 0.0385384
162 435.151 28.7112 9 2 0.178711 0 0.0384141
163 1010.79 30.1289 9 3 0.169922 0 0.0382117
164 435.151 26.9252 9 2 0.165039 0 0.0381881
165 435.151 27.1365 9 2 0.15918 0 0.0383701
166 1011.78 31.867 9 3 0.194336 0 0.0389126
167 1007.46 29.781 9 3 0.168945 0 0.0386133
168 435.151 28.7912 9 2 0.180664 0 0.0387909
169 1008.92 32.0429 9 3 0.188477 0 0.039234
170 435.151 30.9769 9 2 0.1875 0 0.03941
171 1007.46 33.3433 9 3 0.203125 0 0.0393698
172 435.151 32.7047 9 2 0.202148 0 0.039987
173 435.151 30.5009 9 2 0.19043 0 0.0394126
174 435.151 33.2374 9 2 0.205078 0 0.0392112
175 1012.18 35.4564 10 3 0.216797 0 0.0402665
176 435.151 32.0361 9 2 0.195312 0 0.0404241
177 435.151 34.0406 9 2 0.212891 0 0.0404586
178 1009.59 37.6121 9 3 0.220703 0 0.0403408
179 435.151 33.425 9 2 0.214844 0 0.0401385
180 435.151 38.2751 9 2 0.236328 0 0.0406126
181 1011.31 34.4725 9 3 0.224609 0 0.040239
182 435.151 33.0218 9 2 0.203125 0 0.0407583
183 1011.31 39.2414 9 3 0.237305 0 0.0413674
184 1008.92 33.1202 9 3 0.201172 0 0.0401126
185 1005.85 36.5861 10 3 0.231445 0 0.0397899
186 435.151 37.6196 9 2 0.236328 0 0.0402232
187 1010.79 38.121 10 3 0.241211 0 0.0401294
188 1010.21 34.8097 9 3 0.203125 0 0.0400739
189 435.151 33.9025 9 2 0.21582 0 0.0405073
190 435.151 36.3641 10 2 0.231445 0 0.0402458
191 1008.92 36.6537 9 3 0.225586 0 0.0397368
192 435.151 37.504 10 2 0.240234 0 0.0405744
193 435.151 40.3632 11 2 0.261719 0 0.0402886
194 1011.78 37.4513 11 3 0.241211 0 0.040303
195 1010.79 39.7155 11 3 0.25293 0 0.0407517
196 1008.92 40.7063 11 3 0.253906 0 0.0408871
197 1008.92 39.5786 11 3 0.251953 0 0.0403332
198 1012.18 34.9734 11 3 0.225586 0 0.0416335
199 435.151 33.2901 10 2 0.212891 0 0.0411161
200 1008.92 41.035 10 3 0.262695 0 0.040947
201 1010.21 37.2695 11 3 0.244141 0 0.0409199
202 1008.92 40.4474 11 3 0.250977 0 0.0405057
203 1010.21 40.9762 10 3 0.256836 0 0.0405807
204 1008.92 44.0071 11 3 0.270508 0 0.0414321
205 1008.92 37.4989 11 3 0.234375 0 0.0422207
206 1011.31 43.1319 11 3 0.272461 0 0.0407094
207 435.151 39.0841 11 2 0.250977 0 0.0416851
208 1008.92 40.7525 11 3 0.260742 0 0.0408493
209 1009.59 38.8427 11 3 0.258789 0 0.0408537
210 435.151 37.8062 11 2 0.242188 0 0.0405162
211 435.151 37.6455 11 2 0.251953 0 0.0408593
212 1008.92 41.6511 10 3 0.270508 0 0.0410076
213 1008.92 45.1071 11 3 0.277344 0 0.0407519
214 435.151 40.7747 11 2 0.259766 0 0.0401784
215 1008.92 46.0781 11 3 0.283203 0 0.0406636
216 1010.21 45.5033 11 3 0.287109 0 0.0413873
217 1009.59 39.0929 12 3 0.25293 0 0.0408997
218 1009.59 47.8502 12 3 0.313477 0 0.0415314
219 1011.31 44.2031 11 3 0.280273 0 0.0416079
220 1843.9 44.9314 11 4 0.270508 0 0.0410562
221 1843.9 44.4427 11 4 0.27832 0 0.040949
222 435.151 41.0392 11 2 0.262695 0 0.040993
223 1008.92 42.8959 11 3 0.264648 0 0.0411147
224 1011.78 42.681 11 3 0.276367 0 0.0414282
225 435.151 43.3355 11 2 0.266602 0 0.0413895
226 1010.21 44.1233 11 3 0.271484 0 0.0416442
227 1008.92 39.5965 11 3 0.258789 0 0.0422432
228 435.149 38.0209 12 2 0.246094 0 0.0426518
229 435.151 43.1568 11 2 0.280273 0 0.0410741
230 1008.92 43.4672 11 3 0.273438 0 0.0423937
231 435.151 42.8957 11 2 0.271484 0 0.0419336
232 435.151 41.7756 12 2 0.269531 0 0.042183
233 1010.79 43.1809 12 3 0.269531 0 0.0418103
234 435.151 44.1991 12 2 0.292969 0 0.0414589
235 435.151 45.2049 11 2 0.289062 0 0.0412668
236 435.151 41.7014 11 2 0.270508 0 0.0423739
237 1009.59 48.5175 12 3 0.287109 0 0.0434062
238 1009.59 42.3389 11 3 0.277344 0 0.0415634
239 1843.9 40.7726 12 4 0.269531 0 0.0418178
240 1008.92 39.6105 12 3 0.246094 0 0.0433509
241 1007.46 49.5225 12 3 0.305664 0 0.0441436
242 1011.31 46.1326 13 3 0.294922 0 0.0433085
243 1011.31 39.1741 12 3 0.239258 0 0.0434011
244 435.151 44.7629 12 2 0.292969 0 0.0421866
245 1011.31 47.0361 12 3 0.294922 0 0.0420856
246 1009.59 41.7808 12 3 0.280273 0 0.0429767
247 1007.46 44.3691 12 3 0.288086 0 0.0415541
248 1012.18 42.2293 11 3 0.262695 0 0.0425655
249 1008.92 43.6943 13 3 0.277344 0 0.0439573
250 1011.78 45.9789 12 3 0.291016 0 0.0430495
251 1845.26 45.309 12 4 0.280273 0 0.0428047
252 1008.92 42.1047 12 3 0.279297 0 0.0435779
253 1009.59 46.0819 13 3 0.294922 0 0.0428341
254 435.151 45.1078 12 2 0.298828 0 0.0443942
255 1009.59 46.0804 12 3 0.291992 0 0.0438475
256 1008.92 50.0954 13 3 0.304688 0 0.0436885
257 1007.46 46.0818 13 3 0.292969 0 0.0446522
258 435.151 43.801 12 2 0.269531 0 0.0435092
259 1011.31 50.7003 13 3 0.320312 0 0.0439636
260 1010.79 44.7396 13 3 0.290039 0 0.0439693
261 435.151 42.6888 13 2 0.272461 0 0.0443186
262 1012.18 47.6544 13 3 0.294922 0 0.0467671
263 1008.92 47.8442 13 3 0.299805 0 0.0445177
264 1012.52 46.8257 13 3 0.291016 0 0.0475595
265 435.151 45.3225 13 2 0.285156 0 0.0458968
266 1834.62 46.6067 13 4 0.293945 0 0.0455028
267 1008.21 49.9988 13 3 0.308594 0 0.0451861
268 1001.24 46.9998 13 3 0.283203 0 0.0468723
269 1011.31 48.0973 13 3 0.289062 0 0.0461754
270 435.151 47.1025 13 2 0.288086 0 0.0472453
271 1005.85 44.6483 13 3 0.282227 0 0.0454247
272 1008.92 49.4673 13 3 0.290039 0 0.047168
273 1005.85 47.2875 13 3 0.292969 0 0.0490018
274 1837.92 49.4942 13 4 0.293945 0 0.0465634
275 1008.92 58.4028 14 3 0.359375 0 0.0498478
276 1008.92 48.9061 13 3 0.305664 0 0.0490955
277 1005.85 50.379 13 3 0.308594 0 0.049902
278 1004.99 51.7827 14 3 0.303711 0 0.0540439
279 1834.62 47.0047 14 4 0.280273 0 0.0523412
280 1009.59 56.0925 15 3 0.333008 0 0.0555996
281 1837.92 48.8808 15 4 0.279297 0 0.0568205
282 1010.21 63.2303 16 3 0.365234 0 0.0561621
283 1009.59 48.5573 15 3 0.288086 0 0.0571034
284 1843.9 56.3073 15 4 0.314453 0 0.0568517
285 435.151 48.7989 15 2 0.288086 0 0.0624628
286 1006.68 55.2513 16 3 0.320312 0 0.0612635
287 1008.21 57.7327 16 3 0.316406 0 0.0621883
288 1003.18 63.5487 17 3 0.348633 0 0.0668471
289 1008.92 64.3977 18 3 0.349609 0 0.070392
290 1843.9 65.5813 18 4 0.333008 0 0.0788698
291 992.422 65.8096 20 3 0.365234 0 0.0752033
292 1815.68 67.837 21 4 0.362305 0 0.0777547
293 1011.31 67.5337 20 3 0.361328 0 0.0739913
294 994.777 63.4655 22 3 0.336914 0 0.0816166
295 1839.49 71.8673 22 4 0.34375 0 0.090607
296 1011.78 76.7533 26 3 0.37793 0 0.0904571
297 1712 69.9907 23 4 0.353516 0 0.0864574
298 1827.51 67.2463 24 4 0.321289 0 0.0923596
299 1000.23 73.2576 27 3 0.320312 0 0.0974388
300 1004.99 73.7439 27 3 0.328125 0 0.112552
301 1010.21 77.9091 31 3 0.336914 0 0.108209
302 1002.23 81.3191 40 3 0.37793 0 0.111983
303 1836.29 79.2079 33 4 0.360352 0 0.113113
304 1008.92 76.4265 36 3 0.319336 0 0.115711
305 1815.68 87.2974 62 4 0.356445 0 0.130047
306 1823.71 87.7266 101 4 0.369141 0 0.124298
307 1008.21 87.282 101 3 0.362305 0 0.118134
308 1010.21 86.7611 101 3 0.349609 0 0.135842
309 1813.59 90.3625 101 4 0.364258 0 0.128488
310 2877.78 87.9112 101 5 0.347656 0 0.134434
311 2942.72 84.9782 101 5 0.317383 0 0.133052
312 1007.46 84.5904 101 3 0.334961 0 0.132731
313 1008.92 92.6113 101 3 0.362305 0 0.148473
314 999.194 82.0517 101 3 0.337891 0 0.144619
315 1738.37 83.374 101 4 0.316406 0 0.135491
316 1837.92 90.4854 101 4 0.337891 0 0.144881
317 1757.8 91.9185 101 4 0.353516 0 0.140142
318 1848.92 89.2586 101 4 0.329102 0 0.144147
319 2915.92 89.8764 101 5 0.322266 0 0.148255
320 1829.35 98.052 101 4 0.365234 0 0.149403
321 1842.49 95.0474 101 4 0.34668 0 0.144639
322 2891.12 98.2237 101 5 0.354492 0 0.154983
323 1006.68 87.9089 101 3 0.325195 0 0.149539
324 1837.92 96.6076 101 4 0.371094 0 0.148433
325 1823.71 97.0616 101 4 0.366211 0 0.140837
326 1006.68 95.868 101 3 0.371094 0 0.142753
327 1827.51 101.172 101 4 0.351562 0 0.160379
328 1825.63 96.7811 101 4 0.323242 0 0.160593
329 1006.68 100.464 101 3 0.356445 0 0.158691
330 1732.64 103.227 101 4 0.387695 0 0.151369
331 1002.23 96.018 101 3 0.368164 0 0.147569
332 1005.85 96.642 101 3 0.357422 0 0.149983
333 1771.04 97.4203 101 4 0.365234 0 0.157887
334 1807.12 103.896 101 4 0.375977 0 0.148592
335 1008.21 101.686 101 3 0.378906 0 0.148605
336 1002.23 101.386 101 3 0.385742 0 0.156797
337 1842.49 100.993 101 4 0.373047 0 0.138996
338 993.611 102.085 101 3 0.378906 0 0.157852
339 1005.85 109.302 101 3 0.402344 0 0.161369
340 1791.02 104.257 101 4 0.388672 0 0.1635
341 1007.46 104.109 101 3 0.366211 0 0.156987
342 2731.9 108.395 101 5 0.402344 0 0.163589
343 5771.56 110.991 101 7 0.402344 0 0.154952
344 1008.21 112.994 101 3 0.416016 0 0.153634
345 1825.63 115.49 101 4 0.427734 0 0.157254
346 2663.54 124.05 101 5 0.488281 0 0.150796
347 2682.21 111.706 101 5 0.419922 0 0.154798
348 2282.43 115.894 101 5 0.433594 0 0.151139
349 2856.74 110.906 101 5 0.417969 0 0.160307
350 1843.9 116.985 101 4 0.445312 0 0.163094
351 1837.92 117.091 101 4 0.419922 0 0.152796
352 1815.68 116.781 101 4 0.438477 0 0.151779
353 1010.21 104.648 101 3 0.387695 0 0.16104
354 1798.09 116.263 101 4 0.436523 0 0.154064
355 1664.9 122.733 101 4 0.460938 0 0.153381
356 1760.49 117.61 101 4 0.43457 0 0.152699
357 1723.91 109.399 101 4 0.419922 0 0.157065
358 1781.23 117.664 101 4 0.46582 0 0.155113
359 1815.68 120.807 101 4 0.46875 0 0.149926
360 1798.09 125.122 101 4 0.482422 0 0.154726
361 1809.31 117.476 101 4 0.421875 0 0.158654
362 4907.77 129.687 101 7 0.474609 0 0.158581
363 2059.41 123.67 101 5 0.477539 0 0.160539
364 1798.09 128.384 101 4 0.506836 0 0.157212
365 2849.48 126.292 101 5 0.50293 0 0.159525
366 2757.91 122.766 101 5 0.461914 0 0.146366
367 2906.93 127.367 101 5 0.507812 0 0.155447
368 5667.5 122.575 101 7 0.492188 0 0.148374
369 1819.76 131.011 101 4 0.543945 0 0.145246
370 3789.31 128.892 101 6 0.514648 0 0.152816
371 1760.49 123.928 101 4 0.511719 0 0.157754
372 2727.49 141.235 101 5 0.544922 0 0.153751
373 1813.59 143.008 101 4 0.563477 0 0.149306
374 7285.66 144.829 101 8 0.561523 0 0.150561
375 5282.07 160.696 101 7 0.637695 0 0.152566
376 1831.15 143.738 101 4 0.59375 0 0.154084
377 2723.05 156.16 101 5 0.634766 0 0.159044
378 4201.3 154.476 101 6 0.628906 0 0.152602
379 2860.33 156.534 101 5 0.646484 0 0.146233
380 2867.41 167.356 101 5 0.696289 0 0.144516
381 4113.41 179.702 101 6 0.704102 0 0.146865
382 3446.89 176.436 101 6 0.69043 0 0.147983
383 3944.23 181.069 101 6 0.729492 0 0.141299
384 2834.58 176.043 101 5 0.732422 0 0.147425
385 3637.32 192.485 101 6 0.770508 0 0.141571
386 3822.58 188.588 105.663 6 0.769531 1 0.135555
387 4155.95 191.926 101 6 0.771484 0 0.141882
388 3658.56 200.562 108.709 6 0.819336 1 0.1359
389 3363.11 194.696 110.371 6 0.80957 1 0.140433
390 5256.55 193.881 105.663 7 0.770508 1 0.141279
391 4239.12 212.301 108.709 6 0.810547 1 0.142145
392 7549.02 209.782 106.306 8 0.806641 1 0.144482
393 5556.33 205.887 109.829 7 0.834961 1 0.135748
394 7785.47 215.344 110.903 8 0.839844 1 0.13938
395 5462.84 246.36 112.44 7 0.946289 1 0.148669
396 4210.99 253.395 112.934 6 0.955078 1 0.146211
397 4917.09 253.39 112.934 7 0.949219 1 0.152316
398 5222.21 274.938 113.419 7 0.995117 1 0.153931
399 10095.6 251.782 113.419 9 0.947266 1 0.141427
400 19390.1 296.074 112.934 12 0.990234 1 0.148049
401 5688.91 302.102 114.828 7 1.05957 1 0.155262
402 5601.59 270.155 113.897 7 0.989258 1 0.151342
403 5645.8 281.496 115.282 7 1.0293 1 0.151164
404 7439.11 304.181 115.282 8 1.07422 1 0.155025
405 9260.83 324.681 114.828 9 1.08984 1 0.155328
406 16007.6 324.87 117.45 11 1.09668 1 0.160234
407 5430.85 300.166 114.366 7 1.06445 1 0.151303
408 5609.03 319.369 116.17 7 1.12988 1 0.150778
409 9817.93 342.636 116.603 9 1.16602 1 0.147471
410 7645.47 320.797 118.273 8 1.13086 1 0.156974
411 11782.8 368.554 115.729 10 1.15527 1 0.164984
412 11513.2 351.14 118.273 10 1.18066 1 0.161481
413 6583.03 349.285 117.45 8 1.18652 1 0.163439
414 7636.89 364.523 118.273 8 1.18848 1 0.161319
415 8892.22 390.784 118.675 9 1.2334 1 0.162683
416 12211 396.73 119.071 10 1.22949 1 0.167115
417 12622.1 462.406 121.693 10 1.32617 1 0.163304
418 5623.83 363.137 119.847 7 1.24121 1 0.163711
419 11219.4 429.942 117.45 10 1.27051 1 0.17329
420 8773.55 372.256 120.97 9 1.22559 1 0.167312
421 10786.6 419.402 120.97 10 1.28027 1 0.166277
422 5594.12 370.111 119.071 7 1.24023 1 0.170088
423 7575.75 428.322 121.334 8 1.29883 1 0.164765
424 10132.4 431.767 122.396 10 1.3418 1 0.166992
425 15759.9 471.497 121.693 11 1.375 1 0.17111
426 12293.2 471.313 124.072 10 1.36328 1 0.174443
427 12333.8 465.12 123.415 10 1.37012 1 0.179764
428 15186.7 462.078 120.601 11 1.34082 1 0.175132
429 18755.9 466.574 120.97 12 1.37207 1 0.167174
430 20621.4 518.108 126.815 12 1.45312 1 0.182812
431 15101.6 483.19 136.624 11 1.44336 1 0.170613
432 21136.3 563.605 126.234 12 1.53223 1 0.164585
433 16330.3 560.898 125.637 12 1.51367 1 0.179587
434 26324.5 593.393 136.764 13 1.57324 1 0.183651
435 11318.6 530.233 130.931 11 1.50488 1 0.172619
436 17986.5 537.936 134.39 12 1.49512 1 0.196282
437 58658.8 642.328 125.332 15 1.53613 1 0.184662
438 37730.6 630.698 136.764 14 1.56348 1 0.190693
439 27088.6 627.468 128.466 13 1.58105 1 0.179555
440 17811.1 625.908 136.764 12 1.59375 1 0.180022
441 12596.7 637.316 137.17 10 1.66016 1 0.182723
442 14629.5 621.089 136.764 11 1.60742 1 0.189774
443 15354.6 729.301 137.427 11 1.75586 1 0.195983
444 20033.2 658.323 136.482 12 1.61133 1 0.181918
445 14841.9 631.061 136.902 11 1.61914 1 0.183937
446 16796 792.282 138.363 12 1.88281 1 0.186509
447 26098.8 696.454 137.3 13 1.70215 1 0.187972
448 28876.3 780.706 137.037 14 1.7832 1 0.181473
449 14789.2 705.181 137.427 11 1.72559 1 0.1914
450 20621.4 749.123 137.796 12 1.78906 1 0.186715
451 567307 1417.6 137.3 19 1.87598 1 0.203185
452 12558.2 734.91 137.3 10 1.7627 1 0.196684
453 15203.7 756.404 137.675 11 1.76367 1 0.193073
454 13893.8 793.818 138.143 11 1.85645 1 0.19241
455 28081.5 768.594 137.553 13 1.7998 1 0.185895
456 18545.6 915.254 138.675 12 1.94141 1 0.191814
457 25355.8 892.416 137.675 13 1.87402 1 0.191262
458 57497 931.665 138.675 15 1.94141 1 0.190153
459 16353.8 847.255 138.03 12 1.90137 1 0.208235
460 58034.6 1030.81 138.143 15 2.06641 1 0.21483
461 37330.4 940.617 138.774 14 1.96387 1 0.199222
462 20108.7 906.621 139.059 12 1.99609 1 0.191753
463 25450.3 974.938 139.324 13 2.04785 1 0.210495
464 90173.9 1123.69 139.57 16 2.11133 1 0.198405
465 26831.4 1060.75 340.249 13 2.16992 2 0.219487
466 36053.8 1020.52 139.408 14 2.09863 1 0.204772
467 22829.4 960.786 138.143 13 1.98828 1 0.207634
468 24311.8 1122.41 138.774 13 2.16895 1 0.205383
469 94611.2 1253.44 321.03 16 2.21875 2 0.204627
470 35973.3 1178.81 140.689 14 2.16699 1 0.208785
471 38620.9 1395.74 360.433 14 2.39551 2 0.22198
472 92494.1 1277.07 140.362 16 2.23047 1 0.209983
473 37976.1 1392.51 369.909 14 2.44043 2 0.222779
474 56378.4 1552.45 352.773 15 2.46094 2 0.23322
475 38737.3 1540.13 373.981 14 2.52637 2 0.224368
476 160692 1662.84 410.814 17 2.5791 2 0.232936
477 39035 1567.84 360.433 14 2.48633 2 0.22123
478 157645 1666.56 353.882 17 2.43555 2 0.225562
479 57305.3 1584.95 399.84 15 2.55762 2 0.225596
480 94495.4 1832.2 373.981 16 2.66797 2 0.243134
481 88414.3 1856.24 415.735 16 2.72266 2 0.229967
482 290839 2320.2 364.698 18 2.6416 2 0.23252
483 160798 2254.58 425.352 17 2.9082 2 0.239092
484 163409 2343.67 418.362 17 2.80371 2 0.241835
485 562341 3056.17 428.738 19 3.00781 2 0.244268
486 1.08937e+06 4604.63 429.175 20 3.2627 2 0.257423
487 563512 5065.22 433.114 19 3.60254 2 0.275888
488 4.24597e+06 13635.4 833.221 22 4.43652 3 0.330432
489 1.0908e+06 11627.5 1765.81 20 5.47949 4 0.387169
490 566046 14111.7 1542.14 19 5.45703 4 0.393034
491 1.09258e+06 13770.2 1687.34 20 5.54102 4 0.397337
492 1.08887e+06 14026.8 2217.82 20 5.80078 5 0.423419
493 563710 11895.2 2434.4 19 5.83301 5 0.411759
494 555447 13608.9 2339.85 19 5.82324 5 0.440641
495 560717 10470.2 2390.4 19 5.8457 5 0.424381
496 1.08412e+06 10239.7 2157.81 20 5.54688 5 0.411189
497 564143 12084.8 2288.23 19 5.64453 5 0.390915
498 1.08451e+06 14016.9 2555.66 20 5.90625 5 0.404566
499 1.08421e+06 13335.3 2590.9 20 5.92383 5 0.418277
500 560674 13860 2565.81 19 6.08008 5 0.43496
501 1.09163e+06 13799.2 2723.05 20 6.09766 5 0.411322
502 560759 12855.3 2672.92 19 6.06445 5 0.421361
503 4.2494e+06 25354.6 2830.78 22 6.2334 5 0.422633
504 1.08122e+06 14087 2412.51 20 5.97559 5 0.436119
505 562012 14234.5 2199.94 19 5.85059 5 0.406419
506 2.14535e+06 17576 2211.87 21 5.89453 5 0.429863
507 8.44375e+06 26432.7 2339.85 23 5.92188 5 0.419193
508 4.24217e+06 24769.5 2096.64 22 5.97949 5 0.413854
509 2.14654e+06 21216.3 2379.26 21 6.03906 5 0.403671
510 2.14489e+06 25338 2605.75 21 6.2041 5 0.416774
511 8.43218e+06 39185.5 2317.04 23 6.13867 5 0.401001
512 1.09133e+06 18619.8 2247.37 20 5.89258 5 0.390746
513 2.14348e+06 27650.9 2691.43 21 6.26758 5 0.425155
514 1.08909e+06 16559.4 2634.97 20 6.13867 5 0.399303
515 8.4464e+06 32252.1 2709.62 23 6.21875 5 0.43149
516 1.68385e+07 51822.4 2700.57 24 6.45605 5 0.417888
517 4.24864e+06 32478.9 2560.74 22 5.94043 5 0.390173
518 8.44864e+06 41654.8 2356.82 23 6.0332 5 0.415061
519 8.4437e+06 40345.4 2503.93 23 6.0127 5 0.408472
520 2.1473e+06 23993.2 2145.67 21 5.87109 5 0.372759
521 2.14362e+06 24202.6 2384.84 21 5.93359 5 0.378858
522 1.08734e+06 18551.2 2570.86 20 6.03906 5 0.4128
523 1.68309e+07 37250.8 2585.91 24 6.11133 5 0.398805
524 3.36175e+07 83192.3 2723.05 25 6.47852 5 0.417368
525 8.4402e+06 57632.6 2634.97 23 6.57227 5 0.458845
526 4.2449e+06 38423.2 3093.2 22 6.77832 6 0.440055
527 2.1469e+06 34514.5 2753.63 21 6.55566 5 0.450539
528 8.44298e+06 40377.5 2395.95 23 6.16895 5 0.424186
529 3.36226e+07 85237 3446.89 25 6.86523 6 0.43363
530 4.2435e+06 37687.7 2877.78 22 6.7627 5 0.436988
531 4.24657e+06 48517.3 3956.58 22 7.07812 6 0.444051
532 4.23493e+06 36637.4 3623.07 22 6.79688 6 0.423694
533 8.4493e+06 67500.4 3796.01 23 6.95605 6 0.45427
534 8.4463e+06 34990.7 3919.27 23 6.93652 6 0.434808
535 3.36203e+07 81476.8 3043.95 25 6.52148 6 0.420062
536 1.68364e+07 85076.3 3521.43 24 7.01953 6 0.449941
537 6.71778e+07 126485 3938.03 26 7.30176 6 0.443822
538 1.68376e+07 102459 5239.43 24 7.75293 7 0.458205
539 8.4498e+06 68504 4639.85 23 7.25879 7 0.434624
540 1.68408e+07 89433.6 4630.03 24 7.44727 7 0.445473
541 4.24587e+06 58237.7 3980.72 22 7.27539 7 0.442075
542 8.45112e+06 76831.5 4005 23 7.20996 6 0.412037
543 6.71822e+07 131784 4460.7 26 7.33008 7 0.440845
544 3.36192e+07 126641 4823.15 25 7.35547 7 0.43266
545 8.44843e+06 86768.9 3944.23 23 7.42578 6 0.441145
546 1.68354e+07 117975 3651.5 24 7.19922 6 0.442229
547 1.68398e+07 76861.6 3700.57 24 7.13672 6 0.424197
548 4.2483e+06 61093.3 3285.4 22 6.93164 6 0.42238
549 8.44225e+06 47936.5 3601.57 23 6.86035 6 0.425819
550 3.36153e+07 145501 3999.03 25 7.40918 6 0.436248
551 6.71801e+07 178994 4206.17 26 7.37793 6 0.443448
552 3.36139e+07 111885 3835.74 25 7.11133 6 0.432487
553 4.29507e+09 4.34637e+06 3874.74 32 7.22754 6 0.440601
554 1.68367e+07 128221 4155.95 24 7.55273 6 0.430363
555 6.71825e+07 248480 3999.03 26 7.42285 6 0.443001
556 1.68275e+07 121071 4785.07 24 7.45996 7 0.42917
557 3.36141e+07 126495 4746.72 25 7.50586 7 0.468812
558 3.36171e+07 132016 3894.21 25 7.29492 7 0.451643
559 8.43968e+06 77309.7 3829.17 23 7.29102 6 0.437641
560 1.68357e+07 87886.1 3868.3 24 7.25488 6 0.475155
561 1.3429e+08 415037 3887.57 27 7.35352 6 0.463428
562 3.36244e+07 144831 4981.75 25 7.79297 7 0.466132
563 6.71826e+07 178465 5239.43 26 7.78125 7 0.470971
564 1.68355e+07 129871 4040.28 24 7.51855 6 0.444898
565 8.44682e+06 97497 3887.57 23 7.33496 6 0.428397
566 1.34293e+08 297588 4698.39 27 7.54297 7 0.440548
567 6.7185e+07 308915 4068.96 26 7.6084 6 0.438562
568 3.36193e+07 228965 4107.95 25 7.64062 6 0.450259
569 1.68457e+07 163084 4239.12 24 7.81836 6 0.452594
570 1.68448e+07 127273 4022.75 24 7.39258 6 0.431065
571 4.24627e+06 69029.5 3439.35 22 7.11719 6 0.434821
572 1.34297e+08 276212 3579.91 27 7.19238 6 0.422695
573 2.685e+08 449565 4186.5 28 7.72363 6 0.439363
574 1.07385e+09 1.88018e+06 5045.49 30 8.0957 7 0.4468
575 6.71712e+07 330195 4068.96 26 7.78711 6 0.437826
576 2.68524e+08 532161 3741.93 28 7.44824 6 0.424494
577 1.34297e+08 375599 3514.05 27 7.47656 6 0.443708
578 1.343e+08 423586 4775.51 27 8.03613 7 0.463244
579 1.34295e+08 317653 5414.7 27 8.24707 7 0.462287
580 3.36187e+07 177203 3993.04 25 7.83789 6 0.440802
581 1.68407e+07 170888 4560.86 24 7.78809 7 0.450102
582 6.71868e+07 329384 5486.57 26 8.15137 7 0.471629
583 1.34304e+08 286662 3974.91 27 7.49805 6 0.409054
584 6.7181e+07 350487 3944.23 26 7.52246 6 0.435835
585 6.71813e+07 267734 3968.82 26 7.64844 6 0.418011
586 6.71712e+07 282610 3855.34 26 7.42676 6 0.409799
587 1.07384e+09 1.2504e+06 5307.39 30 7.87012 7 0.426521
588 1.68392e+07 172411 5357.41 24 7.82129 7 0.434513
589 2.14758e+09 2.89396e+06 4051.83 31 7.7793 6 0.416024
590 6.71865e+07 302121 5533.32 26 8.24707 7 0.464307
591 1.3429e+08 380770 4842.08 27 7.7832 7 0.444249
592 1.07384e+09 1.29221e+06 5248 30 8.06836 7 0.455643
593 1.07384e+09 2.03092e+06 7104.48 30 8.94141 8 0.509404
594 1.34295e+08 465271 7042.23 27 8.65723 8 0.462231
595 2.14759e+09 2.81868e+06 8238.16 31 9.03711 9 0.482099
596 2.68517e+08 716709 8852.88 28 9.23047 9 0.495716
597 3.36237e+07 233887 9060.14 25 9.07129 9 0.460043
598 8.59006e+09 8.75021e+06 7265.96 33 8.81055 8 0.464292
599 1.34289e+08 473592 9085.59 27 9.13477 9 0.465408
600 6.71743e+07 371609 9273.14 26 9.34082 9 0.473592
601 2.68524e+08 1.27492e+06 7549.02 28 8.89453 8 0.469457
602 5.36962e+08 853035 7315 29 8.68652 8 0.457567
603 2.68525e+08 882307 7429.74 28 8.91895 8 0.467869
604 1.34298e+08 643610 7114.77 27 8.66895 8 0.458141
605 1.34301e+08 614006 8095.7 27 8.97168 9 0.479085
606 1.34289e+08 524636 8571.59 27 9.07324 9 0.483615
607 6.71803e+07 482960 7145.48 26 8.65723 8 0.463135
608 1.34291e+08 305936 8280.5 27 8.87793 9 0.468432
609 2.68518e+08 624564 7363.33 28 8.90332 8 0.486726
610 2.68521e+08 686079 6244.5 28 8.74707 8 0.497777
611 2.68524e+08 968353 8489.39 28 9.23438 9 0.49585
612 2.68517e+08 638561 7256.07 28 9.13379 8 0.486421
613 5.36945e+08 1.71415e+06 7420.35 29 9.2627 8 0.507473
614 8.59005e+09 1.11306e+07 8839.72 33 9.25879 9 0.504517
615 6.7179e+07 504785 9696.83 26 9.5918 9 0.528527
616 5.36962e+08 1.52588e+06 11513.2 29 9.97949 10 0.533016
617 3.43599e+10 3.40352e+07 9346.44 35 9.25293 9 0.513927
618 2.14759e+09 2.97176e+06 6292.15 31 8.5625 8 0.505377
619 1.07384e+09 2.66179e+06 8826.53 30 9.20508 9 0.508145
620 5.36951e+08 1.37553e+06 9260.83 29 9.55859 9 0.504551
621 1.37439e+11 1.3539e+08 10162.4 37 9.74902 9 0.509004
622 2.6852e+08 1.48724e+06 12169.4 28 10.0117 10 0.513528
623 1.718e+10 1.85388e+07 11156.4 34 9.87402 10 0.511402
624 1.07384e+09 2.84823e+06 13684.5 30 10.5137 11 0.536629
625 5.36957e+08 1.62052e+06 12197.1 29 10.1152 10 0.549584
626 1.718e+10 1.87616e+07 11986 34 10.0225 10 0.551031
627 8.59003e+09 1.85476e+07 11467.5 33 10.4629 10 0.57122
628 1.07384e+09 3.24551e+06 10404.7 30 10.0391 10 0.564554
629 5.36962e+08 2.59285e+06 4600.48 29 8.54102 7 0.50969
630 2.14759e+09 3.68212e+06 7285.66 31 9.47949 8 0.567276
631 1.718e+10 2.05377e+07 3460.69 34 7.98047 7 0.513191
632 4.29507e+09 9.29995e+06 3640.86 32 8.34473 7 0.53833
633 4.29507e+09 8.3499e+06 6014.2 32 9.29102 8 0.539589
634 3.43599e+10 3.97686e+07 5791.42 35 9.1543 7 0.528741
635 3.43599e+10 3.79244e+07 7324.72 35 9.63965 8 0.537424
636 8.59005e+09 1.45485e+07 6339.5 33 9.71387 8 0.554816
637 1.718e+10 2.40238e+07 12739.1 34 10.5693 11 0.571891
638 2.14758e+09 5.37129e+06 6806.59 31 9.66602 8 0.57087
639 2.14758e+09 6.05382e+06 7021.28 31 9.46191 8 0.545396
640 5.36962e+08 2.36091e+06 5815.39 29 9.05176 8 0.538642
641 4.29508e+09 7.84921e+06 6304.01 32 9.38086 8 0.526411
642 8.59006e+09 1.05644e+07 7401.46 33 9.61035 8 0.539215
643 1.07385e+09 4.68634e+06 8461.81 30 9.97266 9 0.512997
644 2.14758e+09 4.17676e+06 9346.44 31 10.0107 9 0.512141
645 2.68516e+08 968741 5790.24 28 9.10059 8 0.494049
646 1.07384e+09 4.18033e+06 6983.32 30 9.30664 9 0.497343
647 8.59006e+09 1.87979e+07 6968.48 33 9.13574 8 0.472608
648 5.36963e+08 2.18597e+06 8957.3 29 9.63965 9 0.522074
649 2.6852e+08 1.52855e+06 6583.03 28 9.1875 8 0.482517
650 5.36964e+08 1.35818e+06 5594.12 29 8.91699 7 0.482413
651 3.43599e+10 3.83001e+07 8892.22 35 9.77148 9 0.532046
652 1.07384e+09 4.91224e+06 8420.29 30 9.92871 9 0.524439
653 5.36957e+08 2.52385e+06 8786.83 29 9.95703 9 0.528479
654 1.34301e+08 1.95316e+06 8866.02 27 9.88379 9 0.542295
655 1.07383e+09 3.63817e+06 7246.15 30 9.58203 8 0.520455
656 2.14759e+09 4.15232e+06 9418.71 31 9.99707 9 0.518769
657 4.29507e+09 9.8107e+06 8571.59 32 9.89453 9 0.550374
658 2.1476e+09 3.85959e+06 7410.92 31 9.61035 8 0.523615
659 2.14758e+09 5.87344e+06 7305.25 31 9.50879 8 0.534874
660 4.29506e+09 7.13028e+06 7052.67 32 9.39258 8 0.521578
661 4.29509e+09 1.60782e+07 9685.61 32 9.88086 9 0.511582
662 1.718e+10 2.36969e+07 9034.58 34 10.0303 9 0.52538
663 2.14758e+09 6.53531e+06 13511.2 31 10.7334 11 0.560562
664 4.29507e+09 7.80714e+06 15568 32 10.8076 11 0.553975
665 3.43599e+10 4.87368e+07 13950.4 35 10.6562 11 0.536298
666 1.718e+10 2.77058e+07 14155.9 34 10.9219 11 0.561379
667 4.29507e+09 6.56775e+06 20405.2 32 11.3994 12 0.543291
668 4.29507e+09 1.06492e+07 14718.5 32 10.7734 11 0.536912
669 3.43599e+10 9.20472e+07 12306.8 35 10.6094 10 0.523041
670 1.07383e+09 5.04605e+06 11282 30 10.5078 10 0.5419
671 6.87196e+10 8.05425e+07 12427.5 36 10.6152 10 0.534398
672 8.59005e+09 2.93103e+07 13530.5 33 10.8584 11 0.530114
673 2.74878e+11 2.98806e+08 11344.3 38 10.4043 10 0.508379
674 8.59004e+09 1.2659e+07 13703.7 33 10.5293 11 0.515413
675 2.14759e+09 5.80842e+06 14431.3 31 10.79 11 0.534581
676 4.29507e+09 7.79042e+06 11589 32 10.4629 10 0.525759
677 1.718e+10 2.3852e+07 15135.8 34 10.9326 11 0.541122
678 2.14758e+09 5.58676e+06 18117.1 31 11.1631 12 0.563946
679 2.14758e+09 6.89346e+06 14929.2 31 10.916 11 0.552363
680 1.07383e+09 3.08159e+06 12320.3 30 10.5391 10 0.564247
681 4.29507e+09 1.09358e+07 12279.6 32 10.4805 10 0.549063
682 8.59005e+09 1.58456e+07 11885.1 33 10.2705 10 0.539759
683 4.29508e+09 9.84161e+06 17162.2 32 10.9795 12 0.566988
684 4.29507e+09 1.26675e+07 11634.1 32 10.374 10 0.539803
685 4.29508e+09 6.63263e+06 8760.25 32 9.8125 9 0.524624
686 4.29508e+09 1.11396e+07 15321.3 32 11.2236 11 0.602943
687 8.59004e+09 1.37008e+07 15398.3 33 11.124 12 0.601628
688 4.29507e+09 1.43786e+07 15354.6 32 11.21 11 0.598141
689 5.3696e+08 4.10502e+06 14929.2 29 11.1143 11 0.581209
690 2.14759e+09 8.04201e+06 10932.8 31 10.5547 10 0.559453
691 1.718e+10 2.35094e+07 9394.74 34 10.0186 9 0.51207
692 1.07384e+09 4.76783e+06 12622.1 30 10.6924 10 0.556726
693 4.29507e+09 5.86708e+06 11406.1 32 10.5215 10 0.536318
694 5.36958e+08 2.84709e+06 13588.4 29 10.54 11 0.563067
695 8.59005e+09 1.92903e+07 9121.32 33 9.92285 10 0.546437
696 4.29507e+09 7.87817e+06 10932.8 32 10.2822 10 0.551871
697 3.43599e+10 4.57988e+07 11986 35 10.5566 10 0.586454
698 6.87196e+10 1.0327e+08 13394.6 36 10.7412 11 0.577203
699 6.87196e+10 7.21586e+07 17942.8 36 11.1533 12 0.582701
700 1.718e+10 2.77134e+07 11467.5 34 10.3379 10 0.545086
701 1.07384e+09 4.55729e+06 10688.1 30 10.2041 10 0.52744
702 5.3697e+08 4.20056e+06 11187.9 29 9.95703 10 0.506297
703 4.29507e+09 8.38709e+06 9047.37 32 9.91992 9 0.523212
704 1.718e+10 2.85049e+07 11589 34 10.498 10 0.542942
705 8.59004e+09 1.71135e+07 11872.2 33 10.2373 11 0.52669
706 1.09951e+12 1.11049e+09 8918.33 40 9.6709 9 0.503392
707 4.29508e+09 8.33278e+06 9223.72 32 9.97754 9 0.49955
708 5.36964e+08 3.36749e+06 7521.98 29 9.58789 8 0.492573
709 6.87196e+10 7.28674e+07 9560.04 36 10.0342 9 0.507855
710 8.59004e+09 1.85398e+07 9309.92 33 10.0762 9 0.509512
711 3.43599e+10 4.28346e+07 9148.78 35 10.083 9 0.501059
712 1.718e+10 3.14578e+07 8598.81 34 9.92676 9 0.50241
713 2.14758e+09 9.71098e+06 11928.5 31 10.6016 10 0.522651
714 1.37439e+11 1.57766e+08 12197.1 37 10.543 10 0.531645
715 8.59004e+09 2.00796e+07 9236.12 33 9.94824 9 0.51493
716 4.29508e+09 6.48641e+06 10149.6 32 10.0146 10 0.498004
717 4.29507e+09 1.13207e+07 9828.73 32 10.2217 9 0.534365
718 4.29508e+09 9.14498e+06 9454.45 32 10.0625 9 0.523229
719 8.59003e+09 1.62491e+07 8489.39 33 9.70605 9 0.503959
720 3.43599e+10 3.88087e+07 10835.5 35 10.1309 10 0.552073
721 2.19902e+12 2.20954e+09 17678.5 41 11.2783 12 0.590544
722 8.59005e+09 3.13456e+07 18354.1 33 11.4854 12 0.582304
723 2.1476e+09 9.07174e+06 15015.8 31 11.1416 11 0.587645
724 1.718e+10 4.71418e+07 15371.2 34 11.1172 11 0.56108
725 4.29509e+09 1.06803e+07 15387.8 32 11.3066 11 0.59063
726 1.07383e+09 4.76778e+06 14718.5 30 11.0225 11 0.570389
727 4.29508e+09 1.14851e+07 13646.2 32 10.7891 11 0.5686
728 2.14758e+09 7.86191e+06 9198.85 31 10.167 9 0.535851
729 2.74878e+11 2.9152e+08 12279.6 38 10.7227 10 0.538368
730 2.14758e+09 1.24785e+07 11986 31 10.5 10 0.544493
731 6.87196e+10 7.92475e+07 14266.8 36 10.5908 11 0.567589
732 4.29508e+09 1.46469e+07 9186.37 32 10.1094 9 0.560458
733 2.19902e+12 2.1686e+09 9047.37 41 10.0918 9 0.55183
734 4.29507e+09 1.71129e+07 7619.6 32 9.75 8 0.52778
735 1.37439e+11 1.42271e+08 8826.53 37 9.87891 9 0.509741
736 6.87196e+10 1.71729e+08 7275.83 36 9.55664 8 0.568075
737 1.09951e+12 1.09357e+09 7584.59 40 9.67285 8 0.528669
738 8.59004e+09 2.36622e+07 7135.27 33 9.73535 8 0.518308
739 8.59004e+09 2.20055e+07 5771.56 33 9.22266 7 0.493157
740 1.37439e+11 1.51464e+08 5340.83 37 8.93457 7 0.473589
741 1.718e+10 4.06711e+07 8516.87 34 9.91895 9 0.532766
742 6.87196e+10 8.825e+07 9850.21 36 10.4004 9 0.516261
743 6.87196e+10 8.06526e+07 9882.15 36 10.4287 9 0.499904
744 4.29507e+09 1.49823e+07 12019.1 32 10.6895 11 0.532216
745 1.718e+10 5.0387e+07 9148.78 34 10.0527 9 0.502741
746 1.718e+10 3.47154e+07 9802.29 34 10.4854 10 0.537472
747 6.87196e+10 1.10131e+08 9418.71 36 10.3594 9 0.527479
748 1.09951e+12 1.08332e+09 8773.55 40 10.0576 9 0.523049
749 2.74878e+11 2.95951e+08 11957.3 38 10.8174 10 0.546792
750 1.37439e+11 1.7241e+08 7745.81 37 10.1279 9 0.541244
751 6.87196e+10 7.59868e+07 8612.39 36 9.86133 9 0.516703
752 1.718e+10 4.78477e+07 9663.07 34 10.3037 9 0.539241
753 5.49756e+11 5.57554e+08 11375.2 39 10.5771 10 0.539443
754 3.43599e+10 7.6923e+07 7226.23 35 9.76465 8 0.533776
755 8.59004e+09 1.99184e+07 7372.91 33 9.56836 8 0.505071
756 1.718e+10 2.38296e+07 10965 34 10.6689 10 0.543483
757 8.79609e+12 1.08438e+10 10737.4 43 10.5615 10 0.555505
758 5.49756e+11 6.3873e+08 8461.81 39 10.1182 9 0.512599
759 1.718e+10 4.14343e+07 10098 34 10.459 10 0.529861
760 1.718e+10 5.81805e+07 9719.16 34 10.1875 9 0.500715
761 6.87196e+10 1.0558e+08 9110.94 36 10.1836 9 0.506293
762 5.49756e+11 6.17935e+08 9148.78 39 10.0518 9 0.536107
763 6.87196e+10 1.52099e+08 9629.02 36 10.1562 9 0.484543
764 2.19902e+12 2.17338e+09 8800.09 41 9.72461 9 0.472047
765 6.87196e+10 1.02363e+08 7324.72 36 9.70898 8 0.483599
766 6.87196e+10 9.16255e+07 7863.66 36 9.8252 9 0.485695
767 1.37439e+11 2.25376e+08 9008.92 37 10.0664 9 0.506881
768 5.49756e+11 6.16155e+08 8195.64 39 9.88086 9 0.506946
769 5.49756e+11 6.23433e+08 9198.85 39 10.1309 9 0.500489
770 6.87196e+10 1.13157e+08 9157.82 36 9.83301 10 0.493804
771 8.59004e+09 3.10845e+07 7010.77 33 9.45605 8 0.514516
772 6.87196e+10 9.87754e+07 7353.72 36 9.62402 8 0.480561
773 3.43599e+10 1.06644e+08 5152.51 35 8.86816 7 0.450852
774 2.74878e+11 2.75152e+08 5623.83 38 9.02637 7 0.450805
775 4.29508e+09 1.15399e+07 7448.45 32 9.44336 8 0.491465
776 1.09951e+12 1.07954e+09 6957.85 40 9.38574 8 0.493682
777 6.87196e+10 7.90123e+07 11914.1 36 10.2715 10 0.512756
778 4.29509e+09 1.36432e+07 6979.09 32 9.4248 8 0.476157
779 1.718e+10 2.63245e+07 5230.83 34 8.7168 7 0.478749
780 1.37439e+11 2.30828e+08 8905.29 37 9.58301 9 0.470901
781 3.43599e+10 8.98865e+07 6351.29 35 9.10938 8 0.461921
782 4.29507e+09 1.27851e+07 4804.14 32 8.64453 7 0.441084
783 2.68522e+08 2.94024e+06 4785.07 28 8.41211 7 0.432404
784 2.74878e+11 3.59313e+08 4166.27 38 8.51172 6 0.428258
785 1.718e+10 2.54086e+07 6707.04 34 9.30469 8 0.448427
786 3.43599e+10 5.69767e+07 6673.47 35 9.14258 8 0.454924
787 1.37439e+11 1.82442e+08 3822.58 37 8.09863 6 0.41608
788 3.43599e+10 4.58999e+07 6817.54 35 8.92773 8 0.450724
789 1.718e+10 4.00077e+07 7285.66 34 9.40234 8 0.442019
790 3.43599e+10 3.70571e+07 3974.91 35 8.39062 6 0.43215
791 2.14759e+09 6.89437e+06 6525.84 31 9.02441 8 0.439081
792 8.59004e+09 1.73368e+07 5349.14 33 8.70801 7 0.433825
793 2.19902e+12 2.29067e+09 4490.91 41 8.46094 7 0.42762
794 4.29508e+09 1.4248e+07 5027.38 32 8.75293 7 0.440551
795 1.718e+10 4.31543e+07 5817.37 34 9.03906 7 0.502515
796 4.29507e+09 9.26814e+06 7467.02 32 9.69238 8 0.483009
797 1.37439e+11 1.80684e+08 7216.23 37 9.48633 8 0.483737
798 2.14757e+09 7.85101e+06 7063.08 31 9.34277 8 0.470135
799 1.718e+10 2.21382e+07 4926.38 34 8.57422 7 0.476197
800 6.87196e+10 7.44635e+07 4990.92 36 8.58203 7 0.48599
801 2.14759e+09 5.8999e+06 6244.5 31 9.0752 8 0.437896
802 1.07384e+09 3.78947e+06 5710.03 30 8.94043 7 0.439834
803 8.59005e+09 1.03445e+07 5373.9 33 8.39844 7 0.413861
804 1.37439e+11 1.83643e+08 5695.98 37 8.67188 7 0.412708
805 6.87196e+10 1.16499e+08 5556.33 36 9.01758 7 0.442785
806 2.14758e+09 5.49945e+06 4150.74 31 8.10938 6 0.400401
807 6.87196e+10 7.39563e+07 5239.43 36 8.48633 7 0.429469
808 3.43599e+10 5.51058e+07 5771.56 35 8.61133 7 0.426022
809 8.59005e+09 1.37447e+07 5717 33 8.67676 7 0.40741
810 2.14759e+09 6.45964e+06 7010.77 31 8.87891 8 0.423828
811 4.29506e+09 9.95078e+06 5571.53 32 8.59375 7 0.417399
812 8.59006e+09 3.10341e+07 5601.59 33 8.96094 7 0.452046
813 8.59006e+09 3.4136e+07 5563.94 33 9.03027 7 0.44128
814 8.59005e+09 1.77932e+07 6740.42 33 9.13184 8 0.473577
815 2.74878e+11 3.07819e+08 7083.83 38 9.36523 8 0.483543
816 1.718e+10 4.19577e+07 5952.54 34 9.12988 8 0.456652
817 6.87196e+10 1.54961e+08 4944.91 36 8.68164 7 0.442851
818 2.74878e+11 3.05741e+08 4102.47 38 8.44141 6 0.439762
819 2.14759e+09 6.31592e+06 4338.46 31 8.23242 7 0.424201
820 1.09951e+12 1.17697e+09 3906.66 40 8.08398 6 0.423408
821 3.43599e+10 6.20748e+07 4410.03 35 8.54102 7 0.435327
822 1.37439e+11 1.66531e+08 3848.83 37 8.18066 6 0.433163
823 3.43599e+10 8.25229e+07 2745.01 35 7.57031 5 0.401766
824 5.49756e+11 9.57898e+08 2580.91 39 7.41309 5 0.414753
825 3.43599e+10 8.04205e+07 3615.92 35 7.9502 6 0.402447
826 1.718e+10 4.68468e+07 3931.8 34 8.35645 6 0.411872
827 1.37439e+11 2.42666e+08 2727.49 37 7.71094 5 0.39919
828 1.09951e+12 1.38496e+09 4134.93 40 8.70508 6 0.42732
829 2.14758e+09 1.11959e+07 1778.72 31 7.2334 4 0.403988
830 8.59005e+09 3.32281e+07 2259.11 33 7.26465 5 0.380586
831 8.59006e+09 2.03057e+07 2503.93 33 7.23926 5 0.373437
832 4.29508e+09 1.63015e+07 3499.24 32 7.99805 6 0.407561
833 8.59005e+09 3.92403e+07 3938.03 33 7.9043 6 0.401567
834 1.718e+10 2.82875e+07 3861.83 34 8.03613 6 0.388565
835 6.87196e+10 1.55617e+08 3993.04 36 8.16602 6 0.433735
836 3.43599e+10 8.64931e+07 5510.07 35 8.85059 7 0.432697
837 1.718e+10 4.37077e+07 6729.32 34 9.06543 8 0.451381
838 1.37439e+11 1.84974e+08 5601.59 37 8.93652 7 0.453684
839 3.43598e+10 8.60824e+07 5170.06 35 8.94043 7 0.420079
840 3.43599e+10 1.35104e+08 6244.5 35 9.70508 8 0.480477
841 1.09951e+12 1.17133e+09 5365.67 40 9.31641 7 0.468121
842 1.718e+10 3.75874e+07 2727.49 34 8.24121 5 0.435294
843 8.59005e+09 3.19393e+07 3672.64 33 8.24707 6 0.415974
844 3.43599e+10 6.35688e+07 5063.53 35 8.7168 7 0.424886
845 8.59004e+09 2.39479e+07 5282.07 33 8.76855 7 0.443622
846 3.43599e+10 9.41029e+07 3993.04 35 8.7041 6 0.435857
847 1.37439e+11 2.985e+08 4944.91 37 8.78906 7 0.429646
848 1.37439e+11 2.23782e+08 5357.41 37 8.9707 7 0.432913
849 8.79609e+12 9.17325e+09 4051.83 43 8.30273 6 0.401936
850 8.59005e+09 1.68935e+07 2663.54 33 7.5957 5 0.387605
851 1.718e+10 5.94224e+07 2787.22 34 7.79785 5 0.394647
852 4.29508e+09 1.32759e+07 3887.57 32 8.21484 6 0.421951
853 1.718e+10 5.1108e+07 3644.42 34 8.0918 6 0.393963
854 1.37439e+11 2.06229e+08 4034.46 37 8.74902 6 0.417091
855 6.87196e+10 1.21626e+08 5573.82 36 9.53418 8 0.473027
856 3.43599e+10 1.09527e+08 6537.32 35 9.47266 8 0.473239
857 1.718e+10 7.40298e+07 5517.84 34 9.21973 7 0.487339
858 6.87196e+10 1.80138e+08 5382.11 36 9.13184 7 0.463134
859 2.74878e+11 5.76168e+08 5535.15 38 9.63672 8 0.513311
860 4.39805e+12 6.82592e+09 4610.35 42 9.26465 7 0.498151
861 2.74878e+11 4.56541e+08 3796.01 38 8.9082 6 0.475587
862 2.74878e+11 8.96884e+08 3848.83 38 9.0459 6 0.48506
863 2.74878e+11 5.46688e+08 3861.83 38 9.03906 6 0.467958
864 3.51844e+13 3.46058e+10 2731.9 45 8.48926 5 0.458539
865 5.49756e+11 1.5623e+09 5406.59 39 10.0381 7 0.505956
866 3.51844e+13 3.62023e+10 2127.37 45 8.39648 5 0.516434
867 3.43599e+10 1.30985e+08 5324.16 35 10.0488 7 0.532625
868 1.75922e+13 1.7556e+10 4358.99 44 9.81348 7 0.54668
869 5.49756e+11 9.66415e+08 7114.77 39 10.8945 8 0.569654
870 6.87196e+10 3.93956e+08 7584.59 36 10.7607 8 0.567161
871 5.49756e+11 1.1815e+09 5594.12 39 10.4365 7 0.51544
872 2.19902e+12 2.54373e+09 3499.24 41 9.57715 6 0.531464
873 2.74878e+11 5.20881e+08 5579.09 38 10.0566 7 0.495246
874 2.74878e+11 1.0514e+09 5187.53 38 10.0332 7 0.499461
875 3.51844e+13 3.47669e+10 5586.62 45 10.0059 7 0.489275
876 5.49756e+11 1.33651e+09 5230.83 39 10.1592 7 0.515311
877 4.39805e+12 5.93911e+09 4124.23 42 10.1094 6 0.538188
878 2.19902e+12 4.15945e+09 6099.79 41 10.374 8 0.539492
879 2.74878e+11 4.12275e+08 6773.61 38 10.1338 8 0.546736
880 1.09951e+12 3.1449e+09 5134.88 40 9.7334 7 0.541057
881 5.49756e+11 1.56598e+09 3784.9 39 9.5957 7 0.554216
882 5.49756e+11 1.25141e+09 4678.94 39 9.62207 7 0.550582
883 4.39805e+12 4.55608e+09 2753.63 42 9.03516 5 0.527537
884 3.51844e+13 3.59681e+10 6998.99 45 10.7197 9 0.592562
885 3.51844e+13 4.97759e+10 7196.15 45 10.9707 8 0.585619
886 5.49756e+11 2.9485e+09 7980.3 39 10.5693 9 0.573176
887 4.39805e+12 8.74523e+09 7031.77 42 10.709 8 0.572327
888 2.19902e+12 8.99943e+09 8585.21 41 11.2715 9 0.62368
889 5.49756e+11 2.42803e+09 6148.31 39 10.4561 8 0.572342
890 3.51844e+13 3.78487e+10 8503.14 45 10.8262 9 0.554674
891 5.49756e+11 1.88626e+09 7256.07 39 10.3867 8 0.547447
892 1.09951e+12 2.42292e+09 10737.4 40 11.1787 10 0.579684
893 1.09951e+12 2.32524e+09 9394.74 40 11.1562 9 0.590127
894 2.19902e+12 6.9112e+09 10851.8 41 11.5391 10 0.586136
895 8.79609e+12 1.83935e+10 9583.16 43 11.3525 9 0.604045
896 1.75922e+13 2.38583e+10 10404.7 44 11.1426 10 0.593074
897 3.51844e+13 4.65559e+10 9123.58 45 11.0605 9 0.591191
898 2.2518e+15 2.21231e+12 14911.8 51 12.0264 11 0.652375
899 5.6295e+14 5.55221e+11 10218.1 49 11.0703 10 0.580049
900 4.39805e+12 7.26042e+09 13969.2 42 11.3965 11 0.550436
901 5.6295e+14 5.59756e+11 10655.1 49 11.1387 10 0.533373
902 1.09951e+12 2.89694e+09 11928.5 40 11.2393 10 0.546211
903 2.19902e+12 4.97966e+09 10063.5 41 11.0186 10 0.545992
904 3.51844e+13 3.56045e+10 9148.78 45 10.5342 9 0.534435
905 4.39805e+12 1.01487e+10 11679 42 11.292 10 0.575322
906 1.75922e+13 4.6888e+10 7236.2 44 10.0371 8 0.546469
907 1.1259e+15 1.10972e+12 8733.57 50 10.2686 9 0.537605
908 3.51844e+13 7.93771e+10 7334.42 45 10.7129 8 0.538539
909 4.39805e+12 7.04478e+09 8095.7 42 10.5586 9 0.537463
910 2.74878e+11 1.0098e+09 10737.4 38 11.4053 10 0.586366
911 4.39805e+12 1.04997e+10 8224.01 42 10.8584 9 0.553524
912 4.39805e+12 6.20058e+09 11203.7 42 11.458 10 0.580907
913 7.03687e+13 1.07872e+11 14081.5 46 11.7959 11 0.591766
914 2.19902e+12 4.93944e+09 14946.6 41 11.8154 11 0.560541
915 7.03687e+13 7.87862e+10 9617.6 46 11.3076 9 0.573915
916 1.09951e+12 4.82152e+09 15015.8 40 12.0977 11 0.591148
917 8.79609e+12 1.58419e+10 9719.16 43 11.4473 9 0.577457
918 4.39805e+12 6.20332e+09 13006.3 42 11.5391 10 0.546745
919 2.81475e+14 2.82196e+11 11498 48 11.3604 10 0.549881
920 4.39805e+12 6.38684e+09 9198.85 42 11.1025 9 0.546285
921 2.19902e+12 4.76402e+09 7671.02 41 10.9033 8 0.504183
922 7.03687e+13 7.78436e+10 6850.26 46 10.3496 8 0.491047
923 2.19902e+12 5.96923e+09 11738.5 41 11.6143 10 0.536711
924 2.19902e+12 3.25204e+09 9560.04 41 10.9326 9 0.536092
925 2.19902e+12 6.18613e+09 11971.7 41 11.5244 10 0.54754
926 7.03687e+13 7.43811e+10 15584.2 46 12.2539 11 0.613107
927 2.74878e+11 9.40481e+08 9110.94 38 10.917 9 0.541558
928 1.40737e+14 1.42273e+11 9478.13 47 10.8525 9 0.555735
929 4.39805e+12 7.74746e+09 7476.26 42 10.6611 8 0.548314
930 7.03687e+13 7.41714e+10 11768 46 11.6143 10 0.579858
931 1.1259e+15 1.15558e+12 11899.6 50 12.3721 10 0.667112
932 8.79609e+12 1.31262e+10 6707.04 43 10.5547 8 0.564298
933 1.40737e+14 1.52314e+11 8800.09 47 11.2549 9 0.583442
934 8.79609e+12 4.42984e+10 7619.6 43 12.2646 8 0.639175
935 1.75922e+13 3.31527e+10 10149.6 44 12.1191 10 0.644666
936 4.39805e+12 1.68218e+10 12583.9 42 12.5479 10 0.617674
937 3.51844e+13 1.11818e+11 12197.1 45 12.502 10 0.635669
938 1.40737e+14 1.87697e+11 20709.8 47 13.4365 12 0.668425
939 2.81475e+14 5.26811e+11 11928.5 48 12.4922 10 0.637951
940 1.40737e+14 2.24794e+11 9719.16 47 12.2627 9 0.666688
941 2.2518e+15 2.77633e+12 19309.8 51 13.4873 12 0.660572
942 3.51844e+13 6.10428e+10 38194.1 45 14.9199 14 0.709986
943 1.40737e+14 2.99224e+11 36973.3 47 14.499 14 0.739554
944 7.03687e+13 1.08544e+11 26960.7 46 14.3701 13 0.695123
945 5.6295e+14 6.80393e+11 38714.1 49 15.7402 14 0.734826
946 2.81475e+14 4.07133e+11 93726.7 48 16.4121 16 0.769098
947 1.1259e+15 1.30667e+12 93786.7 50 16.3848 16 0.760994
948 2.81475e+14 3.14044e+11 38290 48 15.4209 14 0.742023
949 1.75922e+13 3.41062e+10 25638 44 14.8711 13 0.67503
950 7.03687e+13 1.57502e+11 15775.6 46 14.418 11 0.735899
951 8.79609e+12 4.45601e+10 54111.7 43 15.5986 15 0.725493
952 3.51844e+13 1.57331e+11 38409.1 45 15.5146 14 0.722984
953 5.6295e+14 6.68305e+11 38097.6 49 15.4668 14 0.729603
954 8.79609e+12 3.80958e+10 57415.1 43 15.8711 15 0.709287
955 1.1259e+15 1.63966e+12 57167.3 50 15.9316 15 0.727412
956 7.03687e+13 1.8321e+11 162452 46 16.7139 17 0.769236
957 3.51844e+13 9.50968e+10 159141 45 16.2832 17 0.765257
958 1.75922e+13 5.50457e+10 59946.3 44 15.5977 15 0.735997
959 2.81475e+14 4.59274e+11 58530.7 48 16.0664 15 0.752163
960 2.81475e+14 3.62495e+11 162351 48 16.7344 17 0.76556
961 2.81475e+14 4.0626e+11 1.09076e+06 48 18.248 20 0.834989
962 2.81475e+14 6.75423e+11 95758.3 48 16.334 16 0.768567
963 1.40737e+14 2.49423e+11 160763 47 16.334 17 0.75834
964 1.75922e+13 6.01881e+10 164425 44 17.2383 17 0.773991
965 2.81475e+14 3.43081e+11 159942 48 16.2061 17 0.751302
966 2.81475e+14 3.29381e+11 164206 48 16.9678 17 0.786806
967 2.2518e+15 3.07251e+12 299445 51 17.8311 18 0.836751
968 1.1259e+15 1.63439e+12 163954 50 16.7998 17 0.811523
969 5.6295e+14 1.28072e+12 561264 49 18.1025 19 0.841737
970 2.81475e+14 1.2789e+12 162652 48 16.6074 17 0.79768
971 2.2518e+15 4.29149e+12 292540 51 17.6152 18 0.849247
972 7.20576e+16 7.6961e+13 298613 56 17.5625 18 0.868619
973 9.0072e+15 1.37651e+13 37531.6 53 15.748 14 0.750569
974 5.6295e+14 9.04465e+11 27173.2 49 15.6406 13 0.764985
975 7.20576e+16 1.29463e+14 37050.4 56 15.9766 14 0.852099
976 5.6295e+14 2.29726e+12 91042 49 16.5342 16 0.846045
977 2.2518e+15 2.79001e+12 88974.2 51 16.6641 16 0.862059
978 4.5036e+15 7.08194e+12 93148.4 52 17.0078 16 0.868374
979 1.40737e+14 6.28905e+11 58375.6 47 16.5098 15 0.848261
980 9.0072e+15 1.01232e+13 55681.6 53 15.9971 15 0.828882
981 2.8823e+17 2.90656e+14 293513 58 17.3438 18 0.95365
982 2.8823e+17 2.82314e+14 91140.8 58 16.29 16 0.902926
983 1.80144e+16 1.76976e+13 162719 54 17.0762 17 0.930259
984 2.2518e+15 3.40779e+12 50044.1 51 15.3643 15 0.859019
985 1.80144e+16 2.78845e+13 91953.3 54 16.502 16 0.880818
986 2.2518e+15 4.59122e+12 23012.5 51 14.9854 13 0.831633
987 2.2518e+15 2.82392e+12 25260.8 51 14.9531 13 0.82316
988 5.6295e+14 1.26433e+12 89182.3 49 16.2061 16 0.914754
989 1.44115e+17 1.43805e+14 37456.4 57 15.5137 14 0.876427
990 9.0072e+15 1.69397e+13 57901.6 53 16.7646 15 0.975966
991 1.84467e+19 1.80182e+16 57901.6 64 16.4287 15 0.906629
992 7.20576e+16 7.86629e+13 160086 56 17.7021 17 1.00489
993 4.5036e+15 1.25745e+13 37050.4 52 16.0049 14 0.896479
994 9.0072e+15 1.60263e+13 57632.8 53 16.9736 15 0.908056
995 1.44115e+17 1.43382e+14 54173.5 57 16.4541 15 0.917781
996 2.2518e+15 3.1373e+12 36346.8 51 15.8066 14 0.935746
997 1.80144e+16 2.56886e+13 13020 54 14.5098 11 0.85232
998 1.44115e+17 1.47704e+14 13355.5 57 14.3682 11 0.829585
999 1.80144e+16 2.26765e+13 93209.9 54 17.6094 16 0.970576
1000 9.0072e+15 1.46592e+13 162317 53 17.5596 17 0.960785
1001 2.8823e+17 3.5224e+14 298009 58 18.5273 18 0.970761
1002 9.0072e+15 1.636e+13 161876 53 17.6133 17 0.962967
1003 2.81475e+14 1.16581e+12 294663 48 18.2852 18 0.944916
1004 2.2518e+15 6.07311e+12 296203 51 18.3926 18 0.929966
1005 1.1259e+15 2.31054e+12 161807 50 18.043 17 0.926623
1006 2.8823e+17 2.84344e+14 159725 58 17.2783 17 0.954588
1007 9.0072e+15 1.11038e+13 294819 53 18.1523 18 0.966762
1008 3.60288e+16 5.47952e+13 294467 55 18.4316 18 0.983276
1009 1.1259e+15 3.35642e+12 290755 50 18.3398 18 0.993416
1010 1.15292e+18 1.14551e+15 163795 60 18.5283 17 0.945783
1011 4.5036e+15 6.7681e+12 1.08991e+06 52 19.4092 20 0.988971
1012 2.2518e+15 4.37483e+12 1.09009e+06 51 19.2812 20 1.02271
1013 7.20576e+16 8.07296e+13 293553 56 18.1582 18 0.98224
1014 1.80144e+16 3.41046e+13 1.08338e+06 54 19.1494 20 1.00174
1015 7.20576e+16 9.13769e+13 36896 56 15.9082 14 0.905621
1016 2.2518e+15 7.1948e+12 91107.9 51 17.5371 16 0.947165
1017 5.76461e+17 5.79117e+14 159725 59 18.5645 17 1.02845
1018 9.0072e+15 1.37727e+13 560292 53 19.1797 19 1.06995
1019 1.80144e+16 4.74339e+13 161773 54 17.9531 17 1.03135
1020 1.80144e+16 3.00803e+13 557402 54 18.1611 19 0.999173
1021 9.0072e+15 2.04242e+13 294584 53 18.1914 18 1.0362
1022 4.61169e+18 4.53073e+15 561054 62 18.877 19 1.02727
1023 7.20576e+16 1.41062e+14 1.08441e+06 56 19.6934 20 1.08679
1024 3.60288e+16 6.30749e+13 294071 55 18.6094 18 1.10281
1025 3.68935e+19 3.73066e+16 1.09111e+06 65 19.7695 20 1.09238
1026 3.60288e+16 5.03457e+13 92145.3 55 17.1104 16 0.948551
1027 4.61169e+18 6.20846e+15 90975.9 62 17.5938 16 0.997617
1028 1.44115e+17 2.89332e+14 296951 57 18.8955 18 1.01197
1029 4.5036e+15 1.37471e+13 554565 52 18.5762 19 1.02204
1030 3.60288e+16 5.99656e+13 552868 55 18.7275 19 1.041
1031 5.76461e+17 5.78087e+14 1.08577e+06 59 19.417 20 1.04414
1032 1.44115e+17 2.06232e+14 562951 57 19.3945 19 1.08177
1033 3.60288e+16 5.08157e+13 1.08426e+06 55 20.1328 20 1.11308
1034 2.30584e+18 2.33314e+15 556817 61 19.3145 19 1.06144
1035 4.61169e+18 5.90604e+15 562951 62 19.6104 19 1.1145
1036 1.47574e+20 1.80473e+17 1.07927e+06 67 19.5713 20 1.10746
1037 2.30584e+18 2.31734e+15 161876 61 18.3896 17 1.12525
1038 2.8823e+17 5.54252e+14 54906.6 58 17.0371 15 1.03025
1039 7.20576e+16 1.99566e+14 56691.5 56 17.2119 15 0.976062
1040 2.8823e+17 8.54592e+14 89902.8 58 17.8223 16 1.00215
1041 3.60288e+16 1.01307e+14 86512 55 17.2451 16 1.01817
1042 9.0072e+15 1.75088e+13 59061.4 53 17.6113 15 0.999266
1043 1.80144e+16 3.7451e+13 159652 54 18.5977 17 1.05529
1044 2.30584e+18 2.46296e+15 56634.9 61 17.3438 15 1.01073
1045 9.0072e+15 4.55949e+13 296127 53 18.6533 18 1.0798
1046 2.30584e+18 2.7157e+15 156880 61 18.2412 17 1.04807
1047 2.30584e+18 2.51116e+15 296504 61 18.9932 18 1.12873
1048 1.88895e+22 1.8447e+19 295169 74 19.9893 18 1.16138
1049 3.68935e+19 3.76787e+16 2.14295e+06 65 20.8633 21 1.20329
1050 1.15292e+18 1.36338e+15 158845 60 18.3877 17 1.13067
1051 7.20576e+16 1.03386e+14 296579 56 19.3018 18 1.20743
1052 5.90296e+20 5.77286e+17 160337 69 18.8164 17 1.10524
1053 4.61169e+18 5.04767e+15 295823 62 18.499 18 1.1009
1054 1.44115e+17 3.08378e+14 294032 57 18.7881 18 1.12432
1055 2.95148e+20 2.88348e+17 91953.3 68 17.8232 16 1.1169
1056 2.8823e+17 6.21921e+14 1.09396e+06 58 20.8154 20 1.1661
1057 1.47574e+20 1.48252e+17 2.14461e+06 67 21.1221 21 1.18674
1058 7.20576e+16 4.86479e+14 4.23795e+06 56 21.4023 22 1.19632
1059 5.76461e+17 1.85008e+15 295014 59 19.3926 18 1.14695
1060 1.44115e+17 4.37652e+14 158845 57 18.4385 17 1.05293
1061 7.3787e+19 8.12931e+16 289735 66 18.5957 18 1.06021
1062 7.3787e+19 1.08442e+17 2.14139e+06 66 21.002 21 1.18955
1063 2.30584e+18 3.06845e+15 4.24137e+06 61 21.6631 22 1.24642
1064 7.20576e+16 1.16929e+14 562177 56 19.8252 19 1.18399
1065 1.44115e+17 1.94056e+14 157455 57 17.8584 17 1.06187
1066 1.44115e+17 1.99979e+14 158511 57 18.2275 17 1.01579
1067 1.80144e+16 4.95553e+13 161324 54 18.333 17 1.01261
1068 4.61169e+18 4.57702e+15 296616 62 19.2344 18 1.0461
1069 5.76461e+17 7.84953e+14 1.09128e+06 59 19.9512 20 1.1182
1070 1.80144e+16 7.68747e+13 1.08918e+06 54 20.3916 20 1.18267
1071 3.60288e+16 8.06185e+13 1.09304e+06 55 19.9434 20 1.16862
1072 5.76461e+17 1.06799e+15 2.13974e+06 59 20.2998 21 1.12838
1073 2.8823e+17 7.4111e+14 1.08122e+06 58 19.8105 20 1.12162
1074 5.76461e+17 6.66685e+14 562218 59 19.1748 19 1.06156
1075 3.68935e+19 3.64843e+16 296877 65 19.042 18 1.05226
1076 2.36118e+21 2.30705e+18 4.2451e+06 71 21.5488 22 1.21274
1077 2.8823e+17 1.08853e+15 8.43518e+06 58 22.4648 23 1.23902
1078 1.84467e+19 1.91292e+16 4.24642e+06 64 22.2354 22 1.2506
1079 1.47574e+20 1.72468e+17 1.08648e+06 67 20.1768 20 1.1789
1080 2.8823e+17 8.92724e+14 561640 58 19.7764 19 1.13384
1081 4.61169e+18 6.95892e+15 1.094e+06 62 20.7656 20 1.18444
1082 1.88895e+22 1.84498e+19 1.09009e+06 74 20.3799 20 1.13607
1083 3.68935e+19 3.67623e+16 556226 65 19.6777 19 1.13543
1084 4.61169e+18 7.817e+15 8.43506e+06 62 22.7725 23 1.2451
1085 2.30584e+18 3.82263e+15 1.68282e+07 61 22.373 24 1.25954
1086 1.15292e+18 2.3667e+15 8.44386e+06 60 21.9424 23 1.25109
1087 1.47574e+20 1.44866e+17 8.44447e+06 67 21.9873 23 1.3235
1088 3.68935e+19 4.76641e+16 8.43817e+06 65 22.248 23 1.29669
1089 5.76461e+17 1.54476e+15 8.43261e+06 59 22.3193 23 1.29601
1090 1.47574e+20 1.63047e+17 2.13836e+06 67 21.3281 21 1.25104
1091 3.68935e+19 6.10829e+16 1.08776e+06 65 21.4316 20 1.30557
1092 7.3787e+19 9.689e+16 159470 66 19.3906 17 1.2139
1093 4.61169e+18 1.09687e+16 157226 62 19.7324 17 1.20271
1094 3.68935e+19 3.95235e+16 160515 65 19.4834 17 1.23017
1095 3.68935e+19 4.86448e+16 163954 65 19.5723 17 1.2086
1096 1.84467e+19 3.80139e+16 556862 64 19.9014 19 1.26416
1097 4.61169e+18 8.75138e+15 562951 62 20.7656 19 1.24091
1098 4.61169e+18 5.03763e+15 161219 62 18.75 17 1.12831
1099 4.72237e+21 5.01436e+18 1.08338e+06 72 21.2559 20 1.26578
1100 1.88895e+22 1.86098e+19 1.08253e+06 74 21.5947 20 1.32191
1101 9.22337e+18 1.62407e+16 8.43916e+06 63 23.7246 23 1.41347
1102 3.68935e+19 5.75427e+16 291467 65 20.0449 18 1.28787
1103 3.68935e+19 1.09577e+17 294309 65 20.3496 18 1.25569
1104 1.47574e+20 1.61565e+17 294230 67 20.6182 18 1.29694
1105 1.18059e+21 1.23431e+18 14394.9 70 16.4219 11 1.10699
1106 4.61169e+18 8.81838e+15 294624 62 20.5215 18 1.26263
1107 9.22337e+18 2.27022e+16 86145.1 63 18.4414 16 1.18454
1108 2.36118e+21 2.38873e+18 283811 71 19.3447 18 1.24707
1109 4.72237e+21 4.73994e+18 57442.4 72 19.3477 15 1.23049
1110 2.95148e+20 3.62868e+17 8.42073e+06 68 23.084 23 1.40064
1111 5.90296e+20 9.05882e+17 1.08367e+06 69 21.999 20 1.41925
1112 9.44473e+21 9.30561e+18 294427 73 20.79 18 1.30697
1113 7.3787e+19 1.01104e+17 1.0915e+06 66 21.8291 20 1.36826
1114 4.61169e+18 1.1226e+16 160622 62 19.6621 17 1.30311
1115 5.90296e+20 6.23185e+17 1.08387e+06 69 21.5527 20 1.30327
1116 7.3787e+19 1.33293e+17 1.08785e+06 66 21.5811 20 1.25206
1117 1.84467e+19 7.14227e+16 561557 64 21.2217 19 1.27984
1118 1.47574e+20 1.7299e+17 296951 67 20.4082 18 1.18416
1119 1.88895e+22 1.84921e+19 1.08887e+06 74 21.4629 20 1.18522
1120 1.84467e+19 2.51004e+16 557267 64 20.8701 19 1.19189
1121 9.44473e+21 1.04389e+19 54603.1 73 19.2461 15 1.16719
1122 4.72237e+21 6.9707e+18 86181.9 72 19.2656 16 1.10762
1123 2.36118e+21 3.54339e+18 35237.1 71 18.1797 14 1.05392
1124 5.90296e+20 6.44951e+17 31403.2 69 18.1182 14 1.04234
1125 3.68935e+19 4.12034e+16 20268 65 17.1875 13 1.02164
1126 2.95148e+20 6.0302e+17 25823.7 68 17.251 13 1.07171
1127 5.90296e+20 1.20966e+18 32706.2 69 17.96 14 1.08421
1128 7.3787e+19 8.3741e+16 89664 66 19.7461 16 1.14481
1129 7.3787e+19 1.12691e+17 90677.2 66 19.0635 16 1.18575
1130 2.95148e+20 5.94154e+17 158919 68 20.6299 17 1.25683
1131 1.18059e+21 1.91108e+18 160939 70 21.4668 17 1.33006
1132 1.18059e+21 1.60969e+18 160515 70 20.9756 17 1.22604
1133 1.18059e+21 2.13574e+18 155633 70 20.3906 17 1.29819
1134 2.95148e+20 3.96703e+17 53139.6 68 18.4922 15 1.11904
1135 7.3787e+19 1.26333e+17 56148.2 66 19.083 15 1.14326
1136 2.36118e+21 4.27503e+18 89629.8 71 19.5859 16 1.15738
1137 9.44473e+21 1.04718e+19 555769 73 21.6758 19 1.29578
1138 2.36118e+21 3.33336e+18 556726 71 22.082 19 1.32995
1139 1.51116e+23 2.22861e+20 2.13343e+06 77 23.0332 21 1.40168
1140 9.44473e+21 1.07479e+19 38121.8 73 20.0371 14 1.35972
1141 7.55579e+22 8.03378e+19 23631.8 76 18.3525 13 1.31865
1142 9.44473e+21 1.49912e+19 288873 73 22.0352 18 1.33099
1143 4.72237e+21 5.7751e+18 1.08734e+06 72 23.3271 20 1.37491
1144 1.88895e+22 3.83341e+19 4.23778e+06 74 23.6768 22 1.46168
1145 2.36118e+21 4.90536e+18 4.23733e+06 71 24.0352 22 1.45067
1146 1.54743e+26 1.51131e+23 4.23637e+06 87 23.4531 22 1.38758
1147 4.72237e+21 1.50164e+19 555077 72 23.3945 19 1.40095
1148 7.3787e+19 3.12594e+17 557715 66 22.1621 19 1.45749
1149 7.55579e+22 7.66312e+19 289692 76 21.5127 18 1.38518
1150 4.72237e+21 6.5268e+18 2.13903e+06 72 23.2812 21 1.40395
1151 7.55579e+22 8.4628e+19 8.44248e+06 76 24.4521 23 1.46527
1152 3.02231e+23 3.13181e+20 2.14004e+06 78 23.335 21 1.3783
1153 7.55579e+22 9.4775e+19 8.43893e+06 76 24.4912 23 1.43539
1154 9.44473e+21 1.02936e+19 3.36136e+07 73 25.084 25 1.49336
1155 4.72237e+21 9.73172e+18 3.36204e+07 72 25.126 25 1.43566
1156 5.90296e+20 1.79551e+18 8.44003e+06 69 23.4189 23 1.3722
1157 2.36118e+21 4.83777e+18 2.14251e+06 71 22.8535 21 1.35696
1158 3.86856e+25 3.77798e+22 557536 85 21.2617 19 1.32366
1159 1.20893e+24 1.34818e+21 1.08977e+06 80 22.3418 20 1.34607
1160 3.02231e+23 3.22122e+20 1.07717e+06 78 21.9375 20 1.28849
1161 1.51116e+23 5.16881e+20 4.24276e+06 77 23.9844 22 1.49636
1162 9.67141e+24 1.06448e+22 2.1429e+06 83 23.3135 21 1.52895
1163 1.88895e+22 1.91868e+19 556681 74 21.9131 19 1.41265
1164 7.55579e+22 1.50454e+20 2.14124e+06 76 23.9912 21 1.45114
1165 1.93428e+25 1.90693e+22 6.71745e+07 84 26.5488 26 1.71385
1166 9.67141e+24 9.45165e+21 3.36101e+07 83 25.7471 25 1.65796
1167 7.55579e+22 8.43311e+19 1.68324e+07 76 25.1348 24 1.5024
1168 1.51116e+23 1.57273e+20 3.3615e+07 77 25.8818 25 1.55241
1169 7.55579e+22 1.78509e+20 8.43852e+06 76 24.6406 23 1.54411
1170 1.51116e+23 1.48278e+20 4.24244e+06 77 24.0234 22 1.50697
1171 2.41785e+24 2.38383e+21 557447 81 22.7939 19 1.4277
1172 3.86856e+25 4.72289e+22 1.0904e+06 85 23.1953 20 1.40071
1173 5.90296e+20 1.13363e+18 1.08937e+06 69 23.4619 20 1.45027
1174 1.88895e+22 2.38912e+19 2.14114e+06 74 23.1035 21 1.4256
1175 7.55579e+22 7.58286e+19 162351 76 20.3389 17 1.34662
1176 1.18059e+21 2.58059e+18 3.36158e+07 70 25.373 25 1.5083
1177 4.8357e+24 4.72435e+21 1.09215e+06 82 22.9229 20 1.46464
1178 2.41785e+24 2.40856e+21 6.7177e+07 81 26.3945 26 1.56117
1179 3.02231e+23 2.95913e+20 4.24859e+06 78 23.1895 22 1.43399
1180 1.51116e+23 1.76651e+20 2.68514e+08 77 27.9385 28 1.66756
1181 1.51116e+23 1.73611e+20 5.36956e+08 77 28.3789 29 1.6375
1182 3.77789e+22 6.81001e+19 5.36948e+08 75 29.0352 29 1.68434
1183 5.90296e+20 1.29589e+18 2.68504e+08 69 27.0771 28 1.58928
1184 1.88895e+22 3.3316e+19 6.71812e+07 74 26.1924 26 1.52666
1185 9.67141e+24 9.45483e+21 2.68502e+08 83 27.0762 28 1.59989
1186 9.44473e+21 9.74498e+18 2.68501e+08 73 27.6855 28 1.66682
1187 4.8357e+24 4.7743e+21 5.36958e+08 82 28.1152 29 1.65677
1188 7.73713e+25 7.67427e+22 6.71716e+07 86 25.9883 26 1.57087
1189 6.04463e+23 1.24414e+21 6.71618e+07 79 26.3594 26 1.66279
1190 6.04463e+23 6.59693e+20 3.36087e+07 79 26.124 25 1.5776
1191 1.93428e+25 2.61313e+22 3.36019e+07 84 26.1387 25 1.64599
1192 9.44473e+21 1.18251e+19 8.42763e+06 73 23.6973 23 1.46327
1193 3.86856e+25 4.07615e+22 562259 85 22.8125 19 1.42846
1194 9.67141e+24 9.59828e+21 4.24297e+06 83 23.9482 22 1.43871
1195 1.18059e+21 3.16497e+18 2.14419e+06 70 23.126 21 1.43474
1196 4.72237e+21 6.21014e+18 2.14099e+06 72 23.584 21 1.44519
1197 1.51116e+23 3.01668e+20 3.36119e+07 77 25.0449 25 1.48261
1198 9.44473e+21 1.47129e+19 4.23728e+06 73 23.8486 22 1.47357
1199 3.77789e+22 4.69693e+19 3.36066e+07 75 25.0547 25 1.49463
1200 2.41785e+24 2.38227e+21 2.13732e+06 81 23.5947 21 1.51141
1201 9.44473e+21 1.02655e+19 2.14232e+06 73 23.5352 21 1.58548
1202 3.77789e+22 1.05199e+20 1.08891e+06 75 22.8271 20 1.47703
1203 3.77789e+22 8.44392e+19 292663 75 21.3213 18 1.47159
1204 7.55579e+22 8.9224e+19 159287 76 21.1025 17 1.36877
1205 7.55579e+22 1.15068e+20 2.13774e+06 76 22.4346 21 1.45184
1206 9.67141e+24 9.50232e+21 30155.8 83 19.7656 14 1.38142
1207 1.18059e+21 2.16005e+18 89629.8 70 21.1113 16 1.32152
1208 1.51116e+23 2.41652e+20 290247 77 21.0791 18 1.39232
1209 1.54743e+26 1.51138e+23 35043 87 18.9619 14 1.28853
1210 9.44473e+21 2.424e+19 24924.9 73 18.167 13 1.20437
1211 3.86856e+25 3.78717e+22 89147.7 85 19.0928 16 1.2268
1212 2.36118e+21 8.65758e+18 290543 71 20.7793 18 1.22946
1213 1.20893e+24 1.33077e+21 53107.8 80 19.5928 15 1.20631
1214 1.18059e+21 2.12941e+18 13178.7 70 17.9912 11 1.1682
1215 9.44473e+21 1.18937e+19 14193 73 17.8311 11 1.21703
1216 9.44473e+21 1.65156e+19 16956.9 73 18.3066 12 1.17192
1217 6.04463e+23 9.05267e+20 22300 79 18.5146 13 1.16505
1218 9.44473e+21 1.90638e+19 12330.7 73 17.2471 11 1.11764
1219 3.77789e+22 7.51167e+19 16772.9 75 16.9561 12 1.07535
1220 1.20893e+24 1.18206e+21 11682 80 16.7578 11 1.09227
1221 9.44473e+21 1.68259e+19 19957.1 73 18.2549 12 1.15305
1222 2.47588e+27 2.41785e+24 8461.81 91 16.5186 9 1.09638
1223 1.88895e+22 1.95609e+19 55504.6 74 19.0625 15 1.19566
1224 3.77789e+22 5.73171e+19 159652 75 20.6104 17 1.21353
1225 2.95148e+20 7.34945e+17 159689 68 19.7139 17 1.24956
1226 5.90296e+20 9.34636e+17 59036.6 69 19.166 15 1.2094
1227 1.51116e+23 1.76401e+20 27945.8 77 18.3896 13 1.14042
1228 1.51116e+23 1.89937e+20 33880.3 77 18.3252 14 1.16326
1229 9.44473e+21 1.65303e+19 14700.8 73 17.1104 11 1.11972
1230 5.90296e+20 1.66897e+18 160798 69 20.5088 17 1.23397
1231 1.20893e+24 1.18166e+21 18460.7 80 17.7617 12 1.15527
1232 5.90296e+20 6.57573e+17 56492.8 69 19.5234 15 1.20636
1233 1.88895e+22 2.34745e+19 90610.5 74 20.3955 16 1.25681
1234 5.90296e+20 1.69299e+18 49393.5 69 18.6475 15 1.2368
1235 3.02231e+23 2.99007e+20 158660 78 19.9697 17 1.21227
1236 7.73713e+25 7.55582e+22 161150 86 20.1924 17 1.20301
1237 9.44473e+21 9.27515e+18 89561.2 73 19.2822 16 1.21229
1238 1.47574e+20 3.06821e+17 152152 67 20.3047 17 1.26586
1239 5.90296e+20 6.02897e+17 54235.2 69 18.7227 15 1.20431
1240 5.90296e+20 7.51431e+17 154480 69 19.1387 17 1.19188
1241 9.22337e+18 2.66801e+16 50552.1 63 17.9746 15 1.16285
1242 4.61169e+18 1.21016e+16 54480.9 62 17.6025 15 1.08155
1243 1.88895e+22 2.34305e+19 35209.5 74 17.0605 14 1.13881
1244 4.8357e+24 4.72463e+21 35098.6 82 18.4102 14 1.12769
1245 1.47574e+20 2.34124e+17 35946.4 67 18.8018 14 1.20483
1246 2.41785e+24 2.50904e+21 35237.1 81 18.791 14 1.21477
1247 7.73713e+25 7.55586e+22 39413.4 86 18.8457 14 1.15312
1248 1.84467e+19 3.39507e+16 90173.9 64 18.4385 16 1.22973
1249 2.95148e+20 4.52746e+17 85923.9 68 18.5029 16 1.13215
1250 2.95148e+20 4.21416e+17 50417.1 68 18.3496 15 1.17284
1251 7.3787e+19 9.859e+16 55117.2 66 18.5918 15 1.20637
1252 1.47574e+20 2.43824e+17 21325.5 67 16.7803 13 1.08615
1253 1.18059e+21 2.00959e+18 152813 70 19.1855 17 1.19311
1254 1.47574e+20 1.71678e+17 82349.2 67 18.7539 16 1.2067
1255 1.51116e+23 1.62566e+20 83626.6 77 19.7725 16 1.29682
1256 9.44473e+21 1.11322e+19 23961.5 73 17.3809 13 1.19749
1257 9.44473e+21 1.00967e+19 51320.9 73 18.3447 15 1.17621
1258 3.77789e+22 3.86486e+19 155199 75 19.5059 17 1.17477
1259 5.90296e+20 8.06099e+17 90843.5 69 18.9414 16 1.11719
1260 1.18059e+21 1.15855e+18 161010 70 18.96 17 1.13433
1261 7.55579e+22 7.45594e+19 158585 76 19.4258 17 1.19026
1262 5.90296e+20 1.06242e+18 290162 69 19.792 18 1.22075
1263 3.68935e+19 7.83149e+16 24112.2 65 16.9414 13 1.12014
1264 3.77789e+22 3.76212e+19 26744.5 75 16.2412 13 1.12405
1265 3.68935e+19 1.13557e+17 57469.7 65 17.9336 15 1.11175
1266 5.90296e+20 8.15654e+17 54785.5 69 17.6973 15 1.13187
1267 2.95148e+20 4.42658e+17 24262.1 68 16.4033 13 1.09821
1268 4.72237e+21 4.78425e+18 18863.6 72 15.541 13 1.04323
1269 5.90296e+20 1.152e+18 24534.4 69 15.9746 13 1.07064
1270 7.55579e+22 9.81844e+19 54204.4 76 17.9941 15 1.12952
1271 6.04463e+23 6.66072e+20 51154.8 79 18.8154 15 1.1936
1272 4.8357e+24 4.75965e+21 88238 82 20.1553 16 1.23385
1273 5.90296e+20 1.90904e+18 160230 69 20.2793 17 1.25119
1274 1.93428e+25 1.89528e+22 160014 84 20.1768 17 1.29655
1275 2.36118e+21 3.68395e+18 290501 71 21.0225 18 1.29829
1276 4.72237e+21 9.31686e+18 556771 72 21.7676 19 1.39259
1277 3.86856e+25 3.77794e+22 91304.9 85 19.9795 16 1.20401
1278 4.72237e+21 1.13541e+19 292499 72 20.5742 18 1.27396
1279 7.55579e+22 8.08937e+19 53832.2 76 19.6074 15 1.2068
1280 9.44473e+21 9.85845e+18 87883.3 73 18.6191 16 1.19417
1281 3.02231e+23 4.24884e+20 1.0871e+06 78 22.7529 20 1.40548
1282 7.73713e+25 7.56045e+22 559863 86 22.4482 19 1.37584
1283 1.88895e+22 3.58012e+19 557804 74 22.2842 19 1.41664
1284 2.47588e+27 2.41934e+24 288263 91 21.0283 18 1.35861
1285 3.77789e+22 4.64631e+19 293472 75 21.8135 18 1.36665
1286 4.72237e+21 7.98399e+18 2.13659e+06 72 22.4502 21 1.39091
1287 2.41785e+24 2.36253e+21 560035 81 21.6719 19 1.43445
1288 2.95148e+20 1.31715e+18 296089 68 21.375 18 1.30333
1289 2.36118e+21 3.08472e+18 560035 71 21.8096 19 1.3961
1290 1.20893e+24 1.18077e+21 559170 80 20.9902 19 1.32165
1291 1.47574e+20 6.63529e+17 88974.2 67 19.9551 16 1.26032
1292 3.77789e+22 3.70571e+19 93636.3 75 19.8584 16 1.24908
1293 5.90296e+20 1.13331e+18 164855 69 20.3223 17 1.25785
1294 5.90296e+20 1.12804e+18 51979.4 69 19.5322 15 1.16534
1295 1.88895e+22 2.95452e+19 87346.4 74 19.1113 16 1.16109
1296 4.72237e+21 5.66173e+18 53139.6 72 18.7666 15 1.15154
1297 1.18059e+21 2.02676e+18 559257 70 21.1836 19 1.30275
1298 1.47574e+20 3.83667e+17 86145.1 67 19.4648 16 1.23858
1299 7.55579e+22 7.56606e+19 160586 76 19.9785 17 1.33268
1300 5.90296e+20 1.22067e+18 1.08696e+06 69 20.8945 20 1.25926
1301 2.95148e+20 3.30553e+17 90510.2 68 18.8213 16 1.16388
1302 1.18059e+21 2.15992e+18 561723 70 20.3408 19 1.29149
1303 2.36118e+21 2.49684e+18 292047 71 19.4492 18 1.23509
1304 1.47574e+20 2.03343e+17 160301 67 18.6914 17 1.19027
1305 2.95148e+20 7.04933e+17 25237 68 17.8135 13 1.13997
1306 9.22337e+18 2.73823e+16 155515 63 18.6963 17 1.13857
1307 2.95148e+20 7.17862e+17 294309 68 20.1123 18 1.27555
1308 3.77789e+22 3.69598e+19 558204 75 19.8623 19 1.29255
1309 2.95148e+20 3.22237e+17 292294 68 19.5469 18 1.18829
1310 7.3787e+19 3.20734e+17 292458 66 18.8711 18 1.19536
1311 1.20893e+24 1.48507e+21 91173.7 80 18.3682 16 1.18926
1312 2.36118e+21 2.90434e+18 283626 71 18.9307 18 1.19117
1313 1.18059e+21 1.26485e+18 91856.9 70 18.1289 16 1.18419
1314 7.55579e+22 7.38446e+19 52466.8 76 17.0986 15 1.10022
1315 7.3787e+19 1.44996e+17 57360.3 66 17.0576 15 1.09824
1316 7.3787e+19 1.11864e+17 34424.5 66 16.5127 14 1.01157
1317 2.8823e+17 3.97919e+14 35919.4 58 16.5576 14 1.02826
1318 1.47574e+20 1.48136e+17 16094.3 67 14.9023 12 1.00565
1319 2.8823e+17 8.70917e+14 16494.3 58 15.6895 12 0.971108
1320 5.90296e+20 1.04908e+18 16330.3 69 15.666 12 0.995857
1321 3.77789e+22 3.69372e+19 20276.6 75 16.3955 12 1.01706
1322 5.90296e+20 5.89889e+17 33180.4 69 16.8877 14 1.02355
1323 1.84467e+19 2.39868e+16 53956.7 64 17.4434 15 1.13962
1324 7.3787e+19 2.19365e+17 49117.2 66 17.1006 15 1.0929
1325 1.47574e+20 3.2213e+17 33619.5 67 16.9209 14 1.10347
1326 2.95148e+20 2.95821e+17 17410.7 68 15.8857 12 1.10163
1327 7.55579e+22 7.51639e+19 85923.9 76 18.2666 16 1.17862
1328 2.36118e+21 3.76506e+18 54173.5 71 18.9238 15 1.19857
1329 1.88895e+22 2.32846e+19 39035 74 17.9395 14 1.19193
1330 4.72237e+21 6.65582e+18 57277.8 72 18.3477 15 1.17029
1331 1.88895e+22 2.61495e+19 159361 74 20.3145 17 1.31232
1332 4.72237e+21 7.62298e+18 90843.5 72 20.334 16 1.31344
1333 4.8357e+24 5.02744e+21 291467 82 21.0684 18 1.38608
1334 7.55579e+22 8.15123e+19 47786.2 76 19.1904 15 1.28453
1335 7.92282e+28 7.74115e+25 54694.5 96 20.79 15 1.3588
1336 1.88895e+22 1.95775e+19 84729.4 74 19.9922 16 1.36696
1337 7.55579e+22 1.15506e+20 5940.15 76 15.082 8 1.06523
1338 6.1897e+26 6.04483e+23 33735.7 89 18.0967 14 1.20305
1339 3.77789e+22 6.65102e+19 157493 75 21.4668 17 1.3569
1340 3.77789e+22 4.8958e+19 52724.4 75 19.3096 15 1.34729
1341 7.55579e+22 9.73584e+19 158808 76 20.7793 17 1.37553
1342 1.18059e+21 1.80445e+18 54603.1 70 19.8828 15 1.33509
1343 3.09485e+26 3.02274e+23 158734 88 20.1328 17 1.28255
1344 2.36118e+21 4.26252e+18 159725 71 20.2881 17 1.22986
1345 2.36118e+21 3.43263e+18 89043.6 71 19.377 16 1.23639
1346 3.68935e+19 1.2133e+17 55177.1 65 19.2373 15 1.24735
1347 2.41785e+24 2.65823e+21 33268.6 81 18.1904 14 1.21496
1348 5.90296e+20 1.10786e+18 32376.8 69 17.5723 14 1.11127
1349 7.55579e+22 8.44166e+19 18268.2 76 17.1182 12 1.07869
1350 3.68935e+19 5.82126e+16 14413.1 65 16.2803 11 1.06193
1351 7.73713e+25 7.55771e+22 54049.8 86 19.627 15 1.16726
1352 1.18059e+21 3.03747e+18 36107.3 70 18.5703 14 1.2067
1353 1.88895e+22 1.8762e+19 293352 74 20.4307 18 1.24765
1354 1.47574e+20 2.17492e+17 23194.5 67 17.2363 13 1.22652
1355 1.88895e+22 2.20301e+19 293150 74 20.2109 18 1.28764
1356 7.55579e+22 7.48206e+19 562341 76 21.1035 19 1.26417
1357 6.04463e+23 5.91701e+20 25800.6 79 19.0137 13 1.2608
1358 1.51116e+23 2.95875e+20 1.68311e+07 77 23.4248 24 1.43008
1359 4.72237e+21 6.89307e+18 4.2405e+06 72 22.6064 22 1.42483
1360 3.09485e+26 3.23558e+23 2.14256e+06 88 22.6309 21 1.46011
1361 2.41785e+24 3.02753e+21 3.36098e+07 81 24.8564 25 1.55051
1362 1.51116e+23 2.3736e+20 8.44032e+06 77 24.2285 23 1.51406
1363 1.88895e+22 2.06276e+19 8.44359e+06 74 24.3662 23 1.53401
1364 1.88895e+22 2.27826e+19 554425 74 23.042 19 1.5172
1365 3.86856e+25 7.56174e+22 51552.5 85 20.7236 15 1.40644
1366 1.20893e+24 2.99706e+21 87597.6 80 21.1172 16 1.36776
1367 3.77789e+22 7.05132e+19 37606.4 75 19.7852 14 1.28671
1368 6.04463e+23 7.83281e+20 94055.2 79 22.0684 16 1.36318
1369 3.86856e+25 4.84888e+22 54936.7 85 21.6055 15 1.41559
1370 1.23794e+27 1.26326e+24 161150 90 22.5703 17 1.38487
1371 7.55579e+22 1.82719e+20 52948.5 76 20.9424 15 1.43004
1372 1.88895e+22 5.39646e+19 53894.5 74 20.665 15 1.39816
1373 6.04463e+23 9.55786e+20 34931.5 79 19.0576 14 1.29709
1374 6.1897e+26 6.05081e+23 25800.6 89 18.7598 13 1.25883
1375 3.02231e+23 3.77027e+20 35512.1 78 18.6631 14 1.2077
1376 3.77789e+22 3.93747e+19 36636.1 75 18.7451 14 1.33528
1377 7.55579e+22 1.33259e+20 23809.8 76 17.3936 13 1.20419
1378 6.04463e+23 1.18094e+21 15471.1 79 16.9014 12 1.24761
1379 4.72237e+21 7.28759e+18 13761 72 16.2656 11 1.17249
1380 4.8357e+24 4.74283e+21 9411.3 82 15.6729 10 1.12336
1381 3.86856e+25 3.80037e+22 50349.5 85 17.2793 15 1.20462
1382 7.55579e+22 1.5296e+20 12900.1 76 15.582 11 1.10123
1383 6.04463e+23 7.30869e+20 18587.9 79 15.6348 12 1.08509
1384 2.36118e+21 6.58338e+18 7671.02 71 14.7012 8 1.03233
1385 1.18059e+21 2.39064e+18 7491.47 70 14.1094 9 1.0431
1386 9.44473e+21 2.08895e+19 6989.67 73 14.2188 8 1.04434
1387 6.04463e+23 9.66296e+20 12165.1 79 16.2129 11 1.0797
1388 2.41785e+24 2.96248e+21 15543.7 81 16.1934 12 1.26553
1389 1.93428e+25 1.89687e+22 20849.2 84 16.876 12 1.16732
1390 6.1897e+26 6.0565e+23 7196.15 89 15.0371 8 1.07256
1391 9.67141e+24 1.06553e+22 13446.8 83 15.9053 12 1.08845
1392 2.41785e+24 2.52025e+21 10063.5 81 14.9678 10 1.13301
1393 7.92282e+28 7.73713e+25 7716.16 96 14.2549 9 0.992579
1394 2.47588e+27 2.4203e+24 21626.1 91 17.7734 13 1.22971
1395 3.86856e+25 4.04751e+22 16865.1 85 19.1123 12 1.24103
1396 1.20893e+24 1.28237e+21 18735 80 19.2949 12 1.32894
1397 1.93428e+25 2.8565e+22 21160.4 84 19.8096 13 1.31444
1398 3.02231e+23 3.38098e+20 24011.8 78 20.2021 13 1.40978
1399 4.95176e+27 4.85625e+24 19822.7 92 20.1738 12 1.34747
1400 3.86856e+25 4.35066e+22 1.08553e+06 85 24.8418 20 1.63154
1401 1.23794e+27 1.52698e+24 156803 90 23.4707 17 1.59537
1402 7.92282e+28 7.81108e+25 153713 96 23.3516 17 1.69061
1403 3.86856e+25 5.19722e+22 37506.5 85 22.8008 14 1.58677
1404 4.8357e+24 1.1884e+22 556089 82 24.1279 19 1.66518
1405 1.93428e+25 3.43937e+22 1.07906e+06 84 24.1113 20 1.67325
1406 7.92282e+28 7.73729e+25 1.0879e+06 96 24.4453 20 1.70854
1407 1.93428e+25 2.55401e+22 8.43311e+06 84 25.0918 23 1.73493
1408 6.1897e+26 6.18836e+23 293190 89 23.3242 18 1.61895
1409 4.95176e+27 4.84549e+24 2.13596e+06 92 23.8125 21 1.75346
1410 9.90352e+27 9.67662e+24 1.0767e+06 93 23.5859 20 1.6454
1411 7.92282e+28 2.32122e+26 2.13245e+06 96 24.6201 21 1.68605
1412 6.1897e+26 6.11693e+23 547070 89 22.7998 19 1.69746
1413 7.92282e+28 7.80607e+25 36999 96 20.04 14 1.39751
1414 6.1897e+26 1.53047e+24 1.68279e+07 89 25.1748 24 1.63143
1415 7.92282e+28 7.76781e+25 1.68192e+07 96 24.8408 24 1.73789
1416 4.95176e+27 7.33132e+24 8.42986e+06 92 26.1543 23 1.77512
1417 7.92282e+28 8.39392e+25 6.71727e+07 96 28.4707 26 1.91799
1418 7.92282e+28 8.22597e+25 6.71728e+07 96 27.5605 26 1.93054
1419 7.92282e+28 1.74088e+26 6.71619e+07 96 27.666 26 1.89335
1420 1.23794e+27 1.23141e+24 1.08193e+06 90 24.9473 20 1.7864
1421 3.09485e+26 3.84279e+23 3.35934e+07 88 26.6162 25 1.87742
1422 7.92282e+28 9.31214e+25 283811 96 24.1807 18 1.77386
1423 1.9807e+28 2.91148e+25 4.23857e+06 94 26.0928 22 1.83269
1424 1.9807e+28 2.90373e+25 1.68261e+07 94 26.4922 24 1.80713
1425 1.9807e+28 1.9346e+25 290077 94 23.8301 18 1.75646
1426 2.47588e+27 2.60066e+24 549371 91 23.2393 19 1.62915
1427 3.09485e+26 3.89165e+23 4.22127e+06 88 24.6328 22 1.77621
1428 7.92282e+28 7.79925e+25 288960 96 22.4521 18 1.57357
1429 1.23794e+27 1.85869e+24 2.13938e+06 90 24.0947 21 1.7426
1430 7.92282e+28 1.5551e+26 35070.8 96 21.5557 14 1.54054
1431 3.09485e+26 3.90909e+23 92932.1 88 21.4678 16 1.61864
1432 1.93428e+25 2.49912e+22 24386.2 84 18.5176 13 1.43615
1433 4.95176e+27 4.8358e+24 18524.4 92 17.9736 12 1.31306
1434 1.23794e+27 1.21129e+24 35784.4 90 19.541 14 1.45796
1435 4.95176e+27 4.84863e+24 35429.9 92 19.6113 14 1.37195
1436 1.54743e+26 1.8497e+23 37380.9 87 20.0273 14 1.42946
1437 7.73713e+25 1.76322e+23 35319.9 86 20.3184 14 1.55863
1438 3.09485e+26 4.56006e+23 15832.3 88 18.0752 12 1.39007
1439 3.86856e+25 4.21545e+22 21571.7 85 18.8984 13 1.33156
1440 1.93428e+25 6.37898e+22 51021.5 84 20.3174 15 1.43803
1441 1.54743e+26 1.74927e+23 56521.3 87 20.6045 15 1.5404
1442 7.92282e+28 7.93034e+25 81009 96 20.2266 16 1.46797
1443 6.1897e+26 8.38074e+23 86985.2 89 21.0166 16 1.52057
1444 1.93428e+25 2.38947e+22 16283.3 84 17.6182 12 1.36606
1445 7.92282e+28 7.97925e+25 50854.4 96 19.1943 15 1.33107
1446 2.41785e+24 3.14234e+21 158511 81 21.1143 17 1.49566
1447 1.54743e+26 1.54254e+23 151484 87 20.8896 17 1.48278
1448 2.47588e+27 2.76056e+24 87776.4 91 20.6602 16 1.52048
1449 1.9807e+28 1.97115e+25 33532.1 94 18.3242 14 1.36525
1450 9.90352e+27 1.11826e+25 35566.8 93 19.9424 14 1.43432
1451 1.9807e+28 1.94605e+25 18439.5 94 18.2881 12 1.39154
1452 3.02231e+23 3.50021e+20 19588.6 78 16.8525 12 1.29134
1453 6.1897e+26 7.56943e+23 88834.9 89 19.4248 16 1.36684
1454 2.47588e+27 2.42031e+24 87310.4 91 19.8477 16 1.39577
1455 3.02231e+23 4.82503e+20 35319.9 78 20.0488 14 1.40774
1456 7.92282e+28 7.82549e+25 155869 96 21.7549 17 1.53988
1457 9.67141e+24 1.11857e+22 290797 83 22.5742 18 1.63955
1458 1.23794e+27 1.30343e+24 32616.6 90 19.8604 14 1.46734
1459 1.9807e+28 2.05549e+25 17184.9 94 18.9639 12 1.40262
1460 7.55579e+22 1.64789e+20 35757.3 76 19.3545 14 1.3804
1461 2.47588e+27 2.47596e+24 147316 91 20.6602 17 1.45302
1462 4.8357e+24 8.49103e+21 50619.4 82 20.6016 15 1.51799
1463 2.41785e+24 2.41261e+21 50247.9 81 19.6475 15 1.42552
1464 1.93428e+25 2.83803e+22 26391.7 84 19.1934 13 1.38792
1465 3.09485e+26 4.56168e+23 24779.2 88 18.7393 13 1.42083
1466 3.86856e+25 3.78109e+22 16046.8 85 17.9834 12 1.31221
1467 1.54743e+26 1.77894e+23 54266.1 87 20.9414 15 1.39927
1468 3.02231e+23 7.74679e+20 14185.3 78 18.3311 12 1.30625
1469 7.73713e+25 8.563e+22 18942.9 86 18.6172 12 1.35584
1470 6.1897e+26 6.04509e+23 7262.79 89 16.7783 9 1.26477
1471 1.54743e+26 2.08122e+23 31556.8 87 20.1846 14 1.38025
1472 4.95176e+27 4.8453e+24 89355 92 21.9189 16 1.48185
1473 1.93428e+25 2.92467e+22 89355 84 22.3535 16 1.53054
1474 7.73713e+25 7.56579e+22 92776.5 86 21.6318 16 1.54001
1475 7.92282e+28 7.77228e+25 558160 96 23.5605 19 1.56112
1476 7.92282e+28 7.77495e+25 1.09224e+06 96 23.1074 20 1.5464
1477 2.41785e+24 5.4263e+21 1.07675e+06 81 23.1748 20 1.614
1478 1.54743e+26 1.63389e+23 157797 87 22.6904 17 1.50873
1479 3.86856e+25 5.67587e+22 90975.9 85 21.75 16 1.45939
1480 4.95176e+27 5.13869e+24 32466.9 92 19.4443 14 1.36022
1481 1.51116e+23 2.64381e+20 158287 77 22.1465 17 1.47217
1482 4.8357e+24 6.19116e+21 88660.1 82 21.7266 16 1.49027
1483 3.09485e+26 3.02332e+23 53956.7 88 20.7598 15 1.39851
1484 1.93428e+25 1.9033e+22 32526.8 84 19.2256 14 1.28018
1485 3.02231e+23 4.5575e+20 8152.93 78 16.8721 9 1.24839
1486 7.92282e+28 7.73761e+25 5586.68 96 16.3291 8 1.26204
1487 3.96141e+28 3.86895e+25 9393.32 95 18.1826 10 1.23973
1488 1.23794e+27 2.43706e+24 5018.29 90 17.1943 7 1.21259
1489 2.47588e+27 3.6319e+24 5047.04 91 17.7627 8 1.28171
1490 1.9807e+28 1.98122e+25 3150.06 94 16.833 6 1.21175
1491 3.86856e+25 4.0929e+22 24754.9 85 19.3711 13 1.39865
1492 9.67141e+24 9.80102e+21 10455.2 83 18.1797 10 1.27952
1493 6.1897e+26 6.04715e+23 10201 89 18.3984 10 1.27442
1494 1.23794e+27 1.41456e+24 12779.5 90 18.8076 11 1.32798
1495 7.73713e+25 7.8298e+22 23194.5 86 18.4111 13 1.23585
1496 4.95176e+27 4.84647e+24 32736 92 19.9707 14 1.39617
1497 7.73713e+25 7.81111e+22 92145.3 86 21.499 16 1.37808
1498 9.90352e+27 1.0059e+25 54542.1 93 20.7324 15 1.433
1499 7.92282e+28 7.74481e+25 33966.9 96 17.9365 14 1.28411
