6503.39
0 435.117 8.10879 4 2 0.0371094 0 0.130676
1 109.829 7.70773 4 1 0.0332031 0 0.133877
2 435.053 8.56116 4 2 0.0400391 0 0.132599
3 112.44 8.49615 4 1 0.0410156 0 0.133747
4 435.117 10.0288 5 2 0.0488281 0 0.137779
5 434.954 11.1994 5 2 0.0595703 0 0.139392
6 435.151 9.12261 5 2 0.0390625 0 0.140867
7 435.151 10.2568 5 2 0.0429688 0 0.143457
8 435.151 10.8571 5 2 0.0498047 0 0.141711
9 435.149 10.3436 4 2 0.0527344 0 0.139094
10 111.937 9.08334 5 1 0.0410156 0 0.140847
11 435.117 11.6339 5 2 0.0585938 0 0.145383
12 433.776 9.10888 5 2 0.0371094 0 0.143033
13 434.818 9.40713 5 2 0.0400391 0 0.144121
14 435.127 10.7442 5 2 0.0498047 0 0.14548
15 434.818 10.5072 6 2 0.0478516 0 0.147581
16 435.053 11.0707 5 2 0.0488281 0 0.145114
17 435.149 11.0979 6 2 0.0537109 0 0.14453
18 435.127 11.6577 6 2 0.0488281 0 0.147072
19 435.053 10.0407 5 2 0.0410156 0 0.144522
20 435.053 9.84801 6 2 0.0419922 0 0.147214
21 435.127 11.6435 6 2 0.0556641 0 0.149577
22 435.127 9.87186 6 2 0.0410156 0 0.145414
23 137.427 10.88 6 1 0.0546875 0 0.147388
24 435.053 11.01 6 2 0.0478516 0 0.149154
25 435.053 10.4628 6 2 0.0488281 0 0.145546
26 435.117 11.9085 6 2 0.0576172 0 0.147697
27 435.053 12.5562 6 2 0.0654297 0 0.149091
28 110.371 10.664 6 1 0.0517578 0 0.147771
29 435.151 12.6321 6 2 0.0644531 0 0.148
30 435.149 10.4641 6 2 0.0449219 0 0.147583
31 435.127 10.9726 6 2 0.0517578 0 0.148625
32 435.127 10.8762 6 2 0.0488281 0 0.148447
33 1009.59 12.6415 6 3 0.0595703 0 0.1486
34 111.937 11.5467 6 1 0.0576172 0 0.152267
35 435.151 11.7785 6 2 0.0576172 0 0.148797
36 435.127 13.8254 6 2 0.0703125 0 0.153035
37 435.151 12.0523 6 2 0.0576172 0 0.149474
38 434.954 11.1753 6 2 0.0556641 0 0.14602
39 435.053 12.5424 6 2 0.0625 0 0.149333
40 435.117 13.1909 6 2 0.0673828 0 0.148936
41 435.117 13.6504 6 2 0.0644531 0 0.156055
42 435.149 12.5044 6 2 0.0625 0 0.154443
43 434.902 10.719 6 2 0.046875 0 0.152033
44 435.127 12.2369 6 2 0.0576172 0 0.151568
45 435.127 11.5465 6 2 0.0537109 0 0.150973
46 434.954 12.977 6 2 0.0654297 0 0.15133
47 109.829 11.9525 6 1 0.0615234 0 0.151409
48 435.151 12.608 6 2 0.0585938 0 0.152645
49 435.151 13.2291 6 2 0.0683594 0 0.150854
50 435.127 11.7637 6 2 0.0507812 0 0.154842
51 435.151 12.9085 6 2 0.0634766 0 0.153012
52 1010.21 13.6809 6 3 0.0673828 0 0.154894
53 435.149 14.3574 6 2 0.0830078 0 0.152736
54 435.151 13.7501 6 2 0.0712891 0 0.156767
55 435.151 13.1328 6 2 0.0644531 0 0.154752
56 1012.52 15.2669 6 3 0.0751953 0 0.156867
57 435.053 15.0745 7 2 0.0800781 0 0.1608
58 435.151 12.9648 6 2 0.0644531 0 0.1556
59 435.117 12.8847 6 2 0.0595703 0 0.157564
60 435.127 13.0184 7 2 0.0634766 0 0.157721
61 435.151 14.5706 7 2 0.0761719 0 0.158187
62 434.954 13.9632 7 2 0.0693359 0 0.159224
63 435.151 13.7595 7 2 0.0654297 0 0.158723
64 435.053 13.727 7 2 0.0703125 0 0.1581
65 435.149 13.8411 7 2 0.0673828 0 0.160209
66 435.149 13.0564 7 2 0.0615234 0 0.160558
67 435.149 14.7134 7 2 0.0761719 0 0.160227
68 435.149 13.6659 7 2 0.0683594 0 0.159794
69 435.127 13.9711 7 2 0.0712891 0 0.159925
70 435.127 17.9608 7 2 0.103516 0 0.161485
71 435.149 14.5717 7 2 0.0722656 0 0.163575
72 435.151 16.6626 7 2 0.0878906 0 0.162624
73 435.053 13.9098 7 2 0.0664062 0 0.161743
74 435.151 15.7105 7 2 0.0800781 0 0.162376
75 435.053 14.8025 7 2 0.0771484 0 0.166706
76 434.639 14.2881 7 2 0.0703125 0 0.167254
77 435.149 13.7966 7 2 0.0654297 0 0.165096
78 435.117 14.8042 8 2 0.0751953 0 0.165175
79 435.127 14.2854 7 2 0.0703125 0 0.165161
80 435.127 15.6274 8 2 0.0810547 0 0.169346
81 435.151 15.0047 7 2 0.0722656 0 0.162975
82 435.151 16.1882 7 2 0.0839844 0 0.163482
83 435.127 16.6877 8 2 0.0849609 0 0.166065
84 1010.79 17.26 8 3 0.0869141 0 0.167821
85 435.117 14.0332 8 2 0.0654297 0 0.167185
86 435.151 16.6712 8 2 0.0908203 0 0.166861
87 435.151 17.0677 8 2 0.0898438 0 0.167804
88 435.127 17.3963 8 2 0.0927734 0 0.169495
89 435.149 15.7025 8 2 0.0791016 0 0.166275
90 1010.79 16.3378 8 3 0.0810547 0 0.169321
91 435.149 15.9939 8 2 0.0722656 0 0.169782
92 1008.92 17.6978 8 3 0.0849609 0 0.169978
93 435.151 16.802 8 2 0.0859375 0 0.168709
94 110.903 15.0987 8 1 0.0810547 0 0.167593
95 430.799 15.1646 8 2 0.0791016 0 0.168529
96 1008.92 17.8696 8 3 0.0957031 0 0.170985
97 435.151 16.3827 8 2 0.0839844 0 0.168652
98 1843.9 18.8092 8 4 0.0898438 0 0.169116
99 435.127 15.6266 8 2 0.078125 0 0.169109
100 435.151 17.4094 8 2 0.0869141 0 0.173082
101 435.151 20.054 8 2 0.109375 0 0.172294
102 435.127 16.2012 8 2 0.0830078 0 0.171594
103 1008.92 18.3788 8 3 0.09375 0 0.170799
104 1011.31 20.2583 8 3 0.107422 0 0.171794
105 435.149 16.7673 8 2 0.0849609 0 0.17331
106 435.151 18.1932 8 2 0.0986328 0 0.177013
107 435.151 17.8164 8 2 0.0917969 0 0.174763
108 1010.79 20.4102 9 3 0.112305 0 0.175986
109 435.151 18.6199 8 2 0.0986328 0 0.174506
110 435.149 19.3019 9 2 0.101562 0 0.175541
111 435.149 18.6102 9 2 0.0976562 0 0.177293
112 1001.24 18.7691 9 3 0.0957031 0 0.179543
113 435.127 19.5938 9 2 0.108398 0 0.176852
114 435.127 19.9967 9 2 0.111328 0 0.177719
115 435.127 18.5306 9 2 0.0996094 0 0.179751
116 435.053 16.9343 8 2 0.0888672 0 0.175606
117 435.149 20.4889 9 2 0.117188 0 0.178011
118 435.151 22.5461 9 2 0.129883 0 0.179014
119 435.151 20.5126 9 2 0.111328 0 0.181965
120 435.127 21.124 9 2 0.120117 0 0.178585
121 435.127 21.1093 9 2 0.118164 0 0.181115
122 435.151 20.3669 9 2 0.107422 0 0.17999
123 435.151 23.0455 9 2 0.135742 0 0.182204
124 435.149 22.6919 9 2 0.135742 0 0.178855
125 435.149 22.0568 9 2 0.130859 0 0.180224
126 1008.92 22.9719 9 3 0.130859 0 0.180188
127 1009.59 22.7439 9 3 0.125977 0 0.180475
128 435.151 23.9553 9 2 0.141602 0 0.185766
129 435.151 22.2035 9 2 0.124023 0 0.182891
130 435.127 24.2136 9 2 0.139648 0 0.183113
131 435.151 23.5517 9 2 0.135742 0 0.184566
132 1010.21 25.347 9 3 0.133789 0 0.183958
133 435.151 26.1462 9 2 0.162109 0 0.185109
134 435.151 25.8384 9 2 0.154297 0 0.182889
135 435.151 27.2716 9 2 0.161133 0 0.18309
136 1010.21 30.016 9 3 0.174805 0 0.188182
137 1007.46 26.1636 9 3 0.162109 0 0.187302
138 435.127 27.1196 9 2 0.170898 0 0.186599
139 1008.92 32.892 9 3 0.201172 0 0.187903
140 435.149 28.7994 9 2 0.179688 0 0.187857
141 435.127 29.7373 9 2 0.179688 0 0.189208
142 435.127 30.8397 9 2 0.192383 0 0.189991
143 435.151 29.4489 9 2 0.182617 0 0.19001
144 435.151 31.8661 9 2 0.201172 0 0.192032
145 435.151 27.9345 9 2 0.168945 0 0.191057
146 1008.92 33.5625 9 3 0.201172 0 0.190931
147 435.151 32.7578 9 2 0.202148 0 0.190359
148 1008.92 35.9257 9 3 0.219727 0 0.188686
149 435.151 33.8104 9 2 0.209961 0 0.195121
150 435.151 33.191 9 2 0.217773 0 0.194113
151 1011.31 33.6427 9 3 0.213867 0 0.196119
152 1008.92 36.0942 9 3 0.225586 0 0.196934
153 435.151 32.6511 9 2 0.199219 0 0.193305
154 1008.92 33.4378 9 3 0.206055 0 0.195151
155 435.151 35.1595 9 2 0.230469 0 0.195842
156 1009.59 35.4505 9 3 0.21875 0 0.195578
157 435.151 34.0744 10 2 0.219727 0 0.197571
158 1009.59 36.1962 9 3 0.22168 0 0.19628
159 1008.92 35.8175 9 3 0.223633 0 0.198049
160 1009.59 36.4344 9 3 0.224609 0 0.195674
161 1010.79 43.1336 9 3 0.256836 0 0.19761
162 1011.31 35.7268 9 3 0.227539 0 0.197474
163 435.151 36.5258 9 2 0.227539 0 0.196218
164 1008.92 36.933 10 3 0.237305 0 0.197864
165 1011.31 38.3549 10 3 0.237305 0 0.199436
166 435.151 34.9375 11 2 0.228516 0 0.199891
167 435.149 33.4999 9 2 0.207031 0 0.198045
168 435.151 39.1186 10 2 0.256836 0 0.199036
169 435.151 39.2234 11 2 0.25293 0 0.198538
170 1008.92 39.9631 10 3 0.24707 0 0.199084
171 435.151 35.9405 9 2 0.233398 0 0.195808
172 1009.59 35.904 10 3 0.225586 0 0.199082
173 1008.92 38.9398 10 3 0.240234 0 0.199718
174 1011.31 42.7646 9 3 0.266602 0 0.197953
175 1008.92 42.4373 11 3 0.275391 0 0.202103
176 1011.31 39.1959 11 3 0.250977 0 0.20085
177 1008.92 38.8314 10 3 0.239258 0 0.19976
178 435.149 36.7802 11 2 0.244141 0 0.202637
179 435.151 42.0714 11 2 0.28125 0 0.203559
180 435.151 40.9555 11 2 0.266602 0 0.201794
181 1011.31 44.8777 11 3 0.286133 0 0.201258
182 1008.92 41.7375 10 3 0.261719 0 0.200113
183 1010.21 46.3061 11 3 0.297852 0 0.201455
184 435.149 37.7423 10 2 0.255859 0 0.199423
185 435.149 38.2617 10 2 0.24707 0 0.19949
186 1843.9 47.5038 11 4 0.289062 0 0.201023
187 1008.92 42.4115 10 3 0.270508 0 0.200467
188 435.151 39.9726 11 2 0.260742 0 0.202535
189 1008.92 41.7318 11 3 0.274414 0 0.20134
190 1009.59 44.9466 11 3 0.282227 0 0.200899
191 1011.31 44.0247 11 3 0.28125 0 0.202001
192 435.151 42.9706 11 2 0.28418 0 0.202176
193 1011.31 44.7319 11 3 0.28418 0 0.201901
194 1009.59 43.0379 11 3 0.269531 0 0.202137
195 1011.31 46.44 11 3 0.298828 0 0.202174
196 1008.92 42.6024 11 3 0.271484 0 0.202202
197 1011.31 39.9142 10 3 0.257812 0 0.201157
198 1011.31 45.8612 11 3 0.293945 0 0.204879
199 1011.78 44.6051 11 3 0.282227 0 0.202267
200 1843.9 44.8161 11 4 0.280273 0 0.204274
201 1009.59 45.0032 12 3 0.303711 0 0.204333
202 1008.92 46.5844 12 3 0.300781 0 0.205533
203 1011.31 49.0081 12 3 0.3125 0 0.204141
204 1008.92 44.6973 12 3 0.292969 0 0.205492
205 1011.31 47.4 12 3 0.295898 0 0.206148
206 1011.78 42.9166 11 3 0.275391 0 0.204061
207 435.151 44.0317 12 2 0.283203 0 0.206492
208 1009.59 40.5928 10 3 0.25293 0 0.202334
209 435.151 45.0691 12 2 0.299805 0 0.208876
210 1010.21 47.5132 12 3 0.305664 0 0.205504
211 1011.78 44.47 12 3 0.288086 0 0.204473
212 1009.59 46.4063 12 3 0.298828 0 0.204851
213 1008.92 45.883 12 3 0.294922 0 0.206507
214 435.151 44.7593 12 2 0.287109 0 0.208279
215 1009.59 44.942 12 3 0.289062 0 0.206499
216 1011.78 42.8518 11 3 0.286133 0 0.204265
217 1008.92 48.791 12 3 0.31543 0 0.206069
218 435.151 45.3443 12 2 0.296875 0 0.205562
219 1005.85 45.9469 12 3 0.295898 0 0.20572
220 1008.92 45.397 12 3 0.289062 0 0.207322
221 1008.92 44.5737 13 3 0.302734 0 0.208928
222 1011.31 47.1575 12 3 0.313477 0 0.205424
223 1008.92 45.625 12 3 0.28418 0 0.20827
224 1008.92 46.4388 13 3 0.297852 0 0.206553
225 1011.31 42.7875 12 3 0.283203 0 0.207685
226 1008.92 45.1959 13 3 0.299805 0 0.208658
227 435.151 49.1314 12 2 0.316406 0 0.20725
228 1843.9 54.0038 13 4 0.331055 0 0.207514
229 1008.92 47.6502 13 3 0.302734 0 0.207542
230 1843.9 53.5859 12 4 0.316406 0 0.209512
231 1010.79 48.1587 13 3 0.299805 0 0.209545
232 1009.59 48.7521 13 3 0.307617 0 0.208581
233 1007.46 50.3376 13 3 0.329102 0 0.210038
234 1008.92 49.5278 13 3 0.325195 0 0.206603
235 435.151 45.862 12 2 0.31543 0 0.206795
236 1009.59 46.6219 13 3 0.298828 0 0.207991
237 435.151 48.7002 13 2 0.318359 0 0.208101
238 435.151 47.0464 12 2 0.302734 0 0.209349
239 1008.92 49.1414 13 3 0.323242 0 0.207745
240 1012.52 51.2616 13 3 0.327148 0 0.209352
241 1011.31 48.3047 12 3 0.317383 0 0.20676
242 435.151 42.7041 12 2 0.28125 0 0.209263
243 1011.31 47.4725 13 3 0.308594 0 0.210126
244 1008.92 47.5177 13 3 0.304688 0 0.210191
245 1011.31 50.2569 13 3 0.314453 0 0.213363
246 1008.92 50.5314 13 3 0.331055 0 0.210813
247 1010.21 49.6031 13 3 0.306641 0 0.21125
248 1009.59 47.4541 13 3 0.297852 0 0.210177
249 1009.59 50.3203 13 3 0.333984 0 0.210279
250 1819.76 49.7751 13 4 0.313477 0 0.210192
251 1843.9 46.2586 12 4 0.285156 0 0.209106
252 435.151 50.0276 13 2 0.332031 0 0.214508
253 1008.92 53.561 13 3 0.342773 0 0.212677
254 1008.92 49.5551 13 3 0.319336 0 0.213264
255 1009.59 55.5484 13 3 0.34375 0 0.21712
256 1008.92 56.0904 13 3 0.34082 0 0.218477
257 435.151 47.2716 13 2 0.304688 0 0.220959
258 1007.46 50.1867 13 3 0.316406 0 0.218234
259 1011.31 51.2534 13 3 0.324219 0 0.219869
260 1011.78 54.7925 13 3 0.333008 0 0.2196
261 1837.92 52.5114 13 4 0.322266 0 0.222496
262 435.151 47.3813 13 2 0.302734 0 0.222041
263 1011.31 55.9106 13 3 0.344727 0 0.22449
264 1008.92 56.0333 13 3 0.336914 0 0.226213
265 1004.1 53.7764 13 3 0.335938 0 0.227426
266 1006.68 51.6013 13 3 0.329102 0 0.230521
267 1011.31 51.7731 13 3 0.313477 0 0.22999
268 1011.31 54.8692 15 3 0.338867 0 0.236228
269 1005.85 55.2455 15 3 0.336914 0 0.236141
270 1005.85 57.7428 15 3 0.354492 0 0.239633
271 1004.1 50.4846 14 3 0.314453 0 0.233635
272 1011.78 57.6285 15 3 0.357422 0 0.241506
273 1002.23 62.5107 15 3 0.379883 0 0.243408
274 1834.62 61.9828 15 4 0.374023 0 0.241279
275 1005.85 60.4896 15 3 0.357422 0 0.240839
276 1008.92 65.678 15 3 0.397461 0 0.241284
277 1007.46 62.9515 15 3 0.375 0 0.241694
278 1012.18 59.7472 15 3 0.361328 0 0.244352
279 1005.85 60.6252 15 3 0.350586 0 0.247316
280 1007.46 62.9052 17 3 0.388672 0 0.254229
281 1008.92 66.1255 16 3 0.388672 0 0.250869
282 1009.59 66.2529 16 3 0.383789 0 0.255564
283 1802.66 64.9261 17 4 0.389648 0 0.258732
284 1842.49 63.0856 17 4 0.366211 0 0.258123
285 1798.09 65.3965 17 4 0.37793 0 0.266327
286 1008.92 66.1357 17 3 0.373047 0 0.261415
287 1817.74 59.9842 17 4 0.34668 0 0.25782
288 1837.92 70.3612 17 4 0.410156 0 0.268596
289 1010.79 74.2293 18 3 0.431641 0 0.272266
290 1811.47 67.9713 17 4 0.394531 0 0.275794
291 1793.4 76.9679 19 4 0.438477 0 0.273318
292 1010.79 73.4274 18 3 0.413086 0 0.280834
293 1010.21 67.1313 19 3 0.389648 0 0.278059
294 1008.92 72.9765 19 3 0.407227 0 0.282163
295 1829.35 74.222 20 4 0.423828 0 0.288491
296 1817.74 71.3343 19 4 0.40625 0 0.286284
297 1817.74 76.55 21 4 0.429688 0 0.295922
298 2842.09 89.9171 21 5 0.469727 0 0.29444
299 1815.68 84.4059 21 4 0.46875 0 0.298044
300 1831.15 74.0301 21 4 0.416992 0 0.306335
301 2891.12 87.5088 22 5 0.46582 0 0.320657
302 1004.1 83.0416 24 3 0.459961 0 0.320497
303 1791.02 79.6342 22 4 0.438477 0 0.322997
304 1834.62 88.3732 23 4 0.462891 0 0.328655
305 1823.71 80.7823 24 4 0.451172 0 0.329126
306 1831.15 88.3262 23 4 0.46875 0 0.32509
307 1823.71 82.9089 24 4 0.451172 0 0.331385
308 2870.9 96.4109 27 5 0.5 0 0.343393
309 1815.68 93.4861 25 4 0.478516 0 0.346644
310 2915.92 83.939 23 5 0.435547 0 0.344347
311 1823.71 94.074 27 4 0.492188 0 0.35512
312 1815.68 90.109 27 4 0.476562 0 0.350888
313 1788.61 96.462 31 4 0.510742 0 0.355404
314 1798.09 94.1829 30 4 0.489258 0 0.375309
315 1807.12 101.967 33 4 0.532227 0 0.361813
316 1002.23 93.2723 33 3 0.492188 0 0.369285
317 2863.89 102.992 35 5 0.521484 0 0.37622
318 1800.39 98.7536 33 4 0.509766 0 0.375758
319 1008.92 89.666 31 3 0.459961 0 0.376983
320 1817.74 95.8356 35 4 0.5 0 0.386095
321 1837.92 100.62 35 4 0.523438 0 0.389162
322 1817.74 107.689 39 4 0.541016 0 0.391569
323 2834.58 99.855 37 5 0.509766 0 0.398812
324 2811.38 110.194 43 5 0.551758 0 0.405935
325 1798.09 97.7705 35 4 0.506836 0 0.387759
326 4248.17 114.818 35 6 0.544922 0 0.401942
327 1793.4 98.7429 33 4 0.492188 0 0.409663
328 2834.58 112.715 44 5 0.548828 0 0.418835
329 2884.52 101.485 37 5 0.510742 0 0.413033
330 1802.66 112.353 47 4 0.569336 0 0.420989
331 1800.39 109.082 42 4 0.543945 0 0.424985
332 1821.75 109.865 45 4 0.538086 0 0.451361
333 2811.38 113.319 44 5 0.544922 0 0.446097
334 1781.23 114.108 51 4 0.551758 0 0.452569
335 2059.41 105.867 44 5 0.53418 0 0.434233
336 2856.74 108.698 53 5 0.558594 0 0.452323
337 2795.37 106.929 49 5 0.544922 0 0.445461
338 3968.82 120.377 55 6 0.585938 0 0.456002
339 2937.8 122.667 45 5 0.568359 0 0.450249
340 1823.71 119.638 62 4 0.584961 0 0.476965
341 2863.89 120.794 82 5 0.583008 0 0.470993
342 1000.23 119.408 64 3 0.589844 0 0.472762
343 3651.5 124.517 59 6 0.579102 0 0.477677
344 1837.92 112.995 54 4 0.548828 0 0.483324
345 1819.76 121.826 101 4 0.603516 0 0.494503
346 1823.71 115.81 79 4 0.564453 0 0.489163
347 2811.38 115.705 101 5 0.56543 0 0.50579
348 4046.07 137.524 101 6 0.602539 0 0.523964
349 1834.62 141.092 101 4 0.65332 0 0.513569
350 5152.51 136.527 101 7 0.608398 0 0.493483
351 1778.72 125.927 101 4 0.614258 0 0.498228
352 2540.31 132.4 101 5 0.597656 0 0.512699
353 5307.39 134.198 101 7 0.600586 0 0.504449
354 2834.58 133.694 101 5 0.605469 0 0.516385
355 6292.15 138.221 101 8 0.599609 0 0.529136
356 1837.92 134.373 101 4 0.623047 0 0.524123
357 2877.78 147.695 101 5 0.660156 0 0.527038
358 2874.36 130.642 101 5 0.612305 0 0.506746
359 3572.66 143.749 101 6 0.620117 0 0.531198
360 8625.94 151.846 101 9 0.644531 0 0.55219
361 4161.13 161.757 101 6 0.675781 0 0.560301
362 4068.96 159.76 101 6 0.695312 0 0.539704
363 5027.38 165.048 101 7 0.692383 0 0.539134
364 4063.27 168.737 101 6 0.708984 0 0.549069
365 2787.22 160.234 101 5 0.700195 0 0.56095
366 3735.08 171.318 101 6 0.71875 0 0.559492
367 5510.07 179.585 105.663 7 0.771484 1 0.551076
368 5502.26 170.34 101 7 0.724609 0 0.549985
369 4257.05 159.828 101 6 0.6875 0 0.557191
370 5108.27 174.105 101 7 0.732422 0 0.557294
371 7566.87 180.271 101 8 0.714844 0 0.585553
372 7869.34 183.231 101 8 0.765625 0 0.542962
373 5791.42 197.698 101 7 0.780273 0 0.54827
374 4091.41 193.646 101 6 0.789062 0 0.552797
375 4171.38 192.358 106.93 6 0.800781 1 0.554125
376 4005 184.92 105 6 0.78125 1 0.559286
377 4118.83 201.048 105 6 0.807617 1 0.571763
378 7476.26 221.69 106.306 8 0.861328 1 0.555729
379 5422.79 198.448 101 7 0.795898 0 0.57299
380 3536.15 214.266 108.709 6 0.870117 1 0.561868
381 4166.27 197.201 105 6 0.808594 1 0.546367
382 5784.84 218.404 109.829 7 0.874023 1 0.58076
383 5470.78 225.179 109.275 7 0.890625 1 0.583013
384 5502.26 243.236 110.371 7 0.939453 1 0.582128
385 5510.07 238.242 110.903 7 0.931641 1 0.58379
386 7628.26 265.243 112.44 8 0.995117 1 0.630091
387 3980.98 234.408 109.829 6 0.923828 1 0.625003
388 4176.45 241.48 111.425 6 0.936523 1 0.631042
389 5594.12 262.501 111.425 7 0.986328 1 0.61199
390 5373.9 257.226 111.937 7 0.977539 1 0.633826
391 6861.13 287.804 113.419 8 1.04883 1 0.657757
392 4879.73 270.208 113.897 7 1.04004 1 0.665651
393 9796.23 296.671 112.934 9 1.0459 1 0.649507
394 7226.23 325.746 114.828 8 1.11523 1 0.666008
395 7769.62 328.833 115.282 8 1.14258 1 0.680893
396 12493.3 331.135 114.828 10 1.13379 1 0.661647
397 4210.99 342.058 119.462 6 1.26074 1 0.669716
398 7410.92 350.392 114.828 8 1.16602 1 0.692352
399 9850.21 389.887 117.45 9 1.25879 1 0.694381
400 8931.34 378.293 117.45 9 1.25391 1 0.723657
401 9617.6 382.565 118.675 9 1.26855 1 0.707273
402 11986 394.515 118.273 10 1.31055 1 0.690262
403 7186.07 415.628 117.45 8 1.31348 1 0.704237
404 5764.86 392.109 115.282 7 1.27148 1 0.701452
405 7654.03 438.111 124.072 8 1.40137 1 0.711891
406 8612.39 465.24 120.601 9 1.42383 1 0.733624
407 8598.81 439.934 123.415 9 1.39062 1 0.772061
408 7761.63 424.462 120.601 8 1.36328 1 0.755917
409 15869.4 524.078 124.072 11 1.49121 1 0.780451
410 9297.69 474.905 124.711 9 1.43848 1 0.758956
411 12333.8 513.358 136.764 10 1.50781 1 0.789678
412 14700.8 516.714 137.796 11 1.54883 1 0.814506
413 14806.8 557.488 137.037 11 1.60449 1 0.808518
414 19370.1 521.993 137.17 12 1.55273 1 0.7956
415 11498 586.817 137.3 10 1.64648 1 0.802761
416 12127.6 631.333 140.192 10 1.74316 1 0.818863
417 12071.3 651.9 138.254 10 1.72363 1 0.803184
418 10026.5 629.691 137.675 9 1.70312 1 0.814396
419 27688.1 699.494 141.11 13 1.77246 1 0.779376
420 12660 680.914 138.363 10 1.77734 1 0.832898
421 20350.3 677.435 140.192 12 1.78418 1 0.814205
422 15728.2 618.145 138.03 11 1.68457 1 0.806052
423 19147.9 710.947 140.131 12 1.81543 1 0.819996
424 20313.5 744.354 139.238 12 1.8125 1 0.856214
425 17899 717.436 300.702 12 1.83203 2 0.830822
426 26414 883.087 323.495 13 1.98047 2 0.86588
427 18880.8 720.379 324.721 12 1.84766 2 0.827768
428 37829.2 763.001 138.573 14 1.80078 1 0.841413
429 165096 972.287 140.514 17 1.91797 1 0.844165
430 38690.9 955.203 356.086 14 2.04492 2 0.86403
431 15186.7 825.794 140.415 11 1.93262 1 0.865476
432 38644.3 1057.84 411.542 14 2.1709 2 0.891199
433 18630.1 1009.85 346.013 12 2.11133 2 0.879046
434 27046.1 859.387 354.987 13 1.98535 2 0.831801
435 93756.7 1032.92 368.878 16 2.09668 2 0.888095
436 35919.4 1154.47 373.981 14 2.22168 2 0.854759
437 59572 1162.98 415.735 15 2.32129 2 0.916809
438 39369.5 1290.4 420.846 14 2.4248 2 0.903736
439 38000.5 1254.94 422.032 14 2.35059 2 0.905158
440 92651.3 1438.56 423.179 16 2.39062 2 0.934606
441 37076 1391.1 423.737 14 2.48633 2 0.923147
442 163474 1513.29 424.824 17 2.50488 2 0.89808
443 58113.9 1421.74 419.622 15 2.45898 2 0.924576
444 96131.8 1674.85 428.288 16 2.63086 2 0.948425
445 163409 1579.37 422.61 17 2.51758 2 0.916944
446 57524.2 1926.04 430.413 15 2.86035 2 0.994904
447 55057.2 2031.85 432.526 15 2.99707 2 0.974085
448 298684 2571.57 431.532 18 3.02637 2 1.00072
449 4.24839e+06 6844.26 433.637 22 3.18066 2 1.00263
450 1.09163e+06 6896.25 982.131 20 4.23633 3 1.15645
451 1.09342e+06 10292.9 1741.21 20 4.96875 4 1.26502
452 1.09441e+06 11790.3 2727.49 20 5.62891 5 1.35337
453 2.14927e+06 12119.5 2745.01 21 5.6748 5 1.37958
454 8.44965e+06 17393.3 2787.22 23 5.70996 5 1.35134
455 2.1476e+09 2.11697e+06 3980.98 31 6.43652 6 1.43639
456 8.45383e+06 30140.1 5248 23 7.21973 7 1.48915
457 1.68429e+07 34724.8 4063.27 24 6.69727 6 1.41
458 3.36259e+07 75022.3 4040.28 25 6.7666 6 1.46537
459 6.7179e+07 117305 4155.95 26 7.16992 6 1.52756
460 6.71876e+07 93272.2 6871.97 26 7.75977 8 1.62038
461 3.36284e+07 56460.6 4022.75 25 6.76172 6 1.42758
462 8.45117e+06 43800.3 4057.57 23 6.79004 6 1.46815
463 3.36256e+07 74283.7 5470.78 25 7.38965 7 1.56782
464 4.25298e+06 40521.6 5737.72 22 7.68164 7 1.61972
465 1.68448e+07 66285.7 6828.47 24 7.80371 8 1.67075
466 1.68432e+07 59351.9 6871.97 24 7.79492 8 1.66287
467 3.36232e+07 85070.8 6817.54 25 7.94141 8 1.6666
468 8.45117e+06 57520.4 7256.07 23 8.14453 8 1.71764
469 1.68378e+07 86016.9 7439.11 24 8.47852 8 1.77957
470 1.34304e+08 319481 7145.48 27 8.14258 8 1.72782
471 1.68454e+07 115712 7285.66 24 8.27734 8 1.75703
472 1.68432e+07 98737.2 7305.25 24 8.36621 8 1.77462
473 1.68376e+07 78950.1 7566.87 24 8.41699 8 1.79079
474 1.68442e+07 98100.6 7363.33 24 8.3291 8 1.78899
475 3.36252e+07 146999 7382.45 25 8.36816 8 1.78204
476 1.34299e+08 296939 7494.65 27 8.71289 8 1.83089
477 3.36264e+07 156301 9047.37 25 8.97363 9 1.89622
478 8.45098e+06 135428 9273.14 23 9.01172 9 1.88897
479 1.34297e+08 373972 9418.71 27 9.18945 9 1.9421
480 1.68374e+07 103527 8996.05 24 8.72754 9 1.84552
481 6.71848e+07 313994 10056.4 26 9.43066 9 2.0057
482 3.36268e+07 155845 9606.16 25 9.35547 9 1.95667
483 1.34298e+08 397201 9629.02 27 9.29883 9 2.0042
484 4.29508e+09 4.5219e+06 9370.65 32 9.21582 9 1.96097
485 5.36967e+08 1.0804e+06 11768 29 9.81641 10 2.02796
486 5.36965e+08 1.85872e+06 11856 29 10.0293 10 2.11972
487 2.14758e+09 2.84468e+06 11971.7 31 10.0977 10 2.09085
488 1.718e+10 2.19785e+07 12467.1 34 10.5752 10 2.16851
489 2.14758e+09 4.45888e+06 15600.3 31 11.2695 11 2.30788
490 5.36961e+08 1.61696e+06 18963.5 29 11.5898 12 2.39258
491 1.34297e+08 1.15994e+06 15632.5 27 11.0664 11 2.31667
492 1.34301e+08 1.18264e+06 15152.8 27 10.8994 11 2.25754
493 8.59006e+09 1.67877e+07 15321.3 33 10.9873 11 2.2937
494 1.07384e+09 3.72168e+06 15084.5 30 10.7812 11 2.26039
495 4.29507e+09 4.82343e+06 12279.6 32 10.1855 10 2.14174
496 1.07384e+09 3.77422e+06 19647.6 30 11.5908 12 2.41435
497 8.59005e+09 9.64655e+06 15169.8 33 11.0312 11 2.30225
498 4.29508e+09 6.1514e+06 19725.7 32 11.9326 12 2.50001
499 2.14759e+09 5.77425e+06 20331.9 31 12.1553 12 2.52418
500 6.71839e+07 587308 19725.7 26 11.8125 12 2.45558
501 8.59005e+09 1.00532e+07 15791.4 33 11.2793 11 2.35904
502 1.07384e+09 2.44632e+06 25661.3 30 12.4639 13 2.59695
503 1.07384e+09 1.97422e+06 19229.1 30 11.6924 12 2.44794
504 2.14759e+09 4.84919e+06 20108.7 31 11.9658 12 2.53381
505 4.29507e+09 5.65272e+06 20127.5 32 12.0459 12 2.53004
506 1.07384e+09 3.38263e+06 18963.5 30 11.6504 12 2.5004
507 5.36969e+08 2.43263e+06 16083 29 11.3818 11 2.46095
508 2.6852e+08 1.17574e+06 19489.7 28 11.5732 12 2.46537
509 1.09951e+12 1.07728e+09 16112.9 40 11.4336 11 2.45334
510 1.07384e+09 3.36212e+06 19667.2 30 11.7861 12 2.48632
511 1.07383e+09 3.12588e+06 19568.9 30 11.752 12 2.48268
512 1.07384e+09 3.03823e+06 18545.6 30 11.4531 12 2.48514
513 2.1476e+09 3.79979e+06 18418.1 31 11.1279 12 2.35484
514 1.07385e+09 2.32241e+06 19647.6 30 11.6777 12 2.45196
515 5.36963e+08 2.38347e+06 19529.4 29 11.666 12 2.41914
516 5.36966e+08 1.7585e+06 20108.7 29 11.9023 12 2.49231
517 1.07383e+09 3.18109e+06 20276.6 30 12.0898 12 2.5577
518 1.07384e+09 3.41014e+06 25731.1 30 12.4727 13 2.56778
519 5.36967e+08 3.33516e+06 26053.3 29 12.3564 13 2.55825
520 2.14759e+09 5.26353e+06 26458.5 31 12.665 13 2.63175
521 5.36959e+08 2.34392e+06 25045.5 29 12.5576 13 2.6122
522 4.29508e+09 1.43196e+07 25869.9 32 12.6455 13 2.60502
523 1.07385e+09 4.0189e+06 20621.4 30 12.2852 12 2.58344
524 3.43599e+10 3.6567e+07 20814.6 35 12.2793 12 2.57953
525 1.07384e+09 3.63053e+06 26679 30 12.6201 13 2.58029
526 1.718e+10 3.21808e+07 20727.4 34 12.4619 12 2.57448
527 1.07385e+09 5.07242e+06 27152.1 30 12.8477 13 2.60415
528 1.718e+10 2.72742e+07 27444 34 12.9346 13 2.64967
529 8.59006e+09 1.23686e+07 27708.1 33 13.0029 13 2.65106
530 2.14759e+09 5.24055e+06 27965.3 31 13.1553 13 2.62839
531 2.14758e+09 6.14946e+06 20295.1 31 12.0146 12 2.4395
532 4.29508e+09 1.46154e+07 26547.1 32 12.3975 13 2.5203
533 4.29509e+09 5.63777e+06 20033.2 32 11.752 12 2.43128
534 4.29508e+09 9.81439e+06 27109.8 32 12.8789 13 2.62561
535 5.36969e+08 2.75166e+06 26917.7 29 12.8115 13 2.63079
536 1.07384e+09 4.2423e+06 26896.2 30 12.5078 13 2.57436
537 6.87196e+10 7.21312e+07 27067.4 36 12.8535 13 2.62245
538 1.718e+10 2.36471e+07 37902.8 34 13.751 14 2.74711
539 5.36967e+08 3.55864e+06 37656.2 29 13.5986 14 2.68328
540 2.14759e+09 6.49362e+06 38097.6 31 13.71 14 2.71337
541 2.14759e+09 5.60135e+06 37380.9 31 13.3027 14 2.66625
542 4.29509e+09 1.51126e+07 37229 32 13.4648 14 2.71388
543 4.29508e+09 1.33159e+07 37456.4 32 13.6934 14 2.72148
544 2.74878e+11 2.79181e+08 27024.8 38 13.2969 13 2.6697
545 8.59006e+09 1.90911e+07 37976.1 33 13.8115 14 2.74025
546 8.59006e+09 1.85078e+07 27024.8 33 12.9043 13 2.63828
547 2.14759e+09 6.23213e+06 27566.7 31 13.166 13 2.6847
548 1.07385e+09 5.92777e+06 27361.3 30 12.9893 13 2.63505
549 8.59006e+09 3.35639e+07 27088.6 33 12.9932 13 2.61613
550 3.43599e+10 3.66683e+07 26744.5 35 12.7803 13 2.57124
551 5.49756e+11 5.41972e+08 27526 39 13.2334 13 2.61863
552 8.59005e+09 1.24367e+07 27607.3 33 13.083 13 2.6275
553 4.29508e+09 1.53743e+07 27319.8 32 13.1719 13 2.63761
554 2.14759e+09 6.4877e+06 26766.3 31 12.9473 13 2.58196
555 5.3697e+08 4.25713e+06 26960.7 29 12.8438 13 2.57064
556 8.59006e+09 1.37026e+07 26722.7 33 12.8906 13 2.59146
557 1.718e+10 2.81993e+07 26809.7 34 12.9365 13 2.57881
558 1.718e+10 2.83002e+07 27867.3 34 13.4648 13 2.66421
559 3.43599e+10 7.17225e+07 27361.3 35 13.2012 13 2.57352
560 1.718e+10 2.11611e+07 27173.2 34 12.8242 13 2.54627
561 1.07385e+09 2.59816e+06 20495.9 30 12.3486 12 2.42764
562 3.43599e+10 4.57799e+07 26436.2 35 12.6123 13 2.48293
563 4.29508e+09 1.05415e+07 27236.3 32 12.8311 13 2.49142
564 3.43599e+10 5.26481e+07 27382.1 35 13.0322 13 2.51423
565 3.43599e+10 7.00896e+07 26982.1 35 12.9756 13 2.51505
566 3.43599e+10 5.37646e+07 36792.4 35 13.3857 14 2.64335
567 4.29508e+09 9.29309e+06 25591.2 32 12.7188 13 2.91131
568 2.1476e+09 1.32092e+07 20727.4 31 12.6934 12 2.46945
569 4.29508e+09 1.31654e+07 27194.3 32 13.127 13 2.5391
570 1.718e+10 2.58145e+07 26436.2 34 12.7871 13 2.5073
571 4.29508e+09 1.40999e+07 26166.8 32 12.4824 13 2.42863
572 4.29508e+09 9.08987e+06 25731.1 32 12.6934 13 2.49432
573 6.87196e+10 8.6319e+07 27194.3 36 12.9551 13 2.6125
574 4.29508e+09 2.11552e+07 36505.1 32 13.459 14 2.6259
575 6.87196e+10 8.63737e+07 36662.3 36 13.5508 14 2.62324
576 1.718e+10 3.73826e+07 37780 34 13.709 14 2.59711
577 3.43599e+10 5.61478e+07 27173.2 35 13.3066 13 2.52866
578 6.87196e+10 1.55588e+08 28346.3 36 13.9141 13 2.66353
579 2.74878e+11 4.76318e+08 37951.7 38 13.9805 14 2.65697
580 5.49756e+11 6.38433e+08 37127.1 39 13.8672 14 2.66026
581 8.79609e+12 8.74859e+09 37902.8 43 14.5889 14 2.79804
582 6.87196e+10 2.14614e+08 38620.9 36 14.5986 14 2.8112
583 2.74878e+11 5.94483e+08 39102.7 38 14.6328 14 2.83526
584 3.43599e+10 1.33198e+08 38121.8 35 14.4727 14 2.81347
585 1.718e+10 1.21255e+08 39347.5 34 14.6016 14 2.80426
586 5.49756e+11 6.36904e+08 38290 39 14.1924 14 2.73992
587 1.37439e+11 2.37757e+08 28196.1 37 14.0352 13 2.70829
588 6.87196e+10 2.61615e+08 37355.7 36 14.2344 14 2.77971
589 1.37439e+11 4.43649e+08 26896.2 37 13.8799 13 2.75228
590 1.37439e+11 1.91934e+08 27667.9 37 14.1787 13 2.82568
591 2.74878e+11 4.11211e+08 38527.2 38 14.4629 14 2.84683
592 4.39805e+12 4.8706e+09 35973.3 42 14.2988 14 2.86368
593 1.37439e+11 4.50382e+08 37556.6 37 14.0908 14 2.75951
594 1.37439e+11 4.53158e+08 27194.3 37 13.6611 13 2.67284
595 6.87196e+10 1.77552e+08 26960.7 36 13.5693 13 2.67914
596 1.37439e+11 2.58334e+08 27444 37 13.9199 13 2.76786
597 3.43599e+10 1.06531e+08 27046.1 35 13.5557 13 2.68399
598 6.87196e+10 2.57877e+08 28196.1 36 13.9717 13 2.772
599 3.43599e+10 1.60707e+08 21053.2 35 13.0889 12 2.60138
600 1.718e+10 1.11497e+08 27319.8 34 13.6289 13 2.72048
601 1.09951e+12 1.257e+09 27109.8 40 13.459 13 2.71457
602 5.49756e+11 1.41026e+09 39651.2 39 14.6729 14 2.85591
603 1.37439e+11 4.49289e+08 39012.3 37 14.3486 14 2.81881
604 1.37439e+11 4.40966e+08 26853 37 13.6602 13 2.75282
605 1.09951e+12 1.29324e+09 38170 40 13.9502 14 2.80383
606 5.49756e+11 1.13977e+09 56719.8 39 14.9111 15 2.93146
607 1.37439e+11 4.20882e+08 38097.6 37 14.3525 14 2.89059
608 4.39805e+12 5.01635e+09 38480 42 14.3428 14 2.84797
609 1.37439e+11 2.94006e+08 38480 37 14.1182 14 2.88822
610 1.718e+10 2.08854e+08 39435.2 34 14.5752 14 2.91864
611 6.87196e+10 3.47615e+08 56435.7 36 14.6807 15 2.87059
612 5.49756e+11 9.97397e+08 39080.1 39 14.5068 14 2.86655
613 1.09951e+12 2.22138e+09 58297.5 40 15.415 15 2.96537
614 1.37439e+11 4.65771e+08 56321.1 37 14.7998 15 2.87701
615 1.37439e+11 4.70343e+08 58087.5 37 14.9277 15 2.86206
616 5.49756e+11 1.11834e+09 57740.8 39 14.8809 15 2.86376
617 1.37439e+11 5.67737e+08 38361.6 37 14.71 14 2.85636
618 1.09951e+12 1.24003e+09 39924.8 40 14.541 14 2.80618
619 2.19902e+12 3.40453e+09 56549.7 41 15.0225 15 2.97736
620 1.09951e+12 1.42763e+09 38989.6 40 14.5752 14 2.90656
621 2.74878e+11 4.02775e+08 58760.5 38 15.3428 15 2.98142
622 1.37439e+11 5.55183e+08 58192.8 37 14.917 15 2.88469
623 1.37439e+11 3.88377e+08 56888.7 37 14.9199 15 2.90595
624 2.19902e+12 3.34052e+09 39012.3 41 14.4014 14 2.85576
625 8.79609e+12 8.87101e+09 59404.1 43 15.3203 15 2.97425
626 5.49756e+11 1.93522e+09 94202.9 39 16.0879 16 3.14162
627 2.74878e+11 1.33354e+09 94582.3 38 16.207 16 3.13453
628 2.74878e+11 1.41282e+09 94755.1 38 16.5664 16 3.23914
629 5.49756e+11 1.50002e+09 93995.8 39 16.0215 16 3.11762
630 4.39805e+12 8.28186e+09 94437.2 42 16.248 16 3.15829
631 1.75922e+13 2.00268e+10 59355.7 44 15.627 15 3.05919
632 1.09951e+12 1.90529e+09 58735.1 40 15.71 15 3.09287
633 4.39805e+12 5.93748e+09 57686.9 42 15.4736 15 3.02323
634 1.75922e+13 2.17935e+10 93148.4 44 15.792 16 3.1419
635 1.75922e+13 1.83235e+10 38194.1 44 14.5771 14 2.91401
636 1.09951e+12 4.83496e+09 91337.6 40 16.1016 16 3.15742
637 4.39805e+12 9.40641e+09 56634.9 42 15.1484 15 3.01126
638 5.49756e+11 3.08283e+09 57250.2 39 15.7773 15 3.12838
639 1.09951e+12 3.28607e+09 57713.8 40 15.6113 15 3.11544
640 1.09951e+12 3.07803e+09 57524.2 40 15.166 15 3.06056
641 4.39805e+12 5.27552e+09 39369.5 42 15.0566 14 3.04232
642 5.49756e+11 1.94478e+09 38597.6 39 14.3018 14 2.89747
643 1.37439e+11 8.16579e+08 37506.5 37 14.4482 14 2.97853
644 1.09951e+12 3.71106e+09 38503.6 40 14.6914 14 3.03619
645 1.75922e+13 1.84761e+10 27984.8 44 14.2744 13 2.97465
646 2.19902e+12 4.27405e+09 57767.7 41 15.3652 15 3.13269
647 2.74878e+11 1.12663e+09 56032.3 38 14.7207 15 3.05601
648 1.09951e+12 4.48423e+09 56860.6 40 14.5156 15 3.1102
649 1.09951e+12 3.17386e+09 38432.8 40 14.4062 14 2.99524
650 1.09951e+12 1.7802e+09 56972.6 40 14.709 15 3.01541
651 1.09951e+12 2.43609e+09 58785.8 40 15.2559 15 3.13801
652 1.09951e+12 2.62482e+09 58911.7 40 15.3926 15 3.16864
653 4.39805e+12 5.76054e+09 94408.1 42 15.9521 16 3.26207
654 2.19902e+12 3.71686e+09 161807 41 16.6758 17 3.3319
655 4.39805e+12 8.7857e+09 163344 42 16.8154 17 3.36428
656 1.75922e+13 1.92494e+10 162012 44 16.7021 17 3.32153
657 4.39805e+12 1.08415e+10 165394 42 17.7178 17 3.52527
658 1.75922e+13 2.72912e+10 162216 44 16.6445 17 3.38317
659 1.09951e+12 4.71582e+09 298998 40 17.7988 18 3.57125
660 3.51844e+13 4.9001e+10 297575 45 17.6328 18 3.55818
661 2.81475e+14 2.82359e+11 296542 48 17.3828 18 3.48394
662 2.19902e+12 8.52802e+09 95347.4 41 17.1436 16 3.59593
663 4.39805e+12 1.34865e+10 164579 42 17.4795 17 3.62359
664 2.19902e+12 1.40398e+10 164610 41 17.4434 17 3.67004
665 8.79609e+12 2.21599e+10 161254 43 16.8506 17 3.55787
666 2.19902e+12 9.44063e+09 297648 41 17.5781 18 3.63424
667 4.39805e+12 1.21025e+10 164017 42 17.3428 17 3.58013
668 2.19902e+12 8.53387e+09 161704 41 16.8584 17 3.53659
669 2.19902e+12 8.20314e+09 162785 41 17.0371 17 3.53644
670 5.6295e+14 7.0154e+11 159797 49 16.9385 17 3.51087
671 5.49756e+11 4.53011e+09 93846.7 39 15.5586 16 3.27701
672 4.39805e+12 1.51501e+10 94812.3 42 16.4043 16 3.44672
673 8.79609e+12 1.53565e+10 95347.4 43 16.3184 16 3.43292
674 1.75922e+13 2.52191e+10 93726.7 44 16.0342 16 3.42872
675 3.51844e+13 8.2385e+10 162080 45 16.54 17 3.50541
676 4.39805e+12 1.53109e+10 97165 42 15.9434 16 3.41998
677 8.79609e+12 2.63177e+10 94897.9 43 16.4873 16 3.53741
678 1.75922e+13 3.44232e+10 296803 44 17.7666 18 3.74587
679 4.39805e+12 1.82373e+10 163115 42 17.1885 17 3.60979
680 8.79609e+12 2.64906e+10 161532 43 17.0977 17 3.6116
681 3.51844e+13 6.13346e+10 165541 45 17.7568 17 3.70681
682 4.39805e+12 1.65766e+10 296654 42 17.791 18 3.74445
683 7.03687e+13 8.88408e+10 164269 46 17.3477 17 3.61327
684 1.40737e+14 1.60034e+11 163795 47 16.4824 17 3.58509
685 8.79609e+12 2.8733e+10 565222 43 19.2373 19 4.10343
686 7.03687e+13 1.63519e+11 563947 46 18.9443 19 4.0257
687 7.03687e+13 9.71814e+10 1.09219e+06 46 19.5381 20 4.19153
688 3.51844e+13 6.91078e+10 567272 45 18.3848 19 4.0417
689 8.79609e+12 3.28967e+10 564917 43 19.0869 19 4.12624
690 1.40737e+14 1.94924e+11 564956 47 19.1445 19 4.20748
691 1.1259e+15 1.14049e+12 1.09432e+06 50 19.7334 20 4.24318
692 3.51844e+13 1.38263e+11 566666 45 19.4043 19 4.2633
693 3.51844e+13 1.54521e+11 1.09392e+06 45 19.6729 20 4.29067
694 3.51844e+13 7.17281e+10 563591 45 19.2373 19 4.1769
695 1.75922e+13 5.37802e+10 296877 44 18.2832 18 4.00873
696 1.75922e+13 5.84269e+10 296766 44 18.4102 18 4.05647
697 4.39805e+12 3.34045e+10 1.09133e+06 42 19.2549 20 4.24976
698 7.03687e+13 1.16263e+11 562012 46 18.8877 19 4.20966
699 8.79609e+12 4.96309e+10 564532 43 19.0752 19 4.20917
700 5.6295e+14 6.97982e+11 299581 49 18.1689 18 4.09267
701 1.1259e+15 1.74549e+12 296429 50 18.1475 18 4.07824
702 3.51844e+13 1.1014e+11 296241 45 18.584 18 4.21642
703 5.6295e+14 1.12805e+12 295747 49 18.1719 18 4.0695
704 2.81475e+14 3.64401e+11 297356 48 18.1074 18 4.09237
705 1.40737e+14 3.07492e+11 58271.4 47 16.3623 15 3.67336
706 8.79609e+12 5.91648e+10 161324 43 17.3838 17 3.97306
707 7.03687e+13 1.5423e+11 163795 46 17.5801 17 4.00402
708 2.81475e+14 4.57105e+11 161704 48 17.2998 17 3.90982
709 7.03687e+13 1.32339e+11 298754 46 18.7471 18 4.25607
710 2.81475e+14 3.62675e+11 292376 48 17.7451 18 4.04292
711 2.81475e+14 4.62841e+11 295478 48 17.832 18 4.08135
712 1.1259e+15 1.17462e+12 295092 50 18.5137 18 4.17403
713 7.03687e+13 2.58442e+11 163635 46 17.8105 17 4.10826
714 7.03687e+13 1.24092e+11 160444 46 17.3135 17 4.02032
715 1.75922e+13 1.1734e+11 296728 44 18.1484 18 4.15269
716 5.6295e+14 5.92447e+11 94897.9 49 16.9521 16 3.96083
717 1.1259e+15 1.27895e+12 163311 50 17.5107 17 4.1066
718 1.40737e+14 3.40645e+11 297575 47 19.041 18 4.31402
719 3.51844e+13 1.92439e+11 296467 45 18.8721 18 4.31322
720 2.81475e+14 7.25974e+11 160122 48 17.9639 17 4.08866
721 1.1259e+15 1.28186e+12 1.09228e+06 50 20.6357 20 4.64829
722 1.40737e+14 3.25307e+11 93454.4 47 17.1758 16 3.8672
723 3.51844e+13 1.86152e+11 563591 45 19.667 19 4.42366
724 5.6295e+14 7.37632e+11 162385 49 18.2969 17 4.09319
725 2.81475e+14 5.13795e+11 564299 48 19.2969 19 4.33629
726 2.81475e+14 5.41744e+11 299818 48 19.6562 18 4.48239
727 7.03687e+13 1.9902e+11 161841 46 17.8779 17 4.04442
728 2.81475e+14 8.15762e+11 95567.9 48 17.7246 16 3.99399
729 2.2518e+15 2.57929e+12 94640.1 51 17.458 16 3.92592
730 7.03687e+13 2.46077e+11 1.09354e+06 46 20.9053 20 4.68818
731 1.40737e+14 5.04145e+11 564687 47 19.5039 19 4.32744
732 1.40737e+14 3.91577e+11 564802 47 19.8066 19 4.44241
733 2.2518e+15 2.93014e+12 1.08431e+06 51 19.8672 20 4.42898
734 5.6295e+14 9.90296e+11 1.09106e+06 49 19.9824 20 4.44083
735 1.1259e+15 1.49613e+12 566193 50 19.5039 19 4.28836
736 2.81475e+14 5.84948e+11 2.14139e+06 48 20.9453 21 4.59464
737 1.1259e+15 1.52183e+12 560928 50 19.1875 19 4.26854
738 3.60288e+16 3.55722e+13 565674 55 19.8809 19 4.50675
739 2.81475e+14 1.08037e+12 564610 48 19.5322 19 4.34855
740 1.40737e+14 6.20963e+11 562341 47 19.6514 19 4.44838
741 5.6295e+14 9.37397e+11 297136 49 19.0469 18 4.27838
742 1.40737e+14 6.57727e+11 1.08982e+06 47 19.9678 20 4.52348
743 2.81475e+14 1.09254e+12 1.09513e+06 48 20.0146 20 4.50877
744 4.5036e+15 5.17751e+12 296542 52 18.6074 18 4.22424
745 4.5036e+15 4.99199e+12 2.1382e+06 52 20.2568 21 4.57008
746 2.81475e+14 1.16878e+12 1.09141e+06 48 20.7354 20 4.66095
747 9.0072e+15 1.07474e+13 1.09392e+06 53 20.873 20 4.71775
748 7.03687e+13 5.10618e+11 2.14595e+06 46 20.6328 21 4.63949
749 3.60288e+16 3.57594e+13 562789 55 19.7852 19 4.46207
750 9.0072e+15 9.89008e+12 1.08968e+06 53 19.877 20 4.55474
751 1.40737e+14 6.88996e+11 300447 47 19.3359 18 4.40459
752 1.40737e+14 5.20676e+11 162148 47 17.9688 17 4.07503
753 1.40737e+14 7.60696e+11 162619 47 18.3672 17 4.18584
754 1.1259e+15 1.63836e+12 162182 50 17.8555 17 4.03548
755 1.40737e+14 3.78853e+11 294624 47 18.4189 18 4.12797
756 1.40737e+14 9.0472e+11 296728 47 18.9463 18 4.23358
757 2.81475e+14 6.65228e+11 298684 48 19.1152 18 4.26293
758 5.6295e+14 2.33497e+12 299952 49 19.4014 18 4.39159
759 2.2518e+15 4.11155e+12 563312 51 19.6914 19 4.41879
760 4.5036e+15 5.93737e+12 297356 52 19.1543 18 4.24637
761 5.6295e+14 2.20459e+12 561723 49 19.7695 19 4.42523
762 2.2518e+15 4.21029e+12 163922 51 18.7432 17 4.28155
763 1.40737e+14 5.64957e+11 296766 47 18.9561 18 4.27047
764 4.5036e+15 5.31703e+12 296127 52 18.5117 18 4.19795
765 1.40737e+14 6.44785e+11 1.09036e+06 47 20.2725 20 4.55068
766 2.81475e+14 6.00797e+11 564956 48 20.0322 19 4.47671
767 1.1259e+15 1.52301e+12 1.09245e+06 50 20.3105 20 4.54925
768 5.6295e+14 1.32756e+12 1.09098e+06 49 20.1416 20 4.47523
769 2.81475e+14 1.17959e+12 560206 48 19.8613 19 4.52435
770 1.1259e+15 3.56302e+12 560717 50 19.2998 19 4.39116
771 2.81475e+14 1.60596e+12 298224 48 19.1396 18 4.31219
772 5.6295e+14 1.9201e+12 297829 49 18.7617 18 4.19748
773 1.40737e+14 1.03587e+12 565562 47 19.7891 19 4.43202
774 2.2518e+15 4.3847e+12 562910 51 19.4814 19 4.42401
775 2.2518e+15 2.83877e+12 161497 51 18.2939 17 4.19706
776 1.1259e+15 1.78503e+12 298259 50 19.3398 18 4.36344
777 2.2518e+15 5.15489e+12 564802 51 19.7705 19 4.4436
778 5.6295e+14 9.46482e+11 298224 49 19.3301 18 4.33085
779 2.81475e+14 1.06689e+12 94640.1 48 18.0928 16 4.02193
780 2.81475e+14 1.19154e+12 158808 48 18.4004 17 4.08833
781 5.6295e+14 1.13584e+12 295632 49 19.0732 18 4.20542
782 4.5036e+15 5.16649e+12 163148 52 18.5996 17 4.08686
783 1.1259e+15 1.67686e+12 162918 50 18.6602 17 4.07378
784 2.81475e+14 1.21415e+12 162619 48 18.0342 17 3.95359
785 2.2518e+15 4.3692e+12 297210 51 18.5771 18 4.09418
786 2.81475e+14 7.79148e+11 164733 48 18.4014 17 4.07224
787 2.81475e+14 9.14202e+11 297246 48 19.1045 18 4.26126
788 2.81475e+14 8.37355e+11 160974 48 18.5488 17 4.15357
789 1.40737e+14 7.28292e+11 96340.8 47 18.2598 16 4.09074
790 5.6295e+14 1.3084e+12 563112 49 19.918 19 4.48941
791 5.6295e+14 2.26348e+12 559431 49 19.5537 19 4.45854
792 5.6295e+14 2.01922e+12 161080 49 18.0332 17 4.11181
793 1.1259e+15 2.75208e+12 1.09219e+06 50 20.3408 20 4.5448
794 5.6295e+14 3.00826e+12 1.08667e+06 49 20.4424 20 4.61015
795 1.1259e+15 2.26073e+12 563986 50 19.8994 19 4.49335
796 2.81475e+14 1.33616e+12 294545 48 18.7471 18 4.28115
797 1.1259e+15 2.15648e+12 564687 50 20.083 19 4.63134
798 2.81475e+14 1.1568e+12 568336 48 20.332 19 4.58238
799 2.2518e+15 6.68696e+12 562789 51 19.9277 19 4.56009
800 1.1259e+15 4.12192e+12 8.44066e+06 50 21.8086 23 4.96024
801 4.5036e+15 6.46046e+12 2.14168e+06 52 20.9961 21 4.77631
802 1.1259e+15 4.52122e+12 6.71833e+07 50 23.8818 26 5.42613
803 1.80144e+16 1.97413e+13 3.36205e+07 54 22.9365 25 5.21883
804 5.6295e+14 2.97847e+12 1.09313e+06 49 20.5264 20 4.75139
805 2.2518e+15 6.25052e+12 4.24864e+06 51 21.7549 22 5.00325
806 1.1259e+15 4.26056e+12 4.25098e+06 50 21.3594 22 4.94317
807 1.1259e+15 2.06724e+12 8.4432e+06 50 21.9824 23 5.07787
808 4.5036e+15 7.69523e+12 1.68386e+07 52 22.6699 24 5.15907
809 9.0072e+15 1.38234e+13 3.36261e+07 53 23.5693 25 5.56637
810 1.1259e+15 3.9372e+12 6.71787e+07 50 23.5381 26 5.65057
811 2.2518e+15 6.1508e+12 3.36153e+07 51 22.3652 25 5.40376
812 4.5036e+15 8.1318e+12 1.68407e+07 52 22.4893 24 5.39246
813 4.5036e+15 1.16499e+13 6.71766e+07 52 23.1367 26 5.65238
814 5.6295e+14 4.27534e+12 3.36238e+07 49 22.7939 25 5.60496
815 4.5036e+15 1.26267e+13 3.36158e+07 52 22.8506 25 5.57146
816 2.2518e+15 7.77765e+12 8.44624e+06 51 22.6387 23 5.39403
817 9.0072e+15 1.41891e+13 8.44624e+06 53 22.1025 23 5.33909
818 1.80144e+16 2.63685e+13 8.44425e+06 54 22.3818 23 5.46733
819 2.2518e+15 1.14358e+13 1.68387e+07 51 22.2637 24 5.47979
820 1.80144e+16 2.95456e+13 1.68299e+07 54 22.0547 24 5.47332
821 2.2518e+15 1.44229e+13 3.36156e+07 51 21.8115 25 5.41966
822 4.5036e+15 7.17868e+12 1.34288e+08 52 23.3213 27 5.77781
823 1.80144e+16 2.87135e+13 1.34288e+08 54 23.4463 27 5.83777
824 3.60288e+16 6.048e+13 1.34292e+08 55 23.4619 27 5.85294
825 4.5036e+15 1.65444e+13 6.71765e+07 52 23.2363 26 5.81224
826 2.2518e+15 9.46226e+12 1.68338e+07 51 22.2305 24 5.5625
827 4.5036e+15 2.41335e+13 1.34289e+08 52 23.4072 27 5.85196
828 2.2518e+15 6.86063e+12 6.71824e+07 51 23.0361 26 5.7559
829 3.60288e+16 4.20236e+13 1.34292e+08 55 23.7031 27 5.94161
830 9.0072e+15 2.20952e+13 8.44078e+06 53 22.1719 23 5.62573
831 3.60288e+16 6.01705e+13 164641 55 20.2363 17 5.10185
832 5.76461e+17 5.76134e+14 2.14563e+06 59 21.6094 21 5.49961
833 2.8823e+17 2.97367e+14 1.34292e+08 58 24.1035 27 6.00851
834 9.0072e+15 2.82505e+13 2.14304e+06 53 21.1953 21 5.36182
835 1.1259e+15 8.9164e+12 8.44225e+06 50 21.6416 23 5.4857
836 2.2518e+15 1.10125e+13 4.24907e+06 51 21.4385 22 5.39312
837 7.20576e+16 7.68789e+13 8.44904e+06 56 21.874 23 5.47243
838 9.0072e+15 1.55627e+13 1.09194e+06 53 20.6982 20 5.36817
839 2.2518e+15 1.11442e+13 2.14338e+06 51 21.2246 21 5.40707
840 1.80144e+16 4.19667e+13 2.1439e+06 54 21.2002 21 5.43271
841 9.0072e+15 2.26775e+13 2.14545e+06 53 21.3926 21 5.48188
842 2.2518e+15 1.04643e+13 8.44186e+06 51 22.0361 23 5.54994
843 1.80144e+16 4.62562e+13 1.6839e+07 54 22.8145 24 5.706
844 1.80144e+16 4.56366e+13 3.36259e+07 54 23.6621 25 5.86684
845 2.2518e+15 8.52627e+12 1.34293e+08 51 23.9668 27 5.93818
846 9.0072e+15 3.01439e+13 1.3429e+08 53 24.1309 27 5.98778
847 9.0072e+15 2.06084e+13 1.34289e+08 53 24.043 27 6.03305
848 9.0072e+15 1.93503e+13 6.71763e+07 53 23.8203 26 5.88031
849 1.80144e+16 4.1925e+13 6.7182e+07 54 24.208 26 5.97171
850 4.5036e+15 1.15099e+13 1.34286e+08 52 24.126 27 5.97188
851 1.80144e+16 2.96284e+13 6.71817e+07 54 23.9824 26 5.95222
852 1.1259e+15 6.553e+12 6.71837e+07 50 23.8857 26 5.91311
853 2.2518e+15 7.86785e+12 6.71815e+07 51 23.4707 26 5.85768
854 1.1259e+15 6.90302e+12 3.3616e+07 50 23.1934 25 5.74179
855 9.0072e+15 1.63153e+13 1.34289e+08 53 24.0117 27 5.94334
856 4.5036e+15 1.45116e+13 1.34289e+08 52 24.0352 27 5.9924
857 3.60288e+16 6.55436e+13 2.68516e+08 55 25.2109 28 6.23391
858 1.80144e+16 4.15128e+13 2.68511e+08 54 24.125 28 6.00011
859 9.0072e+15 3.14514e+13 6.71821e+07 53 23.6318 26 5.87252
860 3.60288e+16 5.14277e+13 6.71825e+07 55 23.8047 26 5.898
861 3.60288e+16 4.6972e+13 1.68332e+07 55 21.3506 24 5.38219
862 1.80144e+16 3.72961e+13 6.71799e+07 54 23.4238 26 5.86611
863 4.5036e+15 1.82291e+13 1.68393e+07 52 22.5 24 5.61933
864 7.20576e+16 1.20716e+14 3.3624e+07 56 23.8848 25 5.90971
865 1.80144e+16 2.97253e+13 1.34297e+08 54 24.0986 27 5.89759
866 2.2518e+15 1.12808e+13 2.68507e+08 51 24.3779 28 5.98508
867 4.5036e+15 9.60926e+12 3.36207e+07 52 22.6553 25 5.59208
868 1.1259e+15 6.18735e+12 6.71824e+07 50 23.6172 26 5.94832
869 2.2518e+15 1.09766e+13 3.36171e+07 51 23.2139 25 5.78999
870 9.0072e+15 3.12086e+13 2.68511e+08 53 24.9648 28 6.20039
871 4.61169e+18 4.62252e+15 1.34292e+08 62 24.6719 27 6.14123
872 1.15292e+18 1.16047e+15 1.07383e+09 60 27.0986 30 6.54685
873 1.80144e+16 2.90941e+13 8.59005e+09 54 28.1025 33 6.86372
874 3.60288e+16 8.15411e+13 4.29507e+09 55 26.959 32 6.72917
875 4.5036e+15 3.3054e+13 2.14759e+09 52 26.9121 31 6.75997
876 3.60288e+16 7.65043e+13 1.718e+10 55 28.1484 34 7.02485
877 1.80144e+16 5.26818e+13 2.14758e+09 54 25.9424 31 6.59412
878 9.0072e+15 3.18835e+13 2.14759e+09 53 26.585 31 6.65317
879 1.80144e+16 4.07833e+13 2.14758e+09 54 26.5352 31 6.69224
880 2.30584e+18 2.27637e+15 1.07383e+09 61 25.2822 30 6.35365
881 4.5036e+15 2.10308e+13 8.59003e+09 52 27.2354 33 6.82727
882 2.2518e+15 1.72697e+13 2.14758e+09 51 25.9727 31 6.53863
883 4.5036e+15 2.47127e+13 4.29508e+09 52 26.5352 32 6.68356
884 2.2518e+15 1.33952e+13 1.07384e+09 51 25.5664 30 6.50653
885 9.0072e+15 2.68993e+13 2.68515e+08 53 24.8555 28 6.27053
886 1.80144e+16 8.04952e+13 5.36958e+08 54 25.4492 29 6.35173
887 9.0072e+15 2.90764e+13 2.14758e+09 53 26.4492 31 6.5982
888 1.80144e+16 7.14354e+13 4.29506e+09 54 26.624 32 6.63727
889 2.2518e+15 1.33868e+13 1.07383e+09 51 25.7021 30 6.39879
890 1.80144e+16 3.90893e+13 5.36944e+08 54 25.4502 29 6.35389
891 4.5036e+15 1.73247e+13 5.36945e+08 52 25.2363 29 6.35964
892 2.2518e+15 1.26988e+13 5.36953e+08 51 25.5762 29 6.49787
893 1.1259e+15 1.29471e+13 5.36968e+08 50 25.0205 29 6.32837
894 4.5036e+15 2.05081e+13 5.36946e+08 52 25.1826 29 6.36143
895 2.2518e+15 2.26168e+13 5.36962e+08 51 25.4512 29 6.37376
896 7.20576e+16 1.04927e+14 1.3429e+08 56 24.251 27 6.08538
897 1.80144e+16 6.86826e+13 1.07383e+09 54 25.1768 30 6.302
898 1.80144e+16 3.72328e+13 5.36964e+08 54 25.3574 29 6.35259
899 4.5036e+15 2.23385e+13 5.36968e+08 52 25.833 29 6.47048
900 2.2518e+15 2.65308e+13 1.07382e+09 51 25.3457 30 6.33476
901 1.80144e+16 4.7054e+13 2.14758e+09 54 25.6045 31 6.39796
902 9.0072e+15 2.19108e+13 1.07383e+09 53 25.2393 30 6.29802
903 4.5036e+15 1.59507e+13 2.68517e+08 52 24.5146 28 6.10453
904 4.5036e+15 2.03663e+13 1.34299e+08 52 24.5137 27 6.13431
905 3.60288e+16 7.33795e+13 2.68516e+08 55 24.5537 28 6.17351
906 7.20576e+16 1.10765e+14 5.36958e+08 56 25.7109 29 6.44285
907 1.44115e+17 2.35562e+14 8.59004e+09 57 27.1309 33 6.81725
908 3.60288e+16 4.59563e+13 4.29507e+09 55 27.1826 32 6.74244
909 7.20576e+16 9.11961e+13 2.68518e+08 56 24.5342 28 6.2397
910 7.20576e+16 1.13477e+14 3.43599e+10 56 28.0811 35 7.17194
911 1.80144e+16 5.25224e+13 3.43599e+10 54 27.9355 35 7.13687
912 7.20576e+16 1.04023e+14 1.718e+10 56 26.5947 34 6.79651
913 9.0072e+15 3.97386e+13 8.59004e+09 53 25.4961 33 6.69218
914 1.80144e+16 3.95175e+13 2.14757e+09 54 24.8535 31 6.49831
915 9.0072e+15 1.95572e+13 1.07382e+09 53 24.7695 30 6.35341
916 9.0072e+15 2.97108e+13 2.14758e+09 53 25.3848 31 6.52226
917 4.5036e+15 1.77153e+13 1.07383e+09 52 24.2363 30 6.30587
918 9.0072e+15 2.32744e+13 5.36954e+08 53 24.7402 29 6.41097
919 1.15292e+18 1.16887e+15 4.29507e+09 60 26.6045 32 6.8026
920 1.80144e+16 6.83876e+13 6.87196e+10 54 28.9893 36 7.33738
921 1.80144e+16 5.76805e+13 1.718e+10 54 26.793 34 6.80097
922 1.80144e+16 4.64816e+13 4.29506e+09 54 25.6064 32 6.53618
923 1.80144e+16 4.17721e+13 2.68519e+08 54 24.7744 28 6.24288
924 9.0072e+15 5.04644e+13 1.07383e+09 53 25.9023 30 6.53312
925 9.0072e+15 3.50852e+13 4.29507e+09 53 27.6133 32 6.95487
926 3.60288e+16 9.16056e+13 1.07383e+09 55 25.9492 30 6.53751
927 3.60288e+16 9.76011e+13 2.14758e+09 55 26.4727 31 6.62243
928 4.5036e+15 2.69908e+13 2.68518e+08 52 25.1924 28 6.32931
929 3.60288e+16 8.42979e+13 2.14758e+09 55 26.4033 31 6.66146
930 3.60288e+16 8.22615e+13 1.07383e+09 55 26.0215 30 6.60319
931 2.8823e+17 4.40142e+14 2.6851e+08 58 24.6543 28 6.2535
932 7.20576e+16 1.04064e+14 6.71778e+07 56 24.5654 26 6.20562
933 4.5036e+15 2.68623e+13 1.34293e+08 52 24.7539 27 6.14036
934 1.80144e+16 4.90838e+13 3.36195e+07 54 23.8564 25 5.97561
935 4.5036e+15 2.4946e+13 1.68402e+07 52 23.5801 24 5.89689
936 4.5036e+15 3.00677e+13 4.24006e+06 52 22.2842 22 5.62605
937 1.80144e+16 3.70949e+13 6.71816e+07 54 24.374 26 6.1027
938 4.5036e+15 1.67434e+13 5.36942e+08 52 25.1279 29 6.36878
939 7.20576e+16 1.00882e+14 6.71814e+07 56 24.0186 26 6.07696
940 9.0072e+15 2.15317e+13 5.36961e+08 53 25.2197 29 6.44873
941 9.0072e+15 3.2927e+13 1.343e+08 53 23.6562 27 6.05266
942 1.80144e+16 3.06524e+13 6.71777e+07 54 23.168 26 5.99412
943 9.0072e+15 2.73184e+13 6.71745e+07 53 23.7803 26 6.01144
944 4.5036e+15 1.80806e+13 1.68379e+07 52 22.21 24 5.73311
945 1.80144e+16 3.65187e+13 6.71736e+07 54 23.4248 26 5.97227
946 1.80144e+16 4.54731e+13 6.71783e+07 54 24.1719 26 6.11752
947 1.80144e+16 5.85494e+13 1.34294e+08 54 24.5029 27 6.1898
948 7.20576e+16 1.46843e+14 1.68334e+07 56 23.3281 24 5.91826
949 9.0072e+15 4.12776e+13 2.14494e+06 53 22.2383 21 5.64862
950 9.0072e+15 3.44138e+13 8.4353e+06 53 22.5869 23 5.76023
951 4.5036e+15 1.71172e+13 2.14314e+06 52 21.6436 21 5.62838
952 2.8823e+17 3.73222e+14 1.68388e+07 58 23.584 24 6.0326
953 3.60288e+16 1.75002e+14 1.68369e+07 55 22.7451 24 5.85983
954 7.20576e+16 1.49569e+14 2.14119e+06 56 21.7393 21 5.58732
955 9.0072e+15 3.87397e+13 1.08808e+06 53 21.2793 20 5.5434
956 3.60288e+16 8.01936e+13 4.24617e+06 55 22.0605 22 5.66886
957 1.15292e+18 1.22213e+15 8.44342e+06 60 22.2031 23 5.83556
958 1.44115e+17 2.06456e+14 2.14758e+09 57 25.6562 31 6.7685
959 3.60288e+16 1.42221e+14 1.07383e+09 55 25.5127 30 6.6702
960 3.60288e+16 1.04057e+14 4.29507e+09 55 26.4229 32 6.90522
961 4.5036e+15 3.9359e+13 2.68527e+08 52 25.043 28 6.52376
962 3.60288e+16 1.04694e+14 2.68512e+08 55 24.7783 28 6.46011
963 4.5036e+15 5.15e+13 1.07384e+09 52 25.293 30 6.5855
964 3.60288e+16 7.98735e+13 2.68512e+08 55 24.9814 28 6.55631
965 3.60288e+16 8.65335e+13 4.29507e+09 55 25.832 32 6.75318
966 3.60288e+16 8.64602e+13 1.718e+10 55 26.5752 34 6.93171
967 7.20576e+16 1.73563e+14 8.59005e+09 56 26.333 33 6.81206
968 3.60288e+16 1.09547e+14 2.14758e+09 55 25.2012 31 6.56969
969 7.20576e+16 1.67345e+14 1.3429e+08 56 24.2188 27 6.41068
970 3.60288e+16 9.40951e+13 4.29507e+09 55 25.9873 32 6.76728
971 3.60288e+16 1.3378e+14 8.59003e+09 55 26.5996 33 6.93447
972 3.60288e+16 1.15504e+14 5.36954e+08 55 24.7051 29 6.5013
973 9.0072e+15 5.58174e+13 5.36948e+08 53 24.8916 29 6.54609
974 1.80144e+16 8.23542e+13 1.343e+08 54 24.5957 27 6.41733
975 9.0072e+15 5.60998e+13 5.36957e+08 53 25.5703 29 6.68293
976 9.0072e+15 4.84978e+13 5.36957e+08 53 24.9512 29 6.50394
977 4.5036e+15 4.01614e+13 2.68516e+08 52 24.4131 28 6.39354
978 3.60288e+16 1.10036e+14 5.36963e+08 55 24.7715 29 6.50233
979 7.20576e+16 1.42598e+14 6.71769e+07 56 23.6699 26 6.20231
980 3.60288e+16 1.28464e+14 1.34293e+08 55 24.1621 27 6.28369
981 1.44115e+17 2.10905e+14 2.6851e+08 57 24.0537 28 6.32885
982 1.80144e+16 1.03028e+14 5.36956e+08 54 25.8545 29 6.79238
983 1.80144e+16 7.37556e+13 1.07382e+09 54 25.0938 30 6.59048
984 7.20576e+16 1.11713e+14 1.34296e+08 56 24.0459 27 6.35136
985 9.0072e+15 6.21836e+13 3.36115e+07 53 23.5977 25 6.37765
986 7.20576e+16 1.54333e+14 3.3616e+07 56 23.4824 25 6.26357
987 1.80144e+16 7.33817e+13 6.71787e+07 54 23.9014 26 6.36527
988 5.76461e+17 1.00618e+15 1.09133e+06 59 22.2715 20 6.0075
989 9.0072e+15 7.27904e+13 1.34289e+08 53 24.7803 27 6.64706
990 3.60288e+16 1.36177e+14 3.3618e+07 55 23.7695 25 6.34076
991 1.80144e+16 9.04072e+13 1.68414e+07 54 23.9863 24 6.3117
992 7.20576e+16 1.32603e+14 3.36193e+07 56 23.8096 25 6.28464
993 1.80144e+16 6.03578e+13 2.14758e+09 54 26.0166 31 6.87247
994 1.80144e+16 5.62092e+13 1.07383e+09 54 25.5508 30 6.72793
995 7.20576e+16 1.34509e+14 3.36202e+07 56 23.8896 25 6.29228
996 7.20576e+16 2.0997e+14 2.14758e+09 56 26.3623 31 7.0104
997 1.44115e+17 3.15671e+14 4.29506e+09 57 26.3008 32 6.91416
998 7.20576e+16 1.38255e+14 2.68521e+08 56 25.0938 28 6.58762
999 1.80144e+16 7.31269e+13 2.68511e+08 54 24.623 28 6.45327
1000 3.60288e+16 1.31488e+14 3.36193e+07 55 23.833 25 6.25084
1001 3.60288e+16 1.26835e+14 5.3696e+08 55 25.4053 29 6.63642
1002 1.44115e+17 2.8401e+14 6.71758e+07 57 24.3711 26 6.38306
1003 7.20576e+16 1.67267e+14 4.29506e+09 56 26.1523 32 6.88784
1004 7.20576e+16 1.84911e+14 1.07384e+09 56 26.2109 30 6.81104
1005 1.44115e+17 3.76835e+14 4.29508e+09 57 26.9814 32 7.12089
1006 7.20576e+16 1.27001e+14 2.14758e+09 56 25.9922 31 6.9212
1007 3.60288e+16 8.06797e+13 4.29505e+09 55 26.3086 32 7.01876
1008 3.60288e+16 9.98165e+13 1.718e+10 55 27.2451 34 7.24529
1009 3.60288e+16 9.58587e+13 8.59003e+09 55 26.583 33 6.99406
1010 1.44115e+17 2.36205e+14 3.43599e+10 57 28.5898 35 7.50753
1011 5.76461e+17 8.57671e+14 3.43599e+10 59 28.4229 35 7.56873
1012 7.20576e+16 2.2112e+14 2.14759e+09 56 25.9502 31 6.8816
1013 1.44115e+17 3.3988e+14 1.07383e+09 57 25.6865 30 6.78072
1014 3.60288e+16 1.48576e+14 2.14758e+09 55 25.6104 31 6.84252
1015 3.60288e+16 1.74485e+14 1.07384e+09 55 25.7773 30 6.87799
1016 3.60288e+16 6.59914e+13 5.36954e+08 55 25.002 29 6.62524
1017 3.60288e+16 1.12826e+14 1.07383e+09 55 25.3975 30 6.74838
1018 7.20576e+16 1.89626e+14 1.07383e+09 56 25.3086 30 6.7088
1019 7.20576e+16 1.68155e+14 4.29507e+09 56 26.1084 32 6.88929
1020 3.60288e+16 1.70512e+14 5.3696e+08 55 25.3467 29 6.65912
1021 3.60288e+16 1.01597e+14 5.36962e+08 55 25.0166 29 6.62204
1022 3.60288e+16 9.35569e+13 2.68509e+08 55 25.1592 28 6.62137
1023 9.0072e+15 4.09726e+13 1.34281e+08 53 24.0967 27 6.33414
1024 5.76461e+17 7.49745e+14 5.3696e+08 59 25.5879 29 6.68678
1025 1.80144e+16 9.43769e+13 1.718e+10 54 28.0957 34 7.4127
1026 1.80144e+16 5.7961e+13 4.29507e+09 54 26.1211 32 6.89196
1027 2.8823e+17 5.72899e+14 1.718e+10 58 27.0195 34 7.1921
1028 3.60288e+16 1.93211e+14 8.59004e+09 55 26.5596 33 7.11857
1029 1.80144e+16 9.69498e+13 2.68518e+08 54 24.6299 28 6.67775
1030 2.8823e+17 4.13638e+14 1.34292e+08 58 24.6104 27 6.60371
1031 1.44115e+17 3.36141e+14 5.36946e+08 57 24.8623 29 6.67574
1032 7.20576e+16 2.69079e+14 1.34295e+08 56 24.6572 27 6.57387
1033 3.60288e+16 1.36787e+14 2.68515e+08 55 24.792 28 6.67235
1034 1.44115e+17 4.27112e+14 2.68517e+08 57 25.376 28 6.75872
1035 7.20576e+16 2.20792e+14 2.14758e+09 56 26.085 31 6.97421
1036 7.20576e+16 1.52063e+14 5.36953e+08 56 25.6875 29 6.85378
1037 2.8823e+17 3.72019e+14 3.43599e+10 58 27.9785 35 7.58979
1038 1.80144e+16 1.04046e+14 3.43599e+10 54 27.7783 35 7.43572
1039 5.76461e+17 1.26041e+15 4.29507e+09 59 26.4941 32 7.12367
1040 1.15292e+18 1.23119e+15 1.718e+10 60 27.4863 34 7.41196
1041 1.44115e+17 3.13953e+14 1.37439e+11 57 29.6143 37 7.94447
1042 3.60288e+16 1.95757e+14 3.43599e+10 55 28.1201 35 7.58565
1043 5.76461e+17 6.12721e+14 4.29506e+09 59 26.0078 32 7.03501
1044 5.76461e+17 7.46845e+14 1.718e+10 59 27.9209 34 7.55055
1045 7.20576e+16 3.31046e+14 3.43599e+10 56 28.2002 35 7.66368
1046 1.80144e+16 1.22236e+14 1.718e+10 54 26.8145 34 7.32638
1047 2.8823e+17 4.57048e+14 3.43598e+10 58 27.748 35 7.545
1048 2.8823e+17 3.9268e+14 4.29507e+09 58 26.4521 32 7.24214
1049 1.80144e+16 1.48796e+14 1.37439e+11 54 29.8135 37 8.09088
1050 3.60288e+16 1.37142e+14 1.718e+10 55 27.415 34 7.45273
1051 3.60288e+16 9.60462e+13 4.29507e+09 55 26.8643 32 7.24437
1052 7.20576e+16 2.09363e+14 3.36161e+07 56 24.7461 25 6.72061
1053 3.60288e+16 1.57469e+14 1.718e+10 55 26.7695 34 7.33797
1054 7.20576e+16 2.36681e+14 2.14758e+09 56 26.4814 31 7.23177
1055 4.5036e+15 5.313e+13 4.29506e+09 52 26.1182 32 7.17149
1056 5.76461e+17 6.29638e+14 1.718e+10 59 27.2822 34 7.45141
1057 7.20576e+16 2.70891e+14 6.87196e+10 56 28.752 36 7.73942
1058 3.60288e+16 1.89743e+14 4.29507e+09 55 26.8574 32 7.28893
1059 1.44115e+17 2.75246e+14 5.36956e+08 57 25.4219 29 6.90763
1060 7.20576e+16 3.21226e+14 8.59004e+09 56 27.2158 33 7.35534
1061 7.20576e+16 2.17605e+14 1.34283e+08 56 25.2285 27 6.74132
1062 1.44115e+17 2.77307e+14 5.36961e+08 57 25.9756 29 7.07506
1063 2.8823e+17 3.55154e+14 1.07383e+09 58 26.1855 30 7.13127
1064 7.20576e+16 1.72379e+14 4.29508e+09 56 27.7266 32 7.49484
1065 9.0072e+15 6.40697e+13 2.14757e+09 53 26.0049 31 7.0335
1066 7.20576e+16 2.51734e+14 1.34294e+08 56 24.9795 27 6.75414
1067 3.60288e+16 1.22909e+14 2.14757e+09 55 26.0898 31 7.04899
1068 3.60288e+16 1.13949e+14 4.29506e+09 55 25.9385 32 7.00751
1069 1.44115e+17 4.18347e+14 1.718e+10 57 27.7754 34 7.51347
1070 2.8823e+17 4.81569e+14 1.718e+10 58 27.873 34 7.55383
1071 3.60288e+16 2.16631e+14 6.87196e+10 55 28.4531 36 7.75363
1072 2.8823e+17 4.46651e+14 3.43598e+10 58 28.2871 35 7.74384
1073 7.20576e+16 2.45727e+14 8.59004e+09 56 27.249 33 7.45375
1074 5.76461e+17 9.83166e+14 6.87196e+10 59 28.5576 36 7.75282
1075 7.20576e+16 2.8154e+14 3.43598e+10 56 27.7822 35 7.66438
1076 9.0072e+15 8.14085e+13 1.718e+10 53 27.2178 34 7.50961
1077 7.20576e+16 1.59919e+14 8.59004e+09 56 26.9844 33 7.41645
1078 7.20576e+16 2.20014e+14 2.14758e+09 56 26.3652 31 7.23132
1079 1.44115e+17 2.16728e+14 4.29507e+09 57 25.957 32 7.11027
1080 3.60288e+16 1.77407e+14 1.718e+10 55 27.3828 34 7.48775
1081 3.60288e+16 1.84547e+14 1.718e+10 55 27.0557 34 7.44705
1082 7.20576e+16 1.51781e+14 1.718e+10 56 26.9131 34 7.35822
1083 1.44115e+17 2.08263e+14 4.29507e+09 57 25.8691 32 7.14096
1084 2.8823e+17 4.31142e+14 3.43598e+10 58 28.3086 35 7.74859
1085 2.8823e+17 5.06289e+14 1.718e+10 58 27.1553 34 7.53846
1086 3.60288e+16 1.91961e+14 4.29506e+09 55 26.0166 32 7.2097
1087 9.0072e+15 7.76041e+13 5.36961e+08 53 25.2568 29 6.9159
1088 1.80144e+16 1.1602e+14 8.59002e+09 54 26.4365 33 7.22039
1089 5.76461e+17 7.933e+14 1.07383e+09 59 25.5488 30 7.0399
1090 2.30584e+18 2.51359e+15 1.718e+10 61 27.5361 34 7.52474
1091 3.60288e+16 1.35505e+14 3.43599e+10 55 28.3174 35 7.68103
1092 3.60288e+16 1.45553e+14 5.36946e+08 55 25.0127 29 6.88756
1093 1.44115e+17 3.71577e+14 1.718e+10 57 27.4326 34 7.49708
1094 1.80144e+16 1.28892e+14 6.87196e+10 54 28.7842 36 7.83796
1095 2.8823e+17 3.70145e+14 1.718e+10 58 26.1602 34 7.12048
1096 7.20576e+16 2.11032e+14 6.87196e+10 56 28.6934 36 7.76336
1097 9.22337e+18 9.09613e+15 3.43599e+10 63 27.4307 35 7.37365
1098 1.44115e+17 2.15145e+14 3.43599e+10 57 27.4609 35 7.53181
1099 1.80144e+16 1.42598e+14 6.87196e+10 54 28.3154 36 7.84211
1100 7.20576e+16 1.83334e+14 1.718e+10 56 27.0439 34 7.39832
1101 7.20576e+16 1.44168e+14 8.59003e+09 56 26.8457 33 7.33108
1102 3.60288e+16 1.79891e+14 6.87196e+10 55 27.6143 36 7.56601
1103 5.76461e+17 6.6163e+14 1.718e+10 59 26.5303 34 7.26352
1104 2.8823e+17 5.58974e+14 1.34286e+08 58 24.2207 27 6.6388
1105 1.44115e+17 2.53622e+14 1.07383e+09 57 25.7197 30 7.03593
1106 2.8823e+17 5.41483e+14 1.718e+10 58 26.9453 34 7.4379
1107 7.20576e+16 2.16841e+14 4.29507e+09 56 26.2559 32 7.29844
1108 1.15292e+18 1.43525e+15 4.29507e+09 60 25.6143 32 7.15383
1109 3.60288e+16 2.16452e+14 1.37439e+11 55 28.085 37 7.80003
1110 5.76461e+17 7.29737e+14 6.87196e+10 59 27.8379 36 7.70681
1111 5.76461e+17 9.65328e+14 2.74878e+11 59 29.4609 38 8.14019
1112 7.20576e+16 2.42593e+14 4.29507e+09 56 25.8047 32 7.1988
1113 3.60288e+16 1.91496e+14 8.59004e+09 55 26.165 33 7.25125
1114 1.15292e+18 1.28657e+15 2.14756e+09 60 25.2002 31 7.03005
1115 1.44115e+17 4.41903e+14 2.74878e+11 57 28.9766 38 8.08365
1116 2.8823e+17 5.99868e+14 8.59003e+09 58 26.1289 33 7.15714
1117 3.60288e+16 1.51085e+14 1.718e+10 55 26.915 34 7.39044
1118 1.80144e+16 1.03402e+14 6.87196e+10 54 27.2793 36 7.5536
1119 2.8823e+17 4.01185e+14 3.43598e+10 58 27.1406 35 7.49338
1120 7.20576e+16 2.16013e+14 1.68376e+07 56 23.5264 24 6.45554
1121 3.60288e+16 2.35428e+14 1.37439e+11 55 28.7471 37 7.83037
1122 1.80144e+16 1.02049e+14 6.87196e+10 54 27.5615 36 7.61313
1123 7.20576e+16 3.4231e+14 6.87196e+10 56 27.8779 36 7.67894
1124 1.80144e+16 1.13154e+14 4.29506e+09 54 25.6533 32 7.10109
1125 3.60288e+16 1.63754e+14 3.43598e+10 55 27.0439 35 7.45405
1126 7.20576e+16 1.70826e+14 1.718e+10 56 27.5176 34 7.55333
1127 7.20576e+16 2.7928e+14 1.718e+10 56 27.291 34 7.49984
1128 1.80144e+16 9.27212e+13 1.718e+10 54 27.1006 34 7.39147
1129 3.60288e+16 1.44755e+14 1.718e+10 55 26.9033 34 7.40181
1130 1.44115e+17 3.91776e+14 1.718e+10 57 27.2412 34 7.4774
1131 7.20576e+16 1.74902e+14 6.87196e+10 56 28.249 36 7.79022
1132 5.76461e+17 7.63818e+14 6.87196e+10 59 28.6357 36 7.92072
1133 4.61169e+18 5.87991e+15 3.43599e+10 62 27.7275 35 7.53694
1134 7.20576e+16 2.38549e+14 8.59004e+09 56 26.9346 33 7.41922
1135 3.60288e+16 1.34354e+14 2.14758e+09 55 26.2646 31 7.1897
1136 3.60288e+16 1.09242e+14 1.07383e+09 55 26.0742 30 7.11475
1137 3.60288e+16 1.75848e+14 4.29506e+09 55 26.5195 32 7.27943
1138 1.80144e+16 1.00334e+14 8.59003e+09 54 26.665 33 7.2715
1139 2.8823e+17 4.68912e+14 6.71764e+07 58 24.5117 26 6.7696
1140 1.44115e+17 3.7373e+14 8.59005e+09 57 26.5498 33 7.28368
1141 7.20576e+16 2.75735e+14 8.59003e+09 56 26.6807 33 7.30054
1142 7.20576e+16 2.47341e+14 1.718e+10 56 26.6396 34 7.29684
1143 7.20576e+16 1.43968e+14 1.718e+10 56 26.7617 34 7.41411
1144 2.8823e+17 5.00793e+14 1.718e+10 58 27.4561 34 7.49355
1145 2.8823e+17 5.56162e+14 6.87196e+10 58 28.8789 36 7.90722
1146 7.20576e+16 4.12936e+14 1.718e+10 56 26.1318 34 7.20538
1147 1.44115e+17 4.31653e+14 1.718e+10 57 26.6748 34 7.42263
1148 1.44115e+17 4.7406e+14 2.14757e+09 57 24.8438 31 6.87235
1149 1.80144e+16 1.31038e+14 3.43598e+10 54 27.0693 35 7.4139
1150 2.30584e+18 2.37886e+15 4.29507e+09 61 25.6113 32 7.07669
1151 2.8823e+17 5.16643e+14 2.74878e+11 58 30.4434 38 8.28653
1152 1.80144e+16 1.28745e+14 1.37439e+11 54 29.917 37 8.18042
1153 1.44115e+17 2.75021e+14 6.87196e+10 57 28.1182 36 7.6826
1154 1.80144e+16 1.00414e+14 1.718e+10 54 28.3945 34 7.75901
1155 1.80144e+16 1.12235e+14 8.59005e+09 54 26.9629 33 7.37143
1156 2.8823e+17 7.06855e+14 2.68508e+08 58 25.2559 28 6.88238
1157 3.60288e+16 2.01319e+14 1.718e+10 55 27.6025 34 7.60438
1158 7.20576e+16 1.99977e+14 3.43598e+10 56 28.0898 35 7.7095
1159 7.20576e+16 2.22762e+14 3.43599e+10 56 27.8369 35 7.64376
1160 3.60288e+16 8.97442e+13 4.29506e+09 55 26.2607 32 7.22849
1161 7.20576e+16 2.1262e+14 1.718e+10 56 27.4004 34 7.64288
1162 3.60288e+16 1.18927e+14 8.59003e+09 55 26.8906 33 7.42476
1163 1.44115e+17 2.95427e+14 8.59004e+09 57 26.9453 33 7.42202
1164 1.80144e+16 1.38162e+14 4.29507e+09 54 26.7236 32 7.41501
1165 3.60288e+16 1.11617e+14 1.718e+10 55 27.4248 34 7.65128
1166 2.8823e+17 4.03244e+14 2.14757e+09 58 26.2998 31 7.22076
1167 5.76461e+17 7.92173e+14 8.59004e+09 59 27.1445 33 7.63537
1168 3.68935e+19 3.61197e+16 1.07384e+09 65 25.1924 30 7.26693
1169 1.44115e+17 3.38826e+14 1.718e+10 57 27.2822 34 7.85317
1170 7.20576e+16 1.99285e+14 3.43599e+10 56 27.5127 35 7.83826
1171 1.44115e+17 2.59772e+14 3.43599e+10 57 28.2822 35 8.11371
1172 7.20576e+16 2.6888e+14 1.718e+10 56 27.4688 34 7.94142
1173 1.44115e+17 3.06965e+14 8.59003e+09 57 26.5225 33 7.61733
1174 3.60288e+16 1.80912e+14 1.718e+10 55 27.2529 34 7.81044
1175 7.20576e+16 2.13294e+14 4.29507e+09 56 26.0742 32 7.47033
1176 3.60288e+16 2.08211e+14 1.718e+10 55 27.1943 34 7.77687
1177 3.60288e+16 1.72947e+14 1.07382e+09 55 25.4238 30 7.23994
1178 7.20576e+16 3.88582e+14 1.718e+10 56 26.7354 34 7.66138
1179 3.60288e+16 1.7736e+14 3.43598e+10 55 27.8252 35 7.85298
1180 9.0072e+15 9.23463e+13 3.43598e+10 53 28.4072 35 7.9994
1181 7.20576e+16 2.45972e+14 3.43598e+10 56 27.8154 35 7.90247
1182 3.60288e+16 1.67572e+14 3.43598e+10 55 27.8262 35 7.85401
1183 1.44115e+17 4.24199e+14 3.43598e+10 57 27.5244 35 7.7908
1184 7.20576e+16 2.36289e+14 3.43599e+10 56 28.333 35 8.05231
1185 2.8823e+17 4.30646e+14 8.59004e+09 58 26.6768 33 7.5967
1186 1.80144e+16 2.44116e+14 1.37439e+11 54 29.6904 37 8.45099
1187 1.80144e+16 1.0256e+14 1.718e+10 54 27.4482 34 7.85909
1188 1.44115e+17 3.13936e+14 1.718e+10 57 27.2061 34 7.81493
1189 3.60288e+16 1.17103e+14 3.43599e+10 55 27.1572 35 7.62415
1190 7.20576e+16 2.48613e+14 1.718e+10 56 27.6172 34 7.84132
1191 1.44115e+17 2.63342e+14 1.718e+10 57 27.4619 34 7.84168
1192 3.60288e+16 1.60891e+14 3.43599e+10 55 28.3926 35 8.05619
1193 1.80144e+16 7.82025e+13 1.718e+10 54 27.6631 34 7.85875
1194 1.44115e+17 4.97522e+14 1.718e+10 57 27.7246 34 7.85388
1195 1.15292e+18 1.38048e+15 3.43599e+10 60 27.7275 35 7.84965
1196 2.30584e+18 2.45322e+15 1.37439e+11 61 29.6094 37 8.44842
1197 2.8823e+17 4.8814e+14 6.87196e+10 58 28.9238 36 8.13325
1198 9.22337e+18 9.28174e+15 8.59003e+09 63 27.0264 33 7.56253
1199 3.60288e+16 1.7322e+14 1.37439e+11 55 29.9561 37 8.5646
1200 7.20576e+16 1.84423e+14 3.43599e+10 56 28.5303 35 8.16827
1201 7.20576e+16 2.34199e+14 8.59003e+09 56 27.0068 33 7.72917
1202 3.60288e+16 1.45308e+14 3.43598e+10 55 28.334 35 8.10388
1203 1.44115e+17 2.82958e+14 3.43598e+10 57 27.3369 35 7.90012
1204 3.60288e+16 1.4376e+14 1.718e+10 55 28.209 34 8.11628
1205 3.60288e+16 1.6129e+14 4.29506e+09 55 26.9111 32 7.72169
1206 5.76461e+17 7.75639e+14 1.718e+10 59 27.8994 34 8.00005
1207 3.60288e+16 1.8101e+14 1.718e+10 55 27.9707 34 8.00869
1208 7.20576e+16 1.4458e+14 2.14758e+09 56 26.7754 31 7.65381
1209 1.80144e+16 1.14049e+14 4.29506e+09 54 26.9023 32 7.77609
1210 1.44115e+17 3.68206e+14 1.718e+10 57 28.4336 34 8.11748
1211 7.20576e+16 2.0508e+14 4.29505e+09 56 26.8623 32 7.73145
1212 5.76461e+17 8.10168e+14 4.29508e+09 59 27.1299 32 7.75036
1213 5.76461e+17 8.24423e+14 1.07383e+09 59 26.3105 30 7.56764
1214 1.80144e+16 1.02139e+14 2.68511e+08 54 25.4072 28 7.23668
1215 3.60288e+16 1.03207e+14 2.14757e+09 55 26.333 31 7.5356
1216 7.20576e+16 1.36693e+14 4.29507e+09 56 27.0039 32 7.80524
1217 1.80144e+16 1.14966e+14 8.59005e+09 54 28.3047 33 8.11086
1218 1.44115e+17 3.14271e+14 3.43598e+10 57 28.1289 35 8.10234
1219 1.80144e+16 9.58235e+13 1.718e+10 54 27.8262 34 7.9169
1220 1.44115e+17 2.91666e+14 1.718e+10 57 27.4951 34 7.86268
1221 1.44115e+17 2.20848e+14 4.29507e+09 57 26.5264 32 7.62296
1222 3.60288e+16 1.29663e+14 8.59005e+09 55 28.4248 33 8.09362
1223 3.60288e+16 1.55064e+14 8.59004e+09 55 27.5674 33 7.84643
1224 7.20576e+16 2.1497e+14 8.59005e+09 56 27.917 33 7.99688
1225 7.20576e+16 2.10914e+14 8.59003e+09 56 27.6934 33 7.81839
1226 2.8823e+17 5.91439e+14 1.718e+10 58 28.1787 34 8.02487
1227 1.44115e+17 3.09862e+14 1.718e+10 57 28.2285 34 8.0933
1228 1.44115e+17 2.60333e+14 6.87196e+10 57 29.3887 36 8.40381
1229 1.44115e+17 2.73796e+14 1.718e+10 57 27.3369 34 7.73957
1230 1.44115e+17 3.44624e+14 1.37439e+11 57 30.5186 37 8.66115
1231 1.80144e+16 1.49571e+14 6.87196e+10 54 29.7979 36 8.45307
1232 2.30584e+18 2.36766e+15 1.718e+10 61 28.2822 34 8.02848
1233 1.44115e+17 3.57232e+14 1.37439e+11 57 31.3848 37 8.92905
1234 3.60288e+16 1.56044e+14 2.74878e+11 55 30.6162 38 8.72071
1235 7.20576e+16 1.89805e+14 1.37439e+11 56 29.6074 37 8.47083
1236 2.8823e+17 8.39685e+14 1.37439e+11 58 28.9033 37 8.23724
1237 7.20576e+16 2.02742e+14 1.37439e+11 56 29.1035 37 8.34706
1238 1.44115e+17 3.57181e+14 6.87196e+10 57 28.1699 36 7.96408
1239 2.8823e+17 5.00041e+14 6.87196e+10 58 27.9385 36 7.94388
1240 1.44115e+17 5.48602e+14 1.37439e+11 57 28.5566 37 8.16512
1241 7.20576e+16 3.18108e+14 1.37439e+11 56 28.4941 37 8.08524
1242 1.44115e+17 5.20693e+14 2.74878e+11 57 29.6924 38 8.511
1243 7.20576e+16 2.86004e+14 3.43599e+10 56 27.2803 35 7.74453
1244 3.60288e+16 2.5181e+14 6.87196e+10 55 28.3096 36 8.05049
1245 1.80144e+16 1.25256e+14 1.37439e+11 54 29.4951 37 8.39961
1246 5.76461e+17 1.35413e+15 6.87196e+10 59 28.6602 36 8.18462
1247 3.60288e+16 2.62232e+14 1.37439e+11 55 29.2568 37 8.38131
1248 7.20576e+16 3.87241e+14 2.74878e+11 56 31.3369 38 8.9717
1249 1.44115e+17 3.71562e+14 2.74878e+11 57 30.7822 38 8.8531
1250 1.44115e+17 4.84156e+14 2.74878e+11 57 30.1738 38 8.57001
1251 1.80144e+16 2.07673e+14 1.37439e+11 54 29.2891 37 8.34037
1252 3.60288e+16 2.23252e+14 1.37439e+11 55 28.832 37 8.28373
1253 1.15292e+18 1.31653e+15 1.37439e+11 60 28.7148 37 8.24567
1254 5.76461e+17 1.2549e+15 5.49756e+11 59 32.7441 39 9.3894
1255 2.8823e+17 5.45686e+14 2.74878e+11 58 30.4951 38 8.76822
1256 7.20576e+16 2.03521e+14 6.87196e+10 56 28.6768 36 8.29697
1257 2.30584e+18 2.62554e+15 1.37439e+11 61 29.6592 37 8.53042
1258 3.60288e+16 2.10528e+14 1.37439e+11 55 29.2744 37 8.58921
1259 1.15292e+18 2.40292e+15 1.37439e+11 60 29.5967 37 8.64498
1260 3.60288e+16 1.92947e+14 1.718e+10 55 27.792 34 8.02026
1261 1.80144e+16 1.3561e+14 1.718e+10 54 27.4697 34 7.92135
1262 3.60288e+16 1.49856e+14 1.718e+10 55 26.667 34 7.83525
1263 2.8823e+17 4.72476e+14 3.43599e+10 58 28.3477 35 8.20649
1264 7.20576e+16 3.55318e+14 3.43598e+10 56 27.7432 35 8.12677
1265 7.20576e+16 2.66011e+14 8.59003e+09 56 27.0439 33 7.78763
1266 1.80144e+16 1.30173e+14 1.718e+10 54 27.6133 34 8.01764
1267 2.30584e+18 2.51103e+15 3.43598e+10 61 27.5898 35 8.0196
1268 2.8823e+17 7.15595e+14 2.74878e+11 58 29.8115 38 8.6272
1269 1.44115e+17 4.56418e+14 2.14757e+09 57 25.6484 31 7.39911
1270 2.30584e+18 3.97458e+15 1.718e+10 61 27.7764 34 7.94517
1271 4.61169e+18 4.9797e+15 6.87196e+10 62 27.8994 36 8.00976
1272 2.8823e+17 5.05907e+14 1.37439e+11 58 30.3887 37 8.82451
1273 1.80144e+16 1.52508e+14 1.37439e+11 54 29.3291 37 8.35438
1274 2.30584e+18 2.44406e+15 1.718e+10 61 26.5186 34 7.60982
1275 7.20576e+16 1.84975e+14 1.37439e+11 56 29.4668 37 8.40721
1276 7.20576e+16 3.92939e+14 1.37439e+11 56 29.0332 37 8.30934
1277 3.60288e+16 1.95932e+14 1.37439e+11 55 29.5928 37 8.41311
1278 1.80144e+16 1.06692e+14 6.87196e+10 54 28.1982 36 8.03919
1279 9.22337e+18 1.02554e+16 6.87196e+10 63 28.251 36 8.07717
1280 7.20576e+16 3.50515e+14 5.49756e+11 56 32.3574 39 9.15006
1281 3.60288e+16 2.76924e+14 2.74878e+11 55 30.1621 38 8.52888
1282 1.44115e+17 2.36948e+14 1.37439e+11 57 29.4209 37 8.33845
1283 1.44115e+17 3.05799e+14 1.37439e+11 57 29.0449 37 8.24709
1284 7.20576e+16 2.66612e+14 6.87196e+10 56 27.499 36 7.82981
1285 1.44115e+17 3.57616e+14 1.37439e+11 57 29.7559 37 8.42091
1286 1.44115e+17 3.96614e+14 2.74878e+11 57 32.123 38 9.10642
1287 1.15292e+18 1.47654e+15 2.74878e+11 60 30.4297 38 8.61046
1288 2.8823e+17 5.91048e+14 1.37439e+11 58 30.5439 37 8.63788
1289 5.76461e+17 7.48222e+14 2.74878e+11 59 32.3193 38 9.09087
1290 1.44115e+17 2.60112e+14 1.37439e+11 57 29.8818 37 8.46154
1291 1.15292e+18 1.57288e+15 1.37439e+11 60 29.1836 37 8.24179
1292 5.76461e+17 9.59477e+14 2.74878e+11 59 30.5479 38 8.57106
1293 2.30584e+18 2.77881e+15 2.74878e+11 61 30.7988 38 8.64989
1294 3.60288e+16 1.64695e+14 1.718e+10 55 27.6621 34 7.76734
1295 1.44115e+17 4.05518e+14 6.87196e+10 57 29.2393 36 8.18436
1296 7.20576e+16 2.44739e+14 6.87196e+10 56 28.4824 36 8.06085
1297 3.60288e+16 1.4463e+14 6.87196e+10 55 28.2295 36 7.92827
1298 7.20576e+16 2.3664e+14 1.718e+10 56 27.0879 34 7.62424
1299 1.44115e+17 3.49228e+14 3.43598e+10 57 27.1729 35 7.70956
1300 1.15292e+18 1.2516e+15 3.43599e+10 60 28.6133 35 8.12434
1301 2.8823e+17 1.14189e+15 1.37439e+11 58 31.457 37 8.9377
1302 9.22337e+18 1.04664e+16 1.718e+10 63 28.2119 34 8.0724
1303 3.60288e+16 1.14076e+14 4.29506e+09 55 25.9209 32 7.29907
1304 7.20576e+16 2.36046e+14 4.29505e+09 56 25.7109 32 7.30691
1305 2.8823e+17 5.20617e+14 1.718e+10 58 27.6387 34 7.87304
1306 5.76461e+17 1.62888e+15 3.43598e+10 59 27.3613 35 7.79013
1307 2.8823e+17 1.26262e+15 4.29506e+09 58 26.1914 32 7.4323
1308 7.20576e+16 3.5099e+14 4.29507e+09 56 26.3252 32 7.48299
1309 1.44115e+17 9.61262e+14 5.36956e+08 57 24.9072 29 7.0847
1310 7.20576e+16 3.69995e+14 8.59005e+09 56 26.8916 33 7.68734
1311 1.84467e+19 1.89659e+16 8.59002e+09 64 27.0059 33 7.70244
1312 1.15292e+18 1.96628e+15 4.29507e+09 60 27.4219 32 7.8746
1313 9.22337e+18 1.34546e+16 4.29506e+09 63 27.0078 32 7.78308
1314 2.95148e+20 2.95745e+17 2.14757e+09 68 26.1016 31 7.4092
1315 1.18059e+21 1.27325e+18 2.14757e+09 70 27.1885 31 7.84539
1316 4.61169e+18 1.1313e+16 2.14756e+09 62 27.2227 31 7.9357
1317 9.22337e+18 1.54496e+16 5.36956e+08 63 26.8252 29 7.76594
1318 2.95148e+20 3.02478e+17 1.07383e+09 68 27.2773 30 7.95077
1319 1.84467e+19 3.73325e+16 1.34289e+08 64 25.123 27 7.31213
1320 1.15292e+18 3.31942e+15 2.68517e+08 60 25.21 28 7.39641
1321 2.95148e+20 6.32283e+17 1.34282e+08 68 24.8379 27 7.27806
1322 3.68935e+19 8.62924e+16 1.34287e+08 65 25.4541 27 7.33682
1323 3.68935e+19 4.31534e+16 1.34286e+08 65 24.6553 27 7.25416
1324 3.68935e+19 5.07684e+16 2.68506e+08 65 25.748 28 7.52649
1325 2.36118e+21 2.31352e+18 5.36945e+08 71 26.7266 29 7.83017
1326 7.3787e+19 1.16454e+17 2.14758e+09 66 28.8721 31 8.19982
1327 1.47574e+20 1.86827e+17 1.07382e+09 67 26.9033 30 7.66226
1328 7.3787e+19 7.7013e+16 5.36947e+08 66 26.7803 29 7.69963
1329 3.68935e+19 6.46091e+16 5.36962e+08 65 27.3291 29 7.80562
1330 2.95148e+20 3.25361e+17 5.36955e+08 68 26.4678 29 7.56546
1331 1.18059e+21 1.17092e+18 1.34289e+08 70 25.5947 27 7.32604
1332 9.22337e+18 2.83289e+16 6.71765e+07 63 25.3623 26 7.29646
1333 1.47574e+20 2.64421e+17 5.36944e+08 67 26.6709 29 7.68874
1334 1.18059e+21 1.20638e+18 1.34284e+08 70 25.9619 27 7.45404
1335 1.47574e+20 1.83798e+17 3.36105e+07 67 23.3545 25 6.80345
1336 9.22337e+18 1.26355e+16 1.68364e+07 63 23.6631 24 6.74019
1337 1.84467e+19 3.08569e+16 5.36947e+08 64 26.8018 29 7.58391
1338 5.76461e+17 4.06552e+15 5.36951e+08 59 26.4619 29 7.5438
1339 9.22337e+18 1.5956e+16 5.36952e+08 63 26.5801 29 7.53475
1340 3.68935e+19 5.80992e+16 5.36946e+08 65 25.1729 29 7.08812
1341 4.61169e+18 1.804e+16 2.68514e+08 62 25.7197 28 7.22472
1342 5.90296e+20 5.92652e+17 5.36944e+08 69 26.6621 29 7.52238
1343 9.22337e+18 1.7045e+16 1.34281e+08 63 24.2412 27 6.71859
1344 2.95148e+20 3.35984e+17 5.36944e+08 68 26.3301 29 7.44419
1345 7.3787e+19 1.64541e+17 5.3695e+08 66 26.1074 29 7.15917
1346 7.3787e+19 7.67252e+16 1.34285e+08 66 23.4512 27 6.36981
1347 4.61169e+18 1.09375e+16 297937 62 20.5518 18 5.48385
1348 1.18059e+21 1.3721e+18 4.24647e+06 70 22.0947 22 6.00466
1349 1.51116e+23 1.47625e+20 2.68508e+08 77 25.2627 28 7.05768
1350 3.68935e+19 1.13134e+17 2.68514e+08 65 25.3398 28 7.08075
1351 4.61169e+18 1.22366e+16 2.68507e+08 62 25.0674 28 6.97772
1352 2.95148e+20 3.58978e+17 1.68382e+07 68 22.7236 24 6.32641
1353 9.44473e+21 9.303e+18 3.36122e+07 73 22.3613 25 6.21612
1354 1.84467e+19 2.39098e+16 2.68505e+08 64 25.5479 28 7.27201
1355 2.95148e+20 3.82858e+17 5.36938e+08 68 26.458 29 7.45495
1356 3.77789e+22 3.71186e+19 5.36949e+08 75 27.0723 29 7.72787
1357 3.68935e+19 5.59987e+16 1.07382e+09 65 27.5078 30 7.95389
1358 3.02231e+23 2.95264e+20 1.07383e+09 78 27.5791 30 7.87769
1359 7.3787e+19 7.75381e+16 2.68511e+08 66 26.332 28 7.59901
1360 2.95148e+20 3.32099e+17 2.68507e+08 68 26.3018 28 7.58253
1361 3.68935e+19 4.91142e+16 5.3695e+08 65 26.9434 29 7.58721
1362 2.30584e+18 7.04165e+15 1.07381e+09 61 27.3516 30 7.77933
1363 1.15292e+18 5.75156e+15 4.29506e+09 60 29.5547 32 8.37206
1364 2.95148e+20 3.0965e+17 1.07383e+09 68 27.9277 30 7.87952
1365 2.95148e+20 4.41826e+17 2.14757e+09 68 27.5898 31 7.79625
1366 1.84467e+19 2.50529e+16 5.36958e+08 64 26.4326 29 7.48743
1367 1.84467e+19 2.08431e+16 8.59004e+09 64 29.5508 33 8.37843
1368 5.90296e+20 5.86929e+17 2.14757e+09 69 27.9219 31 7.97621
1369 9.22337e+18 1.85906e+16 8.59005e+09 63 29.3643 33 8.33093
1370 7.3787e+19 1.1383e+17 4.29506e+09 66 28.9385 32 8.27324
1371 9.44473e+21 9.98084e+18 8.59003e+09 73 30.7617 33 8.89607
1372 2.47588e+27 2.41785e+24 8.59003e+09 91 29.9609 33 8.78687
1373 1.18059e+21 1.18485e+18 5.3695e+08 70 28.207 29 8.21621
1374 1.15292e+18 3.69583e+15 2.68504e+08 60 26.8613 28 7.75348
1375 3.68935e+19 4.60421e+16 1.07382e+09 65 28.5908 30 8.26807
1376 3.68935e+19 8.55365e+16 3.43599e+10 65 31.918 35 9.14962
1377 2.36118e+21 2.6549e+18 8.59004e+09 71 30.0332 33 8.56753
1378 3.68935e+19 1.35653e+17 1.718e+10 65 30.5215 34 8.88377
1379 7.3787e+19 1.2022e+17 1.718e+10 66 30.6299 34 9.01889
1380 5.90296e+20 6.46598e+17 8.59003e+09 69 29.7549 33 8.68409
1381 1.84467e+19 6.02412e+16 2.74878e+11 64 33.8408 38 9.85975
1382 1.47574e+20 3.99956e+17 2.74878e+11 67 33.8799 38 9.95268
1383 7.3787e+19 1.84914e+17 3.43599e+10 66 32.1055 35 9.48289
1384 1.47574e+20 2.14222e+17 3.43599e+10 67 31.9873 35 9.51702
1385 2.95148e+20 9.91972e+17 3.43599e+10 68 31.0771 35 9.15672
1386 1.18059e+21 1.31865e+18 3.43598e+10 70 30.4678 35 8.93303
1387 7.3787e+19 2.20206e+17 8.59005e+09 66 29.792 33 8.74969
1388 4.72237e+21 5.03213e+18 3.43598e+10 72 30.8193 35 9.05186
1389 1.47574e+20 3.7266e+17 1.07382e+09 67 25.8867 30 7.67717
1390 2.95148e+20 3.06641e+17 4.29507e+09 68 27.8252 32 8.15921
1391 2.95148e+20 4.38629e+17 8.59002e+09 68 30.6836 33 9.0746
1392 1.18059e+21 1.2021e+18 1.718e+10 70 29.9814 34 8.94489
1393 2.95148e+20 9.02189e+17 6.87196e+10 68 32.2861 36 9.57424
1394 7.3787e+19 2.38985e+17 1.718e+10 66 30.7393 34 9.17199
1395 1.88895e+22 1.96934e+19 3.43598e+10 74 30.8203 35 9.18394
1396 1.18059e+21 1.2131e+18 1.718e+10 70 30.4395 34 8.96484
1397 1.18059e+21 1.27468e+18 6.87196e+10 70 31.6318 36 9.43542
1398 1.47574e+20 3.41304e+17 8.59005e+09 67 28.8486 33 8.47769
1399 2.95148e+20 7.89172e+17 4.29507e+09 68 28.2646 32 8.32424
1400 1.84467e+19 4.05262e+16 8.59002e+09 64 27.4678 33 8.14076
1401 4.72237e+21 4.68599e+18 6.87196e+10 72 29.4766 36 8.71561
1402 1.84467e+19 5.85395e+16 1.07383e+09 64 26.4648 30 7.82889
1403 5.90296e+20 6.994e+17 8.59003e+09 69 27.9531 33 8.21414
1404 1.18059e+21 2.28887e+18 1.718e+10 70 28.2598 34 8.33549
1405 5.90296e+20 1.32948e+18 3.43598e+10 69 29.7383 35 8.82079
1406 1.88895e+22 1.97641e+19 1.07382e+09 74 26.1934 30 7.82398
1407 4.72237e+21 5.26763e+18 1.07384e+09 72 26.7939 30 7.9239
1408 1.47574e+20 2.68439e+17 5.36954e+08 67 26.7871 29 7.87334
1409 7.3787e+19 1.47888e+17 5.3695e+08 66 27.0938 29 7.93309
1410 1.18059e+21 2.62933e+18 2.14758e+09 70 27.9531 31 8.15874
1411 5.90296e+20 1.16045e+18 2.14757e+09 69 27.6943 31 8.25656
1412 5.90296e+20 8.54559e+17 8.59003e+09 69 29.4824 33 8.73934
1413 2.36118e+21 5.28098e+18 1.07383e+09 71 27.9775 30 8.38655
1414 2.36118e+21 2.48655e+18 2.14758e+09 71 28.791 31 8.54022
1415 1.47574e+20 3.00726e+17 5.3695e+08 67 27.9541 29 8.18378
1416 1.84467e+19 7.67568e+16 4.29506e+09 64 28.6562 32 8.40664
1417 2.95148e+20 5.2227e+17 2.14758e+09 68 28.5459 31 8.3031
1418 2.41785e+24 2.36206e+21 8.59002e+09 81 29.5293 33 8.78718
1419 1.18059e+21 1.34667e+18 1.718e+10 70 30.6504 34 9.10797
1420 5.90296e+20 8.6047e+17 3.43598e+10 69 31.2754 35 9.29168
1421 1.88895e+22 2.32768e+19 3.43598e+10 74 31.3252 35 9.34483
1422 2.36118e+21 5.53309e+18 3.43598e+10 71 30.2129 35 9.1186
1423 2.36118e+21 3.88893e+18 3.43598e+10 71 31.123 35 9.39817
1424 4.8357e+24 4.76009e+21 6.87196e+10 82 32.3271 36 9.80462
1425 1.18059e+21 1.97944e+18 2.19902e+12 70 36.5459 41 10.8328
1426 4.72237e+21 5.47582e+18 1.37439e+11 72 34.4492 37 10.2055
1427 7.55579e+22 7.88343e+19 6.87196e+10 76 33.7998 36 10.0452
1428 1.51116e+23 1.87278e+20 1.37439e+11 77 34.8125 37 10.3256
1429 2.36118e+21 4.43009e+18 6.87196e+10 71 32.6416 36 9.62372
1430 1.88895e+22 2.559e+19 2.74878e+11 74 34.792 38 10.186
1431 6.04463e+23 6.37383e+20 2.74878e+11 79 34.96 38 10.2598
1432 2.95148e+20 7.73835e+17 2.19902e+12 68 36.8896 41 10.8223
1433 7.55579e+22 7.55367e+19 1.37439e+11 76 34.416 37 10.0434
1434 5.90296e+20 1.47116e+18 2.74878e+11 69 34.9561 38 10.381
1435 3.77789e+22 4.16323e+19 2.74878e+11 75 34.6543 38 10.2942
1436 4.72237e+21 6.07574e+18 1.37439e+11 72 33.3242 37 9.76003
1437 3.02231e+23 3.08895e+20 6.87196e+10 78 33.54 36 9.9227
1438 3.77789e+22 3.99415e+19 1.718e+10 75 30.8379 34 9.1762
1439 9.44473e+21 1.19589e+19 5.36954e+08 73 28.1475 29 8.44479
1440 6.04463e+23 7.06427e+20 1.718e+10 79 31.4287 34 9.39518
1441 3.02231e+23 2.95686e+20 3.43599e+10 78 33.3711 35 9.92878
1442 1.88895e+22 2.3611e+19 6.87196e+10 74 34.1553 36 10.2621
1443 5.90296e+20 2.20201e+18 3.43598e+10 69 32.751 35 9.83309
1444 1.88895e+22 2.17954e+19 8.59004e+09 74 31.2861 33 9.39537
1445 4.72237e+21 7.79546e+18 1.718e+10 72 32.7197 34 9.8719
1446 1.88895e+22 2.11927e+19 3.43598e+10 74 32.5479 35 9.7289
1447 1.88895e+22 2.02875e+19 1.37439e+11 74 34.6777 37 10.3405
1448 2.95148e+20 6.63786e+17 3.43598e+10 68 32.9082 35 9.8416
1449 7.55579e+22 7.44254e+19 1.718e+10 76 31.6055 34 9.39156
1450 1.88895e+22 1.8647e+19 8.59003e+09 74 31.7734 33 9.36907
1451 4.72237e+21 5.9436e+18 6.87196e+10 72 33.0469 36 9.74791
1452 2.95148e+20 8.05651e+17 3.43599e+10 68 32.9414 35 9.56758
1453 5.90296e+20 8.73756e+17 3.43599e+10 69 32.4229 35 9.43554
1454 4.72237e+21 6.18163e+18 3.43598e+10 72 32.9395 35 9.64879
1455 7.3787e+19 3.69586e+17 1.37439e+11 66 34.0498 37 9.9509
1456 1.18059e+21 1.86404e+18 6.87196e+10 70 32.6768 36 9.61405
1457 1.88895e+22 2.11304e+19 8.59004e+09 74 30.1426 33 8.89954
1458 4.72237e+21 5.53056e+18 1.37439e+11 72 32.0713 37 9.47642
1459 5.90296e+20 1.05698e+18 1.718e+10 69 30.2773 34 8.89195
1460 2.95148e+20 4.06963e+17 1.07382e+09 68 27.8047 30 8.10597
1461 4.72237e+21 6.52247e+18 6.87196e+10 72 33.0479 36 9.81068
1462 1.88895e+22 1.91425e+19 3.43599e+10 74 32.3799 35 9.55458
1463 1.18059e+21 5.5256e+18 2.74878e+11 70 33.3691 38 9.96393
1464 9.44473e+21 1.65573e+19 6.87196e+10 73 32.8311 36 9.8388
1465 2.95148e+20 9.99764e+17 2.74878e+11 68 34.6836 38 10.3269
1466 9.44473e+21 1.75493e+19 1.37439e+11 73 32.9971 37 9.7874
1467 1.18059e+21 2.09017e+18 1.37439e+11 70 33.1543 37 10.0234
1468 2.95148e+20 8.58896e+17 6.87196e+10 68 31.7646 36 9.59956
1469 3.77789e+22 3.84052e+19 6.87196e+10 75 31.2266 36 9.38083
1470 4.72237e+21 6.04514e+18 5.49756e+11 72 34.5889 39 10.313
1471 1.88895e+22 1.97716e+19 5.49756e+11 74 35.0088 39 10.5141
1472 9.44473e+21 1.09634e+19 1.09951e+12 73 35.9893 40 10.8883
1473 7.55579e+22 8.67046e+19 1.37439e+11 76 33.4072 37 10.1186
1474 1.20893e+24 1.18673e+21 1.718e+10 80 31.9893 34 9.80123
1475 4.72237e+21 6.81156e+18 8.59004e+09 72 31.4316 33 9.49946
1476 1.47574e+20 4.48346e+17 2.14757e+09 67 30.2803 31 9.22456
1477 4.72237e+21 7.95122e+18 2.14757e+09 72 29.7168 31 9.11391
1478 4.72237e+21 6.97834e+18 1.07382e+09 72 28.8779 30 8.84323
1479 4.72237e+21 1.23088e+19 3.43598e+10 72 31.9756 35 9.82755
1480 1.47574e+20 3.62506e+17 1.718e+10 67 30.8486 34 9.43364
1481 1.18059e+21 2.46504e+18 8.59003e+09 70 31.2275 33 9.46401
1482 2.95148e+20 9.61528e+17 2.14756e+09 68 28.9121 31 8.75473
1483 5.90296e+20 9.44925e+17 2.14758e+09 69 29.6846 31 9.04003
1484 7.55579e+22 7.39184e+19 2.14757e+09 76 29.5469 31 8.95565
1485 1.18059e+21 2.21087e+18 2.68504e+08 70 27.7637 28 8.58742
1486 1.88895e+22 1.98587e+19 1.718e+10 74 31.3594 34 9.47244
1487 7.55579e+22 7.65949e+19 6.87196e+10 76 32.8389 36 9.89915
1488 4.72237e+21 7.75989e+18 4.29506e+09 72 29.8691 32 9.23775
1489 3.02231e+23 2.95684e+20 5.3694e+08 78 28.377 29 8.64825
1490 7.55579e+22 8.60327e+19 2.68513e+08 76 29.0107 28 8.82264
1491 1.88895e+22 2.07536e+19 1.37439e+11 74 32.6953 37 9.93742
1492 2.36118e+21 3.72553e+18 8.59003e+09 71 30.4248 33 9.22769
1493 7.3787e+19 3.65613e+17 1.07382e+09 66 28.8789 30 8.9059
1494 1.18059e+21 2.61892e+18 4.29505e+09 70 29.9521 32 9.13443
1495 1.47574e+20 3.08072e+17 2.14757e+09 67 28.9629 31 8.81278
1496 5.90296e+20 1.09616e+18 1.34281e+08 69 26.7148 27 8.20774
1497 1.47574e+20 3.72197e+17 5.36945e+08 67 27.9092 29 8.62118
1498 7.3787e+19 2.93983e+17 1.34291e+08 66 27.29 27 8.42182
1499 4.72237e+21 5.63943e+18 5.36931e+08 72 27.459 29 8.34512
