122.973
0 435.053 8.46747 4 2 0.0361328 0 0.0275908
1 435.053 9.30477 4 2 0.0410156 0 0.0290665
2 435.053 9.15929 5 2 0.0400391 0 0.0303515
3 111.425 8.45785 5 1 0.0371094 0 0.0288377
4 434.954 9.38596 5 2 0.0419922 0 0.0298761
5 435.127 10.4577 5 2 0.0498047 0 0.0304827
6 110.903 8.98879 5 1 0.0390625 0 0.0301173
7 434.818 9.6911 5 2 0.0419922 0 0.0311514
8 434.954 10.7719 5 2 0.0556641 0 0.0289488
9 435.151 11.4043 5 2 0.0566406 0 0.0300027
10 1012.52 12.5125 5 3 0.0585938 0 0.0301912
11 435.053 10.3085 5 2 0.0498047 0 0.0299857
12 434.954 10.328 5 2 0.046875 0 0.0301265
13 435.151 11.2216 5 2 0.0556641 0 0.0322648
14 110.371 9.86956 5 1 0.0478516 0 0.0299119
15 434.954 11.6449 5 2 0.0625 0 0.0310992
16 434.954 9.81858 5 2 0.0439453 0 0.0308175
17 435.127 11.9368 6 2 0.0634766 0 0.0313191
18 435.151 9.13347 6 2 0.0380859 0 0.0301189
19 435.127 11.6676 6 2 0.0595703 0 0.0316775
20 435.151 11.5655 6 2 0.0546875 0 0.0313825
21 434.954 11.8869 6 2 0.0585938 0 0.0314147
22 112.934 10.4445 6 1 0.0498047 0 0.0315298
23 435.053 10.1602 6 2 0.0458984 0 0.0308339
24 435.127 11.1283 6 2 0.0576172 0 0.0299988
25 435.149 11.6828 6 2 0.0615234 0 0.0312424
26 115.282 10.0089 6 1 0.0458984 0 0.0316031
27 110.371 10.3604 6 1 0.0488281 0 0.0308116
28 435.151 12.4461 6 2 0.0566406 0 0.0313971
29 112.44 10.015 6 1 0.0458984 0 0.0320117
30 435.117 12.3792 6 2 0.0634766 0 0.0326205
31 435.127 13.1483 6 2 0.0673828 0 0.0321383
32 435.117 12.0499 6 2 0.0556641 0 0.0314582
33 435.053 10.0958 6 2 0.0429688 0 0.0313376
34 435.117 12.0448 6 2 0.0595703 0 0.0320572
35 435.149 13.7397 6 2 0.0742188 0 0.0318182
36 434.818 11.9654 6 2 0.0595703 0 0.0318892
37 1010.21 12.363 6 3 0.0556641 0 0.0329732
38 1011.78 15.3171 6 3 0.0761719 0 0.0331614
39 1006.68 12.9739 6 3 0.0615234 0 0.0334925
40 435.127 14.0301 6 2 0.0712891 0 0.0335623
41 435.127 12.0581 6 2 0.0595703 0 0.0332017
42 435.127 13.0192 6 2 0.0683594 0 0.032954
43 435.076 12.3086 6 2 0.0576172 0 0.0327971
44 435.149 12.7632 6 2 0.0644531 0 0.0313756
45 435.151 14.0514 6 2 0.0732422 0 0.0326291
46 435.151 12.8128 6 2 0.0605469 0 0.0333732
47 435.053 13.7834 7 2 0.0732422 0 0.0338665
48 435.127 14.0611 7 2 0.0742188 0 0.0338559
49 435.076 13.0892 7 2 0.0615234 0 0.0346891
50 1011.78 15.0475 7 3 0.0800781 0 0.0343198
51 435.053 11.7023 6 2 0.0546875 0 0.0346596
52 110.903 12.6242 6 1 0.0644531 0 0.0331937
53 435.127 14.0311 7 2 0.0742188 0 0.0335346
54 435.151 14.3443 7 2 0.0673828 0 0.0343676
55 435.117 13.5456 7 2 0.0683594 0 0.0353715
56 435.149 13.7945 6 2 0.0644531 0 0.0353291
57 435.151 12.5379 7 2 0.0517578 0 0.0349992
58 435.053 13.12 7 2 0.0654297 0 0.0349367
59 435.151 14.2651 7 2 0.0693359 0 0.0343031
60 435.149 15.018 7 2 0.0732422 0 0.0359858
61 1010.21 14.1123 7 3 0.0615234 0 0.0351506
62 435.127 12.6425 7 2 0.0576172 0 0.0372099
63 435.117 13.4672 7 2 0.0664062 0 0.0353565
64 435.151 16.1269 7 2 0.0898438 0 0.0353049
65 435.151 14.3162 7 2 0.0693359 0 0.0348231
66 435.127 13.9027 7 2 0.0722656 0 0.0355724
67 435.149 16.6129 7 2 0.0898438 0 0.0355681
68 1008.92 14.5649 7 3 0.0712891 0 0.0349707
69 435.127 15.4618 7 2 0.0820312 0 0.0370343
70 435.149 16.0348 7 2 0.0791016 0 0.0353467
71 435.053 13.5027 7 2 0.0673828 0 0.0346875
72 435.151 15.6843 7 2 0.0820312 0 0.0361583
73 435.149 16.3116 8 2 0.0888672 0 0.0354062
74 435.149 14.1059 7 2 0.0683594 0 0.0359559
75 435.151 14.2167 7 2 0.0703125 0 0.0361335
76 435.149 14.982 8 2 0.0761719 0 0.0369949
77 1009.59 16.4694 7 3 0.0820312 0 0.0367099
78 435.127 15.6845 8 2 0.0820312 0 0.0362543
79 435.151 15.6826 8 2 0.0791016 0 0.0353967
80 435.151 16.777 8 2 0.0869141 0 0.0352208
81 435.127 14.13 8 2 0.0654297 0 0.0362709
82 435.127 16.3192 8 2 0.0898438 0 0.0343223
83 435.127 14.5398 8 2 0.0712891 0 0.0360013
84 435.151 15.3707 8 2 0.0791016 0 0.0354769
85 1011.31 18.4687 8 3 0.0917969 0 0.0369064
86 435.151 14.9134 8 2 0.0732422 0 0.0359968
87 435.149 18.4706 8 2 0.0986328 0 0.0373035
88 434.954 16.3646 8 2 0.0917969 0 0.0358765
89 435.151 18.4797 8 2 0.102539 0 0.0370125
90 435.151 18.2823 8 2 0.0986328 0 0.0362035
91 435.149 16.5076 8 2 0.0830078 0 0.0360764
92 435.127 16.3893 8 2 0.0859375 0 0.0352977
93 435.149 16.6078 8 2 0.0830078 0 0.0362534
94 435.127 17.0399 8 2 0.09375 0 0.035538
95 435.151 16.3827 8 2 0.0869141 0 0.035183
96 435.151 17.1895 8 2 0.0849609 0 0.0356989
97 435.149 16.9117 8 2 0.0859375 0 0.0359922
98 435.053 16.7392 8 2 0.0888672 0 0.0364861
99 435.127 17.3258 8 2 0.0957031 0 0.0362171
100 435.151 18.6462 8 2 0.0996094 0 0.0365339
101 435.151 19.6034 8 2 0.105469 0 0.0365595
102 1008.92 14.8341 8 3 0.0664062 0 0.0362067
103 435.127 19.1413 8 2 0.0996094 0 0.0364761
104 435.151 18.8142 8 2 0.0986328 0 0.0363645
105 1008.92 21.2075 8 3 0.112305 0 0.0361611
106 435.117 18.3651 8 2 0.103516 0 0.0362456
107 1008.92 20.2781 8 3 0.108398 0 0.035866
108 435.151 21.929 9 2 0.130859 0 0.0367555
109 435.127 19.6907 9 2 0.106445 0 0.037025
110 435.149 20.1096 8 2 0.112305 0 0.0358976
111 435.151 21.8886 9 2 0.126953 0 0.0370888
112 435.151 21.1098 8 2 0.114258 0 0.0367158
113 1848.92 23.6752 9 4 0.117188 0 0.0379135
114 435.151 21.0152 9 2 0.113281 0 0.0381724
115 435.151 23.8189 9 2 0.144531 0 0.0387879
116 435.127 23.2479 9 2 0.138672 0 0.0390628
117 435.151 19.7575 8 2 0.108398 0 0.0381047
118 435.149 22.0707 9 2 0.12793 0 0.0377115
119 435.151 23.1294 9 2 0.134766 0 0.0384378
120 435.151 21.476 9 2 0.126953 0 0.0379732
121 1009.59 25.4442 9 3 0.147461 0 0.0389026
122 435.151 25.2157 9 2 0.148438 0 0.0379876
123 435.151 22.2651 9 2 0.135742 0 0.0372409
124 1009.59 27.2788 9 3 0.15625 0 0.0378284
125 435.151 23.4244 9 2 0.136719 0 0.038005
126 1011.31 24.8809 9 3 0.149414 0 0.0374642
127 435.151 24.3731 9 2 0.139648 0 0.0370375
128 435.149 25.7205 9 2 0.15625 0 0.0385859
129 1011.78 28.9745 9 3 0.170898 0 0.0383922
130 1012.18 29.3644 9 3 0.167969 0 0.0386576
131 1011.31 28.3465 9 3 0.164062 0 0.0385011
132 1012.18 28.0893 9 3 0.163086 0 0.0377023
133 1010.79 26.9122 9 3 0.15918 0 0.037681
134 435.127 26.662 9 2 0.166992 0 0.0384102
135 1011.31 30.3797 9 3 0.18457 0 0.0381249
136 435.151 28.8769 9 2 0.181641 0 0.037507
137 435.149 27.4286 9 2 0.168945 0 0.0376696
138 435.151 28.0617 9 2 0.169922 0 0.038327
139 435.151 34.1896 9 2 0.208008 0 0.0386599
140 1008.92 32.896 9 3 0.212891 0 0.0400819
141 435.151 34.0939 9 2 0.224609 0 0.0405966
142 435.149 26.1675 9 2 0.166016 0 0.0388629
143 1010.79 37.3687 9 3 0.228516 0 0.0386558
144 1010.21 36.4378 9 3 0.223633 0 0.0390126
145 435.151 30.3375 9 2 0.188477 0 0.038544
146 1011.31 37.9341 9 3 0.22168 0 0.0405076
147 1008.92 35.0032 9 3 0.219727 0 0.0389283
148 1011.31 35.6777 9 3 0.224609 0 0.0388159
149 1008.92 36.8922 9 3 0.226562 0 0.0388567
150 435.151 35.7637 9 2 0.230469 0 0.0385875
151 435.151 33.9152 9 2 0.227539 0 0.0390526
152 1008.92 39.1532 9 3 0.245117 0 0.0389804
153 1009.59 38.1165 9 3 0.232422 0 0.0388998
154 435.151 33.4309 9 2 0.219727 0 0.0389764
155 1011.31 39.2248 9 3 0.255859 0 0.0396102
156 1010.21 40.9507 9 3 0.267578 0 0.0386304
157 1011.31 35.4681 9 3 0.223633 0 0.0401816
158 1011.78 35.7122 9 3 0.230469 0 0.0392577
159 1008.92 37.6462 9 3 0.245117 0 0.0403524
160 435.151 37.8179 9 2 0.25293 0 0.0394916
161 435.151 37.5612 9 2 0.245117 0 0.0387668
162 1008.92 38.6545 9 3 0.249023 0 0.0398668
163 1008.92 38.7401 9 3 0.239258 0 0.0391111
164 435.151 39.2788 9 2 0.254883 0 0.0406818
165 1843.9 43.5614 10 4 0.271484 0 0.0408161
166 1009.59 38.7161 10 3 0.248047 0 0.0413322
167 1008.92 43.9985 10 3 0.285156 0 0.0404611
168 1011.31 43.4214 11 3 0.282227 0 0.0400088
169 1008.92 38.708 9 3 0.246094 0 0.0399045
170 1010.21 36.7381 9 3 0.230469 0 0.0397536
171 1011.31 41.6116 10 3 0.257812 0 0.0403582
172 435.151 42.1279 10 2 0.283203 0 0.0401763
173 1008.92 45.5645 10 3 0.291016 0 0.0401159
174 1008.92 38.3269 10 3 0.249023 0 0.0403341
175 435.127 41.1265 10 2 0.286133 0 0.0401918
176 435.151 43.3769 10 2 0.285156 0 0.0396971
177 435.151 40.2799 9 2 0.254883 0 0.0403872
178 1008.92 40.4811 10 3 0.251953 0 0.0400335
179 435.151 41.6626 11 2 0.27832 0 0.0406137
180 1008.92 40.1066 11 3 0.253906 0 0.0406067
181 1010.21 45.8785 11 3 0.289062 0 0.0406609
182 1008.92 48.1355 11 3 0.305664 0 0.0411936
183 1845.26 44.7577 10 4 0.266602 0 0.0403074
184 1011.31 40.6872 10 3 0.253906 0 0.0400844
185 1008.92 44.5868 11 3 0.282227 0 0.0405905
186 1008.92 44.1481 11 3 0.287109 0 0.0408484
187 1008.92 48.3264 10 3 0.300781 0 0.0404183
188 1010.21 48.6533 11 3 0.3125 0 0.0404128
189 1012.18 47.1082 11 3 0.302734 0 0.0414965
190 1011.31 45.6045 11 3 0.295898 0 0.0405378
191 1011.31 44.0023 11 3 0.286133 0 0.0410492
192 1010.21 46.382 11 3 0.3125 0 0.0410289
193 1008.92 47.5667 11 3 0.290039 0 0.0408032
194 1843.9 51.2299 12 4 0.331055 0 0.0413434
195 1008.92 46.3268 11 3 0.303711 0 0.0421021
196 1008.92 46.3147 11 3 0.314453 0 0.04129
197 1008.92 49.2383 11 3 0.323242 0 0.0412826
198 1008.92 50.7926 12 3 0.335938 0 0.0408992
199 1010.79 45.5216 11 3 0.299805 0 0.0403229
200 1843.9 49.5223 12 4 0.316406 0 0.0411375
201 435.151 43.5261 12 2 0.298828 0 0.0410866
202 1845.26 52.727 13 4 0.345703 0 0.0418862
203 1011.78 55.2128 13 3 0.352539 0 0.0422233
204 1011.31 47.1168 12 3 0.320312 0 0.0412426
205 1011.31 44.7729 12 3 0.304688 0 0.0410624
206 1008.92 53.6532 11 3 0.341797 0 0.0412339
207 1009.59 52.1496 11 3 0.325195 0 0.0412469
208 435.151 45.0113 11 2 0.290039 0 0.040865
209 1008.92 52.6854 11 3 0.335938 0 0.0409477
210 1011.31 49.1656 12 3 0.317383 0 0.0417635
211 435.151 46.5719 12 2 0.319336 0 0.0406969
212 435.151 45.4319 11 2 0.293945 0 0.0419417
213 1011.31 48.5317 12 3 0.31543 0 0.0411503
214 435.151 47.9062 12 2 0.323242 0 0.0409626
215 1011.78 49.2651 12 3 0.314453 0 0.0414332
216 1011.31 47.7892 12 3 0.310547 0 0.0408245
217 1008.92 45.2049 12 3 0.298828 0 0.0411838
218 1008.92 47.9936 12 3 0.322266 0 0.0409168
219 1008.92 46.7211 11 3 0.314453 0 0.0414201
220 1008.92 45.3353 12 3 0.303711 0 0.0422861
221 1008.92 52.6773 12 3 0.338867 0 0.0415318
222 1008.92 47.6599 13 3 0.311523 0 0.0414304
223 1011.31 46.3474 12 3 0.300781 0 0.0421484
224 435.151 46.6164 11 2 0.307617 0 0.0411282
225 1008.92 47.3975 12 3 0.306641 0 0.0411976
226 1008.92 45.7621 12 3 0.303711 0 0.0414559
227 1012.18 50.1514 13 3 0.335938 0 0.0419037
228 435.151 48.6233 12 2 0.321289 0 0.0415306
229 435.151 44.3229 12 2 0.294922 0 0.0410345
230 1843.9 49.3364 12 4 0.311523 0 0.0408125
231 1008.92 46.3437 12 3 0.30957 0 0.0417519
232 1843.9 51.638 13 4 0.342773 0 0.0421151
233 435.151 45.0203 11 2 0.298828 0 0.0415637
234 1011.31 46.2551 12 3 0.305664 0 0.0415902
235 1011.31 51.6389 12 3 0.330078 0 0.041461
236 435.151 44.7896 12 2 0.293945 0 0.0412816
237 1011.31 46.3816 12 3 0.30957 0 0.0419263
238 1009.59 45.6745 12 3 0.307617 0 0.0413394
239 1011.31 49.8735 12 3 0.331055 0 0.0414833
240 1009.59 46.8444 12 3 0.301758 0 0.0411002
241 1004.1 49.3733 12 3 0.322266 0 0.0414142
242 435.151 49.924 13 2 0.331055 0 0.0413444
243 1009.59 50.7308 13 3 0.349609 0 0.0416194
244 1011.78 50.9251 12 3 0.322266 0 0.0417455
245 1845.26 46.2799 12 4 0.300781 0 0.0410427
246 1008.92 50.8861 13 3 0.336914 0 0.0417609
247 435.151 49.6221 13 2 0.333984 0 0.04164
248 1009.59 54.7981 12 3 0.345703 0 0.041372
249 1011.78 48.9685 12 3 0.329102 0 0.041327
250 435.151 49.3561 12 2 0.322266 0 0.0414826
251 1009.59 52.3167 13 3 0.335938 0 0.0417867
252 1010.79 54.5225 13 3 0.365234 0 0.0416426
253 1011.31 54.5271 13 3 0.356445 0 0.0423228
254 1011.31 52.2729 13 3 0.34375 0 0.0419995
255 1010.21 49.0627 13 3 0.317383 0 0.0419168
256 1843.9 53.5724 13 4 0.341797 0 0.0429369
257 1008.92 48.3247 13 3 0.313477 0 0.0413117
258 435.151 46.3989 13 2 0.321289 0 0.0419625
259 1008.92 49.067 13 3 0.335938 0 0.0416234
260 1843.9 50.305 13 4 0.317383 0 0.041517
261 1008.92 50.3261 13 3 0.320312 0 0.041546
262 1012.18 50.9544 13 3 0.334961 0 0.0421702
263 435.149 50.62 13 2 0.330078 0 0.042105
264 1010.21 51.8183 13 3 0.349609 0 0.042051
265 1011.31 57.6946 13 3 0.374023 0 0.0418905
266 1008.92 55 13 3 0.357422 0 0.0420544
267 435.151 52.2144 13 2 0.348633 0 0.0413217
268 435.151 48.4854 13 2 0.316406 0 0.0418536
269 435.151 49.3477 13 2 0.331055 0 0.0420003
270 1011.31 51.849 13 3 0.347656 0 0.0418544
271 435.151 46.405 13 2 0.304688 0 0.0426617
272 1008.92 50.3476 13 3 0.34375 0 0.0418248
273 435.151 49.7551 13 2 0.335938 0 0.041676
274 435.151 50.2338 13 2 0.328125 0 0.0414641
275 1008.92 43.9891 13 3 0.300781 0 0.0418727
276 435.151 50.1622 13 2 0.320312 0 0.0418145
277 1008.92 51.8153 13 3 0.332031 0 0.0418503
278 1008.92 53.1715 13 3 0.341797 0 0.0414391
279 1009.59 50.1874 13 3 0.333984 0 0.0416952
280 435.151 47.1348 12 2 0.308594 0 0.041743
281 435.151 47.9445 13 2 0.322266 0 0.0412915
282 1008.92 56.1409 13 3 0.357422 0 0.0417164
283 435.151 52.4529 13 2 0.353516 0 0.0421692
284 1008.92 51.5026 13 3 0.332031 0 0.0417976
285 1008.92 52.655 13 3 0.354492 0 0.0421653
286 435.151 49.9615 13 2 0.326172 0 0.0416203
287 1011.31 54.3523 13 3 0.344727 0 0.0423593
288 1008.92 55.5991 13 3 0.363281 0 0.0417195
289 1008.92 53.7477 13 3 0.34668 0 0.0421002
290 1011.31 47.9116 13 3 0.314453 0 0.0420232
291 1012.18 57.1029 13 3 0.381836 0 0.0423136
292 1009.59 55.3372 13 3 0.348633 0 0.0417428
293 1009.59 46.7059 13 3 0.311523 0 0.0417285
294 1008.92 48.9096 13 3 0.31543 0 0.0422645
295 1847.77 52.1601 13 4 0.327148 0 0.0421459
296 1011.31 53.8519 13 3 0.347656 0 0.0415277
297 1011.31 48.889 13 3 0.319336 0 0.0422565
298 1843.9 50.0974 13 4 0.326172 0 0.0416939
299 1011.31 52.8907 13 3 0.339844 0 0.0419676
300 1011.31 53.3204 13 3 0.342773 0 0.0422834
301 1843.9 50.8583 12 4 0.326172 0 0.0419458
302 1008.92 46.1479 13 3 0.308594 0 0.0418692
303 1008.92 54.8713 13 3 0.355469 0 0.0421053
304 1008.92 51.4402 13 3 0.341797 0 0.0417385
305 1845.26 56.0497 13 4 0.359375 0 0.0423477
306 435.149 48.9948 13 2 0.329102 0 0.0423538
307 435.151 49.92 13 2 0.34375 0 0.0418918
308 1843.9 52.575 13 4 0.345703 0 0.0416717
309 435.151 51.1069 13 2 0.341797 0 0.0424837
310 1010.21 50.8099 13 3 0.333984 0 0.0419136
311 1008.92 55.9918 13 3 0.364258 0 0.0424899
312 1011.78 54.7948 13 3 0.365234 0 0.0420569
313 1008.92 51.0575 13 3 0.338867 0 0.0422235
314 1009.59 52.1168 13 3 0.34082 0 0.0426504
315 1008.92 51.3313 13 3 0.330078 0 0.0420585
316 1009.59 51.239 13 3 0.329102 0 0.0424395
317 1008.92 56.4196 13 3 0.355469 0 0.0417201
318 1008.92 51.0894 13 3 0.339844 0 0.0416012
319 435.151 49.0524 13 2 0.326172 0 0.0421117
320 1009.59 48.9575 13 3 0.308594 0 0.0425853
321 1008.92 50.5036 13 3 0.333008 0 0.0420159
322 1008.92 54.4251 13 3 0.348633 0 0.041837
323 1008.92 51.1358 13 3 0.337891 0 0.0421251
324 1010.21 54.9876 13 3 0.368164 0 0.0420501
325 1011.31 54.8761 13 3 0.361328 0 0.0422261
326 1008.92 54.1793 13 3 0.356445 0 0.0421049
327 1011.31 52.7971 13 3 0.34668 0 0.0414073
328 1011.31 50.2081 13 3 0.338867 0 0.0422684
329 1010.21 54.7927 13 3 0.349609 0 0.042112
330 1008.92 44.483 13 3 0.297852 0 0.0422245
331 435.151 53.6284 13 2 0.360352 0 0.0426118
332 1843.9 57.1507 13 4 0.351562 0 0.0422837
333 1008.92 50.3952 13 3 0.336914 0 0.042186
334 1011.31 53.4247 13 3 0.345703 0 0.0423635
335 1011.31 52.6424 13 3 0.335938 0 0.0424294
336 1011.78 52.3412 13 3 0.329102 0 0.0420926
337 1011.31 51.1785 13 3 0.319336 0 0.0415852
338 435.151 42.9768 13 2 0.291016 0 0.0415754
339 1011.31 50.3204 13 3 0.336914 0 0.042156
340 1010.21 51.5152 13 3 0.34082 0 0.0419326
341 435.151 50.5778 13 2 0.34375 0 0.0418704
342 1843.9 54.6649 13 4 0.337891 0 0.0420001
343 1011.31 56.0944 13 3 0.361328 0 0.0426746
344 1011.31 55.6454 13 3 0.363281 0 0.0424275
345 1008.92 51.5126 13 3 0.329102 0 0.0419371
346 1008.92 52.6474 13 3 0.336914 0 0.0418216
347 1008.92 52.3343 13 3 0.344727 0 0.0426243
348 1008.92 50.479 13 3 0.328125 0 0.0426587
349 1008.92 48.4383 13 3 0.338867 0 0.0424727
350 1011.31 51.8053 13 3 0.344727 0 0.0420178
351 1011.31 51.5981 13 3 0.335938 0 0.0426227
352 1011.78 53.9621 13 3 0.344727 0 0.0426435
353 435.151 48.151 13 2 0.317383 0 0.0420528
354 1011.31 50.6174 13 3 0.328125 0 0.0419175
355 1008.92 51.1746 13 3 0.331055 0 0.0420869
356 1009.59 55.7626 13 3 0.351562 0 0.042361
357 1008.92 54.4722 13 3 0.341797 0 0.0421077
358 1008.92 52.1686 13 3 0.339844 0 0.0426519
359 1010.79 51.1977 13 3 0.323242 0 0.0422211
360 1011.31 52.6514 13 3 0.34082 0 0.0420133
361 1008.92 54.669 13 3 0.348633 0 0.0419872
362 1008.92 59.9698 13 3 0.385742 0 0.0422773
363 1008.92 51.5801 13 3 0.329102 0 0.0419847
364 1011.31 49.7571 13 3 0.34375 0 0.0423653
365 1008.92 54.6348 13 3 0.353516 0 0.0421685
366 1009.59 51.5569 13 3 0.342773 0 0.0421201
367 1008.92 53.0031 13 3 0.34668 0 0.0425043
368 1011.31 53.8327 13 3 0.34375 0 0.0422448
369 1011.31 50.621 13 3 0.335938 0 0.04277
370 1008.92 56.9722 13 3 0.374023 0 0.04174
371 1845.26 53.7212 13 4 0.352539 0 0.0420855
372 1008.92 51.7643 13 3 0.341797 0 0.0421351
373 1009.59 54.2975 13 3 0.345703 0 0.0422136
374 1008.92 54.8573 13 3 0.348633 0 0.0417842
375 1011.31 53.1969 13 3 0.355469 0 0.0422744
376 1011.78 54.5614 13 3 0.338867 0 0.0419004
377 1008.92 56.054 13 3 0.356445 0 0.0431786
378 435.149 50.8919 13 2 0.344727 0 0.0428775
379 1009.59 53.2765 13 3 0.336914 0 0.0421962
380 435.151 54.8507 13 2 0.37793 0 0.0426623
381 1011.31 51.9155 13 3 0.336914 0 0.0424474
382 1008.92 54.2786 13 3 0.359375 0 0.0421329
383 435.151 51.4753 13 2 0.34668 0 0.0421086
384 1011.31 56.2876 13 3 0.371094 0 0.0431196
385 1011.31 56.5931 13 3 0.371094 0 0.0424643
386 1008.92 50.4646 13 3 0.323242 0 0.0420961
387 1008.92 48.5555 13 3 0.326172 0 0.0419111
388 1008.92 53.8577 13 3 0.366211 0 0.0420762
389 1846.55 53.3331 13 4 0.335938 0 0.04232
390 1008.92 52.6089 13 3 0.342773 0 0.0420359
391 435.151 52.7917 13 2 0.365234 0 0.0425294
392 1011.31 54.8894 13 3 0.347656 0 0.0418985
393 1011.31 56.7771 13 3 0.369141 0 0.0419552
394 1008.92 50.2289 13 3 0.323242 0 0.0422878
395 1011.31 47.1769 13 3 0.3125 0 0.0418308
396 1009.59 52.33 13 3 0.352539 0 0.0424662
397 1008.92 51.4766 13 3 0.321289 0 0.0420693
398 1008.92 51.9866 13 3 0.348633 0 0.0425002
399 435.151 49.0181 13 2 0.330078 0 0.0422027
400 1011.31 50.657 13 3 0.330078 0 0.04196
401 1008.92 53.52 13 3 0.34375 0 0.0426917
402 1011.78 55.8471 13 3 0.365234 0 0.0426296
403 1011.31 54.3325 13 3 0.368164 0 0.0424086
404 1008.92 56.2174 13 3 0.357422 0 0.0428544
405 435.149 50.7837 13 2 0.345703 0 0.0424646
406 1011.31 51.6505 13 3 0.345703 0 0.0431574
407 1009.59 49.1251 13 3 0.328125 0 0.042152
408 1011.31 51.2675 13 3 0.321289 0 0.0419887
409 1011.31 51.8939 13 3 0.333008 0 0.0423512
410 1008.92 51.0956 13 3 0.338867 0 0.0418099
411 1008.92 50.8509 13 3 0.333984 0 0.0421469
412 1011.31 55.7261 13 3 0.373047 0 0.0420469
413 1843.9 51.2116 13 4 0.333008 0 0.042026
414 1008.92 54.7471 13 3 0.364258 0 0.0422683
415 435.151 50.0081 13 2 0.338867 0 0.0421336
416 1008.92 55.76 13 3 0.354492 0 0.0419394
417 435.151 52.6136 13 2 0.353516 0 0.0417034
418 1011.31 55.3056 13 3 0.357422 0 0.0423344
419 1008.92 47.4214 13 3 0.3125 0 0.0424842
420 1008.92 48.8094 13 3 0.328125 0 0.0419881
421 1008.92 49.0365 13 3 0.332031 0 0.0417475
422 1008.92 47.0375 13 3 0.313477 0 0.0418635
423 1008.92 54.6272 13 3 0.348633 0 0.0428312
424 1008.92 55.8841 13 3 0.358398 0 0.0420953
425 1008.92 50.4286 13 3 0.324219 0 0.042356
426 1008.92 50.5852 13 3 0.338867 0 0.0420521
427 1008.92 49.6919 13 3 0.328125 0 0.0423167
428 1011.31 54.3919 13 3 0.358398 0 0.0427044
429 1011.31 53.2807 13 3 0.332031 0 0.0428136
430 1008.92 50.5045 13 3 0.330078 0 0.0421852
431 1008.92 47.5948 13 3 0.316406 0 0.0423827
432 1008.92 52.2333 13 3 0.344727 0 0.0422296
433 1008.92 56.8437 13 3 0.365234 0 0.042135
434 1008.92 51.8069 13 3 0.336914 0 0.0423819
435 1011.31 58.3875 13 3 0.364258 0 0.0420525
436 1009.59 52.9091 13 3 0.34375 0 0.0421435
437 1008.92 45.2331 13 3 0.308594 0 0.0416229
438 435.151 51.4515 13 2 0.34668 0 0.0426723
439 1011.31 53.2058 13 3 0.342773 0 0.0424079
440 1008.92 51.2003 13 3 0.333984 0 0.0422201
441 1008.92 55.2499 13 3 0.354492 0 0.0423895
442 1011.31 54.2474 13 3 0.342773 0 0.0422434
443 1008.92 51.8102 13 3 0.362305 0 0.0429505
444 1011.31 57.0011 13 3 0.364258 0 0.0423965
445 1009.59 52.4799 13 3 0.334961 0 0.0424274
446 1011.78 54.5016 13 3 0.336914 0 0.0425453
447 1008.92 56.5921 13 3 0.366211 0 0.0424636
448 1008.92 50.6727 13 3 0.329102 0 0.0427023
449 1008.92 52.6569 13 3 0.344727 0 0.0423406
450 1005.85 53.4402 13 3 0.342773 0 0.0424706
451 1008.92 51.7527 13 3 0.334961 0 0.0426023
452 1011.31 51.958 13 3 0.347656 0 0.0422253
453 435.149 48.0061 13 2 0.320312 0 0.0422702
454 1008.92 54.2311 13 3 0.356445 0 0.0431076
455 435.151 53.6009 13 2 0.347656 0 0.0424779
456 1008.92 49.6655 13 3 0.322266 0 0.0420086
457 1008.92 54.722 13 3 0.360352 0 0.0423984
458 1834.62 56.956 13 4 0.344727 0 0.0426304
459 1011.31 50.1497 13 3 0.319336 0 0.0423162
460 1011.78 51.3065 13 3 0.326172 0 0.0426735
461 1011.31 46.7861 13 3 0.313477 0 0.0423801
462 1011.31 51.7821 13 3 0.354492 0 0.0421994
463 435.151 52.7876 13 2 0.357422 0 0.0423452
464 1008.92 52.586 13 3 0.337891 0 0.0428735
465 1010.21 53.7488 13 3 0.357422 0 0.0424803
466 435.151 54.0975 13 2 0.352539 0 0.0420069
467 1011.31 52.1824 13 3 0.347656 0 0.0422694
468 1011.31 49.9671 13 3 0.333984 0 0.042155
469 1011.31 53.2858 13 3 0.345703 0 0.0425178
470 435.151 48.6642 13 2 0.330078 0 0.0418819
471 1011.31 52.5849 13 3 0.335938 0 0.0419082
472 1008.92 53.3842 13 3 0.341797 0 0.0428449
473 1008.92 54.0086 13 3 0.348633 0 0.0424458
474 1011.31 53.6794 13 3 0.348633 0 0.0418122
475 1011.31 55.8774 13 3 0.359375 0 0.04287
476 1843.9 50.4753 13 4 0.324219 0 0.0424979
477 1008.92 49.4279 13 3 0.329102 0 0.0418349
478 1008.92 53.4546 13 3 0.356445 0 0.0423718
479 1011.31 52.0968 13 3 0.350586 0 0.0423462
480 1011.31 48.9989 13 3 0.319336 0 0.0421301
481 1008.92 50.002 13 3 0.333984 0 0.0427061
482 1008.92 58.9199 13 3 0.383789 0 0.0419302
483 1008.92 52.7986 13 3 0.337891 0 0.0418872
484 1008.92 52.4339 13 3 0.348633 0 0.0428306
485 1008.92 54.0455 13 3 0.355469 0 0.0424336
486 435.151 53.4374 13 2 0.351562 0 0.0425754
487 1008.92 53.1039 13 3 0.355469 0 0.0428219
488 1011.31 51.1774 13 3 0.326172 0 0.0427344
489 1008.92 50.0082 13 3 0.330078 0 0.0423792
490 1008.92 50.3839 13 3 0.332031 0 0.0422598
491 1011.31 52.0555 13 3 0.329102 0 0.0428399
492 435.127 50.2909 13 2 0.339844 0 0.0433962
493 1008.92 52.7619 13 3 0.344727 0 0.0426476
494 435.127 47.4049 13 2 0.314453 0 0.0424903
495 1009.59 58.0896 13 3 0.365234 0 0.0427301
496 435.151 47.734 13 2 0.313477 0 0.0425079
497 1008.92 50.8108 13 3 0.348633 0 0.0420974
498 1012.18 52.0455 13 3 0.331055 0 0.0426644
499 1011.31 54.7057 13 3 0.344727 0 0.0428419
500 1008.92 49.5787 13 3 0.31543 0 0.0423888
501 1008.92 52.5731 13 3 0.333984 0 0.0429477
502 1843.9 46.533 13 4 0.294922 0 0.0423386
503 1011.31 50.1694 13 3 0.325195 0 0.0422706
504 435.151 51.2914 13 2 0.341797 0 0.0424341
505 435.151 47.1075 13 2 0.326172 0 0.0420834
506 1008.92 51.5128 13 3 0.337891 0 0.0426137
507 1008.92 49.7634 13 3 0.331055 0 0.0433119
508 435.151 53.9976 13 2 0.366211 0 0.0421159
509 1008.92 52.1132 13 3 0.353516 0 0.042157
510 1009.59 49.3207 13 3 0.320312 0 0.0421504
511 1008.92 49.9263 13 3 0.320312 0 0.0432328
512 1011.31 48.4797 13 3 0.314453 0 0.0419743
513 1004.1 50.6625 13 3 0.334961 0 0.0419814
514 1008.92 53.8228 13 3 0.355469 0 0.0418961
515 1008.92 51.0611 13 3 0.34082 0 0.0431186
516 1011.31 52.1388 13 3 0.341797 0 0.0423127
517 1008.92 51.645 13 3 0.336914 0 0.0424128
518 1011.31 50.8205 13 3 0.34082 0 0.0432502
519 1008.92 52.5985 13 3 0.353516 0 0.0425144
520 1008.92 47.871 13 3 0.305664 0 0.0421481
521 1008.92 53.8507 13 3 0.350586 0 0.0420723
522 1009.59 52.2713 13 3 0.333984 0 0.0428954
523 435.151 51.0426 13 2 0.328125 0 0.0432285
524 1008.92 54.5207 13 3 0.34668 0 0.0428177
525 1011.31 52.6453 13 3 0.339844 0 0.042446
526 1843.9 55.344 13 4 0.342773 0 0.0424114
527 1011.31 52.7126 13 3 0.365234 0 0.0421997
528 1841.02 55.5127 13 4 0.352539 0 0.0422525
529 1008.92 53.468 13 3 0.349609 0 0.043129
530 435.127 51.161 13 2 0.337891 0 0.0426142
531 1008.92 49.7751 13 3 0.334961 0 0.0432405
532 1008.92 49.6093 13 3 0.333984 0 0.0423544
533 1011.31 54.5289 13 3 0.349609 0 0.0428026
534 1008.92 50.5096 13 3 0.333984 0 0.0432678
535 1008.92 50.8955 13 3 0.342773 0 0.0427312
536 1008.92 52.5323 13 3 0.348633 0 0.0429802
537 1011.31 52.0246 13 3 0.325195 0 0.0434658
538 1011.31 47.2249 13 3 0.316406 0 0.042717
539 1011.31 55.0044 13 3 0.341797 0 0.0422672
540 1008.92 58.801 13 3 0.375 0 0.0428026
541 435.149 52.7917 13 2 0.351562 0 0.0431886
542 1007.46 46.0045 13 3 0.299805 0 0.0422336
543 435.151 53.5115 13 2 0.361328 0 0.0422119
544 1011.31 53.7715 13 3 0.349609 0 0.0432019
545 1008.92 45.3765 13 3 0.290039 0 0.0427428
546 1011.31 54.2344 13 3 0.354492 0 0.0423636
547 1008.92 51.9991 13 3 0.351562 0 0.0424393
548 1011.31 54.0331 13 3 0.344727 0 0.0422928
549 1008.92 54.2058 13 3 0.360352 0 0.042646
550 435.149 47.3029 13 2 0.325195 0 0.0424553
551 1008.92 52.5997 13 3 0.341797 0 0.042522
552 1011.31 54.6105 13 3 0.349609 0 0.0425312
553 1008.92 55.079 13 3 0.355469 0 0.0425616
554 1008.92 52.0025 13 3 0.337891 0 0.0425954
555 1011.31 48.0771 13 3 0.304688 0 0.0425427
556 1008.92 54.0035 13 3 0.347656 0 0.0426335
557 1008.92 56.8879 13 3 0.379883 0 0.0428954
558 1008.92 54.3774 13 3 0.34668 0 0.0430166
559 1009.59 52.7897 13 3 0.345703 0 0.0424431
560 1008.92 52.3796 13 3 0.334961 0 0.0424912
561 1008.92 52.5152 13 3 0.351562 0 0.0432559
562 1008.92 55.5302 13 3 0.354492 0 0.0427552
563 1008.92 50.6871 13 3 0.335938 0 0.0422112
564 1011.31 52.8329 13 3 0.348633 0 0.0425586
565 1008.92 53.7655 13 3 0.338867 0 0.0422534
566 1009.59 56.587 13 3 0.361328 0 0.0425392
567 1008.92 58.2628 13 3 0.374023 0 0.0426395
568 1008.92 49.6151 13 3 0.326172 0 0.0426143
569 1008.92 46.3508 13 3 0.310547 0 0.0421926
570 1843.9 49.6017 13 4 0.321289 0 0.0431235
571 1008.92 52.0388 13 3 0.345703 0 0.0421813
572 1011.31 54.2674 13 3 0.347656 0 0.0427452
573 1009.59 55.3928 13 3 0.366211 0 0.0425235
574 1008.92 51.8303 13 3 0.337891 0 0.0430311
575 1011.78 54.5232 13 3 0.355469 0 0.0424759
576 1010.21 47.1802 13 3 0.30957 0 0.0426178
577 1008.92 50.546 13 3 0.334961 0 0.043052
578 1008.92 47.5577 13 3 0.313477 0 0.0427043
579 1843.9 51.1396 13 4 0.329102 0 0.0426687
580 1011.31 53.4968 13 3 0.345703 0 0.042115
581 435.127 49.1519 13 2 0.31543 0 0.0425605
582 1008.92 50.1014 13 3 0.329102 0 0.0424193
583 1011.31 53.5082 13 3 0.347656 0 0.0425076
584 1008.92 53.6134 13 3 0.359375 0 0.0429128
585 1008.92 49.3659 13 3 0.332031 0 0.0428927
586 1011.31 54.3455 13 3 0.349609 0 0.0426363
587 1008.92 49.4186 13 3 0.333008 0 0.042596
588 435.151 49.4601 13 2 0.334961 0 0.0423151
589 1008.92 56.8199 13 3 0.369141 0 0.0429937
590 1843.9 51.6967 13 4 0.339844 0 0.0418227
591 1011.31 55.5858 13 3 0.365234 0 0.0427246
592 1008.92 54.9307 13 3 0.352539 0 0.0429292
593 1011.31 59.6708 13 3 0.358398 0 0.0422669
594 1834.62 57.2706 13 4 0.371094 0 0.0426902
595 1008.92 51.8593 13 3 0.342773 0 0.0428508
596 1008.92 49.5986 13 3 0.333984 0 0.0442897
597 1843.9 51.3435 13 4 0.333008 0 0.0426413
598 1008.92 50.2316 13 3 0.333984 0 0.0430387
599 1011.31 55.8203 13 3 0.34668 0 0.042766
600 435.149 47.4478 13 2 0.317383 0 0.0435185
601 1008.92 55.2754 13 3 0.370117 0 0.0430237
602 1011.78 49.183 13 3 0.333008 0 0.0427011
603 1008.92 53.0938 13 3 0.351562 0 0.0429303
604 1005.85 56.4216 13 3 0.368164 0 0.0434568
605 1008.92 56.7837 13 3 0.356445 0 0.0430929
606 1008.92 48.1362 13 3 0.318359 0 0.0429534
607 1009.59 55.9562 13 3 0.359375 0 0.0429403
608 1008.92 51.3727 13 3 0.336914 0 0.0430861
609 1008.92 50.8117 13 3 0.331055 0 0.0564924
610 1005.85 50.4574 13 3 0.317383 0 0.0432529
611 1008.92 57.8243 13 3 0.379883 0 0.0430785
612 2942.72 55.6636 13 5 0.361328 0 0.0432796
613 1011.31 48.1131 13 3 0.323242 0 0.0429278
614 1011.31 54.4464 13 3 0.34375 0 0.0430992
615 1843.9 54.5298 13 4 0.333984 0 0.0434821
616 1011.31 49.0716 13 3 0.324219 0 0.0434711
617 1008.92 55.2342 13 3 0.361328 0 0.0427335
618 1008.92 50.2236 13 3 0.321289 0 0.0428403
619 435.151 48.9998 13 2 0.324219 0 0.0427085
620 1008.92 47.4265 13 3 0.3125 0 0.0435087
621 1011.31 53.8796 13 3 0.327148 0 0.0426994
622 435.151 46.7919 13 2 0.314453 0 0.0434687
623 1008.92 54.1026 13 3 0.361328 0 0.0435011
624 1008.92 55.1616 13 3 0.351562 0 0.0439479
625 1011.31 49.1317 13 3 0.319336 0 0.043906
626 1011.31 55.7158 13 3 0.34375 0 0.0439546
627 1011.31 51.6295 13 3 0.335938 0 0.0431542
628 1005.85 54.1576 13 3 0.34668 0 0.0445714
629 1837.92 58.0606 13 4 0.360352 0 0.0446516
630 1011.31 55.8858 13 3 0.344727 0 0.0441438
631 1819.76 51.0132 13 4 0.316406 0 0.0455786
632 1011.31 54.8767 13 3 0.34668 0 0.0459244
633 1010.21 58.1454 13 3 0.361328 0 0.0459895
634 1008.21 53.9357 13 3 0.34668 0 0.0452294
635 1848.92 56.8187 13 4 0.349609 0 0.0475882
636 1004.1 54.5918 13 3 0.34375 0 0.0469529
637 999.194 55.2081 13 3 0.353516 0 0.0470637
638 1009.59 60.5596 15 3 0.389648 0 0.0479488
639 1007.46 60.9674 15 3 0.368164 0 0.0500539
640 1008.92 63.456 15 3 0.396484 0 0.0495347
641 1843.9 57.5061 15 4 0.361328 0 0.0498206
642 1004.99 52.9949 15 3 0.338867 0 0.0496479
643 1007.46 60.2022 15 3 0.367188 0 0.0489614
644 1008.92 60.3003 16 3 0.380859 0 0.0507333
645 1008.92 69.0636 17 3 0.422852 0 0.0511569
646 1008.92 58.6066 15 3 0.358398 0 0.0511005
647 2927.27 60.7363 15 5 0.345703 0 0.0513995
648 1010.21 58.8809 15 3 0.362305 0 0.0509616
649 1008.92 63.0935 17 3 0.375977 0 0.0521056
650 993.611 56.1473 16 3 0.338867 0 0.0518719
651 1841.02 66.3832 17 4 0.393555 0 0.05126
652 2915.92 62.9825 17 5 0.370117 0 0.0526006
653 1008.92 65.1657 17 3 0.380859 0 0.0536506
654 1009.59 66.7062 17 3 0.392578 0 0.0521989
655 1003.18 66.2925 17 3 0.401367 0 0.0534708
656 1000.23 61.3746 17 3 0.37793 0 0.0551121
657 1005.85 64.5699 17 3 0.390625 0 0.0541491
658 1010.21 67.2678 17 3 0.404297 0 0.0523319
659 1008.92 65.391 17 3 0.395508 0 0.0530376
660 1811.47 64.0881 17 4 0.396484 0 0.0543122
661 1007.46 68.5446 17 3 0.412109 0 0.0536906
662 1815.68 66.3869 17 4 0.385742 0 0.054559
663 1010.21 72.0181 19 3 0.428711 0 0.0552092
664 1813.59 75.2704 17 4 0.429688 0 0.054794
665 1819.76 68.0411 19 4 0.410156 0 0.0564047
666 2927.27 72.631 19 5 0.421875 0 0.0564225
667 1008.21 64.2437 18 3 0.396484 0 0.0564849
668 1831.15 75.7394 19 4 0.443359 0 0.0561483
669 1008.92 71.1417 19 3 0.423828 0 0.0565748
670 2845.8 75.0929 19 5 0.423828 0 0.0554924
671 1008.21 71.2634 19 3 0.425781 0 0.0560134
672 1003.18 63.5374 19 3 0.382812 0 0.0562492
673 1841.02 75.8671 19 4 0.439453 0 0.0570471
674 1809.31 74.5143 19 4 0.423828 0 0.0568265
675 1837.92 72.844 19 4 0.424805 0 0.0562482
676 2932.65 77.0892 19 5 0.444336 0 0.0560643
677 1831.15 78.4091 20 4 0.464844 0 0.0579774
678 1832.91 67.2907 19 4 0.385742 0 0.05775
679 1002.23 67.7797 19 3 0.416992 0 0.0559546
680 1773.62 80.428 21 4 0.453125 0 0.0591719
681 1836.29 71.8434 19 4 0.414062 0 0.0580842
682 1010.21 81.2781 21 3 0.455078 0 0.0597326
683 1008.21 68.2927 21 3 0.398438 0 0.0608507
684 1011.31 82.1609 22 3 0.466797 0 0.0598869
685 1834.62 78.8005 21 4 0.4375 0 0.0608915
686 1004.1 73.0586 21 3 0.420898 0 0.0612932
687 1795.76 85.4862 23 4 0.491211 0 0.0630789
688 1001.24 76.0822 21 3 0.433594 0 0.0620152
689 2903.85 83.2153 21 5 0.451172 0 0.0609217
690 1001.24 74.1735 21 3 0.421875 0 0.0621135
691 2906.93 85.6931 24 5 0.472656 0 0.0645018
692 1007.46 78.6671 23 3 0.439453 0 0.063052
693 1817.74 75.8028 23 4 0.439453 0 0.0643609
694 1815.68 80.145 23 4 0.436523 0 0.0649569
695 1007.46 85.7758 24 3 0.479492 0 0.0667969
696 1788.61 77.7505 23 4 0.44043 0 0.066532
697 1783.71 83.6903 25 4 0.462891 0 0.0678436
698 1008.92 81.4776 23 3 0.449219 0 0.068413
699 1008.92 77.3455 24 3 0.4375 0 0.0677569
700 1837.92 74.2237 24 4 0.408203 0 0.0681713
701 1837.92 84.9663 25 4 0.449219 0 0.0690784
702 2915.92 82.983 25 5 0.442383 0 0.0699377
703 1798.09 83.8504 25 4 0.448242 0 0.0712646
704 1004.1 76.9061 25 3 0.435547 0 0.0716571
705 1791.02 90.9684 31 4 0.505859 0 0.072177
706 1827.51 88.5856 29 4 0.484375 0 0.0730898
707 999.194 82.7327 26 3 0.433594 0 0.0715905
708 1009.59 82.6917 29 3 0.457031 0 0.0743633
709 1811.47 92.3469 31 4 0.489258 0 0.0736453
710 2807.41 92.85 32 5 0.484375 0 0.0756658
711 1819.76 90.232 31 4 0.466797 0 0.0753414
712 1788.61 92.618 33 4 0.489258 0 0.0788541
713 1765.81 95.5775 33 4 0.503906 0 0.0799272
714 2787.22 99.7612 35 5 0.516602 0 0.0786574
715 2849.48 98.0902 35 5 0.513672 0 0.0795006
716 1002.23 87.9421 33 3 0.46582 0 0.0798717
717 1811.47 91.9359 36 4 0.494141 0 0.0823158
718 1832.91 100.684 37 4 0.526367 0 0.0813402
719 1783.71 101.176 35 4 0.53125 0 0.0802316
720 1811.47 92.424 33 4 0.481445 0 0.0795382
721 1811.47 104.526 35 4 0.536133 0 0.0819086
722 1807.12 99.1197 33 4 0.509766 0 0.0824018
723 1006.68 93.6686 35 3 0.482422 0 0.0834175
724 2819.22 107.902 42 5 0.533203 0 0.0891127
725 2745.01 113.393 43 5 0.545898 0 0.0844137
726 1795.76 107.074 42 4 0.539062 0 0.0877384
727 1815.68 100.114 37 4 0.512695 0 0.0840644
728 1793.4 102.287 42 4 0.524414 0 0.085846
729 1002.23 98.5428 41 3 0.513672 0 0.0860935
730 2770.61 107.597 45 5 0.544922 0 0.0872872
731 1809.31 99.8223 38 4 0.514648 0 0.0848482
732 1732.64 107.077 44 4 0.553711 0 0.087876
733 1798.09 97.7053 44 4 0.522461 0 0.0873848
734 1004.1 107.3 45 3 0.552734 0 0.0896509
735 2819.22 110.438 45 5 0.550781 0 0.0919639
736 1757.8 103.443 44 4 0.53125 0 0.0887276
737 1788.61 117.878 44 4 0.569336 0 0.0885314
738 2803.43 108.15 47 5 0.553711 0 0.0948595
739 2856.74 110.172 46 5 0.555664 0 0.0890793
740 1002.23 112.259 51 3 0.586914 0 0.090254
741 1752.35 98.4011 44 4 0.532227 0 0.0871642
742 1831.15 115.645 51 4 0.585938 0 0.0911043
743 1720.96 110.399 46 4 0.564453 0 0.0942903
744 1811.47 123.169 54 4 0.626953 0 0.0925328
745 1813.59 117.916 45 4 0.576172 0 0.0895828
746 1720.96 104.653 48 4 0.543945 0 0.0903494
747 1802.66 117.43 49 4 0.584961 0 0.089888
748 1811.47 105.008 45 4 0.536133 0 0.0908229
749 1783.71 117.011 49 4 0.585938 0 0.0911361
750 1004.1 107.006 49 3 0.572266 0 0.0897529
751 1807.12 105.773 48 4 0.540039 0 0.0950501
752 1729.75 109.946 52 4 0.572266 0 0.0910052
753 2887.84 116.083 49 5 0.564453 0 0.0909703
754 1793.4 109.207 51 4 0.551758 0 0.0946122
755 1007.46 110.493 51 3 0.558594 0 0.0940684
756 999.194 106.989 51 3 0.551758 0 0.0970451
757 2807.41 127.103 64 5 0.632812 0 0.0988037
758 2897.56 116.427 50 5 0.570312 0 0.095122
759 1006.68 114.01 50 3 0.569336 0 0.0957573
760 995.918 104.492 53 3 0.563477 0 0.0983697
761 1807.12 115.633 53 4 0.577148 0 0.0986169
762 2842.09 122.355 53 5 0.613281 0 0.0966799
763 1781.23 116.81 54 4 0.606445 0 0.0963177
764 1795.76 116.83 52 4 0.589844 0 0.0942321
765 1765.81 108.713 50 4 0.5625 0 0.0975923
766 2891.12 116.617 53 5 0.585938 0 0.0963347
767 2897.56 118.053 52 5 0.579102 0 0.0966464
768 1821.75 126.869 53 4 0.601562 0 0.0998607
769 2753.63 127.719 53 5 0.619141 0 0.102179
770 1817.74 109.893 53 4 0.556641 0 0.0966653
771 1717.99 115.269 54 4 0.598633 0 0.0966991
772 1793.4 118.332 53 4 0.59668 0 0.0977666
773 1809.31 131.114 104.312 4 0.658203 1 0.102132
774 1768.44 117.603 53 4 0.587891 0 0.0953673
775 1831.15 128.672 53 4 0.62207 0 0.10371
776 1832.91 123.091 49 4 0.600586 0 0.095173
777 1798.09 119.375 64 4 0.614258 0 0.100986
778 1795.76 112.173 53 4 0.575195 0 0.0976072
779 2877.78 120.653 53 5 0.606445 0 0.0974547
780 1768.44 116.503 51 4 0.570312 0 0.0981463
781 1804.91 132.589 54 4 0.626953 0 0.101138
782 1819.76 124.102 53 4 0.592773 0 0.103436
783 1763.17 116.144 53 4 0.587891 0 0.103908
784 2881.17 127.199 53 5 0.612305 0 0.103872
785 5764.86 128.329 54 7 0.605469 0 0.101991
786 1723.91 114.873 67 4 0.603516 0 0.105213
787 1773.62 126.409 53 4 0.595703 0 0.101865
788 2753.63 132.556 60 5 0.640625 0 0.10232
789 1763.17 122.291 54 4 0.594727 0 0.106422
790 1798.09 132.178 101 4 0.660156 0 0.107758
791 1804.91 131.83 67 4 0.639648 0 0.10351
792 2731.9 131.446 54 5 0.625 0 0.102643
793 1831.15 135.96 61 4 0.645508 0 0.107667
794 1778.72 125.271 68 4 0.624023 0 0.107474
795 1768.44 132.178 55 4 0.631836 0 0.105836
796 1802.66 128.801 64 4 0.634766 0 0.104826
797 2887.84 138.676 58 5 0.647461 0 0.106938
798 1815.68 130.177 106.306 4 0.65332 1 0.105463
799 1834.62 133.08 64 4 0.641602 0 0.10623
800 2826.95 128.444 108.13 5 0.652344 1 0.10556
801 1823.71 130.908 65 4 0.639648 0 0.100799
802 1802.66 136.159 105.663 4 0.673828 1 0.105586
803 1827.51 132.737 71 4 0.652344 0 0.103417
804 2887.84 133.945 109.829 5 0.672852 1 0.105683
805 2903.85 130.998 107.538 5 0.65625 1 0.101098
806 1786.17 123 103.594 4 0.638672 1 0.102019
807 1807.12 122.012 64 4 0.625 0 0.103251
808 2863.89 139.65 105.663 5 0.670898 1 0.108503
809 1800.39 130.669 65 4 0.642578 0 0.102323
810 1807.12 141.266 76 4 0.677734 0 0.105428
811 1834.62 128.665 59 4 0.632812 0 0.101772
812 2807.41 134.357 76 5 0.662109 0 0.10471
813 1823.71 126.03 54 4 0.611328 0 0.105912
814 2856.74 131.36 66 5 0.638672 0 0.10163
815 2803.43 135.698 107.538 5 0.677734 1 0.10179
816 2860.33 137.624 72 5 0.660156 0 0.102678
817 1763.17 126.505 61 4 0.625 0 0.103842
818 1793.4 131.194 67 4 0.637695 0 0.10633
819 2807.41 136.03 70 5 0.664062 0 0.104188
820 1825.63 125.677 54 4 0.62207 0 0.101372
821 2791.31 143.997 67 5 0.672852 0 0.104069
822 1757.8 132.186 72 4 0.65625 0 0.104448
823 2834.58 131.443 56 5 0.625 0 0.100595
824 1786.17 133.332 65 4 0.65918 0 0.103506
825 2774.8 130.523 53 5 0.62207 0 0.102964
826 1798.09 126.853 68 4 0.636719 0 0.103454
827 2900.72 132.169 109.829 5 0.669922 1 0.100778
828 1811.47 138.787 109.829 4 0.688477 1 0.102422
829 1815.68 145.322 76 4 0.6875 0 0.102688
830 4118.83 145.836 109.829 6 0.701172 1 0.101022
831 2757.91 142.469 109.275 5 0.696289 1 0.0976837
832 1786.17 136.079 109.275 4 0.673828 1 0.0997273
833 2803.43 137.053 110.371 5 0.6875 1 0.0983864
834 1832.91 132.688 56 4 0.641602 0 0.100974
835 1741.21 127.681 57 4 0.631836 0 0.101355
836 1749.6 140.332 110.371 4 0.697266 1 0.102814
837 1768.44 138.847 64 4 0.673828 0 0.103013
838 2849.48 139.449 107.538 5 0.686523 1 0.103337
839 1783.71 130.848 109.829 4 0.672852 1 0.10328
840 1807.12 132.138 61 4 0.644531 0 0.0999389
841 995.918 126.241 110.903 3 0.661133 1 0.0999333
842 1807.12 138.501 110.903 4 0.686523 1 0.101415
843 1757.8 125.017 76 4 0.636719 0 0.101506
844 2891.12 132.631 109.275 5 0.668945 1 0.100832
845 1807.12 138.65 105.663 4 0.676758 1 0.102653
846 1788.61 117.663 56 4 0.59668 0 0.102018
847 1815.68 148.385 112.934 4 0.719727 1 0.102904
848 1788.61 135.071 63 4 0.65332 0 0.103747
849 2783.1 134.456 66 5 0.65332 0 0.104281
850 1813.59 120.173 74 4 0.626953 0 0.101221
851 2770.61 138.667 69 5 0.65625 0 0.105827
852 1811.47 131.679 101 4 0.658203 0 0.103079
853 1802.66 126.947 71 4 0.643555 0 0.102076
854 1823.71 131.236 105 4 0.660156 1 0.10344
855 999.194 121.158 66 3 0.625 0 0.101759
856 1783.71 128.138 66 4 0.641602 0 0.103069
857 2867.41 126.849 54 5 0.610352 0 0.100877
858 1802.66 147.291 101 4 0.697266 0 0.102284
859 1807.12 141.2 111.425 4 0.693359 1 0.0991688
860 1783.71 138.519 109.829 4 0.682617 1 0.101237
861 1768.44 130.479 72 4 0.647461 0 0.103057
862 1802.66 137.204 67 4 0.65918 0 0.101697
863 1811.47 136.293 70 4 0.665039 0 0.106495
864 1741.21 131.781 107.538 4 0.667969 1 0.101873
865 2909.97 144.965 109.829 5 0.694336 1 0.102122
866 2845.8 144.525 76 5 0.68457 0 0.100555
867 2823.1 137.551 62 5 0.652344 0 0.102447
868 2881.17 148.199 108.709 5 0.694336 1 0.102461
869 2731.9 137.527 72 5 0.666992 0 0.101972
870 1729.75 141.442 105.663 4 0.681641 1 0.102723
871 1800.39 140.424 111.937 4 0.701172 1 0.10419
872 1798.09 132.003 110.903 4 0.667969 1 0.104594
873 1841.02 134.58 71 4 0.65625 0 0.106443
874 2766.4 138.753 63 5 0.65918 0 0.102857
875 2834.58 133.589 109.275 5 0.666992 1 0.10033
876 1783.71 131.796 75 4 0.65332 0 0.0996208
877 2787.22 138.075 110.371 5 0.685547 1 0.103651
878 2736.29 146.738 111.425 5 0.708984 1 0.103192
879 1813.59 142.002 110.371 4 0.6875 1 0.105802
880 1788.61 124.883 105 4 0.641602 1 0.103697
881 2842.09 141.247 56 5 0.651367 0 0.100418
882 1786.17 142.782 110.371 4 0.703125 1 0.105929
883 2856.74 138.55 112.44 5 0.703125 1 0.103145
884 1800.39 136.595 107.538 4 0.674805 1 0.104252
885 1811.47 130.717 71 4 0.657227 0 0.0991431
886 4140.23 152.114 111.937 6 0.726562 1 0.10511
887 2881.17 141.605 113.897 5 0.71582 1 0.1046
888 1815.68 147.503 109.275 4 0.707031 1 0.106787
889 2897.56 139.761 67 5 0.662109 0 0.102015
890 2897.56 146.585 111.937 5 0.714844 1 0.103772
891 1752.35 132.21 107.538 4 0.664062 1 0.110038
892 1000.23 135.24 67 3 0.658203 0 0.107252
893 2877.78 134.66 76 5 0.655273 0 0.1085
894 2863.89 144.24 75 5 0.675781 0 0.104002
895 1815.68 133.743 67 4 0.648438 0 0.105122
896 1807.12 142.973 108.709 4 0.689453 1 0.106714
897 2783.1 139.38 76 5 0.674805 0 0.108922
898 2856.74 145.024 109.275 5 0.682617 1 0.110704
899 2863.89 136.7 109.829 5 0.667969 1 0.107754
900 2834.58 134.981 76 5 0.65332 0 0.10716
901 2787.22 155.927 111.425 5 0.734375 1 0.10686
902 1768.44 126.89 67 4 0.631836 0 0.104518
903 1804.91 130.778 68 4 0.65332 0 0.107699
904 1819.76 141.776 107.538 4 0.69043 1 0.108879
905 2783.1 143.665 110.371 5 0.6875 1 0.106202
906 1802.66 140.487 111.937 4 0.706055 1 0.109304
907 1809.31 137.567 111.425 4 0.682617 1 0.106679
908 1776.18 141.933 111.425 4 0.692383 1 0.109178
909 1763.17 142.843 108.709 4 0.69043 1 0.109473
910 2918.83 143.743 76 5 0.680664 0 0.108204
911 1788.61 150.69 101 4 0.707031 0 0.107701
912 1834.62 140.071 105.663 4 0.677734 1 0.108242
913 1798.09 142.982 101 4 0.6875 0 0.10619
914 2826.95 136.666 110.371 5 0.682617 1 0.102682
915 1807.12 134.469 109.829 4 0.665039 1 0.10385
916 1788.61 141.924 111.425 4 0.706055 1 0.104362
917 4201.3 137.293 70 6 0.664062 0 0.1053
918 1778.72 132.597 76 4 0.658203 0 0.104522
919 1795.76 141.361 110.371 4 0.696289 1 0.108883
920 1773.62 148.745 111.937 4 0.719727 1 0.109102
921 2909.97 137.384 68 5 0.661133 0 0.107654
922 1815.68 136.763 110.371 4 0.686523 1 0.106767
923 2834.58 138.568 110.903 5 0.683594 1 0.105221
924 2826.95 132.871 74 5 0.658203 0 0.106602
925 1834.62 131.818 112.44 4 0.680664 1 0.105467
926 2745.01 136.589 111.937 5 0.69043 1 0.108362
927 2811.38 147.403 109.275 5 0.695312 1 0.11038
928 2834.58 151.931 111.937 5 0.731445 1 0.109117
929 1755.09 135.7 107.538 4 0.671875 1 0.10643
930 1798.09 141.314 111.937 4 0.696289 1 0.108761
931 1798.09 150.472 109.829 4 0.708008 1 0.109816
932 1819.76 134.352 109.829 4 0.676758 1 0.108555
933 2823.1 138.932 111.937 5 0.693359 1 0.106786
934 2826.95 129.91 68 5 0.629883 0 0.108172
935 1807.12 136.685 109.275 4 0.672852 1 0.107987
936 1823.71 139.032 76 4 0.669922 0 0.104184
937 2891.12 137.93 110.903 5 0.681641 1 0.107319
938 1732.64 134.038 68 4 0.65332 0 0.108633
939 2884.52 136.776 70 5 0.657227 0 0.106094
940 1809.31 144.932 110.371 4 0.702148 1 0.107905
941 2783.1 149.253 110.371 5 0.708984 1 0.107432
942 2838.35 148.97 111.937 5 0.714844 1 0.108049
943 1783.71 133.274 60 4 0.641602 0 0.110407
944 2815.31 147.936 113.419 5 0.72168 1 0.110325
945 1811.47 156.772 112.44 4 0.738281 1 0.111565
946 2811.38 137.156 111.937 5 0.68457 1 0.111162
947 4057.57 145.843 111.937 6 0.705078 1 0.108211
948 1831.15 137.914 113.419 4 0.694336 1 0.109104
949 1783.71 146.315 111.937 4 0.713867 1 0.109882
950 1755.09 137.368 111.425 4 0.679688 1 0.109628
951 1804.91 139.943 110.903 4 0.685547 1 0.106332
952 1771.04 146.345 112.44 4 0.71875 1 0.109602
953 1765.81 139.148 110.903 4 0.68457 1 0.107992
954 1795.76 141.549 112.44 4 0.704102 1 0.106854
955 1819.76 141.161 75 4 0.678711 0 0.109099
956 2762.17 148.014 110.903 5 0.708008 1 0.106888
957 2731.9 135.089 110.371 5 0.670898 1 0.106971
958 1802.66 156.412 112.44 4 0.738281 1 0.11099
959 2834.58 150.435 111.937 5 0.72168 1 0.108761
960 2783.1 145.08 111.937 5 0.703125 1 0.109097
961 2834.58 146.993 114.366 5 0.716797 1 0.110487
962 2783.1 149.387 111.937 5 0.710938 1 0.108385
963 2863.89 138.119 110.903 5 0.680664 1 0.110228
964 2753.63 142.699 111.937 5 0.698242 1 0.112393
965 1811.47 140.697 111.937 4 0.695312 1 0.112874
966 1823.71 140.095 70 4 0.663086 0 0.112595
967 2830.78 158.531 112.934 5 0.743164 1 0.112302
968 2826.95 155.99 114.828 5 0.750977 1 0.114056
969 4229.91 154.292 111.937 6 0.71582 1 0.114095
970 1813.59 139.743 112.934 4 0.699219 1 0.113748
971 2887.84 152.086 110.903 5 0.708984 1 0.113038
972 2903.85 153.319 113.897 5 0.725586 1 0.115112
973 4191.47 153.136 112.934 6 0.71582 1 0.112038
974 1786.17 154.726 113.897 4 0.740234 1 0.114111
975 1783.71 148.489 110.903 4 0.699219 1 0.113245
976 1807.12 148.869 105.663 4 0.692383 1 0.11222
977 1800.39 149.564 76 4 0.697266 0 0.108974
978 2887.84 144.819 112.934 5 0.709961 1 0.111394
979 4234.53 153.887 110.903 6 0.717773 1 0.112288
980 1809.31 145.416 113.419 4 0.709961 1 0.108882
981 2757.91 148.912 113.897 5 0.722656 1 0.11281
982 1783.71 153.991 113.897 4 0.746094 1 0.113669
983 1815.68 145.949 110.371 4 0.694336 1 0.111507
984 4181.49 157.929 114.828 6 0.753906 1 0.112122
985 2762.17 159.399 114.828 5 0.760742 1 0.118118
986 1823.71 139.837 111.425 4 0.679688 1 0.114129
987 1773.62 138.385 115.282 4 0.704102 1 0.112221
988 2867.41 167.171 114.828 5 0.773438 1 0.112429
989 2819.22 146.064 112.44 5 0.704102 1 0.11693
990 1773.62 153.911 114.828 4 0.731445 1 0.117016
991 1783.71 142.631 112.934 4 0.702148 1 0.117323
992 1804.91 144.725 113.419 4 0.696289 1 0.114095
993 4298.58 151.322 113.897 6 0.723633 1 0.11298
994 2842.09 140.956 113.897 5 0.702148 1 0.114186
995 2877.78 154.714 114.828 5 0.742188 1 0.114266
996 2867.41 152.722 114.828 5 0.735352 1 0.112861
997 1834.62 150.237 115.729 4 0.737305 1 0.115692
998 1809.31 148.227 115.282 4 0.731445 1 0.113934
999 2863.89 144.539 111.937 5 0.693359 1 0.110221
1000 1793.4 134.283 72 4 0.646484 0 0.110045
1001 2838.35 157.521 112.934 5 0.733398 1 0.109955
1002 1802.66 154.166 113.419 4 0.733398 1 0.112105
1003 1817.74 144.851 111.937 4 0.711914 1 0.111578
1004 1757.8 138.712 111.425 4 0.689453 1 0.111809
1005 2834.58 155.381 113.897 5 0.727539 1 0.117272
1006 2909.97 149.033 113.419 5 0.716797 1 0.114013
1007 1804.91 150.488 113.897 4 0.725586 1 0.116889
1008 2867.41 158.661 115.729 5 0.754883 1 0.114632
1009 1765.81 142.152 113.897 4 0.700195 1 0.116715
1010 2766.4 140.456 114.828 5 0.694336 1 0.11843
1011 2826.95 152.085 114.366 5 0.725586 1 0.115734
1012 2799.41 148.214 114.828 5 0.71582 1 0.119572
1013 1815.68 156.344 114.828 4 0.745117 1 0.116781
1014 1768.44 138.206 110.903 4 0.668945 1 0.115279
1015 2863.89 139.651 74 5 0.669922 0 0.113294
1016 2766.4 164.928 113.897 5 0.759766 1 0.114124
1017 1811.47 149.013 112.44 4 0.72168 1 0.114733
1018 2749.33 154.594 112.934 5 0.725586 1 0.110702
1019 4080.24 157.23 113.419 6 0.733398 1 0.110855
1020 1783.71 138.434 112.934 4 0.695312 1 0.111916
1021 1832.91 153.621 114.828 4 0.731445 1 0.113469
1022 1788.61 152.197 113.897 4 0.725586 1 0.112865
1023 2877.78 148.229 112.44 5 0.709961 1 0.112201
1024 2731.9 142.02 113.897 5 0.708008 1 0.11004
1025 1763.17 141.219 112.934 4 0.692383 1 0.112144
1026 1807.12 152.392 111.937 4 0.724609 1 0.11272
1027 2834.58 143.468 111.425 5 0.696289 1 0.11297
1028 1788.61 152.521 113.419 4 0.728516 1 0.115779
1029 2856.74 147.232 114.828 5 0.713867 1 0.114412
1030 1811.47 140.615 113.897 4 0.693359 1 0.114049
1031 2900.72 143.701 111.937 5 0.69043 1 0.119991
1032 2860.33 150.304 111.425 5 0.724609 1 0.112691
1033 2870.9 149.203 113.419 5 0.716797 1 0.111802
1034 1795.76 138.815 111.937 4 0.693359 1 0.112605
1035 1811.47 145.877 111.937 4 0.706055 1 0.111501
1036 2826.95 140.981 110.903 5 0.685547 1 0.109172
1037 2774.8 147.053 109.829 5 0.695312 1 0.111799
1038 2845.8 150.974 112.934 5 0.719727 1 0.109132
1039 1788.61 148.703 112.934 4 0.717773 1 0.110899
1040 1800.39 142.783 110.903 4 0.692383 1 0.110775
1041 2867.41 150.419 109.829 5 0.708008 1 0.113572
1042 2757.91 144.824 112.44 5 0.699219 1 0.107188
1043 1726.84 139.243 111.937 4 0.694336 1 0.111844
1044 2791.31 151.449 113.897 5 0.720703 1 0.111963
1045 4134.93 141.42 113.419 6 0.6875 1 0.112903
1046 4239.12 149.172 112.934 6 0.709961 1 0.110124
1047 2799.41 151.436 114.828 5 0.735352 1 0.112213
1048 2877.78 150.085 114.366 5 0.723633 1 0.114686
1049 4150.74 151.95 110.903 6 0.706055 1 0.109971
1050 2826.95 149.348 114.828 5 0.727539 1 0.108561
1051 2897.56 158.407 113.419 5 0.736328 1 0.112673
1052 2860.33 156.583 113.897 5 0.743164 1 0.111678
1053 2819.22 150.205 113.897 5 0.719727 1 0.114828
1054 1811.47 141.746 112.934 4 0.697266 1 0.116125
1055 1802.66 147.218 116.603 4 0.738281 1 0.11772
1056 1778.72 151.696 115.729 4 0.737305 1 0.114164
1057 1802.66 149.327 115.729 4 0.744141 1 0.116404
1058 2834.58 142.165 113.897 5 0.703125 1 0.116324
1059 1809.31 145.072 111.425 4 0.692383 1 0.113947
1060 1817.74 148.955 114.366 4 0.71582 1 0.116391
1061 4229.91 147.616 111.425 6 0.691406 1 0.11647
1062 1773.62 146.931 113.419 4 0.713867 1 0.115405
1063 2826.95 151.696 114.828 5 0.728516 1 0.117063
1064 2749.33 144.466 115.729 5 0.726562 1 0.114699
1065 1804.91 147.015 110.903 4 0.69043 1 0.116563
1066 1783.71 157.571 115.729 4 0.760742 1 0.117633
1067 2807.41 154.202 110.903 5 0.72168 1 0.117138
1068 1763.17 144.432 112.934 4 0.707031 1 0.115634
1069 1821.75 151.162 115.282 4 0.729492 1 0.117465
1070 1800.39 136.598 113.897 4 0.677734 1 0.119519
1071 2903.85 147.361 114.828 5 0.719727 1 0.112714
1072 1788.61 142.731 111.937 4 0.69043 1 0.115788
1073 4176.45 154.398 115.729 6 0.743164 1 0.115424
1074 1819.76 160.74 117.45 4 0.764648 1 0.118013
1075 2867.41 155.561 106.306 5 0.701172 1 0.116098
1076 1768.44 140.841 112.934 4 0.694336 1 0.11457
1077 1749.6 138.862 113.897 4 0.700195 1 0.116099
1078 1795.76 148.372 112.934 4 0.708984 1 0.117134
1079 2906.93 147.881 114.366 5 0.710938 1 0.113
1080 2803.43 141.299 111.425 5 0.682617 1 0.113922
1081 1720.96 131.119 106.306 4 0.65625 1 0.113623
1082 1768.44 143.124 114.366 4 0.706055 1 0.11326
1083 4196.4 145.459 113.897 6 0.708984 1 0.111638
1084 2900.72 167.976 111.937 5 0.742188 1 0.113067
1085 1829.35 150.818 114.828 4 0.733398 1 0.111468
1086 2803.43 148.705 113.897 5 0.723633 1 0.112139
1087 1738.37 140.013 109.829 4 0.675781 1 0.113429
1088 2860.33 161.18 111.937 5 0.741211 1 0.11154
1089 1746.82 151.047 113.419 4 0.724609 1 0.114009
1090 2774.8 146.449 110.371 5 0.69043 1 0.112087
1091 2834.58 149.15 114.366 5 0.714844 1 0.110989
1092 1823.71 145.3 111.937 4 0.697266 1 0.112505
1093 1837.92 160.69 113.897 4 0.756836 1 0.113703
1094 1825.63 152.043 112.934 4 0.717773 1 0.1115
1095 2830.78 157.287 115.729 5 0.758789 1 0.111599
1096 4124.23 156.069 115.282 6 0.743164 1 0.112151
1097 1763.17 154.825 114.828 4 0.74707 1 0.111675
1098 2877.78 143.534 112.44 5 0.689453 1 0.113405
1099 4265.75 166.332 114.828 6 0.764648 1 0.113707
1100 1802.66 155.598 111.937 4 0.734375 1 0.1132
1101 1788.61 146.791 112.934 4 0.702148 1 0.111025
1102 1773.62 147.33 112.934 4 0.719727 1 0.107948
1103 1823.71 155.103 110.903 4 0.728516 1 0.113898
1104 1809.31 156.269 114.828 4 0.765625 1 0.108677
1105 2830.78 164.982 114.828 5 0.790039 1 0.113467
1106 1804.91 140.356 76 4 0.677734 0 0.114173
1107 2826.95 144.36 109.829 5 0.680664 1 0.113382
1108 2887.84 142.406 111.425 5 0.6875 1 0.113321
1109 1809.31 144.616 111.937 4 0.703125 1 0.11292
1110 1795.76 151.94 115.729 4 0.742188 1 0.114136
1111 4201.3 153.072 113.897 6 0.725586 1 0.1175
1112 2791.31 142.682 112.934 5 0.700195 1 0.115638
1113 1831.15 151.681 115.282 4 0.739258 1 0.115221
1114 2842.09 169.07 115.282 5 0.770508 1 0.11585
1115 1786.17 148.883 114.366 4 0.724609 1 0.115808
1116 1804.91 140.241 110.903 4 0.683594 1 0.112869
1117 1823.71 143.168 114.828 4 0.726562 1 0.112205
1118 1811.47 154.729 113.419 4 0.729492 1 0.114287
1119 4171.38 162.888 113.419 6 0.74707 1 0.112287
1120 2849.48 158.701 114.828 5 0.751953 1 0.113331
1121 1786.17 147.912 111.937 4 0.711914 1 0.114208
1122 1807.12 147.713 113.897 4 0.722656 1 0.115951
1123 1788.61 153.124 113.419 4 0.729492 1 0.117623
1124 1827.51 147.063 112.934 4 0.708008 1 0.112865
1125 2884.52 166.249 115.282 5 0.780273 1 0.11758
1126 1802.66 146.667 115.282 4 0.728516 1 0.115439
1127 1798.09 146.52 111.937 4 0.699219 1 0.117835
1128 2740.66 155.239 110.903 5 0.713867 1 0.114362
1129 1800.39 145.736 115.282 4 0.728516 1 0.112614
1130 2860.33 154.67 113.897 5 0.735352 1 0.115927
1131 2915.92 153.483 115.729 5 0.729492 1 0.114659
1132 2757.91 152.763 113.897 5 0.730469 1 0.11567
1133 2778.96 147.245 112.44 5 0.707031 1 0.113574
1134 4191.47 156.734 113.897 6 0.740234 1 0.115276
1135 1809.31 144.803 112.934 4 0.708008 1 0.113082
1136 1811.47 145.805 112.934 4 0.716797 1 0.111172
1137 2770.61 145.287 111.425 5 0.691406 1 0.117694
1138 2795.37 164.888 116.603 5 0.790039 1 0.11557
1139 1788.61 137.389 114.366 4 0.698242 1 0.113727
1140 2803.43 162.722 114.828 5 0.744141 1 0.115467
1141 1829.35 158.177 114.828 4 0.760742 1 0.114952
1142 2838.35 149.106 114.828 5 0.727539 1 0.116251
1143 1788.61 155.092 115.729 4 0.755859 1 0.119809
1144 4186.5 150.48 114.828 6 0.716797 1 0.116814
1145 2856.74 144.739 116.17 5 0.712891 1 0.119228
1146 1802.66 152.077 116.603 4 0.75 1 0.119548
1147 2778.96 161.959 115.729 5 0.762695 1 0.123702
1148 1802.66 144.835 111.937 4 0.691406 1 0.116309
1149 1823.71 148.26 115.282 4 0.731445 1 0.117093
1150 1757.8 143.049 112.934 4 0.699219 1 0.118362
1151 1773.62 139.178 113.897 4 0.688477 1 0.119532
1152 2867.41 156.058 115.282 5 0.743164 1 0.118479
1153 2774.8 159.308 112.934 5 0.731445 1 0.120307
1154 1773.62 145.032 116.17 4 0.727539 1 0.119325
1155 2803.43 155.447 114.828 5 0.725586 1 0.120666
1156 2740.66 161.397 112.934 5 0.744141 1 0.122755
1157 2770.61 157.66 113.897 5 0.744141 1 0.121958
1158 1788.61 153.075 115.282 4 0.733398 1 0.12053
1159 2842.09 147.314 111.425 5 0.695312 1 0.118652
1160 2749.33 156.042 115.729 5 0.746094 1 0.118017
1161 2826.95 151.859 113.897 5 0.716797 1 0.121497
1162 1800.39 156.253 116.17 4 0.75293 1 0.119388
1163 2830.78 145.887 111.425 5 0.688477 1 0.122145
1164 2815.31 156.266 116.603 5 0.746094 1 0.123162
1165 4176.45 155.519 115.282 6 0.719727 1 0.122227
1166 1819.76 160.23 116.17 4 0.767578 1 0.122762
1167 2783.1 158.837 116.17 5 0.741211 1 0.122523
1168 1793.4 140.254 114.828 4 0.686523 1 0.12684
1169 1768.44 139.304 113.897 4 0.681641 1 0.123211
1170 1768.44 159.198 116.17 4 0.758789 1 0.123114
1171 2731.9 145.994 112.934 5 0.694336 1 0.123385
1172 4201.3 149.684 115.282 6 0.713867 1 0.121186
1173 1811.47 146.219 114.828 4 0.704102 1 0.122805
1174 1815.68 147.436 116.603 4 0.723633 1 0.12228
1175 1783.71 164.774 117.45 4 0.769531 1 0.125067
1176 2834.58 158.876 116.603 5 0.737305 1 0.124157
1177 1804.91 153.12 116.17 4 0.731445 1 0.121847
1178 2749.33 144.913 116.603 5 0.725586 1 0.120363
1179 2815.31 145.518 113.897 5 0.698242 1 0.122492
1180 1807.12 154.457 116.17 4 0.732422 1 0.124755
1181 2815.31 161.166 115.282 5 0.738281 1 0.125199
1182 2863.89 157.185 116.603 5 0.745117 1 0.120327
1183 1819.76 159.354 115.282 4 0.735352 1 0.124549
1184 2915.92 150.34 116.17 5 0.731445 1 0.121309
1185 1817.74 154.187 113.897 4 0.717773 1 0.123052
1186 1817.74 145.357 115.729 4 0.708984 1 0.121398
1187 1800.39 150.003 116.603 4 0.738281 1 0.121381
1188 2757.91 165.397 116.603 5 0.768555 1 0.126933
1189 2757.91 152.112 115.729 5 0.722656 1 0.126169
1190 1804.91 153.921 116.603 4 0.738281 1 0.126417
1191 2749.33 157.459 115.729 5 0.743164 1 0.121625
1192 1768.44 161.093 116.603 4 0.763672 1 0.126279
1193 4140.23 146.858 114.828 6 0.701172 1 0.127037
1194 1817.74 148.829 116.17 4 0.717773 1 0.125887
1195 1760.49 152.548 116.603 4 0.732422 1 0.128369
1196 1815.68 150.402 115.729 4 0.724609 1 0.125457
1197 2807.41 153.142 116.603 5 0.733398 1 0.125988
1198 2731.9 162.104 119.462 5 0.787109 1 0.124266
1199 1811.47 158.088 115.282 4 0.730469 1 0.126135
1200 1781.23 147.824 117.45 4 0.734375 1 0.125361
1201 2823.1 151.005 114.828 5 0.705078 1 0.127353
1202 1817.74 146.382 118.273 4 0.72168 1 0.126757
1203 2770.61 154.782 117.45 5 0.739258 1 0.124229
1204 4085.84 160.974 115.729 6 0.725586 1 0.126331
1205 1690.48 142.12 115.729 4 0.688477 1 0.126605
1206 4068.96 151.296 116.17 6 0.713867 1 0.129556
1207 2749.33 144.951 111.425 5 0.68457 1 0.129482
1208 2770.61 150.967 115.729 5 0.716797 1 0.130013
1209 2842.09 154.071 116.603 5 0.736328 1 0.131163
1210 2770.61 151.047 115.282 5 0.713867 1 0.128928
1211 2811.38 154.597 115.282 5 0.712891 1 0.129087
1212 1786.17 154.513 115.282 4 0.716797 1 0.124166
1213 4302.44 151.748 116.17 6 0.723633 1 0.126713
1214 2834.58 154.305 116.603 5 0.729492 1 0.126281
1215 2826.95 132.044 112.934 5 0.65918 1 0.128986
1216 2795.37 152.265 115.729 5 0.72168 1 0.127938
1217 2863.89 152.215 115.729 5 0.713867 1 0.126179
1218 2853.13 148.193 116.603 5 0.72168 1 0.128654
1219 2736.29 165.237 118.273 5 0.775391 1 0.126271
1220 1757.8 144.515 115.729 4 0.705078 1 0.125965
1221 2783.1 158.179 118.273 5 0.749023 1 0.127679
1222 2830.78 142.721 115.282 5 0.689453 1 0.127384
1223 1791.02 146.413 117.03 4 0.72168 1 0.12647
1224 2874.36 146.01 117.45 5 0.72168 1 0.129511
1225 1783.71 152.527 116.603 4 0.724609 1 0.126888
1226 1807.12 146.087 115.729 4 0.709961 1 0.125433
1227 1005.85 149.854 118.273 3 0.733398 1 0.128285
1228 2826.95 148.602 114.828 5 0.707031 1 0.127562
1229 1786.17 154.522 117.45 4 0.732422 1 0.126462
1230 2826.95 152.076 114.828 5 0.705078 1 0.128728
1231 2731.9 154.172 111.937 5 0.714844 1 0.124835
1232 2834.58 161.858 117.45 5 0.758789 1 0.12842
1233 2849.48 162.862 113.419 5 0.723633 1 0.129476
1234 2745.01 156.544 111.425 5 0.706055 1 0.126014
1235 2815.31 159.32 115.729 5 0.735352 1 0.126026
1236 2838.35 160.756 118.273 5 0.764648 1 0.126637
1237 4129.59 151.089 118.675 6 0.74707 1 0.127832
1238 1781.23 161.548 119.462 4 0.769531 1 0.127813
1239 2834.58 145.824 113.419 5 0.683594 1 0.128641
1240 1786.17 147.386 115.729 4 0.700195 1 0.127296
1241 4057.57 150.142 115.729 6 0.707031 1 0.128229
1242 2757.91 162.234 117.865 5 0.763672 1 0.130663
1243 1802.66 150.248 115.729 4 0.710938 1 0.125928
1244 2853.13 153.066 116.603 5 0.719727 1 0.126114
1245 1746.82 141.349 103.594 4 0.670898 1 0.127718
1246 1757.8 145.429 115.282 4 0.700195 1 0.125559
1247 2834.58 153.733 117.45 5 0.729492 1 0.129818
1248 2894.36 155.49 115.729 5 0.717773 1 0.128095
1249 1765.81 146.387 111.425 4 0.688477 1 0.125947
1250 2849.48 150.909 114.828 5 0.703125 1 0.125654
1251 2749.33 152.59 116.17 5 0.720703 1 0.13052
1252 1809.31 158.221 119.071 4 0.766602 1 0.12872
1253 1804.91 152.692 115.729 4 0.711914 1 0.127903
1254 1800.39 152.317 116.603 4 0.726562 1 0.131095
1255 1755.09 150.512 116.17 4 0.708008 1 0.130844
1256 1755.09 148.149 115.282 4 0.703125 1 0.127764
1257 2819.22 166.306 118.273 5 0.763672 1 0.129278
1258 2830.78 143.62 116.17 5 0.693359 1 0.128299
1259 1825.63 160.222 116.603 4 0.738281 1 0.130825
1260 1773.62 159.749 119.071 4 0.749023 1 0.131198
1261 1788.61 159.604 118.273 4 0.742188 1 0.128016
1262 2834.58 153.187 118.273 5 0.732422 1 0.132709
1263 2770.61 152.719 115.282 5 0.700195 1 0.133473
1264 2731.9 161.022 117.865 5 0.737305 1 0.135033
1265 1802.66 156.203 116.603 4 0.725586 1 0.130287
1266 1791.02 147.667 115.282 4 0.701172 1 0.128869
1267 1802.66 150.487 117.865 4 0.716797 1 0.130284
1268 4191.47 143.891 115.729 6 0.681641 1 0.129101
1269 1829.35 169.669 118.273 4 0.776367 1 0.135147
1270 4107.95 149.262 116.17 6 0.702148 1 0.13012
1271 1778.72 152.789 118.273 4 0.732422 1 0.130703
1272 2853.13 144.041 116.17 5 0.702148 1 0.126281
1273 2823.1 150.8 115.729 5 0.697266 1 0.134697
1274 1771.04 144.746 111.937 4 0.685547 1 0.129345
1275 1741.21 141.268 115.282 4 0.685547 1 0.127328
1276 1778.72 143.701 111.937 4 0.678711 1 0.1275
1277 1809.31 152.007 119.071 4 0.735352 1 0.129902
1278 1771.04 158.089 119.071 4 0.748047 1 0.131647
1279 1738.37 142.694 115.729 4 0.697266 1 0.128328
1280 2826.95 149.983 76 5 0.693359 0 0.12619
1281 1798.09 155.095 116.603 4 0.736328 1 0.129232
1282 1778.72 146.192 114.366 4 0.693359 1 0.129145
1283 1811.47 162.765 116.17 4 0.749023 1 0.128885
1284 2887.84 158.651 118.675 5 0.74707 1 0.131734
1285 2826.95 159.198 118.675 5 0.75293 1 0.129148
1286 2823.1 157.808 117.45 5 0.740234 1 0.131014
1287 2753.63 162.675 119.071 5 0.758789 1 0.132306
1288 1781.23 153.309 116.17 4 0.71875 1 0.131018
1289 1791.02 151.319 117.03 4 0.722656 1 0.130359
1290 1791.02 147.516 115.282 4 0.705078 1 0.130166
1291 2826.95 156.769 119.071 5 0.75293 1 0.131479
1292 2845.8 162.062 117.45 5 0.728516 1 0.133428
1293 2774.8 169.035 118.273 5 0.768555 1 0.135395
1294 2731.9 155.873 119.462 5 0.75 1 0.133471
1295 2807.41 151.004 111.425 5 0.697266 1 0.131066
1296 2823.1 155.138 115.729 5 0.72168 1 0.129736
1297 2778.96 148.306 115.729 5 0.701172 1 0.131545
1298 1760.49 147.358 119.462 4 0.726562 1 0.130195
1299 4201.3 157.716 118.273 6 0.740234 1 0.129571
1300 2731.9 152.477 116.17 5 0.719727 1 0.130925
1301 1755.09 148.25 116.17 4 0.708008 1 0.134082
1302 1807.12 148.281 116.17 4 0.708984 1 0.127472
1303 1768.44 145.365 114.828 4 0.689453 1 0.129579
1304 1831.15 149.534 116.17 4 0.71582 1 0.131411
1305 1813.59 144.216 118.273 4 0.709961 1 0.13105
1306 2740.66 165.169 116.603 5 0.739258 1 0.133032
1307 5703.02 162.871 119.462 7 0.773438 1 0.12895
1308 1773.62 149.275 118.273 4 0.711914 1 0.130166
1309 1804.91 159.001 118.675 4 0.74707 1 0.133842
1310 2803.43 157.324 119.071 5 0.746094 1 0.131225
1311 4225.24 163.632 119.462 6 0.768555 1 0.131763
1312 2770.61 163.232 118.273 5 0.751953 1 0.133004
1313 1726.84 144.044 116.603 4 0.713867 1 0.128693
1314 2766.4 165.039 119.462 5 0.772461 1 0.134547
1315 2791.31 153.194 116.603 5 0.714844 1 0.134659
1316 1723.91 152.022 119.847 4 0.757812 1 0.132726
1317 1690.48 155.189 119.071 4 0.751953 1 0.133488
1318 2749.33 165.719 119.071 5 0.772461 1 0.135852
1319 2870.9 161.265 119.071 5 0.749023 1 0.135871
1320 1783.71 164.224 119.462 4 0.765625 1 0.134634
1321 1749.6 150.606 119.462 4 0.744141 1 0.13421
1322 1763.17 145.491 116.17 4 0.691406 1 0.131742
1323 1783.71 134.495 110.903 4 0.654297 1 0.130021
1324 1749.6 147.256 109.829 4 0.692383 1 0.131156
1325 1786.17 170.357 119.462 4 0.782227 1 0.132795
1326 1783.71 157.666 116.603 4 0.723633 1 0.131259
1327 2834.58 166.687 118.675 5 0.759766 1 0.133379
1328 1768.44 157.546 119.071 4 0.74707 1 0.131625
1329 4176.45 159.941 116.603 6 0.722656 1 0.132737
1330 1765.81 161.901 119.847 4 0.767578 1 0.134298
1331 1773.62 160.885 119.847 4 0.78125 1 0.133299
1332 2877.78 158.098 118.273 5 0.730469 1 0.133925
1333 1825.63 158.599 117.865 4 0.732422 1 0.136283
1334 1811.47 153.752 116.17 4 0.709961 1 0.128596
1335 1760.49 142.723 118.273 4 0.701172 1 0.133416
1336 2823.1 163.31 119.462 5 0.762695 1 0.134426
1337 2823.1 162.438 119.462 5 0.761719 1 0.135335
1338 1755.09 151.594 113.419 4 0.701172 1 0.136117
1339 2774.8 152.548 118.675 5 0.724609 1 0.132726
1340 2766.4 149.267 118.273 5 0.71582 1 0.13067
1341 2749.33 157.493 117.865 5 0.738281 1 0.130595
1342 1773.62 156.003 115.282 4 0.713867 1 0.135616
1343 2823.1 166.54 119.071 5 0.772461 1 0.133376
1344 1821.75 148.109 118.273 4 0.712891 1 0.132421
1345 1793.4 152.404 119.071 4 0.729492 1 0.135799
1346 1729.75 156.024 118.675 4 0.736328 1 0.13254
1347 2927.27 159.104 118.675 5 0.741211 1 0.136016
1348 1776.18 143.951 117.865 4 0.692383 1 0.133077
1349 1778.72 170.812 119.847 4 0.796875 1 0.131399
1350 1690.48 145.335 119.071 4 0.702148 1 0.13628
1351 1696.71 146.537 119.462 4 0.724609 1 0.13163
1352 1800.39 160.52 119.071 4 0.744141 1 0.133051
1353 1755.09 147.731 119.462 4 0.719727 1 0.132289
1354 1802.66 148.206 116.17 4 0.694336 1 0.132361
1355 2915.92 165.624 119.071 5 0.74707 1 0.13234
1356 4091.41 155.917 110.903 6 0.701172 1 0.133469
1357 2787.22 148.114 116.603 5 0.69043 1 0.135022
1358 1821.75 170.749 119.847 4 0.799805 1 0.13716
1359 1723.91 150.054 119.847 4 0.748047 1 0.131621
1360 2749.33 160.131 119.462 5 0.75 1 0.13405
1361 2799.41 153.542 119.071 5 0.725586 1 0.132783
1362 1768.44 152.617 117.45 4 0.726562 1 0.130025
1363 1783.71 160.273 118.273 4 0.739258 1 0.134105
1364 1699.8 151.666 116.603 4 0.725586 1 0.134037
1365 4057.57 163.49 119.847 6 0.77832 1 0.133235
1366 2845.8 159.557 119.847 5 0.757812 1 0.134295
1367 2731.9 161.031 119.071 5 0.736328 1 0.132763
1368 2740.66 156.304 117.45 5 0.727539 1 0.134477
1369 2867.41 157.353 119.071 5 0.733398 1 0.132431
1370 2787.22 157.281 119.847 5 0.762695 1 0.135427
1371 4118.83 155.934 119.071 6 0.724609 1 0.136465
1372 2795.37 157.224 119.071 5 0.737305 1 0.135587
1373 4181.49 163.28 118.675 6 0.734375 1 0.13628
1374 1776.18 161.798 119.071 4 0.75 1 0.134758
1375 1720.96 155.596 119.071 4 0.739258 1 0.136106
1376 2826.95 168.502 119.847 5 0.773438 1 0.133371
1377 2749.33 163.188 119.071 5 0.757812 1 0.135618
1378 1802.66 157.751 119.071 4 0.74707 1 0.134269
1379 1791.02 171.48 119.847 4 0.790039 1 0.135451
1380 1696.71 143.842 116.17 4 0.69043 1 0.132785
1381 1804.91 162.368 119.462 4 0.760742 1 0.133081
1382 2787.22 151.241 117.45 5 0.706055 1 0.13513
1383 1786.17 155.228 119.462 4 0.740234 1 0.132886
1384 2783.1 157.017 119.071 5 0.736328 1 0.140876
1385 4220.53 163.071 120.227 6 0.793945 1 0.13531
1386 4057.57 163.213 119.071 6 0.75 1 0.133854
1387 1804.91 149.046 119.462 4 0.717773 1 0.134341
1388 2823.1 164.442 119.071 5 0.754883 1 0.13499
1389 1798.09 152.621 119.462 4 0.735352 1 0.135014
1390 1815.68 152.183 118.273 4 0.726562 1 0.135863
1391 1717.99 147.39 119.462 4 0.725586 1 0.130576
1392 2887.84 152.567 117.865 5 0.710938 1 0.135645
1393 1755.09 160.734 119.462 4 0.757812 1 0.133459
1394 1821.75 152.564 119.071 4 0.719727 1 0.131751
1395 2842.09 159.287 119.847 5 0.741211 1 0.134745
1396 2787.22 166.852 119.071 5 0.749023 1 0.136731
1397 1765.81 158.464 119.462 4 0.75 1 0.135437
1398 2874.36 154.443 118.273 5 0.714844 1 0.134541
1399 1763.17 154.972 119.462 4 0.74707 1 0.135248
1400 1778.72 148.754 119.071 4 0.723633 1 0.134929
1401 1755.09 149.219 117.865 4 0.710938 1 0.134938
1402 2778.96 155.392 119.462 5 0.737305 1 0.136326
1403 1800.39 143.107 119.462 4 0.702148 1 0.13442
1404 2811.38 167.401 120.227 5 0.780273 1 0.135527
1405 1729.75 153.726 119.071 4 0.738281 1 0.134079
1406 2749.33 175.872 120.227 5 0.802734 1 0.136776
1407 2830.78 162.529 119.071 5 0.749023 1 0.13283
1408 1800.39 147.941 118.675 4 0.712891 1 0.13631
1409 2881.17 163.512 119.462 5 0.749023 1 0.135999
1410 1798.09 161.557 119.462 4 0.734375 1 0.135966
1411 1834.62 153.245 119.847 4 0.734375 1 0.137775
1412 2795.37 155.859 119.462 5 0.738281 1 0.136851
1413 1715 148.257 119.462 4 0.714844 1 0.136093
1414 2887.84 156.234 118.675 5 0.722656 1 0.134163
1415 2757.91 165.5 119.462 5 0.773438 1 0.13269
1416 4107.95 168.03 119.847 6 0.759766 1 0.134517
1417 2826.95 159.175 119.462 5 0.756836 1 0.136445
1418 2731.9 157.907 119.847 5 0.738281 1 0.135627
1419 2799.41 159.241 120.227 5 0.77832 1 0.139207
1420 2815.31 159.04 120.227 5 0.754883 1 0.136763
1421 1771.04 151.11 119.071 4 0.716797 1 0.137688
1422 1788.61 160.205 119.462 4 0.74707 1 0.138373
1423 1781.23 160.25 119.847 4 0.74707 1 0.136265
1424 2731.9 163.255 119.847 5 0.75293 1 0.140756
1425 1763.17 150.528 118.273 4 0.709961 1 0.136958
1426 2736.29 154.957 118.675 5 0.728516 1 0.135312
1427 2731.9 155.184 118.273 5 0.719727 1 0.13905
1428 1763.17 158.743 119.847 4 0.754883 1 0.137731
1429 1800.39 146.682 119.847 4 0.716797 1 0.138299
1430 2731.9 155.155 118.675 5 0.71875 1 0.140279
1431 1690.48 147.143 119.462 4 0.711914 1 0.136255
1432 1778.72 155.404 119.847 4 0.738281 1 0.137665
1433 2740.66 153.107 119.071 5 0.722656 1 0.135954
1434 2826.95 170.312 119.847 5 0.783203 1 0.135695
1435 1776.18 156.732 119.847 4 0.740234 1 0.13515
1436 2783.1 155.534 119.847 5 0.75293 1 0.13776
1437 2830.78 155.965 119.847 5 0.735352 1 0.135929
1438 1702.88 151.614 119.071 4 0.72168 1 0.134508
1439 1760.49 163.27 120.227 4 0.776367 1 0.135571
1440 2774.8 157.109 119.847 5 0.748047 1 0.13827
1441 2860.33 160.508 118.675 5 0.727539 1 0.1384
1442 1755.09 143.699 119.847 4 0.709961 1 0.13997
1443 2845.8 154.112 116.603 5 0.720703 1 0.135415
1444 2740.66 153.688 119.071 5 0.722656 1 0.141009
1445 2795.37 158.707 119.847 5 0.760742 1 0.138187
1446 1778.72 147.776 119.462 4 0.709961 1 0.141364
1447 1708.97 146.172 119.071 4 0.704102 1 0.134182
1448 1768.44 161.497 120.227 4 0.757812 1 0.138269
1449 2787.22 150.025 119.071 5 0.710938 1 0.136671
1450 1800.39 163.225 119.462 4 0.74707 1 0.137708
1451 1757.8 154.026 119.462 4 0.72168 1 0.139459
1452 1717.99 155.418 120.227 4 0.743164 1 0.136113
1453 2766.4 163.043 119.847 5 0.75 1 0.140817
1454 2740.66 159.543 119.462 5 0.735352 1 0.14098
1455 2731.9 156.425 119.071 5 0.725586 1 0.139435
1456 1757.8 153.133 114.366 4 0.702148 1 0.138129
1457 1773.62 152.14 119.462 4 0.726562 1 0.13578
1458 1757.8 143.427 114.366 4 0.677734 1 0.139482
1459 1763.17 158.345 119.462 4 0.745117 1 0.135965
1460 2826.95 169.261 119.847 5 0.776367 1 0.135669
1461 1795.76 160.632 119.071 4 0.748047 1 0.136315
1462 1696.71 151.098 120.227 4 0.751953 1 0.138572
1463 2731.9 165.441 119.847 5 0.756836 1 0.138525
1464 2823.1 165.933 119.847 5 0.779297 1 0.137163
1465 2815.31 160.906 119.847 5 0.757812 1 0.138881
1466 2749.33 167.884 120.227 5 0.783203 1 0.137882
1467 1755.09 155.985 119.462 4 0.726562 1 0.137392
1468 1757.8 154.105 119.462 4 0.736328 1 0.136256
1469 2778.96 137.271 116.603 5 0.669922 1 0.136094
1470 2830.78 155.661 117.45 5 0.713867 1 0.137353
1471 1757.8 160.919 120.227 4 0.762695 1 0.140215
1472 2731.9 156.317 119.847 5 0.749023 1 0.1343
1473 1815.68 142.706 116.603 4 0.696289 1 0.136044
1474 1781.23 152.758 118.273 4 0.716797 1 0.137332
1475 2838.35 147.314 119.071 5 0.702148 1 0.137351
1476 2740.66 158.958 117.865 5 0.730469 1 0.135623
1477 1708.97 167.785 120.227 4 0.801758 1 0.140016
1478 2740.66 165.8 119.847 5 0.759766 1 0.137891
1479 1800.39 149.476 118.675 4 0.705078 1 0.135026
1480 1755.09 143.141 109.829 4 0.676758 1 0.13826
1481 2826.95 151.191 119.462 5 0.713867 1 0.134856
1482 2740.66 164.828 119.847 5 0.770508 1 0.136295
1483 1776.18 146.262 118.273 4 0.701172 1 0.136458
1484 2823.1 158.473 117.865 5 0.725586 1 0.135948
1485 2823.1 159.116 119.071 5 0.738281 1 0.135083
1486 1773.62 150.018 118.675 4 0.710938 1 0.13573
1487 2740.66 174.614 120.227 5 0.810547 1 0.1389
1488 1696.71 156.357 116.17 4 0.716797 1 0.135313
1489 1804.91 154.851 119.462 4 0.739258 1 0.140704
1490 1760.49 150.967 119.847 4 0.722656 1 0.137983
1491 1760.49 157.646 119.847 4 0.731445 1 0.136812
1492 2731.9 145.214 76 5 0.670898 0 0.132381
1493 1763.17 141.143 115.729 4 0.676758 1 0.138884
1494 2731.9 159.267 119.071 5 0.737305 1 0.133834
1495 2766.4 156.366 115.729 5 0.707031 1 0.134605
1496 2770.61 149.309 119.462 5 0.722656 1 0.13576
1497 1802.66 150.093 119.071 4 0.722656 1 0.138732
1498 986.145 151.612 119.847 3 0.736328 1 0.139922
1499 4068.96 151.749 117.45 6 0.711914 1 0.138837
