94.7776
0 109.829 6.53408 4 1 0.0224609 0 0.00461118
1 435.117 9.23569 4 2 0.0429688 0 0.00435913
2 435.053 8.66145 4 2 0.0361328 0 0.00435212
3 110.371 9.05844 5 1 0.0410156 0 0.00432971
4 113.897 10.2892 5 1 0.0527344 0 0.00432172
5 435.127 10.9274 5 2 0.0517578 0 0.00444392
6 110.371 8.75229 5 1 0.0371094 0 0.00438329
7 109.829 9.2984 5 1 0.0390625 0 0.00445758
8 435.151 9.99637 5 2 0.0419922 0 0.00446932
9 435.053 10.381 5 2 0.0458984 0 0.00454109
10 434.902 11.042 5 2 0.0498047 0 0.00452411
11 434.954 10.0935 5 2 0.0458984 0 0.00459929
12 435.076 10.1684 5 2 0.0478516 0 0.00475431
13 435.053 10.6922 6 2 0.0517578 0 0.00445401
14 434.954 10.805 5 2 0.0507812 0 0.00447139
15 435.149 10.3367 6 2 0.0439453 0 0.00449974
16 435.151 12.4959 6 2 0.0605469 0 0.00450646
17 112.44 9.2499 6 1 0.0380859 0 0.00464608
18 435.127 10.5915 6 2 0.046875 0 0.00459832
19 435.149 10.5705 6 2 0.0478516 0 0.00449441
20 434.954 10.7891 6 2 0.0498047 0 0.00442562
21 1010.79 13.2453 6 3 0.0625 0 0.00458036
22 435.149 11.9074 6 2 0.0527344 0 0.0045182
23 435.149 12.1975 6 2 0.0556641 0 0.00446883
24 435.076 12.4175 6 2 0.0605469 0 0.00465095
25 435.149 12.9384 6 2 0.0605469 0 0.00460121
26 435.149 12.8501 6 2 0.0605469 0 0.00458269
27 435.053 12.6541 6 2 0.0644531 0 0.00450063
28 435.053 12.0617 6 2 0.0566406 0 0.00455916
29 435.151 13.6501 6 2 0.0683594 0 0.00454862
30 115.729 11.0944 6 1 0.0527344 0 0.00468074
31 435.151 10.2024 6 2 0.0419922 0 0.00452908
32 435.127 11.0007 6 2 0.0507812 0 0.00460822
33 435.127 12.9868 6 2 0.0673828 0 0.0045777
34 435.127 12.5924 6 2 0.0615234 0 0.00472806
35 435.127 11.2164 6 2 0.0488281 0 0.00467433
36 435.149 12.7878 6 2 0.0634766 0 0.00452579
37 435.053 12.3 6 2 0.0576172 0 0.00452968
38 435.127 12.9216 6 2 0.0615234 0 0.00446276
39 434.639 10.6772 6 2 0.046875 0 0.00439046
40 435.117 10.6213 6 2 0.0449219 0 0.00444552
41 435.151 11.6383 6 2 0.0488281 0 0.00442214
42 435.149 11.1438 6 2 0.0498047 0 0.00451392
43 113.419 11.9637 6 1 0.0595703 0 0.00452261
44 434.954 12.367 6 2 0.0595703 0 0.00452405
45 434.818 12.7148 6 2 0.0654297 0 0.00451264
46 435.149 13.9446 6 2 0.0742188 0 0.00445621
47 435.127 13.5759 6 2 0.0683594 0 0.00453368
48 435.149 15.9109 6 2 0.0830078 0 0.00448398
49 435.053 12.5847 6 2 0.0625 0 0.00446816
50 111.937 12.3003 6 1 0.0615234 0 0.00455774
51 435.149 14.5977 6 2 0.0761719 0 0.0045434
52 1011.31 14.7781 6 3 0.0732422 0 0.00456077
53 435.149 12.5366 6 2 0.0585938 0 0.0045751
54 435.053 14.6701 7 2 0.0791016 0 0.00467747
55 434.639 13.9135 7 2 0.0703125 0 0.00452742
56 435.149 15.2792 7 2 0.0751953 0 0.00460514
57 435.151 14.7293 7 2 0.0761719 0 0.00459674
58 435.076 14.2594 7 2 0.0654297 0 0.00457514
59 435.149 14.9049 7 2 0.0742188 0 0.00461593
60 1010.21 13.5231 7 3 0.0625 0 0.00460583
61 435.151 15.2387 7 2 0.0771484 0 0.0046753
62 435.151 13.0844 7 2 0.0625 0 0.00454157
63 1009.59 13.9489 7 3 0.0625 0 0.00450279
64 435.127 12.5259 7 2 0.0566406 0 0.00471923
65 1008.92 14.6983 7 3 0.0712891 0 0.00461307
66 435.117 15.4972 7 2 0.0800781 0 0.00463532
67 435.149 13.8262 7 2 0.0683594 0 0.00480376
68 435.127 14.7326 7 2 0.0712891 0 0.00473629
69 435.053 15.0559 7 2 0.0771484 0 0.00495462
70 435.151 15.4487 7 2 0.0791016 0 0.00481919
71 434.954 16.1004 7 2 0.0908203 0 0.00467671
72 435.151 15.4847 7 2 0.0771484 0 0.00471633
73 435.151 16.6749 8 2 0.0869141 0 0.00472592
74 435.127 16.564 7 2 0.0898438 0 0.00470374
75 435.053 14.4564 7 2 0.0712891 0 0.00470525
76 435.127 16.1512 8 2 0.0800781 0 0.00468241
77 435.053 15.6206 8 2 0.0810547 0 0.00481554
78 435.117 12.5046 7 2 0.0556641 0 0.00464246
79 435.149 13.853 7 2 0.0673828 0 0.00457944
80 434.954 16.6894 8 2 0.0888672 0 0.0047784
81 435.149 13.9064 7 2 0.0634766 0 0.00474965
82 435.127 15.1117 7 2 0.078125 0 0.00468551
83 435.151 16.833 8 2 0.0830078 0 0.00467068
84 435.149 14.8666 8 2 0.0732422 0 0.0046013
85 435.151 13.5373 7 2 0.0634766 0 0.00460369
86 435.149 17.7172 8 2 0.0878906 0 0.00480357
87 1008.21 14.5036 8 3 0.0634766 0 0.00471521
88 435.149 16.0615 8 2 0.0810547 0 0.00474082
89 435.151 16.3229 8 2 0.0771484 0 0.00472218
90 435.053 15.5625 8 2 0.0791016 0 0.00477723
91 435.151 16.2054 8 2 0.0820312 0 0.00475416
92 435.151 16.5176 8 2 0.0849609 0 0.00480767
93 435.127 15.4805 8 2 0.0751953 0 0.00471003
94 434.954 16.374 8 2 0.0849609 0 0.00480775
95 435.151 17.0358 8 2 0.0830078 0 0.00478086
96 435.127 19.7693 8 2 0.105469 0 0.00478047
97 1843.9 20.6107 8 4 0.0976562 0 0.00479577
98 435.149 16.1816 8 2 0.078125 0 0.00486113
99 435.149 15.4455 8 2 0.0751953 0 0.00473752
100 435.117 16.6787 8 2 0.0878906 0 0.00480401
101 434.954 16.7995 8 2 0.0917969 0 0.00485803
102 435.151 17.839 8 2 0.0878906 0 0.00482511
103 435.127 17.8073 8 2 0.09375 0 0.00483833
104 435.151 16.127 8 2 0.0742188 0 0.00471846
105 435.127 18.0248 8 2 0.0996094 0 0.00471981
106 435.151 17.0858 8 2 0.0898438 0 0.0047522
107 1843.9 21.9373 8 4 0.118164 0 0.00481544
108 435.127 17.6857 8 2 0.0927734 0 0.00474521
109 1008.92 20.7037 8 3 0.107422 0 0.00487623
110 1009.59 18.324 8 3 0.0878906 0 0.00482438
111 435.149 17.8427 8 2 0.0927734 0 0.00477564
112 435.127 18.7297 8 2 0.0966797 0 0.00482014
113 435.149 19.6597 8 2 0.0976562 0 0.00502414
114 435.151 19.4076 8 2 0.0996094 0 0.00486
115 435.151 19.247 8 2 0.0986328 0 0.0049534
116 435.149 19.2754 8 2 0.0996094 0 0.00510449
117 435.151 18.8028 8 2 0.0976562 0 0.00492033
118 1008.92 20.9125 8 3 0.102539 0 0.00501038
119 435.127 19.5777 9 2 0.103516 0 0.00505422
120 435.053 22.2246 9 2 0.126953 0 0.00505311
121 435.127 19.3305 8 2 0.0908203 0 0.00523106
122 435.149 20.9419 9 2 0.104492 0 0.00539217
123 435.151 23.161 9 2 0.109375 0 0.00537672
124 1007.46 23.1246 9 3 0.101562 0 0.00533663
125 1008.92 25.0436 9 3 0.110352 0 0.00567537
126 1002.23 26.4053 9 3 0.103516 0 0.0060061
127 435.127 28.9557 9 2 0.104492 0 0.00656627
128 1000.23 37.0895 11 3 0.119141 0 0.00743378
129 1007.46 49.9031 13 3 0.140625 0 0.00909178
130 1009.59 56.1178 18 3 0.131836 0 0.0104977
131 435.076 66.8356 101 2 0.12207 0 0.0120439
132 1006.68 74.7363 101 3 0.114258 0 0.0136447
133 987.443 77.3107 101 3 0.105469 0 0.0137185
134 435.149 81.2573 101 2 0.126953 0 0.014206
135 2906.93 84.4343 101 5 0.126953 0 0.0139348
136 1004.99 81.7819 101 3 0.123047 0 0.0140243
137 435.151 82.019 101 2 0.125977 0 0.0143894
138 1011.78 86.3725 101 3 0.132812 0 0.0150326
139 435 78.8887 101 2 0.112305 0 0.014258
140 435.151 81.695 101 2 0.12793 0 0.0141549
141 435.151 84.945 101 2 0.119141 0 0.0147504
142 435.117 80.2782 101 2 0.123047 0 0.0141821
143 1842.49 84.0445 101 4 0.126953 0 0.0143366
144 1832.91 82.733 101 4 0.113281 0 0.015298
145 988.72 81.5974 101 3 0.115234 0 0.0147941
146 435.151 79.2078 101 2 0.0947266 0 0.0147927
147 435.149 82.5149 101 2 0.135742 0 0.014
148 1003.18 82.9866 101 3 0.104492 0 0.0146868
149 435.151 83.5855 101 2 0.126953 0 0.0148813
150 997.036 83.6078 101 3 0.12207 0 0.0147691
151 435.149 84.7821 101 2 0.108398 0 0.0151886
152 1012.18 83.1972 101 3 0.115234 0 0.0147981
153 1003.18 86.7286 101 3 0.125 0 0.0144399
154 435.076 79.247 101 2 0.109375 0 0.0143808
155 435.076 82.4312 101 2 0.0947266 0 0.0150016
156 435.151 81.3201 101 2 0.104492 0 0.0147379
157 435.151 83.6765 101 2 0.114258 0 0.0147765
158 435.151 83.3398 101 2 0.107422 0 0.0148427
159 435.149 87.6484 101 2 0.139648 0 0.0151779
160 435.151 82.0533 101 2 0.125 0 0.0144904
161 435.151 87.207 101 2 0.149414 0 0.014828
162 435.149 81.2423 101 2 0.118164 0 0.0147569
163 435.149 82.9161 101 2 0.106445 0 0.014657
164 435.151 85.9619 101 2 0.142578 0 0.0149148
165 435.149 85.2885 101 2 0.118164 0 0.0148063
166 435.149 81.6947 101 2 0.0996094 0 0.0150721
167 1000.23 81.8454 101 3 0.118164 0 0.0143695
168 435.149 84.7881 101 2 0.130859 0 0.0152749
169 435.151 85.0624 101 2 0.131836 0 0.014686
170 1010.79 86.1632 101 3 0.119141 0 0.0149214
171 435.076 82.7919 101 2 0.119141 0 0.0146548
172 435.149 83.931 101 2 0.130859 0 0.0145001
173 435.151 80.1071 101 2 0.120117 0 0.0140888
174 1003.18 81.8538 101 3 0.110352 0 0.0143954
175 1011.78 85.3596 101 3 0.107422 0 0.0152832
176 435.149 83.6664 101 2 0.105469 0 0.0152671
177 435.151 86.5217 101 2 0.12207 0 0.0156047
178 435.151 85.7117 101 2 0.125 0 0.0154729
179 435.127 85.4393 101 2 0.117188 0 0.0149337
180 979.358 84.5173 101 3 0.12207 0 0.0147781
181 435.151 86.1632 101 2 0.12793 0 0.0153346
182 435.149 86.6292 101 2 0.124023 0 0.0151613
183 1002.23 86.3081 101 3 0.119141 0 0.0152075
184 435.149 88.861 101 2 0.123047 0 0.0151368
185 1008.92 87.959 101 3 0.121094 0 0.0151556
186 998.128 88.3113 101 3 0.134766 0 0.0151705
187 435.151 87.069 101 2 0.12793 0 0.0150312
188 435.149 86.0038 101 2 0.111328 0 0.0156663
189 1001.24 86.8921 101 3 0.120117 0 0.015219
190 991.21 86.6612 101 3 0.114258 0 0.0153012
191 435.149 88.9325 101 2 0.124023 0 0.0152981
192 1011.31 94.0513 101 3 0.139648 0 0.015603
193 1005.85 89.4653 101 3 0.137695 0 0.0151971
194 435.151 83.5929 101 2 0.106445 0 0.0151456
195 992.422 89.0198 101 3 0.115234 0 0.0157838
196 435.151 84.9367 101 2 0.114258 0 0.0151921
197 435.151 89.0519 101 2 0.133789 0 0.0154714
198 999.194 87.3761 101 3 0.126953 0 0.0152795
199 435.151 85.8904 101 2 0.109375 0 0.0152089
200 435.151 87.3814 101 2 0.116211 0 0.0157338
201 1003.18 88.1757 101 3 0.116211 0 0.0151506
202 435.151 84.6841 101 2 0.0966797 0 0.015588
203 435.151 88.5966 101 2 0.115234 0 0.015679
204 435.149 89.4849 101 2 0.115234 0 0.0153555
205 435.151 86.3062 101 2 0.125977 0 0.0151704
206 435.151 86.9524 101 2 0.118164 0 0.0154685
207 435.151 87.0598 101 2 0.129883 0 0.0148982
208 435.127 88.1497 101 2 0.128906 0 0.0154638
209 998.128 88.6629 101 3 0.133789 0 0.0151331
210 435.151 86.1189 101 2 0.120117 0 0.0154813
211 435.151 88.036 101 2 0.129883 0 0.0152026
212 435.151 89.2074 101 2 0.137695 0 0.0155711
213 1005.85 86.233 101 3 0.101562 0 0.0152105
214 435.151 86.246 101 2 0.121094 0 0.0155508
215 435.127 88.337 101 2 0.123047 0 0.0158766
216 435.151 88.2855 101 2 0.121094 0 0.0152731
217 435.151 91.0223 101 2 0.12793 0 0.0159462
218 435.151 87.474 101 2 0.106445 0 0.0164573
219 1004.1 90.143 101 3 0.128906 0 0.0160666
220 435.151 89.3664 101 2 0.120117 0 0.0162048
221 435.151 87.4408 101 2 0.117188 0 0.0161728
222 435.117 90.532 101 2 0.125 0 0.0159231
223 1007.46 92.8547 101 3 0.150391 0 0.0151911
224 989.976 89.6727 101 3 0.131836 0 0.0157821
225 1008.92 93.5143 101 3 0.147461 0 0.0157308
226 435.151 87.4117 101 2 0.132812 0 0.0161356
227 435.151 89.5148 101 2 0.147461 0 0.015191
228 1008.92 90.3444 101 3 0.139648 0 0.0156061
229 435.151 91.5919 101 2 0.121094 0 0.0156274
230 435.151 90.4974 101 2 0.132812 0 0.0154503
231 1011.78 92.392 101 3 0.15332 0 0.0156046
232 1004.99 91.6257 101 3 0.143555 0 0.0160606
233 966 90.1308 101 3 0.143555 0 0.0161558
234 435.149 90.0231 101 2 0.134766 0 0.0159451
235 1001.24 91.0099 101 3 0.132812 0 0.0161791
236 435.151 90.4169 101 2 0.140625 0 0.0155293
237 972.108 88.897 101 3 0.120117 0 0.0158126
238 1836.29 93.5229 101 4 0.139648 0 0.0157923
239 435.151 91.4511 101 2 0.141602 0 0.015824
240 435.127 88.8315 101 2 0.129883 0 0.0156763
241 1005.85 94.9032 101 3 0.117188 0 0.016478
242 435.151 90.9055 101 2 0.139648 0 0.0155145
243 435.151 89.9855 101 2 0.130859 0 0.0157306
244 1823.71 94.728 101 4 0.128906 0 0.0160798
245 1007.46 91.5859 101 3 0.125977 0 0.0157407
246 1009.59 91.1828 101 3 0.107422 0 0.016252
247 435.127 91.9874 101 2 0.120117 0 0.0163501
248 435 92.265 101 2 0.117188 0 0.0160175
249 999.194 93.9673 101 3 0.125 0 0.0160935
250 1006.68 92.582 101 3 0.125977 0 0.0161954
251 912.851 89.5043 101 3 0.125977 0 0.0159292
252 999.194 94.9354 101 3 0.146484 0 0.0157679
253 435.151 97.377 101 2 0.140625 0 0.0163897
254 1005.85 95.7761 101 3 0.143555 0 0.0161388
255 435.151 97.0624 101 2 0.154297 0 0.015996
256 1001.24 94.8684 101 3 0.142578 0 0.0161367
257 435.151 95.0132 101 2 0.150391 0 0.0160902
258 435.127 92.7679 101 2 0.126953 0 0.0161823
259 435.151 94.382 101 2 0.129883 0 0.0164147
260 435.151 94.0808 101 2 0.150391 0 0.0157913
261 1004.1 98.3799 101 3 0.164062 0 0.0160279
262 1006.68 92.5935 101 3 0.116211 0 0.0158945
263 1005.85 93.6602 101 3 0.145508 0 0.0159593
264 435.127 91.0201 101 2 0.141602 0 0.015698
265 1004.99 96.1275 101 3 0.149414 0 0.0163753
266 1007.46 95.5055 101 3 0.133789 0 0.0166106
267 1010.21 92.8949 101 3 0.132812 0 0.0157473
268 435.151 93.2037 101 2 0.144531 0 0.0155845
269 991.21 96.7119 101 3 0.166016 0 0.0158137
270 2915.92 95.9897 101 5 0.147461 0 0.0158766
271 435.151 96.3901 101 2 0.155273 0 0.0161392
272 435.117 91.1623 101 2 0.143555 0 0.0158367
273 1004.99 92.2316 101 3 0.139648 0 0.0158888
274 1010.21 95.3678 101 3 0.137695 0 0.015818
275 435.151 93.904 101 2 0.160156 0 0.0158332
276 435.149 95.8889 101 2 0.167969 0 0.0162221
277 435.149 94.2588 101 2 0.142578 0 0.0158696
278 1793.4 97.1841 101 4 0.168945 0 0.0162606
279 1752.35 96.3743 101 4 0.166016 0 0.0157514
280 1009.59 99.3954 101 3 0.197266 0 0.0157356
281 966 101.071 101 3 0.199219 0 0.0156604
282 1005.85 94.4735 101 3 0.160156 0 0.0155904
283 1005.85 96.2146 101 3 0.19043 0 0.0160207
284 435.149 93.0897 101 2 0.142578 0 0.0161072
285 980.754 93.5497 101 3 0.165039 0 0.0153096
286 999.194 97.3838 101 3 0.183594 0 0.0159912
287 998.128 98.8015 101 3 0.189453 0 0.0155405
288 904.916 92.943 101 3 0.163086 0 0.0155594
289 1007.46 98.6447 101 3 0.194336 0 0.0154327
290 1011.78 94.9475 101 3 0.176758 0 0.0153542
291 435.151 94.726 101 2 0.176758 0 0.0153587
292 1002.23 96.4338 101 3 0.196289 0 0.0154784
293 1008.92 98.4449 101 3 0.201172 0 0.0157581
294 995.918 100.148 101 3 0.205078 0 0.0159275
295 1008.21 99.3001 101 3 0.194336 0 0.0161296
296 1001.24 99.7046 101 3 0.195312 0 0.0157929
297 1811.47 96.557 101 4 0.177734 0 0.0156905
298 1831.15 107.208 101 4 0.230469 0 0.0156389
299 1011.31 102.363 101 3 0.223633 0 0.0158498
300 1004.1 100.231 101 3 0.229492 0 0.0150878
301 1009.59 100.269 101 3 0.222656 0 0.0156566
302 999.194 98.2499 101 3 0.213867 0 0.015088
303 1841.02 100.153 101 4 0.228516 0 0.0155394
304 1001.24 99.1638 101 3 0.22168 0 0.015079
305 1757.8 103.971 101 4 0.255859 0 0.0151526
306 1004.99 98.3559 101 3 0.226562 0 0.0153131
307 994.777 100.373 101 3 0.243164 0 0.0145551
308 1003.18 103.277 101 3 0.27832 0 0.0143384
309 989.976 101.827 101 3 0.261719 0 0.0146494
310 998.128 98.9902 101 3 0.25 0 0.0144789
311 2727.49 113.975 101 5 0.307617 0 0.0147188
312 1827.51 108.474 101 4 0.287109 0 0.0147341
313 1006.68 108.466 101 3 0.311523 0 0.0145647
314 1825.63 108.26 101 4 0.299805 0 0.0145206
315 1823.71 109.35 101 4 0.300781 0 0.0143021
316 1010.79 110.962 101 3 0.299805 0 0.0141039
317 1011.78 112.404 101 3 0.324219 0 0.0145103
318 2682.21 106.363 101 5 0.295898 0 0.0141354
319 1011.78 105.682 101 3 0.319336 0 0.0145029
320 1798.09 108.188 101 4 0.333984 0 0.0138231
321 1006.68 105.172 101 3 0.3125 0 0.0140335
322 1795.76 115.063 101 4 0.348633 0 0.0141325
323 1809.31 102.372 101 4 0.306641 0 0.0138868
324 2799.41 114.951 101 5 0.357422 0 0.0135994
325 2826.95 118.995 101 5 0.379883 0 0.0133481
326 1795.76 111.909 101 4 0.359375 0 0.0133875
327 1741.21 120.996 101 4 0.390625 0 0.0134246
328 4298.58 113.987 101 6 0.374023 0 0.0131642
329 1847.77 116.427 101 4 0.393555 0 0.0131975
330 1839.49 118.296 101 4 0.390625 0 0.0137884
331 4176.45 121.247 101 6 0.414062 0 0.0136082
332 4145.5 124.541 101 6 0.40332 0 0.0138098
333 2639.78 123.204 101 5 0.433594 0 0.0130737
334 1831.15 122.833 101 4 0.452148 0 0.0131254
335 4215.78 136.777 101 6 0.46875 0 0.0128011
336 2891.12 130.649 101 5 0.481445 0 0.0125672
337 5873.39 141.157 101 7 0.532227 0 0.0118937
338 2811.38 143.519 101 5 0.544922 0 0.0120371
339 2881.17 136.096 101 5 0.507812 0 0.0121895
340 4091.41 147.136 101 6 0.5625 0 0.012196
341 2783.1 152.843 101 5 0.554688 0 0.0123732
342 5842.69 155.434 101 7 0.581055 0 0.0117687
343 2849.48 154.34 101 5 0.610352 0 0.0117194
344 4171.38 153.01 101 6 0.608398 0 0.0111959
345 5315.79 171.284 101 7 0.652344 0 0.0114676
346 2860.33 170.931 101 5 0.672852 0 0.0117127
347 4220.53 183.422 101 6 0.702148 0 0.011647
348 2894.36 177.221 101 5 0.702148 0 0.0117703
349 4161.13 170.308 101 6 0.681641 0 0.0107338
350 3980.98 187.204 101 6 0.722656 0 0.0112755
351 4034.46 181.209 101 6 0.734375 0 0.0107486
352 2791.31 172.149 101 5 0.731445 0 0.0109152
353 4051.83 191.033 101 6 0.773438 0 0.0107568
354 2849.48 173.756 101 5 0.71582 0 0.0101891
355 4181.49 200.942 106.306 6 0.804688 1 0.0103968
356 5758.13 203.212 106.306 7 0.817383 1 0.0101407
357 4186.5 194.278 101 6 0.774414 0 0.00979316
358 4215.78 219.476 106.306 6 0.844727 1 0.0106475
359 4057.57 206.353 107.538 6 0.839844 1 0.0102103
360 9606.16 252.489 109.275 9 0.928711 1 0.0105313
361 5836.42 225.046 106.93 7 0.853516 1 0.00995875
362 7485.47 221.991 107.538 8 0.861328 1 0.00998621
363 9975.87 255.713 108.13 9 0.90332 1 0.0102385
364 5879.4 230.55 109.829 7 0.904297 1 0.0100494
365 5771.56 276.112 109.829 7 0.986328 1 0.0100198
366 12571.1 282.463 110.371 10 1.00586 1 0.0102143
367 5594.12 253.093 111.937 7 0.990234 1 0.00976036
368 5902.97 270.689 108.709 7 0.952148 1 0.0103244
369 4176.45 241.299 109.829 6 0.946289 1 0.00993562
370 7777.57 280.815 111.425 8 1.01562 1 0.0100468
371 15728.2 289.471 111.425 11 1.01465 1 0.0101871
372 4239.12 267.577 111.425 6 1.0166 1 0.0101795
373 4239.12 266.612 111.425 6 1.02441 1 0.0101242
374 7531.03 272.507 109.829 8 0.974609 1 0.0099236
375 9583.16 288.779 110.903 9 1.02734 1 0.0106345
376 7704.53 274.751 110.371 8 0.993164 1 0.0102762
377 5609.03 275.14 111.425 7 1.02344 1 0.0105246
378 20441.6 308.608 113.897 12 1.08203 1 0.0105519
379 5717 299.363 112.934 7 1.09766 1 0.0102374
380 4113.41 278.94 111.937 6 1.03516 1 0.0100937
381 4234.53 308.943 114.828 6 1.13184 1 0.0107313
382 5667.5 329.178 113.419 7 1.12402 1 0.0105703
383 7391.97 348.722 113.897 8 1.17871 1 0.0105545
384 5744.56 307.045 114.828 7 1.10449 1 0.0107728
385 20727.4 358.646 112.44 12 1.1377 1 0.010782
386 5830.11 322.614 113.419 7 1.12891 1 0.010662
387 7557.96 321.633 112.44 8 1.09961 1 0.0110454
388 7619.6 323.505 113.419 8 1.13574 1 0.0109341
389 12333.8 342.968 114.366 10 1.16602 1 0.0113281
390 9986.08 370.764 113.419 9 1.17188 1 0.0113846
391 9860.89 353.191 115.282 9 1.19629 1 0.0111187
392 16699.1 393.692 114.828 11 1.23242 1 0.0116252
393 8996.05 358.946 116.603 9 1.24219 1 0.0114263
394 9663.07 384.208 114.828 9 1.2373 1 0.0113653
395 12043 369.043 115.282 10 1.21875 1 0.0120906
396 12440.7 394.959 116.603 10 1.28809 1 0.011721
397 11942.9 391.081 116.603 10 1.27246 1 0.0118703
398 9606.16 399.253 116.17 9 1.24707 1 0.0117412
399 11971.7 371.781 116.603 10 1.25293 1 0.0120354
400 9763.41 419.458 116.17 9 1.30176 1 0.0120711
401 38121.8 457.858 118.675 14 1.3584 1 0.0115213
402 9860.89 439.29 118.675 9 1.33496 1 0.0120242
403 12867.6 420.137 117.45 10 1.31445 1 0.0114965
404 18839.3 474.366 116.603 12 1.36523 1 0.0118725
405 27807.9 444.694 119.071 13 1.37109 1 0.0120379
406 12506.4 511.864 129.493 10 1.47559 1 0.0120501
407 16430.4 488.911 123.746 11 1.41406 1 0.0128686
408 9965.62 441.869 118.273 9 1.3418 1 0.0124651
409 15287.8 485.801 123.746 11 1.4502 1 0.0120142
410 57954.9 538.617 121.334 15 1.44434 1 0.012526
411 15519.2 536.969 136.624 11 1.52539 1 0.0132998
412 13028.7 501.661 125.024 10 1.47363 1 0.012317
413 39757.4 546.214 121.693 14 1.46289 1 0.0127854
414 20656.9 497.689 123.08 12 1.43359 1 0.0135887
415 57686.9 608.674 123.746 15 1.54004 1 0.0127129
416 14806.8 577.088 124.394 11 1.51562 1 0.0130686
417 94349.7 610.396 127.93 16 1.48535 1 0.0129264
418 299445 931.043 124.711 18 1.60059 1 0.0131763
419 55652.2 862.429 136.764 15 1.71191 1 0.013503
420 297099 1008.51 125.938 18 1.67676 1 0.0132394
421 95567.9 1314.76 138.03 16 1.98145 1 0.0148727
422 298754 1869.78 370.936 18 2.42773 2 0.0161739
423 94697.7 1995.59 425.352 16 2.7373 2 0.0162564
424 2.14645e+06 3882.65 426.375 21 2.74805 2 0.0172199
425 300052 2628.91 432.209 18 3.00098 2 0.0182789
426 163635 2396.5 433.114 17 3.00391 2 0.0183391
427 566594 3011.92 433.114 19 3.09766 2 0.0192672
428 163570 2666.31 434.412 17 3.26562 2 0.018747
429 1.09317e+06 4742.52 746.805 20 3.4043 3 0.0191709
430 2.14681e+06 8746.72 433.637 21 3.37305 2 0.0199638
431 2.14906e+06 7472.45 774.992 21 3.47949 3 0.0185622
432 1.09189e+06 5148.76 432.828 20 3.28516 2 0.01928
433 299411 3544.69 433.384 18 3.2002 2 0.0176256
434 299918 3245.38 434.093 18 3.2832 2 0.0181347
435 564182 4660.6 432.526 19 3.22949 2 0.01884
436 2.14821e+06 8955.14 435.149 21 3.58398 2 0.0192933
437 3.36282e+07 43619.5 687.856 25 3.66992 3 0.0196655
438 4.25066e+06 19962 816.724 22 4.16797 3 0.0212285
439 3.36307e+07 104655 969.087 25 4.31055 3 0.0208162
440 1.343e+08 274711 946.193 27 4.37305 3 0.0213717
441 2.14791e+06 18095.1 954.703 21 4.47754 3 0.0219073
442 8.45102e+06 63783 966 23 4.31348 3 0.0222183
443 3.36262e+07 75796 983.489 25 4.68066 3 0.0228086
444 6.71919e+07 96925.3 953.029 26 4.39844 3 0.022112
445 3.36218e+07 129095 900.883 25 4.5459 3 0.0221592
446 6.71912e+07 283686 980.754 26 4.81543 3 0.0238303
447 6.71821e+07 147884 983.489 26 4.67676 3 0.0226171
448 1.34302e+08 276795 794.917 27 4.32617 3 0.0224001
449 2.68526e+08 687073 811.935 28 4.28516 3 0.0214516
450 5.36972e+08 577958 972.108 29 4.61328 3 0.0219132
451 2.68523e+08 324092 958.006 28 4.56055 3 0.0222902
452 2.68526e+08 544599 946.193 28 4.53027 3 0.0195968
453 5.36972e+08 998195 811.935 29 4.45898 3 0.0204446
454 1.34307e+08 330294 807.113 27 4.26465 3 0.0204135
455 2.68521e+08 506682 964.432 28 4.59082 3 0.0217421
456 1.34307e+08 289379 835.544 27 4.2998 3 0.0211141
457 1.07385e+09 1.56718e+06 811.935 30 4.61914 3 0.0212014
458 5.36966e+08 1.00442e+06 794.917 29 4.41113 3 0.0212024
459 5.36964e+08 1.43634e+06 982.131 29 4.93945 3 0.0225283
460 5.36969e+08 1.21033e+06 972.108 29 4.9043 3 0.0223259
461 2.68527e+08 1.53227e+06 954.703 28 4.82422 3 0.0226804
462 5.3697e+08 1.67834e+06 842.458 29 4.7959 3 0.0221283
463 2.14759e+09 3.11501e+06 809.528 31 4.77539 3 0.021365
464 5.36973e+08 1.59947e+06 759.728 29 4.35742 3 0.0215082
465 2.68529e+08 1.21181e+06 802.259 28 4.48145 3 0.0218057
466 1.07385e+09 2.0105e+06 754.581 30 4.43457 3 0.0210957
467 2.68529e+08 1.21555e+06 933.708 28 4.41113 3 0.0211192
468 4.29509e+09 4.59033e+06 956.362 32 4.66309 3 0.0215715
469 2.1476e+09 3.19384e+06 1429.04 31 5.34277 4 0.0216874
470 1.07385e+09 3.46938e+06 1328.79 30 5.84863 4 0.024259
471 1.07385e+09 3.78533e+06 1429.04 30 5.9873 4 0.0244909
472 2.68523e+08 1.72432e+06 1441.16 28 5.87988 4 0.0244243
473 4.29509e+09 1.24581e+07 1465.13 32 5.80566 4 0.0249398
474 5.3697e+08 2.36235e+06 1465.13 29 5.81543 4 0.0241935
475 2.14759e+09 4.95874e+06 1227.69 31 5.87891 4 0.0256499
476 5.36971e+08 2.53087e+06 1041.33 29 5.70801 4 0.0252392
477 1.07384e+09 5.39236e+06 1404.51 30 5.8916 4 0.0258242
478 4.29509e+09 1.10742e+07 994.777 32 5.79297 3 0.0249191
479 1.07384e+09 4.11696e+06 1445.18 30 5.48438 4 0.0247326
480 1.07384e+09 3.43431e+06 986.145 30 5.35254 3 0.025168
481 5.36978e+08 2.88715e+06 1001.24 29 5.69531 3 0.025913
482 5.36972e+08 1.85649e+06 1001.24 29 5.57031 3 0.0258075
483 2.14759e+09 4.22356e+06 939.138 31 5.45117 3 0.0260393
484 5.36962e+08 1.50268e+06 1345.88 29 5.83984 4 0.0262449
485 1.07384e+09 3.221e+06 966 30 5.40723 3 0.0261293
486 4.29508e+09 7.10456e+06 928.165 32 5.5752 3 0.02609
487 2.14759e+09 5.70981e+06 821.48 31 5.20703 3 0.0266209
488 2.68526e+08 1.001e+06 757.158 28 4.79004 3 0.024704
489 2.1476e+09 4.53895e+06 956.362 31 5.2998 3 0.0259504
490 2.1476e+09 3.73015e+06 1400.38 31 5.80176 4 0.0269988
491 4.29509e+09 5.21194e+06 949.639 32 5.50098 3 0.0269435
492 2.68527e+08 1.35153e+06 816.724 28 5.53027 3 0.0286044
493 5.36961e+08 1.45098e+06 787.503 29 5.05762 3 0.0257882
494 1.07384e+09 2.80112e+06 794.917 30 5.1748 3 0.0262207
495 2.14759e+09 5.99894e+06 998.128 31 5.54297 3 0.0271417
496 2.14759e+09 3.58579e+06 976.512 31 5.55957 3 0.0271386
497 4.29508e+09 8.98648e+06 1461.16 32 6.26855 4 0.0285751
498 8.59005e+09 1.29739e+07 1400.38 33 6.36719 4 0.0292693
499 1.07385e+09 4.8948e+06 1480.89 30 6.47949 4 0.0281611
500 1.718e+10 2.23606e+07 1420.9 34 6.12305 4 0.0285183
501 2.14759e+09 5.40547e+06 1723.91 31 6.86035 4 0.0298245
502 2.1476e+09 6.75849e+06 1492.6 31 6.55664 4 0.0309208
503 8.59005e+09 1.24962e+07 1791.02 33 6.77441 4 0.0302628
504 5.49756e+11 5.64606e+08 2090.46 39 7.05762 5 0.0306519
505 1.718e+10 2.61412e+07 2529.99 34 7.60449 5 0.0317025
506 8.59006e+09 2.0069e+07 1437.13 33 6.53613 4 0.0290637
507 4.29509e+09 1.28297e+07 1832.91 32 7.26855 4 0.0306273
508 4.29509e+09 2.30891e+07 1800.39 32 7.2002 4 0.0304061
509 4.29508e+09 1.35315e+07 1763.17 32 7.03418 4 0.0306608
510 8.59005e+09 1.32628e+07 1771.04 33 6.72852 4 0.0290591
511 1.718e+10 2.26926e+07 1453.19 34 6.24707 4 0.0301097
512 3.43599e+10 3.94613e+07 1285.41 35 5.98926 4 0.0280401
513 1.718e+10 3.88077e+07 794.917 34 6.03125 3 0.0282761
514 2.68526e+08 1.86487e+06 914.806 28 5.76953 3 0.0276502
515 2.1476e+09 1.11366e+07 944.449 31 5.9043 3 0.0275792
516 8.59007e+09 2.01351e+07 780.02 33 5.5 3 0.0275617
517 4.29508e+09 2.32484e+07 966 32 6.24609 3 0.0285769
518 1.718e+10 3.58158e+07 937.341 34 6.29297 3 0.0290074
519 1.718e+10 2.75671e+07 842.458 34 6.20898 3 0.0282771
520 2.74878e+11 2.86625e+08 1416.82 38 7.06934 4 0.0303682
521 8.59006e+09 2.07636e+07 976.512 33 6.50391 3 0.0309182
522 4.29508e+09 1.76617e+07 869.3 32 6.40039 3 0.0305466
523 2.74878e+11 3.14057e+08 940.922 38 6.95508 3 0.0317753
524 1.718e+10 6.58883e+07 1387.95 34 7.57227 4 0.0332771
525 1.718e+10 4.49041e+07 1500.35 34 7.52637 4 0.0327763
526 6.87196e+10 1.32618e+08 1302.87 36 7.25684 4 0.0324644
527 6.87196e+10 1.56412e+08 2034.36 36 8.16699 5 0.0339144
528 1.37439e+11 1.85762e+08 2163.86 37 8.26562 5 0.0351072
529 3.43599e+10 1.22837e+08 2682.21 35 8.81055 5 0.0372001
530 3.43599e+10 6.34945e+07 2985.91 35 8.92676 6 0.0359108
531 8.59006e+09 3.91386e+07 1800.39 33 8.37793 4 0.035618
532 6.87196e+10 1.82599e+08 2351.18 36 8.80176 5 0.0351939
533 3.43599e+10 1.13332e+08 2181.95 35 8.2041 5 0.0339345
534 8.59006e+09 8.93555e+07 4480.86 33 9.63477 7 0.037265
535 6.87196e+10 1.27494e+08 4118.83 36 9.57617 6 0.0364459
536 3.43599e+10 1.39231e+08 5890.45 35 9.8877 8 0.0390643
537 6.87196e+10 1.76961e+08 4727.44 36 9.38477 7 0.0363903
538 1.718e+10 6.14114e+07 3454.42 34 8.87207 6 0.0375195
539 3.43599e+10 1.37686e+08 4080.24 35 9.65332 6 0.0366445
540 3.43599e+10 9.14022e+07 3931.8 35 9.61328 6 0.0393875
541 6.87196e+10 2.43404e+08 4091.41 36 9.73145 6 0.0369004
542 1.718e+10 1.4888e+08 3431.79 34 9.67578 6 0.0369821
543 1.09951e+12 1.30647e+09 3658.56 40 9.7207 6 0.0386055
544 6.87196e+10 1.92288e+08 7382.45 36 10.959 8 0.0394991
545 2.74878e+11 6.73284e+08 3950.42 38 9.74512 6 0.0370145
546 1.09951e+12 1.27629e+09 6184.52 40 10.373 8 0.0390712
547 3.43599e+10 1.54708e+08 6409.96 35 10.5381 8 0.0384782
548 3.43599e+10 1.48094e+08 4440.48 35 10.0488 7 0.0381155
549 1.37439e+11 2.71158e+08 5324.16 37 9.80957 7 0.0383716
550 2.74878e+11 5.35947e+08 5571.53 38 9.95508 7 0.0379112
551 5.49756e+11 9.24169e+08 4155.95 39 9.72852 6 0.038676
552 6.87196e+10 2.36015e+08 4016.86 36 9.36719 6 0.0368516
553 6.87196e+10 2.07601e+08 4107.95 36 9.63867 6 0.0371431
554 3.43599e+10 1.45508e+08 4046.07 35 9.55664 6 0.0357354
555 6.87196e+10 1.9947e+08 4124.23 36 9.35254 6 0.0360603
556 2.74878e+11 5.42609e+08 4954.15 38 9.79297 7 0.0377405
557 1.37439e+11 4.89613e+08 5470.78 37 10.1152 7 0.0376945
558 6.87196e+10 2.09876e+08 4113.41 36 9.5752 6 0.0367738
559 2.74878e+11 5.00948e+08 4124.23 38 9.63867 6 0.0390536
560 6.87196e+10 2.46755e+08 7382.45 36 10.7148 8 0.0404013
561 3.43599e+10 1.45971e+08 4130 35 9.80469 7 0.0376413
562 2.74878e+11 5.65949e+08 5430.85 38 10.2041 7 0.0380353
563 1.09951e+12 1.15496e+09 3842.3 40 9.28809 6 0.0389756
564 2.74878e+11 5.38556e+08 10337.1 38 11.4756 10 0.039719
565 5.49756e+11 7.91154e+08 8625.94 39 11.1895 9 0.0399797
566 1.37439e+11 3.22935e+08 7295.47 37 10.7539 8 0.0392623
567 5.49756e+11 8.05362e+08 4785.07 39 9.65527 7 0.0354144
568 6.87196e+10 3.86991e+08 7980.3 36 10.624 9 0.0389768
569 2.74878e+11 8.4135e+08 5623.83 38 10.4004 7 0.0390759
570 1.37439e+11 6.19617e+08 3974.91 37 9.90332 6 0.0373296
571 1.37439e+11 4.48865e+08 5688.91 37 9.83789 7 0.037395
572 3.43599e+10 1.97003e+08 8625.94 35 10.9229 9 0.0398601
573 2.74878e+11 6.41962e+08 5616.45 38 10.3594 7 0.0394052
574 3.43599e+10 3.03431e+08 7165.83 35 10.7686 8 0.0395515
575 2.74878e+11 7.44929e+08 7196.15 38 10.7285 8 0.0396704
576 2.74878e+11 1.99045e+09 10105.3 38 12.0811 9 0.0440211
577 2.19902e+12 3.21624e+09 11856 41 12.2354 10 0.0444172
578 1.09951e+12 2.15783e+09 21119.8 40 13.4756 12 0.0480152
579 2.19902e+12 3.68784e+09 25614.6 41 13.7432 13 0.047836
580 2.19902e+12 3.04622e+09 20441.6 41 13.6504 12 0.0479132
581 1.37439e+11 1.36028e+09 94668.9 37 16.0859 16 0.0548998
582 1.37439e+11 1.63824e+09 58684.3 37 15.541 15 0.0537951
583 1.09951e+12 2.22176e+09 39147.6 40 14.7383 14 0.0511627
584 1.37439e+11 1.14956e+09 161532 37 16.0293 17 0.0561696
585 2.74878e+11 2.29266e+09 92651.3 38 15.6074 16 0.0536752
586 1.09951e+12 3.27029e+09 161601 40 16.0332 17 0.0529011
587 2.74878e+11 1.20274e+09 95513 38 15.9014 16 0.0539988
588 5.49756e+11 1.7777e+09 57305.3 39 14.9932 15 0.0496451
589 5.49756e+11 2.63771e+09 57332.8 39 15.0723 15 0.0508254
590 2.74878e+11 1.98227e+09 58556.4 38 15.377 15 0.0518533
591 1.09951e+12 3.07272e+09 38620.9 40 14.7461 14 0.0506795
592 5.49756e+11 1.64058e+09 57954.9 39 14.998 15 0.0505325
593 5.49756e+11 1.70759e+09 36557.6 39 14.6221 14 0.04886
594 1.37439e+11 1.05375e+09 26982.1 37 13.9893 13 0.0471551
595 2.74878e+11 1.2769e+09 36999 38 14.3828 14 0.0503904
596 1.09951e+12 3.21173e+09 38597.6 40 14.6885 14 0.0510108
597 2.74878e+11 8.95648e+08 36478.8 38 14.2383 14 0.0497235
598 1.37439e+11 1.08504e+09 27444 37 13.9346 13 0.0473183
599 5.49756e+11 9.49954e+08 26809.7 39 13.9424 13 0.0501286
600 5.49756e+11 2.40509e+09 57767.7 39 15.1758 15 0.0513242
601 5.49756e+11 1.43578e+09 26458.5 39 13.9307 13 0.0491725
602 2.74878e+11 9.26764e+08 38480 38 14.4453 14 0.0511051
603 1.37439e+11 9.82166e+08 55828.3 37 14.5547 15 0.0520095
604 1.37439e+11 1.14333e+09 37730.6 37 14.1777 14 0.0524435
605 1.37439e+11 7.79064e+08 39778.5 37 14.7637 14 0.0509862
606 1.37439e+11 1.00494e+09 36134 37 14.2305 14 0.0510701
607 5.49756e+11 1.53439e+09 55740.4 39 14.8652 15 0.0518203
608 1.09951e+12 1.89237e+09 39192.3 40 14.8818 14 0.0543961
609 2.74878e+11 1.90928e+09 55087.2 38 15.4766 15 0.0540649
610 1.75922e+13 1.92915e+10 94726.4 44 16.2148 16 0.0556269
611 5.49756e+11 2.16518e+09 57387.7 39 15.4736 15 0.054711
612 5.49756e+11 2.32721e+09 57901.6 39 15.3389 15 0.0528687
613 5.49756e+11 3.07122e+09 55415.6 39 15.5186 15 0.0563326
614 5.49756e+11 1.92864e+09 39080.1 39 15.0713 14 0.0541271
615 2.74878e+11 1.55976e+09 55147.2 38 15.1396 15 0.0532426
616 2.74878e+11 1.14862e+09 38024.8 38 14.6914 14 0.0504542
617 4.39805e+12 5.77834e+09 57848.2 42 15.1631 15 0.0517722
618 4.39805e+12 6.28211e+09 164143 42 16.4316 17 0.0567169
619 2.74878e+11 1.15635e+09 57222.6 38 15.2197 15 0.0524847
620 1.37439e+11 1.68916e+09 156842 37 16.084 17 0.0544336
621 1.37439e+11 1.05435e+09 56776.2 37 15.0654 15 0.0540436
622 2.74878e+11 1.39398e+09 94055.2 38 15.6172 16 0.056292
623 2.19902e+12 3.37769e+09 90876.6 41 15.375 16 0.0534096
624 1.37439e+11 9.63676e+08 39170 37 14.7471 14 0.0551544
625 1.37439e+11 9.99656e+08 36346.8 37 14.6875 14 0.0527327
626 1.09951e+12 2.421e+09 59036.6 40 14.9355 15 0.0533093
627 5.49756e+11 1.54283e+09 93936.3 39 15.3809 16 0.0532156
628 5.49756e+11 2.47353e+09 162951 39 16.1758 17 0.0548402
629 1.09951e+12 4.02927e+09 162080 40 16.209 17 0.0546918
630 1.37439e+11 1.58205e+09 295823 37 16.4766 18 0.0560755
631 2.74878e+11 2.29172e+09 95291.9 38 15.9297 16 0.0558878
632 1.09951e+12 5.10734e+09 163214 40 16.2715 17 0.0560829
633 2.19902e+12 7.64167e+09 163699 41 16.5117 17 0.0577245
634 4.39805e+12 1.15917e+10 95236.1 42 15.7568 16 0.0589365
635 1.09951e+12 2.49686e+09 292376 40 16.375 18 0.056572
636 4.39805e+12 9.08889e+09 162885 42 16.6191 17 0.057142
637 2.19902e+12 5.65339e+09 94173.4 41 15.8574 16 0.0564512
638 3.51844e+13 3.91376e+10 92049.5 45 15.8223 16 0.0565212
639 2.19902e+12 5.4021e+09 295709 41 17.0625 18 0.0611281
640 1.09951e+12 3.87237e+09 93696.6 40 15.7227 16 0.0568662
641 4.39805e+12 7.95397e+09 55534.1 42 14.6611 15 0.0563349
642 5.49756e+11 4.16959e+09 87776.4 39 15.4404 16 0.0559191
643 1.09951e+12 5.76921e+09 38898.4 40 14.9746 14 0.0552692
644 2.19902e+12 4.12415e+09 20405.2 41 13.4717 12 0.0519398
645 1.75922e+13 2.25899e+10 37024.7 44 14.1787 14 0.0511423
646 5.49756e+11 4.30286e+09 165036 39 16.5215 17 0.0588558
647 4.39805e+12 6.50666e+09 93636.3 42 15.8984 16 0.0574722
648 4.39805e+12 1.14727e+10 59923.3 42 15.9609 15 0.0577071
649 2.74878e+11 1.88202e+09 35264.8 38 14.3418 14 0.0519226
650 2.19902e+12 5.45999e+09 57469.7 41 15.1787 15 0.0552697
651 1.09951e+12 4.66084e+09 92177.2 40 15.5566 16 0.054773
652 4.39805e+12 7.24119e+09 52369.7 42 15.0645 15 0.0571411
653 1.75922e+13 2.48638e+10 92525.7 44 16.1377 16 0.0574263
654 8.79609e+12 3.54342e+10 89458.2 43 16.1758 16 0.0578097
655 8.79609e+12 2.33596e+10 57901.6 43 15.8008 15 0.0581694
656 4.39805e+12 2.72063e+10 92494.1 42 15.792 16 0.0571467
657 2.19902e+12 1.29116e+10 56435.7 41 15.4844 15 0.055421
658 1.75922e+13 5.4777e+10 38145.9 44 15.001 14 0.0523718
659 1.09951e+12 8.09905e+09 39080.1 40 15.5127 14 0.0541229
660 7.03687e+13 1.04871e+11 57794.5 46 15.5625 15 0.0559795
661 1.75922e+13 3.01107e+10 28290.3 44 14.7168 13 0.051568
662 1.75922e+13 3.14011e+10 37581.5 44 14.8086 14 0.0525091
663 8.79609e+12 2.42373e+10 27627.6 43 14.5107 13 0.0527845
664 3.51844e+13 8.08935e+10 28690.1 45 14.6074 13 0.0507028
665 8.79609e+12 2.15583e+10 33180.4 43 14.4277 14 0.0520868
666 8.79609e+12 1.92658e+10 20295.1 43 13.877 12 0.0504909
667 1.40737e+14 1.44585e+11 14431.3 47 12.5312 11 0.0482208
668 2.19902e+12 1.09305e+10 12637.7 41 13.0283 11 0.0486721
669 4.39805e+12 1.13262e+10 13039.9 42 12.458 11 0.0454007
670 1.75922e+13 2.72988e+10 26874.6 44 14.0947 13 0.0509402
671 2.19902e+12 1.60468e+10 36557.6 41 15.3193 14 0.0531444
672 2.19902e+12 1.68954e+10 34396.1 41 14.8232 14 0.0544929
673 4.39805e+12 1.30193e+10 37705.8 42 15.0283 14 0.0567847
674 1.75922e+13 3.87211e+10 34110.6 44 15.0107 14 0.055742
675 8.79609e+12 3.01339e+10 37506.5 43 14.8779 14 0.0564655
676 1.09951e+12 8.91289e+09 38242.1 40 15.4697 14 0.0559144
677 8.79609e+12 2.10598e+10 27945.8 43 14.5342 13 0.0524059
678 2.19902e+12 1.94499e+10 39799.6 41 15.4258 14 0.0554557
679 3.51844e+13 6.70177e+10 37076 45 14.9766 14 0.0553136
680 1.75922e+13 3.25646e+10 37606.4 44 14.8125 14 0.0572271
681 2.19902e+12 1.13534e+10 20386.9 41 13.9561 12 0.0513151
682 2.19902e+12 7.03952e+09 37229 41 14.4697 14 0.0540499
683 1.75922e+13 3.03452e+10 27340.6 44 14.4863 13 0.0527275
684 4.39805e+12 2.03067e+10 35264.8 42 14.9561 14 0.0555861
685 3.51844e+13 5.52473e+10 23606.2 45 14.46 13 0.0567611
686 1.75922e+13 3.14684e+10 27647.8 44 14.6426 13 0.0539677
687 2.19902e+12 9.8362e+09 32973.7 41 15.1309 14 0.0585215
688 1.75922e+13 6.01901e+10 26076 44 14.3096 13 0.055262
689 4.39805e+12 3.04582e+10 20258.1 42 13.7949 12 0.0525262
690 1.75922e+13 2.91435e+10 24187.3 44 13.9229 13 0.0526202
691 2.19902e+12 1.16517e+10 19686.7 41 13.5498 12 0.0507603
692 2.19902e+12 1.47121e+10 24583.6 41 14.2617 13 0.0532268
693 1.09951e+12 1.01795e+10 23246.3 40 13.9697 13 0.0528142
694 2.19902e+12 4.89626e+09 25754.3 41 13.7979 13 0.0503729
695 2.19902e+12 1.25401e+10 18203.6 41 13.6064 12 0.0501409
696 2.19902e+12 8.80976e+09 15992.4 41 13.6377 11 0.0522637
697 8.79609e+12 2.08517e+10 14876.9 43 13.5234 11 0.0519445
698 1.09951e+12 6.04754e+09 19899.7 40 13.6338 12 0.0519502
699 4.39805e+12 1.32843e+10 20258.1 42 13.9873 12 0.0520252
700 4.39805e+12 1.86779e+10 28023.6 42 14.9912 13 0.0548043
701 1.09951e+12 9.15263e+09 25165.4 40 14.3936 13 0.05424
702 2.19902e+12 9.05871e+09 26591.2 41 14.291 13 0.0515695
703 2.19902e+12 1.08669e+10 35838.5 41 14.9756 14 0.0548907
704 1.09951e+12 8.27385e+09 36973.3 40 14.5098 14 0.0570561
705 4.39805e+12 7.52416e+09 20514 42 13.9307 12 0.0521335
706 4.39805e+12 1.30043e+10 19249.3 42 13.7217 12 0.0519365
707 4.39805e+12 1.30259e+10 36714.4 42 14.7529 14 0.0536479
708 4.39805e+12 1.31239e+10 37730.6 42 15.0068 14 0.0558901
709 8.79609e+12 2.38571e+10 37024.7 43 15.2246 14 0.0561103
710 8.79609e+12 3.05913e+10 58684.3 43 16.3398 15 0.0588703
711 2.19902e+12 1.52952e+10 94755.1 41 16.4922 16 0.0607375
712 2.19902e+12 1.87745e+10 57000.5 41 16.1055 15 0.0598228
713 8.79609e+12 1.98321e+10 57821.4 43 16.0244 15 0.0610329
714 8.79609e+12 2.14334e+10 58375.6 43 16.1445 15 0.0588733
715 1.75922e+13 3.8277e+10 94378.9 44 16.2871 16 0.0604279
716 4.39805e+12 1.57628e+10 94143.9 42 16.292 16 0.0626274
717 2.19902e+12 8.67588e+09 57222.6 41 15.8506 15 0.060477
718 4.39805e+12 1.11817e+10 38242.1 42 15.5039 14 0.0568413
719 8.79609e+12 2.54558e+10 54049.8 43 15.6416 15 0.0613006
720 7.03687e+13 8.03752e+10 162283 46 16.8262 17 0.0632124
721 8.79609e+12 2.27162e+10 163214 43 17.4326 17 0.0638566
722 1.75922e+13 2.75999e+10 160122 44 16.8125 17 0.0678839
723 2.19902e+12 2.45256e+10 293069 41 17.502 18 0.0651529
724 4.39805e+12 2.36795e+10 159543 42 16.9961 17 0.0649487
725 2.19902e+12 1.75787e+10 95622.5 41 16.79 16 0.0629438
726 1.75922e+13 3.42204e+10 160869 44 17.1562 17 0.0641299
727 4.39805e+12 2.43729e+10 95011.3 42 16.54 16 0.0611959
728 8.79609e+12 2.27771e+10 93846.7 43 16.5664 16 0.0625169
729 2.19902e+12 1.33892e+10 88167.3 41 16.123 16 0.0592829
730 2.19902e+12 1.06057e+10 91009 41 16.1895 16 0.0586822
731 4.39805e+12 1.78298e+10 94668.9 42 16.8223 16 0.0615841
732 5.49756e+11 6.80732e+09 90409.6 39 16.1279 16 0.0598788
733 2.19902e+12 9.66263e+09 93726.7 41 16.2959 16 0.0604631
734 4.39805e+12 1.13335e+10 161393 42 16.8193 17 0.0614504
735 2.19902e+12 1.01794e+10 93606.1 41 16.6406 16 0.0595237
736 5.49756e+11 5.98032e+09 94582.3 39 16.3359 16 0.0662552
737 3.51844e+13 4.98121e+10 157493 45 16.6299 17 0.0606471
738 1.75922e+13 3.09798e+10 293311 44 16.7979 18 0.0624365
739 2.19902e+12 1.4876e+10 295247 41 16.8809 18 0.0619314
740 4.39805e+12 1.78847e+10 93240.6 42 16.0605 16 0.0620855
741 4.39805e+12 1.28813e+10 291049 42 16.9463 18 0.0626399
742 8.79609e+12 1.75133e+10 58861.5 43 15.7734 15 0.0625966
743 3.51844e+13 4.6791e+10 91337.6 45 15.7666 16 0.059392
744 8.79609e+12 2.75229e+10 24997.3 43 14.2393 13 0.0626631
745 1.09951e+12 8.59887e+09 25332.1 40 14.125 13 0.053332
746 4.39805e+12 1.89465e+10 53644.6 42 15.666 15 0.0581786
747 7.03687e+13 8.80589e+10 56916.7 46 15.6348 15 0.0582805
748 8.79609e+12 4.19684e+10 296542 43 18.0938 18 0.0649659
749 4.39805e+12 2.85427e+10 164175 42 17.6279 17 0.0681711
750 8.79609e+12 5.09745e+10 156765 43 17.2314 17 0.0653305
751 4.39805e+12 3.33597e+10 160798 42 17.4482 17 0.0694059
752 8.79609e+12 4.15116e+10 297136 43 17.9375 18 0.0654474
753 4.39805e+12 3.3962e+10 297393 42 17.9521 18 0.0684843
754 1.75922e+13 7.10175e+10 297757 44 17.9023 18 0.0662266
755 1.75922e+13 5.80486e+10 296579 44 18.1885 18 0.067411
756 8.79609e+12 5.65406e+10 293190 43 17.8486 18 0.0691123
757 2.19902e+12 2.22531e+10 163699 41 17.4004 17 0.0653657
758 1.75922e+13 5.492e+10 93936.3 44 16.7715 16 0.0681297
759 8.79609e+12 5.33782e+10 158474 43 17.4502 17 0.0674295
760 7.03687e+13 1.50544e+11 163115 46 17.2217 17 0.0661992
761 1.75922e+13 9.71568e+10 564687 44 18.8203 19 0.0714728
762 8.79609e+12 5.46902e+10 300151 43 18.2744 18 0.0674074
763 3.51844e+13 1.27921e+11 560928 45 18.3447 19 0.0740403
764 7.03687e+13 1.01503e+11 161115 46 17.0283 17 0.0692598
765 2.81475e+14 4.63477e+11 159141 48 17.0098 17 0.0675433
766 3.51844e+13 1.05686e+11 58735.1 45 16.4541 15 0.0671516
767 7.03687e+13 1.12626e+11 55027.1 46 16.1631 15 0.0673091
768 1.40737e+14 2.69118e+11 162552 47 17.9678 17 0.0678518
769 8.79609e+12 4.99705e+10 561264 43 18.4453 19 0.071212
770 4.39805e+12 3.31243e+10 297062 42 17.5742 18 0.0695457
771 2.19902e+12 2.48991e+10 293029 41 17.6621 18 0.0691956
772 1.40737e+14 1.6877e+11 296728 47 17.9648 18 0.0666694
773 8.79609e+12 6.19435e+10 558777 43 18.3926 19 0.067403
774 3.51844e+13 9.65907e+10 563908 45 18.6924 19 0.0702484
775 1.75922e+13 8.43324e+10 299171 44 17.8584 18 0.0663269
776 1.40737e+14 3.08264e+11 298963 47 18.3496 18 0.065873
777 7.03687e+13 1.06887e+11 1.09004e+06 46 18.9121 20 0.0695167
778 1.75922e+13 8.9076e+10 564104 44 18.9824 19 0.0696421
779 8.79609e+12 4.80631e+10 563392 43 18.5928 19 0.0679977
780 3.51844e+13 7.81155e+10 1.08362e+06 45 18.7646 20 0.068125
781 7.03687e+13 2.35598e+11 1.08771e+06 46 19.4229 20 0.0700271
782 8.79609e+12 6.47294e+10 1.08822e+06 43 18.8789 20 0.0709285
783 8.79609e+12 4.4456e+10 554238 43 18.1826 19 0.0698695
784 1.75922e+13 8.08788e+10 1.09128e+06 44 19.4082 20 0.0706766
785 3.51844e+13 1.2102e+11 562991 45 18.7441 19 0.0706003
786 7.03687e+13 1.36106e+11 294741 46 17.9463 18 0.070011
787 1.75922e+13 7.70254e+10 93240.6 44 17.2363 16 0.0643844
788 7.03687e+13 1.1517e+11 293432 46 17.9863 18 0.0696018
789 4.39805e+12 3.7933e+10 559518 42 18.3643 19 0.0697691
790 1.75922e+13 6.92649e+10 298578 44 18.1152 18 0.0698374
791 3.51844e+13 1.01069e+11 560590 45 18.5459 19 0.0697111
792 8.79609e+12 5.87838e+10 563710 43 18.7021 19 0.07122
793 3.51844e+13 1.0815e+11 560121 45 18.2627 19 0.0677724
794 7.03687e+13 1.72808e+11 297575 46 18.1582 18 0.0729073
795 1.75922e+13 9.45891e+10 163763 44 17.8779 17 0.0702011
796 7.03687e+13 1.81463e+11 164269 46 17.9531 17 0.0714306
797 1.75922e+13 8.87509e+10 164112 44 18.1855 17 0.0726938
798 1.75922e+13 7.22272e+10 555815 44 18.541 19 0.0784542
799 3.51844e+13 1.03791e+11 162148 45 17.7764 17 0.0780781
800 7.03687e+13 1.46159e+11 161670 46 17.3301 17 0.0732051
801 1.75922e+13 4.98284e+10 159652 44 17.8945 17 0.0736008
802 3.51844e+13 1.62933e+11 158212 45 17.5752 17 0.0738435
803 3.51844e+13 7.1892e+10 57686.9 45 16.2754 15 0.0706725
804 7.03687e+13 1.62091e+11 297283 46 18.6953 18 0.0729802
805 2.81475e+14 4.64683e+11 559691 48 19.4453 19 0.0742026
806 5.6295e+14 6.85696e+11 298224 49 19.3428 18 0.0811034
807 1.40737e+14 3.81739e+11 4.2411e+06 47 21.2754 22 0.0820887
808 1.1259e+15 1.40702e+12 1.08461e+06 50 20.3291 20 0.0803623
809 2.81475e+14 8.41381e+11 8.44485e+06 48 22.2412 23 0.0839425
810 1.40737e+14 5.53599e+11 8.44264e+06 47 22.3086 23 0.0837819
811 5.6295e+14 1.36594e+12 2.14004e+06 49 21.0615 21 0.0845641
812 7.03687e+13 5.06642e+11 2.14222e+06 46 20.5469 21 0.0800539
813 3.51844e+13 3.32395e+11 1.09686e+06 45 20.5234 20 0.0793424
814 7.03687e+13 5.68721e+11 4.23935e+06 46 20.9375 22 0.0828391
815 5.6295e+14 1.34921e+12 2.14139e+06 49 20.5205 21 0.0869882
816 7.03687e+13 3.99976e+11 2.14049e+06 46 20.3145 21 0.0790562
817 2.2518e+15 3.62988e+12 1.08973e+06 51 20.166 20 0.0796553
818 1.1259e+15 1.82646e+12 4.24864e+06 50 21.6523 22 0.0830484
819 4.5036e+15 4.85883e+12 8.44078e+06 52 21.4922 23 0.0817796
820 2.81475e+14 7.56411e+11 6.71851e+07 48 23.29 26 0.0909559
821 7.03687e+13 5.19203e+11 3.36129e+07 46 21.876 25 0.0886157
822 7.03687e+13 4.56232e+11 3.36246e+07 46 22.3867 25 0.0885174
823 1.40737e+14 5.14711e+11 6.71788e+07 47 22.2314 26 0.090536
824 1.40737e+14 9.02835e+11 1.6834e+07 47 21.3506 24 0.0975674
825 5.6295e+14 8.48506e+11 3.36205e+07 49 21.7979 25 0.0863
826 3.51844e+13 3.79871e+11 6.71754e+07 45 22.3408 26 0.0868527
827 2.81475e+14 6.76118e+11 3.36183e+07 48 21.8262 25 0.089381
828 1.40737e+14 6.02276e+11 2.13779e+06 47 19.7461 21 0.0781377
829 2.81475e+14 7.11884e+11 8.44889e+06 48 21.6416 23 0.0863098
830 2.81475e+14 1.09671e+12 8.44135e+06 48 21.1562 23 0.0818063
831 3.51844e+13 4.48524e+11 1.68391e+07 45 22.084 24 0.0831174
832 4.5036e+15 5.13953e+12 4.24627e+06 52 20.9209 22 0.079679
833 5.6295e+14 1.46072e+12 6.71738e+07 49 22.9414 26 0.0883923
834 7.03687e+13 5.65601e+11 3.3615e+07 46 22.7256 25 0.0910317
835 1.1259e+15 3.02726e+12 1.68371e+07 50 22.1611 24 0.0895009
836 5.6295e+14 1.20198e+12 3.36191e+07 49 22.3838 25 0.087976
837 5.6295e+14 1.14236e+12 1.68371e+07 49 21.8125 24 0.0835854
838 2.81475e+14 5.83837e+11 3.3618e+07 48 22.3281 25 0.0860549
839 3.51844e+13 2.93758e+11 3.36139e+07 45 21.5693 25 0.0849773
840 1.80144e+16 1.88675e+13 1.68368e+07 54 22.0215 24 0.083423
841 4.5036e+15 6.05238e+12 6.71785e+07 52 23.7393 26 0.0924773
842 1.40737e+14 5.70206e+11 6.71805e+07 47 23.5068 26 0.093917
843 3.60288e+16 3.65854e+13 6.71745e+07 55 22.8379 26 0.0982966
844 1.1259e+15 2.6028e+12 1.6836e+07 50 22.6768 24 0.0946272
845 1.1259e+15 1.76648e+12 4.24391e+06 50 21.7705 22 0.090293
846 4.5036e+15 5.75068e+12 1.08941e+06 52 21.0811 20 0.0931571
847 1.1259e+15 3.28506e+12 1.08548e+06 50 20.9053 20 0.087257
848 2.81475e+14 8.59696e+11 1.09049e+06 48 20.5137 20 0.081239
849 5.6295e+14 2.0709e+12 1.09194e+06 49 20.8555 20 0.0864236
850 2.81475e+14 1.02899e+12 1.08923e+06 48 20.6943 20 0.0832229
851 2.81475e+14 1.24434e+12 8.44392e+06 48 22.1992 23 0.0904794
852 2.81475e+14 9.66453e+11 4.2451e+06 48 21.418 22 0.0836839
853 1.1259e+15 2.49185e+12 4.24572e+06 50 21.5869 22 0.0884159
854 5.6295e+14 1.99593e+12 1.68342e+07 49 22.1523 24 0.0903492
855 5.6295e+14 2.09019e+12 8.44292e+06 49 21.7539 23 0.0909445
856 1.1259e+15 3.57197e+12 3.3619e+07 50 23.002 25 0.0907885
857 5.6295e+14 1.76049e+12 6.71758e+07 49 23.8135 26 0.0919098
858 2.81475e+14 2.20168e+12 8.4463e+06 48 22.3379 23 0.0868848
859 5.6295e+14 2.43937e+12 3.36195e+07 49 23.248 25 0.0923943
860 2.81475e+14 1.7926e+12 1.68408e+07 48 23.1738 24 0.0970879
861 1.1259e+15 2.16812e+12 6.71839e+07 50 24.207 26 0.0954193
862 5.6295e+14 1.9231e+12 6.71758e+07 49 24.1221 26 0.100314
863 1.40737e+14 9.5882e+11 6.71842e+07 47 24.1992 26 0.098276
864 1.40737e+14 9.98512e+11 6.71833e+07 47 23.9805 26 0.0965184
865 2.81475e+14 1.06607e+12 6.71758e+07 48 23.3564 26 0.097127
866 2.81475e+14 1.26596e+12 3.36161e+07 48 22.8916 25 0.095186
867 2.81475e+14 1.41601e+12 8.43811e+06 48 21.9902 23 0.0912126
868 1.40737e+14 1.20199e+12 6.71674e+07 47 23.1895 26 0.090274
869 2.81475e+14 9.50239e+11 6.71765e+07 48 23.1309 26 0.0931803
870 4.5036e+15 8.54346e+12 6.71793e+07 52 23.4766 26 0.0934527
871 2.2518e+15 4.29518e+12 6.71849e+07 51 23.8613 26 0.0943326
872 2.81475e+14 1.62521e+12 1.34289e+08 48 24.2568 27 0.0940119
873 1.40737e+14 1.62367e+12 6.71774e+07 47 23.875 26 0.0942475
874 2.2518e+15 4.09005e+12 3.36272e+07 51 23.4023 25 0.0968247
875 1.1259e+15 3.09541e+12 1.34291e+08 50 24.1172 27 0.0925325
876 2.81475e+14 1.41657e+12 3.36139e+07 48 23.0264 25 0.0868716
877 2.81475e+14 1.85147e+12 1.68395e+07 48 22.6904 24 0.0862071
878 3.60288e+16 3.65418e+13 6.71779e+07 55 23.3604 26 0.0915868
879 1.1259e+15 4.32556e+12 2.68523e+08 50 25.502 28 0.0962696
880 2.2518e+15 3.90653e+12 1.34294e+08 51 24.3164 27 0.104711
881 9.0072e+15 1.06152e+13 1.34291e+08 53 24.2188 27 0.0960609
882 2.81475e+14 1.46417e+12 5.36955e+08 48 25.6836 29 0.0973745
883 1.80144e+16 2.0546e+13 1.343e+08 54 24.6133 27 0.0947496
884 1.1259e+15 4.05542e+12 1.07383e+09 50 26.8613 30 0.103726
885 1.1259e+15 3.81297e+12 5.36958e+08 50 25.6719 29 0.0975058
886 5.6295e+14 3.37525e+12 1.34299e+08 49 24.1592 27 0.096893
887 1.1259e+15 3.06772e+12 2.6851e+08 50 24.6348 28 0.0915534
888 5.6295e+14 1.73629e+12 1.34291e+08 49 23.5801 27 0.0993896
889 2.81475e+14 1.88956e+12 6.71854e+07 48 23.6973 26 0.0983334
890 5.6295e+14 3.54445e+12 2.68511e+08 49 24.4609 28 0.0966664
891 2.2518e+15 7.08404e+12 1.3429e+08 51 23.9375 27 0.0957841
892 1.1259e+15 2.95357e+12 6.71822e+07 50 23.873 26 0.0912245
893 1.40737e+14 1.41153e+12 3.36193e+07 47 22.6104 25 0.0936123
894 1.40737e+14 1.44532e+12 8.44281e+06 47 21.8301 23 0.0846608
895 2.81475e+14 3.03636e+12 1.68339e+07 48 22.3125 24 0.0884374
896 5.6295e+14 2.06109e+12 8.4427e+06 49 21.3564 23 0.0848391
897 2.81475e+14 1.97995e+12 3.36164e+07 48 22.6719 25 0.0936625
898 4.5036e+15 7.00138e+12 1.68299e+07 52 22.1201 24 0.095302
899 1.1259e+15 3.60574e+12 1.68369e+07 50 22.458 24 0.0896858
900 5.6295e+14 4.00236e+12 3.36138e+07 49 23.0186 25 0.0915924
901 5.6295e+14 1.70494e+12 8.44735e+06 49 22.0732 23 0.0840785
902 1.40737e+14 1.3856e+12 3.36233e+07 47 22.835 25 0.0865069
903 5.6295e+14 2.47815e+12 1.68331e+07 49 21.8984 24 0.089723
904 5.6295e+14 3.10263e+12 1.68396e+07 49 22.4092 24 0.08408
905 1.1259e+15 2.57474e+12 1.68403e+07 50 22.2266 24 0.0844222
906 2.2518e+15 6.26621e+12 1.68387e+07 51 22.2334 24 0.0850575
907 1.1259e+15 3.22543e+12 4.24697e+06 50 21.0479 22 0.0910808
908 5.6295e+14 2.17781e+12 2.14266e+06 49 20.2578 21 0.0799453
909 1.1259e+15 3.54146e+12 2.13685e+06 50 20.1328 21 0.0810047
910 2.81475e+14 1.64747e+12 2.14309e+06 48 20.8936 21 0.0868626
911 1.1259e+15 2.49171e+12 4.24516e+06 50 20.7725 22 0.0850714
912 2.2518e+15 4.50587e+12 4.24526e+06 51 21.8174 22 0.0879874
913 1.1259e+15 3.3889e+12 8.44129e+06 50 21.3848 23 0.0836882
914 1.1259e+15 5.35176e+12 3.36183e+07 50 22.8623 25 0.0891482
915 9.0072e+15 1.21461e+13 8.44587e+06 53 22.2988 23 0.0909324
916 9.0072e+15 1.17003e+13 1.34296e+08 53 23.8818 27 0.0936894
917 1.80144e+16 2.26652e+13 3.36132e+07 54 22.3418 25 0.0882273
918 1.1259e+15 3.66948e+12 6.71747e+07 50 22.8379 26 0.0882584
919 1.1259e+15 2.76103e+12 3.36215e+07 50 22.2744 25 0.0871465
920 9.0072e+15 1.14462e+13 1.68416e+07 53 21.9551 24 0.0849074
921 4.5036e+15 1.44418e+13 6.71751e+07 52 23.4375 26 0.0898977
922 4.5036e+15 8.3035e+12 6.71783e+07 52 23.1338 26 0.0902941
923 9.0072e+15 1.11415e+13 3.3613e+07 53 22.6592 25 0.0891402
924 2.81475e+14 1.61085e+12 3.36124e+07 48 23.0566 25 0.0872879
925 2.2518e+15 4.46977e+12 1.68366e+07 51 22.4268 24 0.0868334
926 2.81475e+14 2.47363e+12 3.36241e+07 48 23.416 25 0.0898425
927 1.40737e+14 1.3264e+12 1.68328e+07 47 22.2285 24 0.0862181
928 4.5036e+15 6.33651e+12 1.68315e+07 52 22.2305 24 0.0861107
929 1.1259e+15 4.32524e+12 3.36197e+07 50 22.9199 25 0.0907233
930 4.5036e+15 8.70978e+12 6.71773e+07 52 23.1982 26 0.0904567
931 1.1259e+15 3.52977e+12 1.34287e+08 50 24.0947 27 0.0948977
932 3.60288e+16 4.56755e+13 3.36175e+07 55 23.0742 25 0.088726
933 5.6295e+14 3.53766e+12 6.71849e+07 49 23.8281 26 0.0914484
934 4.5036e+15 1.1921e+13 1.68388e+07 52 22.4951 24 0.0875431
935 2.81475e+14 1.95934e+12 1.68379e+07 48 22.5986 24 0.0897366
936 5.6295e+14 3.11934e+12 8.44624e+06 49 21.8193 23 0.0864566
937 2.8823e+17 2.84283e+14 8.44587e+06 58 22.3047 23 0.0859788
938 2.2518e+15 5.13881e+12 2.1464e+06 51 21.4072 21 0.0853874
939 1.1259e+15 5.64239e+12 1.68369e+07 50 22.3477 24 0.0833274
940 2.2518e+15 6.24492e+12 2.13664e+06 51 20.875 21 0.0796637
941 9.0072e+15 1.25732e+13 563631 53 20.4355 19 0.0804253
942 1.1259e+15 2.98391e+12 3.36206e+07 50 23.126 25 0.0868238
943 2.2518e+15 6.11497e+12 8.44032e+06 51 22.2822 23 0.0883635
944 1.80144e+16 2.46994e+13 1.09576e+06 54 21.1357 20 0.0835824
945 1.1259e+15 6.4384e+12 4.24423e+06 50 21.9834 22 0.0863423
946 5.6295e+14 2.60201e+12 1.09076e+06 49 20.5625 20 0.0806738
947 2.2518e+15 5.88884e+12 1.08836e+06 51 20.3877 20 0.0840281
948 2.2518e+15 7.34695e+12 561306 51 20.166 19 0.0861874
949 1.1259e+15 5.29214e+12 557626 50 19.832 19 0.0800377
950 1.1259e+15 3.93082e+12 1.09245e+06 50 20.5947 20 0.0794897
951 5.6295e+14 3.27184e+12 4.23862e+06 49 20.9121 22 0.0819572
952 2.81475e+14 1.86251e+12 566774 48 20.0967 19 0.078679
953 2.2518e+15 9.66643e+12 2.14386e+06 51 20.9531 21 0.080487
954 4.5036e+15 8.60544e+12 2.14362e+06 52 20.7168 21 0.0821563
955 5.6295e+14 2.27593e+12 8.44408e+06 49 21.7236 23 0.081358
956 5.6295e+14 2.27876e+12 2.14517e+06 49 21.0732 21 0.0882274
957 2.2518e+15 5.48911e+12 1.68337e+07 51 22.2793 24 0.08712
958 2.2518e+15 5.32385e+12 3.36201e+07 51 23.2021 25 0.0977385
959 4.5036e+15 9.77767e+12 1.34292e+08 52 24.2666 27 0.0917092
960 2.8823e+17 2.87976e+14 1.34298e+08 58 25.2568 27 0.100833
961 4.5036e+15 1.48127e+13 6.71797e+07 52 24.6387 26 0.0974527
962 4.5036e+15 1.20179e+13 6.71818e+07 52 24.5889 26 0.0996199
963 2.2518e+15 7.86501e+12 1.68424e+07 51 23.5527 24 0.0957894
964 1.1259e+15 8.01461e+12 1.34292e+08 50 24.9424 27 0.0957734
965 5.6295e+14 3.97309e+12 3.36232e+07 49 23.8535 25 0.0959491
966 9.0072e+15 1.45108e+13 1.3429e+08 53 24.9053 27 0.101396
967 2.2518e+15 5.78172e+12 6.71692e+07 51 24.168 26 0.0984917
968 1.1259e+15 6.14183e+12 3.36159e+07 50 23.5811 25 0.0957192
969 9.0072e+15 1.86511e+13 3.36234e+07 53 24.29 25 0.0957778
970 1.80144e+16 4.60786e+13 3.362e+07 54 24.04 25 0.0999585
971 1.1259e+15 5.99896e+12 3.36243e+07 50 24.4287 25 0.102555
972 2.2518e+15 9.3267e+12 8.44792e+06 51 23.0059 23 0.0887401
973 2.2518e+15 7.9902e+12 3.36257e+07 51 24.0361 25 0.0948478
974 2.2518e+15 8.2552e+12 3.36234e+07 51 23.5195 25 0.094025
975 2.2518e+15 6.04494e+12 3.36202e+07 51 23.7236 25 0.095157
976 2.2518e+15 8.48592e+12 3.36178e+07 51 23.6719 25 0.0957628
977 1.80144e+16 2.73346e+13 1.68352e+07 54 22.6543 24 0.08593
978 2.2518e+15 1.23327e+13 8.44231e+06 51 22.3135 23 0.0887957
979 2.2518e+15 5.27478e+12 1.68367e+07 51 22.6865 24 0.0865118
980 1.1259e+15 5.39735e+12 1.6836e+07 50 22.918 24 0.0882639
981 4.5036e+15 1.71073e+13 6.71697e+07 52 23.9326 26 0.0907551
982 3.60288e+16 5.08963e+13 1.34291e+08 55 24.5039 27 0.0932968
983 4.5036e+15 1.19861e+13 2.14808e+06 52 21.0596 21 0.0955393
984 1.80144e+16 2.55467e+13 1.6832e+07 54 22.1152 24 0.0908264
985 1.80144e+16 2.50617e+13 1.68367e+07 54 22.2197 24 0.0920679
986 5.6295e+14 5.58433e+12 6.71724e+07 49 23.5781 26 0.0914659
987 9.0072e+15 2.83094e+13 3.36178e+07 53 23.3975 25 0.101534
988 3.60288e+16 5.69978e+13 6.71762e+07 55 24.0518 26 0.0972093
989 5.6295e+14 7.20249e+12 8.44447e+06 49 21.9512 23 0.104821
990 1.80144e+16 3.92258e+13 6.71716e+07 54 23.873 26 0.0982803
991 9.0072e+15 3.61067e+13 1.68403e+07 53 23.0996 24 0.0945135
992 1.44115e+17 1.61904e+14 6.71674e+07 57 23.8027 26 0.0948311
993 9.0072e+15 2.32137e+13 4.24233e+06 53 21.2393 22 0.0894459
994 2.2518e+15 8.82004e+12 1.68339e+07 51 23.0293 24 0.0919114
995 4.5036e+15 1.21916e+13 1.3428e+08 52 24.5361 27 0.0988231
996 3.60288e+16 6.21699e+13 6.71823e+07 55 24.9473 26 0.101868
997 1.44115e+17 1.60912e+14 1.3429e+08 57 24.6953 27 0.1072
998 4.5036e+15 2.90446e+13 1.07383e+09 52 26.5576 30 0.102497
999 4.5036e+15 1.93848e+13 2.68518e+08 52 25.9014 28 0.10994
1000 1.80144e+16 5.92766e+13 6.71797e+07 54 24.4561 26 0.105011
1001 4.5036e+15 2.67137e+13 1.34293e+08 52 24.3965 27 0.104134
1002 9.0072e+15 6.64614e+13 1.34291e+08 53 24.8545 27 0.100706
1003 7.20576e+16 1.55554e+14 6.71803e+07 56 24.1611 26 0.097661
1004 2.2518e+15 1.69792e+13 6.71818e+07 51 23.8994 26 0.0954728
1005 2.2518e+15 1.27841e+13 1.68363e+07 51 22.8418 24 0.100612
1006 4.5036e+15 2.5825e+13 3.36163e+07 52 23.4912 25 0.0997898
1007 3.60288e+16 6.89317e+13 6.71795e+07 55 24.3604 26 0.102472
1008 9.0072e+15 2.56281e+13 3.36221e+07 53 23.2666 25 0.0919931
1009 9.0072e+15 3.19181e+13 3.36195e+07 53 23.7783 25 0.0993367
1010 7.20576e+16 8.12019e+13 8.44894e+06 56 22.6768 23 0.0988769
1011 1.80144e+16 7.08811e+13 6.71801e+07 54 23.6543 26 0.0975528
1012 9.0072e+15 2.77263e+13 1.68374e+07 53 22.6582 24 0.0922435
1013 1.15292e+18 1.15666e+15 8.4402e+06 60 22.0225 23 0.0873982
1014 9.0072e+15 3.63524e+13 4.24637e+06 53 21.2373 22 0.08856
1015 9.0072e+15 2.97385e+13 557626 53 19.1787 19 0.0847707
1016 9.0072e+15 2.27599e+13 4.24526e+06 53 21.7227 22 0.0871041
1017 1.80144e+16 4.24932e+13 2.14089e+06 54 21.0234 21 0.0882289
1018 2.2518e+15 1.25143e+13 8.44512e+06 51 22.3066 23 0.0869656
1019 9.0072e+15 2.47199e+13 8.44112e+06 53 21.8086 23 0.0889423
1020 3.60288e+16 4.58817e+13 2.14381e+06 55 20.8896 21 0.0849586
1021 4.5036e+15 2.79602e+13 8.43992e+06 52 22.042 23 0.0930644
1022 7.20576e+16 1.03071e+14 8.43992e+06 56 22.3047 23 0.0902573
1023 7.20576e+16 1.07324e+14 3.36175e+07 56 23.1006 25 0.0997856
1024 1.80144e+16 5.09726e+13 8.44425e+06 54 22.1914 23 0.0883832
1025 4.5036e+15 1.91218e+13 3.36171e+07 52 23.2812 25 0.0968971
1026 9.0072e+15 3.43198e+13 1.68376e+07 53 23.0977 24 0.0935424
1027 7.20576e+16 1.01666e+14 1.684e+07 56 22.5088 24 0.093415
1028 1.44115e+17 1.55825e+14 3.36244e+07 57 23.6396 25 0.102584
1029 9.0072e+15 4.39107e+13 6.71749e+07 53 24.9648 26 0.100484
1030 9.0072e+15 3.25402e+13 1.68358e+07 53 22.9316 24 0.100201
1031 3.60288e+16 5.61907e+13 1.68378e+07 55 22.4336 24 0.0965397
1032 2.2518e+15 1.2042e+13 3.36094e+07 51 22.9707 25 0.0951501
1033 4.5036e+15 2.5276e+13 8.44566e+06 52 21.8926 23 0.0866882
1034 1.80144e+16 4.60851e+13 8.44667e+06 54 22.0234 23 0.0865916
1035 3.60288e+16 6.32314e+13 8.44386e+06 55 22.416 23 0.0927906
1036 3.60288e+16 9.83646e+13 1.68389e+07 55 23.0576 24 0.0922838
1037 4.5036e+15 2.49189e+13 1.34291e+08 52 25.0059 27 0.100658
1038 4.5036e+15 2.35672e+13 1.34279e+08 52 24.2461 27 0.105902
1039 2.8823e+17 3.12055e+14 3.36178e+07 58 23.6016 25 0.0999085
1040 1.44115e+17 3.37014e+14 8.45024e+06 57 22.792 23 0.104963
1041 1.80144e+16 4.28545e+13 3.36176e+07 54 23.21 25 0.103603
1042 1.80144e+16 3.61494e+13 3.36188e+07 54 23.9883 25 0.100531
1043 1.80144e+16 5.55077e+13 3.36239e+07 54 23.9346 25 0.100399
1044 5.76461e+17 6.48418e+14 2.68513e+08 59 25.0693 28 0.104449
1045 3.60288e+16 1.73811e+14 1.07384e+09 55 27.5273 30 0.107727
1046 7.20576e+16 1.05083e+14 1.34296e+08 56 25.0684 27 0.106495
1047 3.60288e+16 6.6228e+13 1.07383e+09 55 27.0605 30 0.106707
1048 7.20576e+16 1.81409e+14 2.68523e+08 56 26.5518 28 0.106865
1049 3.60288e+16 1.02162e+14 2.68519e+08 55 26.208 28 0.110145
1050 3.60288e+16 6.97161e+13 3.36172e+07 55 23.7979 25 0.0960142
1051 4.5036e+15 2.76871e+13 3.36239e+07 52 24.2471 25 0.104338
1052 1.80144e+16 6.97351e+13 2.6851e+08 54 25.6611 28 0.112373
1053 7.20576e+16 1.62065e+14 5.3696e+08 56 27.126 29 0.108291
1054 7.20576e+16 1.9648e+14 1.34297e+08 56 25.4629 27 0.108798
1055 2.8823e+17 4.24721e+14 6.71749e+07 58 24.751 26 0.101839
1056 2.8823e+17 3.84981e+14 6.71756e+07 58 24.5088 26 0.101007
1057 1.80144e+16 8.25778e+13 2.68519e+08 54 26.6406 28 0.103603
1058 1.44115e+17 2.07503e+14 5.36942e+08 57 26.2715 29 0.105116
1059 7.20576e+16 2.5853e+14 2.6852e+08 56 25.9268 28 0.104581
1060 1.80144e+16 6.69313e+13 6.71797e+07 54 24.459 26 0.106946
1061 7.20576e+16 1.29199e+14 1.34289e+08 56 24.7148 27 0.103462
1062 3.60288e+16 1.128e+14 1.34288e+08 55 25.0879 27 0.100546
1063 1.80144e+16 5.13637e+13 1.34289e+08 54 24.7363 27 0.100211
1064 7.20576e+16 1.87572e+14 2.68511e+08 56 25.582 28 0.105949
1065 3.60288e+16 7.62299e+13 1.34297e+08 55 25.4502 27 0.109743
1066 4.5036e+15 3.0841e+13 1.34294e+08 52 24.6904 27 0.107087
1067 1.44115e+17 1.91205e+14 6.7184e+07 57 24.4795 26 0.109792
1068 3.60288e+16 8.59237e+13 3.3624e+07 55 23.1367 25 0.0942794
1069 4.5036e+15 5.41581e+13 3.36157e+07 52 23.2441 25 0.0941635
1070 2.2518e+15 2.29064e+13 3.36162e+07 51 23.1934 25 0.0943926
1071 2.8823e+17 3.90211e+14 8.44353e+06 58 22.3184 23 0.0914443
1072 1.80144e+16 5.02589e+13 8.43645e+06 54 21.46 23 0.100438
1073 1.44115e+17 2.549e+14 1.68285e+07 57 22.4902 24 0.0987574
1074 1.44115e+17 2.51972e+14 1.34279e+08 57 24.5625 27 0.101834
1075 4.5036e+15 3.55365e+13 6.71807e+07 52 24.5283 26 0.107288
1076 5.76461e+17 7.23244e+14 6.71765e+07 59 23.9248 26 0.0990088
1077 9.0072e+15 3.91188e+13 6.71792e+07 53 24.6846 26 0.107946
1078 7.20576e+16 1.26672e+14 1.68411e+07 56 23.4785 24 0.0991585
1079 1.44115e+17 1.85925e+14 1.6837e+07 57 23.291 24 0.0996638
1080 1.44115e+17 1.88367e+14 8.43752e+06 57 22.3691 23 0.101556
1081 2.8823e+17 4.55785e+14 3.36126e+07 58 23.6162 25 0.105271
1082 9.0072e+15 8.21483e+13 6.71724e+07 53 24.501 26 0.100311
1083 9.0072e+15 5.71181e+13 1.68387e+07 53 23.5361 24 0.10172
1084 1.44115e+17 1.94417e+14 3.36141e+07 57 23.3311 25 0.104895
1085 9.22337e+18 9.0329e+15 3.36176e+07 63 23.8945 25 0.106847
1086 7.20576e+16 1.6188e+14 1.34286e+08 56 25.2021 27 0.108347
1087 3.60288e+16 1.3361e+14 3.36126e+07 55 23.8135 25 0.0989373
1088 9.0072e+15 3.8451e+13 1.68343e+07 53 22.9727 24 0.106926
1089 9.0072e+15 3.59337e+13 1.68366e+07 53 23.4775 24 0.10483
1090 1.44115e+17 2.83427e+14 3.36132e+07 57 24.0908 25 0.105486
1091 1.80144e+16 7.76816e+13 3.36193e+07 54 24.5215 25 0.109141
1092 9.0072e+15 5.84324e+13 3.36221e+07 53 24.7051 25 0.110009
1093 3.60288e+16 7.83252e+13 6.71795e+07 55 24.7656 26 0.108552
1094 7.20576e+16 1.99351e+14 6.71794e+07 56 24.9277 26 0.107705
1095 2.8823e+17 4.32336e+14 6.71814e+07 58 24.9551 26 0.1047
1096 1.44115e+17 1.89782e+14 5.36944e+08 57 26.5361 29 0.108097
1097 2.8823e+17 4.58483e+14 3.36183e+07 58 23.9043 25 0.113834
1098 7.20576e+16 1.09049e+14 4.24412e+06 56 21.7598 22 0.107959
1099 2.8823e+17 4.03565e+14 6.7176e+07 58 24.6494 26 0.103274
1100 3.60288e+16 6.876e+13 1.3429e+08 55 24.959 27 0.106511
1101 1.44115e+17 2.0374e+14 2.6851e+08 57 25.5586 28 0.105689
1102 1.80144e+16 1.42154e+14 1.07383e+09 54 27.0469 30 0.10572
1103 7.20576e+16 2.13654e+14 1.34297e+08 56 24.8652 27 0.100855
1104 7.20576e+16 1.64313e+14 1.34298e+08 56 25.6201 27 0.105746
1105 1.80144e+16 7.84702e+13 6.71771e+07 54 23.8389 26 0.107431
1106 1.44115e+17 2.17245e+14 1.07381e+09 57 25.9355 30 0.107935
1107 7.20576e+16 1.92327e+14 1.07383e+09 56 26.3984 30 0.114141
1108 5.76461e+17 6.15419e+14 5.36947e+08 59 26.0117 29 0.110843
1109 1.44115e+17 4.29636e+14 1.07383e+09 57 26.4102 30 0.110689
1110 3.60288e+16 1.30225e+14 5.36953e+08 55 25.5137 29 0.115852
1111 3.60288e+16 1.03741e+14 2.68524e+08 55 24.9561 28 0.109785
1112 1.15292e+18 1.53955e+15 3.36218e+07 60 23.749 25 0.105781
1113 1.80144e+16 6.31517e+13 3.36203e+07 54 23.3184 25 0.100405
1114 1.44115e+17 3.75365e+14 6.71832e+07 57 24.8799 26 0.109484
1115 7.20576e+16 1.95645e+14 6.71748e+07 56 23.8555 26 0.0974243
1116 3.60288e+16 1.43147e+14 2.68513e+08 55 25.0635 28 0.103908
1117 1.84467e+19 1.81514e+16 2.68507e+08 64 24.9629 28 0.104616
1118 1.44115e+17 3.46024e+14 5.36954e+08 57 26.2695 29 0.108904
1119 3.60288e+16 1.42445e+14 1.34285e+08 55 24.3506 27 0.101024
1120 7.20576e+16 1.93059e+14 6.71787e+07 56 24.1494 26 0.10067
1121 1.80144e+16 8.51323e+13 3.36169e+07 54 23.2891 25 0.10036
1122 2.8823e+17 7.57406e+14 6.71782e+07 58 24.6318 26 0.1012
1123 3.60288e+16 1.13538e+14 6.71832e+07 55 24.7295 26 0.101873
1124 7.20576e+16 1.83147e+14 3.36218e+07 56 23.4795 25 0.0985193
1125 7.20576e+16 1.57239e+14 6.71801e+07 56 24.3398 26 0.103702
1126 9.22337e+18 9.56493e+15 3.36155e+07 63 23.7471 25 0.101029
1127 7.20576e+16 1.515e+14 1.34285e+08 56 24.4033 27 0.0985429
1128 1.44115e+17 2.54181e+14 8.43858e+06 57 22.8125 23 0.0950451
1129 7.20576e+16 1.31077e+14 3.36081e+07 56 23.6904 25 0.100885
1130 5.76461e+17 6.48482e+14 2.14256e+06 59 21.5381 21 0.0910575
1131 9.0072e+15 4.22474e+13 2.68516e+08 53 25.7578 28 0.104453
1132 4.61169e+18 4.60364e+15 1.68334e+07 62 22.8896 24 0.0945676
1133 7.20576e+16 1.4485e+14 558952 56 21.1211 19 0.0894391
1134 3.60288e+16 1.63491e+14 4.24612e+06 55 22.584 22 0.0932327
1135 3.60288e+16 8.01251e+13 4.24028e+06 55 21.5127 22 0.0899264
1136 3.60288e+16 1.13137e+14 3.36162e+07 55 23.4697 25 0.096052
1137 1.80144e+16 8.13222e+13 3.36119e+07 54 22.9619 25 0.0941603
1138 1.80144e+16 7.57186e+13 1.34286e+08 54 24.1543 27 0.0970436
1139 7.20576e+16 1.67639e+14 1.68309e+07 56 22.9521 24 0.0922433
1140 1.80144e+16 8.16477e+13 8.43928e+06 54 22.627 23 0.0967462
1141 7.20576e+16 3.95317e+14 8.44703e+06 56 22.8213 23 0.0922683
1142 1.44115e+17 2.22266e+14 3.36211e+07 57 24.3184 25 0.100488
1143 7.20576e+16 1.97159e+14 3.36165e+07 56 24.2754 25 0.0994622
1144 1.44115e+17 3.20886e+14 1.68394e+07 57 24.5928 24 0.103424
1145 7.20576e+16 4.33372e+14 8.43651e+06 56 23.3574 23 0.0973038
1146 3.60288e+16 1.40762e+14 4.24334e+06 55 23.1758 22 0.098981
1147 1.44115e+17 2.17536e+14 6.71685e+07 57 24.4658 26 0.0992278
1148 3.60288e+16 8.90305e+13 1.08877e+06 55 22.0762 20 0.0959379
1149 3.60288e+16 2.24396e+14 1.68314e+07 55 23.3398 24 0.100737
1150 2.8823e+17 4.43518e+14 8.44032e+06 58 23.1172 23 0.0969388
1151 1.80144e+16 1.66109e+14 3.36139e+07 54 24.2275 25 0.0992814
1152 1.80144e+16 1.55207e+14 1.68351e+07 54 24.0059 24 0.100195
1153 1.44115e+17 4.17215e+14 6.71682e+07 57 24.4268 26 0.101676
1154 2.8823e+17 5.34191e+14 6.71795e+07 58 25.3232 26 0.102511
1155 1.15292e+18 1.25815e+15 5.36941e+08 60 26.3389 29 0.10444
1156 7.20576e+16 3.55454e+14 2.14758e+09 56 27.833 31 0.114489
1157 1.44115e+17 3.48335e+14 1.34288e+08 57 25.0986 27 0.102778
1158 5.76461e+17 1.27474e+15 2.68514e+08 59 25.5996 28 0.111451
1159 2.8823e+17 6.18268e+14 1.34299e+08 58 25.502 27 0.105831
1160 7.20576e+16 1.79391e+14 2.6852e+08 56 25.6104 28 0.102125
1161 1.44115e+17 3.09135e+14 6.71736e+07 57 24.4961 26 0.102481
1162 3.60288e+16 1.64223e+14 3.36178e+07 55 24.5293 25 0.102834
1163 3.60288e+16 1.89122e+14 1.6828e+07 55 24.1084 24 0.103509
1164 3.60288e+16 1.61092e+14 1.68329e+07 55 23.8125 24 0.103262
1165 5.76461e+17 7.5783e+14 6.71697e+07 59 24.9834 26 0.104235
1166 2.8823e+17 5.0235e+14 6.71749e+07 58 24.8848 26 0.103629
1167 1.80144e+16 1.65282e+14 1.68415e+07 54 24.8252 24 0.10701
1168 1.44115e+17 2.80821e+14 1.68388e+07 57 24.2314 24 0.0976993
1169 1.15292e+18 1.26472e+15 1.34295e+08 60 25.5918 27 0.106432
1170 1.80144e+16 1.32024e+14 6.71729e+07 54 24.6699 26 0.10034
1171 1.80144e+16 1.36754e+14 1.68354e+07 54 23.3096 24 0.0990588
1172 1.44115e+17 2.41727e+14 8.44651e+06 57 23.4111 23 0.0985211
1173 1.44115e+17 3.03555e+14 3.3618e+07 57 24.2617 25 0.0994478
1174 3.60288e+16 1.96254e+14 6.71733e+07 55 24.4531 26 0.104256
1175 2.8823e+17 5.6356e+14 1.34288e+08 58 25.3027 27 0.102794
1176 2.8823e+17 6.24906e+14 1.34298e+08 58 25.1846 27 0.102885
1177 2.8823e+17 6.67578e+14 6.71793e+07 58 25.0254 26 0.107595
1178 7.20576e+16 2.49062e+14 1.68305e+07 56 23.3457 24 0.096734
1179 1.80144e+16 1.35313e+14 1.34292e+08 54 24.5859 27 0.102615
1180 1.44115e+17 2.82718e+14 1.34285e+08 57 24.8066 27 0.104558
1181 3.60288e+16 2.41478e+14 1.07384e+09 55 26.1699 30 0.109222
1182 5.76461e+17 8.19494e+14 2.68514e+08 59 25.4736 28 0.108417
1183 1.44115e+17 5.19584e+14 3.36187e+07 57 24.3213 25 0.105623
1184 2.8823e+17 5.57489e+14 1.68324e+07 58 23.9854 24 0.100907
1185 3.60288e+16 2.10131e+14 1.68374e+07 55 23.3076 24 0.100896
1186 7.20576e+16 3.0079e+14 3.36112e+07 56 23.8311 25 0.100076
1187 3.60288e+16 1.53604e+14 6.71788e+07 55 24.3066 26 0.101941
1188 3.60288e+16 2.21155e+14 1.68432e+07 55 23.5049 24 0.101151
1189 3.60288e+16 1.41553e+14 8.43922e+06 55 23.4854 23 0.0995819
1190 3.60288e+16 1.45375e+14 1.34285e+08 55 24.3467 27 0.104755
1191 3.60288e+16 1.97931e+14 3.36198e+07 55 23.7275 25 0.100551
1192 3.60288e+16 1.2721e+14 6.71717e+07 55 23.6787 26 0.102981
1193 3.60288e+16 1.31993e+14 1.34286e+08 55 24.5703 27 0.103428
1194 2.8823e+17 4.91251e+14 2.68498e+08 58 25.2471 28 0.108873
1195 2.8823e+17 6.04203e+14 1.34292e+08 58 24.959 27 0.106097
1196 3.60288e+16 1.24088e+14 1.34293e+08 55 24.9043 27 0.103705
1197 2.8823e+17 4.63702e+14 3.36144e+07 58 24.0293 25 0.103511
1198 5.76461e+17 7.02799e+14 6.71799e+07 59 24.1484 26 0.104566
1199 7.20576e+16 2.52682e+14 5.36955e+08 56 25.5391 29 0.106692
1200 2.8823e+17 4.11499e+14 4.23918e+06 58 22.2422 22 0.0961494
1201 5.76461e+17 7.99606e+14 1.68373e+07 59 23.3916 24 0.0980374
1202 7.20576e+16 3.15907e+14 6.71789e+07 56 24.4131 26 0.10119
1203 2.8823e+17 5.4462e+14 1.68269e+07 58 23.2188 24 0.0987195
1204 2.8823e+17 4.44004e+14 6.71825e+07 58 23.7061 26 0.100405
1205 7.20576e+16 2.22305e+14 2.68506e+08 56 24.4785 28 0.0990818
1206 1.44115e+17 2.51193e+14 3.36253e+07 57 23.7998 25 0.0994163
1207 2.30584e+18 2.63895e+15 8.44248e+06 61 22.9326 23 0.0957994
1208 2.8823e+17 4.78997e+14 2.68513e+08 58 26.0693 28 0.102845
1209 1.80144e+16 1.59035e+14 2.68513e+08 54 25.6953 28 0.103639
1210 1.44115e+17 3.69082e+14 1.34281e+08 57 24.9697 27 0.103917
1211 2.8823e+17 5.20433e+14 8.44656e+06 58 23.957 23 0.0979769
1212 3.60288e+16 1.59863e+14 6.71658e+07 55 24.8184 26 0.100537
1213 1.44115e+17 2.44655e+14 6.7171e+07 57 25.0576 26 0.0984537
1214 1.15292e+18 1.62952e+15 2.68516e+08 60 26.3945 28 0.104499
1215 1.44115e+17 3.95586e+14 2.14757e+09 57 28.6221 31 0.115027
1216 3.60288e+16 2.78267e+14 5.36964e+08 55 27.6504 29 0.122461
1217 2.30584e+18 2.64396e+15 2.68518e+08 61 26.875 28 0.116031
1218 7.20576e+16 3.03032e+14 2.14757e+09 56 27.8018 31 0.118013
1219 2.30584e+18 2.47649e+15 1.07383e+09 61 27.5498 30 0.109846
1220 1.44115e+17 5.65413e+14 5.36954e+08 57 26.9199 29 0.113062
1221 7.20576e+16 3.96679e+14 2.14757e+09 56 27.9531 31 0.119034
1222 2.8823e+17 6.39214e+14 1.07383e+09 58 27.2422 30 0.113434
1223 7.20576e+16 4.69828e+14 2.68516e+08 56 26.3955 28 0.112386
1224 1.44115e+17 4.68618e+14 1.34294e+08 57 26.0293 27 0.106575
1225 2.8823e+17 7.61639e+14 2.68515e+08 58 26.5557 28 0.107402
1226 1.44115e+17 5.04425e+14 2.68509e+08 57 25.6387 28 0.107883
1227 7.20576e+16 2.03969e+14 6.718e+07 56 25.4561 26 0.106831
1228 7.20576e+16 2.74622e+14 6.71791e+07 56 24.8037 26 0.1034
1229 5.76461e+17 1.40158e+15 3.36143e+07 59 24.75 25 0.107816
1230 1.44115e+17 6.86235e+14 6.71789e+07 57 25.5596 26 0.113945
1231 2.8823e+17 7.55739e+14 5.36954e+08 58 26.7627 29 0.119935
1232 1.15292e+18 1.97824e+15 3.36132e+07 60 24.6475 25 0.112414
1233 2.8823e+17 8.41576e+14 3.36169e+07 58 24.8564 25 0.114739
1234 1.15292e+18 1.97938e+15 3.36214e+07 60 25.3369 25 0.117399
1235 3.60288e+16 1.58426e+14 6.71783e+07 55 25.1943 26 0.108574
1236 7.20576e+16 3.57226e+14 2.68505e+08 56 26.1904 28 0.111972
1237 2.8823e+17 7.20046e+14 6.71641e+07 58 25.2959 26 0.110853
1238 1.80144e+16 1.67008e+14 6.71844e+07 54 25.4854 26 0.103981
1239 7.20576e+16 2.69203e+14 2.68518e+08 56 26.2217 28 0.111205
1240 5.76461e+17 7.71849e+14 6.7179e+07 59 24.9336 26 0.110324
1241 1.80144e+16 1.53399e+14 3.36162e+07 54 24.4951 25 0.104304
1242 2.30584e+18 2.41318e+15 6.71721e+07 61 24.6846 26 0.106186
1243 2.8823e+17 6.33644e+14 1.07383e+09 58 27.7354 30 0.110592
1244 7.20576e+16 4.04961e+14 2.14758e+09 56 27.6348 31 0.11947
1245 2.30584e+18 2.36404e+15 5.36956e+08 61 26.3711 29 0.12115
1246 5.76461e+17 9.67413e+14 1.718e+10 59 29.2295 34 0.117775
1247 1.44115e+17 7.15334e+14 4.29506e+09 57 28.1064 32 0.130274
1248 1.15292e+18 2.06404e+15 2.14757e+09 60 27.6045 31 0.120258
1249 5.76461e+17 1.33256e+15 2.68521e+08 59 26.6934 28 0.111475
1250 5.76461e+17 1.21956e+15 5.36936e+08 59 26.3457 29 0.115492
1251 7.20576e+16 2.85094e+14 2.14757e+09 56 27.3691 31 0.119859
1252 2.30584e+18 5.15065e+15 1.34289e+08 61 26.04 27 0.115863
1253 2.8823e+17 8.28852e+14 5.36961e+08 58 26.4775 29 0.115066
1254 1.44115e+17 5.42028e+14 1.07382e+09 57 26.5166 30 0.115034
1255 7.20576e+16 2.86591e+14 6.71745e+07 56 24.5342 26 0.114699
1256 2.8823e+17 6.06869e+14 3.36154e+07 58 24.5498 25 0.114466
1257 2.8823e+17 7.02435e+14 2.68516e+08 58 26.1768 28 0.119173
1258 7.20576e+16 3.35572e+14 1.07383e+09 56 27.1748 30 0.118437
1259 1.44115e+17 3.71607e+14 6.71756e+07 57 25.4521 26 0.108154
1260 2.8823e+17 7.70844e+14 1.07384e+09 58 27.7783 30 0.116744
1261 1.15292e+18 1.36898e+15 2.6852e+08 60 27.0547 28 0.116582
1262 1.44115e+17 5.94999e+14 5.36956e+08 57 27.2334 29 0.117014
1263 5.76461e+17 7.9207e+14 1.34291e+08 59 25.2314 27 0.111002
1264 9.22337e+18 1.0339e+16 1.34293e+08 63 25.4219 27 0.106225
1265 3.60288e+16 1.86417e+14 3.36122e+07 55 23.6787 25 0.103276
1266 2.8823e+17 5.57138e+14 1.68245e+07 58 22.9854 24 0.10274
1267 2.8823e+17 4.03217e+14 8.4449e+06 58 23.1484 23 0.107888
1268 7.20576e+16 3.15359e+14 1.07382e+09 56 27.0332 30 0.107771
1269 7.20576e+16 2.76348e+14 1.07383e+09 56 27.4863 30 0.119494
1270 5.76461e+17 7.80192e+14 2.68511e+08 59 26.5068 28 0.122012
1271 7.20576e+16 3.83325e+14 2.14757e+09 56 28.5713 31 0.119271
1272 5.76461e+17 8.77586e+14 1.07383e+09 59 26.8809 30 0.111521
1273 1.44115e+17 6.06256e+14 2.14757e+09 57 27.9121 31 0.116846
1274 1.44115e+17 3.89262e+14 5.36947e+08 57 26.2295 29 0.114043
1275 1.44115e+17 3.63811e+14 6.71828e+07 57 25.5801 26 0.10736
1276 2.8823e+17 9.72952e+14 1.34281e+08 58 25.8496 27 0.112804
1277 7.20576e+16 4.82936e+14 1.3428e+08 56 25.71 27 0.114317
1278 1.44115e+17 2.4246e+14 3.36184e+07 57 25.1611 25 0.116554
1279 7.3787e+19 7.24393e+16 1.34291e+08 66 25.9346 27 0.105457
1280 7.20576e+16 3.37358e+14 2.14758e+09 56 29.0371 31 0.117092
1281 2.8823e+17 4.14173e+14 1.34298e+08 58 26.0469 27 0.106752
1282 5.76461e+17 8.08053e+14 2.68497e+08 59 26.0498 28 0.11769
1283 1.44115e+17 5.91453e+14 5.36955e+08 57 27.2959 29 0.116048
1284 7.20576e+16 3.28789e+14 2.68524e+08 56 26.4824 28 0.111412
1285 5.76461e+17 9.76404e+14 2.68504e+08 59 25.9258 28 0.112708
1286 7.20576e+16 2.01301e+14 3.36296e+07 56 24.3184 25 0.10078
1287 1.44115e+17 5.08298e+14 2.6851e+08 57 25.9873 28 0.110451
1288 1.44115e+17 3.19352e+14 3.36224e+07 57 24.2939 25 0.101011
1289 2.30584e+18 2.60138e+15 6.71724e+07 61 24.5674 26 0.10472
1290 3.60288e+16 1.46691e+14 5.36955e+08 55 27.0234 29 0.111177
1291 7.20576e+16 3.97757e+14 1.34286e+08 56 25.1846 27 0.108364
1292 2.8823e+17 4.89302e+14 2.68513e+08 58 25.666 28 0.107625
1293 1.80144e+16 1.31379e+14 2.68517e+08 54 26.0889 28 0.105953
1294 7.20576e+16 2.81968e+14 5.36954e+08 56 26.3232 29 0.10854
1295 5.76461e+17 9.94411e+14 1.07382e+09 59 27.3604 30 0.112546
1296 3.60288e+16 1.52846e+14 1.68412e+07 55 24.6934 24 0.104584
1297 5.76461e+17 7.97756e+14 1.34294e+08 59 25.3281 27 0.102722
1298 7.20576e+16 2.06038e+14 4.29507e+09 56 27.8535 32 0.108481
1299 7.20576e+16 3.25047e+14 1.07384e+09 56 26.6133 30 0.111138
1300 1.44115e+17 6.05731e+14 4.29506e+09 57 27.3447 32 0.110993
1301 7.20576e+16 3.35576e+14 2.14758e+09 56 27.1504 31 0.109486
1302 7.20576e+16 3.06874e+14 1.07383e+09 56 26.1846 30 0.106992
1303 2.30584e+18 2.52269e+15 2.68514e+08 61 25.9209 28 0.111641
1304 5.76461e+17 1.83206e+15 1.718e+10 59 28.9004 34 0.113338
1305 2.30584e+18 3.38395e+15 1.34289e+08 61 25.4453 27 0.108289
1306 1.15292e+18 1.57956e+15 6.71708e+07 60 24.9053 26 0.102448
1307 2.8823e+17 7.41593e+14 5.36954e+08 58 26.8496 29 0.115899
1308 2.8823e+17 1.13159e+15 1.68383e+07 58 24.2959 24 0.106703
1309 2.8823e+17 1.10116e+15 6.71735e+07 58 25.0693 26 0.107802
1310 2.8823e+17 1.20492e+15 6.71775e+07 58 25.1221 26 0.107915
1311 2.30584e+18 4.79911e+15 1.34281e+08 61 24.9111 27 0.101009
1312 2.8823e+17 9.82677e+14 3.36162e+07 58 24.3906 25 0.100671
1313 2.8823e+17 7.10945e+14 6.718e+07 58 24.7236 26 0.103252
1314 2.8823e+17 7.14527e+14 2.68513e+08 58 25.4307 28 0.106774
1315 1.15292e+18 2.76322e+15 5.36955e+08 60 26.4443 29 0.110759
1316 1.44115e+17 1.11203e+15 5.36956e+08 57 26.7725 29 0.110995
1317 2.8823e+17 1.30163e+15 1.34288e+08 58 25.4697 27 0.10932
1318 1.15292e+18 2.42476e+15 2.14758e+09 60 27.0889 31 0.109904
1319 4.61169e+18 9.41364e+15 2.68506e+08 62 25.2695 28 0.1044
1320 3.60288e+16 4.12538e+14 6.71767e+07 55 24.5986 26 0.101689
1321 2.30584e+18 4.72671e+15 1.34298e+08 61 25.5752 27 0.105738
1322 4.61169e+18 6.67177e+15 1.07383e+09 62 27.0625 30 0.11243
1323 1.15292e+18 2.14334e+15 6.71763e+07 60 24.8506 26 0.106407
1324 5.76461e+17 1.75993e+15 2.68507e+08 59 25.4229 28 0.103835
1325 5.76461e+17 1.31979e+15 1.34288e+08 59 25.4023 27 0.109133
1326 1.15292e+18 2.73819e+15 6.71783e+07 60 24.709 26 0.109099
1327 5.76461e+17 1.42402e+15 2.68509e+08 59 25.8281 28 0.108894
1328 4.61169e+18 6.40049e+15 1.07382e+09 62 27.1914 30 0.115412
1329 4.61169e+18 1.15517e+16 5.3695e+08 62 26.9316 29 0.110968
1330 1.15292e+18 2.45478e+15 5.36947e+08 60 26.7158 29 0.114885
1331 5.76461e+17 1.94047e+15 1.07382e+09 59 26.7744 30 0.122168
1332 1.15292e+18 3.12547e+15 1.07382e+09 60 27.4434 30 0.117744
1333 1.15292e+18 2.44015e+15 6.71723e+07 60 24.9531 26 0.113905
1334 1.15292e+18 2.72277e+15 1.07383e+09 60 26.9961 30 0.11345
1335 2.30584e+18 5.32724e+15 5.36947e+08 61 26.2197 29 0.111933
1336 1.15292e+18 2.02513e+15 1.07383e+09 60 27.8311 30 0.115866
1337 1.15292e+18 2.29516e+15 5.36942e+08 60 26.5088 29 0.113701
1338 4.61169e+18 1.27888e+16 2.14756e+09 62 27.5811 31 0.118051
1339 2.8823e+17 1.03704e+15 1.07382e+09 58 27.2695 30 0.12748
1340 5.76461e+17 3.07867e+15 5.36951e+08 59 26.6885 29 0.110521
1341 2.30584e+18 3.01741e+15 5.36958e+08 61 26.373 29 0.119265
1342 1.15292e+18 2.40755e+15 2.14757e+09 60 28.7725 31 0.122326
1343 2.30584e+18 7.382e+15 5.36944e+08 61 26.5381 29 0.118041
1344 9.22337e+18 1.259e+16 5.36963e+08 63 27.1299 29 0.113279
1345 4.61169e+18 7.78366e+15 4.29506e+09 62 29.7979 32 0.126208
1346 3.68935e+19 3.79652e+16 4.29508e+09 65 30.1768 32 0.124601
1347 2.8823e+17 1.51313e+15 8.59003e+09 58 30.0713 33 0.12441
1348 1.15292e+18 3.6184e+15 8.59004e+09 60 30.7793 33 0.135267
1349 1.15292e+18 4.00016e+15 4.29507e+09 60 30.4463 32 0.133097
1350 1.15292e+18 5.27539e+15 1.07384e+09 60 28.8828 30 0.131701
1351 1.84467e+19 2.89238e+16 2.14758e+09 64 29.0303 31 0.126589
1352 5.76461e+17 2.54582e+15 4.29506e+09 59 29.9678 32 0.132902
1353 1.84467e+19 2.29504e+16 1.718e+10 64 30.9072 34 0.129026
1354 2.8823e+17 2.09093e+15 4.29505e+09 58 28.1553 32 0.127708
1355 2.8823e+17 1.47556e+15 4.29506e+09 58 28.8828 32 0.119686
1356 2.30584e+18 6.69535e+15 4.29507e+09 61 29.3174 32 0.120204
1357 4.61169e+18 9.49746e+15 4.29505e+09 62 28.5557 32 0.121026
1358 9.22337e+18 1.51461e+16 2.14759e+09 63 28.8682 31 0.121302
1359 9.22337e+18 1.23737e+16 4.29506e+09 63 29.7354 32 0.125801
1360 2.30584e+18 4.73184e+15 2.68516e+08 61 27.4902 28 0.117104
1361 5.76461e+17 3.25167e+15 1.34286e+08 59 26.3477 27 0.11791
1362 1.15292e+18 2.02914e+15 1.34284e+08 60 25.5381 27 0.106591
1363 2.30584e+18 3.75165e+15 1.07383e+09 61 27.8369 30 0.115003
1364 5.76461e+17 2.24865e+15 2.14757e+09 59 28.2061 31 0.118226
1365 1.15292e+18 2.95601e+15 5.3695e+08 60 27.2412 29 0.116782
1366 4.61169e+18 9.2343e+15 1.07381e+09 62 27.4482 30 0.119253
1367 1.15292e+18 1.9873e+15 2.68504e+08 60 26.3135 28 0.113202
1368 5.76461e+17 2.5047e+15 1.07384e+09 59 28.2314 30 0.114498
1369 2.8823e+17 2.27383e+15 2.14757e+09 58 29.082 31 0.121163
1370 5.76461e+17 1.78607e+15 5.36962e+08 59 27.2158 29 0.114288
1371 2.30584e+18 6.4148e+15 2.68518e+08 61 27.0469 28 0.114548
1372 5.76461e+17 1.99332e+15 6.71796e+07 59 25.7266 26 0.108673
1373 1.15292e+18 3.01481e+15 6.71726e+07 60 25.4746 26 0.107024
1374 2.8823e+17 9.18942e+14 1.34291e+08 58 26.2158 27 0.109528
1375 5.76461e+17 1.81286e+15 1.683e+07 59 24.1807 24 0.105376
1376 1.47574e+20 1.46341e+17 1.34292e+08 67 25.7744 27 0.112705
1377 2.8823e+17 1.78778e+15 2.14757e+09 58 28.8301 31 0.120649
1378 2.30584e+18 4.81952e+15 1.07384e+09 61 28.1465 30 0.120207
1379 9.22337e+18 1.28713e+16 2.14757e+09 63 27.8184 31 0.124145
1380 5.76461e+17 2.21902e+15 1.07382e+09 59 27.6279 30 0.11227
1381 2.8823e+17 1.7671e+15 4.29505e+09 58 29.0596 32 0.1234
1382 2.30584e+18 4.4059e+15 2.14758e+09 61 28.9717 31 0.121716
1383 2.30584e+18 4.18464e+15 1.07382e+09 61 28.1377 30 0.117603
1384 2.30584e+18 5.74635e+15 8.59e+09 61 29.6816 33 0.12651
1385 2.30584e+18 8.1334e+15 1.07383e+09 61 28.2383 30 0.123668
1386 1.15292e+18 4.07322e+15 2.14758e+09 60 28.6465 31 0.119621
1387 4.61169e+18 6.18727e+15 1.34295e+08 62 26.8691 27 0.125679
1388 4.61169e+18 7.38316e+15 8.59004e+09 62 30.0186 33 0.132478
1389 1.15292e+18 3.54227e+15 2.14757e+09 60 28.7109 31 0.123099
1390 4.61169e+18 6.47218e+15 1.07382e+09 62 27.749 30 0.127195
1391 1.44115e+17 1.38565e+15 1.07383e+09 57 28.3604 30 0.12129
1392 1.15292e+18 1.9415e+15 1.34294e+08 60 26.2607 27 0.112997
1393 9.22337e+18 1.29229e+16 1.3429e+08 63 26.7197 27 0.117257
1394 1.15292e+18 3.53623e+15 5.36959e+08 60 28.0107 29 0.115486
1395 9.22337e+18 1.05312e+16 1.3429e+08 63 26.9395 27 0.114408
1396 1.15292e+18 3.57587e+15 4.29506e+09 60 28.6182 32 0.118039
1397 1.84467e+19 2.06526e+16 5.36958e+08 64 27.1934 29 0.115396
1398 4.61169e+18 9.36303e+15 2.14758e+09 62 28.7139 31 0.120385
1399 1.15292e+18 4.97893e+15 2.68512e+08 60 27.0098 28 0.11545
1400 5.76461e+17 1.39888e+15 6.71719e+07 59 25.2061 26 0.109831
1401 1.84467e+19 2.36405e+16 3.36155e+07 64 24.79 25 0.106394
1402 5.76461e+17 1.69597e+15 1.34295e+08 59 26.124 27 0.108895
1403 4.61169e+18 1.02657e+16 1.34291e+08 62 26.0674 27 0.113619
1404 4.61169e+18 8.86877e+15 1.34286e+08 62 26.6904 27 0.110293
1405 2.30584e+18 4.42128e+15 6.71794e+07 61 25.0459 26 0.110432
1406 1.15292e+18 4.23163e+15 2.68516e+08 60 26.8184 28 0.111822
1407 9.22337e+18 1.07101e+16 3.36222e+07 63 25.5381 25 0.106243
1408 2.30584e+18 4.8812e+15 6.71752e+07 61 25.1582 26 0.115225
1409 4.61169e+18 7.47804e+15 2.68504e+08 62 26.0645 28 0.113596
1410 5.76461e+17 1.70114e+15 6.71698e+07 59 25.1885 26 0.106795
1411 5.76461e+17 1.43431e+15 1.3429e+08 59 25.9395 27 0.107475
1412 7.3787e+19 7.29419e+16 1.34284e+08 66 25.5635 27 0.106614
1413 2.30584e+18 2.72898e+15 1.68301e+07 61 23.6758 24 0.100057
1414 1.15292e+18 2.49162e+15 6.7178e+07 60 25.6113 26 0.110613
1415 1.15292e+18 2.51065e+15 6.71746e+07 60 25.0908 26 0.10782
1416 7.3787e+19 9.10309e+16 6.71705e+07 66 25.3809 26 0.112214
1417 1.84467e+19 2.86658e+16 6.71776e+07 64 25.8945 26 0.110506
1418 9.22337e+18 1.4587e+16 1.3429e+08 63 25.6924 27 0.107355
1419 1.15292e+18 3.15415e+15 1.34297e+08 60 25.9238 27 0.109089
1420 1.15292e+18 3.66889e+15 2.68508e+08 60 26.1582 28 0.108345
1421 4.61169e+18 6.91729e+15 1.34274e+08 62 26.1572 27 0.108232
1422 2.8823e+17 1.37905e+15 2.68512e+08 58 26.2812 28 0.107924
1423 9.22337e+18 1.10745e+16 6.71697e+07 63 24.7725 26 0.103017
1424 4.61169e+18 9.19087e+15 6.71623e+07 62 25.3643 26 0.110161
1425 1.15292e+18 3.56989e+15 1.34306e+08 60 25.8477 27 0.107214
1426 2.30584e+18 5.11181e+15 5.36945e+08 61 26.9375 29 0.11273
1427 1.44115e+17 1.26387e+15 5.3697e+08 57 26.7773 29 0.11004
1428 4.61169e+18 8.60394e+15 1.34296e+08 62 25.7979 27 0.107969
1429 4.61169e+18 9.09347e+15 2.14758e+09 62 27.54 31 0.114961
1430 1.15292e+18 4.06828e+15 4.29506e+09 60 28.8086 32 0.119354
1431 4.61169e+18 5.39823e+15 5.36952e+08 62 26.8564 29 0.118194
1432 5.76461e+17 2.4291e+15 1.07384e+09 59 27.8223 30 0.119318
1433 2.8823e+17 2.08266e+15 1.07383e+09 58 27.5293 30 0.116916
1434 5.76461e+17 1.75951e+15 1.07384e+09 59 27.8076 30 0.117308
1435 1.84467e+19 2.14151e+16 5.3695e+08 64 26.7197 29 0.122561
1436 4.61169e+18 1.15857e+16 6.87196e+10 62 32.0752 36 0.132696
1437 1.15292e+18 4.55582e+15 8.59005e+09 60 29.6309 33 0.124465
1438 9.22337e+18 1.31929e+16 8.59004e+09 63 29.2842 33 0.125202
1439 4.61169e+18 6.42893e+15 1.718e+10 62 31.0596 34 0.128532
1440 4.61169e+18 6.82635e+15 6.87196e+10 62 31.7412 36 0.130468
1441 2.30584e+18 3.78472e+15 3.43599e+10 61 31.6738 35 0.137877
1442 5.76461e+17 3.13855e+15 3.43599e+10 59 31.2793 35 0.128075
1443 9.22337e+18 1.96113e+16 3.43598e+10 63 31.4004 35 0.130597
1444 3.68935e+19 4.27307e+16 3.43599e+10 65 30.9111 35 0.127703
1445 5.76461e+17 2.89677e+15 1.718e+10 59 29.6475 34 0.129733
1446 1.15292e+18 2.68022e+15 1.718e+10 60 30.2812 34 0.126381
1447 1.15292e+18 3.68624e+15 4.29507e+09 60 28.7871 32 0.126813
1448 4.61169e+18 8.66936e+15 2.14757e+09 62 27.8467 31 0.118172
1449 1.84467e+19 2.20042e+16 3.43599e+10 64 30.2061 35 0.124678
1450 7.3787e+19 8.40954e+16 3.43599e+10 66 30.4375 35 0.130143
1451 1.15292e+18 3.66489e+15 3.43598e+10 60 30.0879 35 0.1309
1452 9.22337e+18 1.97002e+16 8.59004e+09 63 29.4355 33 0.129802
1453 2.30584e+18 4.38487e+15 2.14757e+09 61 27.9463 31 0.118043
1454 1.15292e+18 3.25347e+15 1.07383e+09 60 26.8828 30 0.120001
1455 5.76461e+17 2.70551e+15 4.29507e+09 59 28.8223 32 0.126491
1456 2.30584e+18 4.88804e+15 4.29506e+09 61 28.3809 32 0.123509
1457 2.30584e+18 5.15551e+15 4.29505e+09 61 27.7383 32 0.122415
1458 2.8823e+17 1.46452e+15 1.07383e+09 58 27.1416 30 0.115561
1459 1.15292e+18 3.44463e+15 1.07383e+09 60 26.9795 30 0.112926
1460 4.61169e+18 5.63932e+15 4.29506e+09 62 28.2588 32 0.118537
1461 9.22337e+18 1.18817e+16 4.29506e+09 63 27.9023 32 0.115568
1462 1.15292e+18 4.21915e+15 8.59004e+09 60 28.6963 33 0.125824
1463 9.22337e+18 1.32308e+16 5.3695e+08 63 26.2441 29 0.111444
1464 1.84467e+19 1.99227e+16 8.44375e+06 64 23.5576 23 0.110284
1465 9.22337e+18 1.26954e+16 1.07382e+09 63 26.207 30 0.113504
1466 2.30584e+18 7.80451e+15 1.07383e+09 61 27.375 30 0.11455
1467 4.61169e+18 8.64457e+15 5.36957e+08 62 26.6367 29 0.12137
1468 1.15292e+18 2.45629e+15 1.3429e+08 60 25.1621 27 0.11309
1469 1.15292e+18 3.60936e+15 2.68503e+08 60 25.9785 28 0.113078
1470 3.68935e+19 3.83269e+16 2.68516e+08 65 25.9824 28 0.114957
1471 3.68935e+19 3.84279e+16 1.718e+10 65 29.6611 34 0.123215
1472 4.61169e+18 1.62533e+16 6.87196e+10 62 31.6758 36 0.131141
1473 1.84467e+19 4.29536e+16 8.59003e+09 64 28.8398 33 0.128142
1474 1.15292e+18 3.6272e+15 6.87196e+10 60 31.4102 36 0.128701
1475 1.15292e+18 3.99431e+15 1.718e+10 60 30.1592 34 0.13321
1476 1.84467e+19 2.31927e+16 4.29507e+09 64 28.3682 32 0.123754
1477 2.30584e+18 4.21079e+15 1.718e+10 61 29.5059 34 0.130354
1478 1.44115e+17 9.18096e+14 2.14757e+09 57 27.96 31 0.118147
1479 2.30584e+18 4.21487e+15 4.29506e+09 61 28.7793 32 0.121641
1480 9.22337e+18 1.17445e+16 2.14757e+09 63 27.5195 31 0.115695
1481 5.76461e+17 1.81788e+15 2.685e+08 59 25.9707 28 0.115639
1482 2.8823e+17 8.68668e+14 1.34278e+08 58 25.3418 27 0.109651
1483 2.8823e+17 8.51576e+14 2.68515e+08 58 26.332 28 0.113811
1484 7.20576e+16 5.19419e+14 5.36951e+08 56 26.6318 29 0.110767
1485 2.8823e+17 9.11491e+14 1.34297e+08 58 26.332 27 0.114172
1486 5.76461e+17 1.4214e+15 5.36956e+08 59 27.415 29 0.114055
1487 1.44115e+17 7.4596e+14 1.07382e+09 57 27.377 30 0.111652
1488 5.76461e+17 1.52399e+15 2.68516e+08 59 26.1689 28 0.113106
1489 2.30584e+18 5.57952e+15 5.36957e+08 61 27.1455 29 0.116942
1490 4.61169e+18 6.60761e+15 4.29506e+09 62 28.2275 32 0.119138
1491 5.76461e+17 2.11367e+15 2.14758e+09 59 27.9473 31 0.119763
1492 2.30584e+18 3.50329e+15 1.07384e+09 61 27.5273 30 0.116568
1493 4.61169e+18 7.51726e+15 1.07381e+09 62 27.1045 30 0.116906
1494 3.68935e+19 4.31925e+16 1.34286e+08 65 25.9434 27 0.112185
1495 1.84467e+19 2.3859e+16 6.71741e+07 64 25.4287 26 0.121115
1496 5.76461e+17 3.88116e+15 3.36202e+07 59 24.9316 25 0.111597
1497 3.68935e+19 4.2985e+16 6.71722e+07 65 25.1836 26 0.110446
1498 4.61169e+18 1.11614e+16 4.29506e+09 62 29.1436 32 0.117307
1499 9.22337e+18 2.03166e+16 2.14757e+09 63 27.9814 31 0.118792
