215.677
0 109.829 6.61719 4 1 0.0234375 0 0.00462859
1 435.151 8.28005 4 2 0.0351562 0 0.00461467
2 434.954 9.19688 4 2 0.0410156 0 0.00463022
3 113.897 8.86895 5 1 0.0410156 0 0.00452645
4 435.151 9.62159 5 2 0.0449219 0 0.00450484
5 435.149 9.59389 5 2 0.0449219 0 0.00451955
6 110.903 8.38207 5 1 0.0351562 0 0.00458778
7 112.934 9.55628 5 1 0.0458984 0 0.00455067
8 110.371 8.66151 5 1 0.0380859 0 0.00448714
9 434.954 10.242 5 2 0.0458984 0 0.0046597
10 111.937 9.20269 5 1 0.0390625 0 0.00467109
11 435.151 10.7898 6 2 0.0507812 0 0.00460925
12 434.129 9.2682 5 2 0.0390625 0 0.00457829
13 435.149 10.8096 6 2 0.0478516 0 0.00468017
14 435.117 12.4893 6 2 0.0654297 0 0.00483575
15 435.053 11.2498 6 2 0.0556641 0 0.00460086
16 110.371 9.36886 6 1 0.0400391 0 0.00457674
17 1011.78 13.2139 6 3 0.0615234 0 0.00467031
18 434.818 10.9673 6 2 0.0546875 0 0.0045741
19 435.127 10.3462 6 2 0.0458984 0 0.00466314
20 1010.21 10.7226 6 3 0.0429688 0 0.00461121
21 435.151 10.9478 6 2 0.0537109 0 0.00455734
22 435.053 11.178 6 2 0.0507812 0 0.00469835
23 435.151 11.7194 6 2 0.0546875 0 0.00469758
24 434.954 10.5571 6 2 0.0458984 0 0.00462023
25 435.149 11.1197 6 2 0.0478516 0 0.00474381
26 435.151 12.0458 6 2 0.0605469 0 0.00460349
27 435.053 12.5607 6 2 0.0585938 0 0.00470011
28 434.818 10.589 6 2 0.046875 0 0.00465342
29 112.934 10.6329 6 1 0.0517578 0 0.00457073
30 435.127 12.2074 6 2 0.0566406 0 0.00462631
31 435.127 13.2559 6 2 0.0673828 0 0.00462653
32 434.954 11.243 6 2 0.0546875 0 0.00466731
33 435.117 12.3839 6 2 0.0644531 0 0.00458523
34 110.903 11.2981 6 1 0.0576172 0 0.00465603
35 435.127 13.0573 6 2 0.0615234 0 0.00466357
36 435.151 10.3657 6 2 0.0410156 0 0.00465148
37 435.151 11.8786 6 2 0.0537109 0 0.00468784
38 435.151 12.8371 6 2 0.0644531 0 0.0049551
39 435.127 12.5535 6 2 0.0644531 0 0.00489998
40 435.151 14.7565 6 2 0.0800781 0 0.00498402
41 435.149 12.3858 6 2 0.0585938 0 0.00500485
42 434.818 11.5023 6 2 0.0517578 0 0.00492895
43 435.151 12.6629 6 2 0.0576172 0 0.00471717
44 435.151 13.4432 6 2 0.0683594 0 0.00472883
45 109.829 13.9956 7 1 0.0761719 0 0.00473696
46 435.149 13.258 7 2 0.0664062 0 0.00468673
47 1008.21 16.1207 7 3 0.0830078 0 0.00477165
48 435.149 14.2365 7 2 0.0742188 0 0.00472285
49 435.127 14.4216 7 2 0.0732422 0 0.0047321
50 435.149 14.7975 7 2 0.0703125 0 0.00471529
51 435.151 14.0823 7 2 0.0703125 0 0.00481254
52 111.425 13.0341 7 1 0.0644531 0 0.0048049
53 435.149 15.0432 7 2 0.0791016 0 0.0048128
54 435.151 13.9385 7 2 0.0683594 0 0.00481319
55 435.151 16.098 7 2 0.0869141 0 0.00481983
56 435.151 15.1929 7 2 0.078125 0 0.00478851
57 435.053 14.0675 8 2 0.0673828 0 0.00487876
58 435.149 15.2784 8 2 0.0742188 0 0.00491583
59 1012.18 16.2748 8 3 0.0800781 0 0.00486825
60 435.151 16.2863 8 2 0.0869141 0 0.00482345
61 435.149 16.0751 8 2 0.0810547 0 0.00490667
62 435.149 17.5907 8 2 0.0976562 0 0.00490726
63 434.954 16.0174 8 2 0.0830078 0 0.00501665
64 435.127 18.2565 8 2 0.0947266 0 0.00495
65 435.151 19.4573 8 2 0.107422 0 0.00482303
66 435.149 20.3263 8 2 0.112305 0 0.00492532
67 435.127 15.3044 8 2 0.0761719 0 0.00487941
68 435.151 17.5294 8 2 0.0898438 0 0.00500859
69 1010.79 16.3222 8 3 0.0800781 0 0.00494327
70 435.127 18.0655 8 2 0.0957031 0 0.00484629
71 435.151 19.4335 8 2 0.104492 0 0.00491882
72 435.127 16.9567 8 2 0.0917969 0 0.00499552
73 1011.31 19.5681 8 3 0.101562 0 0.00492262
74 435.149 19.4636 8 2 0.108398 0 0.00487022
75 435.149 16.9517 8 2 0.0878906 0 0.00494664
76 435.127 19.2579 8 2 0.101562 0 0.00490967
77 435.053 17.6015 8 2 0.0917969 0 0.00495404
78 435.151 22.2175 8 2 0.128906 0 0.00495802
79 1008.92 20.4059 8 3 0.108398 0 0.00508958
80 435.151 20.3855 8 2 0.109375 0 0.00498453
81 435.053 18.2102 8 2 0.0996094 0 0.00501219
82 1009.59 20.3159 9 3 0.110352 0 0.00501784
83 998.128 21.1055 8 3 0.107422 0 0.00501598
84 435.151 22.699 9 2 0.12793 0 0.00499155
85 435.149 21.4897 9 2 0.114258 0 0.00505759
86 435.151 18.7162 8 2 0.0957031 0 0.00501587
87 1012.18 22.4953 8 3 0.12207 0 0.005029
88 1843.9 22.7296 9 4 0.120117 0 0.00505202
89 435.149 19.9982 9 2 0.105469 0 0.00505112
90 435.151 22.0417 9 2 0.12207 0 0.00506254
91 435.149 23.1435 9 2 0.133789 0 0.00509832
92 435.151 23.1185 9 2 0.123047 0 0.00515182
93 435.151 20.8424 9 2 0.112305 0 0.00516112
94 1012.18 23.1995 9 3 0.125977 0 0.00512498
95 1008.92 22.8366 9 3 0.120117 0 0.00513921
96 435.149 24.553 9 2 0.130859 0 0.00517366
97 1005.85 22.0454 9 3 0.123047 0 0.00519038
98 1007.46 24.1998 9 3 0.132812 0 0.00509904
99 435.151 23.0634 9 2 0.131836 0 0.00516179
100 435.149 20.1381 9 2 0.114258 0 0.00534479
101 435.151 20.9043 9 2 0.110352 0 0.0051792
102 1010.79 20.8257 9 3 0.108398 0 0.00515903
103 435.151 23.2598 9 2 0.12793 0 0.00517482
104 1009.59 24.848 9 3 0.137695 0 0.00513688
105 1002.23 23.7465 9 3 0.12793 0 0.00512793
106 1010.79 25.0178 9 3 0.133789 0 0.00515961
107 1008.21 24.3955 9 3 0.124023 0 0.00525381
108 435.053 21.7072 9 2 0.12207 0 0.00516852
109 435.151 25.5381 9 2 0.15332 0 0.00523719
110 435.151 24.4605 9 2 0.139648 0 0.00531589
111 435.149 24.871 9 2 0.143555 0 0.00517568
112 435.149 24.5131 9 2 0.139648 0 0.00527372
113 435.151 24.2208 9 2 0.133789 0 0.00515145
114 435.151 23.9479 9 2 0.125 0 0.00523579
115 435.151 23.7109 9 2 0.129883 0 0.00525532
116 1009.59 24.6948 9 3 0.140625 0 0.00527005
117 435.149 21.3005 9 2 0.106445 0 0.00525742
118 435.149 25.096 9 2 0.136719 0 0.00536549
119 435.149 24.77 10 2 0.140625 0 0.00540172
120 435.151 26.154 10 2 0.136719 0 0.00544747
121 435.151 24.3229 10 2 0.129883 0 0.00537392
122 435.151 28.3801 10 2 0.161133 0 0.0053975
123 1843.9 26.1047 10 4 0.131836 0 0.00531232
124 435.151 25.5736 10 2 0.145508 0 0.00538344
125 435.151 26.4473 10 2 0.149414 0 0.00542945
126 1012.18 27.0815 10 3 0.144531 0 0.00535588
127 435.151 23.851 10 2 0.123047 0 0.00541585
128 435.127 28.2909 10 2 0.155273 0 0.00534189
129 1004.1 29.0249 10 3 0.161133 0 0.00558528
130 1010.79 29.6937 10 3 0.163086 0 0.00538484
131 435.151 27.2917 11 2 0.150391 0 0.0054947
132 1010.21 28.5554 10 3 0.15625 0 0.00539471
133 435.127 30.2035 11 2 0.166016 0 0.0054455
134 435.151 30.289 11 2 0.169922 0 0.00549032
135 435.151 30.0634 11 2 0.163086 0 0.00564958
136 435.151 27.954 10 2 0.160156 0 0.0055278
137 1004.1 35.4174 11 3 0.193359 0 0.0057819
138 1011.31 30.4556 11 3 0.165039 0 0.0057654
139 435.149 30.8858 11 2 0.160156 0 0.0058656
140 1001.24 34.7556 11 3 0.189453 0 0.00573804
141 435.149 33.3924 11 2 0.181641 0 0.00583166
142 1005.85 37.8116 11 3 0.203125 0 0.00607536
143 1000.23 31.9167 11 3 0.163086 0 0.00569122
144 1007.46 31.9625 11 3 0.170898 0 0.00583556
145 1010.21 34.3732 11 3 0.183594 0 0.00589958
146 1009.59 36.8853 12 3 0.208008 0 0.00585806
147 1800.39 39.885 12 4 0.208984 0 0.00600129
148 1832.91 42.5803 12 4 0.223633 0 0.00626068
149 987.443 38.944 12 3 0.220703 0 0.0059388
150 1001.24 37.8807 12 3 0.211914 0 0.00617181
151 1842.49 41.4683 12 4 0.216797 0 0.00616005
152 1004.1 39.4163 12 3 0.210938 0 0.00604286
153 1011.31 45.5243 13 3 0.248047 0 0.00623295
154 1001.24 43.8827 13 3 0.242188 0 0.00630664
155 1000.23 47.3754 14 3 0.265625 0 0.00645313
156 1011.78 48.3644 14 3 0.262695 0 0.00699458
157 1763.17 50.3842 15 4 0.259766 0 0.00634808
158 1008.92 55.9214 16 3 0.293945 0 0.00674879
159 1010.79 53.4829 16 3 0.280273 0 0.006741
160 1825.63 60.1142 16 4 0.30957 0 0.00687459
161 1007.46 61.0907 17 3 0.328125 0 0.00704381
162 2927.27 62.7 17 5 0.324219 0 0.00734253
163 1012.18 64.6074 18 3 0.321289 0 0.00724526
164 1008.92 61.0832 18 3 0.304688 0 0.00759088
165 1832.91 57.1279 18 4 0.277344 0 0.00753512
166 1004.1 63.3298 19 3 0.317383 0 0.00734849
167 1825.63 74.7291 20 4 0.369141 0 0.00764964
168 1834.62 73.2979 20 4 0.345703 0 0.00794091
169 2488.11 74.1777 20 5 0.361328 0 0.00752107
170 1823.71 77.0203 21 4 0.375 0 0.00775733
171 1827.51 61.1212 20 4 0.304688 0 0.00774846
172 1821.75 75.2167 22 4 0.361328 0 0.00788165
173 1005.85 72.0549 22 3 0.371094 0 0.00779931
174 2826.95 69.5134 21 5 0.333008 0 0.0078751
175 2580.91 71.4319 22 5 0.350586 0 0.00800436
176 1823.71 77.0333 25 4 0.371094 0 0.00854666
177 1834.62 76.5382 24 4 0.371094 0 0.00831347
178 1776.18 76.1454 26 4 0.384766 0 0.00849582
179 1802.66 85.3663 25 4 0.395508 0 0.008543
180 1008.92 79.5434 26 3 0.399414 0 0.00864797
181 1000.23 73.2827 26 3 0.362305 0 0.00871358
182 2860.33 84.7751 27 5 0.385742 0 0.00873086
183 1819.76 89.2413 27 4 0.424805 0 0.00866023
184 1825.63 90.7074 23 4 0.414062 0 0.00827074
185 1001.24 82.1345 29 3 0.401367 0 0.00861562
186 1798.09 84.4226 27 4 0.401367 0 0.00898195
187 1832.91 80.4887 25 4 0.363281 0 0.00965979
188 1005.85 84.108 28 3 0.413086 0 0.00885107
189 1809.31 88.179 29 4 0.402344 0 0.00910717
190 5349.14 81.5204 27 7 0.383789 0 0.00919708
191 1755.09 89.9898 35 4 0.414062 0 0.00956337
192 2881.17 89.4065 29 5 0.396484 0 0.00986133
193 1827.51 89.7319 36 4 0.398438 0 0.0098329
194 2714.12 100.593 39 5 0.430664 0 0.00996408
195 2668.24 102.19 53 5 0.442383 0 0.0100546
196 1813.59 101.141 55 4 0.431641 0 0.0102207
197 1809.31 90.8277 52 4 0.391602 0 0.0103695
198 2620.44 101.941 37 5 0.429688 0 0.0103313
199 1832.91 95.595 101 4 0.413086 0 0.0107143
200 1821.75 100.546 101 4 0.426758 0 0.0107582
201 1752.35 95.4757 101 4 0.398438 0 0.0116856
202 2903.85 93.9789 101 5 0.40625 0 0.0108743
203 4155.95 107.238 101 6 0.43457 0 0.0114037
204 1776.18 90.9205 47 4 0.37207 0 0.0109326
205 1708.97 94.831 101 4 0.388672 0 0.0110429
206 7420.35 107.421 101 8 0.412109 0 0.0113646
207 2740.66 94.6666 101 5 0.378906 0 0.0110854
208 2774.8 108.767 101 5 0.425781 0 0.0117843
209 2870.9 114.539 101 5 0.450195 0 0.0117197
210 1804.91 104.844 101 4 0.439453 0 0.0115271
211 2749.33 110.536 101 5 0.472656 0 0.0109523
212 3848.83 111.117 101 6 0.458984 0 0.0113915
213 6351.29 113.208 101 8 0.469727 0 0.0114676
214 2519.61 97.0266 101 5 0.399414 0 0.0115248
215 2535.16 115.336 101 5 0.470703 0 0.0123268
216 2519.61 112.069 101 5 0.476562 0 0.0113108
217 1837.92 108.761 101 4 0.44043 0 0.0114678
218 2434.4 113.941 101 5 0.481445 0 0.0114168
219 3809.33 110.893 101 6 0.442383 0 0.0115847
220 2856.74 108.064 101 5 0.442383 0 0.0116134
221 1749.6 103.908 101 4 0.433594 0 0.0114447
222 2503.93 115.654 101 5 0.488281 0 0.0116091
223 1776.18 109.959 101 4 0.480469 0 0.0112032
224 2745.01 120.691 101 5 0.487305 0 0.0120542
225 2668.24 117.911 101 5 0.482422 0 0.0121122
226 2826.95 121.839 101 5 0.494141 0 0.0123088
227 1781.23 113.311 101 4 0.479492 0 0.0113762
228 2649.34 129.241 101 5 0.52832 0 0.0120635
229 1738.37 112.626 101 4 0.494141 0 0.011782
230 5446.9 136.334 101 7 0.554688 0 0.0114147
231 2891.12 136.759 101 5 0.577148 0 0.0120378
232 1811.47 121.604 101 4 0.520508 0 0.0112516
233 7324.72 135.346 101 8 0.529297 0 0.0112621
234 1788.61 136.608 101 4 0.560547 0 0.0119554
235 5390.29 135.921 101 7 0.515625 0 0.0123104
236 2282.43 135.895 101 5 0.554688 0 0.0121588
237 4096.95 137.326 101 6 0.515625 0 0.0117478
238 4186.5 135.433 101 6 0.549805 0 0.0122079
239 5638.51 144.168 101 7 0.587891 0 0.0121884
240 5830.11 134.644 101 7 0.561523 0 0.0119482
241 2807.41 148.871 101 5 0.602539 0 0.011436
242 4096.95 145.391 101 6 0.575195 0 0.0119294
243 5751.36 161.324 101 7 0.642578 0 0.0120847
244 7696.21 152.066 101 8 0.621094 0 0.0116912
245 5784.84 143.108 101 7 0.603516 0 0.0114854
246 2826.95 159.174 101 5 0.654297 0 0.011721
247 5616.45 156.471 101 7 0.631836 0 0.0116528
248 7256.07 162.132 101 8 0.643555 0 0.0114964
249 4270.03 160.594 101 6 0.615234 0 0.01174
250 5248 165.693 101 7 0.637695 0 0.0122992
251 4140.23 182.881 101 6 0.699219 0 0.0120146
252 7716.16 169.344 101 9 0.663086 0 0.0116191
253 4410.03 167.348 101 7 0.672852 0 0.011103
254 3454.42 165.24 101 6 0.695312 0 0.0116255
255 4248.17 169.335 101 6 0.675781 0 0.0114254
256 7125.03 175.294 101 8 0.712891 0 0.0121055
257 3874.74 176.294 101 6 0.740234 0 0.0114664
258 5382.11 176.224 105 7 0.744141 1 0.0115163
259 5248 193.591 101 7 0.761719 0 0.0117655
260 5563.94 208.458 106.306 7 0.816406 1 0.0119305
261 5398.45 189.746 101 7 0.731445 0 0.0116907
262 7382.45 242.85 108.709 8 0.87793 1 0.0125206
263 5239.43 202.968 101 7 0.783203 0 0.0126795
264 4278.44 220.728 101 6 0.811523 0 0.0125911
265 5152.51 200.225 108.709 7 0.814453 1 0.0121003
266 4150.74 212.787 101 6 0.816406 0 0.0118548
267 39080.1 257.091 106.306 14 0.826172 1 0.0120384
268 15420.8 262.985 109.829 11 0.910156 1 0.0123313
269 7610.9 257.996 110.371 8 0.917969 1 0.0127961
270 7315 236.302 109.275 8 0.895508 1 0.012372
271 9161.33 230.026 107.538 9 0.864258 1 0.0117795
272 12414.2 268.553 110.903 10 0.939453 1 0.0117712
273 6618.54 239.631 109.275 9 0.912109 1 0.0123094
274 7448.45 266.269 110.371 8 0.942383 1 0.0119923
275 9297.69 283.184 110.371 9 0.955078 1 0.0125395
276 7052.67 284.198 111.937 8 1.01562 1 0.0123352
277 10655.1 325.076 111.937 10 1.04688 1 0.0122788
278 7186.07 299.965 112.934 8 1.0332 1 0.0134382
279 58936.8 362.057 113.419 15 1.08398 1 0.0127549
280 8612.39 375.172 115.282 9 1.18359 1 0.0133631
281 20127.5 450.616 117.03 12 1.25 1 0.0146338
282 39391.5 484.428 119.071 14 1.26074 1 0.0139961
283 25869.9 539.21 119.071 13 1.40527 1 0.0144221
284 157493 679.146 120.227 17 1.42188 1 0.0155447
285 25141.5 689.072 136.482 13 1.59473 1 0.0154163
286 53738.5 791.281 137.553 15 1.73633 1 0.0156329
287 566193 1406.11 137.3 19 1.75977 1 0.0158798
288 564687 1892.16 138.675 19 2.11035 1 0.0162232
289 1.09036e+06 2630.33 139.648 20 2.23633 1 0.0162934
290 2.68522e+08 294975 399.84 28 2.92188 2 0.0183364
291 1.07385e+09 1.10397e+06 426.375 30 3.24219 2 0.0181732
292 4.29508e+09 4.48499e+06 432.526 32 3.88281 2 0.0197193
293 1.07384e+09 1.80953e+06 916.75 30 4.32129 3 0.0212529
294 1.34299e+08 536055 940.922 27 4.52344 3 0.0210191
295 1.07384e+09 1.36563e+06 1294.16 30 4.78418 4 0.0226073
296 5.36963e+08 1.90227e+06 959.636 29 4.71875 3 0.0224865
297 2.68522e+08 967871 992.422 28 5.3877 3 0.0244542
298 4.29508e+09 5.5137e+06 1738.37 32 5.76074 4 0.0247359
299 1.07383e+09 2.28194e+06 1200.56 30 5.18164 4 0.0232152
300 1.07383e+09 2.43547e+06 1534.65 30 5.5918 4 0.0246367
301 1.07384e+09 2.76178e+06 1575.26 30 5.5166 4 0.0253123
302 8.59005e+09 1.9799e+07 1983.76 33 6.2207 5 0.0276914
303 4.29508e+09 8.12328e+06 2736.29 32 6.63867 5 0.0289962
304 1.07384e+09 5.15362e+06 3093.2 30 7.27051 6 0.0299327
305 1.07383e+09 5.54707e+06 4348.73 30 8.12793 7 0.0337011
306 4.29508e+09 8.26358e+06 4010.94 32 7.82129 6 0.0312628
307 4.29508e+09 9.75176e+06 5204.92 32 8.46582 7 0.0334479
308 2.14759e+09 1.33613e+07 6684.68 31 9.16504 8 0.0353138
309 1.07384e+09 7.12118e+06 5265.08 30 8.67285 7 0.0358742
310 4.29508e+09 1.89237e+07 5315.79 32 8.85059 7 0.0345971
311 1.07384e+09 1.30543e+07 5638.51 30 9.29199 7 0.0365341
312 8.59005e+09 2.22729e+07 5332.51 33 9.3252 7 0.038057
313 3.43599e+10 1.01621e+08 6075.42 35 9.5752 8 0.0380227
314 3.43599e+10 1.25063e+08 9606.16 35 11.0479 9 0.0427276
315 3.43599e+10 9.27692e+07 8336.67 35 10.7725 9 0.0423048
316 8.59006e+09 1.17605e+08 10063.5 33 11.4307 10 0.0439391
317 3.43599e+10 1.0268e+08 9489.92 35 11.1416 9 0.043423
318 3.43599e+10 1.59779e+08 10455.2 35 11.626 10 0.0449075
319 1.37439e+11 4.08678e+08 8879.13 37 11.2529 9 0.0453675
320 1.718e+10 1.13716e+08 8095.7 34 10.9053 9 0.0443274
321 3.43599e+10 1.71711e+08 8461.81 35 11.0156 9 0.0444296
322 6.87196e+10 3.11724e+08 12155.5 36 12.1592 10 0.0467353
323 6.87196e+10 2.79998e+08 15015.8 36 12.4658 11 0.0463532
324 1.37439e+11 4.37154e+08 14665.2 37 12.7432 11 0.0495375
325 6.87196e+10 2.5571e+08 15696.5 36 12.7695 11 0.0483668
326 6.87196e+10 4.13148e+08 19450 36 12.9072 12 0.0475633
327 6.87196e+10 3.13033e+08 14358.5 36 12.2285 11 0.0454451
328 1.718e+10 1.03913e+08 12535.9 34 12.3965 11 0.0470266
329 3.43599e+10 2.19596e+08 14025.5 35 12.29 11 0.0462917
330 2.74878e+11 4.71074e+08 11093 38 12.2021 10 0.0471333
331 6.87196e+10 4.67468e+08 12238.5 36 12.3545 10 0.0469678
332 6.87196e+10 3.36591e+08 12860 36 12.2217 11 0.047828
333 3.43599e+10 2.00586e+08 11498 35 11.8896 10 0.0454858
334 5.49756e+11 1.13204e+09 10149.6 39 12.1973 10 0.047834
335 5.49756e+11 1.45477e+09 11390.7 39 12.251 10 0.0472027
336 6.87196e+10 4.32573e+08 12252.2 36 12.3994 10 0.0463681
337 2.74878e+11 9.70494e+08 12839.9 38 12.5781 11 0.0462361
338 8.79609e+12 9.88971e+09 17230.3 43 13.0283 12 0.0475714
339 5.49756e+11 1.44136e+09 26896.2 39 14.1436 13 0.0490101
340 5.49756e+11 1.89022e+09 22697.9 39 13.7354 13 0.0483941
341 5.49756e+11 1.55865e+09 14413.1 39 13.1172 11 0.0471143
342 2.74878e+11 8.77971e+08 14248.4 38 12.8057 11 0.0456784
343 2.74878e+11 1.10021e+09 9763.41 38 11.8574 9 0.0444915
344 5.49756e+11 1.71487e+09 13158.9 39 12.6982 11 0.046769
345 5.49756e+11 2.75843e+09 14303.5 39 12.8252 11 0.0474131
346 5.49756e+11 4.55808e+09 15337.9 39 13.4609 11 0.0499812
347 1.09951e+12 2.42695e+09 12071.3 40 12.5879 10 0.0471564
348 8.79609e+12 9.58604e+09 11297.6 43 12.6289 10 0.0473425
349 1.09951e+12 3.60282e+09 9021.76 40 12.4551 9 0.048565
350 2.74878e+11 1.47343e+09 11870.6 38 13.0469 10 0.0488334
351 2.74878e+11 1.69299e+09 10981.1 38 12.9014 10 0.0501316
352 4.39805e+12 6.14833e+09 10770.2 42 12.8105 10 0.0495123
353 1.09951e+12 3.03766e+09 22697.9 40 14.1611 13 0.0509777
354 5.49756e+11 1.95894e+09 17184.9 39 13.875 12 0.0500941
355 2.19902e+12 5.5121e+09 18776.8 41 13.9443 12 0.0519687
356 5.49756e+11 2.6489e+09 13394.6 39 12.957 11 0.0492731
357 8.79609e+12 1.23093e+10 17942.8 43 13.7617 12 0.0502052
358 1.09951e+12 3.49118e+09 27827.7 40 14.7871 13 0.0549752
359 2.19902e+12 5.47739e+09 26302.1 41 14.8838 13 0.0542978
360 4.39805e+12 7.00836e+09 20935 42 14.416 12 0.0546993
361 5.49756e+11 3.10126e+09 38597.6 39 15.7988 14 0.0539634
362 5.49756e+11 3.55399e+09 38944.1 39 15.6436 14 0.0546411
363 5.49756e+11 2.61399e+09 20221 39 14.5381 12 0.0544921
364 1.09951e+12 4.09057e+09 25938.9 40 15.2607 13 0.0536961
365 8.79609e+12 1.02456e+10 37406.1 43 15.4941 14 0.0545155
366 5.49756e+11 3.30048e+09 163311 39 16.8223 17 0.0565869
367 1.09951e+12 3.07992e+09 57056.3 40 15.9629 15 0.0566108
368 5.49756e+11 2.81123e+09 38898.4 39 15.5479 14 0.0545388
369 1.37439e+11 1.91563e+09 56032.3 37 15.6797 15 0.0563993
370 4.39805e+12 1.00449e+10 53266.5 42 15.6621 15 0.0560578
371 2.74878e+11 4.03565e+09 95152.2 38 16.7148 16 0.0569205
372 5.49756e+11 4.8958e+09 94055.2 39 16.4326 16 0.0546394
373 1.09951e+12 3.8013e+09 163859 40 16.9365 17 0.0583507
374 1.09951e+12 5.00551e+09 298152 40 17.3916 18 0.0601964
375 2.74878e+11 3.46559e+09 291342 38 17.0986 18 0.0618423
376 1.09951e+12 5.57445e+09 162114 40 17.125 17 0.0599338
377 1.09951e+12 6.25646e+09 297575 40 17.3486 18 0.0619627
378 2.19902e+12 5.37776e+09 163570 41 17.2529 17 0.0588605
379 5.49756e+11 4.76134e+09 297246 39 17.3262 18 0.0598096
380 4.39805e+12 9.46843e+09 294545 42 17.1318 18 0.0594218
381 5.49756e+11 4.24556e+09 58530.7 39 16.1777 15 0.0580416
382 1.09951e+12 5.62838e+09 162819 40 16.8193 17 0.0615878
383 5.49756e+11 3.00408e+09 57111.9 39 15.8184 15 0.0551054
384 1.09951e+12 5.43888e+09 92588.6 40 16.165 16 0.0567352
385 2.19902e+12 8.79011e+09 94143.9 41 16.5566 16 0.0563811
386 1.09951e+12 2.84715e+09 26480.7 40 14.7432 13 0.0533478
387 2.19902e+12 7.55865e+09 57901.6 41 15.8076 15 0.054055
388 5.49756e+11 3.4695e+09 58530.7 39 15.8398 15 0.0548627
389 5.49756e+11 2.03046e+09 57195 39 15.5928 15 0.0537753
390 4.39805e+12 8.18363e+09 57713.8 42 16.0186 15 0.054276
391 5.49756e+11 3.08482e+09 37101.6 39 15.3105 14 0.0528794
392 8.79609e+12 1.21821e+10 160480 43 16.7715 17 0.0574407
393 5.49756e+11 3.36103e+09 58785.8 39 16.2461 15 0.0564834
394 2.19902e+12 6.9737e+09 58760.5 41 16.2129 15 0.0576235
395 1.40737e+14 1.41651e+11 35784.4 47 15.5088 14 0.0558139
396 1.09951e+12 6.20214e+09 20014.2 40 14.8711 12 0.0531203
397 1.09951e+12 7.67609e+09 16201.5 40 14.4893 11 0.0529902
398 8.79609e+12 1.38338e+10 16499.4 43 13.9336 11 0.0523591
399 1.75922e+13 2.13625e+10 18138.8 44 14.123 12 0.0530119
400 4.39805e+12 9.58359e+09 37101.6 42 15.8809 14 0.0558687
401 2.19902e+12 1.17157e+10 35919.4 41 15.8955 14 0.0576527
402 2.19902e+12 1.03905e+10 35919.4 41 15.4756 14 0.0554321
403 4.39805e+12 1.00076e+10 36293.8 42 15.5508 14 0.054538
404 1.09951e+12 5.0499e+09 37780 40 15.5303 14 0.0559142
405 1.09951e+12 5.09586e+09 20423.4 40 15 12 0.0544521
406 5.49756e+11 4.12123e+09 18439.5 39 14.6455 12 0.0533085
407 1.09951e+12 7.15891e+09 24287 40 14.9727 13 0.0557549
408 2.19902e+12 1.29074e+10 22512.8 41 14.8711 13 0.0543092
409 4.39805e+12 9.67499e+09 20258.1 42 14.8896 12 0.0542453
410 4.39805e+12 8.10155e+09 27299 42 15.1816 13 0.0542328
411 2.74878e+11 4.50071e+09 57084.1 38 15.9121 15 0.0582263
412 1.09951e+12 7.52508e+09 18289.7 40 14.1953 12 0.0518676
413 1.75922e+13 2.31654e+10 37178.2 44 15.1416 14 0.0548087
414 4.39805e+12 1.17977e+10 20495.9 42 14.6416 12 0.0528884
415 4.39805e+12 1.22088e+10 19549.2 42 14.5586 12 0.053461
416 4.39805e+12 1.08398e+10 20089.9 42 14.8965 12 0.0542588
417 4.39805e+12 1.00435e+10 33444.5 42 15.2812 14 0.055516
418 2.19902e+12 7.06195e+09 37606.4 41 15.5508 14 0.0556649
419 4.39805e+12 1.5732e+10 38218.1 42 15.6865 14 0.0559089
420 1.09951e+12 7.3793e+09 56634.9 40 15.9277 15 0.056425
421 8.79609e+12 2.17967e+10 36557.6 43 15.3916 14 0.0566462
422 4.39805e+12 2.40695e+10 38361.6 42 16.0303 14 0.0586507
423 4.39805e+12 1.70982e+10 56435.7 42 16.001 15 0.0603862
424 1.75922e+13 3.37131e+10 26144.2 44 15.8906 13 0.0583221
425 2.19902e+12 1.55508e+10 38966.9 41 16.1719 14 0.0571821
426 8.79609e+12 2.56803e+10 36714.4 43 15.6309 14 0.0550372
427 2.19902e+12 9.65542e+09 37829.2 41 15.4023 14 0.0561234
428 2.19902e+12 9.25282e+09 26657.1 41 15.1426 13 0.0542342
429 7.03687e+13 7.92996e+10 36107.3 46 15.7002 14 0.054866
430 8.79609e+12 2.32663e+10 93575.8 43 16.7783 16 0.0568786
431 4.39805e+12 1.6182e+10 56549.7 42 16.1162 15 0.0549933
432 5.49756e+11 6.37206e+09 56321.1 39 15.876 15 0.0550951
433 1.75922e+13 2.78233e+10 93301.9 44 16.6533 16 0.0573625
434 8.79609e+12 2.83056e+10 58192.8 43 16.5127 15 0.0558878
435 4.39805e+12 1.85615e+10 57659.9 42 16.1582 15 0.0543784
436 1.09951e+12 7.63923e+09 38409.1 40 15.8203 14 0.0558728
437 4.39805e+12 1.21853e+10 36478.8 42 15.5342 14 0.0558155
438 1.09951e+12 1.25349e+10 37681 40 15.3545 14 0.0531612
439 1.75922e+13 3.32104e+10 27152.1 44 15.1914 13 0.0541508
440 2.19902e+12 1.44797e+10 37406.1 41 15.4795 14 0.0522148
441 2.19902e+12 8.16254e+09 26324.5 41 15.043 13 0.051763
442 8.79609e+12 1.88717e+10 38121.8 43 15.2803 14 0.0519253
443 7.03687e+13 7.90376e+10 56119.3 46 15.6904 15 0.0528373
444 2.19902e+12 1.80162e+10 157910 41 16.8857 17 0.0551904
445 1.75922e+13 3.13118e+10 164049 44 17.3311 17 0.0575005
446 5.49756e+11 6.51087e+09 163148 39 17.0059 17 0.0563858
447 4.39805e+12 1.83839e+10 159870 42 17.0801 17 0.056372
448 1.09951e+12 9.69297e+09 93726.7 40 16.7246 16 0.0556928
449 1.75922e+13 3.38996e+10 92145.3 44 16.373 16 0.056719
450 3.51844e+13 5.21518e+10 58556.4 45 15.7705 15 0.0539017
451 3.51844e+13 7.63374e+10 92399.4 45 16.7598 16 0.0555663
452 1.75922e+13 3.65153e+10 163570 44 17.4473 17 0.0589477
453 8.79609e+12 2.64803e+10 94755.1 43 16.7129 16 0.054217
454 8.79609e+12 4.47312e+10 93271.3 43 17.0039 16 0.0563754
455 2.19902e+12 1.48559e+10 94320.4 41 16.5791 16 0.0556034
456 8.79609e+12 2.94468e+10 58166.5 43 16.25 15 0.0537344
457 2.19902e+12 1.59051e+10 56435.7 41 16.2402 15 0.0546854
458 1.75922e+13 2.96765e+10 57659.9 44 16.0195 15 0.0543534
459 4.39805e+12 2.13574e+10 92145.3 42 16.6572 16 0.0550919
460 4.39805e+12 1.34345e+10 159652 42 17.0703 17 0.0564888
461 8.79609e+12 2.1429e+10 38218.1 43 15.6875 14 0.0538201
462 4.39805e+12 2.81607e+10 93025 42 16.5566 16 0.055657
463 4.39805e+12 2.79245e+10 58140.2 42 16.6113 15 0.0538469
464 4.39805e+12 2.23877e+10 38783.5 42 15.8193 14 0.0560844
465 8.79609e+12 2.18389e+10 39281.3 43 15.3574 14 0.0525386
466 4.39805e+12 1.80617e+10 37355.7 42 15.5352 14 0.0511698
467 8.79609e+12 2.61163e+10 58061 43 16.2305 15 0.0543861
468 2.19902e+12 1.12934e+10 38242.1 41 15.9111 14 0.0521772
469 4.39805e+12 1.79113e+10 93148.4 42 16.8506 16 0.0563268
470 4.39805e+12 1.3936e+10 27003.5 42 15.1602 13 0.0518254
471 1.75922e+13 3.94691e+10 57848.2 44 16.1289 15 0.0542485
472 2.19902e+12 1.26352e+10 25426.7 41 15.04 13 0.0515318
473 4.39805e+12 2.45135e+10 27402.7 42 15.0098 13 0.0517858
474 1.40737e+14 1.52508e+11 27464.5 47 15.0518 13 0.0523663
475 8.79609e+12 2.81173e+10 158174 43 17.2744 17 0.0573809
476 1.75922e+13 3.63616e+10 56691.5 44 16.0986 15 0.0540378
477 1.75922e+13 4.30008e+10 156803 44 17.0205 17 0.0586219
478 4.39805e+12 3.74153e+10 160444 42 17.1846 17 0.057933
479 4.39805e+12 2.51474e+10 161910 42 17.3486 17 0.0593241
480 8.79609e+12 4.02319e+10 93025 43 16.9053 16 0.0560398
481 1.40737e+14 1.55207e+11 163246 47 17.2725 17 0.0574256
482 1.40737e+14 1.81981e+11 291592 47 17.8906 18 0.0600899
483 3.51844e+13 7.56823e+10 56148.2 45 16.3223 15 0.0575717
484 4.39805e+12 1.94591e+10 39303.4 42 15.6172 14 0.0536948
485 8.79609e+12 2.74137e+10 38875.5 43 16.3076 14 0.0584024
486 4.39805e+12 2.91644e+10 27194.3 42 15.5938 13 0.0568179
487 1.75922e+13 5.56953e+10 24361.5 44 15.0576 13 0.0547386
488 1.75922e+13 3.13384e+10 24237.2 44 15.2549 13 0.0532669
489 3.51844e+13 5.38028e+10 14665.2 45 14.4043 11 0.0520969
490 8.79609e+12 2.88506e+10 36452.4 43 15.4688 14 0.0561377
491 4.39805e+12 1.75387e+10 15437.3 42 14.3613 11 0.0518519
492 7.03687e+13 1.1782e+11 27566.7 46 15.5605 13 0.0538905
493 1.75922e+13 4.19894e+10 19628 44 15.0244 12 0.0548524
494 1.75922e+13 6.56987e+10 12127.6 44 14.0791 10 0.052046
495 7.03687e+13 9.95162e+10 19976.2 46 15.1641 12 0.0539229
496 8.79609e+12 4.80448e+10 26007.6 43 15.6064 13 0.0545309
497 4.39805e+12 3.98247e+10 38024.8 42 16.4199 14 0.0570361
498 1.75922e+13 3.875e+10 26369.3 44 15.8242 13 0.0558028
499 7.03687e+13 1.50691e+11 58140.2 46 17.0518 15 0.0599888
500 3.51844e+13 6.11832e+10 94926.3 45 16.915 16 0.0582638
501 1.75922e+13 5.29422e+10 162182 44 17.3066 17 0.0595087
502 1.75922e+13 6.59974e+10 298081 44 17.9873 18 0.061268
503 2.19902e+12 2.51207e+10 162619 41 17.332 17 0.0601628
504 1.75922e+13 5.49138e+10 296877 44 17.3506 18 0.0593475
505 4.39805e+12 3.36001e+10 90275.1 42 16.6094 16 0.0593153
506 4.39805e+12 1.6831e+10 89595.5 42 16.1055 16 0.0586728
507 1.75922e+13 4.5221e+10 93484.8 44 16.6973 16 0.0600779
508 8.79609e+12 2.74048e+10 93906.4 43 16.7891 16 0.0583272
509 4.39805e+12 3.60576e+10 95180.2 42 16.8945 16 0.0591086
510 7.03687e+13 1.12369e+11 162148 46 17.1826 17 0.0596929
511 5.6295e+14 5.71261e+11 26369.3 49 15.416 13 0.0558045
512 1.75922e+13 5.50984e+10 55236.9 44 16.9219 15 0.0591901
513 8.79609e+12 4.97231e+10 298859 43 18.5488 18 0.0646574
514 4.39805e+12 3.7231e+10 94291.1 42 17.4541 16 0.0617218
515 1.75922e+13 5.98448e+10 295401 44 17.75 18 0.0633127
516 8.79609e+12 4.95161e+10 94954.7 43 17.4658 16 0.0610631
517 1.75922e+13 3.93256e+10 92081.5 44 17.3516 16 0.0607821
518 8.79609e+12 2.76765e+10 38073.4 43 15.8633 14 0.0568485
519 1.75922e+13 6.47962e+10 54815.8 44 16.3516 15 0.0595398
520 2.19902e+12 1.74731e+10 93240.6 41 16.8516 16 0.0598278
521 4.39805e+12 2.81421e+10 57954.9 42 16.7236 15 0.060464
522 8.79609e+12 3.22668e+10 35784.4 43 15.6211 14 0.0548643
523 2.19902e+12 1.17626e+10 87990 41 16.5039 16 0.0565487
524 4.39805e+12 1.85769e+10 162752 42 17.1689 17 0.0631247
525 1.75922e+13 3.73097e+10 294545 44 17.4287 18 0.0599979
526 8.79609e+12 1.59885e+10 164175 43 17.4473 17 0.0633906
527 3.51844e+13 5.4568e+10 163538 45 17.5449 17 0.0610831
528 4.39805e+12 2.12252e+10 563432 42 18.4092 19 0.0625973
529 2.19902e+12 1.96091e+10 559949 41 18.2354 19 0.0617897
530 4.39805e+12 2.73944e+10 299240 42 18.1143 18 0.0628858
531 1.75922e+13 4.84596e+10 567621 44 18.9502 19 0.0639236
532 1.75922e+13 4.52114e+10 162552 44 17.3887 17 0.0602669
533 4.39805e+12 2.17913e+10 298928 42 17.7959 18 0.0622132
534 8.79609e+12 2.81332e+10 299102 43 18.0645 18 0.0630478
535 2.19902e+12 1.53055e+10 163083 41 17.4795 17 0.0609463
536 1.75922e+13 3.85664e+10 94291.1 44 16.96 16 0.0630266
537 1.75922e+13 4.02657e+10 1.09493e+06 44 19.1094 20 0.0653645
538 4.39805e+12 2.77233e+10 296542 42 17.8926 18 0.0636633
539 4.39805e+12 2.92459e+10 563591 42 18.8711 19 0.066263
540 4.39805e+12 3.79791e+10 2.144e+06 42 19.5586 21 0.0667041
541 1.75922e+13 4.58988e+10 2.14658e+06 44 19.6836 21 0.0672632
542 5.6295e+14 6.16193e+11 1.09346e+06 49 19.3623 20 0.0657599
543 8.79609e+12 3.73578e+10 1.68426e+07 43 21.75 24 0.0711356
544 4.39805e+12 4.26086e+10 8.44275e+06 42 20.6953 23 0.0718968
545 3.51844e+13 8.8949e+10 8.44724e+06 45 20.9336 23 0.0720985
546 1.75922e+13 4.94904e+10 1.68394e+07 44 21.3496 24 0.0719577
547 1.75922e+13 7.646e+10 8.44761e+06 44 21.0957 23 0.0753308
548 8.79609e+12 3.68526e+10 2.14756e+06 43 20.1768 21 0.0718728
549 1.75922e+13 6.2616e+10 2.14452e+06 44 20.0146 21 0.0701615
550 8.79609e+12 5.14019e+10 3.36167e+07 43 21.7529 25 0.0731943
551 3.51844e+13 1.00681e+11 8.44782e+06 45 20.625 23 0.0699055
552 3.51844e+13 5.87742e+10 563710 45 18.8506 19 0.0668931
553 2.19902e+12 3.43771e+10 8.44447e+06 41 21.5078 23 0.0756819
554 1.75922e+13 7.36048e+10 4.2482e+06 44 20.7197 22 0.0752921
555 4.39805e+12 4.30732e+10 1.09093e+06 42 19.8623 20 0.0743866
556 8.79609e+12 4.68916e+10 8.44693e+06 43 20.7344 23 0.0741594
557 4.39805e+12 4.36834e+10 1.6841e+07 42 21.624 24 0.0761542
558 7.03687e+13 1.47518e+11 8.44408e+06 46 21.124 23 0.0781879
559 8.79609e+12 5.86067e+10 2.14104e+06 43 19.6211 21 0.0721916
560 7.03687e+13 1.7488e+11 4.24627e+06 46 20.3545 22 0.0755216
561 2.81475e+14 3.42555e+11 3.36169e+07 48 21.4248 25 0.0771988
562 5.6295e+14 6.6531e+11 4.24702e+06 49 20.4238 22 0.0746942
563 3.51844e+13 1.11063e+11 2.68515e+08 45 23.1123 28 0.0803337
564 7.03687e+13 1.71299e+11 1.34295e+08 46 22.7051 27 0.0799287
565 3.51844e+13 9.16426e+10 1.68368e+07 45 21.5713 24 0.0797563
566 1.75922e+13 7.5239e+10 1.68409e+07 44 21.0928 24 0.076799
567 3.51844e+13 1.12303e+11 4.24662e+06 45 20.2822 22 0.0734241
568 8.79609e+12 6.47519e+10 3.36203e+07 43 21.4961 25 0.0771178
569 3.51844e+13 1.08658e+11 4.24131e+06 45 20.1611 22 0.0728618
570 1.75922e+13 7.67196e+10 3.36132e+07 44 20.8457 25 0.0757285
571 1.40737e+14 1.9509e+11 4.2451e+06 47 20.9473 22 0.0757992
572 1.75922e+13 8.14691e+10 3.36205e+07 44 21.3994 25 0.079228
573 7.03687e+13 1.46816e+11 3.36243e+07 46 21.3379 25 0.0779077
574 7.03687e+13 2.23658e+11 1.34287e+08 46 22.4043 27 0.0814161
575 4.39805e+12 7.75449e+10 6.71777e+07 42 21.9463 26 0.0817629
576 1.75922e+13 1.21137e+11 8.44603e+06 44 20.9404 23 0.0770577
577 4.39805e+12 6.85698e+10 8.44587e+06 42 20.8115 23 0.0776004
578 3.51844e+13 1.56202e+11 3.36171e+07 45 21.4746 25 0.0794496
579 8.79609e+12 8.58115e+10 8.44292e+06 43 21.043 23 0.0781252
580 8.79609e+12 9.60571e+10 3.36224e+07 43 22.3438 25 0.0837196
581 3.51844e+13 1.55755e+11 2.14304e+06 45 20.3623 21 0.0782464
582 1.75922e+13 1.22241e+11 4.2436e+06 44 20.9102 22 0.0768477
583 3.51844e+13 1.63791e+11 8.4463e+06 45 20.7881 23 0.0772034
584 7.03687e+13 1.89915e+11 4.24567e+06 46 20.9502 22 0.0802386
585 1.40737e+14 2.71387e+11 164671 47 18.5723 17 0.070885
586 3.51844e+13 1.14841e+11 1.6832e+07 45 21.2988 24 0.080043
587 1.75922e+13 1.10626e+11 8.44864e+06 44 21.3701 23 0.0791052
588 1.75922e+13 1.10719e+11 4.24632e+06 44 20.7959 22 0.0772568
589 3.51844e+13 1.57203e+11 4.24556e+06 45 20.7402 22 0.0782277
590 1.75922e+13 8.68719e+10 1.68338e+07 44 21.1338 24 0.0807247
591 1.40737e+14 3.12259e+11 1.68405e+07 47 21.3896 24 0.0802329
592 1.75922e+13 1.16932e+11 3.36188e+07 44 21.6914 25 0.0785745
593 7.03687e+13 1.50894e+11 1.68387e+07 46 21.3174 24 0.0792054
594 4.39805e+12 7.20967e+10 1.68339e+07 42 21.3604 24 0.0819444
595 1.75922e+13 1.06823e+11 6.71807e+07 44 22.6855 26 0.0865813
596 3.51844e+13 1.35886e+11 6.71735e+07 45 22.1719 26 0.0800133
597 1.75922e+13 1.18377e+11 6.71766e+07 44 22.1553 26 0.0851232
598 3.51844e+13 1.60521e+11 6.71756e+07 45 22.2051 26 0.0823882
599 1.75922e+13 1.25964e+11 2.68493e+08 44 23.0625 28 0.0850431
600 7.03687e+13 1.96711e+11 2.68514e+08 46 23.0557 28 0.0847592
601 3.51844e+13 1.52599e+11 2.68517e+08 45 22.9209 28 0.0827994
602 1.40737e+14 2.99512e+11 1.34295e+08 47 22.918 27 0.0870301
603 2.81475e+14 3.92141e+11 2.68515e+08 48 23.5986 28 0.0895739
604 1.75922e+13 1.3774e+11 1.07384e+09 44 24.7939 30 0.0940717
605 1.40737e+14 3.08906e+11 1.34299e+08 47 22.7871 27 0.0847311
606 3.51844e+13 1.95846e+11 5.36955e+08 45 23.8799 29 0.0865585
607 1.75922e+13 1.43753e+11 1.07383e+09 44 24.2266 30 0.0868723
608 1.40737e+14 2.72801e+11 5.36955e+08 47 23.957 29 0.0863147
609 3.51844e+13 1.35727e+11 2.14758e+09 45 25.2363 31 0.0918175
610 7.03687e+13 2.35408e+11 5.36965e+08 46 24.2725 29 0.0889593
611 1.40737e+14 3.01107e+11 2.6852e+08 47 23.2314 28 0.0855977
612 7.03687e+13 1.87985e+11 2.68512e+08 46 23.6553 28 0.0846605
613 7.03687e+13 1.80625e+11 1.34287e+08 46 22.1885 27 0.0816034
614 7.03687e+13 1.68445e+11 1.34299e+08 46 22.7656 27 0.0837872
615 2.81475e+14 5.61392e+11 2.6852e+08 48 23.4775 28 0.0886527
616 1.40737e+14 4.80241e+11 2.68517e+08 47 23.3584 28 0.0866136
617 7.03687e+13 3.11403e+11 1.34298e+08 46 23.0098 27 0.0862066
618 7.03687e+13 2.43005e+11 2.68515e+08 46 23.3076 28 0.0873065
619 1.1259e+15 1.57083e+12 5.36952e+08 50 23.9375 29 0.0917099
620 3.51844e+13 3.67433e+11 2.14758e+09 45 24.7822 31 0.0908038
621 3.51844e+13 4.06775e+11 2.14757e+09 45 24.9268 31 0.0951631
622 1.40737e+14 6.66041e+11 5.36952e+08 47 23.8623 29 0.0882131
623 3.51844e+13 3.98961e+11 1.07383e+09 45 24.7617 30 0.0911692
624 7.03687e+13 2.76508e+11 5.36963e+08 46 24.0488 29 0.0907339
625 1.1259e+15 3.08345e+12 1.07383e+09 50 24.2256 30 0.0925542
626 2.81475e+14 1.14488e+12 1.07384e+09 48 24.0986 30 0.094468
627 1.40737e+14 6.84154e+11 5.36952e+08 47 24.0156 29 0.0926928
628 2.81475e+14 1.33006e+12 6.7168e+07 48 22.375 26 0.0880111
629 5.6295e+14 1.02663e+12 6.71672e+07 49 22.7734 26 0.0922412
630 1.1259e+15 1.88875e+12 2.14759e+09 50 24.7549 31 0.0948927
631 2.81475e+14 1.17489e+12 2.68521e+08 48 23.585 28 0.094594
632 5.6295e+14 2.73071e+12 6.71712e+07 49 22.7734 26 0.0911733
633 2.81475e+14 1.71739e+12 3.36149e+07 48 22.623 25 0.0908882
634 5.6295e+14 1.89641e+12 3.36201e+07 49 23.6074 25 0.0931052
635 2.81475e+14 1.89171e+12 1.34293e+08 48 23.7637 27 0.0934623
636 1.1259e+15 2.67264e+12 1.68337e+07 50 22.8281 24 0.093592
637 5.6295e+14 2.23437e+12 1.68396e+07 49 23.4375 24 0.0954915
638 1.1259e+15 2.57049e+12 6.71775e+07 50 23.374 26 0.0944008
639 2.81475e+14 1.57361e+12 3.36192e+07 48 23.7686 25 0.0960517
640 1.1259e+15 2.54452e+12 1.683e+07 50 23.1572 24 0.0963374
641 2.2518e+15 5.37318e+12 3.36119e+07 51 23.7432 25 0.0939526
642 2.81475e+14 1.63789e+12 563868 48 21.5283 19 0.0906133
643 1.1259e+15 2.53025e+12 4.23885e+06 50 22.3848 22 0.0944841
644 4.5036e+15 6.0308e+12 4.24307e+06 52 22.8379 22 0.0917901
645 2.2518e+15 6.27142e+12 1.68296e+07 51 23.2197 24 0.0942767
646 4.5036e+15 8.26881e+12 8.44078e+06 52 23.0029 23 0.0924291
647 5.6295e+14 3.17845e+12 6.71778e+07 49 24.7539 26 0.0989491
648 5.6295e+14 4.95264e+12 1.68384e+07 49 23.5342 24 0.0972572
649 9.0072e+15 1.51101e+13 2.14348e+06 53 22.4863 21 0.0942641
650 2.2518e+15 7.43959e+12 1.68329e+07 51 23.8447 24 0.0972294
651 4.5036e+15 1.02588e+13 4.23807e+06 52 22.2646 22 0.0927319
652 2.2518e+15 1.12691e+13 4.24131e+06 51 22.8135 22 0.0922458
653 5.6295e+14 4.23379e+12 3.3613e+07 49 23.9941 25 0.0967754
654 5.6295e+14 3.82335e+12 4.24592e+06 49 22.5283 22 0.0918302
655 4.5036e+15 1.25374e+13 3.36144e+07 52 24.0566 25 0.101189
656 2.2518e+15 9.67825e+12 8.43494e+06 51 23.0195 23 0.0958424
657 1.1259e+15 4.89114e+12 4.24153e+06 50 22.707 22 0.0922442
658 4.5036e+15 8.66415e+12 1.68386e+07 52 23.7061 24 0.0977288
659 2.2518e+15 6.62077e+12 1.34282e+08 51 24.876 27 0.0995019
660 2.2518e+15 1.25984e+13 1.68276e+07 51 23.9131 24 0.100874
661 4.5036e+15 1.92518e+13 6.71747e+07 52 24.8975 26 0.10349
662 3.60288e+16 5.98517e+13 3.36182e+07 55 24.5215 25 0.0990429
663 4.5036e+15 2.39805e+13 6.71792e+07 52 25.3457 26 0.103304
664 5.76461e+17 5.89991e+14 1.34295e+08 59 25.2256 27 0.103256
665 2.8823e+17 3.77364e+14 2.68505e+08 58 25.8564 28 0.107197
666 1.80144e+16 7.60196e+13 1.68267e+07 54 24.373 24 0.10555
667 5.76461e+17 1.38072e+15 6.71697e+07 59 25.4316 26 0.105828
668 5.90296e+20 5.76779e+17 3.36106e+07 69 25.0293 25 0.106355
669 2.8823e+17 9.63293e+14 1.34279e+08 58 26.3135 27 0.111591
670 1.15292e+18 1.57853e+15 1.34289e+08 60 26.209 27 0.112513
671 2.30584e+18 5.16053e+15 2.13179e+06 61 22.9854 21 0.104115
672 1.15292e+18 3.20418e+15 8.43212e+06 60 24.1582 23 0.105824
673 3.68935e+19 3.74758e+16 294388 65 22.0557 18 0.0969851
674 1.47574e+20 1.45789e+17 1.09013e+06 67 23.4443 20 0.102908
675 1.84467e+19 3.1355e+16 52109.9 64 20.7461 15 0.0943917
676 4.72237e+21 5.20383e+18 156687 72 21.3789 17 0.0953909
677 9.22337e+18 2.01471e+16 289176 63 21.2061 18 0.0972309
678 3.68935e+19 3.74981e+16 291049 65 21.5771 18 0.0951582
679 4.61169e+18 1.36894e+16 51946.7 62 19.3867 15 0.0896642
680 3.68935e+19 4.36985e+16 293992 65 21.415 18 0.0961893
681 1.47574e+20 1.44565e+17 290965 67 20.9482 18 0.0928756
682 5.90296e+20 9.10698e+17 553721 69 21.5225 19 0.0981846
683 1.47574e+20 1.94863e+17 557312 67 22.5273 19 0.100223
684 2.95148e+20 2.89789e+17 292785 68 20.9092 18 0.0980976
685 1.47574e+20 1.77593e+17 291049 67 20.1729 18 0.0923017
686 3.68935e+19 4.20866e+16 291882 65 20.4111 18 0.0948443
687 3.68935e+19 1.1437e+17 156065 65 19.5049 17 0.0910453
688 2.30584e+18 4.77482e+15 155791 61 19.1377 17 0.0911369
689 9.22337e+18 1.06507e+16 291882 63 20.4883 18 0.0937036
690 2.30584e+18 5.35375e+15 31679.3 61 17.4238 14 0.084688
691 4.61169e+18 9.57687e+15 163050 62 20.2627 17 0.0939641
692 4.61169e+18 6.72628e+15 553532 62 21.4785 19 0.0965716
693 2.30584e+18 5.98757e+15 2.13984e+06 61 23.6318 21 0.108295
694 3.68935e+19 4.83223e+16 1.08864e+06 65 23.1592 20 0.104907
695 7.3787e+19 1.37086e+17 3.36074e+07 66 25.0107 25 0.111956
696 1.47574e+20 1.65381e+17 1.34279e+08 67 26.2207 27 0.122453
697 7.3787e+19 2.3161e+17 5.36952e+08 66 28.2891 29 0.128558
698 1.18059e+21 1.7676e+18 1.34277e+08 70 27.1738 27 0.125043
699 1.18059e+21 1.4517e+18 5.3696e+08 70 28.4014 29 0.129565
700 1.47574e+20 3.53287e+17 5.36941e+08 67 27.9922 29 0.126443
701 1.18059e+21 1.64314e+18 1.3428e+08 70 27.3926 27 0.129669
702 4.72237e+21 4.98572e+18 1.07383e+09 72 29.6514 30 0.135092
703 7.55579e+22 9.569e+19 8.59004e+09 76 30.7031 33 0.147134
704 1.18059e+21 4.77305e+18 8.59002e+09 70 30.4463 33 0.141487
705 1.54743e+26 1.51133e+23 5.36947e+08 87 29.0088 29 0.137546
706 2.41785e+24 2.52855e+21 6.87196e+10 81 32.2207 36 0.153319
707 3.77789e+22 4.21211e+19 1.34282e+08 75 28.6943 27 0.142032
708 1.51116e+23 2.92217e+20 8.59002e+09 77 30.709 33 0.149255
709 1.54743e+26 1.53479e+23 1.718e+10 87 31.5625 34 0.154412
710 1.88895e+22 3.09018e+19 4.29505e+09 74 30.5449 32 0.14533
711 3.09485e+26 3.21218e+23 1.34291e+08 88 28.1777 27 0.140811
712 7.55579e+22 7.48748e+19 3.36109e+07 76 27.5625 25 0.135835
713 4.95176e+27 4.83816e+24 1.718e+10 92 31.751 34 0.150767
714 2.41785e+24 3.83362e+21 8.59003e+09 81 31.2822 33 0.152574
715 3.77789e+22 7.42166e+19 5.36951e+08 75 29.0742 29 0.139551
716 7.92282e+28 7.9847e+25 2.685e+08 96 28.6221 28 0.138697
717 7.92282e+28 8.7044e+25 4.23123e+06 96 25.3945 22 0.132395
718 3.02231e+23 3.76616e+20 6.71637e+07 78 27.9541 26 0.145046
719 1.20893e+24 1.24359e+21 6.71469e+07 80 26.9746 26 0.135704
720 6.1897e+26 6.09624e+23 6.71682e+07 89 27.7734 26 0.140997
721 9.90352e+27 9.67239e+24 1.68207e+07 93 26.4209 24 0.135228
722 2.47588e+27 2.41793e+24 4.24033e+06 91 25.4512 22 0.139894
723 1.23794e+27 1.2196e+24 6.71623e+07 90 28.043 26 0.142876
724 1.93428e+25 1.96836e+22 554938 84 24.4697 19 0.130302
725 3.86856e+25 5.98467e+22 4.23979e+06 85 25.791 22 0.133935
726 2.41785e+24 3.45851e+21 2.13283e+06 81 25.6611 21 0.142442
727 3.86856e+25 3.94757e+22 3.36029e+07 85 28.1807 25 0.146826
728 4.8357e+24 9.51257e+21 2.12165e+06 82 25.6514 21 0.135627
729 4.95176e+27 4.83609e+24 3.3588e+07 92 26.877 25 0.141495
730 7.92282e+28 1.54743e+26 8.42865e+06 96 26.2432 23 0.145048
731 7.92282e+28 1.54743e+26 1.68258e+07 96 26.8545 24 0.137562
732 3.96141e+28 3.89885e+25 8.42093e+06 95 26.2549 23 0.136931
733 7.92282e+28 1.57165e+26 3.36109e+07 96 27.9121 25 0.152103
734 2.47588e+27 2.41913e+24 4.23614e+06 91 26.2432 22 0.138575
735 3.02231e+23 9.63177e+20 1.68175e+07 78 27.2959 24 0.144302
736 3.09485e+26 3.79073e+23 1.08318e+06 88 25.3506 20 0.133149
737 1.23794e+27 1.2664e+24 3.35908e+07 90 27.2949 25 0.139427
738 3.96141e+28 3.8686e+25 3.3597e+07 95 27.9209 25 0.146249
739 3.96141e+28 3.86864e+25 1.68286e+07 95 27.0713 24 0.147906
740 7.92282e+28 7.73902e+25 157873 96 21.3652 17 0.118928
741 7.92282e+28 7.74474e+25 8.42692e+06 96 26.5635 23 0.138016
742 7.92282e+28 8.22832e+25 1.34272e+08 96 28.4365 27 0.153341
743 4.95176e+27 6.64916e+24 8.43963e+06 92 26.9365 23 0.154251
744 1.93428e+25 2.85209e+22 2.68491e+08 84 29.4609 28 0.153135
745 2.36118e+21 8.26181e+18 3.35932e+07 71 26.1514 25 0.14072
746 7.55579e+22 1.48874e+20 1.68282e+07 76 26.1758 24 0.138888
747 1.93428e+25 1.95944e+22 8.4339e+06 84 25.5986 23 0.129964
748 7.73713e+25 7.57711e+22 1.34279e+08 86 28.9229 27 0.144634
749 3.02231e+23 5.39184e+20 8.43633e+06 78 26.4277 23 0.136136
750 7.92282e+28 7.73907e+25 292947 96 23.541 18 0.126723
751 7.73713e+25 7.55814e+22 283069 86 21.5771 18 0.121039
752 3.96141e+28 3.88394e+25 281332 95 21.1465 18 0.118624
753 4.8357e+24 4.73804e+21 283162 82 22.2197 18 0.1217
754 1.20893e+24 1.36088e+21 157455 80 20.8516 17 0.115535
755 4.8357e+24 6.79069e+21 290881 82 22.333 18 0.120694
756 1.20893e+24 1.22718e+21 288482 80 21.5322 18 0.120268
757 4.8357e+24 7.71752e+21 148800 82 20.3838 17 0.112183
758 2.41785e+24 2.98873e+21 151902 81 20.4502 17 0.11369
759 1.93428e+25 1.89103e+22 152690 84 19.9834 17 0.112912
760 7.55579e+22 1.68841e+20 547070 76 22.6504 19 0.121119
761 6.04463e+23 7.6418e+20 281000 79 21.3682 18 0.122207
762 6.04463e+23 1.03486e+21 86876.4 79 19.2412 16 0.111021
763 9.67141e+24 9.57483e+21 91075 83 21.0312 16 0.120616
764 4.95176e+27 4.83741e+24 83048.8 92 19.9023 16 0.113959
765 6.1897e+26 6.06902e+23 13318 89 17.1309 12 0.107608
766 2.36118e+21 4.90579e+18 8900.84 71 15.0059 10 0.0894757
767 3.86856e+25 4.02158e+22 28126.7 85 17.5244 14 0.0993102
768 1.88895e+22 7.43887e+19 289735 74 21.96 18 0.116449
769 3.86856e+25 3.78259e+22 550747 85 23.1143 19 0.123209
770 1.51116e+23 2.26072e+20 8.42878e+06 77 25.2939 23 0.134398
771 9.90352e+27 1.11974e+25 4.22925e+06 93 25.6748 22 0.145669
772 3.09485e+26 4.53554e+23 2.12893e+06 88 24.1035 21 0.140923
773 2.47588e+27 2.41815e+24 2.1337e+06 91 24.9629 21 0.141013
774 3.02231e+23 3.97901e+20 1.68301e+07 78 26.7295 24 0.145276
775 7.92282e+28 7.74106e+25 6.71638e+07 96 27.8857 26 0.152539
776 7.92282e+28 7.76744e+25 550258 96 23.332 19 0.132726
777 6.04463e+23 1.20014e+21 4.23189e+06 79 25.7178 22 0.143986
778 4.8357e+24 5.0148e+21 8.42273e+06 82 25.8496 23 0.138814
779 1.9807e+28 2.19148e+25 2.12984e+06 94 25.8779 21 0.139094
780 6.1897e+26 6.23607e+23 4.22858e+06 89 25.0918 22 0.141034
781 1.9807e+28 1.95035e+25 4.23522e+06 94 26.4707 22 0.143505
782 7.92282e+28 8.04016e+25 1.34263e+08 96 28.6123 27 0.154538
783 4.8357e+24 7.45608e+21 3.36106e+07 82 28.1416 25 0.157575
784 7.92282e+28 1.54748e+26 3.36029e+07 96 27.2402 25 0.152756
785 1.9807e+28 1.94188e+25 1.68197e+07 94 26.8896 24 0.150379
786 3.09485e+26 6.98823e+23 4.23319e+06 88 27.0811 22 0.159311
787 7.92282e+28 7.76749e+25 556454 96 24.585 19 0.14187
788 7.92282e+28 7.73725e+25 1.07994e+06 96 25.6201 20 0.142379
789 1.54743e+26 1.57774e+23 8.43858e+06 87 26.8945 23 0.143188
790 7.92282e+28 9.69063e+25 6.71698e+07 96 28.9922 26 0.153995
791 3.09485e+26 3.12027e+23 3.36129e+07 88 27.9375 25 0.148976
792 1.54743e+26 1.70807e+23 1.68062e+07 87 26.8535 24 0.151234
793 6.1897e+26 6.51359e+23 6.71442e+07 89 28.4795 26 0.15871
794 7.92282e+28 1.61396e+26 2.13028e+06 96 26.3955 21 0.152567
795 7.92282e+28 1.94033e+26 3.35982e+07 96 27.5342 25 0.154261
796 7.92282e+28 1.78921e+26 6.71614e+07 96 28.3574 26 0.155646
797 6.1897e+26 6.26342e+23 1.08278e+06 89 25.7051 20 0.137445
798 7.92282e+28 8.76518e+25 555030 96 25.1025 19 0.144823
799 7.92282e+28 8.73513e+25 557088 96 25.2051 19 0.135142
800 1.54743e+26 1.56907e+23 555998 87 24.6562 19 0.1344
801 7.92282e+28 9.94834e+25 2.68497e+08 96 30.3076 28 0.174652
802 3.86856e+25 4.0809e+22 6.71526e+07 85 28.7578 26 0.147225
803 7.92282e+28 7.74672e+25 2.13028e+06 96 27.998 21 0.155461
804 7.92282e+28 1.00432e+26 1.07984e+06 96 27.6729 20 0.147584
805 1.9807e+28 3.17441e+25 2.11734e+06 94 27.2969 21 0.156646
806 7.92282e+28 2.55168e+26 4.22488e+06 96 28.8506 22 0.159907
807 7.92282e+28 8.71703e+25 1.68154e+07 96 28.4668 24 0.151994
808 7.92282e+28 5.83381e+26 2.6849e+08 96 31.3555 28 0.162417
809 7.92282e+28 2.04023e+26 3.36016e+07 96 30.1348 25 0.161848
810 7.92282e+28 1.5545e+26 3.36055e+07 96 29.9639 25 0.158928
811 7.92282e+28 3.09579e+26 8.42444e+06 96 29.167 23 0.166456
812 7.92282e+28 8.07351e+25 558027 96 26.8467 19 0.144819
813 7.92282e+28 1.67503e+26 1.09146e+06 96 26.29 20 0.1404
814 3.86856e+25 4.49284e+22 289348 85 24.8467 18 0.139501
815 7.92282e+28 4.83594e+26 1.07154e+06 96 26.1348 20 0.143645
816 2.47588e+27 5.66822e+24 160869 91 23.9268 17 0.138451
817 7.92282e+28 8.8271e+25 292171 96 24.9102 18 0.13703
818 7.92282e+28 1.94391e+26 1.6829e+07 96 29.3223 24 0.151176
819 7.92282e+28 2.32493e+26 4.24185e+06 96 27.6113 22 0.147605
820 7.92282e+28 1.06491e+26 3.36034e+07 96 28.7744 25 0.153135
821 7.92282e+28 1.64898e+26 6.71584e+07 96 29.6982 26 0.15544
822 7.92282e+28 1.39104e+26 4.23918e+06 96 26.5576 22 0.146176
823 7.92282e+28 3.12508e+26 1.08372e+06 96 25.6602 20 0.136113
824 7.92282e+28 1.55986e+26 4.23453e+06 96 26.3936 22 0.140173
825 7.92282e+28 3.19461e+26 1.08854e+06 96 25.4668 20 0.132323
826 7.92282e+28 8.00074e+25 554098 96 24.8223 19 0.133473
827 7.92282e+28 8.73499e+25 292376 96 24.9336 18 0.127232
828 7.92282e+28 2.42118e+26 154960 96 22.7334 17 0.120994
829 7.92282e+28 1.58735e+26 294309 96 24.2549 18 0.126798
830 3.09485e+26 3.17845e+23 2.13722e+06 88 26.3564 21 0.131445
831 7.92282e+28 2.34998e+26 1.08066e+06 96 25.7725 20 0.132147
832 7.92282e+28 1.59039e+26 155633 96 23.7979 17 0.123974
833 7.92282e+28 2.3215e+26 158174 96 23.4307 17 0.120358
834 7.92282e+28 3.92438e+26 159434 96 23.7383 17 0.118845
835 7.92282e+28 8.73507e+25 287825 96 23.7705 18 0.131069
836 7.92282e+28 1.22865e+26 158919 96 24.9014 17 0.13845
837 7.92282e+28 3.10905e+26 155317 96 24.9941 17 0.141538
838 7.92282e+28 1.55506e+26 157303 96 23.1436 17 0.125457
839 7.92282e+28 2.35246e+26 155987 96 24.1914 17 0.132167
840 7.92282e+28 2.0056e+26 32944 96 21.4502 14 0.116698
841 7.73713e+25 1.34166e+23 86255.5 86 22.3057 16 0.122825
842 7.92282e+28 1.75101e+26 52207.5 96 21.8779 15 0.12167
843 7.92282e+28 3.09524e+26 22139.5 96 19.7188 13 0.109566
844 7.92282e+28 3.29615e+26 153264 96 22.3184 17 0.1181
845 7.92282e+28 3.31534e+26 153101 96 22.4746 17 0.124394
846 7.92282e+28 5.7075e+26 86218.7 96 22.3438 16 0.120044
847 7.92282e+28 8.06347e+25 149447 96 22.4482 17 0.118469
848 7.92282e+28 1.09118e+26 551766 96 25.9199 19 0.132786
849 7.92282e+28 9.86021e+25 292130 96 24.6387 18 0.125366
850 7.92282e+28 8.30531e+25 2.12733e+06 96 26.5771 21 0.138438
851 7.92282e+28 3.12668e+26 2.13722e+06 96 27.5059 21 0.14742
852 7.92282e+28 3.10473e+26 1.08543e+06 96 25.7842 20 0.143191
853 7.92282e+28 7.86996e+25 1.08112e+06 96 25.9814 20 0.134711
854 7.92282e+28 2.385e+26 8.42814e+06 96 26.3389 23 0.143815
855 3.96141e+28 5.81002e+25 8.42935e+06 95 27.2334 23 0.149495
856 7.92282e+28 2.32741e+26 3.36006e+07 96 29.3584 25 0.158675
857 7.92282e+28 4.82102e+26 4.23389e+06 96 27.8057 22 0.155062
858 7.92282e+28 1.73376e+26 6.71657e+07 96 30.0635 26 0.165736
859 7.92282e+28 2.04389e+26 8.4216e+06 96 27.8379 23 0.162395
860 7.92282e+28 2.38074e+26 289563 96 25.2656 18 0.139899
861 7.92282e+28 3.21957e+26 154077 96 23.6914 17 0.137301
862 7.92282e+28 2.48312e+26 294151 96 25.9775 18 0.141505
863 7.92282e+28 1.31044e+26 157531 96 24.9785 17 0.14473
864 7.92282e+28 1.81902e+26 2.14168e+06 96 27.6533 21 0.143579
865 7.92282e+28 3.87888e+26 8.43968e+06 96 27.9326 23 0.149198
866 7.92282e+28 1.66482e+26 3.35984e+07 96 28.4805 25 0.156279
867 7.92282e+28 3.39826e+26 2.6849e+08 96 30.9551 28 0.166693
868 7.92282e+28 3.46552e+26 1.68228e+07 96 28.8633 24 0.158228
869 7.92282e+28 2.52022e+26 3.36101e+07 96 28.9561 25 0.173048
870 7.92282e+28 2.39804e+26 4.23677e+06 96 27.6025 22 0.162664
871 7.92282e+28 1.56166e+26 6.71649e+07 96 29.0752 26 0.156913
872 7.92282e+28 1.55293e+26 1.3427e+08 96 28.6689 27 0.163778
873 7.92282e+28 6.41045e+26 2.68499e+08 96 29.6406 28 0.164453
874 7.92282e+28 3.13332e+26 4.23418e+06 96 27.0791 22 0.143723
875 7.92282e+28 1.63344e+26 6.71574e+07 96 29.1484 26 0.157508
876 7.92282e+28 6.46273e+26 6.716e+07 96 29.8848 26 0.161079
877 7.92282e+28 1.77492e+26 6.71588e+07 96 28.7988 26 0.159786
878 7.92282e+28 6.30178e+26 5.36931e+08 96 31.2588 29 0.162908
879 7.92282e+28 4.75764e+26 5.3691e+08 96 30.0947 29 0.168021
880 7.92282e+28 9.33309e+26 6.71561e+07 96 29.8467 26 0.166996
881 7.92282e+28 5.81139e+26 4.22985e+06 96 27.3486 22 0.166543
882 7.92282e+28 7.11617e+26 4.23093e+06 96 27.0693 22 0.153375
883 7.92282e+28 8.53193e+26 4.23476e+06 96 27.3506 22 0.157108
884 7.92282e+28 3.44112e+26 4.22134e+06 96 27.0459 22 0.163495
885 7.92282e+28 3.75504e+26 1.06975e+06 96 27.0898 20 0.174358
886 7.92282e+28 8.01825e+26 1.6832e+07 96 28.6055 24 0.158316
887 7.92282e+28 2.82539e+26 3.36003e+07 96 29.6006 25 0.172644
888 7.92282e+28 3.34089e+26 8.41802e+06 96 28.8369 23 0.178317
889 7.92282e+28 3.22226e+26 1.68242e+07 96 28.21 24 0.172358
890 7.92282e+28 3.80117e+26 553532 96 27.418 19 0.159407
891 7.92282e+28 4.61964e+26 2.13201e+06 96 27.6738 21 0.16098
892 7.92282e+28 7.72835e+26 4.23105e+06 96 27.7793 22 0.160858
893 7.92282e+28 7.89314e+26 1.68256e+07 96 29.6768 24 0.178672
894 7.92282e+28 6.35863e+26 2.12601e+06 96 27.6133 21 0.165954
895 7.92282e+28 7.36471e+26 4.24033e+06 96 29.8301 22 0.173376
896 7.92282e+28 2.78478e+26 2.13727e+06 96 27.6758 21 0.154423
897 7.92282e+28 9.51568e+26 4.24276e+06 96 29.3262 22 0.166191
898 7.92282e+28 7.35847e+26 8.43118e+06 96 28.7539 23 0.167374
899 7.92282e+28 6.68284e+26 2.13162e+06 96 28.5264 21 0.155535
900 7.92282e+28 4.71107e+26 4.22463e+06 96 28.1924 22 0.155961
901 7.92282e+28 1.01924e+27 8.43168e+06 96 29.2334 23 0.15994
902 7.92282e+28 1.01721e+27 4.21934e+06 96 27.1816 22 0.153617
903 7.92282e+28 5.96957e+26 1.07659e+06 96 27.04 20 0.15709
904 7.92282e+28 6.2182e+26 8.42497e+06 96 28.6221 23 0.161063
905 7.92282e+28 4.11557e+26 1.08147e+06 96 26.9629 20 0.159394
906 7.92282e+28 7.18788e+26 550503 96 27.2266 19 0.154754
907 7.92282e+28 5.01709e+26 545594 96 26.7686 19 0.15305
908 7.92282e+28 7.98527e+26 2.11555e+06 96 27.542 21 0.153727
909 1.58456e+29 1.17374e+27 550601 97 27.5059 19 0.152933
910 7.92282e+28 6.3682e+26 556363 96 26.6426 19 0.14747
911 7.92282e+28 5.12984e+26 547625 96 25.623 19 0.150354
912 7.92282e+28 1.32746e+27 545645 96 26.0996 19 0.163918
913 7.92282e+28 8.02247e+26 290204 96 25.1953 18 0.151054
914 7.92282e+28 8.75798e+26 283765 96 24.6641 18 0.14584
915 7.92282e+28 5.49659e+26 153591 96 23.6514 17 0.140499
916 7.92282e+28 8.60413e+26 551814 96 25.54 19 0.154089
917 7.92282e+28 8.7307e+26 294936 96 25.2764 18 0.148807
918 7.92282e+28 5.47244e+26 287472 96 23.9316 18 0.155215
919 7.92282e+28 2.6427e+26 283069 96 24.7637 18 0.156943
920 7.92282e+28 5.43988e+26 553627 96 26.1064 19 0.154371
921 7.92282e+28 1.07026e+27 543839 96 25.4688 19 0.149383
922 7.92282e+28 6.79949e+26 552677 96 26.0693 19 0.150342
923 7.92282e+28 9.45908e+26 549963 96 25.4375 19 0.144957
924 7.92282e+28 8.22244e+26 544047 96 26.667 19 0.162968
925 7.92282e+28 8.43382e+26 551814 96 26.8242 19 0.162386
926 7.92282e+28 9.30329e+26 285140 96 24.8848 18 0.151344
927 7.92282e+28 7.48217e+26 543579 96 25.8457 19 0.149738
928 7.92282e+28 1.14076e+27 557581 96 26.8984 19 0.157096
929 7.92282e+28 1.44209e+27 2.12337e+06 96 29.0332 21 0.164646
930 7.92282e+28 1.77338e+27 2.12745e+06 96 28.4541 21 0.163943
931 7.92282e+28 1.30637e+27 1.08407e+06 96 28.7393 20 0.160786
932 7.92282e+28 2.04741e+27 2.12647e+06 96 30.8164 21 0.170832
933 7.92282e+28 1.83051e+27 4.22729e+06 96 30.6807 22 0.174166
934 7.92282e+28 1.5913e+27 3.36026e+07 96 31.7578 25 0.174489
935 7.92282e+28 1.60492e+27 8.43494e+06 96 31.5723 23 0.177517
936 7.92282e+28 1.59752e+27 3.35922e+07 96 32.3457 25 0.183554
937 7.92282e+28 1.51935e+27 3.35935e+07 96 32.4551 25 0.179375
938 7.92282e+28 2.19232e+27 1.68213e+07 96 33.2324 24 0.181889
939 7.92282e+28 1.91766e+27 3.36032e+07 96 33.4219 25 0.185176
940 7.92282e+28 2.36883e+27 1.681e+07 96 32.8916 24 0.185708
941 7.92282e+28 1.85569e+27 1.34255e+08 96 33.5576 27 0.184337
942 7.92282e+28 1.54482e+27 8.42477e+06 96 31.8271 23 0.179449
943 7.92282e+28 2.42108e+27 1.68255e+07 96 32.5996 24 0.17938
944 7.92282e+28 2.27905e+27 1.6825e+07 96 32.9375 24 0.182331
945 7.92282e+28 2.35036e+27 6.71416e+07 96 33.4043 26 0.18743
946 7.92282e+28 2.49315e+27 1.68108e+07 96 33.1221 24 0.181989
947 7.92282e+28 2.25461e+27 6.71679e+07 96 33.6445 26 0.190174
948 7.92282e+28 2.03741e+27 1.3427e+08 96 34.666 27 0.188505
949 7.92282e+28 2.46838e+27 2.68468e+08 96 34.8613 28 0.188979
950 7.92282e+28 2.56879e+27 6.7147e+07 96 33.9443 26 0.193767
951 7.92282e+28 2.25427e+27 5.36928e+08 96 36.0303 29 0.195797
952 3.16913e+29 2.43937e+27 6.71491e+07 98 33.873 26 0.197031
953 7.92282e+28 2.14e+27 1.34263e+08 96 34.6445 27 0.191497
954 7.92282e+28 1.9194e+27 6.7156e+07 96 34.5508 26 0.186479
955 7.92282e+28 2.90987e+27 1.07378e+09 96 35.6768 30 0.200714
956 7.92282e+28 3.43327e+27 1.34269e+08 96 36.293 27 0.196352
957 7.92282e+28 2.54192e+27 4.22362e+06 96 32.3105 22 0.178611
958 7.92282e+28 2.79986e+27 1.68144e+07 96 33.1357 24 0.182658
959 7.92282e+28 2.50609e+27 1.68016e+07 96 33.0264 24 0.189148
960 7.92282e+28 2.33789e+27 6.71641e+07 96 34.6553 26 0.192853
961 7.92282e+28 2.87659e+27 6.71599e+07 96 34.2969 26 0.189143
962 7.92282e+28 1.86308e+27 3.35953e+07 96 32.625 25 0.180601
963 7.92282e+28 2.09267e+27 3.35997e+07 96 33.8027 25 0.190851
964 7.92282e+28 3.49648e+27 2.68492e+08 96 35.6982 28 0.198142
965 7.92282e+28 3.0972e+27 2.68484e+08 96 35.4834 28 0.202379
966 7.92282e+28 3.16662e+27 1.34261e+08 96 35.248 27 0.194902
967 7.92282e+28 2.43921e+27 6.71345e+07 96 34.3164 26 0.191663
968 7.92282e+28 3.36195e+27 1.34258e+08 96 36.3447 27 0.201087
969 7.92282e+28 3.36722e+27 1.34269e+08 96 34.8506 27 0.195669
970 7.92282e+28 2.16553e+27 6.71528e+07 96 34.0742 26 0.207099
971 7.92282e+28 2.63636e+27 6.71493e+07 96 34.4434 26 0.189878
972 7.92282e+28 3.61753e+27 3.35995e+07 96 34.8027 25 0.192135
973 7.92282e+28 3.26775e+27 6.71483e+07 96 34.9922 26 0.198908
974 7.92282e+28 3.23016e+27 1.68254e+07 96 34.3047 24 0.192502
975 7.92282e+28 3.28082e+27 6.71493e+07 96 34.9375 26 0.194093
976 7.92282e+28 4.03594e+27 3.35848e+07 96 34.3027 25 0.193655
977 7.92282e+28 3.47401e+27 1.34267e+08 96 34.4131 27 0.195094
978 7.92282e+28 3.05297e+27 4.21726e+06 96 33.2441 22 0.189086
979 7.92282e+28 2.85959e+27 1.68197e+07 96 33.3252 24 0.194339
980 7.92282e+28 2.67107e+27 6.71466e+07 96 34.2637 26 0.191586
981 7.92282e+28 3.7089e+27 3.35761e+07 96 34.2129 25 0.200096
982 7.92282e+28 3.9889e+27 6.71616e+07 96 34.5361 26 0.195275
983 7.92282e+28 3.73055e+27 1.34274e+08 96 35.6406 27 0.198836
984 7.92282e+28 3.4983e+27 1.3428e+08 96 35.2266 27 0.199781
985 7.92282e+28 2.76218e+27 3.36063e+07 96 33.7383 25 0.198539
986 7.92282e+28 3.77377e+27 2.68475e+08 96 36.3057 28 0.204576
987 7.92282e+28 3.36896e+27 6.71539e+07 96 34.7197 26 0.203234
988 7.92282e+28 2.81022e+27 3.35989e+07 96 33.9199 25 0.19194
989 7.92282e+28 3.17108e+27 6.71603e+07 96 35.4346 26 0.193547
990 7.92282e+28 3.21723e+27 3.35946e+07 96 33.9111 25 0.195212
991 7.92282e+28 3.85499e+27 1.34253e+08 96 35.3398 27 0.20967
992 7.92282e+28 3.42582e+27 1.6829e+07 96 33.9717 24 0.190142
993 7.92282e+28 3.39903e+27 6.71519e+07 96 35.0615 26 0.194785
994 7.92282e+28 3.5284e+27 1.34263e+08 96 35.3389 27 0.194951
995 7.92282e+28 3.44397e+27 2.68489e+08 96 35.9287 28 0.195241
996 7.92282e+28 3.18389e+27 8.43243e+06 96 33.0928 23 0.187296
997 7.92282e+28 3.69271e+27 8.43403e+06 96 34.04 23 0.188239
998 7.92282e+28 3.63242e+27 6.71655e+07 96 34.7852 26 0.1947
999 7.92282e+28 3.58956e+27 3.3595e+07 96 34.0215 25 0.187374
1000 7.92282e+28 5.03879e+27 5.36919e+08 96 37.0322 29 0.20615
1001 7.92282e+28 4.05561e+27 1.34267e+08 96 35.7188 27 0.200758
1002 7.92282e+28 3.96778e+27 3.36041e+07 96 34.541 25 0.201065
1003 7.92282e+28 4.38914e+27 4.23545e+06 96 33.8135 22 0.194619
1004 7.92282e+28 4.31239e+27 6.7129e+07 96 34.293 26 0.191701
1005 1.58456e+29 4.90805e+27 6.71168e+07 97 34.2334 26 0.198308
1006 7.92282e+28 3.80128e+27 3.36107e+07 96 33.8604 25 0.198984
1007 7.92282e+28 5.01543e+27 2.68468e+08 96 35.9688 28 0.197653
1008 7.92282e+28 4.08599e+27 1.34245e+08 96 35.4111 27 0.202839
1009 7.92282e+28 2.98923e+27 6.71557e+07 96 34.0771 26 0.212701
1010 7.92282e+28 4.06193e+27 1.34245e+08 96 34.793 27 0.204847
1011 7.92282e+28 3.97392e+27 6.71536e+07 96 34.1172 26 0.203715
1012 7.92282e+28 5.00173e+27 6.71558e+07 96 35.1055 26 0.196024
1013 7.92282e+28 3.63772e+27 6.71491e+07 96 33.9102 26 0.201965
1014 7.92282e+28 2.84165e+27 3.36151e+07 96 34.0088 25 0.201959
1015 7.92282e+28 3.94317e+27 6.71528e+07 96 33.9268 26 0.201936
1016 7.92282e+28 4.03163e+27 6.71549e+07 96 34.2109 26 0.210264
1017 3.16913e+29 3.71483e+27 1.34267e+08 98 34.7656 27 0.197879
1018 7.92282e+28 4.24035e+27 6.71355e+07 96 34.9727 26 0.196539
1019 7.92282e+28 3.99248e+27 6.71465e+07 96 34.4102 26 0.206544
1020 7.92282e+28 4.58491e+27 5.36895e+08 96 36.8184 29 0.202433
1021 7.92282e+28 4.67048e+27 2.68494e+08 96 36.835 28 0.216772
1022 7.92282e+28 4.84074e+27 1.3427e+08 96 36.4834 27 0.206338
1023 7.92282e+28 4.81288e+27 2.6849e+08 96 36.3721 28 0.211437
1024 7.92282e+28 4.74491e+27 1.34269e+08 96 35.9395 27 0.200732
1025 7.92282e+28 4.62207e+27 2.68479e+08 96 36.7344 28 0.204295
1026 7.92282e+28 4.70577e+27 1.34248e+08 96 35.4121 27 0.203195
1027 1.58456e+29 5.17162e+27 2.68482e+08 97 36.8643 28 0.214184
1028 3.16913e+29 4.99212e+27 5.3693e+08 98 36.9434 29 0.2153
1029 7.92282e+28 5.345e+27 2.68467e+08 96 36.6826 28 0.20709
1030 7.92282e+28 5.03719e+27 1.07382e+09 96 36.873 30 0.209804
1031 7.92282e+28 5.46552e+27 5.36909e+08 96 36.5752 29 0.20964
1032 7.92282e+28 4.74722e+27 1.68245e+07 96 33.8486 24 0.196635
1033 7.92282e+28 4.98425e+27 1.34256e+08 96 35.6064 27 0.210892
1034 1.58456e+29 5.64261e+27 5.36929e+08 97 37.0283 29 0.21179
1035 7.92282e+28 4.52592e+27 2.68484e+08 96 35.9346 28 0.21164
1036 3.16913e+29 5.5522e+27 1.34269e+08 98 35.8086 27 0.216714
1037 7.92282e+28 4.45305e+27 1.34262e+08 96 35.4658 27 0.199786
1038 7.92282e+28 6.14264e+27 5.36923e+08 96 37.5469 29 0.216029
1039 7.92282e+28 5.19612e+27 2.68493e+08 96 36.5664 28 0.21006
1040 7.92282e+28 5.07455e+27 1.34255e+08 96 36.2949 27 0.217242
1041 1.58456e+29 5.8985e+27 1.3428e+08 97 35.8457 27 0.209388
1042 3.16913e+29 5.49396e+27 5.36924e+08 98 36.9424 29 0.210593
1043 7.92282e+28 5.1348e+27 4.29504e+09 96 37.6133 32 0.220465
1044 7.92282e+28 5.73878e+27 1.07379e+09 96 37.1904 30 0.199961
1045 7.92282e+28 4.79167e+27 2.68499e+08 96 36.29 28 0.212032
1046 7.92282e+28 5.95303e+27 2.14752e+09 96 38.3477 31 0.225863
1047 7.92282e+28 4.99234e+27 5.36893e+08 96 37.3145 29 0.22236
1048 7.92282e+28 6.07886e+27 1.71799e+10 96 39.498 34 0.231516
1049 7.92282e+28 6.3862e+27 1.37439e+11 96 41.2637 37 0.242002
1050 7.92282e+28 6.63369e+27 8.59002e+09 96 40.3193 33 0.221254
1051 7.92282e+28 6.48185e+27 1.71799e+10 96 40.0859 34 0.227599
1052 7.92282e+28 6.87561e+27 3.43598e+10 96 40.8125 35 0.226856
1053 7.92282e+28 5.45364e+27 1.07379e+09 96 37.7148 30 0.212197
1054 7.92282e+28 6.37854e+27 1.71799e+10 96 40.2148 34 0.22077
1055 7.92282e+28 6.81984e+27 3.43598e+10 96 41.291 35 0.228396
1056 7.92282e+28 6.26392e+27 2.14753e+09 96 39.0342 31 0.219906
1057 7.92282e+28 6.10363e+27 8.59e+09 96 40.1084 33 0.223887
1058 7.92282e+28 6.80169e+27 3.43598e+10 96 40.7793 35 0.225843
1059 7.92282e+28 5.80543e+27 1.71799e+10 96 40.21 34 0.224653
1060 7.92282e+28 6.22254e+27 8.59001e+09 96 39.334 33 0.222705
1061 7.92282e+28 6.57277e+27 3.43598e+10 96 41.0664 35 0.229005
1062 7.92282e+28 6.99417e+27 3.43598e+10 96 40.8496 35 0.23525
1063 7.92282e+28 6.89858e+27 3.43598e+10 96 40.875 35 0.225543
1064 7.92282e+28 7.45227e+27 1.71799e+10 96 40.8896 34 0.226573
1065 7.92282e+28 7.32851e+27 1.718e+10 96 40.7432 34 0.228829
1066 7.92282e+28 7.34101e+27 1.37439e+11 96 42.7217 37 0.232654
1067 7.92282e+28 7.36227e+27 1.71799e+10 96 40.2334 34 0.239622
1068 7.92282e+28 7.6145e+27 1.71799e+10 96 41.0918 34 0.228014
1069 7.92282e+28 7.09201e+27 8.59001e+09 96 39.6914 33 0.223873
1070 7.92282e+28 7.41119e+27 3.43598e+10 96 41.0078 35 0.233782
1071 7.92282e+28 7.62262e+27 3.43598e+10 96 40.8115 35 0.244693
1072 7.92282e+28 6.58294e+27 1.37439e+11 96 42.1582 37 0.246085
1073 3.16913e+29 7.27793e+27 1.37439e+11 98 42.0166 37 0.231701
1074 7.92282e+28 7.52954e+27 6.87195e+10 96 42.1621 36 0.234182
1075 7.92282e+28 7.84806e+27 2.74878e+11 96 42.7891 38 0.240444
1076 7.92282e+28 8.3969e+27 3.43598e+10 96 41.502 35 0.221904
1077 3.16913e+29 7.98738e+27 5.49756e+11 98 43.0078 39 0.247566
1078 7.92282e+28 8.55571e+27 8.59003e+09 96 40.9375 33 0.225215
1079 7.92282e+28 9.23313e+27 6.87195e+10 96 42.5039 36 0.229357
1080 7.92282e+28 8.49264e+27 1.37439e+11 96 43.0938 37 0.246879
1081 7.92282e+28 9.18326e+27 3.43598e+10 96 42.2305 35 0.233121
1082 3.16913e+29 7.98791e+27 6.87195e+10 98 41.5947 36 0.237803
1083 3.16913e+29 7.61436e+27 6.87196e+10 98 41.7422 36 0.231597
1084 7.92282e+28 8.69378e+27 8.79609e+12 96 44.8174 43 0.248252
1085 3.16913e+29 9.44735e+27 2.74878e+11 98 43.0986 38 0.235909
1086 7.92282e+28 9.90055e+27 1.37439e+11 96 43.5771 37 0.232056
1087 3.16913e+29 9.61691e+27 5.49756e+11 98 43.9521 39 0.238714
1088 1.58456e+29 9.7647e+27 1.37439e+11 97 43.4971 37 0.25375
1089 7.92282e+28 9.64689e+27 6.87195e+10 96 42.7705 36 0.236562
1090 7.92282e+28 1.07975e+28 1.37439e+11 96 43.6582 37 0.242802
1091 1.58456e+29 1.01015e+28 3.43598e+10 97 42.5508 35 0.237326
1092 7.92282e+28 9.37363e+27 1.09951e+12 96 44.4941 40 0.239954
1093 3.16913e+29 1.12832e+28 5.49756e+11 98 44.835 39 0.246614
1094 7.92282e+28 1.0221e+28 5.49756e+11 96 44.5635 39 0.244716
1095 1.58456e+29 1.18304e+28 1.09951e+12 97 44.8682 40 0.259713
1096 7.92282e+28 9.78301e+27 5.49756e+11 96 44.6289 39 0.247361
1097 1.58456e+29 9.08983e+27 1.37439e+11 97 42.8955 37 0.239065
1098 7.92282e+28 1.0694e+28 5.49756e+11 96 43.9971 39 0.24204
1099 7.92282e+28 9.91114e+27 6.87195e+10 96 43.2715 36 0.252378
1100 7.92282e+28 1.04199e+28 1.09951e+12 96 45.1152 40 0.24578
1101 7.92282e+28 9.25962e+27 5.49756e+11 96 43.6914 39 0.246021
1102 3.16913e+29 1.10887e+28 2.19902e+12 98 44.9844 41 0.253851
1103 3.16913e+29 1.08176e+28 4.39805e+12 98 45.418 42 0.256214
1104 3.16913e+29 1.04246e+28 1.09951e+12 98 44.2549 40 0.242743
1105 3.16913e+29 1.068e+28 5.49756e+11 98 45.2734 39 0.250299
1106 3.16913e+29 1.02248e+28 1.75922e+13 98 45.9717 44 0.252023
1107 3.16913e+29 1.06551e+28 2.74878e+11 98 44.2891 38 0.251564
1108 3.16913e+29 1.24315e+28 8.79609e+12 98 46.5049 43 0.252285
1109 3.16913e+29 1.31825e+28 3.51844e+13 98 47.6865 45 0.254633
1110 7.92282e+28 1.11933e+28 4.39805e+12 96 45.2656 42 0.251474
1111 7.92282e+28 1.06843e+28 8.79609e+12 96 45.5449 43 0.260429
1112 7.92282e+28 1.10732e+28 3.51844e+13 96 46.8516 45 0.266726
1113 7.92282e+28 1.15957e+28 3.51844e+13 96 46.9443 45 0.253664
1114 7.92282e+28 1.11181e+28 8.79609e+12 96 46.1396 43 0.264266
1115 7.92282e+28 1.23015e+28 7.03687e+13 96 47.7012 46 0.265318
1116 7.92282e+28 1.07564e+28 3.51844e+13 96 46.6104 45 0.250887
1117 7.92282e+28 1.27233e+28 3.51844e+13 96 47.1494 45 0.262249
1118 7.92282e+28 1.30374e+28 2.81475e+14 96 48.5225 48 0.264844
1119 7.92282e+28 1.07017e+28 2.74878e+11 96 44.3896 38 0.239518
1120 7.92282e+28 1.14107e+28 1.75922e+13 96 46.9248 44 0.257366
1121 7.92282e+28 1.19169e+28 1.75922e+13 96 46.584 44 0.252392
1122 3.16913e+29 1.1885e+28 3.51844e+13 98 46.8145 45 0.267937
1123 7.92282e+28 1.25956e+28 8.79609e+12 96 46.2236 43 0.272401
1124 1.58456e+29 1.18592e+28 2.19902e+12 97 46.54 41 0.246708
1125 7.92282e+28 1.08927e+28 2.74878e+11 96 44.6387 38 0.239059
1126 7.92282e+28 1.31594e+28 1.40737e+14 96 47.5586 47 0.258276
1127 3.16913e+29 1.40508e+28 3.51844e+13 98 47.3887 45 0.252842
1128 3.16913e+29 1.21513e+28 1.75922e+13 98 46.9004 44 0.261478
1129 3.16913e+29 1.07815e+28 4.39805e+12 98 45.7676 42 0.248284
1130 7.92282e+28 1.24129e+28 2.81475e+14 96 48.3887 48 0.261931
1131 7.92282e+28 1.45359e+28 4.5036e+15 96 50.3115 52 0.263321
1132 1.58456e+29 1.186e+28 4.39805e+12 97 46.2559 42 0.243602
1133 1.58456e+29 1.36783e+28 1.40737e+14 97 48.3174 47 0.270614
1134 7.92282e+28 1.24068e+28 1.75922e+13 96 47.6357 44 0.255033
1135 7.92282e+28 1.46911e+28 7.03687e+13 96 49.0039 46 0.269883
1136 7.92282e+28 1.42678e+28 1.40737e+14 96 48.0986 47 0.25465
1137 3.16913e+29 1.27485e+28 1.40737e+14 98 47.6572 47 0.257006
1138 3.16913e+29 1.52703e+28 4.5036e+15 98 49.2412 52 0.269618
1139 1.58456e+29 1.44817e+28 2.81475e+14 97 49.3477 48 0.278667
1140 7.92282e+28 1.4435e+28 5.6295e+14 96 49.4717 49 0.270645
1141 7.92282e+28 1.34826e+28 5.6295e+14 96 48.9824 49 0.262983
1142 7.92282e+28 1.37546e+28 8.79609e+12 96 47.208 43 0.269117
1143 7.92282e+28 1.35714e+28 2.2518e+15 96 50.3105 51 0.267629
1144 7.92282e+28 1.29463e+28 5.6295e+14 96 49.6289 49 0.265255
1145 7.92282e+28 1.2846e+28 1.40737e+14 96 48.3975 47 0.270429
1146 3.16913e+29 1.14055e+28 2.2518e+15 98 49.2627 51 0.273842
1147 7.92282e+28 1.14854e+28 1.40737e+14 96 47.7168 47 0.264046
1148 7.92282e+28 1.2556e+28 2.2518e+15 96 49.0459 51 0.260309
1149 7.92282e+28 1.13665e+28 9.0072e+15 96 49.6777 53 0.266334
1150 3.16913e+29 1.36252e+28 9.0072e+15 98 50.8496 53 0.27118
1151 1.58456e+29 1.42503e+28 4.5036e+15 97 50.252 52 0.258409
1152 7.92282e+28 1.376e+28 4.5036e+15 96 49.6758 52 0.274487
1153 3.16913e+29 1.43055e+28 1.1259e+15 98 49.6318 50 0.271804
1154 7.92282e+28 1.28926e+28 2.2518e+15 96 49.2881 51 0.277205
1155 7.92282e+28 1.32499e+28 5.6295e+14 96 48.8867 49 0.260292
1156 7.92282e+28 1.52325e+28 7.20576e+16 96 52.2832 56 0.282188
1157 7.92282e+28 1.53359e+28 1.80144e+16 96 51.4287 54 0.279077
1158 7.92282e+28 1.49935e+28 4.5036e+15 96 50.0225 52 0.261584
1159 7.92282e+28 1.46177e+28 2.2518e+15 96 50.4746 51 0.2714
1160 1.58456e+29 1.49354e+28 5.6295e+14 97 49.4658 49 0.265758
1161 7.92282e+28 1.46361e+28 3.60288e+16 96 52.3105 55 0.273082
1162 3.16913e+29 1.45736e+28 2.2518e+15 98 49.4717 51 0.261551
1163 3.16913e+29 1.64595e+28 2.2518e+15 98 50.127 51 0.277342
1164 7.92282e+28 1.47646e+28 2.2518e+15 96 50.123 51 0.289038
1165 3.16913e+29 1.49964e+28 1.80144e+16 98 51.5107 54 0.278985
1166 7.92282e+28 1.42436e+28 1.80144e+16 96 50.6006 54 0.283377
1167 7.92282e+28 1.60893e+28 1.80144e+16 96 51.3701 54 0.269563
1168 7.92282e+28 1.52248e+28 4.5036e+15 96 50.7148 52 0.277952
1169 3.16913e+29 1.5325e+28 9.0072e+15 98 50.2207 53 0.272521
1170 7.92282e+28 1.51147e+28 9.0072e+15 96 50.542 53 0.270077
1171 1.58456e+29 1.63531e+28 5.76461e+17 97 53.0088 59 0.293181
1172 7.92282e+28 1.46665e+28 1.80144e+16 96 51.1758 54 0.272994
1173 3.16913e+29 1.49527e+28 7.20576e+16 98 51.0264 56 0.273011
1174 7.92282e+28 1.647e+28 7.20576e+16 96 52.7354 56 0.281616
1175 7.92282e+28 1.47234e+28 7.20576e+16 96 51.4121 56 0.269259
1176 3.16913e+29 1.63179e+28 7.20576e+16 98 51.0928 56 0.278421
1177 3.16913e+29 1.76846e+28 3.60288e+16 98 52.291 55 0.294624
1178 7.92282e+28 1.61296e+28 7.20576e+16 96 52.1641 56 0.278888
1179 3.16913e+29 1.69093e+28 3.60288e+16 98 52.2451 55 0.286824
1180 7.92282e+28 1.58199e+28 3.60288e+16 96 52.2705 55 0.281771
1181 7.92282e+28 1.72271e+28 7.20576e+16 96 52.6523 56 0.270522
1182 3.16913e+29 1.64537e+28 9.0072e+15 98 51.5264 53 0.279445
1183 1.58456e+29 1.56931e+28 2.8823e+17 97 53.292 58 0.282187
1184 3.16913e+29 1.73535e+28 2.8823e+17 98 52.9639 58 0.283357
1185 7.92282e+28 1.74786e+28 2.8823e+17 96 52.6104 58 0.287287
1186 7.92282e+28 1.65919e+28 9.0072e+15 96 51.0264 53 0.287827
1187 7.92282e+28 1.54001e+28 1.80144e+16 96 51.7881 54 0.272917
1188 3.16913e+29 1.74821e+28 5.76461e+17 98 53.7178 59 0.282567
1189 7.92282e+28 1.61467e+28 1.44115e+17 96 53.2998 57 0.282414
1190 7.92282e+28 1.77913e+28 1.15292e+18 96 53.8184 60 0.28101
1191 3.16913e+29 1.65008e+28 7.20576e+16 98 52.2529 56 0.273958
1192 7.92282e+28 1.7706e+28 1.15292e+18 96 54.207 60 0.292717
1193 7.92282e+28 1.66259e+28 1.44115e+17 96 52.501 57 0.286744
1194 7.92282e+28 1.7271e+28 5.76461e+17 96 52.2422 59 0.276848
1195 7.92282e+28 1.75527e+28 1.15292e+18 96 53.5039 60 0.277958
1196 1.58456e+29 1.6555e+28 2.8823e+17 97 52.667 58 0.27618
1197 7.92282e+28 1.62283e+28 5.76461e+17 96 52.542 59 0.266527
1198 3.16913e+29 1.78901e+28 5.76461e+17 98 52.6631 59 0.270374
1199 7.92282e+28 1.64809e+28 1.80144e+16 96 51.4531 54 0.264628
1200 3.16913e+29 1.7079e+28 7.20576e+16 98 51.918 56 0.27557
1201 7.92282e+28 1.65914e+28 3.60288e+16 96 52.0059 55 0.265507
1202 1.58456e+29 1.66493e+28 5.76461e+17 97 54.168 59 0.28694
1203 7.92282e+28 1.69187e+28 1.84467e+19 96 54.5303 64 0.283164
1204 7.92282e+28 1.73304e+28 3.60288e+16 96 52.0195 55 0.267711
1205 7.92282e+28 1.5663e+28 5.76461e+17 96 52.3613 59 0.272233
1206 3.16913e+29 1.75447e+28 1.44115e+17 98 52.4736 57 0.275308
1207 3.16913e+29 1.61252e+28 2.8823e+17 98 51.9316 58 0.267512
1208 1.58456e+29 1.78743e+28 1.15292e+18 97 53.5791 60 0.273232
1209 3.16913e+29 1.76418e+28 2.30584e+18 98 53.251 61 0.280689
1210 7.92282e+28 1.6425e+28 5.76461e+17 96 53.4463 59 0.278413
1211 3.16913e+29 1.87673e+28 2.30584e+18 98 53.7734 61 0.274055
1212 7.92282e+28 1.74996e+28 9.22337e+18 96 54.9404 63 0.284702
1213 7.92282e+28 1.67472e+28 1.84467e+19 96 54.9717 64 0.282287
1214 7.92282e+28 1.51409e+28 2.30584e+18 96 53.3438 61 0.282153
1215 7.92282e+28 1.82956e+28 4.61169e+18 96 54.3867 62 0.282917
1216 3.16913e+29 1.87178e+28 3.68935e+19 98 55.6807 65 0.281484
1217 1.58456e+29 1.79408e+28 5.76461e+17 97 54.3232 59 0.286819
1218 7.92282e+28 1.81877e+28 1.84467e+19 96 55.2568 64 0.297199
1219 3.16913e+29 1.97472e+28 9.22337e+18 98 54.4502 63 0.283215
1220 7.92282e+28 1.99094e+28 1.47574e+20 96 56.5312 67 0.286713
1221 1.58456e+29 1.8157e+28 1.47574e+20 97 55.9561 67 0.286087
1222 1.58456e+29 1.95981e+28 7.3787e+19 97 55.8545 66 0.278146
1223 3.16913e+29 1.78365e+28 3.68935e+19 98 54.8135 65 0.287129
1224 3.16913e+29 2.01868e+28 1.47574e+20 98 56.543 67 0.284929
1225 7.92282e+28 2.01545e+28 1.15292e+18 96 54.5664 60 0.27479
1226 7.92282e+28 1.92765e+28 1.47574e+20 96 56.2861 67 0.294025
1227 3.16913e+29 1.87904e+28 1.44115e+17 98 52.6699 57 0.275056
1228 3.16913e+29 1.95247e+28 7.3787e+19 98 57.0938 66 0.292217
1229 7.92282e+28 1.83475e+28 4.61169e+18 96 54.7148 62 0.28168
1230 3.16913e+29 2.07567e+28 1.18059e+21 98 57.4844 70 0.292276
1231 3.16913e+29 2.01599e+28 1.47574e+20 98 55.4951 67 0.28113
1232 7.92282e+28 1.91391e+28 1.84467e+19 96 54.2246 64 0.282223
1233 7.92282e+28 1.83277e+28 1.84467e+19 96 54.2188 64 0.273776
1234 7.92282e+28 1.85455e+28 1.84467e+19 96 54.9277 64 0.291113
1235 7.92282e+28 1.69583e+28 1.84467e+19 96 55.3594 64 0.292474
1236 7.92282e+28 1.73569e+28 1.84467e+19 96 55.3359 64 0.277997
1237 7.92282e+28 2.02116e+28 5.90296e+20 96 56.5732 69 0.281158
1238 7.92282e+28 1.96285e+28 7.3787e+19 96 56.1162 66 0.284373
1239 3.16913e+29 2.07867e+28 5.90296e+20 98 57.3799 69 0.294654
1240 7.92282e+28 1.92675e+28 2.95148e+20 96 55.6406 68 0.284116
1241 3.16913e+29 2.03137e+28 5.90296e+20 98 57.2754 69 0.301778
1242 7.92282e+28 2.01245e+28 7.3787e+19 96 56.5381 66 0.29103
1243 7.92282e+28 1.84655e+28 3.68935e+19 96 55.5186 65 0.283966
1244 3.16913e+29 1.93592e+28 5.90296e+20 98 57.0635 69 0.301835
1245 3.16913e+29 2.08099e+28 5.90296e+20 98 56.7197 69 0.285981
1246 3.16913e+29 2.11884e+28 7.3787e+19 98 55.9971 66 0.289323
1247 1.58456e+29 2.10374e+28 1.47574e+20 97 56.1973 67 0.282377
1248 1.58456e+29 1.96004e+28 2.95148e+20 97 57.1562 68 0.293775
1249 3.16913e+29 2.13116e+28 3.68935e+19 98 55.4346 65 0.285304
1250 3.16913e+29 2.07745e+28 1.47574e+20 98 56.8506 67 0.295712
1251 1.58456e+29 2.12816e+28 1.84467e+19 97 55.5537 64 0.278894
1252 7.92282e+28 2.08837e+28 2.95148e+20 96 56.8584 68 0.292061
1253 3.16913e+29 2.21075e+28 2.36118e+21 98 58.1484 71 0.291552
1254 7.92282e+28 2.2358e+28 1.18059e+21 96 58.2705 70 0.290457
1255 7.92282e+28 2.12921e+28 7.3787e+19 96 56.1035 66 0.283782
1256 3.16913e+29 2.16087e+28 3.68935e+19 98 55.9102 65 0.286661
1257 7.92282e+28 2.21772e+28 4.72237e+21 96 58.5693 72 0.298084
1258 7.92282e+28 2.14539e+28 2.36118e+21 96 58.6143 71 0.305737
1259 7.92282e+28 2.27401e+28 4.72237e+21 96 57.9404 72 0.28976
1260 7.92282e+28 2.20535e+28 5.90296e+20 96 56.3984 69 0.282537
1261 3.16913e+29 2.21969e+28 1.18059e+21 98 58.0166 70 0.295412
1262 1.58456e+29 2.3766e+28 2.36118e+21 97 58.3594 71 0.294442
1263 7.92282e+28 2.14598e+28 2.95148e+20 96 56.5381 68 0.291252
1264 1.58456e+29 2.30381e+28 1.18059e+21 97 58.3789 70 0.297463
1265 3.16913e+29 2.50214e+28 4.72237e+21 98 59.7939 72 0.297727
1266 3.16913e+29 2.31857e+28 3.77789e+22 98 58.6963 75 0.296794
1267 7.92282e+28 2.24422e+28 4.72237e+21 96 58.8037 72 0.30178
1268 7.92282e+28 2.25712e+28 1.18059e+21 96 56.3633 70 0.28691
1269 1.58456e+29 2.24727e+28 2.95148e+20 97 57.0918 68 0.286392
1270 7.92282e+28 2.2877e+28 2.95148e+20 96 56.3398 68 0.293669
1271 7.92282e+28 2.3596e+28 4.72237e+21 96 58.875 72 0.297575
1272 7.92282e+28 2.15046e+28 1.47574e+20 96 56.8223 67 0.289075
1273 3.16913e+29 2.19291e+28 1.47574e+20 98 56.626 67 0.285058
1274 7.92282e+28 2.28258e+28 9.44473e+21 96 58.9609 73 0.298145
1275 7.92282e+28 2.10505e+28 1.18059e+21 96 57.6494 70 0.291228
1276 3.16913e+29 2.41428e+28 2.36118e+21 98 59.0156 71 0.295838
1277 3.16913e+29 2.24775e+28 2.36118e+21 98 57.7979 71 0.297919
1278 1.58456e+29 2.45915e+28 1.88895e+22 97 59.2988 74 0.301202
1279 3.16913e+29 2.40587e+28 1.88895e+22 98 59.3145 74 0.307423
1280 3.16913e+29 2.50608e+28 4.72237e+21 98 58.498 72 0.30632
1281 1.58456e+29 2.46092e+28 1.88895e+22 97 58.8164 74 0.305405
1282 3.16913e+29 2.567e+28 1.88895e+22 98 59.9307 74 0.307206
1283 3.16913e+29 2.5849e+28 1.88895e+22 98 59.7881 74 0.301407
1284 3.16913e+29 2.61359e+28 3.77789e+22 98 59.9121 75 0.301376
1285 3.16913e+29 2.39435e+28 9.44473e+21 98 58.709 73 0.305158
1286 3.16913e+29 2.67061e+28 7.55579e+22 98 61.1064 76 0.304657
1287 1.58456e+29 2.38247e+28 4.72237e+21 97 58.7295 72 0.295237
1288 3.16913e+29 2.50421e+28 1.18059e+21 98 58.3691 70 0.29686
1289 3.16913e+29 2.5975e+28 4.72237e+21 98 58.4746 72 0.296965
1290 3.16913e+29 2.46149e+28 5.90296e+20 98 57.6377 69 0.292586
1291 3.16913e+29 2.58911e+28 3.77789e+22 98 60.125 75 0.301581
1292 1.58456e+29 2.66372e+28 7.55579e+22 97 60.915 76 0.304281
1293 7.92282e+28 2.55665e+28 1.88895e+22 96 58.5635 74 0.295814
1294 1.58456e+29 2.54281e+28 9.44473e+21 97 58.5137 73 0.306125
1295 3.16913e+29 2.50956e+28 1.18059e+21 98 57.9062 70 0.298509
1296 7.92282e+28 2.42573e+28 3.77789e+22 96 59.5723 75 0.297133
1297 7.92282e+28 2.51662e+28 2.36118e+21 96 58.583 71 0.299631
1298 7.92282e+28 2.60975e+28 3.77789e+22 96 59.8066 75 0.30503
1299 3.16913e+29 2.54881e+28 9.44473e+21 98 58.543 73 0.289562
1300 7.92282e+28 2.78773e+28 1.88895e+22 96 58.8994 74 0.288495
1301 3.16913e+29 2.62388e+28 2.36118e+21 98 58.5801 71 0.295899
1302 3.16913e+29 2.60616e+28 3.77789e+22 98 59.8887 75 0.304363
1303 7.92282e+28 2.74266e+28 7.55579e+22 96 60.542 76 0.299672
1304 3.16913e+29 2.70217e+28 4.72237e+21 98 58.1514 72 0.294397
1305 3.16913e+29 2.6586e+28 7.55579e+22 98 59.7676 76 0.302978
1306 7.92282e+28 2.42481e+28 2.36118e+21 96 57.6641 71 0.288335
1307 7.92282e+28 2.71379e+28 1.88895e+22 96 59.2969 74 0.297739
1308 3.16913e+29 2.58589e+28 9.44473e+21 98 58.6133 73 0.300769
1309 3.16913e+29 2.58367e+28 1.88895e+22 98 58.9238 74 0.305707
1310 7.92282e+28 2.50633e+28 4.72237e+21 96 58.2676 72 0.311171
1311 3.16913e+29 2.67892e+28 7.55579e+22 98 60.2549 76 0.321643
1312 3.16913e+29 2.64444e+28 1.88895e+22 98 60.1094 74 0.317253
1313 3.16913e+29 2.71439e+28 3.02231e+23 98 60.5156 78 0.308121
1314 1.58456e+29 2.53169e+28 1.88895e+22 97 58.4395 74 0.31176
1315 3.16913e+29 2.67113e+28 7.55579e+22 98 60.0811 76 0.306529
1316 3.16913e+29 2.70425e+28 1.88895e+22 98 59.2715 74 0.299353
1317 3.16913e+29 2.53831e+28 2.36118e+21 98 58.5518 71 0.299926
1318 7.92282e+28 2.77264e+28 7.55579e+22 96 60.6357 76 0.307081
1319 7.92282e+28 2.59427e+28 9.44473e+21 96 58.8105 73 0.307248
1320 7.92282e+28 2.65063e+28 3.77789e+22 96 59.8594 75 0.311708
1321 3.16913e+29 2.68012e+28 3.77789e+22 98 59.2012 75 0.308403
1322 7.92282e+28 2.60566e+28 1.51116e+23 96 59.7676 77 0.308088
1323 7.92282e+28 2.67069e+28 1.51116e+23 96 60.3477 77 0.316562
1324 7.92282e+28 2.78329e+28 1.51116e+23 96 60.7021 77 0.315245
1325 7.92282e+28 2.7747e+28 3.77789e+22 96 59.5098 75 0.314027
1326 7.92282e+28 2.73719e+28 7.55579e+22 96 59.2695 76 0.296424
1327 3.16913e+29 2.76136e+28 7.55579e+22 98 60.1641 76 0.30941
1328 7.92282e+28 2.9223e+28 1.51116e+23 96 60.7666 77 0.314232
1329 3.16913e+29 2.91038e+28 7.55579e+22 98 61.0146 76 0.303457
1330 1.58456e+29 2.75964e+28 7.55579e+22 97 59.2227 76 0.309838
1331 1.58456e+29 2.6992e+28 1.88895e+22 97 59.1084 74 0.301825
1332 3.16913e+29 2.91992e+28 7.55579e+22 98 60.3779 76 0.309661
1333 1.58456e+29 2.69899e+28 9.44473e+21 97 59.3047 73 0.308804
1334 3.16913e+29 2.69936e+28 9.44473e+21 98 57.627 73 0.306883
1335 3.16913e+29 2.9936e+28 1.51116e+23 98 60.1289 77 0.3077
1336 7.92282e+28 2.92657e+28 7.55579e+22 96 61.0146 76 0.307855
1337 3.16913e+29 2.95605e+28 1.51116e+23 98 60.1348 77 0.306265
1338 7.92282e+28 2.94977e+28 3.02231e+23 96 61.0605 78 0.324804
1339 7.92282e+28 2.8992e+28 3.02231e+23 96 60.2666 78 0.311344
1340 3.16913e+29 2.78772e+28 9.44473e+21 98 57.3828 73 0.295937
1341 3.16913e+29 2.78468e+28 7.55579e+22 98 60.585 76 0.313593
1342 3.16913e+29 2.84519e+28 3.02231e+23 98 61.3428 78 0.310735
1343 7.92282e+28 2.79048e+28 3.77789e+22 96 58.9854 75 0.299497
1344 7.92282e+28 3.00146e+28 1.51116e+23 96 60.8789 77 0.313466
1345 3.16913e+29 3.03554e+28 6.04463e+23 98 61.249 79 0.309052
1346 3.16913e+29 2.99651e+28 7.55579e+22 98 59.79 76 0.317615
1347 3.16913e+29 3.05754e+28 1.51116e+23 98 60.0479 77 0.298527
1348 3.16913e+29 3.15699e+28 3.02231e+23 98 60.958 78 0.314649
1349 7.92282e+28 3.00487e+28 3.02231e+23 96 59.6738 78 0.303039
1350 3.16913e+29 2.96761e+28 7.55579e+22 98 58.8389 76 0.298228
1351 3.16913e+29 2.80978e+28 9.44473e+21 98 58.6367 73 0.301892
1352 1.58456e+29 2.91957e+28 1.51116e+23 97 60.2402 77 0.309585
1353 3.16913e+29 3.18637e+28 3.02231e+23 98 61.2178 78 0.31418
1354 3.16913e+29 3.09217e+28 1.51116e+23 98 60.1719 77 0.298082
1355 7.92282e+28 2.99747e+28 6.04463e+23 96 60.7021 79 0.307451
1356 7.92282e+28 2.99261e+28 3.02231e+23 96 60.1572 78 0.313283
1357 3.16913e+29 2.85925e+28 3.77789e+22 98 59.0117 75 0.298681
1358 3.16913e+29 2.96922e+28 3.77789e+22 98 59.4678 75 0.312755
1359 3.16913e+29 2.90285e+28 1.88895e+22 98 58.667 74 0.308036
1360 3.16913e+29 3.07122e+28 1.20893e+24 98 62.0186 80 0.313805
1361 3.16913e+29 2.95184e+28 1.51116e+23 98 59.3818 77 0.302749
1362 3.16913e+29 2.87281e+28 6.04463e+23 98 62.7871 79 0.319123
1363 1.58456e+29 2.92572e+28 1.51116e+23 97 60.4531 77 0.306699
1364 3.16913e+29 3.08469e+28 1.20893e+24 98 61.6016 80 0.317314
1365 1.58456e+29 3.04424e+28 1.51116e+23 97 59.5742 77 0.301677
1366 7.92282e+28 2.94745e+28 1.51116e+23 96 60.2256 77 0.302091
1367 7.92282e+28 3.03633e+28 1.20893e+24 96 62.0166 80 0.315321
1368 3.16913e+29 3.32046e+28 1.93428e+25 98 63.4502 84 0.324359
1369 3.16913e+29 3.11343e+28 3.02231e+23 98 60.1426 78 0.30176
1370 3.16913e+29 3.24472e+28 4.8357e+24 98 62.3682 82 0.317872
1371 3.16913e+29 3.07471e+28 1.51116e+23 98 59.9717 77 0.30768
1372 1.58456e+29 2.92023e+28 1.51116e+23 97 61.1396 77 0.315173
1373 7.92282e+28 2.88736e+28 3.77789e+22 96 59.5557 75 0.310932
1374 7.92282e+28 3.04838e+28 6.04463e+23 96 62.3906 79 0.314657
1375 3.16913e+29 2.88588e+28 3.02231e+23 98 61.1299 78 0.303997
1376 1.58456e+29 2.95356e+28 6.04463e+23 97 62.3438 79 0.327376
1377 3.16913e+29 2.91004e+28 7.55579e+22 98 60.6572 76 0.30685
1378 3.16913e+29 2.9978e+28 3.02231e+23 98 61.252 78 0.304179
1379 7.92282e+28 3.02268e+28 6.04463e+23 96 61.8457 79 0.309483
1380 3.16913e+29 2.96238e+28 1.20893e+24 98 61.8086 80 0.317388
1381 3.16913e+29 3.19894e+28 6.04463e+23 98 61.5156 79 0.317357
1382 1.58456e+29 2.95048e+28 1.51116e+23 97 60.2285 77 0.300999
1383 7.92282e+28 2.98425e+28 1.20893e+24 96 61.2461 80 0.308008
1384 3.16913e+29 3.17914e+28 4.8357e+24 98 62.6543 82 0.309327
1385 7.92282e+28 3.03155e+28 1.20893e+24 96 62.3828 80 0.311045
1386 1.58456e+29 3.15e+28 2.41785e+24 97 61.6934 81 0.302635
1387 7.92282e+28 2.90988e+28 3.02231e+23 96 60.6055 78 0.306266
1388 3.16913e+29 3.12515e+28 2.41785e+24 98 61.3438 81 0.308165
1389 7.92282e+28 2.92062e+28 3.02231e+23 96 61.1875 78 0.305223
1390 7.92282e+28 3.00438e+28 3.02231e+23 96 60.5381 78 0.29965
1391 7.92282e+28 3.18008e+28 1.20893e+24 96 61.8662 80 0.307669
1392 1.58456e+29 2.99024e+28 6.04463e+23 97 62.3301 79 0.306985
1393 3.16913e+29 3.01197e+28 3.02231e+23 98 61.3301 78 0.305354
1394 1.58456e+29 3.06564e+28 1.51116e+23 97 61.2197 77 0.304401
1395 1.58456e+29 3.22772e+28 1.20893e+24 97 61.8516 80 0.304302
1396 3.16913e+29 3.08517e+28 1.51116e+23 98 60.248 77 0.302308
1397 3.16913e+29 3.04919e+28 6.04463e+23 98 60.8691 79 0.302008
1398 3.16913e+29 3.05308e+28 2.41785e+24 98 61.6299 81 0.303665
1399 3.16913e+29 2.96893e+28 6.04463e+23 98 61.001 79 0.313176
1400 3.16913e+29 3.20286e+28 1.20893e+24 98 61.5928 80 0.310012
1401 3.16913e+29 3.11513e+28 1.20893e+24 98 61.8711 80 0.313079
1402 3.16913e+29 3.09196e+28 1.20893e+24 98 61.4678 80 0.304972
1403 7.92282e+28 3.03895e+28 3.02231e+23 96 60.6865 78 0.300349
1404 3.16913e+29 2.91902e+28 7.55579e+22 98 60.1045 76 0.301311
1405 3.16913e+29 3.12233e+28 3.02231e+23 98 61.002 78 0.316002
1406 1.58456e+29 3.22108e+28 2.41785e+24 97 62.3086 81 0.303894
1407 3.16913e+29 3.03828e+28 7.55579e+22 98 60.2197 76 0.302606
1408 3.16913e+29 3.06423e+28 4.8357e+24 98 62.0195 82 0.302057
1409 7.92282e+28 3.04457e+28 1.51116e+23 96 61.252 77 0.304871
1410 1.58456e+29 3.21747e+28 1.93428e+25 97 62.4219 84 0.30758
1411 1.58456e+29 2.86868e+28 3.02231e+23 97 60.9639 78 0.303183
1412 3.16913e+29 3.07517e+28 7.55579e+22 98 59.3975 76 0.29464
1413 7.92282e+28 2.91935e+28 3.02231e+23 96 60.4531 78 0.29834
1414 7.92282e+28 2.98585e+28 6.04463e+23 96 61.9395 79 0.306391
1415 7.92282e+28 3.11973e+28 1.51116e+23 96 60.498 77 0.294165
1416 1.58456e+29 3.05218e+28 6.04463e+23 97 61.2695 79 0.299442
1417 3.16913e+29 3.15803e+28 1.20893e+24 98 62.6455 80 0.31248
1418 3.16913e+29 3.10156e+28 6.04463e+23 98 61.1709 79 0.302563
1419 7.92282e+28 2.8718e+28 3.02231e+23 96 60.5996 78 0.301996
1420 1.58456e+29 3.09344e+28 1.20893e+24 97 61.0039 80 0.313067
1421 1.58456e+29 2.92189e+28 3.02231e+23 97 60.541 78 0.301082
1422 1.58456e+29 2.986e+28 3.02231e+23 97 60.3857 78 0.299454
1423 7.92282e+28 2.97765e+28 1.51116e+23 96 60.9277 77 0.306992
1424 3.16913e+29 2.9257e+28 3.02231e+23 98 60.9795 78 0.308946
1425 1.58456e+29 2.9111e+28 7.55579e+22 97 60.9648 76 0.306198
1426 7.92282e+28 2.91896e+28 7.55579e+22 96 60.1396 76 0.304968
1427 3.16913e+29 3.15207e+28 6.04463e+23 98 62.6562 79 0.316085
1428 3.16913e+29 3.15178e+28 6.04463e+23 98 61.7979 79 0.301711
1429 3.16913e+29 3.17227e+28 6.04463e+23 98 61.3291 79 0.302297
1430 3.16913e+29 3.03369e+28 3.02231e+23 98 60.665 78 0.30587
1431 3.16913e+29 3.04384e+28 1.20893e+24 98 61.8408 80 0.302926
1432 1.58456e+29 3.17635e+28 4.8357e+24 97 63.7617 82 0.328876
1433 7.92282e+28 2.97392e+28 1.20893e+24 96 60.9961 80 0.309961
1434 3.16913e+29 2.87326e+28 6.04463e+23 98 61.6084 79 0.311469
1435 3.16913e+29 3.00162e+28 3.02231e+23 98 61.6621 78 0.310965
1436 7.92282e+28 2.96915e+28 6.04463e+23 96 61.6572 79 0.306762
1437 3.16913e+29 3.1206e+28 4.8357e+24 98 61.9834 82 0.312074
1438 3.16913e+29 3.17058e+28 1.20893e+24 98 61.207 80 0.304763
1439 7.92282e+28 3.13598e+28 6.04463e+23 96 62.0156 79 0.309864
1440 1.58456e+29 3.16512e+28 4.8357e+24 97 62.5186 82 0.320342
1441 3.16913e+29 3.28108e+28 1.20893e+24 98 62.3564 80 0.306252
1442 3.16913e+29 3.21152e+28 9.67141e+24 98 63.5186 83 0.310923
1443 7.92282e+28 3.13471e+28 6.04463e+23 96 61.7324 79 0.309965
1444 1.58456e+29 3.23098e+28 9.67141e+24 97 62.4355 83 0.310475
1445 3.16913e+29 3.09533e+28 3.02231e+23 98 61.2451 78 0.302484
1446 1.58456e+29 3.18223e+28 1.20893e+24 97 61.5186 80 0.303023
1447 7.92282e+28 3.25363e+28 1.20893e+24 96 61.79 80 0.307246
1448 3.16913e+29 2.99695e+28 3.02231e+23 98 61.4199 78 0.30792
1449 7.92282e+28 3.19769e+28 4.8357e+24 96 63.2773 82 0.313292
1450 3.16913e+29 3.21512e+28 1.20893e+24 98 63.1357 80 0.309744
1451 7.92282e+28 3.12335e+28 4.8357e+24 96 62.2324 82 0.307428
1452 7.92282e+28 3.15858e+28 4.8357e+24 96 62.2959 82 0.314209
1453 3.16913e+29 3.04129e+28 3.02231e+23 98 60.7822 78 0.310193
1454 3.16913e+29 3.21294e+28 1.20893e+24 98 62.4385 80 0.30477
1455 7.92282e+28 3.19984e+28 6.04463e+23 96 61.8369 79 0.305338
1456 7.92282e+28 3.0156e+28 3.02231e+23 96 61.1572 78 0.315487
1457 3.16913e+29 3.21297e+28 1.20893e+24 98 62.7725 80 0.315119
1458 3.16913e+29 3.20106e+28 4.8357e+24 98 62.1523 82 0.313509
1459 3.16913e+29 3.18582e+28 2.41785e+24 98 61.4531 81 0.302857
1460 3.16913e+29 3.23996e+28 2.41785e+24 98 62.1045 81 0.304003
1461 3.16913e+29 3.19447e+28 2.41785e+24 98 62.3291 81 0.307236
1462 3.16913e+29 3.16607e+28 4.8357e+24 98 62.8887 82 0.3112
1463 3.16913e+29 3.28822e+28 9.67141e+24 98 62.3008 83 0.315085
1464 7.92282e+28 3.18716e+28 4.8357e+24 96 61.3662 82 0.303935
1465 7.92282e+28 3.12847e+28 9.67141e+24 96 62.1943 83 0.324697
1466 3.16913e+29 3.19916e+28 2.41785e+24 98 62.2285 81 0.315555
1467 3.16913e+29 3.19861e+28 4.8357e+24 98 61.4297 82 0.30552
1468 7.92282e+28 3.02042e+28 3.02231e+23 96 60.9268 78 0.32716
1469 1.58456e+29 3.06493e+28 6.04463e+23 97 62.3535 79 0.314314
1470 7.92282e+28 3.05651e+28 3.02231e+23 96 60.9609 78 0.311361
1471 7.92282e+28 3.11882e+28 1.20893e+24 96 62.5088 80 0.323998
1472 7.92282e+28 3.18549e+28 2.41785e+24 96 62.9082 81 0.31214
1473 3.16913e+29 3.18621e+28 4.8357e+24 98 62.9668 82 0.318398
1474 7.92282e+28 3.10863e+28 1.20893e+24 96 61.5986 80 0.307326
1475 7.92282e+28 3.21653e+28 4.8357e+24 96 63.166 82 0.326892
1476 3.16913e+29 3.0668e+28 3.02231e+23 98 61.3838 78 0.30743
1477 7.92282e+28 3.24431e+28 9.67141e+24 96 63.6641 83 0.314876
1478 1.58456e+29 3.35572e+28 3.86856e+25 97 63.6377 85 0.320055
1479 3.16913e+29 3.10927e+28 1.20893e+24 98 61.2217 80 0.3193
1480 3.16913e+29 3.24066e+28 4.8357e+24 98 62.2549 82 0.341359
1481 3.16913e+29 3.29347e+28 2.41785e+24 98 61.9307 81 0.314673
1482 3.16913e+29 3.17403e+28 3.02231e+23 98 60.6953 78 0.303744
1483 3.16913e+29 3.16967e+28 1.20893e+24 98 61.6914 80 0.311135
1484 3.16913e+29 3.21289e+28 2.41785e+24 98 61.4453 81 0.315128
1485 7.92282e+28 3.19925e+28 6.04463e+23 96 61.1924 79 0.314174
1486 1.58456e+29 3.06417e+28 3.02231e+23 97 61.8027 78 0.306419
1487 3.16913e+29 3.16249e+28 2.41785e+24 98 61.9248 81 0.308069
1488 3.16913e+29 3.41092e+28 1.93428e+25 98 63.6211 84 0.318885
1489 3.16913e+29 3.13414e+28 6.04463e+23 98 61.9375 79 0.333675
1490 3.16913e+29 3.19604e+28 3.02231e+23 98 60.4404 78 0.30877
1491 1.58456e+29 3.24556e+28 9.67141e+24 97 63.9434 83 0.319064
1492 7.92282e+28 3.35162e+28 9.67141e+24 96 63.9785 83 0.314253
1493 7.92282e+28 3.21836e+28 4.8357e+24 96 61.7256 82 0.30749
1494 3.16913e+29 3.18079e+28 4.8357e+24 98 61.8965 82 0.309553
1495 7.92282e+28 3.15409e+28 1.20893e+24 96 62.0527 80 0.323053
1496 1.58456e+29 3.37424e+28 1.93428e+25 97 62.7529 84 0.318579
1497 7.92282e+28 3.18294e+28 2.41785e+24 96 62.1621 81 0.323188
1498 3.16913e+29 3.21321e+28 3.02231e+23 98 60.5176 78 0.310063
1499 3.16913e+29 3.2488e+28 2.41785e+24 98 62.4033 81 0.322218
