665.397
0 434.954 8.03839 4 2 0.0351562 0 0.0107451
1 435.053 8.4862 4 2 0.0361328 0 0.0108411
2 435.149 7.69366 4 2 0.03125 0 0.0108929
3 112.934 9.3634 5 1 0.0458984 0 0.0110219
4 435.149 11.3854 5 2 0.0605469 0 0.0108987
5 109.829 9.09149 5 1 0.0419922 0 0.0109699
6 435.149 10.4131 5 2 0.0546875 0 0.0108354
7 110.371 9.05724 5 1 0.0400391 0 0.0113021
8 435.149 10.4876 5 2 0.0488281 0 0.0110061
9 435.149 9.80348 5 2 0.0410156 0 0.0110958
10 434.129 10.6857 5 2 0.0507812 0 0.0116655
11 435.149 10.7107 5 2 0.0517578 0 0.0111426
12 435.127 11.7023 5 2 0.0605469 0 0.011117
13 435.053 12.0025 5 2 0.0585938 0 0.011425
14 435.149 10.4242 5 2 0.0498047 0 0.0114916
15 435.151 10.5132 5 2 0.0488281 0 0.0112859
16 435.151 10.8038 5 2 0.0458984 0 0.0114581
17 435 11.6356 5 2 0.0605469 0 0.0115622
18 435.149 12.5145 6 2 0.0595703 0 0.0114592
19 435.117 12.0875 6 2 0.0576172 0 0.0113935
20 435.149 11.3368 6 2 0.0527344 0 0.0116579
21 435.151 12.2012 6 2 0.0595703 0 0.0115275
22 434.639 12.3015 6 2 0.0585938 0 0.0117732
23 435.149 12.7623 6 2 0.0615234 0 0.0115127
24 435.117 10.5816 6 2 0.046875 0 0.0114964
25 435.127 11.9316 6 2 0.0576172 0 0.0113795
26 435.151 12.5872 6 2 0.0566406 0 0.0118177
27 434.954 11.6897 6 2 0.0576172 0 0.0115188
28 435.127 11.4908 6 2 0.0546875 0 0.0116198
29 434.818 10.5799 6 2 0.046875 0 0.0114965
30 434.818 11.9637 6 2 0.0585938 0 0.0114645
31 435.151 12.8745 6 2 0.0634766 0 0.0116419
32 435.151 12.0978 6 2 0.0527344 0 0.0114189
33 1010.79 12.5002 6 3 0.0595703 0 0.0114969
34 434.954 12.1426 6 2 0.0585938 0 0.0115852
35 435.149 13.1016 6 2 0.0654297 0 0.0115798
36 435.053 10.4247 6 2 0.0429688 0 0.0116173
37 435.127 12.7024 6 2 0.0634766 0 0.0116239
38 110.903 10.7509 6 1 0.0517578 0 0.0113732
39 435.127 11.7262 6 2 0.0585938 0 0.0115018
40 435.076 11.2548 6 2 0.0537109 0 0.0115191
41 435.053 11.7083 6 2 0.0566406 0 0.0116257
42 435.151 13.3691 6 2 0.0644531 0 0.0117037
43 435.127 12.8335 6 2 0.0625 0 0.0116392
44 110.903 11.6234 6 1 0.0546875 0 0.011782
45 434.954 12.2122 6 2 0.0576172 0 0.0115978
46 435.053 12.55 6 2 0.0595703 0 0.0117708
47 435.151 13.1087 6 2 0.0634766 0 0.011701
48 435.149 13.7595 6 2 0.0732422 0 0.011782
49 435.117 13.2967 6 2 0.0673828 0 0.0118899
50 115.282 12.0818 6 1 0.0625 0 0.0116244
51 434.818 14.3529 6 2 0.0791016 0 0.0117751
52 111.937 11.7015 6 1 0.0556641 0 0.0117457
53 435.151 14.3041 6 2 0.0771484 0 0.011795
54 435.151 12.41 6 2 0.0546875 0 0.0118381
55 435.151 14.3616 7 2 0.0683594 0 0.0119176
56 434.476 13.9229 6 2 0.0742188 0 0.0119306
57 435.117 14.1303 7 2 0.0742188 0 0.0118742
58 435.151 15.491 7 2 0.0791016 0 0.0119685
59 1011.31 15.6224 7 3 0.0742188 0 0.0119651
60 434.639 13.8752 7 2 0.0712891 0 0.0120234
61 435.149 17.252 7 2 0.0957031 0 0.0119988
62 435.127 14.4998 6 2 0.0791016 0 0.0116645
63 435.151 13.0908 6 2 0.0644531 0 0.0118964
64 1827.51 15.8409 7 4 0.0732422 0 0.0118425
65 435.127 12.7847 6 2 0.0605469 0 0.0116789
66 434.818 12.8389 7 2 0.0615234 0 0.0119809
67 435.127 14.6786 7 2 0.0732422 0 0.0120545
68 435.151 14.3602 7 2 0.0683594 0 0.0121093
69 435.149 15.1844 7 2 0.078125 0 0.0120509
70 435.151 14.3861 7 2 0.0761719 0 0.0120623
71 435.151 13.1961 7 2 0.0634766 0 0.0120118
72 435.127 15.3947 7 2 0.0820312 0 0.0123235
73 435.053 14.9305 7 2 0.0791016 0 0.0120366
74 435.127 15.7593 7 2 0.0810547 0 0.012023
75 434.954 14.8013 7 2 0.0742188 0 0.0120946
76 435.151 14.8845 7 2 0.0732422 0 0.0119296
77 435.149 16.692 7 2 0.0898438 0 0.012116
78 435.151 15.898 7 2 0.0849609 0 0.0119286
79 435.149 14.5538 7 2 0.0732422 0 0.0120115
80 435.151 16.2892 7 2 0.0869141 0 0.0119922
81 435.151 14.8989 7 2 0.0791016 0 0.0120644
82 435.149 16.5504 7 2 0.0888672 0 0.0122187
83 435.127 14.8866 7 2 0.0771484 0 0.0121022
84 435.053 16.7973 8 2 0.0917969 0 0.0122623
85 435.127 15.8943 8 2 0.078125 0 0.0122947
86 435.127 15.6132 8 2 0.0839844 0 0.0122588
87 1845.26 18.5243 7 4 0.0869141 0 0.0125923
88 113.419 13.8089 8 1 0.0693359 0 0.0123414
89 435.151 15.6569 8 2 0.0810547 0 0.0123755
90 435.151 16.5113 8 2 0.0878906 0 0.0125117
91 435.151 15.0347 8 2 0.0722656 0 0.0123115
92 435.151 17.7745 8 2 0.0957031 0 0.0123897
93 435.151 17.5968 8 2 0.0947266 0 0.0124037
94 435.151 16.9643 8 2 0.0869141 0 0.0122606
95 435.117 17.1898 8 2 0.0927734 0 0.0123469
96 435.151 16.3341 8 2 0.0839844 0 0.0123724
97 435.151 15.1151 8 2 0.078125 0 0.0124478
98 434.639 16.4425 8 2 0.0908203 0 0.0125237
99 435.149 17.5065 8 2 0.09375 0 0.0125119
100 435.053 15.6617 8 2 0.0800781 0 0.0129545
101 435.151 18.3209 8 2 0.0996094 0 0.0125585
102 435.151 18.677 8 2 0.104492 0 0.0125476
103 1009.59 17.1686 8 3 0.0908203 0 0.0124499
104 435.151 20.4378 8 2 0.103516 0 0.0124493
105 435.149 19.5472 8 2 0.106445 0 0.0126401
106 435.149 20.0985 8 2 0.113281 0 0.0127348
107 435.053 19.4249 8 2 0.110352 0 0.0127067
108 435.149 18.0782 8 2 0.0947266 0 0.0131343
109 435.149 17.113 8 2 0.0878906 0 0.012732
110 1012.52 19.5814 8 3 0.102539 0 0.0127027
111 435.149 18.9785 8 2 0.101562 0 0.0126634
112 435.127 20.3763 9 2 0.114258 0 0.0127685
113 434.954 17.282 8 2 0.0957031 0 0.0126697
114 435.127 19.3452 9 2 0.108398 0 0.0128477
115 435.127 18.2279 8 2 0.102539 0 0.0129123
116 435.151 21.4641 9 2 0.118164 0 0.0127661
117 435.151 20.5301 9 2 0.112305 0 0.0128652
118 435.151 22.2609 9 2 0.124023 0 0.0129825
119 435.151 20.0987 9 2 0.113281 0 0.0128361
120 1008.92 22.5261 9 3 0.123047 0 0.0128544
121 435.151 24.2389 9 2 0.140625 0 0.0130157
122 435.151 20.5263 9 2 0.108398 0 0.0129718
123 435.127 21.0389 9 2 0.121094 0 0.0130552
124 1006.68 25.492 9 3 0.145508 0 0.013001
125 435.151 23.7079 9 2 0.140625 0 0.0131436
126 1011.31 25.4482 9 3 0.149414 0 0.0131386
127 1011.78 23.7903 9 3 0.132812 0 0.0130927
128 435.151 26.5416 9 2 0.157227 0 0.0132518
129 1008.92 26.2793 9 3 0.15332 0 0.0131676
130 1011.31 28.5239 9 3 0.167969 0 0.0132149
131 1011.31 26.4976 9 3 0.154297 0 0.0132249
132 1845.26 28.9796 9 4 0.169922 0 0.013217
133 1011.31 28.0851 9 3 0.164062 0 0.0132275
134 1008.92 25.6984 9 3 0.149414 0 0.013194
135 435.127 24.5784 9 2 0.148438 0 0.0135391
136 435.151 26.9014 9 2 0.162109 0 0.0133311
137 435.127 26.5052 9 2 0.161133 0 0.0132512
138 1008.92 27.8124 9 3 0.177734 0 0.0131918
139 1008.92 30.1407 9 3 0.18457 0 0.0130893
140 1003.18 28.0349 9 3 0.174805 0 0.0130684
141 435.149 30.7273 9 2 0.185547 0 0.0137261
142 435.151 25.4622 9 2 0.157227 0 0.0132698
143 435.151 29.391 9 2 0.18457 0 0.0132566
144 435.151 28.1736 9 2 0.179688 0 0.013314
145 1011.31 32.241 9 3 0.204102 0 0.0134127
146 1009.59 32.3986 9 3 0.191406 0 0.0134237
147 1011.31 30.9287 9 3 0.194336 0 0.0137297
148 435.151 29.6727 9 2 0.189453 0 0.0135262
149 1008.92 34.4853 9 3 0.207031 0 0.0133701
150 435.149 31.8044 9 2 0.200195 0 0.0135146
151 1008.92 35.0409 9 3 0.224609 0 0.013676
152 1010.21 33.7838 9 3 0.21582 0 0.013521
153 1008.92 36.3735 9 3 0.228516 0 0.0135968
154 1009.59 33.9572 9 3 0.21875 0 0.0140698
155 1008.92 35.1055 9 3 0.217773 0 0.0136494
156 1011.31 34.7491 9 3 0.219727 0 0.0137143
157 1011.78 37.3163 9 3 0.237305 0 0.0137812
158 1008.92 37.2575 9 3 0.245117 0 0.0136092
159 1008.92 39.7142 9 3 0.240234 0 0.0136806
160 1010.21 36.5039 9 3 0.236328 0 0.0140779
161 435.151 33.7541 9 2 0.216797 0 0.0136055
162 1008.92 37.6728 9 3 0.237305 0 0.0137137
163 435.151 39.2639 10 2 0.257812 0 0.0138926
164 1009.59 39.1594 9 3 0.245117 0 0.0141645
165 1012.18 42.7711 11 3 0.270508 0 0.0138978
166 1008.92 42.6946 9 3 0.265625 0 0.0138496
167 1843.9 44.3679 9 4 0.279297 0 0.0136749
168 1009.59 37.6116 9 3 0.246094 0 0.0139359
169 1010.79 39.8899 10 3 0.254883 0 0.0139203
170 1011.78 42.2235 9 3 0.265625 0 0.0137923
171 1011.31 43.326 10 3 0.283203 0 0.0138324
172 1008.92 42.0734 9 3 0.266602 0 0.0138526
173 1011.31 39.6274 9 3 0.253906 0 0.0137429
174 1008.92 39.6386 9 3 0.250977 0 0.0138814
175 1010.21 41.4076 9 3 0.259766 0 0.0139046
176 1009.59 43.4212 10 3 0.294922 0 0.0139743
177 435.151 40.2125 9 2 0.258789 0 0.0137383
178 435.151 43.1418 9 2 0.271484 0 0.0138217
179 435.151 43.9191 9 2 0.287109 0 0.0142341
180 435.151 37.7223 9 2 0.255859 0 0.0139028
181 1008.92 43.7713 10 3 0.289062 0 0.0141651
182 1008.92 47.2371 10 3 0.294922 0 0.0139962
183 1011.31 43.8648 11 3 0.286133 0 0.0141018
184 1009.59 42.1885 10 3 0.271484 0 0.0138988
185 1011.31 36.9629 10 3 0.242188 0 0.013971
186 1010.21 38.6438 9 3 0.244141 0 0.0139207
187 435.151 40.9089 10 2 0.270508 0 0.0140784
188 435.151 44.0477 10 2 0.289062 0 0.0140821
189 1010.21 44.6826 11 3 0.289062 0 0.0141803
190 1010.21 40.6672 10 3 0.268555 0 0.0141755
191 1008.92 46.2078 11 3 0.294922 0 0.0139118
192 1010.21 43.9296 10 3 0.27832 0 0.0140266
193 1011.31 41.3238 10 3 0.265625 0 0.0140718
194 435.151 46.568 11 2 0.301758 0 0.0140584
195 1008.92 45.15 11 3 0.294922 0 0.0143934
196 1010.21 43.2374 10 3 0.270508 0 0.0141217
197 1011.31 45.6491 11 3 0.304688 0 0.0141222
198 1843.9 45.5468 11 4 0.287109 0 0.0141966
199 1008.92 41.0338 11 3 0.269531 0 0.0141037
200 435.151 46.8651 11 2 0.298828 0 0.014171
201 1008.92 44.8876 11 3 0.296875 0 0.0140784
202 435.151 41.767 10 2 0.275391 0 0.0140701
203 1011.31 40.2224 9 3 0.25293 0 0.0139733
204 1009.59 43.2122 11 3 0.283203 0 0.0141969
205 1008.92 47.33 12 3 0.307617 0 0.0143598
206 1011.31 46.005 10 3 0.292969 0 0.0140761
207 1008.92 46.4542 11 3 0.297852 0 0.014306
208 1008.21 40.7849 11 3 0.272461 0 0.0141919
209 1006.68 46.6456 11 3 0.296875 0 0.0143263
210 435.151 41.0584 11 2 0.274414 0 0.0143949
211 435.151 46.9581 12 2 0.313477 0 0.0143505
212 1008.92 45.3848 11 3 0.291016 0 0.0142058
213 1010.79 47.9527 12 3 0.304688 0 0.0143462
214 1003.18 41.1431 10 3 0.270508 0 0.0146269
215 1008.92 46.057 12 3 0.30957 0 0.0144471
216 1008.92 48.5363 11 3 0.314453 0 0.0142369
217 1008.92 48.5056 11 3 0.3125 0 0.0145263
218 1011.31 50.4427 12 3 0.322266 0 0.0145363
219 1011.78 49.735 12 3 0.321289 0 0.014548
220 1005.85 43.9579 12 3 0.291016 0 0.0144209
221 1011.31 49.7648 12 3 0.302734 0 0.0144308
222 1011.31 45.993 12 3 0.302734 0 0.0143665
223 1010.21 45.7292 12 3 0.289062 0 0.014615
224 435.151 48.9563 12 2 0.30957 0 0.0144683
225 1008.92 45.2173 11 3 0.280273 0 0.0144295
226 1848.92 49.1533 12 4 0.303711 0 0.014528
227 1008.92 44.9093 12 3 0.27832 0 0.0145091
228 1008.92 50.9218 13 3 0.327148 0 0.0146827
229 1011.31 48.4583 12 3 0.307617 0 0.0147112
230 1010.21 47.0769 11 3 0.292969 0 0.0146253
231 993.611 50.7299 13 3 0.314453 0 0.0146228
232 1011.31 52.7101 13 3 0.326172 0 0.0146804
233 1008.92 47.9859 12 3 0.305664 0 0.0146392
234 435.151 44.5264 12 2 0.286133 0 0.0145333
235 435.151 46.4017 12 2 0.300781 0 0.0146268
236 1008.92 48.5765 13 3 0.317383 0 0.0147869
237 1008.92 51.3037 13 3 0.314453 0 0.0152506
238 1008.92 46.5134 13 3 0.299805 0 0.014954
239 1008.92 45.8334 13 3 0.299805 0 0.015317
240 435.149 43.5117 13 2 0.292969 0 0.0149656
241 1011.31 44.6383 13 3 0.279297 0 0.015043
242 1008.92 51.3763 13 3 0.325195 0 0.0148298
243 1842.49 53.5011 13 4 0.329102 0 0.0149658
244 1008.92 52.7914 13 3 0.333008 0 0.0150276
245 435.151 50.0693 13 2 0.310547 0 0.0149318
246 1009.59 58.7709 13 3 0.351562 0 0.0150964
247 1008.92 44.2973 13 3 0.289062 0 0.0150984
248 1011.31 53.5585 13 3 0.329102 0 0.0150593
249 1009.59 54.3732 13 3 0.331055 0 0.0151436
250 1006.68 54.1576 13 3 0.34082 0 0.015477
251 435.151 50.2341 13 2 0.329102 0 0.0153423
252 1008.92 56.3948 13 3 0.350586 0 0.0154739
253 1011.31 53.2793 13 3 0.336914 0 0.0154754
254 1008.92 49.6864 13 3 0.308594 0 0.0153358
255 1010.21 49.9711 13 3 0.319336 0 0.015445
256 1010.21 56.4926 13 3 0.348633 0 0.015819
257 435.151 54.4974 14 2 0.352539 0 0.0157521
258 1836.29 57.6217 13 4 0.350586 0 0.0164742
259 1011.78 52.3688 14 3 0.326172 0 0.0160215
260 1841.02 52.0791 14 4 0.30957 0 0.0161179
261 435.151 52.4964 15 2 0.347656 0 0.0160738
262 1011.31 54.7069 14 3 0.324219 0 0.0160686
263 1008.92 60.4756 15 3 0.366211 0 0.0162349
264 1832.91 58.0851 15 4 0.357422 0 0.0164314
265 435.151 52.5988 15 2 0.339844 0 0.0167436
266 1005.85 54.3749 15 3 0.330078 0 0.0161774
267 1837.92 60.1387 15 4 0.366211 0 0.0164617
268 1005.85 59.2921 15 3 0.374023 0 0.0164299
269 1008.92 62.1447 15 3 0.375977 0 0.016534
270 1004.99 54.8405 15 3 0.342773 0 0.0165598
271 1010.21 58.2457 15 3 0.341797 0 0.016464
272 1008.21 61.7875 15 3 0.368164 0 0.0169665
273 1802.66 59.8679 15 4 0.356445 0 0.017662
274 1010.21 57.7352 16 3 0.353516 0 0.0172429
275 1005.85 52.5377 15 3 0.321289 0 0.0170372
276 1783.71 59.9979 16 4 0.352539 0 0.017378
277 2947.39 62.3678 17 5 0.37207 0 0.0176367
278 1827.51 61.8538 16 4 0.362305 0 0.0177279
279 1007.46 67.0129 17 3 0.402344 0 0.0175703
280 1005.85 61.0078 17 3 0.362305 0 0.0173842
281 1003.18 55.8376 17 3 0.342773 0 0.0178858
282 1825.63 65.6832 17 4 0.385742 0 0.0179078
283 1005.85 58.8634 17 3 0.353516 0 0.0178311
284 1809.31 62.4409 17 4 0.37793 0 0.0183271
285 1811.47 65.2037 17 4 0.376953 0 0.0182084
286 2906.93 63.0405 17 5 0.364258 0 0.0185209
287 1781.23 64.8734 17 4 0.384766 0 0.0186093
288 1846.55 59.797 17 4 0.358398 0 0.0188838
289 1005.85 66.5468 17 3 0.386719 0 0.0197794
290 1004.1 63.8565 17 3 0.378906 0 0.0186074
291 1010.21 69.842 17 3 0.393555 0 0.0192566
292 1815.68 64.135 17 4 0.374023 0 0.0188961
293 1009.59 65.067 17 3 0.37207 0 0.0192274
294 1007.46 67.0531 19 3 0.381836 0 0.0195779
295 1012.18 71.3155 18 3 0.389648 0 0.0206285
296 1007.46 66.1966 19 3 0.383789 0 0.0202506
297 1007.46 63.0728 18 3 0.363281 0 0.0199143
298 1843.9 67.4072 18 4 0.363281 0 0.019966
299 998.128 68.1106 19 3 0.396484 0 0.0202741
300 1831.15 75.7702 20 4 0.430664 0 0.020224
301 1837.92 77.4808 20 4 0.416992 0 0.0204203
302 1773.62 73.733 21 4 0.410156 0 0.0206339
303 1005.85 70.9786 21 3 0.392578 0 0.0208892
304 1007.46 73.7794 20 3 0.404297 0 0.0212572
305 998.128 75.7534 20 3 0.396484 0 0.0214571
306 1010.21 69.0052 22 3 0.376953 0 0.0226349
307 1765.81 81.499 23 4 0.420898 0 0.0228672
308 1815.68 72.2779 22 4 0.37793 0 0.0230745
309 1000.23 84.6368 25 3 0.438477 0 0.0242888
310 1004.1 76.7364 25 3 0.383789 0 0.0243033
311 1841.02 80.3124 27 4 0.40332 0 0.0253377
312 1281.02 81.4273 33 4 0.418945 0 0.0260675
313 1827.51 84.6655 29 4 0.399414 0 0.0267687
314 1005.85 78.4575 35 3 0.392578 0 0.0274296
315 1002.23 86.7701 29 3 0.388672 0 0.0279002
316 1786.17 89.2387 45 4 0.422852 0 0.0283496
317 1827.51 80.8789 31 4 0.354492 0 0.0289037
318 1800.39 93.6806 45 4 0.417969 0 0.0291467
319 1004.1 85.6398 45 3 0.382812 0 0.0303387
320 2894.36 97.1004 101 5 0.40625 0 0.0316352
321 1809.31 88.5938 74 4 0.37793 0 0.0306219
322 2863.89 90.8768 101 5 0.386719 0 0.0324572
323 1804.91 95.5731 101 4 0.396484 0 0.0320468
324 1793.4 84.4472 101 4 0.34668 0 0.0324588
325 1008.92 91.4106 101 3 0.354492 0 0.0337238
326 1763.17 83.9653 101 4 0.330078 0 0.033983
327 1433.09 81.4084 101 4 0.300781 0 0.0346417
328 1809.31 95.3165 101 4 0.361328 0 0.0361585
329 1005.85 87.5462 101 3 0.364258 0 0.034436
330 1807.12 81.876 101 4 0.296875 0 0.034133
331 1010.21 85.9445 101 3 0.311523 0 0.0360323
332 1004.99 83.8203 101 3 0.292969 0 0.0363099
333 1005.85 84.4382 101 3 0.301758 0 0.0376075
334 1813.59 87.1561 101 4 0.303711 0 0.0379339
335 1755.09 83.8166 101 4 0.301758 0 0.03753
336 998.128 84.1382 101 3 0.296875 0 0.0377078
337 1527.11 92.855 101 4 0.342773 0 0.0379632
338 998.128 80.5833 101 3 0.265625 0 0.0390826
339 999.194 84.8936 101 3 0.285156 0 0.0394204
340 1815.68 93.9138 101 4 0.30957 0 0.0399819
341 1005.85 87.8287 101 3 0.288086 0 0.0408402
342 1778.72 83.1913 101 4 0.287109 0 0.0387931
343 1006.68 92.346 101 3 0.326172 0 0.0389315
344 1793.4 89.937 101 4 0.305664 0 0.0395163
345 1798.09 91.7703 101 4 0.313477 0 0.0389511
346 1825.63 94.037 101 4 0.328125 0 0.0396371
347 1005.85 97.3793 101 3 0.374023 0 0.03874
348 2863.89 90.6518 101 5 0.326172 0 0.0388329
349 1003.18 92.4067 101 3 0.350586 0 0.0375729
350 1807.12 93.5742 101 4 0.321289 0 0.0391148
351 1829.35 92.3048 101 4 0.339844 0 0.0384008
352 1702.88 91.9657 101 4 0.339844 0 0.0377659
353 986.145 90.1965 101 3 0.34082 0 0.0397168
354 4155.95 100.512 101 6 0.374023 0 0.0404822
355 1768.44 88.5024 101 4 0.316406 0 0.038887
356 1783.71 97.7622 101 4 0.322266 0 0.0420954
357 2870.9 100.549 101 5 0.345703 0 0.0429965
358 2401.49 100.48 101 5 0.368164 0 0.0407003
359 1793.4 100.17 101 4 0.363281 0 0.0393463
360 1003.18 91.8212 101 3 0.338867 0 0.0385944
361 1800.39 97.9752 101 4 0.376953 0 0.0390301
362 1817.74 104.794 101 4 0.376953 0 0.0417234
363 1823.71 98.6915 101 4 0.355469 0 0.039207
364 1815.68 91.476 101 4 0.321289 0 0.039942
365 1819.76 101.306 101 4 0.351562 0 0.0407609
366 1819.76 100.241 101 4 0.347656 0 0.0419941
367 2842.09 108.102 101 5 0.384766 0 0.0415333
368 1757.8 99.6614 101 4 0.360352 0 0.040763
369 1755.09 98.6352 101 4 0.355469 0 0.0415355
370 1798.09 109.164 101 4 0.40332 0 0.0404063
371 1006.68 98.1724 101 3 0.37207 0 0.0397955
372 1827.51 110.867 101 4 0.417969 0 0.0400225
373 1829.35 103.384 101 4 0.373047 0 0.0405515
374 1845.26 95.4869 101 4 0.37793 0 0.0385938
375 2819.22 103.931 101 5 0.410156 0 0.0392385
376 1817.74 104.233 101 4 0.421875 0 0.0389357
377 1821.75 105.841 101 4 0.427734 0 0.039256
378 1002.23 99.6402 101 3 0.394531 0 0.0402593
379 1795.76 105.886 101 4 0.429688 0 0.0393773
380 2924.51 111.34 101 5 0.418945 0 0.0389018
381 1746.82 117.463 101 4 0.477539 0 0.0379769
382 2887.84 105.93 101 5 0.44043 0 0.0372103
383 1825.63 110.267 101 4 0.46875 0 0.0366618
384 1007.46 96.6156 101 3 0.402344 0 0.036534
385 1788.61 106.747 101 4 0.444336 0 0.0377825
386 1798.09 110.435 101 4 0.458984 0 0.0366548
387 2830.78 107.667 101 5 0.450195 0 0.0364616
388 1825.63 105.14 101 4 0.456055 0 0.0367107
389 1821.75 106.432 101 4 0.474609 0 0.0364343
390 1778.72 112.529 101 4 0.484375 0 0.0361714
391 1798.09 108.619 101 4 0.456055 0 0.0377747
392 4134.93 112.446 101 6 0.447266 0 0.038687
393 2842.09 109.006 101 5 0.445312 0 0.0380466
394 1007.46 110.334 101 3 0.47168 0 0.038629
395 1804.91 111.532 101 4 0.460938 0 0.0369408
396 7429.74 124.542 101 8 0.515625 0 0.0375273
397 1813.59 115.362 101 4 0.494141 0 0.0386032
398 2466.8 123.16 101 5 0.523438 0 0.0368505
399 1827.51 128.459 101 4 0.536133 0 0.0370248
400 2891.12 122.646 101 6 0.520508 0 0.03687
401 1500.35 107.354 101 4 0.455078 0 0.0357556
402 1723.91 112.714 101 4 0.492188 0 0.0374399
403 1786.17 119.116 101 4 0.499023 0 0.0369789
404 2932.65 124.786 101 5 0.504883 0 0.0373711
405 1795.76 116.674 101 4 0.516602 0 0.035907
406 2884.52 127.251 101 5 0.530273 0 0.0370419
407 1821.75 126.286 101 4 0.549805 0 0.0367692
408 1832.91 120.201 101 4 0.549805 0 0.0362394
409 1827.51 116.597 101 4 0.512695 0 0.0362929
410 1811.47 116.966 101 4 0.503906 0 0.0356755
411 1813.59 118.401 101 4 0.489258 0 0.036861
412 2874.36 115.268 101 5 0.489258 0 0.0381807
413 1831.15 121.017 101 4 0.522461 0 0.0375261
414 1831.15 111.696 101 4 0.505859 0 0.0363228
415 2264.96 130.363 101 5 0.564453 0 0.0361019
416 1802.66 120.908 101 4 0.546875 0 0.0351034
417 2834.58 122.322 101 5 0.542969 0 0.0345826
418 1773.62 130.455 101 4 0.59082 0 0.0350506
419 1007.46 117.494 101 3 0.547852 0 0.0337692
420 7295.47 136.268 101 8 0.594727 0 0.034534
421 2270.79 123.679 101 5 0.563477 0 0.0347451
422 1791.02 125.517 101 4 0.597656 0 0.0339773
423 1807.12 129.611 101 4 0.611328 0 0.0337376
424 2749.33 135.947 101 5 0.605469 0 0.0328137
425 2921.69 132.819 101 5 0.619141 0 0.0328621
426 1798.09 133.241 101 4 0.628906 0 0.0313264
427 5373.9 129.081 101 7 0.571289 0 0.0325549
428 2799.41 130.538 101 5 0.614258 0 0.0340867
429 1836.29 133.091 101 4 0.634766 0 0.0332733
430 4181.49 146.68 101 6 0.65625 0 0.0336834
431 4229.91 139.05 101 6 0.62207 0 0.0332809
432 2639.78 130.743 101 5 0.587891 0 0.0328353
433 2881.17 151.411 101 5 0.65625 0 0.0346467
434 3938.03 147.112 101 6 0.661133 0 0.0352874
435 5365.67 159.48 101 7 0.655273 0 0.0341281
436 7602.16 166.857 101 8 0.716797 0 0.0358422
437 4150.74 176.992 101 6 0.731445 0 0.0335467
438 7645.47 171.394 101 8 0.710938 0 0.0348876
439 4257.05 162.113 101 6 0.700195 0 0.0349872
440 5744.56 186.783 102.835 7 0.757812 1 0.0348573
441 4074.61 171.813 101 6 0.736328 0 0.0334416
442 3355.41 166.568 101 6 0.728516 0 0.0335927
443 4134.93 157.488 101 6 0.697266 0 0.0351027
444 5855.1 178.288 101 7 0.725586 0 0.0336449
445 5430.85 182.567 101 7 0.748047 0 0.035805
446 7777.57 228.355 101 8 0.817383 0 0.0366826
447 7503.79 223.686 109.275 8 0.857422 1 0.0362696
448 9501.69 223.883 106.93 9 0.831055 1 0.0393389
449 5695.98 229.865 105 7 0.833008 1 0.037715
450 5601.59 231.268 108.709 7 0.875 1 0.037639
451 57981.5 327.849 109.275 15 0.946289 1 0.03805
452 9072.88 316.489 111.937 9 1.03223 1 0.041616
453 9763.41 324.739 109.829 9 1.01465 1 0.0416543
454 9536.79 353.361 109.829 9 1.05664 1 0.0414903
455 8760.25 376.748 112.934 9 1.17676 1 0.0427118
456 9223.72 363.744 113.419 9 1.17188 1 0.0444149
457 21299.1 396.999 111.937 12 1.12598 1 0.0435516
458 21053.2 402.754 113.897 12 1.17285 1 0.0455769
459 27152.1 478.314 111.937 13 1.19727 1 0.0464552
460 27788 538.782 117.03 13 1.38672 1 0.0481685
461 38829.6 630.426 118.675 14 1.46484 1 0.0478225
462 19025.2 688.584 122.741 12 1.58105 1 0.0517549
463 26144.2 881.268 129.493 13 1.76367 1 0.0534976
464 54603.1 903.495 136.902 15 1.83105 1 0.058402
465 162148 1390.21 138.143 17 2.02734 1 0.0584898
466 27867.3 1196.75 272.461 13 2.21289 2 0.0615992
467 94173.4 1426.96 353.882 16 2.39453 2 0.0626962
468 38049.1 1574.18 416.405 14 2.60742 2 0.0656099
469 93816.7 1748.68 419.622 16 2.69336 2 0.0655582
470 57139.6 1630.24 423.179 15 2.68066 2 0.0650749
471 94202.9 2061.69 425.869 16 2.93359 2 0.0702544
472 91239.4 2231.74 432.209 16 3.14258 2 0.0694171
473 94114.4 2529.63 434.093 16 3.29883 2 0.0709173
474 564104 2824.99 712.372 19 3.29688 3 0.0712314
475 39391.5 2561.27 749.404 14 3.46777 3 0.0730314
476 92963.1 2473.53 794.917 16 3.40332 3 0.0711547
477 163214 2886.3 819.107 17 3.64258 3 0.0758203
478 294584 3055.29 920.602 18 3.55664 3 0.0737006
479 296165 3379.5 826.202 18 3.66797 3 0.0758398
480 164763 3563.32 947.923 17 3.89746 3 0.0794982
481 92525.7 3596.64 933.708 16 3.89551 3 0.0806383
482 165394 3942.79 972.108 17 4.05859 3 0.079711
483 2.14386e+06 7486.49 1341.62 21 4.47168 4 0.0855379
484 298543 5938.13 1735.52 18 4.83105 4 0.0877957
485 1.09224e+06 7771.98 1607.34 20 4.65137 4 0.0864387
486 560334 7682.39 1738.37 19 4.90918 4 0.0875478
487 1.09004e+06 8454.46 1746.82 20 5.07715 4 0.0895686
488 566953 9649.96 1771.04 19 5.06836 4 0.0898175
489 2.1428e+06 16369.7 1752.35 21 5.30078 4 0.0915293
490 2.14438e+06 18119.6 2211.87 21 5.57227 5 0.0942224
491 1.34293e+08 153612 2709.62 27 5.80957 5 0.100007
492 2.68524e+08 429099 3815.97 28 6.71094 6 0.108198
493 3.3625e+07 130294 4096.95 25 7.09277 6 0.111601
494 2.68523e+08 348918 3968.82 28 6.8418 6 0.106721
495 6.71839e+07 215061 4119.43 26 7.37402 7 0.113392
496 3.36273e+07 239922 5307.39 25 7.61914 7 0.116016
497 6.7182e+07 260361 5414.7 26 7.45801 7 0.113312
498 2.68518e+08 519569 5653.06 28 7.90918 7 0.12151
499 1.34295e+08 499532 5594.12 27 8.16016 7 0.120931
500 2.68522e+08 949711 6444.93 28 8.16309 8 0.120766
501 1.34305e+08 615066 6729.32 27 8.18262 8 0.121376
502 5.36965e+08 1.12318e+06 7246.15 29 8.29688 8 0.121969
503 1.34291e+08 602702 7104.48 27 8.67969 8 0.13071
504 1.34294e+08 1.04857e+06 8489.39 27 9.30566 9 0.138577
505 2.68521e+08 770990 7145.48 28 8.56836 8 0.12925
506 5.36967e+08 1.41982e+06 7540.04 29 8.9502 8 0.132187
507 1.34299e+08 560916 9223.72 27 9.21973 9 0.13889
508 1.07383e+09 1.63529e+06 7186.07 30 8.66895 8 0.134405
509 5.36962e+08 1.7541e+06 7094.17 29 8.90137 8 0.136308
510 1.07384e+09 2.78303e+06 8110.04 30 9.14941 9 0.135392
511 1.07384e+09 2.2002e+06 6111.95 30 8.69238 8 0.13598
512 5.36963e+08 3.21928e+06 7334.42 29 9.22461 8 0.139714
513 4.29507e+09 1.01343e+07 7353.72 32 9.40723 8 0.14427
514 4.29508e+09 1.59069e+07 7429.74 32 9.36816 8 0.143608
515 8.59005e+09 2.28493e+07 7295.47 33 9.24902 8 0.140008
516 8.59005e+09 1.89793e+07 7155.67 33 9.30176 8 0.144576
517 1.07384e+09 6.50611e+06 7448.45 30 9.20117 8 0.138932
518 1.07384e+09 5.05172e+06 7145.48 30 9.26758 8 0.141006
519 8.59005e+09 1.69487e+07 7344.08 33 9.53125 8 0.146909
520 4.29508e+09 8.82653e+06 9651.76 32 9.83594 9 0.149929
521 8.59006e+09 1.40315e+07 9085.59 33 9.64648 9 0.144166
522 8.59004e+09 2.91028e+07 9536.79 33 10.2881 9 0.151559
523 4.29508e+09 1.49811e+07 10320.2 32 10.0586 10 0.148539
524 4.29508e+09 1.67979e+07 8461.81 32 9.62793 9 0.143019
525 1.718e+10 2.71151e+07 9211.3 34 10.0557 9 0.151464
526 8.59006e+09 3.69274e+07 9394.74 33 10.0332 9 0.14861
527 1.718e+10 2.91749e+07 9370.65 34 10.2158 9 0.14961
528 8.59005e+09 2.38823e+07 11634.1 33 10.6348 10 0.154884
529 2.14759e+09 1.04935e+07 9223.72 31 9.89551 9 0.14124
530 2.14759e+09 1.14878e+07 7295.47 31 9.67285 8 0.143838
531 8.59006e+09 4.74545e+07 9871.54 33 10.7412 9 0.154177
532 2.14759e+09 6.78258e+06 8639.48 31 9.6543 9 0.138969
533 4.29507e+09 2.16166e+07 9674.36 32 10.665 9 0.152729
534 1.718e+10 3.43227e+07 10802.9 34 10.5723 10 0.152606
535 8.59006e+09 2.08178e+07 10997.1 33 10.4053 10 0.14884
536 3.43599e+10 8.78512e+07 11406.1 35 10.4678 10 0.152484
537 1.718e+10 5.08132e+07 9489.92 34 10.3496 9 0.146398
538 1.718e+10 4.67855e+07 9685.61 34 10.582 9 0.151988
539 3.43599e+10 5.39614e+07 9640.4 35 10.3936 9 0.14826
540 4.29508e+09 3.49874e+07 8879.13 32 10.3203 9 0.148502
541 4.29509e+09 2.8329e+07 9606.16 32 10.4619 9 0.149372
542 4.29508e+09 2.09029e+07 9560.04 32 10.7217 9 0.151517
543 8.59005e+09 3.93766e+07 9513.42 33 10.6084 9 0.151781
544 8.59006e+09 5.10252e+07 11344.3 33 10.6797 10 0.151872
545 8.59006e+09 4.16566e+07 9148.78 33 10.3574 9 0.149734
546 4.29508e+09 2.6268e+07 9774.39 32 10.3701 9 0.147742
547 3.43599e+10 9.21663e+07 11634.1 35 10.9121 10 0.152257
548 3.43599e+10 7.49038e+07 9098.28 35 10.3525 9 0.148177
549 1.718e+10 5.75431e+07 9513.42 34 10.4258 9 0.150106
550 6.87196e+10 1.34555e+08 11768 36 11.2412 10 0.161141
551 3.43599e+10 1.87189e+08 12347.3 35 11.4414 10 0.161312
552 3.43599e+10 1.73445e+08 12493.3 35 11.9287 10 0.167558
553 2.74878e+11 3.81928e+08 15648.5 38 12.6572 11 0.175603
554 6.87196e+10 1.88904e+08 15696.5 36 12.918 11 0.177156
555 3.43599e+10 2.63551e+08 14841.9 35 12.8623 11 0.177234
556 1.09951e+12 1.31536e+09 18524.4 40 13.0459 12 0.177875
557 1.37439e+11 3.72451e+08 12333.8 37 12.3818 10 0.17173
558 1.37439e+11 4.53218e+08 13549.9 37 12.3184 11 0.171032
559 1.718e+10 1.31828e+08 12960.2 34 12.3203 11 0.171234
560 1.37439e+11 4.35055e+08 12211 37 12.1797 10 0.169383
561 3.43599e+10 1.16423e+08 12000.3 35 11.8994 10 0.168538
562 1.37439e+11 5.725e+08 14575.8 37 12.4951 11 0.172105
563 3.43599e+10 3.57771e+08 15535.5 35 13.0254 11 0.178417
564 2.74878e+11 6.50778e+08 17833.1 38 13.2051 12 0.180555
565 6.87196e+10 5.45705e+08 19918.9 36 13.4639 12 0.179957
566 1.37439e+11 3.86444e+08 15648.5 37 12.9775 11 0.178309
567 6.87196e+10 5.3081e+08 21331.1 36 13.6445 12 0.181998
568 5.49756e+11 8.3384e+08 15900.4 39 13.3076 11 0.181777
569 5.49756e+11 1.36927e+09 26525 39 14.0371 13 0.190308
570 6.87196e+10 4.01805e+08 15992.4 36 13.0059 11 0.177594
571 2.74878e+11 6.09439e+08 15486.6 38 13.0566 11 0.178644
572 5.49756e+11 1.40619e+09 15371.2 39 12.8086 11 0.176837
573 1.09951e+12 2.42851e+09 18901.5 40 13.2432 12 0.179554
574 1.37439e+11 8.90789e+08 19647.6 37 13.7285 12 0.189139
575 6.87196e+10 6.53653e+08 18332.6 36 13.5127 12 0.186352
576 6.87196e+10 3.23207e+08 19588.6 36 13.2627 12 0.184507
577 2.74878e+11 7.81615e+08 15616.4 38 13.3574 11 0.186618
578 2.74878e+11 7.92994e+08 20276.6 38 13.9111 12 0.192275
579 2.74878e+11 1.47877e+09 19803.4 38 13.6309 12 0.188771
580 1.37439e+11 9.63999e+08 18418.1 37 13.2881 12 0.184889
581 1.09951e+12 2.17639e+09 20331.9 40 13.9355 12 0.193371
582 5.49756e+11 1.21526e+09 15486.6 39 13.1055 11 0.187094
583 5.49756e+11 2.06383e+09 19529.4 39 13.7734 12 0.191851
584 5.49756e+11 2.08192e+09 19289.7 39 13.8447 12 0.195781
585 1.09951e+12 3.10651e+09 15519.2 40 13.623 11 0.188012
586 5.49756e+11 2.22179e+09 15118.7 39 13.5615 11 0.18949
587 5.49756e+11 4.30572e+09 19147.9 39 14.1982 12 0.198026
588 1.09951e+12 3.30606e+09 37481.5 40 15.4414 14 0.216808
589 5.49756e+11 4.42296e+09 19725.7 39 14.2451 12 0.204941
590 5.49756e+11 4.65724e+09 25731.1 39 14.6729 13 0.206631
591 8.79609e+12 1.28499e+10 37279.8 43 15.834 14 0.221369
592 1.09951e+12 4.71323e+09 35566.8 40 15.6494 14 0.217938
593 8.79609e+12 1.38105e+10 25332.1 43 15.1279 13 0.212596
594 5.49756e+11 4.68412e+09 37024.7 39 15.833 14 0.220455
595 8.79609e+12 1.72917e+10 26007.6 43 15.3545 13 0.214423
596 4.39805e+12 9.34095e+09 25567.8 42 15.21 13 0.211678
597 1.09951e+12 3.8779e+09 23246.3 40 14.5586 13 0.20116
598 5.49756e+11 3.64458e+09 15977.2 39 14.3408 11 0.200893
599 4.39805e+12 1.13264e+10 18311.2 42 14.3027 12 0.200081
600 2.19902e+12 8.31718e+09 17071.2 41 14.4893 12 0.203167
601 1.09951e+12 7.8492e+09 15775.6 40 14.3994 11 0.202573
602 4.39805e+12 1.07457e+10 15254.3 42 13.9209 11 0.195504
603 2.19902e+12 1.24203e+10 25544.4 41 15.083 13 0.213183
604 2.19902e+12 1.02699e+10 20033.2 41 14.8955 12 0.209275
605 8.79609e+12 1.3766e+10 18880.8 43 14.5215 12 0.207164
606 4.39805e+12 1.4345e+10 19208.8 42 14.2842 12 0.202655
607 8.79609e+12 1.44767e+10 12197.1 43 13.415 10 0.191606
608 1.09951e+12 9.71817e+09 24754.9 40 15.5342 13 0.220638
609 8.79609e+12 1.52407e+10 35015.2 43 15.9756 14 0.224285
610 1.09951e+12 8.65765e+09 19976.2 40 15.0703 12 0.213074
611 2.19902e+12 1.15168e+10 15931.2 41 14.458 11 0.205091
612 2.19902e+12 8.77909e+09 20127.5 41 14.667 12 0.208946
613 8.79609e+12 1.7307e+10 26679 43 15.4062 13 0.218035
614 1.09951e+12 8.83289e+09 19880.5 40 14.666 12 0.209646
615 5.49756e+11 5.42615e+09 19249.3 39 14.9355 12 0.216433
616 2.19902e+12 9.7156e+09 36870.1 41 16.0273 14 0.226074
617 2.19902e+12 1.05524e+10 38145.9 41 16.4795 14 0.237271
618 4.39805e+12 2.3619e+10 27067.4 42 15.5254 13 0.226363
619 3.51844e+13 7.09057e+10 35566.8 45 16.2725 14 0.23731
620 4.39805e+12 2.11579e+10 36766.4 42 16.3633 14 0.240656
621 1.75922e+13 3.70489e+10 35919.4 44 16.2793 14 0.240296
622 3.51844e+13 7.25498e+10 37804.6 45 16.5254 14 0.242619
623 2.19902e+12 2.90095e+10 52820.6 41 17.0068 15 0.249423
624 1.75922e+13 5.55521e+10 53801 44 17.3428 15 0.256229
625 8.79609e+12 5.79523e+10 37631.3 43 16.8838 14 0.254596
626 3.51844e+13 8.52494e+10 56090.3 45 17.1201 15 0.253126
627 3.51844e+13 9.7839e+10 89286 45 17.7256 16 0.264911
628 3.51844e+13 1.4946e+11 55504.6 45 17.7578 15 0.265275
629 1.40737e+14 2.50543e+11 36080.6 47 16.7227 14 0.251006
630 5.6295e+14 6.69492e+11 35043 49 16.5469 14 0.247569
631 3.51844e+13 9.51985e+10 15254.3 45 14.9248 11 0.223011
632 1.75922e+13 4.22475e+10 11406.1 44 13.792 10 0.202704
633 3.51844e+13 1.33351e+11 25379.5 45 15.9805 13 0.239176
634 3.51844e+13 1.55884e+11 19489.7 45 15.6729 12 0.235157
635 3.51844e+13 1.75092e+11 37305.1 45 17.2227 14 0.259027
636 2.81475e+14 3.50938e+11 54785.5 48 17.165 15 0.255622
637 1.75922e+13 1.46234e+11 164017 44 19.1973 17 0.282654
638 3.51844e+13 1.6817e+11 56263.6 45 17.7822 15 0.263736
639 3.51844e+13 1.62471e+11 91403 45 18.1387 16 0.266093
640 1.75922e+13 1.12242e+11 57848.2 44 17.5088 15 0.257321
641 1.75922e+13 1.11919e+11 38385.3 44 17.5361 14 0.260854
642 7.03687e+13 1.74444e+11 57084.1 46 18.0879 15 0.269251
643 3.51844e+13 1.83718e+11 36452.4 45 17.3779 14 0.256084
644 8.79609e+12 1.02664e+11 56860.6 43 17.5664 15 0.265038
645 7.03687e+13 2.21916e+11 158623 46 18.333 17 0.270835
646 1.75922e+13 1.32331e+11 295169 44 19.3086 18 0.284359
647 3.51844e+13 1.57772e+11 93240.6 45 18.7646 16 0.275836
648 7.03687e+13 2.54378e+11 163083 46 19.0898 17 0.283993
649 1.40737e+14 5.28519e+11 297356 47 19.6836 18 0.295407
650 3.51844e+13 1.72742e+11 161324 45 18.6035 17 0.276541
651 7.03687e+13 3.7132e+11 161773 46 19.1758 17 0.288493
652 3.51844e+13 1.79267e+11 92620 45 18.4258 16 0.276969
653 1.40737e+14 2.86012e+11 156726 47 18.6328 17 0.280076
654 5.6295e+14 8.64447e+11 91824.7 49 18.7314 16 0.283755
655 3.51844e+13 2.76405e+11 162080 45 18.7422 17 0.280223
656 7.03687e+13 4.52252e+11 561473 46 19.457 19 0.292283
657 7.03687e+13 2.80088e+11 94755.1 46 18.9004 16 0.283193
658 3.51844e+13 2.73991e+11 562626 45 19.7256 19 0.294415
659 1.75922e+13 1.51065e+11 163986 44 18.8662 17 0.282236
660 7.03687e+13 2.56911e+11 161045 46 18.7695 17 0.282347
661 1.40737e+14 4.67851e+11 158174 47 18.6777 17 0.281854
662 7.03687e+13 3.08672e+11 564377 46 20.1904 19 0.305553
663 3.51844e+13 2.45696e+11 296766 45 19.3115 18 0.290656
664 3.51844e+13 3.7815e+11 157455 45 18.8516 17 0.291694
665 3.51844e+13 3.93204e+11 295131 45 19.4531 18 0.300219
666 1.40737e+14 3.76886e+11 297539 47 19.5576 18 0.299441
667 5.6295e+14 1.06535e+12 1.09236e+06 49 20.2021 20 0.308879
668 2.81475e+14 1.44063e+12 1.08776e+06 48 20.1562 20 0.310766
669 2.81475e+14 1.19835e+12 1.09194e+06 48 20.1904 20 0.313335
670 1.40737e+14 7.89207e+11 558821 47 19.9365 19 0.314607
671 1.40737e+14 8.23044e+11 292826 47 19.4805 18 0.304675
672 5.6295e+14 1.46692e+12 163017 49 19.252 17 0.302978
673 1.40737e+14 9.15491e+11 1.08591e+06 47 20.1631 20 0.318677
674 2.81475e+14 1.29899e+12 555769 48 19.4111 19 0.305348
675 5.6295e+14 1.53102e+12 1.08804e+06 49 20.5029 20 0.319727
676 2.2518e+15 5.44933e+12 1.09219e+06 51 20.6758 20 0.322167
677 4.5036e+15 7.84754e+12 3.36155e+07 52 22.7578 25 0.356221
678 2.81475e+14 3.10475e+12 3.36183e+07 48 23.6738 25 0.367096
679 1.80144e+16 4.14403e+13 3.36176e+07 54 23.2861 25 0.363442
680 4.5036e+15 8.59262e+12 1.68304e+07 52 22.9434 24 0.360114
681 1.1259e+15 8.31965e+12 1.34285e+08 50 24.4004 27 0.384617
682 9.0072e+15 1.64789e+13 3.36187e+07 53 23.7275 25 0.370754
683 1.1259e+15 5.43046e+12 2.68507e+08 50 24.8604 28 0.385523
684 2.81475e+14 3.41742e+12 6.71824e+07 48 23.7383 26 0.371221
685 4.5036e+15 1.38863e+13 3.36191e+07 52 23.7002 25 0.371392
686 2.2518e+15 8.71843e+12 3.36171e+07 51 24.0557 25 0.385594
687 4.5036e+15 1.62267e+13 1.6838e+07 52 23.1689 24 0.368062
688 9.0072e+15 3.28399e+13 1.68237e+07 53 22.9482 24 0.369285
689 4.5036e+15 2.60509e+13 3.36175e+07 52 23.6855 25 0.389317
690 2.2518e+15 9.85965e+12 1.68343e+07 51 23.0635 24 0.377004
691 9.0072e+15 4.90535e+13 1.68344e+07 53 23.0234 24 0.376723
692 1.80144e+16 5.57143e+13 8.44135e+06 54 22.8184 23 0.377338
693 1.80144e+16 4.1808e+13 8.44083e+06 54 22.917 23 0.382264
694 1.80144e+16 5.12794e+13 3.36147e+07 54 23.7764 25 0.394519
695 1.44115e+17 2.55204e+14 1.68369e+07 57 23.6074 24 0.386105
696 2.30584e+18 2.45023e+15 6.71705e+07 61 24.3467 26 0.409266
697 2.8823e+17 4.81934e+14 4.24323e+06 58 23.1855 22 0.392828
698 3.60288e+16 1.08217e+14 3.36183e+07 55 24.4424 25 0.409459
699 9.0072e+15 5.20874e+13 1.68314e+07 53 23.6289 24 0.402735
700 1.44115e+17 3.27187e+14 1.68385e+07 57 23.7617 24 0.408313
701 2.8823e+17 7.01224e+14 1.68334e+07 58 23.6143 24 0.402419
702 5.76461e+17 7.26901e+14 1.68317e+07 59 23.6875 24 0.399278
703 1.80144e+16 7.53986e+13 4.23935e+06 54 22.1006 22 0.388614
704 2.8823e+17 3.97073e+14 8.43193e+06 58 22.5098 23 0.387025
705 2.8823e+17 4.14575e+14 1.08152e+06 58 21.3076 20 0.379196
706 1.44115e+17 3.61054e+14 1.68344e+07 57 23.9111 24 0.405008
707 2.8823e+17 4.9736e+14 1.68384e+07 58 24.0361 24 0.408516
708 1.15292e+18 2.46346e+15 3.36211e+07 60 24.5762 25 0.420354
709 2.8823e+17 5.72884e+14 8.43597e+06 58 23.2051 23 0.403721
710 2.30584e+18 2.86613e+15 6.71731e+07 61 25.0576 26 0.427213
711 5.76461e+17 2.35943e+15 1.07382e+09 59 27.374 30 0.467976
712 1.15292e+18 2.53856e+15 6.71637e+07 60 24.7266 26 0.430778
713 2.8823e+17 8.21886e+14 5.36945e+08 58 26.4746 29 0.45217
714 2.30584e+18 3.4571e+15 1.34287e+08 61 25.7041 27 0.443378
715 2.30584e+18 5.83294e+15 6.71778e+07 61 25.0518 26 0.435464
716 2.30584e+18 3.13016e+15 3.36134e+07 61 24.5957 25 0.428717
717 1.44115e+17 6.1264e+14 6.71729e+07 57 24.8193 26 0.427898
718 4.61169e+18 7.68209e+15 1.68292e+07 62 23.3857 24 0.403914
719 1.15292e+18 1.77502e+15 8.44592e+06 60 23.3096 23 0.402485
720 2.95148e+20 2.98916e+17 3.36223e+07 68 24.7051 25 0.422553
721 3.68935e+19 7.96857e+16 3.36111e+07 65 24.792 25 0.423662
722 3.68935e+19 4.76713e+16 3.36089e+07 65 24.6104 25 0.426955
723 1.18059e+21 2.3225e+18 6.7171e+07 70 25.4033 26 0.447264
724 7.55579e+22 7.4172e+19 3.35989e+07 76 24.459 25 0.433446
725 2.95148e+20 3.8843e+17 1.08836e+06 68 21.9121 20 0.386898
726 5.90296e+20 6.52829e+17 2.13654e+06 69 22.0625 21 0.391187
727 9.22337e+18 2.64841e+16 8.44698e+06 63 23.8164 23 0.429591
728 7.3787e+19 1.15802e+17 1.68318e+07 66 23.9004 24 0.432669
729 4.72237e+21 4.69884e+18 1.68263e+07 72 23.5215 24 0.429905
730 5.90296e+20 8.05679e+17 1.08827e+06 69 21.5625 20 0.404136
731 3.68935e+19 4.89938e+16 288873 65 20.1475 18 0.382126
732 3.68935e+19 4.47218e+16 55147.2 65 18.6328 15 0.357113
733 4.72237e+21 4.61576e+18 157149 72 18.9795 17 0.369158
734 5.90296e+20 5.95528e+17 91533.3 69 18.374 16 0.358328
735 5.90296e+20 5.91991e+17 54664 69 18.6123 15 0.358307
736 5.90296e+20 7.4686e+17 90810.3 69 18.7881 16 0.364022
737 1.15292e+18 1.40321e+15 29965.9 60 17.1758 14 0.334725
738 5.90296e+20 5.95205e+17 159361 69 19.5303 17 0.371873
739 1.18059e+21 1.598e+18 159616 70 20.0371 17 0.388112
740 2.36118e+21 2.39453e+18 157149 71 19.6465 17 0.377425
741 3.68935e+19 7.76813e+16 562423 65 21.3457 19 0.41127
742 7.3787e+19 1.25278e+17 2.13548e+06 66 21.7412 21 0.421223
743 7.3787e+19 1.48742e+17 287516 66 21.0322 18 0.3932
744 7.3787e+19 1.31309e+17 2.13938e+06 66 22.3672 21 0.414743
745 1.84467e+19 6.62941e+16 1.08243e+06 64 21.2939 20 0.395987
746 1.84467e+19 4.54348e+16 1.08968e+06 64 21.7627 20 0.393295
747 4.61169e+18 1.11272e+16 2.13283e+06 62 22.377 21 0.401504
748 7.3787e+19 1.6408e+17 4.23739e+06 66 22.6611 22 0.414669
749 2.95148e+20 4.03149e+17 1.08785e+06 68 21.7041 20 0.392768
750 1.84467e+19 6.28838e+16 2.14153e+06 64 22.4404 21 0.412448
751 2.95148e+20 4.23565e+17 4.23551e+06 68 23.4678 22 0.431312
752 2.95148e+20 5.92493e+17 1.68311e+07 68 24.5469 24 0.44755
753 1.18059e+21 1.82203e+18 1.68256e+07 70 24.2676 24 0.445374
754 2.30584e+18 4.29203e+15 8.43156e+06 61 23.1104 23 0.42647
755 2.95148e+20 4.35845e+17 556044 68 21.4766 19 0.392242
756 2.30584e+18 5.70615e+15 1.68304e+07 61 24.3252 24 0.442983
757 2.36118e+21 2.62662e+18 8.4347e+06 71 24.1016 23 0.437722
758 6.04463e+23 5.91179e+20 3.36188e+07 79 25.209 25 0.471898
759 3.77789e+22 3.84904e+19 1.68219e+07 75 24.7656 24 0.470592
760 1.88895e+22 2.16522e+19 2.1314e+06 74 23.1553 21 0.441918
761 7.55579e+22 9.56143e+19 1.09159e+06 76 23.4395 20 0.45423
762 7.55579e+22 1.16239e+20 4.23585e+06 76 24.2666 22 0.466443
763 1.18059e+21 2.24133e+18 292417 70 21.5957 18 0.416032
764 3.02231e+23 3.05014e+20 2.13408e+06 78 23.4404 21 0.447698
765 3.02231e+23 4.94923e+20 6.71536e+07 78 26.4541 26 0.508437
766 9.44473e+21 1.74257e+19 4.22742e+06 73 24.2793 22 0.474325
767 1.18059e+21 2.31057e+18 8.44106e+06 70 25.5391 23 0.49721
768 3.77789e+22 4.06416e+19 8.43579e+06 75 24.4238 23 0.467395
769 9.44473e+21 9.88583e+18 8.42549e+06 73 24.6484 23 0.46318
770 2.36118e+21 5.42902e+18 1.08615e+06 71 24.4639 20 0.464995
771 9.44473e+21 1.28226e+19 1.08524e+06 73 23.457 20 0.446461
772 1.88895e+22 2.14197e+19 2.13118e+06 74 23.0342 21 0.437179
773 9.44473e+21 1.01608e+19 1.08734e+06 73 23.6445 20 0.449061
774 1.51116e+23 1.50755e+20 1.68295e+07 77 24.9844 24 0.475123
775 1.18059e+21 2.58313e+18 3.36119e+07 70 25.5117 25 0.489368
776 1.18059e+21 2.36699e+18 3.3609e+07 70 25.1475 25 0.484278
777 7.55579e+22 8.06463e+19 8.43597e+06 76 24.6973 23 0.474833
778 1.51116e+23 2.78298e+20 1.08887e+06 77 23.2578 20 0.452276
779 6.04463e+23 5.92241e+20 550454 79 22.0439 19 0.429363
780 4.72237e+21 7.11661e+18 554891 72 22.9102 19 0.453626
781 3.02231e+23 4.49612e+20 87990 78 20.4082 16 0.403475
782 1.88895e+22 3.34177e+19 288263 74 21.3203 18 0.419321
783 1.88895e+22 3.76641e+19 157721 74 21.1123 17 0.411861
784 1.88895e+22 3.78821e+19 91663.1 74 20.5117 16 0.406633
785 3.77789e+22 7.54168e+19 52012 75 20.7822 15 0.415627
786 9.67141e+24 9.65829e+21 91500.8 83 20.5918 16 0.409078
787 3.77789e+22 5.45085e+19 91042 75 20.876 16 0.421439
788 9.67141e+24 1.20444e+22 294071 83 23.043 18 0.466547
789 7.55579e+22 1.08771e+20 25355.8 76 20.8105 13 0.423882
790 9.67141e+24 1.00067e+22 158099 83 22.9883 17 0.466125
791 1.20893e+24 1.25058e+21 1.08426e+06 80 24.6396 20 0.498432
792 3.02231e+23 3.80366e+20 91009 78 22.877 16 0.473243
793 2.41785e+24 2.77334e+21 1.08715e+06 81 24.75 20 0.507975
794 7.73713e+25 8.10776e+22 1.08348e+06 86 24.7354 20 0.516743
795 7.73713e+25 1.14277e+23 1.34263e+08 86 27.6475 27 0.557395
796 3.02231e+23 5.13049e+20 1.07382e+09 78 29.7734 30 0.586893
797 6.04463e+23 9.19229e+20 5.3694e+08 79 29.4258 29 0.598404
798 4.8357e+24 4.85533e+21 3.35974e+07 82 26.4883 25 0.538975
799 1.9807e+28 1.96452e+25 1.07382e+09 94 29.5381 30 0.596938
800 1.20893e+24 2.6735e+21 2.68501e+08 80 29.1768 28 0.576797
801 4.95176e+27 4.83654e+24 3.35991e+07 92 27.4268 25 0.549556
802 1.88895e+22 5.55916e+19 8.43645e+06 74 26.5938 23 0.53337
803 1.9807e+28 1.93527e+25 3.36001e+07 94 27.373 25 0.545908
804 1.20893e+24 1.59277e+21 1.34286e+08 80 29.6709 27 0.600377
805 6.1897e+26 6.26085e+23 6.71735e+07 89 28.207 26 0.568455
806 3.96141e+28 3.89978e+25 2.13784e+06 95 25.4238 21 0.522434
807 3.09485e+26 3.5602e+23 6.71644e+07 88 28.7822 26 0.597958
808 7.92282e+28 8.76692e+25 8.42872e+06 96 27.2949 23 0.565371
809 2.47588e+27 3.63051e+24 8.43875e+06 91 27.8291 23 0.585054
810 3.86856e+25 7.67044e+22 2.12978e+06 85 25.4014 21 0.535721
811 6.04463e+23 1.28729e+21 2.12774e+06 79 24.46 21 0.521996
812 7.73713e+25 8.1314e+22 1.08308e+06 86 24.9971 20 0.518513
813 3.96141e+28 3.90092e+25 3.3606e+07 95 28.3828 25 0.585233
814 1.54743e+26 1.70446e+23 1.08107e+06 87 24.2715 20 0.50439
815 3.02231e+23 4.98143e+20 8.43681e+06 78 26.5469 23 0.548208
816 1.54743e+26 1.60691e+23 3.36006e+07 87 27.3867 25 0.564567
817 6.04463e+23 1.37725e+21 1.68263e+07 79 27.1943 24 0.556043
818 1.88895e+22 7.2247e+19 1.68319e+07 74 27.5635 24 0.560022
819 1.23794e+27 1.36356e+24 1.68272e+07 90 26.752 24 0.543523
820 2.47588e+27 2.41895e+24 295632 91 23.4668 18 0.474266
821 3.02231e+23 6.25118e+20 4.24281e+06 78 26.208 22 0.531638
822 3.77789e+22 1.0382e+20 553485 75 24.9932 19 0.505428
823 1.88895e+22 3.98937e+19 2.12961e+06 74 25.6699 21 0.529372
824 4.95176e+27 4.8381e+24 8.42763e+06 92 26.8525 23 0.54416
825 1.9807e+28 2.06378e+25 2.13711e+06 94 26.0674 21 0.529257
826 7.73713e+25 8.55474e+22 293513 86 23.7441 18 0.49484
827 1.93428e+25 2.28707e+22 1.07979e+06 84 24.6504 20 0.509903
828 1.23794e+27 1.2141e+24 292581 90 23.0459 18 0.487816
829 1.54743e+26 1.5351e+23 558996 87 24.4111 19 0.496313
830 3.77789e+22 8.03089e+19 1.08677e+06 75 24.0703 20 0.498411
831 3.09485e+26 3.02243e+23 549816 88 23.0459 19 0.473939
832 6.04463e+23 1.29787e+21 553106 79 23.5752 19 0.485696
833 1.20893e+24 1.30481e+21 292581 80 23.6592 18 0.482293
834 6.04463e+23 1.01005e+21 2.13505e+06 79 26.0273 21 0.525589
835 3.02231e+23 2.99245e+20 1.08941e+06 78 24.8789 20 0.509683
836 7.73713e+25 7.66586e+22 1.08421e+06 86 24.7344 20 0.496557
837 7.55579e+22 1.63135e+20 6.71661e+07 76 27.7529 26 0.555885
838 1.20893e+24 1.2828e+21 1.07701e+06 80 24.7109 20 0.494622
839 3.77789e+22 7.87202e+19 1.08228e+06 75 24.96 20 0.505261
840 1.51116e+23 2.66024e+20 1.08238e+06 77 24.9248 20 0.503843
841 3.77789e+22 9.48269e+19 289133 75 22.9102 18 0.476643
842 3.09485e+26 3.05996e+23 150429 88 22.1045 17 0.461823
843 2.47588e+27 2.76399e+24 285684 91 22.957 18 0.48119
844 6.1897e+26 6.04481e+23 150429 89 21.3779 17 0.451819
845 4.8357e+24 1.02803e+22 85030.2 82 21.0127 16 0.433939
846 1.51116e+23 3.68097e+20 93086.8 77 21.0957 16 0.438613
847 4.72237e+21 1.21648e+19 155909 72 21.8701 17 0.45399
848 3.86856e+25 3.94793e+22 286224 85 21.8789 18 0.453264
849 4.8357e+24 1.07572e+22 548826 82 22.9609 19 0.483811
850 3.09485e+26 8.02887e+23 92017.5 88 22.043 16 0.474069
851 7.92282e+28 7.7571e+25 151860 96 21.5566 17 0.468034
852 3.09485e+26 3.19369e+23 35892.5 88 20.9688 14 0.460357
853 6.1897e+26 1.66282e+24 88061 89 21.0332 16 0.460003
854 7.73713e+25 8.72717e+22 36557.6 86 19.3975 14 0.426173
855 6.1897e+26 7.95477e+23 49462.3 89 20.2754 15 0.438377
856 7.92282e+28 7.73737e+25 152193 96 20.7383 17 0.44571
857 1.20893e+24 1.48073e+21 557357 80 22.0244 19 0.466822
858 1.23794e+27 1.29396e+24 558115 90 22.4443 19 0.466327
859 2.47588e+27 2.42105e+24 552534 91 22.8428 19 0.477037
860 3.02231e+23 3.23631e+20 30470.8 78 18.3711 14 0.384496
861 4.8357e+24 6.28665e+21 21626.1 82 17.3467 13 0.3654
862 1.93428e+25 2.02459e+22 49771.1 84 20.1426 15 0.420577
863 2.36118e+21 8.14115e+18 159067 71 21.5264 17 0.443186
864 2.41785e+24 2.45578e+21 289606 81 21.6094 18 0.449926
865 7.92282e+28 7.7525e+25 549717 96 23.1582 19 0.477782
866 4.8357e+24 4.94917e+21 292499 82 22.7334 18 0.470739
867 6.1897e+26 7.55884e+23 88449.5 89 21.3936 16 0.435728
868 6.1897e+26 6.04953e+23 285458 89 22.7441 18 0.462317
869 7.92282e+28 9.73186e+25 292335 96 22.4932 18 0.464303
870 3.77789e+22 1.11349e+20 158249 75 22.2637 17 0.456934
871 7.92282e+28 7.73714e+25 286628 96 22.2295 18 0.456941
872 9.90352e+27 1.72657e+25 86548.5 93 21.0469 16 0.433438
873 4.8357e+24 7.78894e+21 53738.5 82 20.2158 15 0.425325
874 7.92282e+28 7.73715e+25 159616 96 21.0215 17 0.433527
875 7.73713e+25 7.57653e+22 2.12785e+06 86 22.8613 21 0.46345
876 7.92282e+28 7.86607e+25 554845 96 23.1689 19 0.46872
877 1.54743e+26 3.02348e+23 1.08213e+06 87 24.4668 20 0.497792
878 7.92282e+28 7.73717e+25 559906 96 23.3447 19 0.473487
879 9.44473e+21 2.45369e+19 290923 73 21.9238 18 0.444676
880 9.90352e+27 9.67144e+24 156842 93 21.2129 17 0.430209
881 4.72237e+21 7.88374e+18 284821 72 20.2764 18 0.418353
882 3.86856e+25 4.02305e+22 549322 85 22.6523 19 0.466858
883 2.47588e+27 3.62688e+24 91824.7 91 22.0303 16 0.454988
884 7.92282e+28 7.74188e+25 1.08986e+06 96 24.624 20 0.509766
885 7.92282e+28 1.3542e+26 4.23371e+06 96 25.9648 22 0.535868
886 4.8357e+24 6.09067e+21 1.07901e+06 82 23.8115 20 0.490594
887 2.47588e+27 2.41922e+24 2.13478e+06 91 24.6016 21 0.511203
888 7.92282e+28 1.57331e+26 563512 96 23.2188 19 0.4866
889 1.93428e+25 4.03017e+22 1.08543e+06 84 24.0254 20 0.488377
890 9.90352e+27 9.99297e+24 298152 93 23.0137 18 0.4793
891 1.54743e+26 1.53584e+23 8.4384e+06 87 25.8809 23 0.513484
892 1.93428e+25 1.93251e+22 1.08147e+06 84 24.2852 20 0.487109
893 7.92282e+28 8.70522e+25 555030 96 23.3398 19 0.470329
894 6.1897e+26 9.0914e+23 8.43415e+06 89 26.2793 23 0.531765
895 7.92282e+28 1.354e+26 1.6816e+07 96 26.5732 24 0.540488
896 9.90352e+27 1.18063e+25 8.4298e+06 93 25.8789 23 0.528832
897 3.09485e+26 3.1266e+23 1.68208e+07 88 26.2119 24 0.528826
898 3.96141e+28 4.17081e+25 8.42865e+06 95 25.543 23 0.518993
899 4.95176e+27 4.85943e+24 149876 92 23.1025 17 0.480298
900 7.92282e+28 7.86044e+25 54603.1 96 21.7744 15 0.448481
901 1.9807e+28 4.85272e+25 46063.1 94 19.9248 15 0.403596
902 7.92282e+28 7.79865e+25 53392.9 96 20.5713 15 0.430441
903 6.1897e+26 6.42784e+23 88484.7 89 21.4824 16 0.447516
904 9.90352e+27 1.04365e+25 24608.1 93 20.2529 13 0.437918
905 2.47588e+27 3.02262e+24 54142.6 91 20.6934 15 0.443044
906 2.47588e+27 3.02941e+24 32646.5 91 20.3877 14 0.432099
907 7.92282e+28 7.73713e+25 550013 96 21.75 19 0.447277
908 1.23794e+27 1.5879e+24 286180 90 21.8047 18 0.447988
909 7.92282e+28 7.73737e+25 2.13028e+06 96 23.6201 21 0.49034
910 4.95176e+27 5.1476e+24 4.23756e+06 92 25.2451 22 0.543827
911 1.93428e+25 3.10643e+22 2.13051e+06 84 24.5869 21 0.528931
912 7.92282e+28 7.74139e+25 1.0805e+06 96 23.8857 20 0.515465
913 2.41785e+24 2.55946e+21 290119 81 22.6475 18 0.483148
914 7.55579e+22 2.88522e+20 4.22949e+06 76 24.959 22 0.527718
915 9.90352e+27 9.97495e+24 289434 93 23.1592 18 0.495043
916 1.20893e+24 2.76348e+21 559820 80 23.1836 19 0.508962
917 3.09485e+26 6.06838e+23 87847.7 88 21.6562 16 0.475455
918 2.47588e+27 3.09812e+24 84389.2 91 21.0273 16 0.467845
919 9.90352e+27 1.23316e+25 82816.4 93 20.9385 16 0.465205
920 4.95176e+27 4.84195e+24 282790 92 21.9443 18 0.477459
921 3.09485e+26 8.3117e+23 158993 88 22.4004 17 0.48744
922 1.23794e+27 1.28467e+24 1.0752e+06 90 24.0088 20 0.510991
923 7.92282e+28 7.7703e+25 1.08132e+06 96 23.5322 20 0.498062
924 1.23794e+27 1.21439e+24 553721 90 23.0781 19 0.488968
925 7.92282e+28 1.55198e+26 558381 96 22.7471 19 0.47936
926 1.23794e+27 1.20936e+24 158249 90 21.4072 17 0.45226
927 7.92282e+28 8.22141e+25 1.08293e+06 96 22.791 20 0.464464
928 7.92282e+28 9.92843e+25 2.12601e+06 96 24.3438 21 0.50164
929 4.95176e+27 6.27271e+24 2.13365e+06 92 25.3057 21 0.518565
930 4.95176e+27 4.87854e+24 1.08238e+06 92 23.3828 20 0.478883
931 2.47588e+27 3.02484e+24 2.12236e+06 91 24.5371 21 0.49519
932 7.92282e+28 7.79782e+25 2.13079e+06 96 23.6904 21 0.482904
933 3.86856e+25 3.84612e+22 1.08117e+06 85 23.2891 20 0.476338
934 6.04463e+23 1.85642e+21 2.13948e+06 79 25.8203 21 0.523289
935 7.73713e+25 7.62255e+22 556907 86 22.7793 19 0.467471
936 6.04463e+23 1.03588e+21 1.07823e+06 79 23.208 20 0.466055
937 7.73713e+25 9.47697e+22 8.42737e+06 86 25.8662 23 0.52654
938 7.92282e+28 8.70816e+25 8.4353e+06 96 26.1328 23 0.527741
939 3.96141e+28 6.77208e+25 1.08213e+06 95 24.0625 20 0.492126
940 7.92282e+28 8.22167e+25 1.0802e+06 96 23.6318 20 0.481389
941 2.47588e+27 2.41801e+24 1.6817e+07 91 26.9385 24 0.564675
942 4.95176e+27 9.69333e+24 8.43651e+06 92 27.0127 23 0.552881
943 9.67141e+24 1.59015e+22 4.23348e+06 83 26.1211 22 0.544787
944 1.54743e+26 1.64981e+23 1.68234e+07 87 27.3242 24 0.568105
945 4.95176e+27 4.84564e+24 1.07573e+06 92 24.0596 20 0.492081
946 7.92282e+28 9.68712e+25 8.43698e+06 96 26.7188 23 0.543293
947 7.92282e+28 7.97902e+25 1.68221e+07 96 27.2236 24 0.554213
948 7.92282e+28 1.57842e+26 1.68232e+07 96 28.085 24 0.591049
949 1.93428e+25 1.9744e+22 1.6812e+07 84 27.2959 24 0.580278
950 7.92282e+28 7.79901e+25 4.2255e+06 96 24.7236 22 0.543006
951 4.95176e+27 4.83578e+24 1.08691e+06 92 24.1465 20 0.530995
952 7.92282e+28 7.73768e+25 1.07557e+06 96 23.6992 20 0.519181
953 7.92282e+28 1.20893e+26 1.0768e+06 96 24.7471 20 0.551331
954 2.47588e+27 2.57461e+24 1.08392e+06 91 24.5381 20 0.544151
955 7.92282e+28 1.57475e+26 2.13638e+06 96 26.3135 21 0.571266
956 7.92282e+28 7.76743e+25 4.21967e+06 96 25.9414 22 0.569466
957 2.47588e+27 3.36636e+24 2.13424e+06 91 26.3936 21 0.570586
958 7.92282e+28 2.32295e+26 4.22711e+06 96 26.5322 22 0.574365
959 7.92282e+28 7.97903e+25 1.08086e+06 96 24.9932 20 0.547913
960 3.96141e+28 4.86761e+25 1.07536e+06 95 23.8789 20 0.526371
961 7.92282e+28 2.32589e+26 1.08377e+06 96 24.9873 20 0.551592
962 7.92282e+28 8.27382e+25 1.07031e+06 96 24.7119 20 0.538519
963 7.92282e+28 8.71236e+25 552247 96 23.2393 19 0.51743
964 7.92282e+28 7.73725e+25 555262 96 22.5889 19 0.503084
965 1.9807e+28 2.90173e+25 289692 94 21.4453 18 0.474533
966 7.92282e+28 1.62e+26 282976 96 22.4229 18 0.499953
967 7.92282e+28 1.94918e+26 555998 96 24.4824 19 0.55366
968 7.92282e+28 7.76737e+25 1.08577e+06 96 24.8848 20 0.546735
969 7.92282e+28 1.06818e+26 4.22223e+06 96 26.4951 22 0.577064
970 1.9807e+28 2.38812e+25 4.24365e+06 94 27.6562 22 0.603621
971 7.92282e+28 1.76511e+26 2.12819e+06 96 25.6504 21 0.554548
972 7.92282e+28 1.59589e+26 2.12876e+06 96 25.124 21 0.555909
973 7.92282e+28 1.69439e+26 549914 96 23.709 19 0.512603
974 1.9807e+28 3.39719e+25 1.07335e+06 94 24.5059 20 0.535711
975 7.92282e+28 1.57236e+26 155238 96 22.2988 17 0.487267
976 7.92282e+28 2.32726e+26 14710.6 96 19.5811 12 0.438131
977 7.92282e+28 7.99507e+25 50820.9 96 21.0068 15 0.467455
978 7.92282e+28 3.87539e+26 82231.9 96 22.9912 16 0.507875
979 7.92282e+28 3.19793e+26 84389.2 96 22.5117 16 0.50628
980 7.92282e+28 2.90181e+26 87847.7 96 22.3184 16 0.498589
981 7.92282e+28 9.22205e+25 289046 96 23.3896 18 0.517295
982 7.92282e+28 4.52072e+26 4.24302e+06 96 27.7178 22 0.614474
983 7.92282e+28 5.46673e+26 1.68234e+07 96 28.3906 24 0.635745
984 7.92282e+28 3.99501e+26 3.35897e+07 96 28.958 25 0.650352
985 7.92282e+28 4.8155e+26 8.42737e+06 96 27.8848 23 0.630986
986 7.92282e+28 3.60089e+26 6.71407e+07 96 28.9629 26 0.651958
987 7.92282e+28 4.68856e+26 6.71485e+07 96 29.4238 26 0.655535
988 7.92282e+28 2.0936e+26 8.43137e+06 96 28.417 23 0.635019
989 7.92282e+28 4.80553e+26 1.34261e+08 96 30.3164 27 0.671605
990 7.92282e+28 7.84028e+26 3.35981e+07 96 29.3252 25 0.645413
991 7.92282e+28 4.1891e+26 1.68271e+07 96 28.9287 24 0.641417
992 7.92282e+28 5.6887e+26 1.68234e+07 96 28.4668 24 0.635443
993 7.92282e+28 3.33616e+26 1.68274e+07 96 28.8174 24 0.643143
994 7.92282e+28 6.63946e+26 4.22852e+06 96 26.9199 22 0.610127
995 7.92282e+28 2.39587e+26 1.68106e+07 96 27.2744 24 0.613594
996 7.92282e+28 2.51583e+26 4.23336e+06 96 27.1895 22 0.602487
997 7.92282e+28 4.4269e+26 2.12716e+06 96 26.7041 21 0.600175
998 7.92282e+28 4.25923e+26 1.08382e+06 96 26.123 20 0.58502
999 7.92282e+28 5.05195e+26 2.1337e+06 96 27.0635 21 0.614876
1000 7.92282e+28 4.90216e+26 285774 96 24.8105 18 0.563219
1001 7.92282e+28 4.21939e+26 291342 96 25.0371 18 0.563045
1002 7.92282e+28 1.24017e+27 2.12543e+06 96 26.917 21 0.595303
1003 7.92282e+28 3.4687e+26 547020 96 26.126 19 0.585105
1004 7.92282e+28 2.96441e+26 2.12099e+06 96 26.125 21 0.592524
1005 1.58456e+29 9.7645e+26 2.13882e+06 97 26.75 21 0.605037
1006 7.92282e+28 6.04877e+26 2.12606e+06 96 26.3301 21 0.591065
1007 1.58456e+29 3.51201e+26 1.07552e+06 97 25.1729 20 0.572479
1008 7.92282e+28 3.11419e+26 4.22121e+06 96 26.8438 22 0.599785
1009 7.92282e+28 5.22324e+26 1.07584e+06 96 25.3594 20 0.568019
1010 7.92282e+28 1.56051e+26 551573 96 23.8135 19 0.537334
1011 7.92282e+28 3.61311e+26 4.23224e+06 96 27.1514 22 0.604862
1012 7.92282e+28 2.40051e+26 2.13245e+06 96 25.9004 21 0.580485
1013 7.92282e+28 2.58373e+26 2.12566e+06 96 26.3105 21 0.59572
1014 7.92282e+28 7.49864e+26 4.23412e+06 96 27.4355 22 0.612381
1015 7.92282e+28 6.16461e+26 1.08308e+06 96 26.7695 20 0.593644
1016 7.92282e+28 4.84824e+26 548776 96 25.2656 19 0.564451
1017 7.92282e+28 3.56769e+26 1.08081e+06 96 26.1592 20 0.58912
1018 7.92282e+28 4.9665e+26 2.13184e+06 96 27.3936 21 0.61252
1019 7.92282e+28 3.46307e+26 1.08353e+06 96 26.3242 20 0.588532
1020 7.92282e+28 3.94168e+26 3.36045e+07 96 29.3564 25 0.645131
1021 7.92282e+28 5.567e+26 3.3597e+07 96 30.1426 25 0.658777
1022 7.92282e+28 6.54159e+26 1.68287e+07 96 30.0674 24 0.660589
1023 7.92282e+28 6.81206e+26 6.71625e+07 96 31.1299 26 0.685091
1024 1.58456e+29 8.8842e+26 3.35995e+07 97 30.2217 25 0.6632
1025 7.92282e+28 4.70136e+26 1.34256e+08 96 30.8242 27 0.676962
1026 7.92282e+28 1.10548e+27 1.34275e+08 96 31.0059 27 0.679392
1027 7.92282e+28 6.73994e+26 1.68169e+07 96 29.6777 24 0.65306
1028 7.92282e+28 1.03937e+27 1.68211e+07 96 29.6006 24 0.650988
1029 7.92282e+28 8.88734e+26 3.36088e+07 96 29.4814 25 0.651216
1030 7.92282e+28 3.29877e+26 1.6822e+07 96 29.3721 24 0.647017
1031 7.92282e+28 1.51153e+27 3.35873e+07 96 29.6758 25 0.651112
1032 7.92282e+28 5.90517e+26 1.68062e+07 96 29.5352 24 0.652596
1033 7.92282e+28 4.22114e+26 1.34262e+08 96 30.8623 27 0.685281
1034 7.92282e+28 8.90979e+26 3.36009e+07 96 30.1113 25 0.669678
1035 7.92282e+28 8.38235e+26 6.71543e+07 96 30.332 26 0.666116
1036 7.92282e+28 1.30233e+27 4.23951e+06 96 27.9951 22 0.610085
1037 7.92282e+28 5.75297e+26 1.34264e+08 96 30.2607 27 0.666018
1038 7.92282e+28 1.08566e+27 3.35981e+07 96 30.7402 25 0.678485
1039 7.92282e+28 8.29659e+26 1.34263e+08 96 31.2588 27 0.681444
1040 7.92282e+28 7.99109e+26 2.68477e+08 96 31.2783 28 0.686757
1041 7.92282e+28 7.98005e+26 2.68492e+08 96 32.1221 28 0.710492
1042 7.92282e+28 1.13367e+27 1.34274e+08 96 32.1875 27 0.705586
1043 7.92282e+28 8.51642e+26 1.34256e+08 96 30.4336 27 0.666172
1044 7.92282e+28 7.65087e+26 5.36923e+08 96 31.5107 29 0.685987
1045 7.92282e+28 3.9035e+26 1.68174e+07 96 28.4746 24 0.628092
1046 7.92282e+28 1.0709e+27 2.68503e+08 96 31.5439 28 0.684822
1047 7.92282e+28 6.26003e+26 1.34264e+08 96 31.1182 27 0.679584
1048 7.92282e+28 1.02146e+27 1.68168e+07 96 28.9004 24 0.630548
1049 7.92282e+28 5.2294e+26 3.36039e+07 96 29.5195 25 0.64842
1050 7.92282e+28 5.72568e+26 2.68497e+08 96 31.207 28 0.684432
1051 1.58456e+29 7.03046e+26 6.71543e+07 97 30.5781 26 0.667199
1052 7.92282e+28 8.33492e+26 3.35919e+07 96 30.0088 25 0.658333
1053 7.92282e+28 6.37794e+26 1.07381e+09 96 32.1553 30 0.701474
1054 7.92282e+28 1.22385e+27 1.0738e+09 96 32.8848 30 0.711867
1055 7.92282e+28 9.97531e+26 2.14752e+09 96 32.7295 31 0.704978
1056 7.92282e+28 8.57605e+26 1.34263e+08 96 30.1055 27 0.643143
1057 7.92282e+28 1.11114e+27 4.29502e+09 96 33.415 32 0.714088
1058 7.92282e+28 8.05798e+26 2.14754e+09 96 32.4922 31 0.705859
1059 7.92282e+28 2.58165e+26 1.07382e+09 96 32.6289 30 0.704384
1060 7.92282e+28 7.68697e+26 4.29501e+09 96 34.6719 32 0.747702
1061 7.92282e+28 1.25633e+27 1.07382e+09 96 33.0771 30 0.711633
1062 7.92282e+28 5.64087e+26 2.14755e+09 96 32.7217 31 0.705865
1063 7.92282e+28 1.10683e+27 1.07381e+09 96 32.8418 30 0.709847
1064 7.92282e+28 6.58848e+26 2.14755e+09 96 32.8486 31 0.709246
1065 7.92282e+28 6.5297e+26 4.29503e+09 96 33.0312 32 0.70772
1066 7.92282e+28 9.54232e+26 2.14755e+09 96 32.6797 31 0.708514
1067 7.92282e+28 6.94331e+26 2.14757e+09 96 33.1377 31 0.713228
1068 7.92282e+28 1.18815e+27 2.14755e+09 96 32.7334 31 0.710062
1069 7.92282e+28 8.7252e+26 5.36947e+08 96 32.1201 29 0.687658
1070 7.92282e+28 7.12814e+26 4.29502e+09 96 32.8525 32 0.709978
1071 7.92282e+28 1.08409e+27 2.14756e+09 96 33.1328 31 0.712834
1072 7.92282e+28 9.84131e+26 1.07379e+09 96 31.626 30 0.687323
1073 7.92282e+28 6.91249e+26 5.36929e+08 96 31.085 29 0.663451
1074 7.92282e+28 8.44959e+26 4.29503e+09 96 33.3564 32 0.714638
1075 7.92282e+28 9.80641e+26 2.14754e+09 96 32.2158 31 0.683988
1076 7.92282e+28 6.54064e+26 5.36928e+08 96 31.8691 29 0.687666
1077 7.92282e+28 1.18036e+27 4.29505e+09 96 33.7637 32 0.715739
1078 7.92282e+28 7.47073e+26 3.43598e+10 96 34.9062 35 0.747677
1079 7.92282e+28 1.265e+27 3.43598e+10 96 35.4111 35 0.751327
1080 7.92282e+28 1.26411e+27 2.74878e+11 96 37.2861 38 0.788213
1081 7.92282e+28 8.16226e+26 3.43598e+10 96 35.2402 35 0.756354
1082 7.92282e+28 8.68398e+26 1.718e+10 96 34.5947 34 0.739319
1083 7.92282e+28 6.40616e+26 6.87196e+10 96 35.7568 36 0.755401
1084 7.92282e+28 9.02359e+26 1.37439e+11 96 36.4346 37 0.768831
1085 7.92282e+28 4.58988e+26 2.74878e+11 96 36.7627 38 0.780644
1086 7.92282e+28 1.15122e+27 2.19902e+12 96 40.2119 41 0.844941
1087 7.92282e+28 1.31078e+27 5.49756e+11 96 38.6982 39 0.820971
1088 7.92282e+28 1.26424e+27 1.37439e+11 96 37.4883 37 0.796389
1089 7.92282e+28 1.40662e+27 4.39805e+12 96 39.5586 42 0.847699
1090 7.92282e+28 1.24879e+27 1.09951e+12 96 38.3711 40 0.817542
1091 7.92282e+28 1.90334e+27 4.39805e+12 96 39.8838 42 0.850257
1092 7.92282e+28 1.56948e+27 4.39805e+12 96 39.5859 42 0.841351
1093 7.92282e+28 1.57275e+27 4.39805e+12 96 39.7451 42 0.841121
1094 7.92282e+28 1.93933e+27 1.09951e+12 96 37.9277 40 0.835469
1095 7.92282e+28 1.44385e+27 1.37439e+11 96 37.1523 37 0.800067
1096 7.92282e+28 1.49908e+27 5.49756e+11 96 38.6895 39 0.830089
1097 7.92282e+28 1.43521e+27 1.37439e+11 96 37.8057 37 0.811774
1098 7.92282e+28 1.13749e+27 2.74878e+11 96 38.0312 38 0.814438
1099 7.92282e+28 1.88857e+27 2.19902e+12 96 40.375 41 0.860171
1100 7.92282e+28 1.37446e+27 4.39805e+12 96 39.6748 42 0.850286
1101 7.92282e+28 8.1087e+26 6.87196e+10 96 35.7539 36 0.767435
1102 7.92282e+28 1.23509e+27 6.87196e+10 96 35.7285 36 0.785437
1103 7.92282e+28 1.78425e+27 5.49756e+11 96 38.124 39 0.827873
1104 7.92282e+28 1.73513e+27 2.74878e+11 96 38.416 38 0.839711
1105 7.92282e+28 1.64051e+27 2.74878e+11 96 37.2334 38 0.815751
1106 7.92282e+28 1.83047e+27 2.74878e+11 96 37.6982 38 0.802085
1107 7.92282e+28 2.18033e+27 1.09951e+12 96 39.6367 40 0.845276
1108 7.92282e+28 1.05749e+27 5.49756e+11 96 38.125 39 0.822594
1109 7.92282e+28 1.71708e+27 4.39805e+12 96 40.4385 42 0.865931
1110 7.92282e+28 2.03823e+27 2.19902e+12 96 40.1484 41 0.854954
1111 7.92282e+28 1.38661e+27 1.75922e+13 96 41.7402 44 0.890009
1112 3.16913e+29 2.36582e+27 1.09951e+12 98 39.6924 40 0.845866
1113 7.92282e+28 1.24823e+27 2.74878e+11 96 38.1133 38 0.818518
1114 7.92282e+28 1.81937e+27 5.49756e+11 96 38.623 39 0.822485
1115 7.92282e+28 1.43256e+27 1.09951e+12 96 39.4775 40 0.839599
1116 7.92282e+28 1.79475e+27 5.49756e+11 96 38.6201 39 0.822814
1117 7.92282e+28 1.79591e+27 5.49756e+11 96 38.3057 39 0.818772
1118 7.92282e+28 1.46272e+27 1.37439e+11 96 36.6123 37 0.779785
1119 7.92282e+28 1.90168e+27 6.87196e+10 96 36.4443 36 0.779404
1120 1.58456e+29 1.78798e+27 2.74878e+11 97 37.9102 38 0.813239
1121 7.92282e+28 2.24247e+27 5.49756e+11 96 38.6104 39 0.8231
1122 7.92282e+28 2.05084e+27 6.87196e+10 96 37.1484 36 0.79471
1123 7.92282e+28 1.5837e+27 1.37439e+11 96 37.085 37 0.796391
1124 7.92282e+28 8.53925e+26 2.74878e+11 96 37.6719 38 0.804227
1125 7.92282e+28 2.00609e+27 2.74878e+11 96 37.7188 38 0.805237
1126 7.92282e+28 1.52005e+27 1.37439e+11 96 37.0859 37 0.798658
1127 7.92282e+28 1.1188e+27 1.09951e+12 96 39.1309 40 0.835703
1128 7.92282e+28 1.14859e+27 5.49756e+11 96 38.4238 39 0.822069
1129 7.92282e+28 1.81917e+27 1.37439e+11 96 37.8984 37 0.811878
1130 7.92282e+28 1.9389e+27 4.39805e+12 96 40.4238 42 0.866033
1131 7.92282e+28 1.87116e+27 4.39805e+12 96 40.4756 42 0.858075
1132 7.92282e+28 1.58068e+27 6.87196e+10 96 37.0898 36 0.804091
1133 7.92282e+28 2.6207e+27 1.09951e+12 96 39.2266 40 0.839476
1134 7.92282e+28 1.70556e+27 5.49756e+11 96 38.4434 39 0.828257
1135 7.92282e+28 2.11911e+27 2.19902e+12 96 39.3271 41 0.83874
1136 7.92282e+28 1.68913e+27 5.49756e+11 96 38.5215 39 0.821217
1137 7.92282e+28 2.49438e+27 1.37439e+11 96 37.75 37 0.804205
1138 7.92282e+28 1.98163e+27 2.74878e+11 96 38.5264 38 0.830585
1139 7.92282e+28 1.55878e+27 1.37439e+11 96 37.6465 37 0.812787
1140 7.92282e+28 1.46828e+27 5.49756e+11 96 38.2188 39 0.824404
1141 7.92282e+28 1.66363e+27 1.09951e+12 96 39.374 40 0.842143
1142 7.92282e+28 2.16596e+27 1.09951e+12 96 39.707 40 0.852344
1143 7.92282e+28 1.91063e+27 2.74878e+11 96 38.335 38 0.809997
1144 7.92282e+28 2.74135e+27 5.49756e+11 96 39.9053 39 0.851436
1145 7.92282e+28 2.31359e+27 2.74878e+11 96 38.3535 38 0.820897
1146 7.92282e+28 2.40413e+27 4.39805e+12 96 40.2578 42 0.86555
1147 7.92282e+28 2.7422e+27 8.79609e+12 96 40.5078 43 0.865759
1148 7.92282e+28 2.78125e+27 8.79609e+12 96 41.3047 43 0.883083
1149 7.92282e+28 2.85932e+27 8.79609e+12 96 41.2236 43 0.886437
1150 7.92282e+28 2.49412e+27 4.39805e+12 96 40.9258 42 0.878142
1151 7.92282e+28 2.81606e+27 1.09951e+12 96 40.2754 40 0.863019
1152 7.92282e+28 3.48233e+27 5.49756e+11 96 40.2539 39 0.861437
1153 7.92282e+28 2.66638e+27 1.09951e+12 96 41.0381 40 0.872219
1154 7.92282e+28 2.52853e+27 2.74878e+11 96 39.4678 38 0.852552
1155 7.92282e+28 2.21696e+27 2.74878e+11 96 39.4092 38 0.842052
1156 7.92282e+28 2.89535e+27 4.39805e+12 96 41.3398 42 0.881598
1157 7.92282e+28 2.4352e+27 1.09951e+12 96 40.2461 40 0.858478
1158 7.92282e+28 1.90197e+27 2.74878e+11 96 39.7441 38 0.84952
1159 7.92282e+28 2.94656e+27 4.39805e+12 96 40.8818 42 0.875466
1160 7.92282e+28 2.87709e+27 1.09951e+12 96 40.46 40 0.871501
1161 7.92282e+28 2.34584e+27 8.79609e+12 96 41.5811 43 0.887342
1162 7.92282e+28 2.80375e+27 1.09951e+12 96 40.2432 40 0.860312
1163 7.92282e+28 2.79819e+27 4.39805e+12 96 41.0098 42 0.876341
1164 7.92282e+28 2.35276e+27 1.09951e+12 96 39.6895 40 0.846014
1165 7.92282e+28 2.2372e+27 1.37439e+11 96 38.8184 37 0.826088
1166 7.92282e+28 1.62669e+27 1.09951e+12 96 39.9834 40 0.857876
1167 7.92282e+28 2.76908e+27 4.39805e+12 96 40.8984 42 0.873904
1168 7.92282e+28 2.37699e+27 1.09951e+12 96 40.4346 40 0.87157
1169 7.92282e+28 2.69446e+27 1.37439e+11 96 38.4336 37 0.826486
1170 3.16913e+29 2.196e+27 5.49756e+11 98 39.1328 39 0.848594
1171 7.92282e+28 1.9155e+27 1.09951e+12 96 39.9453 40 0.852906
1172 7.92282e+28 1.8861e+27 2.74878e+11 96 38.625 38 0.83261
1173 7.92282e+28 2.3262e+27 1.37439e+11 96 38.4434 37 0.824244
1174 1.58456e+29 2.85234e+27 1.37439e+11 97 37.8809 37 0.811545
1175 7.92282e+28 2.73363e+27 2.74878e+11 96 39.3848 38 0.83806
1176 7.92282e+28 2.07767e+27 5.49756e+11 96 39.165 39 0.831969
1177 7.92282e+28 2.52289e+27 5.49756e+11 96 39.7139 39 0.844446
1178 7.92282e+28 3.30353e+27 5.49756e+11 96 39.4873 39 0.836839
1179 7.92282e+28 2.80646e+27 1.37439e+11 96 38.877 37 0.824718
1180 1.58456e+29 1.89507e+27 1.37439e+11 97 37.5137 37 0.804459
1181 7.92282e+28 1.21068e+27 2.74878e+11 96 38.1211 38 0.80878
1182 7.92282e+28 2.10515e+27 5.49756e+11 96 39.6045 39 0.837724
1183 7.92282e+28 1.68297e+27 8.79609e+12 96 40.3271 43 0.855586
1184 7.92282e+28 2.84957e+27 1.09951e+12 96 39.7373 40 0.839347
1185 7.92282e+28 1.34505e+27 2.19902e+12 96 40.1885 41 0.860715
1186 7.92282e+28 2.69699e+27 2.74878e+11 96 38.9727 38 0.829058
1187 7.92282e+28 1.67696e+27 1.37439e+11 96 38.041 37 0.808022
1188 7.92282e+28 2.43763e+27 2.74878e+11 96 38.4521 38 0.818652
1189 3.16913e+29 3.0396e+27 2.74878e+11 98 39.627 38 0.842533
1190 3.16913e+29 3.02282e+27 1.09951e+12 98 39.8779 40 0.846065
1191 7.92282e+28 2.09869e+27 5.49756e+11 96 39.1465 39 0.83226
1192 7.92282e+28 2.03618e+27 2.74878e+11 96 38.1963 38 0.819541
1193 7.92282e+28 2.42225e+27 1.37439e+11 96 38.4736 37 0.826895
1194 7.92282e+28 2.03836e+27 2.19902e+12 96 40.584 41 0.869644
1195 7.92282e+28 3.20585e+27 2.19902e+12 96 39.9307 41 0.850611
1196 7.92282e+28 2.6155e+27 1.09951e+12 96 39.6113 40 0.84728
1197 7.92282e+28 3.4594e+27 2.74878e+11 96 38.666 38 0.821411
1198 7.92282e+28 3.17783e+27 1.37439e+11 96 39.1426 37 0.827439
1199 7.92282e+28 2.76001e+27 1.37439e+11 96 38.7783 37 0.82561
1200 7.92282e+28 2.87391e+27 2.74878e+11 96 39.0771 38 0.839524
1201 7.92282e+28 2.61109e+27 6.87196e+10 96 38.0234 36 0.82183
1202 7.92282e+28 2.17685e+27 2.74878e+11 96 38.9424 38 0.840465
1203 7.92282e+28 2.88271e+27 5.49756e+11 96 39.457 39 0.842594
1204 7.92282e+28 3.03964e+27 2.74878e+11 96 39.5449 38 0.840708
1205 3.16913e+29 2.5493e+27 5.49756e+11 98 39.6992 39 0.843777
1206 7.92282e+28 3.01626e+27 3.43598e+10 96 38.1328 35 0.820512
1207 7.92282e+28 3.13662e+27 2.74878e+11 96 39.3027 38 0.839712
1208 7.92282e+28 2.70812e+27 1.09951e+12 96 40.6895 40 0.861734
1209 7.92282e+28 2.54966e+27 5.49756e+11 96 39.8418 39 0.849818
1210 7.92282e+28 2.8493e+27 1.09951e+12 96 39.459 40 0.841363
1211 7.92282e+28 2.2582e+27 2.19902e+12 96 40.6016 41 0.862461
1212 7.92282e+28 2.37788e+27 1.09951e+12 96 40.8047 40 0.860545
1213 7.92282e+28 2.53563e+27 1.09951e+12 96 40.0371 40 0.854192
1214 7.92282e+28 2.96288e+27 5.49756e+11 96 40.3037 39 0.859575
1215 7.92282e+28 2.90868e+27 5.49756e+11 96 40.2549 39 0.880593
1216 7.92282e+28 3.01164e+27 2.74878e+11 96 39.1631 38 0.839817
1217 7.92282e+28 2.92352e+27 5.49756e+11 96 39.4688 39 0.841831
1218 7.92282e+28 3.68893e+27 4.39805e+12 96 41.4287 42 0.880826
1219 7.92282e+28 3.38673e+27 5.49756e+11 96 40.0723 39 0.849454
1220 7.92282e+28 3.43506e+27 5.49756e+11 96 39.3867 39 0.8343
1221 7.92282e+28 2.8592e+27 1.37439e+11 96 39.0693 37 0.832522
1222 3.16913e+29 4.07853e+27 2.19902e+12 98 42.0391 41 0.880919
1223 7.92282e+28 2.9062e+27 2.19902e+12 96 40.998 41 0.87403
1224 7.92282e+28 3.33408e+27 8.79609e+12 96 43.1406 43 0.915543
1225 1.58456e+29 4.56608e+27 8.79609e+12 97 43.0898 43 0.909785
1226 7.92282e+28 3.92457e+27 8.79609e+12 96 43.0557 43 0.91104
1227 7.92282e+28 4.60861e+27 4.39805e+12 96 42.5557 42 0.897861
1228 7.92282e+28 3.90366e+27 4.39805e+12 96 42.5234 42 0.901695
1229 7.92282e+28 3.31797e+27 2.74878e+11 96 40.916 38 0.861647
1230 7.92282e+28 3.4488e+27 4.39805e+12 96 41.5254 42 0.877443
1231 7.92282e+28 3.44765e+27 4.39805e+12 96 42.2129 42 0.893493
1232 7.92282e+28 3.32842e+27 8.79609e+12 96 42.7168 43 0.911111
1233 7.92282e+28 3.62486e+27 1.75922e+13 96 42.499 44 0.924512
1234 3.16913e+29 3.32499e+27 4.39805e+12 98 42.1611 42 0.888315
1235 7.92282e+28 3.62549e+27 8.79609e+12 96 42.5049 43 0.904777
1236 1.58456e+29 4.35814e+27 3.51844e+13 97 44.9238 45 0.942876
1237 7.92282e+28 4.27986e+27 7.03687e+13 96 44.2461 46 0.933787
1238 7.92282e+28 3.82005e+27 2.19902e+12 96 41.0732 41 0.877157
1239 1.58456e+29 4.13473e+27 8.79609e+12 97 43.3311 43 0.917653
1240 7.92282e+28 3.42631e+27 5.49756e+11 96 40.9355 39 0.872209
1241 7.92282e+28 3.79236e+27 2.74878e+11 96 40.4316 38 0.855661
1242 1.58456e+29 4.37908e+27 8.79609e+12 97 43.2803 43 0.91196
1243 7.92282e+28 4.08875e+27 1.09951e+12 96 41.2275 40 0.873034
1244 7.92282e+28 4.13595e+27 1.75922e+13 96 43.0166 44 0.920721
1245 7.92282e+28 4.72822e+27 3.51844e+13 96 44.2715 45 0.946193
1246 7.92282e+28 4.42861e+27 3.51844e+13 96 43.7373 45 0.949246
1247 7.92282e+28 5.60965e+27 3.51844e+13 96 44.7822 45 0.964991
1248 7.92282e+28 5.90818e+27 1.09951e+12 96 43.0801 40 0.939373
1249 1.58456e+29 4.42066e+27 7.03687e+13 97 43.8643 46 0.928544
1250 7.92282e+28 5.43051e+27 7.03687e+13 96 45.3311 46 0.955258
1251 7.92282e+28 5.31562e+27 4.39805e+12 96 43.7383 42 0.923281
1252 1.58456e+29 5.26002e+27 7.03687e+13 97 43.6553 46 0.920112
1253 7.92282e+28 4.98292e+27 7.03687e+13 96 45.3857 46 0.959128
1254 7.92282e+28 5.72204e+27 1.40737e+14 96 45.6885 47 0.963102
1255 7.92282e+28 5.2303e+27 8.79609e+12 96 44.1328 43 0.937824
1256 3.16913e+29 5.84846e+27 7.03687e+13 98 44.6074 46 0.941612
1257 7.92282e+28 5.7072e+27 3.51844e+13 96 45.1377 45 0.957694
1258 7.92282e+28 7.13874e+27 7.03687e+13 96 45.4883 46 0.950242
1259 3.16913e+29 7.37293e+27 7.03687e+13 98 45.3779 46 0.952028
1260 7.92282e+28 6.40396e+27 1.40737e+14 96 45.9287 47 0.972118
1261 3.16913e+29 6.82496e+27 7.03687e+13 98 45.4658 46 0.958834
1262 3.16913e+29 6.66291e+27 1.09951e+12 98 44.4043 40 0.938158
1263 3.16913e+29 6.86131e+27 3.51844e+13 98 45.3984 45 0.956928
1264 7.92282e+28 6.91809e+27 1.75922e+13 96 44.6924 44 0.940236
1265 3.16913e+29 6.07127e+27 3.51844e+13 98 44.7207 45 0.937584
1266 3.16913e+29 6.95533e+27 1.40737e+14 98 45.9668 47 0.970895
1267 7.92282e+28 7.72918e+27 2.81475e+14 96 45.7578 48 0.954015
1268 3.16913e+29 6.01651e+27 1.40737e+14 98 45.5742 47 0.959181
1269 7.92282e+28 6.67111e+27 7.03687e+13 96 45.2207 46 0.946934
1270 3.16913e+29 8.31826e+27 5.6295e+14 98 47.0928 49 0.98151
1271 7.92282e+28 7.74226e+27 1.40737e+14 96 46.834 47 0.986314
1272 7.92282e+28 6.40077e+27 2.81475e+14 96 46.2354 48 0.972176
1273 7.92282e+28 7.26573e+27 2.2518e+15 96 47.4238 51 0.995166
1274 7.92282e+28 7.25462e+27 5.6295e+14 96 46.1895 49 0.970226
1275 7.92282e+28 6.98107e+27 1.40737e+14 96 46.0527 47 0.963494
1276 1.58456e+29 7.95472e+27 2.81475e+14 97 46.9932 48 0.975772
1277 1.58456e+29 6.17738e+27 1.40737e+14 97 45.7109 47 0.955441
1278 7.92282e+28 6.39742e+27 1.40737e+14 96 45.5273 47 0.945962
1279 7.92282e+28 6.36138e+27 1.1259e+15 96 47.8398 50 1.00124
1280 7.92282e+28 7.60115e+27 2.81475e+14 96 47.0508 48 0.976298
1281 7.92282e+28 7.90688e+27 1.40737e+14 96 46.6816 47 0.990917
1282 7.92282e+28 7.8059e+27 1.1259e+15 96 48.1152 50 0.999249
1283 7.92282e+28 6.83433e+27 2.2518e+15 96 47.3789 51 0.989779
1284 7.92282e+28 7.13767e+27 3.51844e+13 96 45.3184 45 0.943905
1285 3.16913e+29 8.11697e+27 7.03687e+13 98 45.6963 46 0.950211
1286 7.92282e+28 6.33299e+27 7.03687e+13 96 45.3037 46 0.945957
1287 3.16913e+29 8.26486e+27 2.81475e+14 98 46.0215 48 0.961833
1288 7.92282e+28 7.44869e+27 1.40737e+14 96 45.9336 47 0.947875
1289 7.92282e+28 7.08799e+27 7.03687e+13 96 45.5928 46 0.945397
1290 1.58456e+29 8.16907e+27 2.2518e+15 97 48.3154 51 0.993017
1291 3.16913e+29 8.84912e+27 1.1259e+15 98 47.8154 50 0.994288
1292 7.92282e+28 7.82392e+27 1.1259e+15 96 48.5547 50 1.00181
1293 3.16913e+29 1.01402e+28 4.5036e+15 98 49.0195 52 1.01637
1294 3.16913e+29 9.55588e+27 4.5036e+15 98 48.8574 52 0.999066
1295 7.92282e+28 7.9688e+27 5.6295e+14 96 46.8623 49 0.966774
1296 3.16913e+29 8.21665e+27 1.80144e+16 98 49.2236 54 1.01695
1297 7.92282e+28 7.40792e+27 2.2518e+15 96 48.0049 51 0.996126
1298 1.58456e+29 7.97947e+27 1.40737e+14 97 46.9863 47 0.970621
1299 1.58456e+29 7.6743e+27 5.6295e+14 97 46.8438 49 0.958936
1300 3.16913e+29 7.64543e+27 2.81475e+14 98 46.9482 48 0.96389
1301 1.58456e+29 8.41243e+27 1.1259e+15 97 47.6699 50 0.976341
1302 7.92282e+28 7.53254e+27 4.5036e+15 96 48.2334 52 0.993072
1303 3.16913e+29 7.82816e+27 2.2518e+15 98 47.6963 51 0.989013
1304 7.92282e+28 7.48235e+27 1.1259e+15 96 47.5088 50 0.975866
1305 7.92282e+28 8.42144e+27 4.5036e+15 96 47.9277 52 0.985641
1306 7.92282e+28 7.72201e+27 4.5036e+15 96 48.7695 52 0.999997
1307 3.16913e+29 9.06979e+27 2.2518e+15 98 48.0469 51 1.00096
1308 7.92282e+28 8.32137e+27 1.1259e+15 96 47.4648 50 0.97959
1309 7.92282e+28 9.19269e+27 9.0072e+15 96 48.3066 53 0.996653
1310 3.16913e+29 9.72093e+27 1.80144e+16 98 49.4131 54 1.01867
1311 7.92282e+28 8.12436e+27 1.80144e+16 96 49.1025 54 1.01455
1312 3.16913e+29 9.11733e+27 3.60288e+16 98 49.7012 55 1.0272
1313 7.92282e+28 8.69273e+27 3.60288e+16 96 50.0928 55 1.03231
1314 7.92282e+28 8.78382e+27 9.0072e+15 96 49.627 53 1.02174
1315 3.16913e+29 9.20352e+27 9.0072e+15 98 49.249 53 1.00819
1316 1.58456e+29 9.92929e+27 1.80144e+16 97 50.1562 54 1.03296
1317 7.92282e+28 9.04135e+27 3.60288e+16 96 49.9688 55 1.01504
1318 7.92282e+28 1.05382e+28 1.1259e+15 96 48.8057 50 0.998209
1319 7.92282e+28 1.04997e+28 2.8823e+17 96 51.8076 58 1.05721
1320 3.16913e+29 1.00242e+28 1.1259e+15 98 48.7842 50 1.00288
1321 7.92282e+28 1.12971e+28 1.80144e+16 96 49.6963 54 1.01143
1322 3.16913e+29 1.15529e+28 3.60288e+16 98 51.168 55 1.03215
1323 3.16913e+29 1.24002e+28 3.60288e+16 98 51.6621 55 1.04914
1324 7.92282e+28 1.1135e+28 1.80144e+16 96 50.1895 54 1.02129
1325 7.92282e+28 1.10476e+28 3.60288e+16 96 50.876 55 1.03521
1326 7.92282e+28 1.09592e+28 3.60288e+16 96 50.0879 55 1.02527
1327 3.16913e+29 1.14553e+28 3.60288e+16 98 50.7295 55 1.03156
1328 3.16913e+29 1.26986e+28 1.80144e+16 98 51.0615 54 1.06056
1329 3.16913e+29 1.12988e+28 9.0072e+15 98 49.9033 53 1.0401
1330 3.16913e+29 1.14888e+28 1.80144e+16 98 50.0195 54 1.02032
1331 7.92282e+28 1.20287e+28 3.60288e+16 96 52.0488 55 1.0556
1332 1.58456e+29 1.39779e+28 2.8823e+17 97 52.7568 58 1.06872
1333 7.92282e+28 1.15263e+28 1.15292e+18 96 52.4248 60 1.05742
1334 1.58456e+29 1.32713e+28 1.44115e+17 97 51.3457 57 1.03525
1335 7.92282e+28 1.25783e+28 7.20576e+16 96 52.2939 56 1.05133
1336 3.16913e+29 1.31612e+28 1.44115e+17 98 52.3252 57 1.0643
1337 7.92282e+28 1.20702e+28 2.8823e+17 96 52.501 58 1.06367
1338 7.92282e+28 1.15232e+28 1.44115e+17 96 51.1992 57 1.04513
1339 7.92282e+28 1.12549e+28 4.5036e+15 96 50.0029 52 1.00638
1340 7.92282e+28 1.14843e+28 1.80144e+16 96 50.4355 54 1.02458
1341 3.16913e+29 1.19628e+28 3.60288e+16 98 51.3535 55 1.03696
1342 3.16913e+29 1.45661e+28 2.8823e+17 98 53.5674 58 1.07529
1343 3.16913e+29 1.27205e+28 2.8823e+17 98 51.7051 58 1.04162
1344 1.58456e+29 1.26227e+28 5.76461e+17 97 53.0137 59 1.07472
1345 3.16913e+29 1.11396e+28 1.80144e+16 98 50.8555 54 1.03752
1346 7.92282e+28 1.37622e+28 1.44115e+17 96 52.8682 57 1.06913
1347 7.92282e+28 1.23996e+28 7.20576e+16 96 51.4551 56 1.04607
1348 7.92282e+28 1.15473e+28 1.44115e+17 96 51.8281 57 1.05603
1349 3.16913e+29 1.36696e+28 2.30584e+18 98 53.79 61 1.08662
1350 7.92282e+28 1.32696e+28 2.8823e+17 96 52.6279 58 1.06043
1351 3.16913e+29 1.37387e+28 2.8823e+17 98 52.8096 58 1.06656
1352 7.92282e+28 1.43409e+28 1.44115e+17 96 51.7988 57 1.04172
1353 1.58456e+29 1.26216e+28 5.76461e+17 97 52.9902 59 1.07016
1354 7.92282e+28 1.30257e+28 2.8823e+17 96 52.1582 58 1.04887
1355 3.16913e+29 1.44428e+28 2.8823e+17 98 53.4131 58 1.07901
1356 7.92282e+28 1.19552e+28 7.20576e+16 96 51.7881 56 1.06571
1357 3.16913e+29 1.30486e+28 5.76461e+17 98 52.5801 59 1.07779
1358 7.92282e+28 1.486e+28 1.15292e+18 96 53.2793 60 1.07021
1359 3.16913e+29 1.40112e+28 4.61169e+18 98 54.0918 62 1.08609
1360 3.16913e+29 1.38432e+28 5.76461e+17 98 53.6689 59 1.08182
1361 3.16913e+29 1.56223e+28 4.61169e+18 98 54.1885 62 1.09585
1362 3.16913e+29 1.42488e+28 2.8823e+17 98 52.7734 58 1.07256
1363 1.58456e+29 1.37492e+28 2.8823e+17 97 53.3486 58 1.06063
1364 3.16913e+29 1.44488e+28 3.60288e+16 98 51.877 55 1.05054
1365 3.16913e+29 1.37528e+28 5.76461e+17 98 53.5322 59 1.08088
1366 3.16913e+29 1.15185e+28 1.44115e+17 98 51.8379 57 1.04971
1367 7.92282e+28 1.25279e+28 2.8823e+17 96 52.5596 58 1.05828
1368 3.16913e+29 1.36444e+28 2.8823e+17 98 52.5166 58 1.07031
1369 3.16913e+29 1.31396e+28 2.8823e+17 98 53.0508 58 1.06986
1370 3.16913e+29 1.41986e+28 5.76461e+17 98 52.8877 59 1.0608
1371 3.16913e+29 1.45284e+28 2.30584e+18 98 54.1055 61 1.09516
1372 3.16913e+29 1.4373e+28 2.8823e+17 98 54.0576 58 1.09209
1373 7.92282e+28 1.46004e+28 9.22337e+18 96 54.2383 63 1.08541
1374 7.92282e+28 1.36022e+28 9.22337e+18 96 54.0439 63 1.09299
1375 3.16913e+29 1.40146e+28 2.8823e+17 98 52.3262 58 1.04814
1376 7.92282e+28 1.44401e+28 5.76461e+17 96 52.7217 59 1.06178
1377 3.16913e+29 1.62676e+28 1.84467e+19 98 55.7188 64 1.11745
1378 7.92282e+28 1.40409e+28 7.20576e+16 96 52.5918 56 1.05755
1379 7.92282e+28 1.45204e+28 5.76461e+17 96 53.4492 59 1.07583
1380 3.16913e+29 1.44157e+28 1.44115e+17 98 52.8652 57 1.06066
1381 3.16913e+29 1.45396e+28 5.76461e+17 98 52.8438 59 1.05733
1382 7.92282e+28 1.40731e+28 1.15292e+18 96 53.874 60 1.08338
1383 3.16913e+29 1.33263e+28 7.20576e+16 98 52.8906 56 1.07079
1384 3.16913e+29 1.57566e+28 1.15292e+18 98 53.7266 60 1.0702
1385 7.92282e+28 1.22737e+28 3.60288e+16 96 50.6807 55 1.01626
1386 7.92282e+28 1.5007e+28 2.30584e+18 96 55.248 61 1.11203
1387 7.92282e+28 1.56912e+28 4.61169e+18 96 54.6133 62 1.08375
1388 3.16913e+29 1.59067e+28 1.15292e+18 98 54.1279 60 1.08188
1389 3.16913e+29 1.49364e+28 2.8823e+17 98 52.3584 58 1.05434
1390 3.16913e+29 1.55519e+28 4.61169e+18 98 54.5176 62 1.08048
1391 3.16913e+29 1.66127e+28 4.61169e+18 98 54.8887 62 1.10249
1392 3.16913e+29 1.77651e+28 2.30584e+18 98 55.0234 61 1.10572
1393 1.58456e+29 1.62443e+28 3.68935e+19 97 56.0576 65 1.11092
1394 3.16913e+29 1.72564e+28 1.47574e+20 98 56.835 67 1.13918
1395 3.16913e+29 1.60837e+28 5.76461e+17 98 54.0938 59 1.08501
1396 3.16913e+29 1.61657e+28 4.61169e+18 98 54.7676 62 1.09559
1397 3.16913e+29 1.56779e+28 9.22337e+18 98 55.5674 63 1.1171
1398 1.58456e+29 1.56878e+28 5.76461e+17 97 53.665 59 1.06556
1399 7.92282e+28 1.46219e+28 7.20576e+16 96 52.9248 56 1.06778
1400 3.16913e+29 1.5745e+28 2.8823e+17 98 53.1279 58 1.06585
1401 3.16913e+29 1.5169e+28 1.44115e+17 98 53.8428 57 1.08813
1402 3.16913e+29 1.50886e+28 1.15292e+18 98 53.3818 60 1.07371
1403 3.16913e+29 1.63842e+28 5.76461e+17 98 54.584 59 1.08537
1404 7.92282e+28 1.64831e+28 2.30584e+18 96 53.9072 61 1.07226
1405 7.92282e+28 1.71061e+28 2.30584e+18 96 54.9248 61 1.0883
1406 7.92282e+28 1.56683e+28 9.22337e+18 96 55.6445 63 1.11206
1407 3.16913e+29 1.7413e+28 4.61169e+18 98 54.7891 62 1.08729
1408 3.16913e+29 1.70803e+28 2.30584e+18 98 54.4668 61 1.08903
1409 3.16913e+29 1.68395e+28 3.68935e+19 98 55.7422 65 1.10555
1410 7.92282e+28 1.65868e+28 4.61169e+18 96 54.501 62 1.08616
1411 3.16913e+29 1.74594e+28 5.76461e+17 98 54.4453 59 1.08828
1412 7.92282e+28 1.70649e+28 1.84467e+19 96 55.1826 64 1.09523
1413 3.16913e+29 1.63946e+28 9.22337e+18 98 54.833 63 1.09149
1414 3.16913e+29 1.60112e+28 4.61169e+18 98 53.6973 62 1.07529
1415 7.92282e+28 1.75012e+28 9.22337e+18 96 55.4131 63 1.10052
1416 3.16913e+29 1.67086e+28 1.84467e+19 98 55.8369 64 1.11625
1417 3.16913e+29 1.75285e+28 2.8823e+17 98 53.4658 58 1.0601
1418 3.16913e+29 1.61137e+28 9.22337e+18 98 55.3516 63 1.10053
1419 3.16913e+29 1.81164e+28 7.3787e+19 98 55.4102 66 1.09151
1420 7.92282e+28 1.70754e+28 1.15292e+18 96 55.0996 60 1.09688
1421 3.16913e+29 1.68678e+28 5.76461e+17 98 53.7334 59 1.08059
1422 3.16913e+29 1.66476e+28 1.84467e+19 98 55.7207 64 1.10364
1423 1.58456e+29 1.58803e+28 4.61169e+18 97 55.1865 62 1.09839
1424 7.92282e+28 1.65653e+28 9.22337e+18 96 55.0352 63 1.10919
1425 3.16913e+29 1.92112e+28 1.84467e+19 98 56.7285 64 1.13087
1426 7.92282e+28 1.65195e+28 3.68935e+19 96 55.7061 65 1.11371
1427 3.16913e+29 1.69509e+28 1.84467e+19 98 55.7998 64 1.1185
1428 3.16913e+29 1.66978e+28 5.76461e+17 98 53.8311 59 1.06463
1429 3.16913e+29 1.67773e+28 3.68935e+19 98 56.5469 65 1.12678
1430 3.16913e+29 1.68998e+28 1.15292e+18 98 54.8945 60 1.0913
1431 3.16913e+29 1.78212e+28 2.30584e+18 98 54.7188 61 1.08979
1432 3.16913e+29 1.84976e+28 3.68935e+19 98 56.3096 65 1.11832
1433 1.58456e+29 1.7411e+28 7.3787e+19 97 55.7285 66 1.10899
1434 3.16913e+29 1.83e+28 1.84467e+19 98 56.041 64 1.1109
1435 7.92282e+28 1.75139e+28 7.3787e+19 96 56.2295 66 1.11911
1436 3.16913e+29 1.68588e+28 4.61169e+18 98 55.1943 62 1.09912
1437 7.92282e+28 1.65335e+28 9.22337e+18 96 55.2637 63 1.10323
1438 3.16913e+29 1.75577e+28 3.68935e+19 98 56.6201 65 1.12379
1439 3.16913e+29 1.96455e+28 3.68935e+19 98 56.207 65 1.11567
1440 3.16913e+29 1.98641e+28 2.95148e+20 98 57.8389 68 1.15341
1441 3.16913e+29 2.00617e+28 7.3787e+19 98 56.7021 66 1.12247
1442 7.92282e+28 1.76815e+28 3.68935e+19 96 55.5186 65 1.10812
1443 3.16913e+29 1.96921e+28 2.95148e+20 98 57.1621 68 1.13095
1444 3.16913e+29 1.84627e+28 7.3787e+19 98 55.7373 66 1.10492
1445 7.92282e+28 1.9222e+28 1.84467e+19 96 56.0732 64 1.10357
1446 7.92282e+28 1.95686e+28 3.68935e+19 96 56.4834 65 1.12203
1447 7.92282e+28 1.83469e+28 1.84467e+19 96 55.9219 64 1.11471
1448 3.16913e+29 1.90745e+28 9.22337e+18 98 55.0234 63 1.09294
1449 3.16913e+29 1.66714e+28 1.84467e+19 98 54.8096 64 1.10054
1450 3.16913e+29 1.90185e+28 1.84467e+19 98 55.8975 64 1.11138
1451 3.16913e+29 1.79615e+28 7.3787e+19 98 55.875 66 1.11036
1452 3.16913e+29 1.91878e+28 7.3787e+19 98 56.5029 66 1.13809
1453 3.16913e+29 1.79951e+28 2.95148e+20 98 57.9854 68 1.15152
1454 7.92282e+28 1.91406e+28 3.68935e+19 96 55.7588 65 1.10939
1455 3.16913e+29 1.75307e+28 2.30584e+18 98 54.4268 61 1.08645
1456 1.58456e+29 1.60208e+28 5.76461e+17 97 53.5107 59 1.0674
1457 1.58456e+29 1.828e+28 9.22337e+18 97 55.8652 63 1.1144
1458 3.16913e+29 1.94446e+28 2.95148e+20 98 57.9014 68 1.13825
1459 7.92282e+28 1.96994e+28 2.95148e+20 96 57.3535 68 1.13191
1460 3.16913e+29 2.07608e+28 7.3787e+19 98 57.0127 66 1.12801
1461 3.16913e+29 1.96964e+28 2.95148e+20 98 57.4189 68 1.13901
1462 3.16913e+29 2.00307e+28 7.3787e+19 98 56.3066 66 1.11448
1463 3.16913e+29 2.08233e+28 2.95148e+20 98 57.2266 68 1.13514
1464 3.16913e+29 1.98477e+28 1.47574e+20 98 56.9795 67 1.13012
1465 3.16913e+29 1.98508e+28 1.47574e+20 98 57.5098 67 1.13487
1466 3.16913e+29 1.76856e+28 9.22337e+18 98 53.9971 63 1.07719
1467 3.16913e+29 1.8953e+28 1.84467e+19 98 55.2129 64 1.09949
1468 3.16913e+29 1.75414e+28 4.61169e+18 98 55.6699 62 1.10861
1469 3.16913e+29 2.04958e+28 1.84467e+19 98 55.1396 64 1.08936
1470 3.16913e+29 1.78701e+28 4.61169e+18 98 54.9502 62 1.09525
1471 3.16913e+29 1.86694e+28 2.95148e+20 98 57.334 68 1.14859
1472 7.92282e+28 1.79723e+28 9.22337e+18 96 55.2393 63 1.103
1473 3.16913e+29 1.83688e+28 1.47574e+20 98 56.5195 67 1.12269
1474 7.92282e+28 1.91176e+28 7.3787e+19 96 55.8936 66 1.108
1475 3.16913e+29 1.89443e+28 1.47574e+20 98 56.6338 67 1.12372
1476 3.16913e+29 2.04265e+28 1.18059e+21 98 57.5469 70 1.13635
1477 3.16913e+29 2.01099e+28 7.3787e+19 98 56.4844 66 1.118
1478 3.16913e+29 1.77243e+28 3.68935e+19 98 55.916 65 1.11541
1479 7.92282e+28 1.88625e+28 5.90296e+20 96 57.0723 69 1.14593
1480 3.16913e+29 2.05026e+28 1.18059e+21 98 57.6318 70 1.14474
1481 3.16913e+29 2.08456e+28 2.95148e+20 98 57.29 68 1.13268
1482 3.16913e+29 1.976e+28 2.95148e+20 98 56.6807 68 1.11956
1483 1.58456e+29 1.91568e+28 4.61169e+18 97 55.3164 62 1.10389
1484 7.92282e+28 1.7104e+28 7.3787e+19 96 55.7832 66 1.10856
1485 3.16913e+29 1.83202e+28 1.84467e+19 98 55.1074 64 1.10537
1486 3.16913e+29 1.91809e+28 7.3787e+19 98 55.3516 66 1.10041
1487 3.16913e+29 1.88971e+28 7.3787e+19 98 56.1494 66 1.12795
1488 3.16913e+29 2.01177e+28 2.95148e+20 98 57.2119 68 1.12768
1489 3.16913e+29 1.98897e+28 1.47574e+20 98 56.6924 67 1.12097
1490 3.16913e+29 2.07326e+28 5.90296e+20 98 57.7578 69 1.13672
1491 3.16913e+29 2.15777e+28 4.72237e+21 98 59.1885 72 1.16634
1492 3.16913e+29 2.00061e+28 7.3787e+19 98 56.0439 66 1.10319
1493 3.16913e+29 2.20079e+28 7.3787e+19 98 56.4619 66 1.11108
1494 3.16913e+29 2.16307e+28 5.90296e+20 98 57.6387 69 1.13863
1495 1.58456e+29 2.02724e+28 2.95148e+20 97 56.3271 68 1.11596
1496 3.16913e+29 1.96106e+28 5.90296e+20 98 56.1562 69 1.12109
1497 1.58456e+29 2.20629e+28 5.90296e+20 97 58.0068 69 1.15198
1498 3.16913e+29 2.11022e+28 2.36118e+21 98 57.0449 71 1.12841
1499 3.16913e+29 2.07191e+28 1.47574e+20 98 56.6514 67 1.12341
