50.4492
0 109.275 7.72798 4 1 0.0361328 0 0.00493027
1 434.639 8.62041 4 2 0.0390625 0 0.00451275
2 434.818 9.09473 5 2 0.0429688 0 0.00453648
3 109.829 8.8185 5 1 0.0410156 0 0.00455486
4 435.117 9.83596 5 2 0.0458984 0 0.00455495
5 434.902 9.1901 5 2 0.0419922 0 0.0045343
6 435.151 9.7176 5 2 0.0429688 0 0.00455127
7 435.117 9.1669 5 2 0.0419922 0 0.00453396
8 1011.31 10.3994 5 3 0.046875 0 0.0046147
9 435.151 11.5212 5 2 0.0517578 0 0.00466439
10 435.151 12.9164 6 2 0.0673828 0 0.00463595
11 111.425 10.3527 5 1 0.0498047 0 0.0047837
12 434.818 10.8075 6 2 0.0507812 0 0.004627
13 435.053 10.8292 6 2 0.0517578 0 0.00463475
14 109.829 9.93998 6 1 0.0458984 0 0.00467507
15 109.829 10.4453 6 1 0.0507812 0 0.00462504
16 435.053 10.9005 6 2 0.046875 0 0.00470829
17 434.954 11.9766 6 2 0.0595703 0 0.00473757
18 110.371 10.9512 6 1 0.0546875 0 0.00467251
19 435.149 11.4437 6 2 0.0537109 0 0.00476365
20 1011.31 10.7329 6 3 0.0458984 0 0.00470832
21 435.151 12.6568 6 2 0.0625 0 0.00471867
22 435.127 11.9812 6 2 0.0595703 0 0.00466215
23 434.639 11.3525 6 2 0.0537109 0 0.00491873
24 435.117 13.0552 6 2 0.0654297 0 0.00471468
25 435.117 12.0838 6 2 0.0585938 0 0.00465422
26 434.639 11.5558 6 2 0.0585938 0 0.0046955
27 435.149 10.8178 6 2 0.0458984 0 0.00476288
28 435.127 11.2066 6 2 0.0517578 0 0.00477429
29 435.117 11.6986 6 2 0.0537109 0 0.00469087
30 435.149 12.8421 6 2 0.0605469 0 0.00466345
31 435.151 11.6352 6 2 0.0527344 0 0.00475423
32 435.151 13.7033 6 2 0.0673828 0 0.00480307
33 434.954 11.179 6 2 0.0498047 0 0.00470399
34 435.127 12.0972 6 2 0.0546875 0 0.00512445
35 434.412 12.7045 6 2 0.0625 0 0.00483718
36 435.053 12.1885 6 2 0.0595703 0 0.00484257
37 435.151 11.979 6 2 0.0566406 0 0.00474892
38 435.151 13.6606 6 2 0.0683594 0 0.00483315
39 435.149 14.0537 6 2 0.0703125 0 0.00465212
40 435.127 14.8136 6 2 0.078125 0 0.0047558
41 435.127 12.8875 6 2 0.0615234 0 0.00471875
42 435.127 12.3208 6 2 0.0625 0 0.0047087
43 435.151 14.6601 6 2 0.0761719 0 0.00481995
44 434.129 13.5154 6 2 0.0712891 0 0.00486469
45 435.149 15.1252 6 2 0.0712891 0 0.00484927
46 435.151 14.8976 7 2 0.0751953 0 0.00481791
47 435.127 14.4433 7 2 0.0771484 0 0.00483511
48 110.903 13.6288 6 1 0.0742188 0 0.00483337
49 435.151 12.9688 6 2 0.0644531 0 0.00478427
50 434.818 13.793 7 2 0.0703125 0 0.00484805
51 435.127 13.939 7 2 0.0664062 0 0.0048056
52 1009.59 16.5748 7 3 0.0800781 0 0.00480503
53 435.076 13.8941 7 2 0.0722656 0 0.00483774
54 435.151 14.6959 7 2 0.0722656 0 0.00482017
55 435.053 12.2968 7 2 0.0576172 0 0.0048428
56 435.149 15.4032 7 2 0.0791016 0 0.004926
57 1010.21 14.6376 7 3 0.0712891 0 0.00500898
58 1007.46 15.0177 7 3 0.0732422 0 0.00632065
59 435.149 12.9982 7 2 0.0615234 0 0.006272
60 435.117 15.3329 7 2 0.0810547 0 0.00639638
61 435.127 14.2165 7 2 0.0693359 0 0.00508409
62 435.127 14.4231 7 2 0.0722656 0 0.00497071
63 435.149 14.3449 7 2 0.0664062 0 0.00499532
64 434.954 14.7938 8 2 0.0761719 0 0.00502159
65 435.053 14.6502 8 2 0.0722656 0 0.0051982
66 435.151 14.903 8 2 0.0742188 0 0.0050451
67 435.151 14.841 8 2 0.0683594 0 0.00505352
68 435.127 16.4216 8 2 0.0869141 0 0.00502847
69 1008.92 18.8212 8 3 0.0976562 0 0.00514329
70 435.151 16.5716 8 2 0.0878906 0 0.00514213
71 435.151 17.1835 8 2 0.0869141 0 0.00507457
72 435.127 16.2367 8 2 0.0830078 0 0.00508048
73 1008.92 19.3612 8 3 0.103516 0 0.00504336
74 435.151 18.4636 8 2 0.104492 0 0.00522799
75 435.127 17.2164 8 2 0.0888672 0 0.0053346
76 435.127 17.5939 8 2 0.0966797 0 0.00507043
77 435.149 18.5318 8 2 0.0996094 0 0.00510326
78 1011.31 19.1559 8 3 0.101562 0 0.00493775
79 435.151 17.9529 8 2 0.0917969 0 0.00502435
80 1011.31 18.9354 8 3 0.103516 0 0.00498566
81 435.117 16.0208 8 2 0.0771484 0 0.00495523
82 435.149 19.1493 8 2 0.104492 0 0.00502281
83 435.151 20.5043 8 2 0.117188 0 0.00511104
84 435.151 19.0527 8 2 0.106445 0 0.00500637
85 435.151 19.4887 8 2 0.106445 0 0.00504984
86 1008.92 20.1934 8 3 0.113281 0 0.00508725
87 435.151 19.0277 9 2 0.0976562 0 0.00504778
88 435.149 20.9457 9 2 0.125977 0 0.00508752
89 435.149 20.5155 9 2 0.109375 0 0.00504615
90 1010.21 22.2873 9 3 0.12793 0 0.00501956
91 435.149 19.7924 9 2 0.108398 0 0.00504438
92 435.151 20.4511 9 2 0.109375 0 0.0051174
93 435.149 19.1117 9 2 0.0996094 0 0.00504115
94 435.149 20.5896 9 2 0.109375 0 0.00505665
95 435.127 23.771 9 2 0.138672 0 0.00508578
96 435.127 21.5249 9 2 0.117188 0 0.00512186
97 435.151 23.0403 9 2 0.12793 0 0.0050015
98 1010.21 23.0823 9 3 0.12793 0 0.00511468
99 1008.92 22.1051 9 3 0.120117 0 0.00514247
100 435.151 20.9179 9 2 0.12207 0 0.0050445
101 1008.92 24.1251 9 3 0.131836 0 0.00505987
102 435.151 22.1364 9 2 0.120117 0 0.00504072
103 435.127 20.6223 9 2 0.116211 0 0.00508089
104 435.149 25.0479 9 2 0.144531 0 0.00511167
105 435.151 21.4566 9 2 0.120117 0 0.00507057
106 1008.92 25.8511 9 3 0.151367 0 0.0051161
107 435.149 23.6737 9 2 0.134766 0 0.00507894
108 435.151 24.3035 9 2 0.143555 0 0.00509559
109 435.151 21.8438 9 2 0.125977 0 0.00504837
110 435.151 27.4674 9 2 0.166016 0 0.00510548
111 1011.31 26.6111 9 3 0.149414 0 0.00513529
112 1008.92 25.6056 9 3 0.149414 0 0.00509965
113 435.149 22.9513 9 2 0.133789 0 0.00519671
114 435.151 23.1666 9 2 0.138672 0 0.00515366
115 435.127 24.4482 9 2 0.147461 0 0.00523746
116 1011.31 27.1498 9 3 0.160156 0 0.00510648
117 1845.26 29.6448 9 4 0.171875 0 0.00508767
118 1010.21 27.7385 9 3 0.15625 0 0.00519359
119 435.149 27.7181 9 2 0.165039 0 0.00516434
120 435.151 32.385 9 2 0.198242 0 0.00515183
121 435.151 29.9069 9 2 0.202148 0 0.00512514
122 1011.31 32.1964 9 3 0.189453 0 0.00518849
123 435.151 31.0248 9 2 0.188477 0 0.00515605
124 1011.31 34.5671 9 3 0.213867 0 0.00511674
125 1008.92 33.1111 9 3 0.207031 0 0.00511321
126 435.151 33.8716 9 2 0.217773 0 0.00520991
127 1008.92 36.1679 9 3 0.226562 0 0.0051903
128 1008.92 33.0353 9 3 0.206055 0 0.00513668
129 435.151 33.4087 9 2 0.212891 0 0.00515604
130 1011.31 33.4755 9 3 0.207031 0 0.00516331
131 1010.79 33.7013 9 3 0.213867 0 0.00522532
132 1011.78 35.5822 9 3 0.21875 0 0.00516938
133 1010.21 36.5267 10 3 0.231445 0 0.00528122
134 435.149 36.2273 9 2 0.232422 0 0.00522098
135 1008.21 33.2102 9 3 0.214844 0 0.00522933
136 1011.78 34.9692 9 3 0.217773 0 0.00533358
137 1008.92 35.254 9 3 0.212891 0 0.00519256
138 1008.92 33.8006 9 3 0.222656 0 0.00520309
139 1008.92 37.8129 9 3 0.234375 0 0.00524667
140 435.151 33.6076 9 2 0.220703 0 0.00521396
141 1010.21 39.0845 9 3 0.244141 0 0.00518979
142 1009.59 36.7214 9 3 0.216797 0 0.00524521
143 435.151 37.8493 9 2 0.24707 0 0.00524425
144 1008.92 38.5122 9 3 0.238281 0 0.00526932
145 1008.92 35.9483 9 3 0.228516 0 0.0051373
146 435.151 37.4868 9 2 0.246094 0 0.0053531
147 1008.92 39.2277 9 3 0.238281 0 0.00520957
148 1009.59 38.4591 10 3 0.239258 0 0.00525458
149 1003.18 37.8627 10 3 0.242188 0 0.0053495
150 435.151 40.8938 10 2 0.262695 0 0.00531431
151 1011.31 39.9277 10 3 0.25293 0 0.00541525
152 1008.92 40.2753 9 3 0.256836 0 0.00525377
153 1008.92 38.3099 10 3 0.249023 0 0.005236
154 1011.78 39.7525 9 3 0.25 0 0.00532424
155 1012.52 44.8794 10 3 0.270508 0 0.00527412
156 1008.92 39.2477 9 3 0.242188 0 0.00539865
157 435.151 38.5266 10 2 0.25293 0 0.00524989
158 1010.21 39.8693 9 3 0.259766 0 0.00514643
159 435.151 37.6569 10 2 0.257812 0 0.00535942
160 1011.31 41.9666 10 3 0.265625 0 0.00530111
161 1008.92 42.0131 10 3 0.277344 0 0.00526853
162 1011.31 46.2147 10 3 0.299805 0 0.0052068
163 1008.92 41.9605 10 3 0.269531 0 0.00536815
164 1011.31 45.2392 11 3 0.280273 0 0.00523439
165 435.151 38.7917 11 2 0.264648 0 0.00524233
166 435.151 37.5732 10 2 0.250977 0 0.00528681
167 435.151 40.5161 10 2 0.266602 0 0.00518335
168 1008.92 39.6369 10 3 0.262695 0 0.0053219
169 435.151 44.3341 11 2 0.292969 0 0.00522697
170 1008.92 42.5542 11 3 0.279297 0 0.00526679
171 1008.92 41.2152 11 3 0.272461 0 0.00526293
172 1011.31 46.8221 12 3 0.299805 0 0.00532441
173 1843.9 50.5393 11 4 0.313477 0 0.00530127
174 435.151 45.0933 11 2 0.290039 0 0.0054094
175 435.151 45.0594 11 2 0.290039 0 0.00530447
176 1008.92 41.8799 11 3 0.271484 0 0.00539416
177 1011.31 43.3061 11 3 0.286133 0 0.00526788
178 1008.92 44.0582 11 3 0.272461 0 0.00532731
179 435.151 40.0736 10 2 0.257812 0 0.00523468
180 1010.21 45.8908 11 3 0.295898 0 0.00528095
181 435.151 42.8503 11 2 0.290039 0 0.00526554
182 1011.31 44.5815 11 3 0.291016 0 0.00522753
183 1009.59 41.2777 11 3 0.274414 0 0.00524913
184 1011.31 45.9608 12 3 0.292969 0 0.00523432
185 1011.31 48.5933 12 3 0.308594 0 0.00524723
186 1008.92 45.2704 11 3 0.294922 0 0.0053347
187 1011.31 46.193 11 3 0.298828 0 0.00526676
188 1008.92 50.2719 11 3 0.323242 0 0.00529071
189 1008.92 46.198 11 3 0.307617 0 0.0052524
190 1008.92 46.1222 12 3 0.299805 0 0.005334
191 1011.78 50.0512 11 3 0.301758 0 0.00529136
192 1008.92 44.2146 11 3 0.292969 0 0.00532806
193 1009.59 46.1706 10 3 0.296875 0 0.00522366
194 435.151 46.27 11 2 0.301758 0 0.00534825
195 435.151 45.2215 12 2 0.301758 0 0.00536496
196 1008.92 43.6906 11 3 0.286133 0 0.00531693
197 1010.21 45.0738 12 3 0.301758 0 0.00528106
198 435.151 43.7871 11 2 0.288086 0 0.00523111
199 1011.31 45.1934 11 3 0.293945 0 0.00522011
200 1011.31 48.1195 11 3 0.3125 0 0.00526918
201 1011.31 49.4266 12 3 0.321289 0 0.00531688
202 435.151 43.5878 11 2 0.271484 0 0.00528345
203 1009.59 49.2037 11 3 0.308594 0 0.00533823
204 435.151 42.5902 10 2 0.27832 0 0.00538103
205 1010.21 44.8961 12 3 0.28418 0 0.00543522
206 435.151 44.4204 12 2 0.286133 0 0.00536293
207 435.151 43.8206 12 2 0.296875 0 0.00524988
208 1010.21 47.7162 12 3 0.310547 0 0.00531056
209 435.151 47.2479 12 2 0.316406 0 0.00523007
210 1008.92 45.8719 12 3 0.297852 0 0.00529739
211 1008.92 49.8458 13 3 0.323242 0 0.00535166
212 1011.31 47.1266 12 3 0.306641 0 0.00531351
213 435.151 45.1645 12 2 0.301758 0 0.00531024
214 1008.92 45.5157 11 3 0.291016 0 0.00534435
215 1008.92 48.5139 12 3 0.321289 0 0.00530854
216 1843.9 50.4572 10 4 0.307617 0 0.00529341
217 1008.92 45.6835 12 3 0.298828 0 0.00530775
218 1009.59 45.1964 12 3 0.283203 0 0.00532781
219 1008.92 44.933 12 3 0.287109 0 0.00526693
220 1011.31 44.742 12 3 0.306641 0 0.00533363
221 1008.92 48.5325 12 3 0.31543 0 0.00526963
222 1008.92 45.5595 12 3 0.317383 0 0.00529362
223 435.151 50.4394 12 2 0.336914 0 0.00529877
224 1008.92 47.4578 12 3 0.311523 0 0.0053653
225 435.151 49.7487 12 2 0.326172 0 0.00536491
226 1011.31 44.7496 12 3 0.297852 0 0.00530986
227 435.151 45.2417 12 2 0.302734 0 0.00527136
228 435.151 47.8128 11 2 0.310547 0 0.00534013
229 1011.31 49.5789 12 3 0.332031 0 0.00530437
230 1008.92 47.1411 12 3 0.310547 0 0.00527499
231 435.151 47.0598 13 2 0.331055 0 0.00532147
232 1008.92 44.2814 12 3 0.30957 0 0.0053596
233 1009.59 50.6407 13 3 0.326172 0 0.00531649
234 1008.92 44.3044 12 3 0.285156 0 0.00551553
235 435.151 45.7231 12 2 0.299805 0 0.00530924
236 1008.92 48.9936 12 3 0.318359 0 0.00529281
237 1008.92 48.4812 13 3 0.324219 0 0.00536314
238 1008.92 47.7916 13 3 0.308594 0 0.00539618
239 1011.31 49.9492 12 3 0.304688 0 0.00549667
240 1008.92 51.3237 13 3 0.34375 0 0.0053107
241 1843.9 49.1913 12 4 0.316406 0 0.00528236
242 1008.92 48.0669 12 3 0.320312 0 0.00528624
243 1008.92 46.8399 13 3 0.30957 0 0.00530059
244 1011.31 49.7661 12 3 0.319336 0 0.00533123
245 1011.78 49.171 12 3 0.321289 0 0.00531607
246 1008.92 46.0208 12 3 0.302734 0 0.00531117
247 1008.92 45.0486 12 3 0.295898 0 0.0053482
248 1011.31 44.7551 12 3 0.286133 0 0.00542432
249 1009.59 46.2551 12 3 0.290039 0 0.00534306
250 435.151 44.392 13 2 0.302734 0 0.00533368
251 1010.79 42.9074 12 3 0.288086 0 0.00535139
252 1008.92 53.7843 12 3 0.333008 0 0.00538697
253 1008.92 48.5532 12 3 0.316406 0 0.00531213
254 435.151 42.9413 13 2 0.290039 0 0.00533868
255 1008.92 44.773 10 3 0.292969 0 0.00529503
256 1008.92 47.6273 12 3 0.297852 0 0.00530141
257 1011.31 46.5932 13 3 0.306641 0 0.00533477
258 1008.92 44.8793 13 3 0.306641 0 0.00540599
259 1009.59 50.8342 13 3 0.327148 0 0.00533959
260 1008.92 49.5305 13 3 0.317383 0 0.00535704
261 435.149 50.4798 13 2 0.336914 0 0.00530875
262 1008.92 53.4116 13 3 0.342773 0 0.00534067
263 435.151 46.8126 13 2 0.310547 0 0.00538803
264 435.151 44.3081 13 2 0.306641 0 0.00535079
265 1011.31 52.7293 13 3 0.34375 0 0.00536927
266 1011.31 53.1701 13 3 0.323242 0 0.00531505
267 1008.92 51.7483 13 3 0.322266 0 0.00534059
268 1010.21 51.878 13 3 0.332031 0 0.00535003
269 435.151 44.8195 12 2 0.301758 0 0.00525103
270 1843.9 51.7933 12 4 0.325195 0 0.00538569
271 1008.92 51.4602 13 3 0.327148 0 0.00539763
272 435.151 46.3684 13 2 0.30957 0 0.0053607
273 1008.92 48.2959 13 3 0.325195 0 0.00571375
274 1009.59 49.1193 13 3 0.313477 0 0.00562885
275 1011.31 47.6108 13 3 0.307617 0 0.00560396
276 1011.31 46.9996 13 3 0.314453 0 0.00570452
277 1011.31 44.6222 13 3 0.293945 0 0.0055934
278 1009.59 54.7498 13 3 0.344727 0 0.00536417
279 1011.31 47.4829 13 3 0.311523 0 0.00535687
280 1008.92 48.8985 13 3 0.326172 0 0.00541425
281 1009.59 52.4063 13 3 0.339844 0 0.00540647
282 1010.21 51.1083 13 3 0.334961 0 0.00559807
283 1008.92 53.1778 13 3 0.358398 0 0.0053444
284 1011.31 52.2134 13 3 0.333008 0 0.0052938
285 1010.21 48.5456 13 3 0.321289 0 0.0053259
286 1009.59 46.9933 13 3 0.306641 0 0.00543062
287 1843.9 53.7488 13 4 0.328125 0 0.00537791
288 1008.92 50.6587 13 3 0.333008 0 0.00538935
289 1008.92 49.5677 13 3 0.321289 0 0.00541898
290 1011.31 54.9761 13 3 0.349609 0 0.005615
291 435.151 48.798 13 2 0.330078 0 0.00539205
292 1011.31 46.4813 13 3 0.306641 0 0.00534286
293 1008.92 50.9866 13 3 0.332031 0 0.00533148
294 1008.92 51.3099 13 3 0.328125 0 0.00539125
295 1009.59 53.1033 13 3 0.333008 0 0.00535898
296 1008.92 49.0992 13 3 0.313477 0 0.00541046
297 435.151 41.8904 13 2 0.280273 0 0.00532859
298 1008.92 53.6774 13 3 0.34668 0 0.00540191
299 435.151 56.0341 13 2 0.367188 0 0.00534971
300 1010.21 50.61 13 3 0.331055 0 0.00528716
301 1008.92 48.6213 13 3 0.306641 0 0.00542188
302 1008.92 52.0975 13 3 0.344727 0 0.00544729
303 435.149 46.417 13 2 0.30957 0 0.00543042
304 1008.92 51.5156 13 3 0.333984 0 0.00535172
305 435.151 51.1017 13 2 0.334961 0 0.00533462
306 1009.59 54.0307 13 3 0.34668 0 0.00536682
307 1841.02 56.2961 13 4 0.355469 0 0.00543936
308 435.151 47.0057 13 2 0.313477 0 0.00550201
309 1008.92 54.2141 13 3 0.354492 0 0.00538289
310 435.151 50.8328 13 2 0.332031 0 0.00531292
311 1843.9 58.1788 13 4 0.362305 0 0.00537703
312 435.151 52.9162 13 2 0.345703 0 0.00539051
313 1008.92 50.1715 13 3 0.318359 0 0.0054277
314 1011.78 48.2699 13 3 0.319336 0 0.00530264
315 1008.92 45.1431 12 3 0.300781 0 0.00531079
316 1008.92 49.9252 13 3 0.320312 0 0.00535406
317 1008.92 54.5898 13 3 0.342773 0 0.00537162
318 1008.92 49.5251 13 3 0.325195 0 0.00542099
319 435.151 50.7346 13 2 0.344727 0 0.00538575
320 1004.99 52.3098 13 3 0.354492 0 0.00542413
321 1008.92 52.1528 13 3 0.329102 0 0.0054
322 1008.92 52.4817 13 3 0.34375 0 0.00542365
323 1008.92 50.7476 13 3 0.337891 0 0.00536819
324 1011.31 56.1418 13 3 0.364258 0 0.00536166
325 1011.31 50.3203 13 3 0.326172 0 0.00537349
326 1011.31 55.7845 13 3 0.34668 0 0.00535236
327 1011.31 57.7615 13 3 0.362305 0 0.00536611
328 1008.92 56.2607 13 3 0.364258 0 0.00536416
329 1843.9 51.7718 13 4 0.324219 0 0.00535474
330 1843.9 53.3157 13 4 0.353516 0 0.00538018
331 1011.31 49.4852 13 3 0.313477 0 0.0053723
332 1008.92 52.2048 13 3 0.337891 0 0.00537526
333 1008.92 49.0739 13 3 0.321289 0 0.00551796
334 1846.55 51.9211 13 4 0.328125 0 0.00539752
335 1011.31 54.325 13 3 0.351562 0 0.00538823
336 1008.92 53.1089 13 3 0.338867 0 0.00532733
337 1008.92 52.2502 13 3 0.339844 0 0.00541792
338 1011.31 53.9826 13 3 0.347656 0 0.00540377
339 1009.59 53.6715 13 3 0.345703 0 0.00543528
340 1008.92 49.2557 13 3 0.3125 0 0.00537554
341 435.151 55.234 13 2 0.361328 0 0.00544487
342 435.151 47.6759 13 2 0.318359 0 0.00538241
343 1009.59 58.5906 13 3 0.382812 0 0.00541099
344 1009.59 48.0828 13 3 0.322266 0 0.00536295
345 1011.31 52.4561 13 3 0.34082 0 0.00535691
346 1011.31 52.1625 13 3 0.329102 0 0.00535309
347 1008.92 50.1493 13 3 0.31543 0 0.00537894
348 1008.92 55.0289 13 3 0.363281 0 0.00541262
349 1008.92 45.9704 13 3 0.302734 0 0.00533051
350 1008.92 51.5737 13 3 0.333008 0 0.00535082
351 1011.31 49.0013 13 3 0.320312 0 0.00539493
352 435.151 44.5885 13 2 0.305664 0 0.00536173
353 1008.92 52.1581 13 3 0.330078 0 0.00538728
354 1010.79 55.9813 13 3 0.351562 0 0.00533863
355 1008.92 55.4341 13 3 0.353516 0 0.00540473
356 1011.31 52.4081 13 3 0.341797 0 0.00538558
357 1011.31 52.6616 13 3 0.347656 0 0.00540842
358 435.151 48.6125 13 2 0.322266 0 0.00541288
359 1008.92 57.6487 13 3 0.367188 0 0.005388
360 1845.26 51.6482 13 4 0.341797 0 0.00539051
361 435.151 45.6142 13 2 0.300781 0 0.00539819
362 1011.31 52.2824 13 3 0.34082 0 0.00538381
363 1008.92 49.3455 13 3 0.321289 0 0.00535455
364 1011.31 51.0066 13 3 0.332031 0 0.00538666
365 1011.31 50.7374 13 3 0.323242 0 0.00537155
366 1008.92 50.0815 13 3 0.335938 0 0.00536878
367 1008.92 50.3785 13 3 0.34082 0 0.00539988
368 435.151 51.1665 13 2 0.338867 0 0.00539896
369 435.151 51.1667 13 2 0.332031 0 0.00533616
370 1008.92 47.2872 13 3 0.314453 0 0.00530123
371 1009.59 48.82 13 3 0.327148 0 0.00535979
372 1008.92 51.3882 13 3 0.333984 0 0.00536902
373 1008.92 48.3122 13 3 0.317383 0 0.00534322
374 1008.92 50.8215 13 3 0.328125 0 0.00539844
375 1011.31 57.0489 13 3 0.365234 0 0.00535677
376 1008.92 56.3274 13 3 0.350586 0 0.00541937
377 1008.92 51.5941 13 3 0.334961 0 0.00538223
378 1008.92 53.0613 13 3 0.334961 0 0.005399
379 1011.31 52.8501 13 3 0.339844 0 0.00537381
380 1008.92 55.7281 13 3 0.358398 0 0.00536088
381 435.151 53.5037 13 2 0.335938 0 0.00537553
382 1011.31 54.7666 13 3 0.341797 0 0.00531433
383 1008.92 49.0949 13 3 0.326172 0 0.00536627
384 1008.92 51.6017 13 3 0.352539 0 0.00535495
385 1008.92 48.0439 13 3 0.307617 0 0.00533112
386 1011.31 55.7697 13 3 0.355469 0 0.0055395
387 1008.92 51.9584 13 3 0.342773 0 0.00536644
388 1008.92 51.302 13 3 0.328125 0 0.00540201
389 1009.59 46.2763 13 3 0.317383 0 0.0053903
390 435.127 47.0614 13 2 0.308594 0 0.00535672
391 1008.92 49.5449 13 3 0.317383 0 0.00533783
392 1008.92 48.6602 13 3 0.313477 0 0.00535239
393 1011.31 50.2401 13 3 0.333984 0 0.00536682
394 1008.92 51.0543 13 3 0.332031 0 0.00542992
395 1009.59 51.1711 13 3 0.333984 0 0.00538847
396 1009.59 50.3329 13 3 0.322266 0 0.00540037
397 1011.31 52.2803 13 3 0.345703 0 0.00538183
398 435.151 56.5057 13 2 0.375977 0 0.00537304
399 1011.31 50.8924 13 3 0.330078 0 0.00541772
400 1008.92 48.6224 13 3 0.319336 0 0.0054073
401 1008.92 51.8694 13 3 0.335938 0 0.00538534
402 1010.79 63.877 13 3 0.40332 0 0.00537882
403 1843.9 54.8958 13 4 0.356445 0 0.00541996
404 435.149 48.9259 13 2 0.321289 0 0.00536551
405 1011.31 52.0885 13 3 0.350586 0 0.00554417
406 1008.92 52.2052 13 3 0.333008 0 0.00535982
407 435.151 49.5041 13 2 0.338867 0 0.00540966
408 1011.31 51.3115 13 3 0.333008 0 0.00536079
409 1008.92 51.1218 13 3 0.327148 0 0.00536005
410 1011.31 52.4983 13 3 0.34668 0 0.0054314
411 1008.92 47.9526 13 3 0.318359 0 0.00540151
412 1011.31 52.6487 13 3 0.34668 0 0.00544308
413 1011.31 53.4814 13 3 0.34375 0 0.00537426
414 1009.59 50.581 13 3 0.333008 0 0.00554852
415 1008.92 50.9144 13 3 0.333984 0 0.0054004
416 1008.92 46.6114 13 3 0.31543 0 0.00537084
417 435.151 53.1759 13 2 0.359375 0 0.00539505
418 1008.92 52.4959 13 3 0.347656 0 0.00535842
419 1008.92 55.5405 13 3 0.374023 0 0.00539379
420 1008.92 51.6162 13 3 0.332031 0 0.00534017
421 1008.92 49.2594 13 3 0.325195 0 0.00541312
422 1009.59 48.3078 13 3 0.322266 0 0.00541184
423 435.127 50.011 13 2 0.328125 0 0.00544427
424 1009.59 51.5037 13 3 0.338867 0 0.00546883
425 1011.31 51.3177 13 3 0.333008 0 0.00539995
426 1011.31 52.4709 13 3 0.334961 0 0.0053982
427 1008.92 53.2737 13 3 0.347656 0 0.00544557
428 1008.92 56.8221 13 3 0.363281 0 0.00538874
429 1008.92 57.3566 13 3 0.374023 0 0.0054279
430 1011.31 52.3886 13 3 0.336914 0 0.00536242
431 435.151 51.8255 13 2 0.34375 0 0.00539667
432 435.151 53.1736 13 2 0.352539 0 0.00535909
433 1008.92 47.6959 13 3 0.313477 0 0.00550158
434 1011.31 57.2168 13 3 0.367188 0 0.005517
435 1010.79 55.3905 13 3 0.357422 0 0.00543179
436 1011.31 60.3706 13 3 0.375977 0 0.00534895
437 1008.92 53.3355 13 3 0.344727 0 0.00537719
438 1008.92 50.8065 13 3 0.333008 0 0.00536891
439 1008.92 50.8179 13 3 0.326172 0 0.00538316
440 435.151 50.5275 13 2 0.331055 0 0.00534506
441 1011.31 49.7549 13 3 0.317383 0 0.00538637
442 1008.92 54.8096 13 3 0.353516 0 0.00539643
443 1011.31 49.2811 13 3 0.311523 0 0.00534664
444 1008.92 50.1526 13 3 0.322266 0 0.00537941
445 1011.31 53.6231 13 3 0.339844 0 0.00539425
446 1008.92 48.82 13 3 0.323242 0 0.00538823
447 1008.92 53.5401 13 3 0.353516 0 0.00537182
448 1008.92 53.6582 13 3 0.34668 0 0.00541468
449 1011.31 58.0451 13 3 0.386719 0 0.0055858
450 1008.92 50.3467 13 3 0.324219 0 0.00545313
451 1008.92 53.2141 13 3 0.341797 0 0.00540536
452 1008.92 51.4605 13 3 0.335938 0 0.00548032
453 1011.31 51.425 13 3 0.329102 0 0.00545846
454 2951.77 52.027 13 5 0.323242 0 0.00539832
455 1005.85 50.8114 13 3 0.327148 0 0.0054143
456 1008.92 54.1889 13 3 0.350586 0 0.00549668
457 1009.59 53.9286 13 3 0.342773 0 0.00544934
458 1008.92 56.5707 13 3 0.369141 0 0.00534992
459 435.149 53.3866 13 2 0.344727 0 0.00541027
460 1011.31 49.8621 13 3 0.30957 0 0.0054222
461 435.151 52.9732 13 2 0.350586 0 0.00553216
462 1009.59 53.9118 13 3 0.356445 0 0.00542267
463 1011.31 49.56 13 3 0.320312 0 0.00542582
464 1843.9 58.1699 13 4 0.357422 0 0.00542225
465 1008.92 57.13 13 3 0.371094 0 0.00545724
466 1008.92 51.3151 13 3 0.331055 0 0.00536092
467 1010.21 48.1789 13 3 0.313477 0 0.00536925
468 1008.92 50.0555 13 3 0.322266 0 0.00544528
469 1008.92 54.4537 13 3 0.356445 0 0.00536013
470 1008.92 47.5294 13 3 0.3125 0 0.0054208
471 1008.92 51.5499 13 3 0.34375 0 0.00556492
472 1008.92 50.4903 13 3 0.324219 0 0.0053892
473 1011.31 53.1501 13 3 0.335938 0 0.00543698
474 1008.92 53.1069 13 3 0.344727 0 0.00553642
475 1011.31 52.758 13 3 0.329102 0 0.0053377
476 1008.92 51.6981 13 3 0.329102 0 0.005392
477 1011.31 53.576 13 3 0.334961 0 0.00547371
478 1008.92 55.846 13 3 0.353516 0 0.00535353
479 1008.92 52.3738 13 3 0.342773 0 0.00543886
480 1011.31 54.8293 13 3 0.349609 0 0.00542997
481 1011.78 54.1381 13 3 0.338867 0 0.00541929
482 1008.92 53.5442 13 3 0.345703 0 0.0054472
483 1008.92 51.6582 13 3 0.332031 0 0.00540105
484 435.151 52.2362 13 2 0.349609 0 0.00540757
485 435.151 56.0068 13 2 0.357422 0 0.00540748
486 1008.92 55.0646 13 3 0.361328 0 0.00541199
487 1010.21 54.0112 13 3 0.34375 0 0.00532533
488 1011.31 52.0889 13 3 0.339844 0 0.00538638
489 1011.31 48.5929 13 3 0.330078 0 0.00538754
490 1011.31 52.6063 13 3 0.344727 0 0.00535155
491 435.151 50.5234 13 2 0.34375 0 0.00545607
492 1011.31 53.349 13 3 0.357422 0 0.00534384
493 1008.92 55.0298 13 3 0.354492 0 0.00546876
494 1008.92 53.2284 13 3 0.342773 0 0.00549476
495 1010.21 57.3836 13 3 0.369141 0 0.00543467
496 1011.78 48.976 13 3 0.319336 0 0.00542682
497 1008.92 56.4562 13 3 0.357422 0 0.0054318
498 1011.31 57.2512 13 3 0.37207 0 0.00548148
499 1008.92 52.2337 13 3 0.335938 0 0.00551023
500 1011.31 53.3385 13 3 0.338867 0 0.00540796
501 1009.59 48.9616 13 3 0.318359 0 0.00541863
502 435.151 49.7397 13 2 0.322266 0 0.00542647
503 1011.31 48.8201 13 3 0.30957 0 0.00541477
504 1008.92 47.4294 13 3 0.310547 0 0.00541238
505 1008.92 51.8013 13 3 0.328125 0 0.00538446
506 1011.31 50.0837 13 3 0.328125 0 0.00539006
507 1008.92 53.7911 13 3 0.347656 0 0.0054354
508 1008.92 50.4045 13 3 0.319336 0 0.00558125
509 1011.31 57.0196 13 3 0.368164 0 0.0054264
510 1008.92 50.3458 13 3 0.337891 0 0.00542671
511 1008.92 54.2968 13 3 0.359375 0 0.00546107
512 1008.92 51.9485 13 3 0.338867 0 0.0054105
513 1011.31 53.5185 13 3 0.345703 0 0.00559109
514 1010.21 56.2211 13 3 0.367188 0 0.00552422
515 1010.21 58.9282 13 3 0.369141 0 0.00546449
516 1008.92 52.2716 13 3 0.339844 0 0.00548181
517 1011.31 57.3484 13 3 0.367188 0 0.0055761
518 1008.92 55.043 13 3 0.355469 0 0.00565392
519 1834.62 56.3842 13 4 0.350586 0 0.00560588
520 1008.92 59.7089 13 3 0.360352 0 0.00559352
521 1007.46 57.0286 13 3 0.359375 0 0.00566161
522 1010.21 61.9957 13 3 0.390625 0 0.00577231
523 1000.23 53.1237 13 3 0.341797 0 0.00572055
524 1008.92 54.4989 13 3 0.334961 0 0.00559388
525 1783.71 59.8591 15 4 0.370117 0 0.00582013
526 1007.46 63.7529 15 3 0.392578 0 0.00582146
527 1834.62 64.1473 15 4 0.401367 0 0.005898
528 1819.76 60.5715 15 4 0.362305 0 0.00578512
529 1832.91 59.876 15 4 0.371094 0 0.00580124
530 1834.62 60.8541 15 4 0.369141 0 0.00589862
531 1010.21 63.1937 15 3 0.382812 0 0.0059466
532 1008.92 66.7236 16 3 0.400391 0 0.00593185
533 1002.23 65.0558 17 3 0.393555 0 0.00614816
534 1011.78 70.4123 17 3 0.433594 0 0.00611953
535 1009.59 65.5753 16 3 0.388672 0 0.00597172
536 1829.35 67.9032 17 4 0.400391 0 0.00608383
537 1006.68 72.7617 17 3 0.430664 0 0.00604456
538 1007.46 62.478 15 3 0.379883 0 0.00612703
539 1802.66 71.6195 17 4 0.414062 0 0.00599693
540 1825.63 68.334 17 4 0.40625 0 0.00613399
541 1011.31 67.0034 17 3 0.40332 0 0.00598807
542 1010.21 67.5699 17 3 0.401367 0 0.00605721
543 1823.71 74.2972 17 4 0.425781 0 0.00611306
544 1006.68 74.1209 17 3 0.428711 0 0.00617304
545 1823.71 68.5408 17 4 0.405273 0 0.0062008
546 1836.29 78.0368 17 4 0.429688 0 0.00611146
547 1831.15 74.8351 17 4 0.428711 0 0.00632816
548 1008.92 70.8679 17 3 0.421875 0 0.00622062
549 2918.83 72.3365 17 5 0.425781 0 0.006308
550 1008.21 75.9632 18 3 0.447266 0 0.00632641
551 1741.21 82.257 19 4 0.478516 0 0.00639856
552 2870.9 80.9708 18 5 0.439453 0 0.00657845
553 1010.79 76.5426 19 3 0.432617 0 0.00638376
554 1825.63 83.0877 20 4 0.472656 0 0.00630311
555 1000.23 73.6863 19 3 0.439453 0 0.00658822
556 1006.68 82.8164 22 3 0.493164 0 0.00667333
557 1007.46 77.1492 21 3 0.451172 0 0.00658142
558 1811.47 86.8639 23 4 0.486328 0 0.00674717
559 1795.76 83.4376 21 4 0.472656 0 0.00695651
560 1817.74 86.7485 23 4 0.473633 0 0.00695321
561 1007.46 90.5055 26 3 0.49707 0 0.00730695
562 1837.92 93.5315 25 4 0.495117 0 0.00739169
563 1831.15 91.2348 27 4 0.511719 0 0.00735212
564 2778.96 93.7716 26 5 0.490234 0 0.0072575
565 2849.48 98.2632 30 5 0.506836 0 0.00765013
566 4257.05 103.441 32 6 0.533203 0 0.00792183
567 2932.65 111.929 34 5 0.5625 0 0.00821588
568 1809.31 96.5879 33 4 0.518555 0 0.008083
569 1829.35 112.743 39 4 0.583008 0 0.00829663
570 1768.44 109.62 43 4 0.591797 0 0.00805882
571 1800.39 88.8617 29 4 0.481445 0 0.00782921
572 1755.09 101.152 34 4 0.542969 0 0.00812014
573 1831.15 109.538 43 4 0.572266 0 0.00825436
574 2856.74 106.102 39 5 0.544922 0 0.00780829
575 4176.45 111.745 43 6 0.567383 0 0.00818126
576 1807.12 108.477 39 4 0.556641 0 0.00827596
577 1802.66 103.862 36 4 0.522461 0 0.00840935
578 1793.4 104.675 42 4 0.549805 0 0.00842559
579 1802.66 106.533 41 4 0.555664 0 0.00864887
580 2830.78 111.359 45 5 0.574219 0 0.0084511
581 1807.12 105.652 41 4 0.547852 0 0.00862757
582 1825.63 123.642 51 4 0.62207 0 0.00853436
583 1821.75 123.286 44 4 0.603516 0 0.00837255
584 1760.49 115.462 51 4 0.608398 0 0.00850703
585 2830.78 115.591 43 5 0.578125 0 0.00856499
586 2903.85 124.23 51 5 0.614258 0 0.00858868
587 1005.85 109.377 47 3 0.574219 0 0.00870161
588 1813.59 122.92 48 4 0.623047 0 0.00847605
589 1791.02 109.516 43 4 0.567383 0 0.00829282
590 1773.62 115.571 44 4 0.578125 0 0.00856601
591 2863.89 111.915 43 5 0.56543 0 0.00865364
592 1793.4 121.418 50 4 0.605469 0 0.00865177
593 2903.85 135.155 51 5 0.635742 0 0.00858877
594 1802.66 112.675 49 4 0.569336 0 0.00869781
595 1783.71 117.869 53 4 0.609375 0 0.00878913
596 1839.49 117.395 44 4 0.577148 0 0.0087446
597 4298.58 122.322 51 6 0.599609 0 0.00889952
598 2757.91 128.153 51 5 0.621094 0 0.00893934
599 2884.52 130.805 70 5 0.649414 0 0.00893713
600 1834.62 121.917 52 4 0.600586 0 0.00873439
601 2783.1 123.175 64 5 0.626953 0 0.00904988
602 1813.59 120.844 53 4 0.611328 0 0.00862521
603 1834.62 131.406 54 4 0.643555 0 0.0090911
604 1798.09 126.045 54 4 0.62793 0 0.00853743
605 2891.12 138.429 67 5 0.657227 0 0.00879201
606 1788.61 128.817 70 4 0.652344 0 0.00870423
607 2912.97 122.841 54 5 0.625977 0 0.00884515
608 1811.47 121.964 53 4 0.612305 0 0.00884954
609 2884.52 131.678 74 5 0.654297 0 0.00889355
610 2853.13 119.257 54 5 0.606445 0 0.00883945
611 2766.4 120.993 76 5 0.620117 0 0.00878681
612 2891.12 134.152 54 5 0.626953 0 0.00884071
613 1827.51 124.358 54 4 0.608398 0 0.00902724
614 1819.76 121.877 74 4 0.626953 0 0.00874677
615 2874.36 119.079 52 5 0.582031 0 0.00941404
616 1834.62 128.47 101 4 0.640625 0 0.00933009
617 1811.47 120.825 66 4 0.619141 0 0.00904364
618 1811.47 141.044 101 4 0.68457 0 0.00891406
619 1798.09 131.172 101 4 0.665039 0 0.00884333
620 2891.12 124.067 52 5 0.619141 0 0.00866567
621 1819.76 117.957 53 4 0.618164 0 0.00885848
622 1005.85 133.235 106.93 3 0.678711 1 0.00856134
623 2921.69 130.854 49 5 0.639648 0 0.00833737
624 1817.74 120.989 52 4 0.614258 0 0.00845963
625 1817.74 128.341 53 4 0.642578 0 0.00839517
626 2803.43 134.649 53 5 0.649414 0 0.00862344
627 1798.09 122.469 101 4 0.645508 0 0.0085571
628 1811.47 132.523 106.93 4 0.683594 1 0.00844677
629 1798.09 119.802 48 4 0.611328 0 0.00850187
630 2909.97 126 69 5 0.645508 0 0.00844942
631 1811.47 131.184 105.663 4 0.671875 1 0.00857268
632 2891.12 145.313 68 5 0.686523 0 0.0084951
633 1807.12 131.62 61 4 0.663086 0 0.00848047
634 2815.31 146.144 67 5 0.692383 0 0.00868929
635 1793.4 125.558 109.275 4 0.667969 1 0.00863433
636 1821.75 143.246 109.829 4 0.725586 1 0.00839443
637 2884.52 138.025 54 5 0.660156 0 0.00851261
638 1829.35 130.064 54 4 0.643555 0 0.00855218
639 1837.92 131.983 101 4 0.667969 0 0.00839102
640 1827.51 126.609 68 4 0.650391 0 0.00857278
641 2900.72 136.474 101 5 0.667969 0 0.00876766
642 2887.84 135.575 64 5 0.668945 0 0.00839286
643 1815.68 133.891 106.93 4 0.688477 1 0.008168
644 4234.53 141.155 66 6 0.689453 0 0.0082503
645 2921.69 149.289 108.709 5 0.727539 1 0.00809189
646 2870.9 141.933 107.538 5 0.709961 1 0.00828715
647 2897.56 150.104 108.709 5 0.735352 1 0.00801686
648 1798.09 131.307 53 4 0.647461 0 0.00835748
649 1823.71 152.955 109.829 4 0.746094 1 0.00841027
650 1773.62 134.479 108.709 4 0.699219 1 0.00857132
651 1821.75 132.39 108.709 4 0.685547 1 0.00834877
652 1831.15 147.087 110.371 4 0.743164 1 0.00876379
653 2860.33 145.112 106.306 5 0.706055 1 0.0083525
654 2909.97 136.672 105.663 5 0.680664 1 0.0088025
655 1817.74 134.527 54 4 0.669922 0 0.00843536
656 2870.9 138.046 108.709 5 0.697266 1 0.00851826
657 2891.12 140.742 107.538 5 0.691406 1 0.00867593
658 1809.31 141.487 108.709 4 0.711914 1 0.00889173
659 1788.61 142.3 107.538 4 0.711914 1 0.00851215
660 1834.62 134.219 109.829 4 0.693359 1 0.00862912
661 2897.56 153.805 107.538 5 0.729492 1 0.00871971
662 1829.35 139.202 105.663 4 0.685547 1 0.00910199
663 2766.4 134.626 107.538 5 0.679688 1 0.0088247
664 1836.29 140.471 106.93 4 0.692383 1 0.0086558
665 2863.89 164.521 110.371 5 0.763672 1 0.00895448
666 2884.52 146.94 107.538 5 0.717773 1 0.00875101
667 2849.48 137.378 107.538 5 0.682617 1 0.00877042
668 2874.36 139.39 107.538 5 0.686523 1 0.00876727
669 2791.31 140.561 76 5 0.688477 0 0.00843719
670 1832.91 138.547 109.829 4 0.708008 1 0.00882495
671 2924.51 141.204 101 5 0.6875 0 0.00897136
672 2815.31 142.934 107.538 5 0.701172 1 0.00895201
673 5855.1 141.945 107.538 7 0.693359 1 0.0090335
674 2795.37 151.291 110.903 5 0.744141 1 0.00897849
675 2863.89 145.185 109.829 5 0.708008 1 0.00907389
676 2897.56 154.303 110.903 5 0.745117 1 0.00913101
677 1771.04 146.419 109.829 4 0.727539 1 0.00921957
678 4278.44 140.812 107.538 6 0.703125 1 0.00891609
679 4176.45 145.133 109.829 6 0.706055 1 0.00893616
680 2929.99 157.376 110.903 5 0.757812 1 0.00903668
681 1815.68 151.369 108.709 4 0.729492 1 0.00891521
682 2856.74 142.251 109.829 5 0.706055 1 0.0090386
683 2853.13 155.755 111.937 5 0.771484 1 0.0089494
684 1825.63 150.898 110.903 4 0.724609 1 0.00915035
685 2915.92 141.452 106.93 5 0.695312 1 0.00897441
686 1795.76 134.027 106.306 4 0.671875 1 0.00881034
687 4210.99 161.393 112.44 6 0.790039 1 0.00893665
688 2803.43 147.688 110.903 5 0.730469 1 0.00903942
689 4248.17 146.329 107.538 6 0.702148 1 0.00891022
690 1829.35 134.583 110.371 4 0.696289 1 0.00900534
691 2909.97 145 110.371 5 0.710938 1 0.00868406
692 2884.52 154.621 110.371 5 0.739258 1 0.0088736
693 4181.49 150.842 110.903 6 0.738281 1 0.00896425
694 2863.89 137.885 111.425 5 0.708984 1 0.0089316
695 1768.44 139.383 108.709 4 0.700195 1 0.0088882
696 1811.47 142.79 111.425 4 0.722656 1 0.00904744
697 2909.97 145.771 107.538 5 0.711914 1 0.00890599
698 1007.46 138.917 109.275 3 0.694336 1 0.00904413
699 2884.52 139.371 108.13 5 0.6875 1 0.00886578
700 1831.15 136.241 106.93 4 0.686523 1 0.00902241
701 2891.12 143.456 110.371 5 0.701172 1 0.00905264
702 4261.42 151.723 110.371 6 0.729492 1 0.00906523
703 1831.15 146.107 108.709 4 0.703125 1 0.00902201
704 1821.75 156.847 113.897 4 0.782227 1 0.00941279
705 2891.12 151.717 108.709 5 0.711914 1 0.00905836
706 4140.23 147.94 110.903 6 0.72168 1 0.00907208
707 2795.37 160.494 110.903 5 0.74707 1 0.00934221
708 4248.17 162.418 111.937 6 0.773438 1 0.00934328
709 1793.4 138.763 111.425 4 0.708984 1 0.00916243
710 4265.75 139.957 109.829 6 0.688477 1 0.00922083
711 2870.9 144.853 111.425 5 0.71582 1 0.00925647
712 2906.93 144.488 108.709 5 0.693359 1 0.00928178
713 1825.63 146.436 111.937 4 0.723633 1 0.00946519
714 1771.04 137.932 110.903 4 0.696289 1 0.0094853
715 2912.97 154.806 67 5 0.694336 0 0.00912631
716 1755.09 129.94 101 4 0.65625 0 0.00920381
717 2915.92 141.466 107.538 5 0.692383 1 0.0095627
718 1827.51 139.489 111.937 4 0.723633 1 0.00930196
719 1798.09 145.065 110.371 4 0.714844 1 0.00936572
720 2815.31 145.824 110.903 5 0.722656 1 0.00935204
721 2863.89 169.043 113.897 5 0.805664 1 0.00955058
722 1823.71 146.2 112.934 4 0.739258 1 0.00925501
723 2891.12 142.857 72 5 0.682617 0 0.00941439
724 1823.71 147.283 112.934 4 0.741211 1 0.0093061
725 2787.22 150.952 110.903 5 0.724609 1 0.00936251
726 1773.62 144.823 103.594 4 0.695312 1 0.00954441
727 1847.77 155.803 110.371 4 0.74707 1 0.00939383
728 1829.35 150.435 111.937 4 0.742188 1 0.00952918
729 1827.51 154.102 113.897 4 0.763672 1 0.00970207
730 4229.91 149.486 110.903 6 0.716797 1 0.0094113
731 2906.93 140.848 110.903 5 0.697266 1 0.00941562
732 2856.74 151.595 109.275 5 0.709961 1 0.00941983
733 1807.12 138.634 105 4 0.685547 1 0.00933748
734 1793.4 146.556 111.937 4 0.729492 1 0.00923471
735 2903.85 150.247 110.903 5 0.723633 1 0.00925832
736 1788.61 170.511 113.897 4 0.8125 1 0.00963207
737 1837.92 140.561 112.44 4 0.722656 1 0.00946508
738 1829.35 139.771 101 4 0.678711 0 0.00960054
739 1829.35 148.055 113.897 4 0.758789 1 0.00980607
740 1773.62 147.581 113.419 4 0.736328 1 0.00960216
741 2903.85 148.45 113.419 5 0.736328 1 0.00969352
742 2912.97 139.574 109.829 5 0.695312 1 0.00943399
743 2856.74 149.384 111.425 5 0.720703 1 0.00973794
744 1821.75 151.9 112.44 4 0.745117 1 0.00967918
745 2884.52 144.742 110.371 5 0.710938 1 0.00971532
746 1802.66 152.997 111.425 4 0.743164 1 0.00925123
747 2795.37 162.003 113.897 5 0.782227 1 0.00984547
748 2778.96 161.745 113.419 5 0.760742 1 0.00997531
749 1815.68 165.984 113.897 4 0.780273 1 0.0101629
750 1793.4 148.681 112.934 4 0.735352 1 0.00991461
751 1813.59 146.599 112.934 4 0.730469 1 0.00989532
752 2826.95 146.787 111.937 5 0.72168 1 0.00997959
753 2766.4 147.058 114.828 5 0.75 1 0.0100304
754 2881.17 152.049 110.903 5 0.71582 1 0.00992741
755 1834.62 148.507 110.371 4 0.713867 1 0.00977542
756 1825.63 144.881 112.44 4 0.722656 1 0.00993575
757 1778.72 148.883 111.937 4 0.724609 1 0.00976448
758 2881.17 164.75 113.897 5 0.786133 1 0.00999216
759 2903.85 155.315 113.897 5 0.751953 1 0.00987631
760 2795.37 149.023 111.937 5 0.730469 1 0.00973585
761 1823.71 151.456 113.897 4 0.74707 1 0.0102349
762 2849.48 155.263 113.897 5 0.74707 1 0.00988013
763 2823.1 155.934 111.425 5 0.732422 1 0.00995703
764 1793.4 145.75 113.897 4 0.746094 1 0.00979769
765 1811.47 156.358 113.419 4 0.759766 1 0.010111
766 2787.22 151.824 113.897 5 0.735352 1 0.0100087
767 1791.02 159.347 113.419 4 0.755859 1 0.0100761
768 1793.4 151.851 113.897 4 0.75 1 0.0100593
769 1788.61 162.136 115.282 4 0.779297 1 0.0103229
770 2787.22 156.374 114.828 5 0.750977 1 0.010272
771 1798.09 149.048 112.934 4 0.734375 1 0.0104071
772 2826.95 158.927 114.828 5 0.766602 1 0.00995516
773 4191.47 157.771 113.897 6 0.756836 1 0.0101431
774 1786.17 139.959 112.44 4 0.708008 1 0.00997826
775 2918.83 169.579 114.828 5 0.792969 1 0.0100346
776 4161.13 152.155 112.934 6 0.734375 1 0.0103141
777 1776.18 138.498 105.663 4 0.678711 1 0.00969639
778 2783.1 164.667 113.897 5 0.772461 1 0.00992804
779 2845.8 163.398 114.828 5 0.770508 1 0.0101255
780 2819.22 170.218 115.729 5 0.799805 1 0.010193
781 1839.49 149.621 111.937 4 0.71582 1 0.010355
782 2834.58 150.355 110.903 5 0.713867 1 0.0100697
783 1819.76 156.015 113.897 4 0.753906 1 0.0101988
784 2731.9 159.919 113.897 5 0.760742 1 0.0100441
785 2819.22 151.839 113.897 5 0.731445 1 0.0100711
786 1788.61 146.673 113.897 4 0.738281 1 0.0101187
787 4113.41 159.554 113.897 6 0.754883 1 0.010301
788 2823.1 151.011 107.538 5 0.701172 1 0.0101404
789 1783.71 148.587 112.44 4 0.722656 1 0.0101027
790 2845.8 145.19 113.419 5 0.711914 1 0.0100397
791 1811.47 151.176 113.419 4 0.727539 1 0.00999766
792 1768.44 154.922 115.729 4 0.765625 1 0.0103567
793 2849.48 146.59 114.366 5 0.71875 1 0.0107024
794 1760.49 155.361 114.828 4 0.743164 1 0.0102803
795 2842.09 157.363 115.729 5 0.754883 1 0.0102309
796 4080.24 152.088 111.937 6 0.714844 1 0.0102737
797 1804.91 167.968 114.828 4 0.761719 1 0.0105545
798 2877.78 168.733 114.828 5 0.773438 1 0.0106654
799 1811.47 146.693 113.897 4 0.719727 1 0.0106921
800 2787.22 156.538 114.828 5 0.738281 1 0.010536
801 2819.22 160.558 114.828 5 0.760742 1 0.015206
802 2842.09 152.294 116.603 5 0.756836 1 0.010707
803 2803.43 157.869 114.366 5 0.746094 1 0.0104809
804 1798.09 150.412 112.934 4 0.71582 1 0.0102953
805 1802.66 150.127 111.937 4 0.713867 1 0.0105219
806 2853.13 162.572 115.282 5 0.777344 1 0.0104786
807 2815.31 149.264 111.937 5 0.707031 1 0.0107657
808 2807.41 164.111 114.828 5 0.764648 1 0.0102871
809 2803.43 160.57 111.937 5 0.738281 1 0.0107984
810 1798.09 156.764 113.897 4 0.746094 1 0.010627
811 2853.13 160.305 114.828 5 0.760742 1 0.0106707
812 1798.09 147.875 114.366 4 0.719727 1 0.0105139
813 1811.47 159.039 112.44 4 0.739258 1 0.0106603
814 2787.22 167.569 115.282 5 0.777344 1 0.0105152
815 3565.39 150.613 111.937 6 0.719727 1 0.0109379
816 1795.76 149.458 113.897 4 0.720703 1 0.0105771
817 2849.48 170.354 114.366 5 0.782227 1 0.0107375
818 1815.68 149.762 74 4 0.676758 0 0.010718
819 2826.95 148.446 113.419 5 0.719727 1 0.0103411
820 2881.17 150.694 114.828 5 0.727539 1 0.010492
821 2860.33 166.336 115.282 5 0.775391 1 0.0108332
822 2927.27 167.793 114.828 5 0.766602 1 0.0108832
823 2887.84 163.176 114.366 5 0.75 1 0.010328
824 2903.85 147.427 113.897 5 0.71875 1 0.0111361
825 1827.51 147.741 112.934 4 0.709961 1 0.0107961
826 2842.09 165.488 116.17 5 0.790039 1 0.0107888
827 1771.04 152.297 111.425 4 0.717773 1 0.0107918
828 1783.71 147.463 112.934 4 0.714844 1 0.0105647
829 1811.47 150.243 114.366 4 0.733398 1 0.0107434
830 1755.09 163.54 115.282 4 0.782227 1 0.0105695
831 1771.04 150.301 113.897 4 0.727539 1 0.0104641
832 2762.17 154.195 113.419 5 0.732422 1 0.0105972
833 4306.25 166.076 114.366 6 0.758789 1 0.0107696
834 2860.33 160.351 115.729 5 0.75293 1 0.010603
835 1813.59 159.523 115.282 4 0.748047 1 0.0108393
836 2870.9 155.572 115.282 5 0.749023 1 0.0104036
837 1768.44 144.754 76 4 0.670898 0 0.0108519
838 1783.71 167.627 115.729 4 0.774414 1 0.010961
839 2815.31 164.028 114.828 5 0.763672 1 0.0107227
840 1781.23 151.3 115.729 4 0.727539 1 0.0108328
841 2819.22 140.923 111.937 5 0.685547 1 0.0103872
842 2877.78 149.006 114.366 5 0.717773 1 0.0106337
843 2787.22 159.204 111.937 5 0.728516 1 0.0105862
844 2830.78 148.397 111.937 5 0.706055 1 0.0107977
845 1813.59 157.014 114.828 4 0.753906 1 0.0106407
846 2884.52 155.782 113.897 5 0.728516 1 0.0108391
847 1815.68 148.919 111.937 4 0.706055 1 0.0107353
848 1815.68 158.229 111.937 4 0.738281 1 0.0104723
849 2838.35 152.197 116.603 5 0.760742 1 0.0106733
850 2856.74 160.747 114.828 5 0.761719 1 0.0105484
851 2815.31 161.588 115.282 5 0.764648 1 0.0105773
852 1781.23 156.315 113.419 4 0.741211 1 0.0104908
853 1804.91 151.359 114.828 4 0.730469 1 0.0105851
854 1823.71 152.876 113.419 4 0.725586 1 0.010329
855 1788.61 155.15 112.934 4 0.730469 1 0.0107153
856 1793.4 157.273 115.282 4 0.765625 1 0.0105167
857 2826.95 160.709 114.828 5 0.765625 1 0.0104736
858 1813.59 148.119 113.897 4 0.706055 1 0.0104102
859 2915.92 156.243 113.897 5 0.726562 1 0.0103703
860 2860.33 154.872 115.729 5 0.753906 1 0.0105651
861 2819.22 163.323 115.282 5 0.776367 1 0.0101845
862 1735.52 154.666 116.17 4 0.762695 1 0.0104801
863 1807.12 146.252 111.937 4 0.704102 1 0.0106733
864 1807.12 155.437 114.366 4 0.75 1 0.0105569
865 2884.52 160.329 115.729 5 0.762695 1 0.0106179
866 2874.36 152.062 110.903 5 0.709961 1 0.010781
867 2799.41 171.239 111.425 5 0.753906 1 0.0104611
868 4057.57 165.906 116.17 6 0.789062 1 0.010656
869 1813.59 152.998 114.828 4 0.736328 1 0.0105755
870 2807.41 145.888 113.419 5 0.706055 1 0.0107199
871 4220.53 160.121 113.897 6 0.738281 1 0.0105619
872 1807.12 158.327 115.282 4 0.75293 1 0.0105371
873 1802.66 162.386 115.282 4 0.767578 1 0.0102587
874 4225.24 165.253 115.729 6 0.770508 1 0.0108047
875 1773.62 151.968 113.897 4 0.716797 1 0.0107818
876 2807.41 158.766 116.603 5 0.760742 1 0.0108313
877 1811.47 157.331 116.17 4 0.753906 1 0.0105215
878 4107.95 150.073 114.828 6 0.712891 1 0.0105806
879 4063.27 171.84 115.729 6 0.779297 1 0.0108379
880 1788.61 154.805 115.729 4 0.749023 1 0.01123
881 1795.76 154.996 113.419 4 0.730469 1 0.0110313
882 4186.5 162.202 115.729 6 0.766602 1 0.010997
883 2731.9 161.786 116.17 5 0.768555 1 0.0106942
884 1815.68 151.328 115.282 4 0.737305 1 0.0107184
885 5662.98 161.54 116.17 9 0.765625 1 0.0109507
886 2791.31 152.662 115.729 5 0.734375 1 0.0106123
887 1771.04 140.596 111.937 4 0.681641 1 0.0107565
888 2863.89 156.548 114.828 5 0.730469 1 0.0110934
889 1760.49 155.473 115.282 4 0.75293 1 0.0107886
890 2811.38 152.793 115.282 5 0.736328 1 0.0111404
891 1807.12 161.087 115.729 4 0.756836 1 0.0108227
892 4145.5 158.351 115.729 6 0.749023 1 0.0107296
893 2770.61 154.282 115.282 5 0.739258 1 0.0107475
894 2870.9 147.473 111.937 5 0.691406 1 0.0110372
895 1783.71 146.14 116.17 4 0.723633 1 0.0108347
896 4155.95 155.228 116.17 6 0.731445 1 0.010862
897 2322.76 150.84 115.282 5 0.719727 1 0.0109342
898 2897.56 165.952 116.17 5 0.758789 1 0.0111296
899 2749.33 159.314 115.729 5 0.740234 1 0.0112188
900 2894.36 164.306 114.828 5 0.742188 1 0.0114529
901 1788.61 170.043 117.03 4 0.792969 1 0.0117761
902 2770.61 147.428 113.897 5 0.707031 1 0.0120766
903 2842.09 150.503 101 5 0.68457 0 0.0117404
904 1760.49 143.449 115.729 4 0.719727 1 0.0116422
905 2787.22 152.079 115.729 5 0.731445 1 0.0117185
906 2799.41 147.641 114.366 5 0.702148 1 0.0113275
907 2299.79 152.955 113.897 5 0.719727 1 0.0117557
908 2753.63 153.585 115.729 5 0.726562 1 0.0116099
909 2903.85 153.052 112.934 5 0.712891 1 0.0115241
910 2766.4 158.11 115.282 5 0.751953 1 0.0111207
911 1778.72 151.808 115.729 4 0.744141 1 0.0108268
912 2952.47 157.504 110.903 6 0.714844 1 0.0109714
913 2585.91 157.951 115.282 5 0.75 1 0.0109372
914 2740.66 166.164 114.366 5 0.748047 1 0.010951
915 3506.65 159.943 114.366 6 0.745117 1 0.0107868
916 4102.47 154.645 115.729 6 0.739258 1 0.010885
917 4358.99 164.57 116.17 7 0.767578 1 0.0111711
918 3802.68 171.55 114.828 6 0.772461 1 0.011202
919 8148.2 172.603 111.937 10 0.746094 1 0.0117308
920 2570.86 164.91 114.828 5 0.758789 1 0.0117145
921 3822.58 183.682 114.828 6 0.801758 1 0.0115455
922 8350.66 195.471 112.934 9 0.80957 1 0.011204
923 4639.85 194.942 114.828 7 0.814453 1 0.0118652
924 7061.49 212.007 117.45 9 0.883789 1 0.0116587
925 5081.49 218.95 116.603 7 0.893555 1 0.0121485
926 7030.27 253.681 118.273 9 0.951172 1 0.0126689
927 6817.54 286.323 118.675 8 1.03223 1 0.0129557
928 26896.2 315.19 119.071 13 1.07715 1 0.0137776
929 8350.66 377.963 120.227 9 1.18945 1 0.0138603
930 8931.34 445.373 122.047 9 1.32422 1 0.0146738
931 17986.5 481.887 120.601 12 1.3457 1 0.0152537
932 18942.9 568.255 123.746 12 1.47559 1 0.0158063
933 13414.1 613.046 128.2 11 1.63379 1 0.0163947
934 13569.2 562.158 126.815 11 1.55371 1 0.016472
935 53076 733.093 136.624 15 1.74707 1 0.0171676
936 155869 969.186 138.254 17 1.94336 1 0.0181211
937 18566.8 821.541 138.573 12 1.94434 1 0.017898
938 39057.6 995.253 138.143 14 2.03125 1 0.0183963
939 23503.9 879.409 140.864 13 2.02344 1 0.0183698
940 18460.7 945.891 138.872 12 2.06641 1 0.0184508
941 36792.4 1022.03 340.249 14 2.17969 2 0.0184049
942 24036.9 1148.1 349.415 13 2.26758 2 0.0185896
943 24876.4 1158.77 339.082 13 2.30664 2 0.018744
944 156880 1442.04 388.436 17 2.43066 2 0.0183748
945 296877 1608.54 410.079 18 2.50684 2 0.0183212
946 561681 2166.83 425.869 19 2.75391 2 0.0199463
947 93515.2 1886.05 426.87 16 2.91211 2 0.020477
948 4.24083e+06 6792.91 429.175 22 3.2041 2 0.0206615
949 1.34292e+08 297111 914.806 27 4.29785 3 0.0254529
950 1.34293e+08 440950 1729.75 27 5.75391 4 0.0313394
951 3.36213e+07 233640 2826.95 25 6.7168 5 0.0337763
952 6.71805e+07 363936 3528.8 26 7.14551 6 0.0339646
953 5.36962e+08 916297 2845.8 29 7.00293 5 0.0358175
954 3.36251e+07 177949 2849.48 25 6.72949 5 0.0334463
955 2.68526e+08 894507 3809.33 28 7.46387 6 0.0351863
956 5.36952e+08 908169 3572.66 29 7.33691 6 0.0355576
957 2.68518e+08 764078 3386.14 28 7.52734 6 0.0357246
958 5.36956e+08 949468 3431.79 29 7.37598 6 0.0348231
959 6.71828e+07 458548 3937.57 26 7.94922 7 0.0353479
960 1.34304e+08 447924 3741.93 27 7.67871 6 0.0349798
961 2.68528e+08 1.38297e+06 3795.89 28 7.73535 7 0.0355295
962 2.68525e+08 1.29514e+06 3755.56 28 8.05078 6 0.0365402
963 1.34294e+08 857308 3905.07 27 7.89746 7 0.0353581
964 5.36967e+08 1.8225e+06 3630.2 29 7.70703 6 0.037171
965 1.34301e+08 751115 3125.77 27 7.3418 6 0.0347404
966 1.07385e+09 2.61688e+06 3956.58 30 7.78809 6 0.0358839
967 1.07384e+09 3.05133e+06 3651.5 30 8.04004 6 0.0360331
968 1.07384e+09 3.30116e+06 3937.57 30 8.34961 7 0.0356298
969 2.1476e+09 4.96848e+06 4470.79 31 8.60254 7 0.0361516
970 2.1476e+09 5.16936e+06 3782.6 31 8.39844 6 0.0372942
971 5.36969e+08 2.1732e+06 4630.03 29 8.49609 7 0.0365963
972 4.29508e+09 6.58502e+06 4307.57 32 8.60938 7 0.0374171
973 1.07384e+09 3.61271e+06 4028.62 30 8.50488 6 0.037452
974 1.07384e+09 4.24752e+06 3842.3 30 8.125 6 0.0378298
975 4.29507e+09 8.83113e+06 4098.24 32 8.50391 7 0.0361767
976 1.07385e+09 7.0037e+06 3861.83 30 8.45703 6 0.035652
977 2.14758e+09 7.81229e+06 4210.99 31 8.63574 6 0.0376641
978 4.29509e+09 1.08801e+07 3002.56 32 7.91309 6 0.0353578
979 1.07385e+09 5.45597e+06 4010.94 30 8.63867 6 0.0376804
980 1.718e+10 2.74443e+07 3206.27 34 8.23633 6 0.0359798
981 1.07384e+09 4.77947e+06 3424.22 30 8.31543 6 0.038532
982 1.07385e+09 4.02527e+06 3644.42 30 8.24902 6 0.0360847
983 5.36961e+08 2.91014e+06 4698.39 29 8.69727 7 0.0359412
984 2.14759e+09 6.79431e+06 4255.78 31 8.69238 7 0.0372595
985 4.29508e+09 1.34699e+07 4649.65 32 8.7207 7 0.0373715
986 2.1476e+09 6.49389e+06 4639.85 31 8.72559 7 0.037398
987 4.29508e+09 9.0721e+06 4010.94 32 8.27734 6 0.0373897
988 4.29507e+09 7.20637e+06 4430.35 32 8.79785 7 0.0365311
989 2.14759e+09 1.12245e+07 4369.23 31 8.82715 7 0.0362309
990 8.59005e+09 2.35014e+07 5265.08 33 9.3418 7 0.0373384
991 2.14759e+09 2.07426e+07 4639.85 31 9.2002 7 0.0382358
992 2.74878e+11 2.76334e+08 5737.72 38 9.53027 7 0.0381245
993 3.43599e+10 7.30002e+07 5462.84 35 9.80273 7 0.0389204
994 2.14759e+09 1.25571e+07 6850.26 31 10.0254 8 0.0400155
995 2.14759e+09 1.69147e+07 8585.21 31 10.5088 9 0.0401426
996 4.29507e+09 1.81821e+07 7353.72 32 10.1416 8 0.0401221
997 2.14759e+09 1.67962e+07 7175.96 31 9.91309 8 0.0384089
998 8.59004e+09 3.69338e+07 6839.38 33 9.6377 8 0.0399707
999 8.59005e+09 2.48835e+07 5964.9 33 9.64453 8 0.0383504
1000 8.59006e+09 3.59899e+07 7334.42 33 10.458 8 0.0399215
1001 1.09951e+12 1.14133e+09 5667.5 40 9.74316 7 0.0388344
1002 1.718e+10 4.97309e+07 7031.77 34 10.0029 8 0.0416399
1003 3.43599e+10 1.04729e+08 6947.2 35 10.3604 8 0.0421107
1004 3.43599e+10 1.55248e+08 7566.87 35 10.4404 8 0.0410573
1005 2.19902e+12 2.29207e+09 7031.77 41 10.0918 8 0.039672
1006 3.43599e+10 1.90376e+08 10605.4 35 11.1582 10 0.0422141
1007 6.87196e+10 1.57176e+08 9309.92 36 10.7832 9 0.0406507
1008 1.37439e+11 2.53012e+08 7353.72 37 10.6221 8 0.0415839
1009 3.43599e+10 1.13308e+08 7236.2 35 10.1982 8 0.0398334
1010 1.09951e+12 1.24536e+09 7334.42 40 10.251 8 0.0393971
1011 6.87196e+10 1.32386e+08 8095.7 36 10.5498 9 0.0413089
1012 6.87196e+10 1.47058e+08 7429.74 36 10.207 8 0.0383082
1013 1.718e+10 7.81287e+07 9752.4 34 11.0771 9 0.0403771
1014 1.718e+10 1.44061e+08 8931.34 34 11.0127 9 0.0401624
1015 2.74878e+11 3.62604e+08 8406.41 38 10.5283 9 0.0380085
1016 6.87196e+10 2.3138e+08 8252.3 36 10.2275 9 0.0398671
1017 8.59006e+09 6.26794e+07 9161.33 33 10.4277 9 0.0379476
1018 3.51844e+13 3.4422e+10 9260.83 45 10.4658 9 0.0395212
1019 2.74878e+11 7.75199e+08 12545.3 38 11.9072 10 0.0425547
1020 3.43599e+10 2.54446e+08 9617.6 35 11.3564 9 0.042524
1021 5.49756e+11 1.36111e+09 11753.3 39 11.9033 10 0.0431425
1022 1.37439e+11 5.74293e+08 12224.8 37 12.0693 10 0.0410987
1023 3.43599e+10 3.06606e+08 12571.1 35 11.9727 10 0.0421626
1024 1.75922e+13 1.79068e+10 13988 44 12.2754 11 0.0438308
1025 6.87196e+10 5.13297e+08 14894.4 36 12.5518 11 0.0436176
1026 2.74878e+11 5.80481e+08 11679 38 12.0049 10 0.0419558
1027 6.87196e+10 3.36012e+08 14859.4 36 12.5918 11 0.042737
1028 3.43599e+10 2.4109e+08 14485.7 35 11.7568 11 0.0405935
1029 5.49756e+11 9.67092e+08 12071.3 39 12.0342 10 0.0423927
1030 2.74878e+11 5.04364e+08 14981.3 38 12.5234 11 0.042874
1031 3.43599e+10 3.75906e+08 11856 35 12.002 10 0.0418532
1032 1.37439e+11 4.0357e+08 8038.16 37 11.1924 9 0.0391713
1033 1.37439e+11 8.4105e+08 15387.8 37 12.8936 11 0.0440151
1034 8.79609e+12 9.25697e+09 19309.8 43 12.875 12 0.0447089
1035 5.49756e+11 1.76789e+09 10337.1 39 12.3193 10 0.0450542
1036 5.49756e+11 1.17515e+09 15220.6 39 12.6963 11 0.0449683
1037 2.74878e+11 1.22559e+09 12211 38 12.3887 10 0.0441791
1038 1.37439e+11 7.53297e+08 12347.3 37 12.248 10 0.0458484
1039 1.37439e+11 6.68835e+08 15337.9 37 12.666 11 0.0457073
1040 2.74878e+11 8.66478e+08 12545.3 38 12.4951 10 0.0451115
1041 2.74878e+11 1.11502e+09 18073.7 38 13.0078 12 0.0456507
1042 6.87196e+10 5.64601e+08 19628 36 13.0879 12 0.0457552
1043 1.37439e+11 7.70314e+08 19880.5 37 13.0625 12 0.0454018
1044 1.09951e+12 1.82253e+09 37556.6 40 13.8115 14 0.0482425
1045 1.37439e+11 1.00284e+09 20165 37 13.4209 12 0.0488376
1046 2.74878e+11 1.55385e+09 20917.9 38 13.7002 12 0.0480816
1047 5.49756e+11 2.00881e+09 25021.4 39 13.8203 13 0.0482892
1048 1.09951e+12 1.77766e+09 15287.8 40 13.082 11 0.0459727
1049 4.39805e+12 6.54139e+09 27257.2 42 14.0986 13 0.0497055
1050 2.19902e+12 6.39935e+09 93906.4 41 15.1875 16 0.0516599
1051 1.09951e+12 2.79011e+09 58271.4 40 15.0195 15 0.0534252
1052 8.79609e+12 9.38266e+09 90342.4 43 15.0537 16 0.0515342
1053 5.49756e+11 2.154e+09 92651.3 39 15.0098 16 0.0531732
1054 4.39805e+12 5.97495e+09 55117.2 42 14.124 15 0.0491849
1055 3.51844e+13 3.61765e+10 160086 45 15.2793 17 0.0544612
1056 5.49756e+11 3.18409e+09 164456 39 16.0039 17 0.0542521
1057 2.74878e+11 1.81103e+09 94926.3 38 15.4541 16 0.0540802
1058 1.09951e+12 3.81257e+09 58192.8 40 15.0908 15 0.0531404
1059 5.49756e+11 2.16467e+09 159030 39 15.8018 17 0.0550977
1060 1.09951e+12 3.20928e+09 94349.7 40 15.7832 16 0.0551486
1061 2.19902e+12 3.88842e+09 95124.1 41 15.9258 16 0.0545687
1062 1.09951e+12 2.45027e+09 93332.5 40 15.3984 16 0.0543102
1063 5.49756e+11 2.84935e+09 58785.8 39 15.2275 15 0.0523943
1064 2.74878e+11 1.55381e+09 161393 38 15.7227 17 0.0550405
1065 2.19902e+12 5.09143e+09 94812.3 41 15.7051 16 0.0545086
1066 1.09951e+12 3.93294e+09 89458.2 40 14.9316 16 0.0524069
1067 5.49756e+11 1.87862e+09 95731.2 39 15.7461 16 0.0548242
1068 1.09951e+12 3.12491e+09 94897.9 40 15.6299 16 0.0548236
1069 2.19902e+12 3.96461e+09 90876.6 41 15.3232 16 0.0525585
1070 2.19902e+12 4.21908e+09 161393 41 16.2041 17 0.0572555
1071 4.39805e+12 1.28866e+10 94084.8 42 16.1875 16 0.0552298
1072 4.39805e+12 1.17577e+10 95180.2 42 16.2021 16 0.0538392
1073 2.19902e+12 9.71229e+09 292540 41 16.7324 18 0.0556586
1074 5.49756e+11 2.76518e+09 95704.1 39 16.0547 16 0.0548863
1075 2.19902e+12 4.8282e+09 94114.4 41 15.5879 16 0.053971
1076 4.39805e+12 1.0468e+10 163311 42 16.5303 17 0.0566313
1077 8.79609e+12 1.31904e+10 92017.5 43 16.0449 16 0.0540586
1078 2.19902e+12 6.74395e+09 163890 41 16.6719 17 0.0565597
1079 1.75922e+13 2.18299e+10 164517 44 16.5605 17 0.0558617
1080 8.79609e+12 1.45114e+10 163635 43 16.5938 17 0.0546912
1081 5.49756e+11 3.82048e+09 58505 39 15.457 15 0.0540311
1082 2.19902e+12 7.81148e+09 90777.1 41 15.6943 16 0.0530811
1083 3.51844e+13 6.33686e+10 58427.5 45 15.3535 15 0.0536658
1084 4.39805e+12 1.10981e+10 59595.7 42 15.6533 15 0.054408
1085 2.19902e+12 8.43132e+09 56003.3 41 15.1494 15 0.0538037
1086 4.39805e+12 2.01646e+10 59713.9 42 15.5986 15 0.0537561
1087 1.75922e+13 3.00725e+10 90677.2 44 15.4541 16 0.0527684
1088 8.79609e+12 1.4397e+10 164824 43 16.4834 17 0.0542468
1089 1.09951e+12 5.37289e+09 562504 40 17.3379 19 0.0573201
1090 4.39805e+12 7.33799e+09 563750 42 17.5771 19 0.0592858
1091 1.09951e+12 6.08022e+09 566083 40 17.7979 19 0.0584356
1092 3.51844e+13 5.12592e+10 563392 45 17.5674 19 0.0585722
1093 2.19902e+12 8.34213e+09 1.09249e+06 41 18.2031 20 0.059317
1094 2.74878e+11 3.73088e+09 2.14099e+06 38 18.6406 21 0.0608537
1095 4.39805e+12 8.56405e+09 1.09133e+06 42 18.1113 20 0.0590319
1096 1.75922e+13 3.12635e+10 1.09489e+06 44 18.373 20 0.0612095
1097 8.79609e+12 1.8673e+10 294467 43 16.5508 18 0.0578854
1098 7.03687e+13 7.60487e+10 1.09359e+06 46 18.5654 20 0.0613846
1099 4.39805e+12 2.18681e+10 1.08937e+06 42 18.6445 20 0.0610054
1100 8.79609e+12 1.29937e+10 1.08973e+06 43 18.4941 20 0.0609035
1101 8.79609e+12 1.52814e+10 560078 43 18.0264 19 0.060814
1102 4.39805e+12 1.40392e+10 297466 42 17.6572 18 0.0577478
1103 2.19902e+12 6.89304e+09 559388 41 17.457 19 0.0581606
1104 2.19902e+12 8.65147e+09 563710 41 18.2031 19 0.0595463
1105 1.75922e+13 2.69787e+10 299479 44 17.7432 18 0.0596869
1106 1.75922e+13 4.11412e+10 163827 44 17.5381 17 0.0596103
1107 4.39805e+12 6.05172e+09 159251 42 16.7881 17 0.0578699
1108 8.79609e+12 2.37402e+10 295092 43 17.8818 18 0.061285
1109 4.39805e+12 1.24831e+10 292212 42 17.6729 18 0.0627887
1110 8.79609e+12 1.40092e+10 297901 43 17.7852 18 0.0583762
1111 1.75922e+13 2.20152e+10 161910 44 16.4658 17 0.0562094
1112 7.03687e+13 7.85951e+10 300382 46 17.4492 18 0.0588624
1113 4.39805e+12 1.12164e+10 293271 42 16.999 18 0.0559484
1114 1.09951e+12 3.57069e+09 294309 40 16.7637 18 0.056774
1115 7.03687e+13 7.64835e+10 562177 46 18.1016 19 0.0597871
1116 8.79609e+12 1.42542e+10 564494 43 17.8447 19 0.0575464
1117 8.79609e+12 1.87547e+10 556089 43 17.6006 19 0.059883
1118 1.09951e+12 8.42326e+09 1.09111e+06 40 18.0479 20 0.0595312
1119 2.19902e+12 9.6235e+09 1.09309e+06 41 18.3662 20 0.0597171
1120 2.19902e+12 8.79144e+09 162012 41 16.8613 17 0.0557595
1121 4.39805e+12 1.17928e+10 297503 42 17.5322 18 0.0591548
1122 4.39805e+12 1.41035e+10 299513 42 17.5303 18 0.0572426
1123 2.19902e+12 1.68041e+10 296877 41 17.3643 18 0.0587698
1124 1.75922e+13 4.42904e+10 293992 44 17.0039 18 0.0596932
1125 2.19902e+12 1.47125e+10 562991 41 17.8174 19 0.0606456
1126 4.39805e+12 1.03404e+10 561096 42 17.5576 19 0.0613437
1127 4.39805e+12 8.62414e+09 560121 42 17.3721 19 0.058773
1128 1.75922e+13 3.64204e+10 294190 44 16.9189 18 0.0572874
1129 8.79609e+12 1.90227e+10 296691 43 17.0078 18 0.0568915
1130 4.39805e+12 8.81936e+09 162984 42 16.2354 17 0.0555332
1131 4.39805e+12 8.9299e+09 292499 42 16.627 18 0.0572076
1132 1.75922e+13 2.78101e+10 164049 44 16.9365 17 0.0564415
1133 2.19902e+12 8.61771e+09 295092 41 16.9736 18 0.0577921
1134 2.19902e+12 7.19892e+09 164017 41 16.8545 17 0.0572979
1135 8.79609e+12 3.13281e+10 555815 43 17.5537 19 0.0619267
1136 2.81475e+14 3.33863e+11 291342 48 17.1377 18 0.0590912
1137 3.51844e+13 5.64174e+10 295899 45 17.7383 18 0.0607779
1138 4.39805e+12 2.44759e+10 564143 42 18.3965 19 0.0603688
1139 8.79609e+12 3.79588e+10 1.08986e+06 43 18.6533 20 0.0630893
1140 7.03687e+13 9.72634e+10 562748 46 18.5605 19 0.0622922
1141 7.03687e+13 1.12103e+11 2.14932e+06 46 19.498 21 0.0638539
1142 7.03687e+13 1.42032e+11 1.09416e+06 46 19.624 20 0.064774
1143 1.75922e+13 6.45219e+10 2.14851e+06 44 19.6992 21 0.0652492
1144 7.03687e+13 1.48349e+11 2.14703e+06 46 19.6836 21 0.064498
1145 3.51844e+13 8.04345e+10 4.24318e+06 45 19.7422 22 0.0652479
1146 3.51844e+13 1.08873e+11 2.14826e+06 45 19.7832 21 0.0652034
1147 1.40737e+14 1.89296e+11 2.14838e+06 47 19.6963 21 0.0654003
1148 1.75922e+13 7.98172e+10 4.25294e+06 44 20.4727 22 0.0665108
1149 1.75922e+13 3.84339e+10 8.4432e+06 44 20.0254 23 0.0681317
1150 2.81475e+14 3.32249e+11 1.09275e+06 48 19.0166 20 0.0667324
1151 7.03687e+13 1.98151e+11 8.44408e+06 46 20.5654 23 0.0679214
1152 1.40737e+14 2.80439e+11 4.25075e+06 47 20.7373 22 0.0679531
1153 5.6295e+14 6.29285e+11 4.24672e+06 49 20.0586 22 0.0668485
1154 3.51844e+13 1.46244e+11 1.68392e+07 45 21.624 24 0.0702235
1155 7.03687e+13 1.80188e+11 1.68387e+07 46 21.7021 24 0.0713226
1156 7.03687e+13 1.99871e+11 1.68438e+07 46 21.8516 24 0.0695349
1157 2.81475e+14 3.40245e+11 1.68407e+07 48 21.3691 24 0.0694286
1158 7.03687e+13 1.41842e+11 1.68354e+07 46 20.9346 24 0.0671938
1159 3.51844e+13 5.98521e+10 1.68391e+07 45 21.4824 24 0.0701334
1160 7.03687e+13 1.53964e+11 3.36184e+07 46 22.1885 25 0.0719227
1161 1.75922e+13 5.34372e+10 3.36207e+07 44 22.4111 25 0.0733411
1162 3.51844e+13 8.2919e+10 3.36221e+07 45 22.3594 25 0.0723443
1163 1.75922e+13 1.23286e+11 6.7176e+07 44 22.9434 26 0.0757716
1164 2.81475e+14 4.24662e+11 3.36235e+07 48 22.7646 25 0.0756855
1165 1.75922e+13 9.48186e+10 1.68429e+07 44 22.3672 24 0.0750178
1166 1.40737e+14 3.34353e+11 3.36236e+07 47 22.2393 25 0.07388
1167 1.75922e+13 1.47638e+11 3.36243e+07 44 22.8643 25 0.0746781
1168 3.51844e+13 1.10931e+11 1.68438e+07 45 22.585 24 0.0758135
1169 3.51844e+13 1.16372e+11 3.36199e+07 45 22.1416 25 0.0729987
1170 2.81475e+14 6.22575e+11 6.71805e+07 48 22.9277 26 0.0765451
1171 2.81475e+14 7.77273e+11 3.36196e+07 48 22.1309 25 0.0755796
1172 2.81475e+14 3.94004e+11 3.36212e+07 48 22.3838 25 0.0743104
1173 5.6295e+14 8.42372e+11 3.3619e+07 49 21.5234 25 0.0709747
1174 8.79609e+12 7.2083e+10 3.36166e+07 43 21.583 25 0.0716937
1175 7.03687e+13 2.03209e+11 1.6835e+07 46 20.9346 24 0.0705219
1176 1.75922e+13 6.91055e+10 8.44782e+06 44 20.6309 23 0.0704723
1177 3.51844e+13 8.57681e+10 1.68373e+07 45 20.8789 24 0.0697848
1178 1.40737e+14 3.24398e+11 1.68345e+07 47 20.9375 24 0.0721086
1179 7.03687e+13 1.47273e+11 1.68377e+07 46 20.7432 24 0.0696666
1180 3.51844e+13 1.09119e+11 1.6838e+07 45 21.4453 24 0.0719731
1181 2.81475e+14 7.2468e+11 1.6836e+07 48 21.2832 24 0.0702539
1182 1.40737e+14 2.61447e+11 4.24839e+06 47 19.9609 22 0.0688102
1183 7.03687e+13 1.70534e+11 2.14694e+06 46 20.4502 21 0.070336
1184 1.40737e+14 3.71655e+11 4.24637e+06 47 20.0791 22 0.068933
1185 7.03687e+13 1.694e+11 4.24672e+06 46 20.0479 22 0.0686223
1186 1.40737e+14 2.31135e+11 8.44802e+06 47 20.5186 23 0.0697975
1187 1.75922e+13 5.40487e+10 8.44544e+06 44 20.2139 23 0.0697061
1188 8.79609e+12 6.94526e+10 4.24536e+06 43 20.0137 22 0.0707485
1189 3.51844e+13 1.40177e+11 4.24781e+06 45 20.1699 22 0.0699393
1190 2.81475e+14 2.9959e+11 1.09342e+06 48 18.7949 20 0.0658947
1191 7.03687e+13 1.917e+11 3.36234e+07 46 21.9141 25 0.0733236
1192 7.03687e+13 1.82476e+11 1.6836e+07 46 21.2959 24 0.0710883
1193 1.75922e+13 1.19069e+11 3.36198e+07 44 21.8281 25 0.0718427
1194 7.03687e+13 2.36557e+11 3.36156e+07 46 21.9229 25 0.0730161
1195 1.1259e+15 1.26761e+12 1.68361e+07 50 21.0059 24 0.0698901
1196 2.81475e+14 6.162e+11 6.71861e+07 48 23.5508 26 0.0771772
1197 2.81475e+14 3.66063e+11 3.36218e+07 48 21.1973 25 0.0714858
1198 2.81475e+14 5.11186e+11 1.34287e+08 48 23.0898 27 0.0749242
1199 7.03687e+13 2.34995e+11 6.71821e+07 46 22.5791 26 0.0734955
1200 2.81475e+14 7.12113e+11 6.7176e+07 48 22.5234 26 0.0739975
1201 5.6295e+14 7.26391e+11 3.36246e+07 49 22.3896 25 0.0744128
1202 1.40737e+14 2.59273e+11 3.36201e+07 47 22.0908 25 0.0733762
1203 3.51844e+13 1.60873e+11 3.36225e+07 45 22.2686 25 0.0750792
1204 3.51844e+13 1.41503e+11 3.36186e+07 45 21.6533 25 0.0732954
1205 5.6295e+14 8.00517e+11 3.36193e+07 49 21.6777 25 0.073938
1206 7.03687e+13 1.85614e+11 6.71778e+07 46 22.8936 26 0.0759983
1207 1.40737e+14 3.68879e+11 6.71806e+07 47 22.9932 26 0.0769409
1208 1.1259e+15 2.23007e+12 6.71817e+07 50 23.167 26 0.0777711
1209 7.03687e+13 1.52147e+11 6.71807e+07 46 22.9053 26 0.0767688
1210 2.81475e+14 5.27232e+11 6.71839e+07 48 23.209 26 0.0770462
1211 2.81475e+14 6.13386e+11 3.36242e+07 48 22.1309 25 0.0743912
1212 2.81475e+14 3.83971e+11 3.36265e+07 48 22.0811 25 0.0730384
1213 3.51844e+13 1.11104e+11 6.71844e+07 45 23.0518 26 0.076941
1214 1.40737e+14 5.64225e+11 3.36241e+07 47 22.4121 25 0.0757306
1215 3.51844e+13 1.43358e+11 3.36218e+07 45 22.2432 25 0.075348
1216 2.81475e+14 5.78378e+11 6.71746e+07 48 22.4111 26 0.0779392
1217 5.6295e+14 7.11078e+11 3.36251e+07 49 22.1914 25 0.077178
1218 2.81475e+14 4.50838e+11 6.71743e+07 48 22.6172 26 0.0757675
1219 2.81475e+14 9.23947e+11 6.71847e+07 48 23.3447 26 0.0812197
1220 2.2518e+15 2.91965e+12 3.36241e+07 51 22.9111 25 0.0786503
1221 7.03687e+13 3.6268e+11 1.343e+08 46 24.3447 27 0.0835563
1222 2.2518e+15 4.23286e+12 1.34293e+08 51 23.6719 27 0.0810147
1223 2.81475e+14 8.06692e+11 6.71831e+07 48 23.2285 26 0.0825651
1224 4.5036e+15 9.3361e+12 6.71827e+07 52 23.1875 26 0.0811052
1225 1.40737e+14 6.03243e+11 6.71798e+07 47 23.5293 26 0.0799597
1226 2.81475e+14 7.3955e+11 6.71807e+07 48 23.4863 26 0.0806354
1227 4.5036e+15 4.76595e+12 6.71808e+07 52 23.501 26 0.0829203
1228 5.6295e+14 1.7648e+12 5.36952e+08 49 25.1611 29 0.0875926
1229 2.2518e+15 2.70912e+12 2.68515e+08 51 24.5381 28 0.0832974
1230 9.0072e+15 9.74515e+12 2.68522e+08 53 24.71 28 0.0845926
1231 1.40737e+14 1.00187e+12 2.68521e+08 47 24.3174 28 0.0837677
1232 5.6295e+14 1.61897e+12 2.68512e+08 49 23.8115 28 0.0821562
1233 1.40737e+14 6.82328e+11 3.36237e+07 47 22.6602 25 0.082114
1234 5.6295e+14 9.47388e+11 2.68512e+08 49 23.4658 28 0.0817378
1235 1.1259e+15 2.58843e+12 1.34296e+08 50 23.9756 27 0.0822839
1236 5.6295e+14 1.19304e+12 1.34295e+08 49 23.5957 27 0.0805421
1237 7.03687e+13 4.97682e+11 2.6852e+08 46 24.9346 28 0.0853283
1238 2.81475e+14 8.40844e+11 1.34297e+08 48 24.1436 27 0.0851046
1239 5.6295e+14 1.09354e+12 2.68515e+08 49 24.5977 28 0.0845775
1240 2.81475e+14 1.45141e+12 1.07383e+09 48 25.8594 30 0.0872046
1241 1.40737e+14 6.52949e+11 1.34298e+08 47 23.7549 27 0.0834738
1242 7.03687e+13 3.74888e+11 2.68513e+08 46 24.0566 28 0.0857242
1243 1.1259e+15 2.92565e+12 2.68519e+08 50 24.6914 28 0.0867805
1244 2.81475e+14 7.06414e+11 1.34298e+08 48 23.7314 27 0.0881445
1245 1.80144e+16 1.80735e+13 1.34301e+08 54 24.3145 27 0.0831703
1246 2.81475e+14 7.84311e+11 2.6852e+08 48 24.3086 28 0.0885799
1247 4.5036e+15 4.74556e+12 1.34296e+08 52 23.4004 27 0.0821446
1248 5.6295e+14 1.02227e+12 1.34301e+08 49 23.916 27 0.0872263
1249 1.40737e+14 9.36184e+11 5.36949e+08 47 25.5596 29 0.0899869
1250 5.6295e+14 1.58756e+12 2.68513e+08 49 24.3154 28 0.085413
1251 2.81475e+14 1.07129e+12 5.3696e+08 48 25.7246 29 0.0883707
1252 5.6295e+14 2.22625e+12 2.68511e+08 49 24.7725 28 0.085318
1253 7.03687e+13 7.1328e+11 5.36955e+08 46 25.6143 29 0.0883349
1254 9.0072e+15 9.54311e+12 2.68516e+08 53 24.8623 28 0.085818
1255 5.6295e+14 1.54911e+12 5.36954e+08 49 25.8066 29 0.0892744
1256 1.1259e+15 1.93322e+12 5.36957e+08 50 25.1953 29 0.089174
1257 2.81475e+14 7.83196e+11 2.68518e+08 48 24.957 28 0.0886131
1258 2.81475e+14 1.3407e+12 2.68516e+08 48 24.998 28 0.0902565
1259 2.2518e+15 3.03392e+12 2.68516e+08 51 24.5381 28 0.0891929
1260 4.5036e+15 5.76795e+12 3.36219e+07 52 22.9082 25 0.0833697
1261 2.81475e+14 1.15616e+12 1.3429e+08 48 24.1865 27 0.0854864
1262 1.1259e+15 3.10476e+12 3.36256e+07 50 22.9023 25 0.0849934
1263 2.81475e+14 1.59351e+12 1.34298e+08 48 24.3311 27 0.0930616
1264 9.0072e+15 9.85402e+12 6.71818e+07 53 23.4668 26 0.0840964
1265 1.1259e+15 3.94038e+12 2.68511e+08 50 24.7559 28 0.0880426
1266 1.1259e+15 2.43208e+12 5.36955e+08 50 25.1631 29 0.0887984
1267 5.6295e+14 1.92611e+12 2.6852e+08 49 24.9707 28 0.0926482
1268 1.1259e+15 2.26444e+12 1.07383e+09 50 25.8389 30 0.0934102
1269 1.1259e+15 2.96208e+12 4.29505e+09 50 26.334 32 0.0918885
1270 7.03687e+13 4.63102e+11 1.07384e+09 46 25.9668 30 0.0942052
1271 2.2518e+15 3.67262e+12 5.36956e+08 51 24.877 29 0.0937998
1272 4.5036e+15 6.45258e+12 5.36964e+08 52 24.9619 29 0.093597
1273 2.81475e+14 8.98585e+11 5.36955e+08 48 25.5078 29 0.0914601
1274 2.81475e+14 8.84598e+11 5.36963e+08 48 25.0527 29 0.0929024
1275 4.5036e+15 5.47868e+12 2.68509e+08 52 24.1562 28 0.0889137
1276 1.1259e+15 3.80474e+12 5.36965e+08 50 24.9199 29 0.0872314
1277 2.2518e+15 3.13346e+12 1.07384e+09 51 25.5049 30 0.0901007
1278 5.6295e+14 1.58982e+12 2.14758e+09 49 26.4121 31 0.0923279
1279 5.6295e+14 2.12599e+12 2.68521e+08 49 24.9365 28 0.0881397
1280 3.60288e+16 3.59856e+13 2.68517e+08 55 24.4727 28 0.0931275
1281 5.6295e+14 1.75078e+12 5.36951e+08 49 24.2734 29 0.0859484
1282 2.2518e+15 2.90044e+12 2.68523e+08 51 24.4375 28 0.0840453
1283 1.1259e+15 2.68479e+12 1.3429e+08 50 23.5342 27 0.0845617
1284 5.6295e+14 1.48532e+12 2.68511e+08 49 23.4707 28 0.0867454
1285 2.2518e+15 3.67218e+12 1.34297e+08 51 23.9512 27 0.0844282
1286 2.2518e+15 3.79383e+12 2.68516e+08 51 24.7754 28 0.0885434
1287 1.1259e+15 1.72539e+12 1.34293e+08 50 23.6924 27 0.0814593
1288 4.5036e+15 7.25089e+12 1.34295e+08 52 23.4258 27 0.0831353
1289 2.81475e+14 1.45008e+12 2.68518e+08 48 24.2578 28 0.0841314
1290 9.0072e+15 1.041e+13 1.07384e+09 53 25.4453 30 0.0892342
1291 2.81475e+14 9.7596e+11 1.07384e+09 48 25.5098 30 0.0900031
1292 5.6295e+14 2.42325e+12 5.36957e+08 49 25.2402 29 0.089505
1293 5.6295e+14 1.8717e+12 5.36958e+08 49 24.8125 29 0.0913207
1294 1.1259e+15 3.3208e+12 2.68522e+08 50 24.126 28 0.0869261
1295 5.6295e+14 1.76454e+12 2.68518e+08 49 24.3389 28 0.0867485
1296 4.5036e+15 5.84974e+12 1.34298e+08 52 23.7168 27 0.0874301
1297 2.2518e+15 4.26405e+12 1.07383e+09 51 25.6826 30 0.0926259
1298 1.80144e+16 1.86911e+13 5.3697e+08 54 25.2715 29 0.0901626
1299 5.6295e+14 1.91295e+12 1.07384e+09 49 25.7275 30 0.0909208
1300 2.81475e+14 1.39239e+12 1.07384e+09 48 25.2051 30 0.0932689
1301 1.1259e+15 3.73579e+12 1.07383e+09 50 24.8613 30 0.0924181
1302 1.80144e+16 2.89166e+13 1.07383e+09 54 25.9951 30 0.0932286
1303 1.1259e+15 3.34914e+12 4.29507e+09 50 26.7637 32 0.0969299
1304 9.0072e+15 1.31352e+13 8.59005e+09 53 27.583 33 0.100024
1305 5.6295e+14 2.93581e+12 2.14758e+09 49 26.1025 31 0.094144
1306 2.2518e+15 6.85045e+12 4.29507e+09 51 26.7266 32 0.0980012
1307 4.5036e+15 6.24503e+12 4.29507e+09 52 26.5771 32 0.0998463
1308 9.0072e+15 1.24422e+13 8.59004e+09 53 27.667 33 0.106209
1309 5.6295e+14 1.75964e+12 4.29507e+09 49 26.5742 32 0.0980008
1310 1.1259e+15 3.81819e+12 2.14758e+09 50 25.208 31 0.0922516
1311 5.6295e+14 1.78853e+12 2.14758e+09 49 25.7773 31 0.0947003
1312 1.40737e+14 1.01347e+12 2.14758e+09 47 25.6504 31 0.0915899
1313 3.60288e+16 3.70931e+13 2.14758e+09 55 26.166 31 0.0936344
1314 5.6295e+14 2.58166e+12 1.07383e+09 49 23.6104 30 0.0907533
1315 2.2518e+15 1.00616e+13 2.14759e+09 51 25.6426 31 0.0966319
1316 5.6295e+14 3.09543e+12 5.36956e+08 49 24.5986 29 0.0978226
1317 1.1259e+15 3.49615e+12 2.68517e+08 50 23.8467 28 0.100258
1318 2.81475e+14 1.88029e+12 2.68515e+08 48 23.8457 28 0.0910839
1319 1.80144e+16 1.94633e+13 6.71784e+07 54 23.0342 26 0.087621
1320 2.2518e+15 4.29889e+12 1.34291e+08 51 23.8516 27 0.0934994
1321 4.5036e+15 5.85519e+12 5.36962e+08 52 24.1387 29 0.0976818
1322 4.5036e+15 7.13133e+12 5.36956e+08 52 24.8809 29 0.102525
1323 2.2518e+15 5.78271e+12 6.7184e+07 51 22.5146 26 0.0971436
1324 5.6295e+14 2.297e+12 2.68518e+08 49 23.9824 28 0.0980313
1325 1.1259e+15 2.28071e+12 2.68513e+08 50 23.7344 28 0.0930826
1326 5.6295e+14 2.47366e+12 1.07384e+09 49 24.3174 30 0.0981251
1327 3.60288e+16 3.96272e+13 4.29507e+09 55 25.4688 32 0.100374
1328 4.5036e+15 6.10768e+12 8.59004e+09 52 26.8984 33 0.0977071
1329 9.0072e+15 1.54821e+13 4.29506e+09 53 25.9072 32 0.102678
1330 5.6295e+14 4.46656e+12 8.59004e+09 49 28.2178 33 0.102655
1331 1.1259e+15 3.45749e+12 8.59004e+09 50 26.8027 33 0.10003
1332 5.6295e+14 2.71887e+12 4.29507e+09 49 26.5449 32 0.105044
1333 4.5036e+15 1.88341e+13 4.29507e+09 52 26.7979 32 0.10461
1334 2.2518e+15 8.58466e+12 8.59004e+09 51 27.9463 33 0.109672
1335 3.60288e+16 4.25403e+13 8.59004e+09 55 27.2188 33 0.102159
1336 1.80144e+16 3.19015e+13 1.718e+10 54 29.2002 34 0.108048
1337 7.20576e+16 1.01741e+14 1.718e+10 56 30.3369 34 0.114791
1338 9.0072e+15 1.42981e+13 3.43598e+10 53 31.0283 35 0.11451
1339 1.1259e+15 4.29327e+12 1.718e+10 50 29.8955 34 0.113587
1340 3.60288e+16 4.24123e+13 1.718e+10 55 29.1494 34 0.109641
1341 2.2518e+15 6.6235e+12 3.43598e+10 51 30.8984 35 0.116912
1342 9.0072e+15 1.93183e+13 1.718e+10 53 29.5537 34 0.109109
1343 1.80144e+16 2.53345e+13 1.718e+10 54 29.2393 34 0.112085
1344 1.80144e+16 2.94447e+13 1.718e+10 54 27.9951 34 0.105066
1345 2.2518e+15 8.28926e+12 3.43598e+10 51 30.9238 35 0.113283
1346 1.1259e+15 5.22609e+12 1.718e+10 50 28.0469 34 0.112575
1347 4.5036e+15 1.05566e+13 1.718e+10 52 30.2021 34 0.112788
1348 9.0072e+15 1.5064e+13 1.718e+10 53 28.8936 34 0.113196
1349 1.1259e+15 7.20194e+12 3.43599e+10 50 30.999 35 0.11448
1350 1.80144e+16 3.64928e+13 1.718e+10 54 29.2246 34 0.128126
1351 4.5036e+15 9.78994e+12 1.718e+10 52 27.7939 34 0.104041
1352 9.0072e+15 1.64733e+13 1.718e+10 53 29.5205 34 0.112974
1353 2.2518e+15 8.70875e+12 1.718e+10 51 28.5479 34 0.107844
1354 1.1259e+15 4.93561e+12 1.718e+10 50 29.0537 34 0.110373
1355 1.1259e+15 6.38787e+12 1.718e+10 50 29.3877 34 0.110427
1356 3.60288e+16 4.41205e+13 1.718e+10 55 28.7471 34 0.108958
1357 1.1259e+15 6.41923e+12 1.718e+10 50 28.0205 34 0.104858
1358 2.2518e+15 1.24382e+13 1.718e+10 51 28.293 34 0.10499
1359 2.2518e+15 6.59001e+12 1.718e+10 51 27.4463 34 0.105001
1360 1.80144e+16 2.98318e+13 1.718e+10 54 28.2627 34 0.111594
1361 9.0072e+15 1.36007e+13 1.718e+10 53 28.3516 34 0.109655
1362 1.1259e+15 6.05628e+12 1.718e+10 50 28.7188 34 0.109807
1363 4.5036e+15 1.53937e+13 1.718e+10 52 28.1709 34 0.111891
1364 1.1259e+15 8.84495e+12 1.718e+10 50 27.9951 34 0.106559
1365 1.1259e+15 4.88678e+12 1.718e+10 50 27.792 34 0.104355
1366 1.1259e+15 6.88548e+12 1.718e+10 50 28.0332 34 0.106323
1367 7.20576e+16 9.68395e+13 1.718e+10 56 28.8799 34 0.109124
1368 1.1259e+15 6.38791e+12 1.718e+10 50 27.8525 34 0.105411
1369 1.80144e+16 2.80889e+13 1.718e+10 54 28.3359 34 0.10794
1370 4.5036e+15 1.06495e+13 1.718e+10 52 28.9023 34 0.111925
1371 7.20576e+16 9.49548e+13 1.718e+10 56 29.9512 34 0.112515
1372 2.2518e+15 6.93014e+12 1.718e+10 51 29.8408 34 0.110955
1373 2.2518e+15 9.82297e+12 1.718e+10 51 28.5 34 0.109682
1374 2.2518e+15 1.22947e+13 1.718e+10 51 29.4639 34 0.109431
1375 4.5036e+15 1.05042e+13 1.718e+10 52 29.3584 34 0.111404
1376 1.44115e+17 1.73275e+14 1.718e+10 57 29.3105 34 0.110041
1377 2.2518e+15 7.01628e+12 1.718e+10 51 29.1436 34 0.112309
1378 2.2518e+15 9.47314e+12 1.718e+10 51 28.6504 34 0.112045
1379 2.2518e+15 9.4896e+12 1.718e+10 51 28.8203 34 0.110133
1380 5.6295e+14 3.53962e+12 1.718e+10 49 28.0234 34 0.110637
1381 4.5036e+15 1.0153e+13 1.718e+10 52 28.1543 34 0.110296
1382 2.2518e+15 7.9553e+12 1.718e+10 51 29.042 34 0.111478
1383 1.1259e+15 5.06905e+12 1.718e+10 50 27.7881 34 0.108488
1384 1.1259e+15 5.14869e+12 8.59006e+09 50 27.8945 33 0.104145
1385 5.6295e+14 5.75982e+12 8.59005e+09 49 27.8447 33 0.104559
1386 5.6295e+14 4.23135e+12 8.59006e+09 49 27.873 33 0.10783
1387 4.5036e+15 1.39659e+13 4.29509e+09 52 26.6211 32 0.103648
1388 2.2518e+15 5.89504e+12 8.59003e+09 51 26.1377 33 0.098634
1389 5.6295e+14 5.72508e+12 4.29507e+09 49 26.3555 32 0.102576
1390 2.2518e+15 5.11678e+12 8.59004e+09 51 26.4375 33 0.102387
1391 4.5036e+15 1.42616e+13 8.59003e+09 52 26.7178 33 0.104599
1392 5.6295e+14 3.99583e+12 8.59005e+09 49 27.1602 33 0.110927
1393 1.80144e+16 2.14433e+13 8.59006e+09 54 26.8389 33 0.107027
1394 1.1259e+15 5.02263e+12 1.718e+10 50 29.0986 34 0.113765
1395 1.80144e+16 2.87812e+13 1.718e+10 54 27.6289 34 0.108435
1396 1.1259e+15 7.0335e+12 1.718e+10 50 25.9941 34 0.105701
1397 9.0072e+15 1.95142e+13 8.59006e+09 53 27.3047 33 0.105981
1398 5.76461e+17 5.88044e+14 1.718e+10 59 28.0312 34 0.10912
1399 1.1259e+15 7.75617e+12 1.718e+10 50 28.0889 34 0.109181
1400 4.5036e+15 2.03157e+13 4.29508e+09 52 27.1641 32 0.109097
1401 3.60288e+16 4.66246e+13 4.29506e+09 55 26.1309 32 0.100829
1402 3.60288e+16 4.52883e+13 1.718e+10 55 27.959 34 0.104823
1403 4.5036e+15 1.52409e+13 1.718e+10 52 28.252 34 0.105962
1404 5.6295e+14 5.6431e+12 1.718e+10 49 27.9268 34 0.107761
1405 1.1259e+15 8.37043e+12 8.59005e+09 50 27.1914 33 0.103612
1406 1.1259e+15 7.05877e+12 4.29506e+09 50 26.1572 32 0.0998289
1407 1.1259e+15 8.37825e+12 1.718e+10 50 27.7021 34 0.107038
1408 9.0072e+15 1.65645e+13 1.718e+10 53 27.7031 34 0.109241
1409 2.2518e+15 7.89028e+12 8.59005e+09 51 27.4414 33 0.104785
1410 5.6295e+14 6.19787e+12 8.59004e+09 49 26.665 33 0.102
1411 1.1259e+15 4.82771e+12 8.59003e+09 50 26.6143 33 0.100304
1412 5.6295e+14 5.06523e+12 8.59002e+09 49 26.8408 33 0.102801
1413 4.5036e+15 9.15494e+12 8.59003e+09 52 27.1738 33 0.103928
1414 4.5036e+15 1.39889e+13 1.718e+10 52 28.6074 34 0.108465
1415 1.1259e+15 7.83592e+12 1.718e+10 50 27.9756 34 0.107517
1416 4.5036e+15 1.07842e+13 8.59005e+09 52 27.3486 33 0.105669
1417 2.2518e+15 1.4046e+13 1.718e+10 51 29.4229 34 0.111926
1418 2.2518e+15 9.19391e+12 8.59004e+09 51 27.4678 33 0.10259
1419 2.2518e+15 9.21582e+12 1.718e+10 51 28.3262 34 0.107874
1420 4.5036e+15 1.75827e+13 1.718e+10 52 28.7129 34 0.107941
1421 1.44115e+17 1.5302e+14 1.718e+10 57 27.9072 34 0.106562
1422 9.0072e+15 1.83354e+13 3.43599e+10 53 30.7598 35 0.114125
1423 2.2518e+15 1.05311e+13 3.43598e+10 51 30.1465 35 0.11283
1424 4.5036e+15 1.33918e+13 1.718e+10 52 29.085 34 0.109608
1425 2.2518e+15 8.42965e+12 1.718e+10 51 28.9805 34 0.107669
1426 1.1259e+15 7.78679e+12 1.718e+10 50 28.8066 34 0.110062
1427 2.2518e+15 1.14866e+13 1.718e+10 51 29.499 34 0.111949
1428 5.6295e+14 4.75601e+12 1.718e+10 49 27.9434 34 0.109615
1429 4.5036e+15 1.88775e+13 1.718e+10 52 29.0312 34 0.117501
1430 2.2518e+15 1.03517e+13 1.718e+10 51 28.6543 34 0.112986
1431 4.5036e+15 1.75835e+13 1.718e+10 52 28.1641 34 0.112234
1432 1.80144e+16 2.5326e+13 1.718e+10 54 28.123 34 0.110245
1433 1.80144e+16 2.63179e+13 1.718e+10 54 28.8984 34 0.116133
1434 3.60288e+16 4.22273e+13 1.718e+10 55 28.1279 34 0.107807
1435 1.44115e+17 1.69625e+14 1.718e+10 57 30.0039 34 0.11333
1436 4.5036e+15 1.24417e+13 1.718e+10 52 27.5293 34 0.110672
1437 4.5036e+15 1.0786e+13 1.718e+10 52 27.6895 34 0.109225
1438 2.2518e+15 1.09376e+13 1.718e+10 51 27.3242 34 0.108585
1439 5.6295e+14 7.61292e+12 1.718e+10 49 27.6377 34 0.10728
1440 4.5036e+15 2.16742e+13 1.718e+10 52 27.6924 34 0.10765
1441 1.80144e+16 3.75464e+13 1.718e+10 54 28.4951 34 0.116761
1442 4.5036e+15 1.88118e+13 1.718e+10 52 29.5488 34 0.116503
1443 9.0072e+15 2.30626e+13 3.43598e+10 53 29.0244 35 0.114883
1444 9.0072e+15 1.68155e+13 3.43598e+10 53 29.6387 35 0.116388
1445 9.0072e+15 2.16294e+13 3.43598e+10 53 29.2725 35 0.115226
1446 4.5036e+15 1.61619e+13 1.718e+10 52 27.5645 34 0.117502
1447 1.44115e+17 2.19487e+14 1.718e+10 57 28.9775 34 0.114232
1448 4.5036e+15 1.09225e+13 1.718e+10 52 28.9209 34 0.11879
1449 7.20576e+16 9.2263e+13 1.718e+10 56 29.0205 34 0.111293
1450 9.22337e+18 9.02206e+15 3.43599e+10 63 30.6113 35 0.115029
1451 4.5036e+15 1.98734e+13 6.87196e+10 52 31.9854 36 0.118684
1452 4.5036e+15 1.57765e+13 3.43599e+10 52 30.3086 35 0.117235
1453 3.60288e+16 6.14008e+13 3.43598e+10 55 29.7471 35 0.113222
1454 9.0072e+15 1.92773e+13 3.43598e+10 53 30.5898 35 0.114375
1455 2.2518e+15 9.59744e+12 1.718e+10 51 28.7236 34 0.117776
1456 9.0072e+15 2.26693e+13 1.718e+10 53 29.6768 34 0.116854
1457 4.5036e+15 1.34887e+13 3.43599e+10 52 30.1074 35 0.115704
1458 2.2518e+15 1.509e+13 1.718e+10 51 29.5771 34 0.116078
1459 1.80144e+16 2.62938e+13 1.718e+10 54 28.8496 34 0.111083
1460 2.2518e+15 1.05341e+13 3.43599e+10 51 30.7559 35 0.11369
1461 1.1259e+15 8.53186e+12 1.718e+10 50 29.9365 34 0.111808
1462 1.44115e+17 1.64448e+14 3.43598e+10 57 29.5479 35 0.114246
1463 2.2518e+15 1.09265e+13 3.43598e+10 51 30.3545 35 0.115085
1464 1.1259e+15 7.79023e+12 1.718e+10 50 29.3662 34 0.119334
1465 2.2518e+15 1.40818e+13 1.718e+10 51 29.7588 34 0.119259
1466 4.5036e+15 1.3894e+13 1.718e+10 52 29.0518 34 0.11454
1467 1.80144e+16 3.09619e+13 3.43599e+10 54 30.668 35 0.120723
1468 9.0072e+15 2.85166e+13 1.718e+10 53 29.4941 34 0.119115
1469 2.2518e+15 1.0063e+13 1.718e+10 51 29.167 34 0.114468
1470 1.80144e+16 3.23905e+13 1.718e+10 54 28.2461 34 0.109018
1471 9.0072e+15 2.38897e+13 3.43599e+10 53 30.1416 35 0.113506
1472 1.80144e+16 3.44561e+13 1.718e+10 54 30.3906 34 0.123138
1473 3.60288e+16 4.6197e+13 1.718e+10 55 29.4834 34 0.114265
1474 1.80144e+16 3.43706e+13 1.718e+10 54 30.2051 34 0.114449
1475 4.5036e+15 1.85655e+13 3.43599e+10 52 30.7236 35 0.118959
1476 1.1259e+15 7.2711e+12 1.718e+10 50 29.7803 34 0.121308
1477 4.5036e+15 1.73759e+13 1.718e+10 52 29.2393 34 0.11843
1478 2.2518e+15 8.2645e+12 1.718e+10 51 29.7656 34 0.113899
1479 9.0072e+15 1.82497e+13 3.43598e+10 53 30.25 35 0.11676
1480 2.81475e+14 5.14346e+12 3.43598e+10 48 29.4619 35 0.11212
1481 9.0072e+15 3.55372e+13 3.43598e+10 53 29.5264 35 0.114317
1482 2.2518e+15 1.04451e+13 1.718e+10 51 28.3662 34 0.10837
1483 7.20576e+16 9.56282e+13 3.43598e+10 56 29.2051 35 0.113783
1484 1.80144e+16 3.64808e+13 6.87196e+10 54 30.7969 36 0.115524
1485 1.80144e+16 3.1195e+13 3.43599e+10 54 30.2012 35 0.113237
1486 4.5036e+15 2.19086e+13 3.43598e+10 52 28.4648 35 0.108709
1487 5.6295e+14 6.51574e+12 1.718e+10 49 28.7383 34 0.108445
1488 3.60288e+16 8.60571e+13 3.43598e+10 55 28.8955 35 0.11183
1489 1.80144e+16 3.38599e+13 1.718e+10 54 29.2168 34 0.111463
1490 3.60288e+16 4.74328e+13 1.718e+10 55 28.4102 34 0.108782
1491 4.5036e+15 2.74235e+13 3.43599e+10 52 30.2793 35 0.112928
1492 7.20576e+16 8.26781e+13 3.43598e+10 56 28.9648 35 0.113634
1493 1.44115e+17 1.89895e+14 3.43599e+10 57 30.8232 35 0.114549
1494 4.5036e+15 1.4881e+13 1.718e+10 52 29.8574 34 0.113769
1495 1.44115e+17 1.57925e+14 3.43599e+10 57 30.9639 35 0.114928
1496 4.5036e+15 1.77981e+13 3.43599e+10 52 30.4326 35 0.112531
1497 9.0072e+15 3.41878e+13 3.43599e+10 53 30.5586 35 0.116961
1498 9.0072e+15 1.5883e+13 3.43599e+10 53 30.2656 35 0.111807
1499 2.2518e+15 1.60183e+13 6.87196e+10 51 31.208 36 0.11527
