374.608
0 110.903 7.62524 4 1 0.0332031 0 0.0106312
1 111.937 9.04376 5 1 0.0439453 0 0.010726
2 434.412 9.46408 5 2 0.0429688 0 0.010801
3 110.371 10.2365 5 1 0.0517578 0 0.0111077
4 434.954 9.99412 5 2 0.046875 0 0.0111318
5 434.639 9.66744 5 2 0.0439453 0 0.0111172
6 435.117 9.81278 5 2 0.0439453 0 0.0111229
7 111.425 9.85442 6 1 0.0458984 0 0.011243
8 434.954 10.3239 5 2 0.0410156 0 0.0113195
9 114.366 8.64719 5 1 0.0361328 0 0.0111742
10 1010.21 11.2221 6 3 0.0507812 0 0.0112928
11 435.149 9.74236 6 2 0.0419922 0 0.0113777
12 435.151 11.9909 5 2 0.0566406 0 0.0113363
13 435.151 12.0144 6 2 0.0605469 0 0.0114269
14 434.639 10.3422 6 2 0.0498047 0 0.0112399
15 435.127 14.0815 6 2 0.0742188 0 0.0113301
16 435.127 13.2379 6 2 0.0673828 0 0.0118115
17 1010.79 11.1395 6 3 0.0488281 0 0.0112738
18 434.639 11.7474 6 2 0.0634766 0 0.0111925
19 112.44 11.1648 6 1 0.0576172 0 0.0116997
20 434.954 10.9385 6 2 0.0507812 0 0.011513
21 435.053 11.6797 6 2 0.0546875 0 0.0114742
22 435.149 13.8189 6 2 0.0703125 0 0.0113877
23 434.954 11.272 6 2 0.0537109 0 0.0113797
24 1011.78 12.6973 6 3 0.0576172 0 0.0114254
25 434.954 14.0939 6 2 0.0771484 0 0.0117763
26 435.151 9.98458 6 2 0.0419922 0 0.0114316
27 434.818 11.9811 6 2 0.0615234 0 0.0114067
28 435.149 11.9562 6 2 0.0585938 0 0.0114099
29 435.151 12.4433 6 2 0.0654297 0 0.0117839
30 1006.68 13.0669 6 3 0.0625 0 0.0119807
31 435.149 12.4743 6 2 0.0615234 0 0.0114945
32 1010.21 12.6504 6 3 0.0566406 0 0.0114496
33 435.053 12.7265 6 2 0.0625 0 0.0115237
34 434.818 12.7447 6 2 0.0644531 0 0.0115594
35 110.903 10.4182 6 1 0.046875 0 0.0114785
36 435.151 11.8717 6 2 0.0595703 0 0.01171
37 435.053 13.353 6 2 0.0683594 0 0.0117654
38 112.934 13.069 6 1 0.0722656 0 0.0119118
39 434.954 13.2766 6 2 0.0712891 0 0.0116554
40 435.053 13.2485 6 2 0.0654297 0 0.012428
41 435.053 13.7244 6 2 0.0703125 0 0.0118626
42 435.127 13.8166 6 2 0.0712891 0 0.0118488
43 1011.31 15.7351 6 3 0.0849609 0 0.0118785
44 435.151 14.0889 6 2 0.0693359 0 0.0118875
45 435.127 14.6369 7 2 0.0693359 0 0.0119145
46 435.151 15.7596 7 2 0.078125 0 0.0119915
47 109.829 12.7701 7 1 0.0644531 0 0.0120097
48 434.954 11.8508 7 2 0.0507812 0 0.0118701
49 434.781 13.3772 7 2 0.0683594 0 0.0119507
50 434.818 13.351 7 2 0.0654297 0 0.0119174
51 435.149 15.0954 7 2 0.0771484 0 0.0118819
52 435.149 14.4217 7 2 0.0751953 0 0.012024
53 435.149 14.3816 7 2 0.0722656 0 0.012069
54 113.419 14.2856 7 1 0.0761719 0 0.0123665
55 435.151 16.0312 7 2 0.0869141 0 0.0120287
56 435.127 16.0945 7 2 0.0888672 0 0.0124923
57 435.053 15.7213 8 2 0.0791016 0 0.0123165
58 435.149 16.1555 8 2 0.0859375 0 0.0122285
59 435.149 13.5256 7 2 0.0644531 0 0.0122375
60 435.151 15.886 7 2 0.0791016 0 0.0124194
61 435.151 15.301 7 2 0.0751953 0 0.0122858
62 435.151 15.3688 8 2 0.0751953 0 0.0121994
63 435.127 16.7817 8 2 0.0917969 0 0.0123499
64 435.151 16.8858 8 2 0.0878906 0 0.012192
65 1010.79 17.2409 8 3 0.0830078 0 0.0124177
66 435.149 17.4771 8 2 0.09375 0 0.0123257
67 435.127 15.5613 8 2 0.0800781 0 0.0123466
68 435.053 15.4015 8 2 0.0742188 0 0.0123639
69 435.117 16.6386 8 2 0.0908203 0 0.0122531
70 1843.9 19.1283 8 4 0.09375 0 0.0123109
71 1012.18 17.4793 8 3 0.0839844 0 0.0124313
72 435.151 15.7131 8 2 0.0810547 0 0.0126227
73 435.151 17.4925 8 2 0.0927734 0 0.0124451
74 115.282 15.6514 8 1 0.0849609 0 0.0124179
75 435.151 18.2091 8 2 0.0976562 0 0.0122457
76 435.151 16.7395 8 2 0.0908203 0 0.0124901
77 435.151 16.192 8 2 0.0800781 0 0.0125713
78 435.149 17.5428 8 2 0.0927734 0 0.0124637
79 435.151 17.1432 8 2 0.0947266 0 0.0125707
80 435.127 16.8349 8 2 0.0839844 0 0.0123765
81 110.903 15.0561 8 1 0.0791016 0 0.0125053
82 435.151 16.3882 8 2 0.0751953 0 0.0126606
83 435.127 16.562 8 2 0.0849609 0 0.0125766
84 1008.92 19.9329 8 3 0.102539 0 0.0126934
85 435.149 17.9417 8 2 0.0986328 0 0.0130165
86 1010.21 19.6634 8 3 0.104492 0 0.0125379
87 435.053 16.0658 8 2 0.078125 0 0.0126353
88 435.151 17.5009 8 2 0.0947266 0 0.0126954
89 435.127 20.0764 8 2 0.108398 0 0.0127353
90 434.818 17.1616 8 2 0.0966797 0 0.0126319
91 435.127 19.0989 8 2 0.103516 0 0.0127369
92 435.127 17.7881 8 2 0.0986328 0 0.0127007
93 435.151 20.0493 8 2 0.111328 0 0.0130345
94 435.127 20.2849 9 2 0.111328 0 0.0128141
95 435.151 19.2766 8 2 0.107422 0 0.0126625
96 435.149 17.7722 8 2 0.09375 0 0.0126697
97 435.151 17.4977 9 2 0.0849609 0 0.0127398
98 435.151 20.4011 9 2 0.107422 0 0.0127992
99 435.151 20.532 8 2 0.110352 0 0.0128507
100 435.151 19.1936 9 2 0.103516 0 0.0128213
101 435.151 22.7663 9 2 0.137695 0 0.0129138
102 1012.18 23.2934 9 3 0.12793 0 0.0129147
103 1010.21 23.3298 8 3 0.137695 0 0.0128503
104 1008.92 23.4991 9 3 0.132812 0 0.012901
105 435.127 20.9049 9 2 0.121094 0 0.013037
106 435.151 22.7427 9 2 0.133789 0 0.0134254
107 1009.59 26.1165 9 3 0.143555 0 0.0129066
108 1008.92 26.3616 9 3 0.150391 0 0.0131197
109 435.151 24.715 9 2 0.147461 0 0.0130752
110 435.151 26.96 9 2 0.158203 0 0.0131148
111 435.127 24.2416 9 2 0.140625 0 0.0132839
112 435.151 26.8548 9 2 0.167969 0 0.0132562
113 435.149 24.5589 9 2 0.146484 0 0.0136685
114 1011.31 27.6683 9 3 0.163086 0 0.0133291
115 1008.92 27.7156 9 3 0.163086 0 0.0133103
116 435.151 28.6528 9 2 0.171875 0 0.0132695
117 435.149 31.4069 9 2 0.195312 0 0.0133518
118 1010.21 29.1351 9 3 0.166016 0 0.0133446
119 1011.31 30.0342 9 3 0.18457 0 0.0133422
120 435.151 28.4775 9 2 0.172852 0 0.0135232
121 435.149 29.0051 9 2 0.18457 0 0.0134453
122 1011.31 34.1863 9 3 0.213867 0 0.0139002
123 1009.59 31.0618 9 3 0.176758 0 0.0137628
124 435.151 31.59 9 2 0.195312 0 0.0135186
125 1008.92 32.2334 9 3 0.201172 0 0.0134448
126 1010.21 28.164 9 3 0.165039 0 0.0134531
127 1007.46 32.0959 9 3 0.199219 0 0.0136797
128 435.149 31.7106 9 2 0.206055 0 0.0134262
129 1009.59 33.284 9 3 0.210938 0 0.0133349
130 1008.92 31.3625 9 3 0.201172 0 0.0139318
131 1012.52 35.2332 9 3 0.207031 0 0.0135354
132 435.151 28.5375 9 2 0.178711 0 0.0136799
133 1011.31 35.8831 9 3 0.223633 0 0.0136925
134 1011.31 37.0193 9 3 0.222656 0 0.0137633
135 435.149 33.2656 9 2 0.212891 0 0.013705
136 435.149 33.5333 9 2 0.207031 0 0.0137759
137 435.149 33.9698 9 2 0.222656 0 0.0137893
138 435.151 36.491 9 2 0.224609 0 0.0137573
139 1010.21 36.2387 10 3 0.238281 0 0.0137062
140 1008.92 36.4963 10 3 0.232422 0 0.0138543
141 435.127 34.9819 10 2 0.234375 0 0.0139051
142 1012.52 34.8373 9 3 0.223633 0 0.0138923
143 435.151 33.7225 9 2 0.214844 0 0.0137127
144 435.151 35.4617 9 2 0.230469 0 0.0141669
145 1009.59 39.4355 9 3 0.243164 0 0.0140311
146 1008.92 37.1996 9 3 0.231445 0 0.0137762
147 1845.26 37.6769 9 4 0.217773 0 0.0139067
148 1008.92 39.075 9 3 0.241211 0 0.0138227
149 1011.31 40.5396 11 3 0.262695 0 0.0140013
150 435.151 39.024 10 2 0.25293 0 0.0139087
151 1007.46 36.4686 9 3 0.239258 0 0.014249
152 435.151 35.6336 10 2 0.241211 0 0.0138999
153 435.151 36.2819 9 2 0.237305 0 0.0137636
154 1008.92 36.6615 9 3 0.240234 0 0.0142807
155 435.151 39.4653 10 2 0.251953 0 0.0139417
156 1011.31 40.5937 10 3 0.258789 0 0.0139551
157 1011.31 40.5128 10 3 0.259766 0 0.0140028
158 1008.92 43.9137 10 3 0.272461 0 0.0142545
159 1008.92 37.8648 10 3 0.24707 0 0.0138936
160 435.151 42.1177 11 2 0.28125 0 0.0139832
161 1010.79 42.8041 11 3 0.269531 0 0.0140928
162 435.151 40.6909 11 2 0.277344 0 0.014418
163 1008.92 46.185 11 3 0.291992 0 0.0144256
164 435.151 40.0471 9 2 0.261719 0 0.0138627
165 1008.92 49.6222 10 3 0.304688 0 0.0139868
166 435.151 44.8143 11 2 0.293945 0 0.0140067
167 1843.9 46.5725 11 4 0.287109 0 0.0140582
168 1843.9 43.0541 10 4 0.269531 0 0.0139159
169 1008.92 42.8746 10 3 0.283203 0 0.0138475
170 1011.31 44.6921 11 3 0.300781 0 0.0138941
171 1008.92 47.7864 11 3 0.308594 0 0.0140138
172 1009.59 42.2369 10 3 0.265625 0 0.014342
173 435.151 40.6399 9 2 0.271484 0 0.0139279
174 1008.92 41.2366 11 3 0.268555 0 0.0141488
175 1008.92 44.0385 11 3 0.290039 0 0.0144865
176 435.151 47.2775 11 2 0.314453 0 0.0140015
177 1010.79 43.2335 11 3 0.282227 0 0.0140384
178 1008.92 48.4985 10 3 0.303711 0 0.0140597
179 1011.31 45.6381 11 3 0.294922 0 0.0139985
180 1011.31 49.4189 11 3 0.324219 0 0.014109
181 1009.59 50.048 11 3 0.323242 0 0.0144516
182 1008.92 48.3669 12 3 0.322266 0 0.0141783
183 1008.92 45.9784 11 3 0.295898 0 0.0141199
184 1008.92 44.8892 11 3 0.287109 0 0.0140559
185 1008.92 45.9545 11 3 0.295898 0 0.0142617
186 1009.59 47.9917 11 3 0.313477 0 0.014669
187 1008.92 43.1483 11 3 0.283203 0 0.0144206
188 1008.92 43.4021 10 3 0.279297 0 0.0140534
189 1011.31 42.3653 12 3 0.282227 0 0.0146617
190 1011.31 46.061 11 3 0.303711 0 0.0140725
191 1010.79 46.9538 11 3 0.293945 0 0.0141728
192 1012.18 45.7687 11 3 0.299805 0 0.0141398
193 435.151 44.2526 11 2 0.282227 0 0.014137
194 435.151 42.3605 12 2 0.274414 0 0.0143346
195 1009.59 41.6973 11 3 0.269531 0 0.0140793
196 1008.92 46.2069 11 3 0.290039 0 0.0141597
197 1008.92 43.9893 11 3 0.28125 0 0.0142959
198 435.151 44.5329 11 2 0.285156 0 0.014152
199 1843.9 42.0135 11 4 0.264648 0 0.0142638
200 435.151 41.5276 11 2 0.275391 0 0.0140715
201 1008.92 47.3968 11 3 0.292969 0 0.0141482
202 1010.21 48.3631 12 3 0.303711 0 0.0144646
203 1010.79 46.1973 11 3 0.294922 0 0.0142216
204 1008.92 47.2033 12 3 0.304688 0 0.0144825
205 1008.92 48.2527 12 3 0.314453 0 0.0142418
206 1008.92 44.1881 11 3 0.289062 0 0.0141695
207 435.151 44.3277 11 2 0.293945 0 0.0141155
208 435.151 43.6413 11 2 0.291016 0 0.0141115
209 1008.92 47.4116 12 3 0.321289 0 0.0142116
210 1011.31 48.8339 11 3 0.293945 0 0.0142174
211 1010.79 46.3335 10 3 0.300781 0 0.0143119
212 1010.21 46.2437 11 3 0.304688 0 0.0141051
213 1011.31 46.6366 12 3 0.308594 0 0.0145594
214 435.151 42.5313 11 2 0.289062 0 0.0142573
215 1009.59 50.8848 11 3 0.338867 0 0.014136
216 1008.92 46.856 12 3 0.30957 0 0.0142666
217 1008.92 47.3705 12 3 0.320312 0 0.0142144
218 1009.59 50.0208 12 3 0.324219 0 0.0141485
219 1008.92 43.4682 12 3 0.296875 0 0.0142479
220 1008.92 50.2486 12 3 0.330078 0 0.0142966
221 1008.92 50.2181 12 3 0.330078 0 0.0142769
222 1843.9 51.0116 12 4 0.321289 0 0.014729
223 1010.79 44.2725 11 3 0.283203 0 0.0146876
224 1843.9 46.1197 11 4 0.294922 0 0.0142281
225 435.151 43.4525 13 2 0.299805 0 0.0143565
226 1011.31 46.1969 11 3 0.300781 0 0.0143828
227 1008.92 49.6126 12 3 0.299805 0 0.014684
228 1009.59 40.1026 11 3 0.261719 0 0.0142362
229 1008.92 47.9948 12 3 0.306641 0 0.0143811
230 1011.78 43.5285 12 3 0.291016 0 0.0146709
231 1011.31 46.6132 12 3 0.307617 0 0.0144746
232 1008.92 46.5112 11 3 0.304688 0 0.0143676
233 1009.59 48.1222 12 3 0.316406 0 0.0143265
234 1009.59 49.1918 12 3 0.311523 0 0.014303
235 1009.59 53.5699 12 3 0.349609 0 0.0145092
236 1008.92 45.7343 11 3 0.303711 0 0.0143049
237 435.151 47.6028 12 2 0.320312 0 0.0142622
238 1008.92 44.6429 12 3 0.298828 0 0.0142665
239 1008.92 44.982 12 3 0.297852 0 0.014267
240 1010.21 43.7568 12 3 0.294922 0 0.0146975
241 1008.92 50.4327 12 3 0.329102 0 0.0143381
242 1011.31 47.4129 12 3 0.305664 0 0.0142516
243 1008.92 57.5355 13 3 0.383789 0 0.0143291
244 1011.31 47.4977 11 3 0.305664 0 0.0141779
245 1009.59 44.5171 12 3 0.300781 0 0.0143904
246 1011.31 48.5674 12 3 0.310547 0 0.0143041
247 1843.9 51.3248 12 4 0.320312 0 0.0144389
248 435.151 48.4873 13 2 0.320312 0 0.0144849
249 1010.79 52.5422 13 3 0.34375 0 0.0145369
250 1011.31 54.0871 13 3 0.342773 0 0.0150293
251 1008.92 50.3439 11 3 0.325195 0 0.0146436
252 1011.31 45.473 12 3 0.295898 0 0.0145359
253 1011.31 44.3606 12 3 0.291992 0 0.0144788
254 1008.92 49.2111 12 3 0.320312 0 0.0145231
255 1008.92 47.5905 12 3 0.303711 0 0.014739
256 1008.92 51.4582 13 3 0.335938 0 0.0144603
257 1008.92 49.1068 13 3 0.327148 0 0.014609
258 1009.59 52.9695 13 3 0.34668 0 0.0146713
259 1011.78 51.9053 13 3 0.330078 0 0.0149955
260 1009.59 47.1942 12 3 0.30957 0 0.0144374
261 1008.92 52.0163 13 3 0.333984 0 0.0144956
262 1009.59 48.86 12 3 0.325195 0 0.0145197
263 1008.92 54.0375 13 3 0.354492 0 0.0144526
264 1011.78 50.0677 13 3 0.331055 0 0.0146292
265 435.151 46.0745 13 2 0.310547 0 0.014453
266 1011.31 51.484 13 3 0.330078 0 0.0146992
267 435.149 42.366 12 2 0.277344 0 0.0144445
268 1008.21 46.4878 13 3 0.307617 0 0.0145423
269 1007.46 49.2506 13 3 0.320312 0 0.0144235
270 1843.9 46.2936 12 4 0.303711 0 0.014795
271 1007.46 53.8152 12 3 0.34668 0 0.0144277
272 1009.59 50.263 13 3 0.319336 0 0.0144589
273 435.151 49.6633 13 2 0.328125 0 0.0147283
274 1008.92 49.3928 12 3 0.320312 0 0.0144177
275 1009.59 46.8411 11 3 0.300781 0 0.0144339
276 1007.46 43.0499 12 3 0.291016 0 0.0145426
277 1011.31 52.782 12 3 0.345703 0 0.0146725
278 1010.21 52.0221 13 3 0.324219 0 0.0145641
279 1008.92 47.827 12 3 0.316406 0 0.0145485
280 1010.79 51.3493 12 3 0.323242 0 0.0144612
281 1008.92 53.0961 13 3 0.347656 0 0.0145183
282 1006.68 52.66 13 3 0.34375 0 0.0145556
283 1843.9 55.294 12 4 0.337891 0 0.0145117
284 1011.31 55.4504 13 3 0.34668 0 0.0148574
285 435.151 46.8458 12 2 0.323242 0 0.0145677
286 1008.92 50.7434 13 3 0.321289 0 0.0145235
287 435.151 48.0156 13 2 0.322266 0 0.0144149
288 1008.92 50.6661 12 3 0.326172 0 0.0146607
289 1012.77 51.6077 12 3 0.326172 0 0.0143758
290 1011.31 53.3066 13 3 0.336914 0 0.0145599
291 1008.92 49.8754 13 3 0.323242 0 0.0147887
292 1008.92 51.1642 12 3 0.321289 0 0.0144495
293 1011.31 48.8691 13 3 0.320312 0 0.0144692
294 1011.31 57.2197 13 3 0.37207 0 0.0147922
295 1011.31 49.6842 13 3 0.310547 0 0.0145928
296 1843.9 53.1374 13 4 0.345703 0 0.0144965
297 1009.59 54.6539 13 3 0.34668 0 0.0147758
298 1009.59 49.7642 13 3 0.330078 0 0.0146814
299 1007.46 53.391 13 3 0.34375 0 0.014746
300 1007.46 50.3304 13 3 0.318359 0 0.0152131
301 1843.9 52.2704 13 4 0.336914 0 0.0146323
302 1004.99 47.9124 13 3 0.319336 0 0.0146795
303 435.151 50.8364 13 2 0.348633 0 0.01455
304 435.151 46.4305 12 2 0.303711 0 0.0150103
305 1008.92 49.6768 13 3 0.323242 0 0.0146264
306 1011.31 52.4051 13 3 0.339844 0 0.0145595
307 1011.31 47.9775 13 3 0.306641 0 0.014664
308 1011.31 52.7281 13 3 0.344727 0 0.0151616
309 435.151 48.8915 13 2 0.336914 0 0.0148026
310 1008.92 48.7966 13 3 0.313477 0 0.0149493
311 1008.92 50.1486 13 3 0.3125 0 0.0147595
312 1011.31 51.23 13 3 0.327148 0 0.0146065
313 435.151 52.5371 13 2 0.347656 0 0.0149006
314 1010.21 51.6116 13 3 0.342773 0 0.0148748
315 1011.31 54.3166 13 3 0.363281 0 0.0152299
316 1008.92 51.2143 13 3 0.332031 0 0.0150162
317 1010.21 56.2819 13 3 0.355469 0 0.015244
318 1008.92 50.8752 13 3 0.333008 0 0.0149981
319 1008.92 54.181 13 3 0.355469 0 0.0151728
320 1011.31 49.6905 13 3 0.326172 0 0.0150171
321 1841.02 51.3006 13 4 0.333008 0 0.015128
322 1841.02 59.08 13 4 0.355469 0 0.0153089
323 1008.92 53.487 13 3 0.355469 0 0.0151446
324 435.151 46.2461 13 2 0.302734 0 0.0153603
325 1008.92 51.4882 13 3 0.330078 0 0.0150872
326 1007.46 53.5849 13 3 0.341797 0 0.0155151
327 1010.21 50.1129 13 3 0.301758 0 0.0153025
328 1010.21 54.939 13 3 0.338867 0 0.0154507
329 1834.62 54.7455 13 4 0.34375 0 0.0153266
330 1011.31 50.81 13 3 0.317383 0 0.0155496
331 435.151 49.008 13 2 0.314453 0 0.016262
332 1008.21 53.5254 14 3 0.334961 0 0.0158481
333 1842.49 58.1159 14 4 0.347656 0 0.015837
334 1009.59 53.2146 13 3 0.321289 0 0.0165538
335 1011.31 52.9035 14 3 0.317383 0 0.0164063
336 1011.31 53.9349 15 3 0.329102 0 0.0163971
337 1011.31 57.9527 15 3 0.360352 0 0.0164027
338 1005.85 50.3691 15 3 0.314453 0 0.016331
339 1834.62 58.7248 15 4 0.355469 0 0.0163947
340 1831.15 59.2293 15 4 0.356445 0 0.0165905
341 1008.92 56.6756 15 3 0.342773 0 0.0166283
342 1842.49 59.0325 15 4 0.354492 0 0.0166546
343 1009.59 54.4674 15 3 0.335938 0 0.0166332
344 1002.23 56.0856 15 3 0.348633 0 0.0166132
345 1010.21 54.8503 15 3 0.341797 0 0.0166695
346 1007.46 58.0074 16 3 0.364258 0 0.0168935
347 1008.92 59.9543 16 3 0.373047 0 0.0168744
348 1008.92 59.2409 16 3 0.374023 0 0.0169235
349 1008.92 57.7301 15 3 0.34375 0 0.0172698
350 1823.71 64.0352 16 4 0.371094 0 0.0166291
351 1008.92 55.7953 15 3 0.323242 0 0.016998
352 1008.21 57.1685 17 3 0.349609 0 0.0171447
353 976.512 57.1719 17 3 0.344727 0 0.0177701
354 1004.1 59.669 16 3 0.365234 0 0.0174113
355 1008.92 59.9649 16 3 0.360352 0 0.0173196
356 1009.59 60.8106 17 3 0.376953 0 0.0178374
357 1008.92 65.1632 17 3 0.376953 0 0.0173438
358 1010.79 58.1852 17 3 0.34375 0 0.0175427
359 1004.1 61.7719 17 3 0.362305 0 0.0182198
360 1008.21 60.5965 17 3 0.350586 0 0.0178964
361 1010.79 59.6149 17 3 0.358398 0 0.0180506
362 1005.85 55.371 17 3 0.335938 0 0.0186729
363 1819.76 61.8809 17 4 0.348633 0 0.0186701
364 1741.21 64.7956 17 4 0.369141 0 0.0184523
365 1002.23 60.5066 17 3 0.355469 0 0.0193176
366 1005.85 68.0558 18 3 0.391602 0 0.0190556
367 1008.92 64.6123 18 3 0.380859 0 0.0195178
368 1827.51 65.2175 17 4 0.379883 0 0.0188703
369 1007.46 63.606 17 3 0.365234 0 0.0191369
370 1834.62 62.7396 19 4 0.367188 0 0.0199099
371 1006.68 63.7738 18 3 0.376953 0 0.0196143
372 1843.9 66.8448 19 4 0.362305 0 0.020498
373 1007.46 68.1788 19 3 0.378906 0 0.0200881
374 1007.46 67.759 19 3 0.386719 0 0.0210224
375 1008.92 70.032 19 3 0.378906 0 0.0217064
376 995.918 68.9439 20 3 0.382812 0 0.0221276
377 1011.78 75.3441 20 3 0.378906 0 0.022621
378 1825.63 70.3007 19 4 0.34375 0 0.0228371
379 1004.99 74.9276 21 3 0.383789 0 0.024272
380 1008.21 76.7785 24 3 0.392578 0 0.0250038
381 435.151 71.4245 24 2 0.361328 0 0.0265216
382 1798.09 83.1855 28 4 0.386719 0 0.0277889
383 1007.46 76.8915 35 3 0.37207 0 0.028475
384 1006.68 83.2247 101 3 0.364258 0 0.030972
385 1007.46 85.3891 101 3 0.349609 0 0.0315117
386 1793.4 94.7571 101 4 0.388672 0 0.0330596
387 1845.26 87.9172 101 4 0.34375 0 0.033937
388 1791.02 86.2966 101 4 0.34375 0 0.0354163
389 1010.21 87.758 101 3 0.356445 0 0.0353018
390 1008.92 92.1067 101 3 0.381836 0 0.0352754
391 1002.23 85.2989 101 3 0.344727 0 0.0337034
392 1771.04 89.6077 101 4 0.370117 0 0.036453
393 1006.68 91.6266 101 3 0.369141 0 0.0339078
394 1791.02 94.6277 101 4 0.370117 0 0.0354487
395 1773.62 95.7713 101 4 0.399414 0 0.0360951
396 1839.49 98.0276 101 4 0.373047 0 0.0367983
397 1007.46 99.3621 101 3 0.404297 0 0.0376964
398 2700.57 96.1847 101 5 0.378906 0 0.0359275
399 1004.99 94.8165 101 3 0.375 0 0.0369749
400 1825.63 96.6979 101 4 0.370117 0 0.0368679
401 1829.35 106.84 101 4 0.418945 0 0.0373029
402 1834.62 107.531 101 4 0.396484 0 0.0375021
403 1837.92 99.6314 101 4 0.394531 0 0.0366436
404 1011.31 103.864 101 3 0.420898 0 0.0367317
405 1752.35 97.8588 101 4 0.40332 0 0.036202
406 1825.63 100.44 101 4 0.407227 0 0.0373767
407 1004.99 97.6463 101 3 0.393555 0 0.0386102
408 1712 93.7815 101 4 0.382812 0 0.0379238
409 1807.12 101.862 101 4 0.412109 0 0.0366285
410 4225.24 105.909 101 6 0.425781 0 0.0371679
411 1800.39 109.175 101 4 0.435547 0 0.0380326
412 1831.15 113.764 101 4 0.481445 0 0.0383421
413 1841.02 111.433 101 4 0.446289 0 0.0400792
414 2774.8 117.527 101 5 0.478516 0 0.0388741
415 4124.23 114.431 101 6 0.446289 0 0.039816
416 2807.41 115.846 101 5 0.443359 0 0.0397078
417 2819.22 122.132 101 5 0.487305 0 0.0382249
418 1819.76 119.102 101 4 0.49707 0 0.0385853
419 1832.91 118.583 101 4 0.484375 0 0.0365479
420 1773.62 117.133 101 4 0.482422 0 0.0390605
421 1757.8 121.721 101 4 0.521484 0 0.0386762
422 3881.17 131.938 101 6 0.527344 0 0.0389749
423 1839.49 128.197 101 4 0.549805 0 0.037505
424 2906.93 119.192 101 5 0.501953 0 0.037688
425 2736.29 133.25 101 5 0.538086 0 0.0382748
426 5947.72 131.053 101 7 0.536133 0 0.0381302
427 1798.09 124.739 101 4 0.530273 0 0.0383028
428 1755.09 122.994 101 4 0.537109 0 0.037453
429 2705.11 146.944 101 5 0.585938 0 0.03833
430 2766.4 136.253 101 5 0.570312 0 0.038816
431 1804.91 130.084 101 4 0.573242 0 0.0372933
432 1813.59 132.002 101 4 0.551758 0 0.0399894
433 2787.22 144.714 101 5 0.605469 0 0.0389106
434 2940.29 147.778 101 5 0.612305 0 0.0379379
435 2842.09 161.447 101 5 0.692383 0 0.0372937
436 2849.48 143.84 101 5 0.602539 0 0.0380671
437 2860.33 158.106 101 5 0.665039 0 0.0389902
438 1836.29 147.702 101 4 0.650391 0 0.037643
439 1783.71 138.461 101 4 0.588867 0 0.0360729
440 9674.36 158.514 101 9 0.640625 0 0.03768
441 9594.67 161.843 101 9 0.650391 0 0.0368032
442 1841.02 156.69 101 4 0.676758 0 0.0353206
443 2849.48 163.802 101 5 0.688477 0 0.0361854
444 2691.43 155.379 101 5 0.657227 0 0.0354051
445 5823.76 164.304 101 7 0.672852 0 0.0365419
446 2867.41 162.765 101 5 0.685547 0 0.0370608
447 1839.49 160.883 101 4 0.702148 0 0.0369541
448 1819.76 154.629 101 4 0.682617 0 0.0360045
449 2881.17 177.221 101 5 0.738281 0 0.0364381
450 4140.23 183.202 101 6 0.759766 0 0.0357893
451 3558.11 156.124 101 6 0.691406 0 0.0353519
452 5867.34 180.845 105.663 7 0.774414 1 0.0350262
453 5823.76 180.398 107.538 7 0.786133 1 0.0340547
454 1823.71 176.253 106.306 4 0.763672 1 0.0352258
455 3944.23 187.841 105.663 6 0.783203 1 0.0350423
456 9763.41 200.829 101 9 0.782227 0 0.0332193
457 5836.42 217.388 107.538 7 0.858398 1 0.0338709
458 4215.78 215.365 108.709 6 0.865234 1 0.0343854
459 2845.8 195.052 106.93 5 0.823242 1 0.0341502
460 4274.26 196.822 109.275 6 0.832031 1 0.0338586
461 7246.15 200.654 106.93 8 0.835938 1 0.0332336
462 4074.61 199.24 107.538 6 0.820312 1 0.0359112
463 7206.2 219.687 109.829 8 0.885742 1 0.0353094
464 5502.26 224.976 110.371 7 0.922852 1 0.0342705
465 4191.47 208.264 108.13 6 0.852539 1 0.0332902
466 4134.93 219.618 109.829 6 0.894531 1 0.0320081
467 5771.56 233.811 109.829 7 0.923828 1 0.0344991
468 12057.2 231.487 110.371 10 0.921875 1 0.0326578
469 4181.49 232.216 110.371 6 0.943359 1 0.0334309
470 7494.65 254.831 110.903 8 0.96582 1 0.0347561
471 7315 272.879 110.903 8 1.00293 1 0.0349504
472 9996.25 286.245 110.903 9 1.00586 1 0.03656
473 9785.33 263.914 110.903 9 0.985352 1 0.0349541
474 5594.12 241.182 110.371 7 0.947266 1 0.0358986
475 20313.5 315.965 111.425 12 1.0498 1 0.0360864
476 16127.8 296.371 111.425 11 1.04102 1 0.0357304
477 6925.82 280.692 110.903 8 1.00195 1 0.0360782
478 6398.26 335.543 112.934 8 1.125 1 0.0355294
479 9198.85 312.326 112.44 9 1.08203 1 0.0376751
480 5631.18 304.197 113.419 7 1.10352 1 0.0378572
481 5438.88 281.705 111.937 7 1.04102 1 0.0369556
482 9640.4 297.995 112.934 9 1.0957 1 0.0365948
483 20639.1 317.728 112.44 12 1.0625 1 0.0373691
484 12057.2 370.523 112.934 10 1.17773 1 0.0370167
485 11282 375.68 115.729 10 1.24902 1 0.0372066
486 11589 353.209 112.44 10 1.14062 1 0.0368554
487 7429.74 341.757 113.897 8 1.15625 1 0.0359757
488 20797.2 333.902 114.366 12 1.12988 1 0.0376747
489 15807 383.137 113.897 11 1.17383 1 0.037862
490 12211 390.117 113.897 10 1.19531 1 0.0397153
491 7010.77 353.964 115.282 8 1.20898 1 0.0373586
492 15271.1 396.611 113.897 11 1.22949 1 0.0383197
493 27587.1 426.758 115.729 13 1.28223 1 0.0372645
494 7485.47 425.897 115.282 8 1.30566 1 0.0389255
495 12360.8 454.842 118.675 10 1.39062 1 0.0383258
496 27319.8 492.883 114.828 13 1.33105 1 0.0391158
497 19784 503.577 114.828 12 1.38867 1 0.0373195
498 13453 509.914 119.071 11 1.41504 1 0.040169
499 27526 528.751 117.865 13 1.41895 1 0.0395169
500 16444.3 621.707 118.675 11 1.53809 1 0.0414875
501 12506.4 569.853 118.273 10 1.50391 1 0.039931
502 20549.9 611.142 123.415 12 1.56738 1 0.0401232
503 38714.1 625.113 120.97 14 1.61035 1 0.0386951
504 20202.3 612.386 119.462 12 1.55371 1 0.0402449
505 38266.1 634.92 117.45 14 1.51074 1 0.039705
506 14376.7 690.748 136.482 11 1.72266 1 0.0414137
507 20585.7 683.698 127.93 12 1.66699 1 0.0409118
508 12571.1 639.595 119.847 10 1.57812 1 0.041956
509 58375.6 862.058 137.427 15 1.79785 1 0.0436561
510 27152.1 930.811 126.526 13 1.87598 1 0.0438624
511 36505.1 953.699 137.675 14 1.95898 1 0.0444158
512 94261.7 916.863 137.037 16 1.85742 1 0.0443304
513 57686.9 972.006 137.037 15 1.88574 1 0.0458182
514 37780 1155.6 350.539 14 2.1377 2 0.0459061
515 37755.3 1018.39 137.037 14 2.0332 1 0.0424755
516 38409.1 1113.27 137.17 14 2.04004 1 0.0458594
517 37380.9 1235.99 386.586 14 2.2207 2 0.0482844
518 165186 1462.6 405.507 17 2.24512 2 0.0467354
519 58861.5 1406.78 419.622 15 2.33887 2 0.0457278
520 1.09595e+06 3820.78 430.013 20 2.625 2 0.0484615
521 95264 1975.18 427.354 16 2.76562 2 0.0506353
522 58785.8 2039.09 427.827 15 2.81055 2 0.0516255
523 58061 2170.34 433.114 15 3.02344 2 0.0521816
524 296728 2468.47 432.828 18 3.05371 2 0.0522588
525 2.14522e+06 4502.35 433.114 21 3.11816 2 0.0535987
526 298366 3798.84 944.449 18 3.74609 3 0.0587665
527 295440 4153.7 987.443 18 4.15527 3 0.0627215
528 295975 4706.66 980.754 18 4.21094 3 0.0644873
529 1.09607e+06 7344.38 987.443 20 4.40234 3 0.0643563
530 2.1454e+06 7905.3 1687.34 21 4.63672 4 0.0677596
531 300480 6944.06 1726.84 18 4.83496 4 0.0673814
532 8.45351e+06 17851.9 1746.82 23 4.96387 4 0.0685109
533 2.14881e+06 13123.7 1677.82 21 4.82812 4 0.067639
534 2.1473e+06 10375.7 1738.37 21 4.91797 4 0.0695755
535 299067 6438.53 1763.17 18 5.05078 4 0.0715347
536 4.24844e+06 13887.3 1729.75 22 4.94727 4 0.0709634
537 1.09679e+06 9489.21 1771.04 20 5.11523 4 0.0711655
538 4.25085e+06 12948.1 1793.4 22 5.31934 4 0.0731669
539 2.14826e+06 13244.2 2493.4 21 5.60742 5 0.0761087
540 8.45236e+06 21911.6 2615.56 23 5.65332 5 0.0781382
541 8.45009e+06 23887.6 2672.92 23 5.69922 5 0.0760586
542 6.71911e+07 100945 2736.29 26 5.72656 5 0.0738599
543 1.6841e+07 28797.2 2770.61 24 5.83691 5 0.0745759
544 4.25506e+06 27250.4 2745.01 22 6.03223 5 0.0748085
545 1.68429e+07 44088 2740.66 24 5.92188 5 0.0741666
546 2.14698e+06 17853.6 2791.31 21 5.91406 5 0.0737522
547 2.14721e+06 16720.2 2749.33 21 5.94336 5 0.073596
548 1.68453e+07 51912 2783.1 24 6.24414 5 0.0778488
549 1.68467e+07 36369.2 2770.61 24 6.00879 5 0.0759813
550 2.14795e+06 18663.5 2811.38 21 6.11133 5 0.0756496
551 4.24997e+06 21055.8 2709.62 22 5.66699 5 0.0720861
552 3.3631e+07 51941.8 2770.61 25 5.85059 5 0.0737382
553 3.36285e+07 58852.7 2874.36 25 6.20117 5 0.0744638
554 8.44909e+06 32016.7 2815.31 23 6.1543 5 0.0752211
555 6.7189e+07 104716 2709.62 26 5.82617 5 0.0721774
556 8.4494e+06 29706.7 2826.95 23 6.16113 5 0.0748042
557 1.68452e+07 53231 2849.48 24 6.38477 5 0.0784009
558 8.44909e+06 36963.1 3693.62 23 6.48047 6 0.0772525
559 3.36254e+07 102187 3700.57 25 6.38965 6 0.0784495
560 6.71842e+07 102869 2770.61 26 6.20215 5 0.0748226
561 3.36258e+07 93915.5 4040.28 25 6.83496 6 0.0830892
562 3.36261e+07 146734 4022.75 25 6.78906 6 0.0826309
563 1.34306e+08 235113 4063.27 27 6.99707 6 0.0832486
564 6.71867e+07 161998 5430.85 26 7.39941 7 0.0848439
565 3.36253e+07 72848.2 4096.95 25 7.04883 6 0.0852352
566 6.71842e+07 119115 5438.88 26 7.4375 7 0.090726
567 3.36269e+07 260864 4181.49 25 7.36426 6 0.0926324
568 3.36291e+07 120707 5298.97 25 7.28809 7 0.0903883
569 1.34303e+08 246915 4134.93 27 7.2373 6 0.0919669
570 3.36309e+07 123500 4570.79 25 7.39844 7 0.098068
571 8.45098e+06 78257.2 5541.02 23 7.64062 7 0.0940532
572 3.36288e+07 130927 5616.45 25 7.68262 7 0.0950007
573 8.44879e+06 73191.6 5525.6 23 7.54004 7 0.094718
574 3.363e+07 172268 5510.07 25 7.61523 7 0.0921799
575 3.36239e+07 171871 5681.8 25 7.85449 7 0.0958987
576 2.68525e+08 479120 5609.03 28 7.7832 7 0.0998186
577 1.34301e+08 496765 7206.2 27 8.49121 8 0.104632
578 1.07384e+09 1.32664e+06 7420.35 30 8.7793 8 0.106747
579 2.1476e+09 2.80309e+06 5638.51 31 7.89355 7 0.110454
580 3.36274e+07 265819 7114.77 25 8.45801 8 0.105737
581 2.68523e+08 708531 6650.99 28 8.48828 8 0.104734
582 3.363e+07 290884 7584.59 25 8.71191 8 0.107635
583 1.07385e+09 1.4028e+06 7485.47 30 8.70996 8 0.10728
584 5.36967e+08 1.05667e+06 9123.58 29 9.22168 9 0.114023
585 2.68525e+08 1.00684e+06 7457.75 28 9.00684 8 0.111938
586 5.36971e+08 1.00271e+06 8280.5 29 9.04395 9 0.113419
587 5.36973e+08 2.153e+06 9098.28 29 9.40625 9 0.11161
588 5.36971e+08 1.73238e+06 7540.04 29 9.16113 8 0.111243
589 1.34305e+08 515519 9571.62 27 9.38574 9 0.115152
590 2.14759e+09 3.25371e+06 9198.85 31 9.47266 9 0.116134
591 5.36967e+08 1.37723e+06 9583.16 29 9.54004 9 0.117485
592 1.34304e+08 1.18077e+06 7557.96 27 9.04395 8 0.114292
593 1.34302e+08 558684 7391.97 27 8.79492 8 0.111915
594 6.71888e+07 434567 7372.91 26 8.76367 8 0.113511
595 1.07385e+09 2.81215e+06 7540.04 30 8.87598 8 0.11226
596 1.07384e+09 2.33252e+06 6806.59 30 8.57617 8 0.109332
597 2.6852e+08 965724 7549.02 28 8.9873 8 0.119239
598 4.29509e+09 6.09366e+06 9394.74 32 9.46777 9 0.124841
599 2.68526e+08 1.59469e+06 10737.4 28 9.90723 10 0.122181
600 4.29508e+09 5.40712e+06 11768 32 9.99121 10 0.12504
601 5.36958e+08 1.98955e+06 9358.56 29 9.61133 9 0.126642
602 4.29507e+09 5.45793e+06 10505.5 32 9.80469 10 0.129716
603 2.1476e+09 5.53252e+06 10655.1 31 9.89746 10 0.130922
604 5.36971e+08 5.28453e+06 11928.5 29 10.4717 10 0.140641
605 2.1476e+09 6.37141e+06 11077.1 31 9.88184 10 0.131551
606 8.59007e+09 1.27426e+07 12532.3 33 10.75 10 0.139935
607 4.29509e+09 6.9755e+06 12453.9 32 10.3711 10 0.131932
608 1.718e+10 2.78678e+07 15404.3 34 10.9404 11 0.135649
609 1.07384e+09 5.55355e+06 11986 30 10.5508 10 0.136404
610 3.43599e+10 3.92925e+07 12320.3 35 10.7061 10 0.134115
611 1.37439e+11 1.41983e+08 12972.3 37 11.0146 10 0.139427
612 8.59006e+09 2.04284e+07 12387.6 33 10.9365 10 0.144592
613 3.43599e+10 4.44034e+07 11826.8 35 10.5947 10 0.141182
614 1.07385e+09 3.6876e+06 10932.8 30 10.2461 10 0.14407
615 1.07384e+09 5.25977e+06 10404.7 30 10.0342 10 0.137492
616 2.14759e+09 8.83381e+06 11061.1 31 10.3379 10 0.142508
617 5.36969e+08 5.07954e+06 12747 29 10.8398 10 0.148555
618 2.1476e+09 9.87364e+06 11971.7 31 10.5342 10 0.144738
619 4.29508e+09 1.32083e+07 11390.7 32 10.4697 10 0.145968
620 1.718e+10 3.91142e+07 9850.21 34 10.4541 9 0.142229
621 4.29508e+09 8.27229e+06 7457.75 32 9.65039 8 0.136584
622 4.29509e+09 1.57164e+07 9466.31 32 9.91504 9 0.137884
623 1.718e+10 5.0602e+07 9942.16 34 10.2969 10 0.139181
624 2.1476e+09 1.11056e+07 10965 31 10.2061 10 0.140928
625 8.59005e+09 2.79206e+07 9442.57 33 9.86035 9 0.138346
626 4.29508e+09 1.39923e+07 11914.1 32 10.5771 10 0.142608
627 3.43599e+10 5.47325e+07 10770.2 35 10.2812 10 0.139048
628 3.43599e+10 3.94657e+07 10063.5 35 10.165 10 0.140901
629 1.718e+10 3.21592e+07 9525.12 34 10.2207 9 0.133596
630 4.29508e+09 2.039e+07 13856 32 11.1475 11 0.144087
631 3.43599e+10 9.62009e+07 14629.5 35 11.3232 11 0.147498
632 4.29508e+09 2.8063e+07 14946.6 32 11.4473 11 0.154081
633 8.59006e+09 2.95361e+07 12860 33 11.5137 11 0.151647
634 8.59005e+09 2.07187e+07 12558.2 33 11.0576 10 0.147952
635 2.74878e+11 2.88097e+08 15203.7 38 11.2383 11 0.154709
636 1.37439e+11 1.80653e+08 16303.1 37 11.7891 11 0.165211
637 6.87196e+10 1.23098e+08 12414.2 36 10.9326 10 0.148512
638 1.718e+10 5.81952e+07 14806.8 34 11.4395 11 0.155751
639 1.37439e+11 1.75246e+08 12279.6 37 11.0039 10 0.154559
640 6.87196e+10 1.37147e+08 15371.2 36 11.3408 11 0.152818
641 6.87196e+10 1.63198e+08 12596.7 36 11.1172 10 0.153127
642 1.718e+10 1.00785e+08 12493.3 34 10.9951 10 0.152072
643 4.29509e+09 2.51221e+07 11928.5 32 10.8135 10 0.149948
644 6.87196e+10 1.28968e+08 12071.3 36 11.1055 10 0.154527
645 3.43599e+10 8.31873e+07 14575.8 35 11.4131 11 0.154624
646 2.19902e+12 2.18188e+09 19147.9 41 12.1924 12 0.163257
647 1.37439e+11 2.31745e+08 25141.5 37 13.1094 13 0.177417
648 6.87196e+10 1.84645e+08 14929.2 36 11.5244 11 0.165313
649 4.39805e+12 4.45947e+09 19370.1 42 12.4512 12 0.175739
650 2.19902e+12 2.35434e+09 11390.7 41 11.1162 10 0.168624
651 2.74878e+11 6.01687e+08 12467.1 38 11.6465 10 0.176489
652 5.49756e+11 9.89854e+08 8406.41 39 10.6855 9 0.164256
653 6.87196e+10 2.90811e+08 12333.8 36 11.3223 10 0.169819
654 4.39805e+12 4.64796e+09 12081.8 42 11.6436 11 0.169459
655 6.87196e+10 3.7743e+08 14665.2 36 11.585 11 0.164675
656 1.37439e+11 5.67743e+08 15502.9 37 11.8066 11 0.168222
657 4.39805e+12 4.50156e+09 11856 42 11.2207 10 0.160097
658 5.49756e+11 9.33507e+08 24460.4 39 12.8789 13 0.176331
659 1.37439e+11 3.93281e+08 18942.9 37 12.0693 12 0.165501
660 6.87196e+10 2.55526e+08 17025.6 36 12.0029 12 0.165114
661 6.87196e+10 1.94129e+08 18375.4 36 11.9033 12 0.166962
662 1.09951e+12 1.55976e+09 25707.9 40 12.8086 13 0.17696
663 2.74878e+11 7.28903e+08 24657.2 38 12.7441 13 0.166891
664 1.09951e+12 1.3204e+09 15680.5 40 11.8887 11 0.162187
665 5.49756e+11 1.03759e+09 12427.5 39 11.3848 10 0.155779
666 3.43599e+10 1.57024e+08 11738.5 35 11.0322 10 0.153259
667 1.37439e+11 4.33144e+08 15135.8 37 11.6738 11 0.161044
668 5.49756e+11 6.44219e+08 12493.3 39 11.3174 10 0.158237
669 5.49756e+11 1.24515e+09 12596.7 39 11.6348 10 0.163007
670 2.74878e+11 5.54612e+08 10851.8 38 10.7539 10 0.158135
671 1.09951e+12 1.49819e+09 7114.77 40 9.89062 8 0.146711
672 2.74878e+11 8.63527e+08 11957.3 38 11.2158 10 0.159859
673 2.19902e+12 2.6588e+09 12043 41 11.3184 10 0.162235
674 2.74878e+11 1.07695e+09 14841.9 38 11.7871 11 0.162387
675 4.39805e+12 5.77482e+09 11738.5 42 11.3223 10 0.163978
676 2.19902e+12 4.53665e+09 24900.7 41 13.2393 13 0.181587
677 2.74878e+11 8.45397e+08 19329.9 38 12.5771 12 0.169904
678 1.09951e+12 2.45015e+09 19588.6 40 12.8096 12 0.178687
679 1.09951e+12 2.09407e+09 14413.1 40 12.1904 11 0.174225
680 1.75922e+13 1.99714e+10 14911.8 44 12.126 11 0.168132
681 3.51844e+13 4.25922e+10 38194.1 45 14.667 14 0.196058
682 2.19902e+12 5.18348e+09 38644.3 41 15.0195 14 0.202765
683 1.09951e+12 2.89829e+09 58140.2 40 15.6738 15 0.205356
684 5.49756e+11 1.91721e+09 58297.5 39 15.2412 15 0.202155
685 5.49756e+11 2.51014e+09 55828.3 39 15.3389 15 0.205122
686 8.79609e+12 1.13622e+10 39778.5 43 15.0664 14 0.202379
687 1.75922e+13 2.4455e+10 19842 44 13.3096 12 0.187734
688 2.19902e+12 5.35009e+09 37178.2 41 14.2266 14 0.194676
689 1.75922e+13 2.10881e+10 38121.8 44 14.7783 14 0.199442
690 1.09951e+12 4.56172e+09 38574.1 40 14.8984 14 0.198339
691 1.09951e+12 2.475e+09 37878.3 40 14.5674 14 0.192823
692 3.51844e+13 5.81836e+10 57659.9 45 15.624 15 0.206864
693 8.79609e+12 1.45554e+10 39391.5 43 15.0801 14 0.200261
694 8.79609e+12 1.08001e+10 38313.9 43 14.9131 14 0.195759
695 4.39805e+12 1.61717e+10 58911.7 42 16.082 15 0.21021
696 3.51844e+13 9.68217e+10 38574.1 45 15.3379 14 0.200717
697 1.40737e+14 1.67229e+11 90207.7 47 16.418 16 0.213543
698 2.19902e+12 1.27716e+10 93301.9 41 16.6914 16 0.217619
699 1.75922e+13 4.86901e+10 93786.7 44 16.8145 16 0.222432
700 1.75922e+13 3.7838e+10 161773 44 16.8496 17 0.217061
701 4.5036e+15 4.48302e+12 93846.7 52 16.9375 16 0.221326
702 8.79609e+12 2.34271e+10 162080 43 17.3633 17 0.230204
703 8.79609e+12 1.63643e+10 92336.1 43 16.0918 16 0.213349
704 1.09951e+12 5.40713e+09 58245.3 40 16.0254 15 0.213939
705 1.75922e+13 2.45462e+10 57497 44 15.7979 15 0.207286
706 4.39805e+12 7.58023e+09 39012.3 42 15.3164 14 0.203721
707 8.79609e+12 1.06725e+10 55385.9 43 15.4141 15 0.206495
708 2.19902e+12 4.36586e+09 53550.4 41 15.6113 15 0.209838
709 4.39805e+12 1.42101e+10 56435.7 42 15.9854 15 0.214724
710 1.75922e+13 5.14909e+10 57605.7 44 16.0166 15 0.21665
711 2.19902e+12 8.41419e+09 57000.5 41 15.875 15 0.2154
712 1.09951e+12 6.12576e+09 89766.5 40 16.3555 16 0.220627
713 2.19902e+12 1.13602e+10 56549.7 41 15.8486 15 0.214111
714 7.03687e+13 1.10596e+11 37152.7 46 14.8613 14 0.205136
715 2.74878e+11 2.07209e+09 38073.4 38 15.292 14 0.209237
716 4.39805e+12 1.0102e+10 38597.6 42 15.4609 14 0.215305
717 3.51844e+13 4.81236e+10 27361.3 45 14.4062 13 0.201967
718 8.79609e+12 2.14096e+10 37656.2 43 15.4277 14 0.208673
719 2.19902e+12 8.86564e+09 34225.1 41 14.9053 14 0.203442
720 4.39805e+12 8.68019e+09 37927.3 42 15.0762 14 0.20616
721 4.39805e+12 8.32662e+09 27945.8 42 13.9727 13 0.191468
722 1.75922e+13 2.6062e+10 26234.6 44 13.6895 13 0.187197
723 2.19902e+12 1.45858e+10 57928.3 41 15.6387 15 0.208955
724 1.75922e+13 3.06502e+10 58961.8 44 16.4131 15 0.217022
725 8.79609e+12 2.11886e+10 89147.7 43 16.5947 16 0.223825
726 2.81475e+14 3.6545e+11 58911.7 48 16.3838 15 0.217039
727 2.2518e+15 2.22417e+12 58401.6 51 16.2109 15 0.216206
728 8.79609e+12 2.04396e+10 164763 43 17.4785 17 0.236542
729 8.79609e+12 1.73864e+10 57686.9 43 15.9814 15 0.217698
730 1.09951e+12 4.58762e+09 28327.7 40 14.6348 13 0.208216
731 7.03687e+13 7.46989e+10 37431.3 46 15.1787 14 0.208887
732 8.79609e+12 1.63258e+10 57139.6 43 15.6104 15 0.216115
733 1.75922e+13 3.99891e+10 57028.4 44 15.5254 15 0.219228
734 4.39805e+12 1.88332e+10 53329.8 42 15.585 15 0.220885
735 7.03687e+13 7.76161e+10 57954.9 46 16.1006 15 0.226927
736 8.79609e+12 2.78082e+10 58349.6 43 16.8281 15 0.233162
737 4.39805e+12 1.46232e+10 57469.7 42 16.1719 15 0.225113
738 4.39805e+12 1.65227e+10 55974.2 42 15.8535 15 0.221133
739 2.19902e+12 1.31262e+10 36740.4 41 15.3633 14 0.217911
740 4.39805e+12 1.59276e+10 55886.7 42 16.0039 15 0.222008
741 8.79609e+12 2.44333e+10 36557.6 43 15.5889 14 0.224925
742 3.51844e+13 5.97702e+10 26324.5 45 14.7588 13 0.213487
743 2.81475e+14 3.43921e+11 37951.7 48 15.6035 14 0.22463
744 1.75922e+13 7.15979e+10 50044.1 44 16.0088 15 0.236543
745 4.39805e+12 3.38953e+10 38620.9 42 16.3301 14 0.241833
746 2.81475e+14 3.49054e+11 56691.5 48 16.2988 15 0.244606
747 7.03687e+13 1.78003e+11 295247 46 18.3662 18 0.264178
748 3.51844e+13 1.17602e+11 158956 45 17.8477 17 0.254775
749 2.81475e+14 3.73533e+11 161944 48 18.0215 17 0.256621
750 5.6295e+14 1.14145e+12 2.14494e+06 49 20.0498 21 0.283094
751 1.75922e+13 5.38233e+10 95236.1 44 17.792 16 0.253714
752 7.03687e+13 1.19409e+11 158061 46 17.4824 17 0.250117
753 1.75922e+13 6.10723e+10 94726.4 44 17.4678 16 0.242345
754 7.03687e+13 1.36046e+11 94055.2 46 17.4688 16 0.245621
755 2.81475e+14 3.40941e+11 92869.9 48 17.0898 16 0.24122
756 7.03687e+13 1.85614e+11 93117.6 46 17.1787 16 0.24968
757 3.51844e+13 1.19977e+11 90909.8 45 17.0908 16 0.245206
758 2.81475e+14 5.35913e+11 161841 48 18.041 17 0.255263
759 1.40737e+14 1.93598e+11 53298.1 47 16.7627 15 0.240131
760 5.6295e+14 1.27543e+12 163083 49 18.1406 17 0.253281
761 7.03687e+13 1.52596e+11 296542 46 18.0781 18 0.250349
762 3.51844e+13 9.58654e+10 162283 45 17.752 17 0.243793
763 1.75922e+13 7.49072e+10 163667 44 17.916 17 0.244412
764 7.03687e+13 2.17779e+11 93484.8 46 17.5977 16 0.242492
765 7.03687e+13 1.62324e+11 160622 46 17.5645 17 0.240289
766 7.03687e+13 1.23644e+11 161601 46 17.5352 17 0.244447
767 8.79609e+12 4.50313e+10 163603 43 17.3838 17 0.240129
768 7.03687e+13 1.54971e+11 93786.7 46 17.123 16 0.238433
769 1.75922e+13 5.65545e+10 57605.7 44 16.6318 15 0.227239
770 1.40737e+14 3.24517e+11 161532 47 17.668 17 0.24456
771 1.40737e+14 3.57927e+11 296914 47 18.4316 18 0.257161
772 1.40737e+14 2.63626e+11 299784 47 18.4717 18 0.257704
773 3.51844e+13 8.07695e+10 39435.2 45 16.2686 14 0.228961
774 1.40737e+14 2.14665e+11 292540 47 18.7461 18 0.261735
775 1.40737e+14 2.80023e+11 162148 47 18.2627 17 0.256895
776 1.80144e+16 1.88244e+13 164017 54 18.2246 17 0.254699
777 7.03687e+13 1.46591e+11 59404.1 46 16.9844 15 0.234303
778 3.51844e+13 1.73587e+11 54966.9 45 16.5957 15 0.231147
779 7.03687e+13 1.61769e+11 163506 46 17.999 17 0.25079
780 3.51844e+13 9.39792e+10 57277.8 45 16.833 15 0.238661
781 3.51844e+13 1.93223e+11 159725 45 17.7295 17 0.251496
782 7.03687e+13 2.14009e+11 560632 46 19.1055 19 0.272868
783 1.1259e+15 1.2696e+12 559777 50 18.7852 19 0.271554
784 1.80144e+16 1.94641e+13 1.09053e+06 54 19.2598 20 0.27904
785 7.03687e+13 3.15479e+11 2.14009e+06 46 19.7285 21 0.281764
786 2.81475e+14 1.17076e+12 294702 48 18.2285 18 0.264517
787 1.40737e+14 3.6312e+11 563868 47 18.9131 19 0.275244
788 3.51844e+13 2.048e+11 1.09317e+06 45 19.4551 20 0.280553
789 1.75922e+13 1.21841e+11 564377 44 18.8838 19 0.271514
790 1.1259e+15 1.79213e+12 561096 50 18.8945 19 0.271881
791 2.2518e+15 3.11634e+12 1.08905e+06 51 19.3945 20 0.280727
792 3.51844e+13 2.18177e+11 293029 45 17.9287 18 0.267066
793 1.1259e+15 1.54436e+12 162586 50 17.8271 17 0.267702
794 1.75922e+13 9.48297e+10 561054 44 18.6113 19 0.27977
795 3.51844e+13 1.11028e+11 294584 45 18.2656 18 0.275112
796 5.6295e+14 8.01365e+11 566558 49 18.9277 19 0.280809
797 2.81475e+14 5.88695e+11 2.14242e+06 48 19.5137 21 0.290015
798 3.60288e+16 3.52853e+13 1.09228e+06 55 19.2236 20 0.289884
799 1.40737e+14 6.19352e+11 8.44298e+06 47 20.6582 23 0.30947
800 3.51844e+13 1.71559e+11 1.09137e+06 45 19.208 20 0.289494
801 7.03687e+13 4.64189e+11 4.24023e+06 46 20.0928 22 0.302406
802 5.6295e+14 1.98925e+12 2.14433e+06 49 19.8525 21 0.295699
803 7.03687e+13 4.70329e+11 4.24622e+06 46 20.8457 22 0.305965
804 1.1259e+15 2.17039e+12 8.43922e+06 50 20.4912 23 0.304771
805 5.6295e+14 8.79866e+11 4.24386e+06 49 20.668 22 0.303542
806 5.6295e+14 1.34339e+12 4.2448e+06 49 20.6123 22 0.300625
807 1.40737e+14 5.33648e+11 1.68309e+07 47 21.1367 24 0.312149
808 5.6295e+14 1.51526e+12 2.14094e+06 49 19.7285 21 0.291356
809 5.6295e+14 1.0164e+12 8.44682e+06 49 21.0273 23 0.312235
810 5.6295e+14 1.08254e+12 2.14222e+06 49 19.9092 21 0.297998
811 2.2518e+15 2.42626e+12 1.68355e+07 51 21.0107 24 0.318072
812 2.2518e+15 3.41422e+12 1.34283e+08 51 23.1709 27 0.344561
813 2.81475e+14 1.05994e+12 6.71789e+07 48 22.9131 26 0.342255
814 4.5036e+15 5.1036e+12 6.71755e+07 52 22.8438 26 0.338185
815 5.6295e+14 1.63214e+12 6.71829e+07 49 22.6953 26 0.338058
816 1.40737e+14 5.07694e+11 6.71694e+07 47 22.1348 26 0.328375
817 7.03687e+13 3.76427e+11 1.68367e+07 46 21.373 24 0.316645
818 1.40737e+14 4.72009e+11 3.36109e+07 47 21.7529 25 0.322747
819 5.6295e+14 1.13803e+12 3.36247e+07 49 22.2881 25 0.32575
820 5.6295e+14 1.17958e+12 1.68336e+07 49 21.0332 24 0.317494
821 1.1259e+15 3.29426e+12 3.3618e+07 50 21.5889 25 0.319254
822 1.40737e+14 5.59609e+11 1.68413e+07 47 21.1875 24 0.31447
823 7.03687e+13 4.90865e+11 1.6838e+07 46 20.9883 24 0.314048
824 5.6295e+14 9.71925e+11 3.36119e+07 49 21.5703 25 0.318555
825 4.5036e+15 5.13451e+12 8.43974e+06 52 19.957 23 0.305082
826 2.81475e+14 6.03225e+11 1.09354e+06 48 19.0439 20 0.297162
827 4.5036e+15 4.82485e+12 1.08738e+06 52 19.1387 20 0.292728
828 2.81475e+14 9.56776e+11 3.36134e+07 48 21.3281 25 0.319933
829 2.81475e+14 1.01778e+12 1.68306e+07 48 20.9736 24 0.320627
830 2.2518e+15 2.8114e+12 4.24088e+06 51 19.9502 22 0.30386
831 5.6295e+14 8.40359e+11 4.24983e+06 49 20.5801 22 0.318206
832 1.80144e+16 1.83367e+13 558601 54 19.0459 19 0.29807
833 9.0072e+15 9.76991e+12 163181 53 18.5205 17 0.296019
834 2.2518e+15 2.64264e+12 159324 51 17.8867 17 0.285911
835 1.1259e+15 1.54508e+12 157226 50 17.8154 17 0.286051
836 1.40737e+14 4.72787e+11 93816.7 47 17.6621 16 0.284061
837 1.1259e+15 1.58197e+12 293753 50 18.6709 18 0.291897
838 1.40737e+14 4.39243e+11 293713 47 18.5605 18 0.2874
839 3.51844e+13 2.35711e+11 90443.2 45 17.7529 16 0.276787
840 2.81475e+14 8.21681e+11 92525.7 48 17.7158 16 0.273919
841 9.0072e+15 9.54293e+12 297865 53 19 18 0.290233
842 5.6295e+14 1.22905e+12 55740.4 49 16.9834 15 0.251947
843 2.2518e+15 2.74119e+12 165275 51 18.4014 17 0.273938
844 5.6295e+14 9.60613e+11 161601 49 18.5303 17 0.285727
845 2.81475e+14 6.01123e+11 161532 48 18.3994 17 0.279943
846 1.1259e+15 2.63417e+12 158548 50 17.9336 17 0.278361
847 2.81475e+14 7.30373e+11 93545.5 48 17.4297 16 0.26768
848 7.03687e+13 2.30669e+11 89320.5 46 17.5439 16 0.266908
849 5.6295e+14 1.05835e+12 92209 49 17.5684 16 0.270823
850 1.40737e+14 2.63817e+11 92932.1 47 17.2207 16 0.270034
851 5.6295e+14 9.74011e+11 160337 49 18.2129 17 0.274659
852 1.40737e+14 4.43508e+11 96052.6 47 18.0547 16 0.275664
853 7.03687e+13 2.13922e+11 56492.8 46 17.1973 15 0.262419
854 7.03687e+13 2.70064e+11 53139.6 46 16.791 15 0.259348
855 4.5036e+15 5.70817e+12 57954.9 52 17.5635 15 0.27163
856 7.03687e+13 2.53894e+11 161635 46 18.7158 17 0.282939
857 1.1259e+15 2.09245e+12 564182 50 19.4365 19 0.289504
858 1.40737e+14 3.22261e+11 56521.3 47 17.4199 15 0.260519
859 2.81475e+14 1.06148e+12 93936.3 48 17.9131 16 0.266163
860 5.6295e+14 8.23476e+11 157073 49 18.168 17 0.265821
861 7.03687e+13 3.31822e+11 557133 46 18.4629 19 0.272058
862 7.03687e+13 3.6658e+11 160194 46 18.2451 17 0.270896
863 2.2518e+15 3.06823e+12 295670 51 18.6895 18 0.277541
864 9.0072e+15 1.05713e+13 555493 53 19.1436 19 0.280994
865 2.2518e+15 5.05513e+12 4.24344e+06 51 20.4697 22 0.301777
866 2.81475e+14 1.12639e+12 8.44533e+06 48 21.3955 23 0.321889
867 2.2518e+15 2.7718e+12 4.24612e+06 51 20.6709 22 0.314758
868 2.81475e+14 7.23294e+11 1.08298e+06 48 19.8721 20 0.296942
869 5.6295e+14 1.72532e+12 297829 49 19.1172 18 0.290606
870 9.0072e+15 1.1942e+13 2.13943e+06 53 19.8906 21 0.298134
871 5.6295e+14 1.48899e+12 564687 49 19.8164 19 0.28763
872 2.81475e+14 5.30625e+11 1.09053e+06 48 19.9941 20 0.291016
873 2.81475e+14 6.59264e+11 1.08873e+06 48 19.6191 20 0.292633
874 1.1259e+15 1.7603e+12 295131 50 19.1934 18 0.292081
875 2.81475e+14 9.4657e+11 90810.3 48 17.541 16 0.278652
876 7.03687e+13 2.67041e+11 296766 46 18.8623 18 0.2928
877 7.03687e+13 5.73571e+11 162686 46 18.2988 17 0.284984
878 5.6295e+14 1.36659e+12 1.0861e+06 49 19.418 20 0.296434
879 1.40737e+14 6.50145e+11 296429 47 18.3984 18 0.286481
880 2.81475e+14 6.33716e+11 295517 48 18.6016 18 0.288284
881 5.6295e+14 1.80473e+12 163279 49 18.5576 17 0.2872
882 5.6295e+14 1.06404e+12 560759 49 19.6543 19 0.303974
883 1.1259e+15 2.20341e+12 565674 50 19.25 19 0.298234
884 2.81475e+14 5.94581e+11 295670 48 18.9795 18 0.293334
885 2.81475e+14 9.61969e+11 1.09e+06 48 20.2148 20 0.305705
886 5.6295e+14 2.09249e+12 1.09325e+06 49 20.3916 20 0.311663
887 1.80144e+16 1.86357e+13 1.0912e+06 54 19.9531 20 0.306621
888 5.6295e+14 9.69075e+11 161566 49 18.4111 17 0.288644
889 7.20576e+16 7.10942e+13 92869.9 56 18.0029 16 0.286757
890 5.6295e+14 1.62179e+12 4.24386e+06 49 21.1963 22 0.340057
891 2.81475e+14 7.33919e+11 1.08372e+06 48 19.1709 20 0.312231
892 2.81475e+14 8.05787e+11 558071 48 18.9668 19 0.306926
893 5.6295e+14 9.57274e+11 159104 49 18.2061 17 0.294677
894 5.6295e+14 1.3301e+12 56003.3 49 17.1357 15 0.278644
895 5.6295e+14 1.26798e+12 14806.8 49 15.2471 11 0.248124
896 5.6295e+14 1.41163e+12 90376 49 17.5518 16 0.28325
897 2.81475e+14 4.9143e+11 91075 48 17.1533 16 0.279497
898 1.1259e+15 2.01532e+12 297210 50 18.9512 18 0.298016
899 5.6295e+14 1.03328e+12 295709 49 18.9658 18 0.292324
900 2.2518e+15 2.76063e+12 561640 51 19.207 19 0.289947
901 4.5036e+15 5.03994e+12 2.14227e+06 52 20.3223 21 0.30486
902 1.40737e+14 3.18598e+11 296241 47 18.4746 18 0.274329
903 1.1259e+15 2.97219e+12 2.14074e+06 50 19.7715 21 0.303726
904 5.6295e+14 2.29324e+12 4.24201e+06 49 20.1836 22 0.309336
905 1.40737e+14 9.02133e+11 1.09189e+06 47 19.0469 20 0.296944
906 5.6295e+14 1.49967e+12 1.08724e+06 49 19.4092 20 0.299525
907 2.81475e+14 1.43273e+12 2.14756e+06 48 20.1104 21 0.304177
908 5.6295e+14 1.9598e+12 2.13763e+06 49 19.8799 21 0.309794
909 1.1259e+15 2.13308e+12 4.24612e+06 50 20.3789 22 0.31695
910 1.40737e+14 9.25702e+11 561557 47 19.0391 19 0.301111
911 4.5036e+15 6.45857e+12 1.08519e+06 52 19.1172 20 0.30178
912 9.0072e+15 1.29693e+13 4.24153e+06 53 20.0391 22 0.31644
913 5.6295e+14 2.22836e+12 4.24402e+06 49 20.4814 22 0.323562
914 2.81475e+14 1.23965e+12 2.14285e+06 48 19.9629 21 0.317875
915 2.81475e+14 1.82937e+12 565108 48 19.248 19 0.307548
916 1.1259e+15 2.95476e+12 162250 50 18.4023 17 0.293127
917 1.40737e+14 5.97843e+11 297684 47 18.5654 18 0.290451
918 1.1259e+15 1.5147e+12 1.09027e+06 50 19.4424 20 0.305438
919 5.6295e+14 2.28588e+12 1.68372e+07 49 21.1768 24 0.331049
920 1.80144e+16 3.02659e+13 3.36115e+07 54 21.1309 25 0.333693
921 1.1259e+15 1.95313e+12 3.36145e+07 50 21.2529 25 0.336532
922 2.2518e+15 3.76712e+12 6.71687e+07 51 21.8213 26 0.340188
923 2.81475e+14 1.60854e+12 1.34287e+08 48 22.793 27 0.348271
924 1.1259e+15 3.70521e+12 3.3623e+07 50 22.0312 25 0.343592
925 4.61169e+18 4.50568e+15 3.36194e+07 62 21.5166 25 0.334729
926 4.5036e+15 1.08117e+13 1.07383e+09 52 25.1562 30 0.389947
927 2.2518e+15 6.01858e+12 1.07383e+09 51 24.8877 30 0.388267
928 1.1259e+15 6.11328e+12 1.07383e+09 50 24.4072 30 0.382172
929 2.2518e+15 6.71428e+12 1.07383e+09 51 24.3096 30 0.386593
930 3.60288e+16 4.90276e+13 5.36952e+08 55 23.8564 29 0.374783
931 1.1259e+15 4.55322e+12 5.3695e+08 50 24.0264 29 0.380145
932 1.80144e+16 2.24434e+13 2.6851e+08 54 23.4434 28 0.371652
933 1.44115e+17 2.16716e+14 6.71712e+07 57 21.8779 26 0.348181
934 9.0072e+15 1.52305e+13 1.34291e+08 53 23.2559 27 0.365099
935 2.2518e+15 9.58813e+12 2.68506e+08 51 23.3037 28 0.361742
936 2.2518e+15 7.34217e+12 2.68516e+08 51 23.9043 28 0.372719
937 2.81475e+14 1.88609e+12 6.71657e+07 48 22.2832 26 0.352573
938 9.0072e+15 1.61919e+13 1.3429e+08 53 23.2969 27 0.368814
939 5.6295e+14 1.60491e+12 1.34289e+08 49 23.1016 27 0.367714
940 1.1259e+15 3.81658e+12 6.71854e+07 50 23.1484 26 0.369391
941 1.80144e+16 2.70675e+13 1.34293e+08 54 23.4775 27 0.373326
942 2.2518e+15 6.92434e+12 6.71712e+07 51 22.3027 26 0.35405
943 3.60288e+16 3.84241e+13 1.68329e+07 55 20.9873 24 0.334294
944 1.1259e+15 2.66913e+12 2.68515e+08 50 24.4131 28 0.372705
945 2.2518e+15 5.22822e+12 1.34295e+08 51 23.5049 27 0.367909
946 2.8823e+17 2.86107e+14 6.71797e+07 58 22.7334 26 0.354313
947 4.5036e+15 7.2634e+12 1.34293e+08 52 22.9766 27 0.354025
948 4.5036e+15 7.81014e+12 2.68512e+08 52 23.3359 28 0.363668
949 1.80144e+16 2.40467e+13 1.34296e+08 54 24.2422 27 0.373458
950 5.6295e+14 3.6704e+12 5.36961e+08 49 25.5352 29 0.392425
951 1.1259e+15 2.52555e+12 2.68511e+08 50 24.042 28 0.375211
952 1.1259e+15 3.35078e+12 1.34294e+08 50 23.623 27 0.36798
953 9.0072e+15 1.54496e+13 1.34296e+08 53 23.8145 27 0.370024
954 5.6295e+14 1.80429e+12 1.34291e+08 49 23.6592 27 0.36164
955 4.5036e+15 8.31024e+12 6.71811e+07 52 23.0645 26 0.356502
956 4.5036e+15 1.05347e+13 6.71786e+07 52 23.1777 26 0.362645
957 2.2518e+15 4.69908e+12 2.68505e+08 51 23.5059 28 0.365355
958 4.5036e+15 9.52692e+12 3.36243e+07 52 22.4824 25 0.348978
959 2.2518e+15 5.27694e+12 1.34284e+08 51 23.1807 27 0.360992
960 5.6295e+14 2.58232e+12 3.36141e+07 49 22.3115 25 0.346508
961 4.5036e+15 1.03116e+13 1.34283e+08 52 23.0938 27 0.357864
962 4.5036e+15 7.3355e+12 1.68366e+07 52 21.8877 24 0.341227
963 1.44115e+17 1.43324e+14 2.68515e+08 57 23.7422 28 0.36825
964 1.80144e+16 2.69506e+13 5.36954e+08 54 24.208 29 0.379687
965 1.1259e+15 3.57683e+12 5.36954e+08 50 24.3008 29 0.374753
966 2.2518e+15 5.94808e+12 5.36953e+08 51 24.2168 29 0.377161
967 4.5036e+15 7.16655e+12 6.71778e+07 52 22.9336 26 0.359301
968 1.80144e+16 2.82817e+13 1.34284e+08 54 22.8271 27 0.365011
969 2.2518e+15 7.41763e+12 1.34293e+08 51 23.0342 27 0.367299
970 4.5036e+15 1.62e+13 1.34291e+08 52 23.1074 27 0.370944
971 2.2518e+15 5.32279e+12 2.68513e+08 51 23.8467 28 0.376664
972 2.2518e+15 5.9968e+12 2.68512e+08 51 23.9434 28 0.383717
973 1.1259e+15 3.09702e+12 8.43669e+06 50 21.124 23 0.339367
974 1.80144e+16 2.26076e+13 6.71809e+07 54 22.7842 26 0.359804
975 4.5036e+15 1.1816e+13 1.34289e+08 52 23.0566 27 0.364724
976 2.2518e+15 4.62793e+12 3.3621e+07 51 22.709 25 0.359819
977 1.1259e+15 3.92398e+12 3.36214e+07 50 22.2598 25 0.356223
978 9.0072e+15 1.69126e+13 8.44463e+06 53 21.9072 23 0.345815
979 1.1259e+15 5.75079e+12 1.34296e+08 50 23.876 27 0.375171
980 9.0072e+15 1.32434e+13 5.36948e+08 53 23.6611 29 0.373661
981 2.2518e+15 5.60933e+12 5.36954e+08 51 24.6572 29 0.392804
982 1.80144e+16 3.31159e+13 4.24627e+06 54 22.4424 22 0.363086
983 4.5036e+15 1.15937e+13 5.36947e+08 52 24.1465 29 0.386088
984 2.2518e+15 8.23008e+12 1.07383e+09 51 25.1719 30 0.402311
985 1.80144e+16 2.70602e+13 5.36944e+08 54 23.8379 29 0.387465
986 2.2518e+15 6.18914e+12 2.14758e+09 51 25.6963 31 0.409357
987 9.0072e+15 2.28641e+13 2.68516e+08 53 23.5625 28 0.377071
988 9.0072e+15 1.38711e+13 2.14757e+09 53 24.9619 31 0.397005
989 4.5036e+15 1.51049e+13 4.29507e+09 52 26.8398 32 0.430219
990 2.2518e+15 9.02867e+12 5.36954e+08 51 25.1348 29 0.405331
991 2.2518e+15 1.22938e+13 5.36957e+08 51 24.7803 29 0.405487
992 1.1259e+15 6.43966e+12 5.36961e+08 50 25.5703 29 0.412408
993 2.2518e+15 1.31565e+13 5.3696e+08 51 24.9053 29 0.400286
994 4.5036e+15 1.65009e+13 5.36958e+08 52 25.4072 29 0.409503
995 7.20576e+16 8.11645e+13 1.07383e+09 56 25.1904 30 0.403384
996 4.5036e+15 2.10438e+13 4.29506e+09 52 27.793 32 0.443804
997 2.2518e+15 1.13772e+13 2.14758e+09 51 26.2832 31 0.41896
998 9.0072e+15 1.96131e+13 2.14758e+09 53 26.7148 31 0.430613
999 1.80144e+16 4.80535e+13 2.14759e+09 54 26.9043 31 0.426747
1000 1.80144e+16 3.55284e+13 1.07382e+09 54 25.6104 30 0.413593
1001 2.2518e+15 7.01955e+12 1.07383e+09 51 25.79 30 0.410611
1002 4.5036e+15 1.69504e+13 1.07383e+09 52 26.127 30 0.418738
1003 9.0072e+15 2.46359e+13 2.14758e+09 53 26.9854 31 0.433463
1004 9.0072e+15 1.63929e+13 2.14759e+09 53 26.4805 31 0.42261
1005 2.2518e+15 1.52248e+13 1.07383e+09 51 25.8887 30 0.413803
1006 4.5036e+15 1.89633e+13 5.36954e+08 52 25.2266 29 0.403982
1007 4.5036e+15 1.83983e+13 1.07384e+09 52 25.9951 30 0.414654
1008 4.5036e+15 8.88976e+12 2.6851e+08 52 24.2959 28 0.392424
1009 2.2518e+15 1.56107e+13 2.685e+08 51 24.1357 28 0.388206
1010 9.0072e+15 2.85678e+13 5.36939e+08 53 24.3232 29 0.393503
1011 1.80144e+16 2.88365e+13 5.36954e+08 54 25.7266 29 0.415315
1012 9.0072e+15 4.03791e+13 2.14757e+09 53 25.9541 31 0.416949
1013 2.2518e+15 1.20253e+13 2.14756e+09 51 25.2705 31 0.407492
1014 4.5036e+15 1.62464e+13 2.68511e+08 52 24.2705 28 0.389831
1015 4.5036e+15 1.82286e+13 5.36956e+08 52 24.8047 29 0.402898
1016 9.0072e+15 2.71654e+13 4.29506e+09 53 26.3311 32 0.429618
1017 3.60288e+16 5.69333e+13 2.14758e+09 55 26.0586 31 0.425171
1018 9.22337e+18 9.02269e+15 4.29506e+09 63 26.9873 32 0.436708
1019 1.80144e+16 4.16215e+13 1.07382e+09 54 25.0576 30 0.415325
1020 9.0072e+15 3.98527e+13 2.68513e+08 53 24.0039 28 0.398845
1021 2.8823e+17 3.08856e+14 2.68505e+08 58 23.8965 28 0.389933
1022 1.44115e+17 1.65088e+14 1.07383e+09 57 26.3848 30 0.421699
1023 4.5036e+15 1.77686e+13 2.68502e+08 52 24.3584 28 0.405714
1024 4.5036e+15 1.63045e+13 6.7176e+07 52 24.0703 26 0.393555
1025 4.5036e+15 1.88505e+13 2.68512e+08 52 25 28 0.40642
1026 1.80144e+16 3.0433e+13 2.68518e+08 54 25.2803 28 0.409812
1027 7.20576e+16 9.51514e+13 5.36958e+08 56 25.0898 29 0.412908
1028 2.2518e+15 1.23971e+13 4.29506e+09 51 26.5859 32 0.42918
1029 4.5036e+15 2.06158e+13 1.07383e+09 52 25.3652 30 0.411248
1030 4.5036e+15 1.77686e+13 1.07383e+09 52 25.6299 30 0.411229
1031 4.5036e+15 1.7439e+13 5.36939e+08 52 24.3438 29 0.400207
1032 1.80144e+16 5.33263e+13 1.07384e+09 54 25.5215 30 0.41867
1033 1.80144e+16 4.16104e+13 2.14756e+09 54 25.1934 31 0.417307
1034 4.5036e+15 2.48946e+13 1.34284e+08 52 23.2734 27 0.38842
1035 4.5036e+15 2.76267e+13 6.71779e+07 52 23.4033 26 0.394295
1036 3.60288e+16 5.12973e+13 2.68504e+08 55 23.8506 28 0.396417
1037 4.5036e+15 1.70829e+13 3.36159e+07 52 22.1211 25 0.371808
1038 2.2518e+15 1.30359e+13 1.07382e+09 51 24.6963 30 0.411126
1039 9.0072e+15 3.69614e+13 1.07382e+09 53 24.9551 30 0.416124
1040 9.22337e+18 9.12236e+15 2.68512e+08 63 24.3838 28 0.408234
1041 9.0072e+15 4.88451e+13 8.59003e+09 53 27.1162 33 0.448403
1042 3.60288e+16 8.89065e+13 4.29507e+09 55 26.6064 32 0.441499
1043 5.76461e+17 5.97752e+14 8.59003e+09 59 26.6309 33 0.443794
1044 9.0072e+15 5.57249e+13 1.718e+10 53 27.7129 34 0.462313
1045 9.0072e+15 3.14895e+13 5.36953e+08 53 25.4121 29 0.429098
1046 3.60288e+16 5.04812e+13 2.14757e+09 55 25.6914 31 0.432507
1047 2.30584e+18 2.45594e+15 2.14757e+09 61 26.0576 31 0.438867
1048 3.60288e+16 9.41499e+13 4.29507e+09 55 27.2598 32 0.457443
1049 1.44115e+17 3.22149e+14 1.07382e+09 57 25.9785 30 0.436431
1050 1.44115e+17 1.82196e+14 2.14758e+09 57 26.1982 31 0.442229
1051 3.60288e+16 7.87521e+13 1.07383e+09 55 25.9688 30 0.43386
1052 7.20576e+16 9.87364e+13 2.68512e+08 56 25.1133 28 0.420656
1053 1.80144e+16 5.29577e+13 2.6851e+08 54 24.4375 28 0.407847
1054 1.44115e+17 1.86192e+14 1.34292e+08 57 24.2119 27 0.408925
1055 1.80144e+16 6.05797e+13 6.7175e+07 54 23.7852 26 0.402509
1056 5.76461e+17 7.38473e+14 3.36103e+07 59 22.3867 25 0.377408
1057 9.0072e+15 4.39541e+13 1.34287e+08 53 23.4863 27 0.39837
1058 9.0072e+15 2.83297e+13 2.68505e+08 53 23.8633 28 0.395386
1059 5.76461e+17 5.98977e+14 6.71763e+07 59 22.9268 26 0.387626
1060 7.20576e+16 8.16297e+13 1.68373e+07 56 22.1895 24 0.371934
1061 3.60288e+16 4.34534e+13 3.3613e+07 55 22.1416 25 0.367639
1062 9.0072e+15 2.98405e+13 3.3608e+07 53 22.6758 25 0.375459
1063 2.2518e+15 1.20619e+13 3.36153e+07 51 22.8369 25 0.379089
1064 4.5036e+15 1.87911e+13 6.71739e+07 52 23.5088 26 0.392494
1065 9.0072e+15 2.69457e+13 4.23597e+06 53 21.3682 22 0.360621
1066 4.5036e+15 1.97437e+13 1.34279e+08 52 23.9814 27 0.401327
1067 9.0072e+15 2.09959e+13 3.36167e+07 53 23.1904 25 0.381985
1068 3.60288e+16 4.28346e+13 3.36236e+07 55 23.0664 25 0.383278
1069 2.2518e+15 1.1585e+13 5.36942e+08 51 24.3281 29 0.399132
1070 1.80144e+16 3.12994e+13 2.68509e+08 54 24.1885 28 0.391963
1071 2.2518e+15 1.07296e+13 1.34293e+08 51 24 27 0.392954
1072 4.5036e+15 2.35978e+13 2.68512e+08 52 24.5869 28 0.399769
1073 4.5036e+15 2.16416e+13 5.36941e+08 52 24.4521 29 0.401525
1074 9.0072e+15 2.23691e+13 1.34291e+08 53 24.1201 27 0.399036
1075 1.80144e+16 7.76507e+13 2.68509e+08 54 24.6758 28 0.404822
1076 4.5036e+15 2.37072e+13 1.34291e+08 52 24.3398 27 0.403717
1077 5.76461e+17 6.06859e+14 1.34293e+08 59 24.0576 27 0.396469
1078 7.20576e+16 1.16189e+14 4.29505e+09 56 26.9238 32 0.445824
1079 9.0072e+15 4.70525e+13 1.07382e+09 53 25.9697 30 0.431889
1080 1.80144e+16 4.77138e+13 5.3695e+08 54 25.1816 29 0.420807
1081 4.5036e+15 2.94259e+13 5.36958e+08 52 25.0762 29 0.418293
1082 9.0072e+15 3.60869e+13 1.34282e+08 53 23.8467 27 0.401741
1083 7.20576e+16 1.3521e+14 1.07384e+09 56 26.0186 30 0.43635
1084 2.8823e+17 3.96955e+14 1.07383e+09 58 25.8574 30 0.436957
1085 3.60288e+16 1.1388e+14 1.07383e+09 55 25.7832 30 0.429053
1086 9.0072e+15 6.38117e+13 1.07382e+09 53 25.8379 30 0.430169
1087 7.20576e+16 1.52239e+14 2.68508e+08 56 24.5391 28 0.412006
1088 1.80144e+16 1.20712e+14 5.36945e+08 54 24.3623 29 0.414754
1089 3.60288e+16 9.28173e+13 2.68509e+08 55 24.2959 28 0.412205
1090 9.0072e+15 4.42766e+13 2.68508e+08 53 23.9434 28 0.411851
1091 5.76461e+17 1.0472e+15 2.68505e+08 59 24.0049 28 0.406945
1092 2.8823e+17 4.12751e+14 2.68515e+08 58 24.0264 28 0.407556
1093 9.0072e+15 3.36047e+13 3.36251e+07 53 22.957 25 0.39869
1094 9.0072e+15 5.48379e+13 1.08891e+06 53 21.8408 20 0.380153
1095 5.76461e+17 5.97581e+14 2.14004e+06 59 21.7803 21 0.377705
1096 1.80144e+16 5.48908e+13 2.68518e+08 54 24.2598 28 0.414451
1097 1.44115e+17 2.25076e+14 5.36958e+08 57 24.5732 29 0.417595
1098 3.60288e+16 2.12266e+14 2.14757e+09 55 24.9355 31 0.424264
1099 3.60288e+16 1.12684e+14 2.68518e+08 55 24.4883 28 0.420093
1100 9.22337e+18 9.08181e+15 6.71695e+07 63 23.2881 26 0.399482
1101 3.60288e+16 9.13347e+13 1.07383e+09 55 24.8877 30 0.424887
1102 3.60288e+16 9.1852e+13 5.36934e+08 55 24.4902 29 0.417428
1103 9.0072e+15 5.212e+13 1.07383e+09 53 24.8359 30 0.422314
1104 1.80144e+16 4.15568e+13 1.34276e+08 54 23.4512 27 0.39934
1105 3.60288e+16 8.37816e+13 1.07383e+09 55 24.6914 30 0.420486
1106 7.20576e+16 1.47213e+14 2.14756e+09 56 24.7871 31 0.419653
1107 9.0072e+15 4.88862e+13 2.68512e+08 53 23.3965 28 0.399895
1108 7.20576e+16 1.16667e+14 2.68511e+08 56 23.5107 28 0.400748
1109 5.76461e+17 1.30465e+15 4.29507e+09 59 25.2695 32 0.429218
1110 4.5036e+15 2.91901e+13 3.36083e+07 52 22.9863 25 0.396353
1111 7.20576e+16 9.88492e+13 8.44248e+06 56 22.5781 23 0.391286
1112 7.20576e+16 1.45216e+14 2.68512e+08 56 23.7637 28 0.408339
1113 1.80144e+16 7.96707e+13 4.29506e+09 54 25.2617 32 0.427895
1114 3.60288e+16 1.60184e+14 1.07382e+09 55 24.5791 30 0.415666
1115 1.44115e+17 2.35797e+14 1.07383e+09 57 24.9072 30 0.419355
1116 1.80144e+16 7.56249e+13 8.59004e+09 54 25.958 33 0.440734
1117 7.20576e+16 1.80498e+14 2.14757e+09 56 24.5088 31 0.420306
1118 3.60288e+16 1.41419e+14 4.29505e+09 55 25.1143 32 0.430819
1119 9.0072e+15 8.92986e+13 2.14757e+09 53 24.8174 31 0.42572
1120 3.60288e+16 9.20517e+13 1.34287e+08 55 23.2119 27 0.403164
1121 9.0072e+15 7.5031e+13 8.59003e+09 53 25.3037 33 0.430423
1122 3.60288e+16 1.10329e+14 2.14758e+09 55 25.3477 31 0.429208
1123 1.80144e+16 1.15609e+14 8.59004e+09 54 26.8057 33 0.454082
1124 9.0072e+15 5.4988e+13 1.07383e+09 53 24.9541 30 0.42035
1125 3.60288e+16 9.34056e+13 1.07383e+09 55 24.6904 30 0.421755
1126 1.80144e+16 6.02604e+13 1.07382e+09 54 24.8223 30 0.422119
1127 7.20576e+16 1.8372e+14 2.68508e+08 56 23.5869 28 0.40284
1128 9.0072e+15 8.06505e+13 1.07383e+09 53 25.1055 30 0.422326
1129 4.5036e+15 4.64915e+13 1.07382e+09 52 24.7637 30 0.418599
1130 1.44115e+17 2.89702e+14 4.29506e+09 57 25.4756 32 0.430327
1131 7.20576e+16 1.37582e+14 2.14758e+09 56 25.3838 31 0.430452
1132 3.60288e+16 7.81892e+13 2.14757e+09 55 25.582 31 0.432529
1133 7.20576e+16 1.35645e+14 2.68517e+08 56 24.2314 28 0.415064
1134 3.60288e+16 8.03743e+13 5.36955e+08 55 24.3066 29 0.415111
1135 3.60288e+16 7.33154e+13 2.14757e+09 55 25.8125 31 0.433861
1136 4.61169e+18 4.64463e+15 4.29507e+09 62 26.79 32 0.453694
1137 7.20576e+16 2.72921e+14 1.37439e+11 56 31.4375 37 0.534367
1138 3.60288e+16 1.03709e+14 1.718e+10 55 27.8174 34 0.476179
1139 1.80144e+16 1.13205e+14 1.718e+10 54 28.501 34 0.487322
1140 9.0072e+15 6.64775e+13 1.718e+10 53 28.21 34 0.484803
1141 2.8823e+17 3.51854e+14 3.43598e+10 58 28.4434 35 0.488916
1142 1.80144e+16 9.11463e+13 1.718e+10 54 27.7715 34 0.485617
1143 5.76461e+17 6.69177e+14 8.59004e+09 59 26.8896 33 0.467265
1144 9.0072e+15 4.99415e+13 5.36951e+08 53 25.5537 29 0.442219
1145 1.44115e+17 2.63778e+14 1.3429e+08 57 24.2998 27 0.423288
1146 1.80144e+16 7.56718e+13 1.07383e+09 54 25.9893 30 0.446378
1147 9.0072e+15 4.38908e+13 1.34296e+08 53 24.3906 27 0.425716
1148 7.20576e+16 1.26661e+14 2.14758e+09 56 26.1221 31 0.450732
1149 3.60288e+16 9.30639e+13 5.36936e+08 55 25.167 29 0.446736
1150 9.0072e+15 7.29324e+13 1.07383e+09 53 25.5664 30 0.449403
1151 7.20576e+16 1.4873e+14 1.07382e+09 56 25.5752 30 0.447122
1152 2.8823e+17 6.30958e+14 2.14757e+09 58 25.4658 31 0.443589
1153 7.20576e+16 1.84418e+14 2.14757e+09 56 26.332 31 0.460687
1154 2.30584e+18 2.30815e+15 2.14756e+09 61 25.5781 31 0.449606
1155 3.60288e+16 1.54272e+14 6.87196e+10 55 30.2432 36 0.508876
1156 5.76461e+17 6.7787e+14 6.87196e+10 59 29.7715 36 0.50044
1157 7.20576e+16 2.13582e+14 1.718e+10 56 29.8613 34 0.498464
1158 1.80144e+16 6.62486e+13 8.59005e+09 54 27.9863 33 0.473955
1159 1.44115e+17 2.03729e+14 1.718e+10 57 28.8115 34 0.485379
1160 1.80144e+16 9.10781e+13 3.43599e+10 54 30.1709 35 0.504542
1161 1.44115e+17 3.67647e+14 3.43599e+10 57 29.6875 35 0.494732
1162 1.44115e+17 2.0982e+14 8.59004e+09 57 27.5293 33 0.464885
1163 3.60288e+16 1.28706e+14 6.87196e+10 55 30.4326 36 0.508168
1164 1.44115e+17 4.13521e+14 3.43598e+10 57 28.6074 35 0.476885
1165 7.20576e+16 1.62588e+14 6.87196e+10 56 29.8711 36 0.496736
1166 3.60288e+16 9.53377e+13 3.43599e+10 55 30.5225 35 0.507095
1167 1.44115e+17 5.82386e+14 6.87196e+10 57 30.7646 36 0.510255
1168 7.20576e+16 2.82163e+14 6.87196e+10 56 30.6455 36 0.507037
1169 1.44115e+17 2.53885e+14 6.87196e+10 57 30.168 36 0.502663
1170 1.80144e+16 1.1332e+14 3.43598e+10 54 29.4238 35 0.491012
1171 7.20576e+16 1.3367e+14 6.87196e+10 56 29.541 36 0.501075
1172 7.20576e+16 2.47369e+14 3.43599e+10 56 29.5781 35 0.49532
1173 9.0072e+15 5.16434e+13 3.43598e+10 53 28.6543 35 0.481227
1174 2.8823e+17 4.31301e+14 3.43599e+10 58 30.2256 35 0.507555
1175 1.44115e+17 3.64748e+14 3.43599e+10 57 29.5938 35 0.501334
1176 7.20576e+16 2.18818e+14 3.43598e+10 56 28.2842 35 0.481478
1177 1.15292e+18 2.33596e+15 3.43599e+10 60 28.7363 35 0.485754
1178 9.0072e+15 7.51044e+13 1.718e+10 53 27.5977 34 0.467196
1179 7.20576e+16 2.68052e+14 2.14757e+09 56 26.1748 31 0.447231
1180 1.80144e+16 7.52496e+13 4.29506e+09 54 26.3408 32 0.454345
1181 3.60288e+16 1.49834e+14 4.29506e+09 55 26.9844 32 0.458932
1182 9.0072e+15 4.52956e+13 8.59004e+09 53 27.8496 33 0.467389
1183 1.44115e+17 2.04741e+14 8.59004e+09 57 27.6562 33 0.470968
1184 7.20576e+16 2.42306e+14 1.718e+10 56 27.9268 34 0.473826
1185 1.80144e+16 9.38258e+13 2.14758e+09 54 26.3457 31 0.446052
1186 1.80144e+16 8.54679e+13 4.29506e+09 54 26.7422 32 0.454735
1187 9.0072e+15 6.70479e+13 2.14757e+09 53 26.4033 31 0.446142
1188 7.20576e+16 1.33024e+14 8.59004e+09 56 27.4141 33 0.466929
1189 1.80144e+16 1.21283e+14 4.29506e+09 54 26.2178 32 0.444313
1190 1.80144e+16 6.79183e+13 4.29505e+09 54 26.1201 32 0.444424
1191 1.80144e+16 6.59052e+13 4.29507e+09 54 26.5938 32 0.453775
1192 1.80144e+16 8.03702e+13 2.14758e+09 54 25.9736 31 0.442187
1193 7.20576e+16 2.12045e+14 2.14758e+09 56 25.6543 31 0.43586
1194 2.8823e+17 4.00482e+14 8.59004e+09 58 27.3115 33 0.466517
1195 1.44115e+17 2.55963e+14 1.718e+10 57 28.1641 34 0.481011
1196 7.20576e+16 2.92104e+14 1.718e+10 56 26.9844 34 0.467687
1197 2.8823e+17 3.35098e+14 8.59004e+09 58 27.1191 33 0.464886
1198 9.0072e+15 7.53518e+13 8.59003e+09 53 26.4883 33 0.455348
1199 9.0072e+15 5.33587e+13 1.718e+10 53 27.0742 34 0.46785
1200 2.8823e+17 4.88291e+14 4.29507e+09 58 26.4639 32 0.454156
1201 3.60288e+16 1.17695e+14 1.718e+10 55 28.6025 34 0.48655
1202 3.60288e+16 8.39072e+13 1.718e+10 55 27.9678 34 0.474231
1203 2.8823e+17 4.15853e+14 4.29507e+09 58 26.5938 32 0.456253
1204 1.44115e+17 4.10832e+14 1.718e+10 57 28.1562 34 0.486734
1205 1.80144e+16 1.09597e+14 1.07383e+09 54 25.29 30 0.44105
1206 7.20576e+16 1.54083e+14 4.29505e+09 56 26.6885 32 0.463855
1207 7.20576e+16 2.72025e+14 2.14755e+09 56 26.376 31 0.459118
1208 3.60288e+16 1.46514e+14 1.07384e+09 55 26.292 30 0.455009
1209 1.80144e+16 1.07011e+14 4.29506e+09 54 27.1836 32 0.474644
1210 7.20576e+16 2.24869e+14 1.07382e+09 56 26.0361 30 0.454904
1211 1.44115e+17 2.44118e+14 2.14757e+09 57 26.0117 31 0.456511
1212 1.44115e+17 2.01616e+14 5.36955e+08 57 25.3691 29 0.448146
1213 9.0072e+15 4.78472e+13 4.24212e+06 53 23.0381 22 0.407957
1214 2.8823e+17 6.70636e+14 1.34283e+08 58 24.4248 27 0.43131
1215 7.20576e+16 2.64546e+14 5.36949e+08 56 25.6475 29 0.452979
1216 1.80144e+16 9.61596e+13 1.07382e+09 54 25.6201 30 0.445545
1217 7.20576e+16 1.33542e+14 1.07383e+09 56 25.584 30 0.449411
1218 3.60288e+16 1.52451e+14 8.59004e+09 55 27.6182 33 0.48318
1219 2.8823e+17 3.23833e+14 1.07382e+09 58 25.9062 30 0.455015
1220 7.20576e+16 1.64915e+14 2.74878e+11 56 30.5908 38 0.534177
1221 3.60288e+16 1.42363e+14 6.87196e+10 55 29.1172 36 0.510488
1222 1.15292e+18 1.21371e+15 8.59003e+09 60 27.6113 33 0.484156
1223 2.8823e+17 8.24968e+14 2.74878e+11 58 31.0918 38 0.541126
1224 3.60288e+16 1.46966e+14 6.87196e+10 55 29.4463 36 0.509121
1225 2.8823e+17 3.98483e+14 3.43598e+10 58 29.0205 35 0.50822
1226 2.8823e+17 7.7755e+14 2.74878e+11 58 32.5762 38 0.572129
1227 7.20576e+16 2.95993e+14 2.74878e+11 56 31.9717 38 0.563807
1228 1.44115e+17 4.49749e+14 2.74878e+11 57 31.2041 38 0.549803
1229 3.60288e+16 1.48222e+14 1.37439e+11 55 30.8105 37 0.541565
1230 7.20576e+16 3.22821e+14 2.74878e+11 56 30.8496 38 0.541852
1231 1.44115e+17 4.37438e+14 1.37439e+11 57 30.0352 37 0.530227
1232 5.76461e+17 1.29001e+15 6.87196e+10 59 30.2676 36 0.534875
1233 2.8823e+17 8.07603e+14 6.87196e+10 58 29.2676 36 0.520181
1234 3.60288e+16 1.59969e+14 2.74878e+11 55 31.3809 38 0.552497
1235 3.60288e+16 1.59074e+14 6.87196e+10 55 29.0254 36 0.511154
1236 2.8823e+17 5.62334e+14 6.87196e+10 58 29.999 36 0.528134
1237 1.80144e+16 1.6746e+14 6.87196e+10 54 29.9082 36 0.525562
1238 1.80144e+16 1.37375e+14 3.43599e+10 54 29.1475 35 0.516359
1239 7.20576e+16 2.08175e+14 6.87196e+10 56 29.1738 36 0.516564
1240 3.60288e+16 2.1089e+14 1.718e+10 55 28.2012 34 0.491742
1241 7.20576e+16 3.75971e+14 3.43599e+10 56 29.3711 35 0.516317
1242 7.20576e+16 1.92427e+14 1.718e+10 56 28.4062 34 0.504148
1243 3.60288e+16 2.09386e+14 1.37439e+11 55 29.8301 37 0.51967
1244 1.44115e+17 3.23553e+14 1.37439e+11 57 29.9258 37 0.524156
1245 2.30584e+18 4.18949e+15 1.37439e+11 61 30.0977 37 0.532195
1246 5.76461e+17 1.55344e+15 6.87196e+10 59 30.5547 36 0.541393
1247 1.44115e+17 8.60213e+14 4.29506e+09 57 28.1904 32 0.509115
1248 1.44115e+17 4.65989e+14 1.718e+10 57 28.9238 34 0.520888
1249 1.44115e+17 5.84305e+14 1.718e+10 57 28.7988 34 0.517117
1250 1.15292e+18 2.10763e+15 2.14757e+09 60 27.3867 31 0.49461
1251 1.84467e+19 2.19079e+16 3.43598e+10 64 29.1406 35 0.530508
1252 4.61169e+18 1.14083e+16 1.718e+10 62 28.8906 34 0.519903
1253 2.30584e+18 5.17609e+15 1.718e+10 61 29.5059 34 0.531884
1254 2.8823e+17 8.72607e+14 4.29505e+09 58 27.6133 32 0.498662
1255 1.44115e+17 5.05354e+14 1.07382e+09 57 26.8252 30 0.489382
1256 1.15292e+18 2.14885e+15 1.34291e+08 60 25.9717 27 0.474442
1257 5.76461e+17 1.16135e+15 5.36943e+08 59 26.4307 29 0.481096
1258 1.84467e+19 2.40128e+16 1.34279e+08 64 25.7793 27 0.480245
1259 1.15292e+18 2.09607e+15 3.361e+07 60 24.5996 25 0.460738
1260 7.3787e+19 7.26769e+16 3.3617e+07 66 24.877 25 0.473764
1261 1.44115e+17 9.9049e+14 6.71682e+07 57 25.9561 26 0.489306
1262 1.84467e+19 1.86359e+16 1.34287e+08 64 26.2871 27 0.491474
1263 1.84467e+19 3.17534e+16 3.36178e+07 64 26.0068 25 0.487208
1264 4.61169e+18 1.02926e+16 2.68501e+08 62 26.5879 28 0.498123
1265 1.84467e+19 1.97673e+16 2.68501e+08 64 25.9629 28 0.48453
1266 5.76461e+17 3.02915e+15 5.36945e+08 59 27.1484 29 0.505001
1267 2.30584e+18 3.54778e+15 5.36936e+08 61 26.7402 29 0.493226
1268 9.22337e+18 1.66427e+16 1.34282e+08 63 25.8447 27 0.482484
1269 5.76461e+17 3.07031e+15 3.36111e+07 59 25.3418 25 0.468519
1270 7.3787e+19 7.48589e+16 1.3428e+08 66 26.2178 27 0.481732
1271 1.84467e+19 2.36606e+16 1.07381e+09 64 28.3545 30 0.516694
1272 1.84467e+19 2.58587e+16 5.36941e+08 64 27.8467 29 0.513612
1273 1.84467e+19 3.24953e+16 5.36952e+08 64 28.2031 29 0.518894
1274 3.68935e+19 5.41572e+16 1.07382e+09 65 28.3906 30 0.521335
1275 9.22337e+18 1.46643e+16 2.68492e+08 63 27.0771 28 0.498198
1276 5.90296e+20 6.55611e+17 1.34282e+08 69 26.6426 27 0.495003
1277 9.22337e+18 1.26859e+16 3.3596e+07 63 24.8271 25 0.468635
1278 9.22337e+18 2.38572e+16 6.71643e+07 63 25.8701 26 0.482784
1279 9.22337e+18 2.27178e+16 6.71777e+07 63 26.6562 26 0.49051
1280 9.44473e+21 9.30753e+18 6.71692e+07 73 26.4844 26 0.492906
1281 1.88895e+22 2.31345e+19 2.14357e+06 74 23.1445 21 0.450468
1282 9.44473e+21 9.24165e+18 1.08766e+06 73 21.4092 20 0.423404
1283 3.02231e+23 2.96405e+20 4.2287e+06 78 23.5732 22 0.457817
1284 3.68935e+19 1.13792e+17 4.23745e+06 65 22.9717 22 0.449096
1285 9.44473e+21 9.2866e+18 2.13462e+06 73 22.3213 21 0.431875
1286 1.47574e+20 1.69537e+17 1.09009e+06 67 21.9922 20 0.428859
1287 2.95148e+20 3.69053e+17 2.13376e+06 68 22.5986 21 0.444858
1288 2.36118e+21 2.47477e+18 153346 71 19.5156 17 0.391656
1289 7.3787e+19 1.98365e+17 1.09124e+06 66 21.9307 20 0.427575
1290 9.44473e+21 1.05232e+19 1.0871e+06 73 22.3848 20 0.429523
1291 9.44473e+21 1.39798e+19 2.12972e+06 73 22.3877 21 0.443323
1292 2.36118e+21 2.95439e+18 2.13101e+06 71 22.1562 21 0.43742
1293 1.88895e+22 2.45655e+19 563432 74 21.9346 19 0.430558
1294 1.18059e+21 1.55406e+18 2.13283e+06 70 23.0898 21 0.452945
1295 1.18059e+21 1.38942e+18 1.68263e+07 70 24.3154 24 0.46538
1296 4.72237e+21 6.08489e+18 1.6822e+07 72 24.5537 24 0.479701
1297 4.72237e+21 8.56819e+18 1.68285e+07 72 24.666 24 0.465365
1298 1.88895e+22 1.90657e+19 2.13648e+06 74 23.2666 21 0.456002
1299 1.18059e+21 1.39155e+18 1.68213e+07 70 24.3662 24 0.474388
1300 2.36118e+21 3.51993e+18 1.68297e+07 71 25.0488 24 0.482152
1301 2.36118e+21 2.63589e+18 1.68306e+07 71 25.3428 24 0.491741
1302 4.72237e+21 8.13572e+18 1.68276e+07 72 26.0049 24 0.498716
1303 3.02231e+23 2.95826e+20 8.42992e+06 78 24.4668 23 0.473808
1304 2.95148e+20 1.38738e+18 8.43905e+06 68 25.124 23 0.48655
1305 9.44473e+21 1.76235e+19 1.68301e+07 73 25.3447 24 0.485598
1306 6.04463e+23 6.08315e+20 1.68325e+07 79 25.752 24 0.503723
1307 3.77789e+22 4.83729e+19 2.13283e+06 75 22.9189 21 0.455281
1308 1.93428e+25 1.90383e+22 88660.1 84 20.2188 16 0.404168
1309 4.72237e+21 8.29173e+18 1.08421e+06 72 22.4238 20 0.441055
1310 3.86856e+25 3.78767e+22 1.08081e+06 85 22.1582 20 0.432592
1311 2.41785e+24 2.4564e+21 1.08283e+06 81 22.291 20 0.436407
1312 1.20893e+24 1.23378e+21 8.43068e+06 80 24.5244 23 0.480808
1313 7.92282e+28 7.73713e+25 2.13892e+06 96 22.6885 21 0.4566
1314 3.02231e+23 3.8637e+20 557804 78 21.3086 19 0.431435
1315 4.72237e+21 5.04812e+18 1.07749e+06 72 21.2432 20 0.428427
1316 9.44473e+21 1.71279e+19 2.13289e+06 73 22.6953 21 0.450656
1317 3.86856e+25 3.78569e+22 292130 85 21.7402 18 0.436719
1318 3.02231e+23 3.32384e+20 1.08738e+06 78 22.1621 20 0.440987
1319 1.88895e+22 4.09327e+19 2.13261e+06 74 22.3369 21 0.437255
1320 3.77789e+22 3.90172e+19 552963 75 21.499 19 0.425476
1321 4.95176e+27 4.83578e+24 2.13305e+06 92 21.9326 21 0.430856
1322 9.44473e+21 1.2028e+19 91403 73 19.9385 16 0.400214
1323 2.36118e+21 6.66142e+18 2.12938e+06 71 22.2227 21 0.435989
1324 7.55579e+22 8.05697e+19 2.13101e+06 76 22.6348 21 0.444402
1325 4.72237e+21 8.63675e+18 1.08757e+06 72 22.7676 20 0.44874
1326 2.95148e+20 6.84739e+17 560759 68 22.2012 19 0.44026
1327 9.44473e+21 2.40645e+19 2.14526e+06 73 23.4238 21 0.44804
1328 1.20893e+24 2.41692e+21 1.08066e+06 80 22.5078 20 0.436475
1329 9.44473e+21 1.34083e+19 555169 73 21.8027 19 0.418526
1330 2.41785e+24 4.82743e+21 8.44061e+06 81 25.1758 23 0.483807
1331 1.51116e+23 2.40086e+20 1.68252e+07 77 25.5879 24 0.498629
1332 7.92282e+28 7.73713e+25 4.23835e+06 96 24.5312 22 0.486818
1333 9.44473e+21 2.82339e+19 157683 73 21.3438 17 0.43006
1334 6.04463e+23 6.89823e+20 4.22919e+06 79 24.1709 22 0.484326
1335 1.88895e+22 2.09574e+19 8.43549e+06 74 25.1152 23 0.49425
1336 6.04463e+23 9.72506e+20 2.14119e+06 79 24.0615 21 0.483988
1337 7.73713e+25 7.56111e+22 8.43348e+06 86 24.2598 23 0.484357
1338 7.92282e+28 7.73713e+25 1.68164e+07 96 24.9961 24 0.511546
1339 9.67141e+24 9.50063e+21 288830 83 21.8867 18 0.464108
1340 9.67141e+24 1.10472e+22 287956 83 21.9795 18 0.465251
1341 4.8357e+24 4.77678e+21 2.13051e+06 82 23.4893 21 0.494442
1342 7.92282e+28 7.73718e+25 2.13643e+06 96 23.8311 21 0.497931
1343 9.67141e+24 9.57683e+21 552821 83 23.0449 19 0.489497
1344 4.8357e+24 5.02343e+21 4.22882e+06 82 23.9541 22 0.518134
1345 2.41785e+24 3.11568e+21 154520 81 22.0762 17 0.486296
1346 1.93428e+25 2.08211e+22 558996 84 22.9521 19 0.494747
1347 7.92282e+28 1.59579e+26 554612 96 23.4551 19 0.499327
1348 1.9807e+28 1.93433e+25 551766 94 22.5967 19 0.487565
1349 7.92282e+28 2.32128e+26 156571 96 21.959 17 0.471892
1350 7.92282e+28 7.73739e+25 36399.7 96 19.9043 14 0.430468
1351 1.23794e+27 1.31104e+24 86985.2 90 21.0107 16 0.467203
1352 2.47588e+27 2.56956e+24 1.0722e+06 91 23.3633 20 0.518671
1353 7.92282e+28 7.73785e+25 543735 96 22.9795 19 0.512003
1354 7.92282e+28 2.41827e+26 278647 96 21.5908 18 0.478423
1355 7.92282e+28 1.56257e+26 153469 96 20.5391 17 0.458031
1356 7.73713e+25 1.13557e+23 84540.6 86 18.5527 16 0.412041
1357 7.92282e+28 7.73775e+25 150259 96 19.792 17 0.435103
1358 7.92282e+28 1.64795e+26 89423.8 96 19.9883 16 0.430359
1359 7.92282e+28 1.0155e+26 156571 96 20.6484 17 0.448216
1360 7.92282e+28 2.30079e+26 155673 96 21.5596 17 0.471166
1361 7.92282e+28 2.51546e+26 294819 96 22.79 18 0.499823
1362 7.92282e+28 3.35561e+26 545440 96 24.3438 19 0.535285
1363 7.92282e+28 2.43254e+26 8.41665e+06 96 26.416 23 0.57382
1364 7.92282e+28 3.99587e+26 4.23901e+06 96 26.3486 22 0.567
1365 7.92282e+28 3.25823e+26 4.22525e+06 96 25.8203 22 0.55724
1366 7.92282e+28 3.99713e+26 1.68124e+07 96 26.9121 24 0.580115
1367 7.92282e+28 5.66014e+26 3.35987e+07 96 28.8105 25 0.618382
1368 7.92282e+28 1.58756e+26 8.43421e+06 96 27.4111 23 0.597728
1369 7.92282e+28 1.99167e+26 1.6822e+07 96 28.3262 24 0.609261
1370 7.92282e+28 4.85455e+26 8.43403e+06 96 27.6123 23 0.606829
1371 7.92282e+28 5.23529e+26 8.41672e+06 96 26.5068 23 0.579667
1372 7.92282e+28 4.75929e+26 8.4249e+06 96 26.1055 23 0.571487
1373 7.92282e+28 3.87334e+26 3.35877e+07 96 28.3018 25 0.604724
1374 7.92282e+28 6.77319e+26 1.68227e+07 96 27.6172 24 0.592495
1375 7.92282e+28 5.89513e+26 1.68257e+07 96 28.3486 24 0.604949
1376 7.92282e+28 6.9759e+26 1.68183e+07 96 27.459 24 0.58702
1377 7.92282e+28 6.19251e+26 4.23129e+06 96 25.9834 22 0.556968
1378 7.92282e+28 3.87773e+26 2.12944e+06 96 25.6035 21 0.556038
1379 7.92282e+28 7.80363e+25 8.43675e+06 96 26.4961 23 0.5772
1380 7.92282e+28 5.59148e+26 8.42737e+06 96 26.5029 23 0.585399
1381 7.92282e+28 5.54535e+26 1.68183e+07 96 27.3652 24 0.598434
1382 7.92282e+28 7.37527e+26 1.68168e+07 96 27.7451 24 0.60661
1383 7.92282e+28 6.38322e+26 4.22834e+06 96 26.3652 22 0.565974
1384 7.92282e+28 5.49805e+26 292866 96 25.1348 18 0.545467
1385 7.92282e+28 1.02326e+27 553011 96 25.2871 19 0.54487
1386 7.92282e+28 1.08625e+27 2.12967e+06 96 25.8643 21 0.56467
1387 7.92282e+28 6.2156e+26 2.12676e+06 96 25.7129 21 0.5615
1388 7.92282e+28 1.40995e+27 1.08529e+06 96 26.7471 20 0.585629
1389 7.92282e+28 1.05744e+27 1.08183e+06 96 25.709 20 0.557164
1390 7.92282e+28 9.48189e+26 292212 96 25.6465 18 0.559945
1391 7.92282e+28 1.84772e+27 2.12349e+06 96 26.9658 21 0.575431
1392 7.92282e+28 1.41446e+27 554144 96 25.7129 19 0.5602
1393 7.92282e+28 1.18644e+27 1.0804e+06 96 26.3291 20 0.56833
1394 7.92282e+28 1.11503e+27 2.12967e+06 96 26.0889 21 0.565323
1395 7.92282e+28 1.51123e+27 8.43403e+06 96 28.001 23 0.609248
1396 7.92282e+28 1.70639e+27 4.22274e+06 96 26.9932 22 0.586588
1397 7.92282e+28 2.09515e+27 2.13051e+06 96 27.2383 21 0.583154
1398 7.92282e+28 1.32411e+27 2.12961e+06 96 26.9922 21 0.57981
1399 7.92282e+28 2.05196e+27 1.68169e+07 96 27.71 24 0.591636
1400 7.92282e+28 1.32156e+27 2.14237e+06 96 25.9463 21 0.557252
1401 7.92282e+28 1.4854e+27 8.42737e+06 96 27.916 23 0.595987
1402 7.92282e+28 2.0792e+27 8.42647e+06 96 28.3633 23 0.608527
1403 7.92282e+28 1.68075e+27 8.42398e+06 96 27.4453 23 0.58883
1404 7.92282e+28 1.41221e+27 1.07906e+06 96 26.2363 20 0.570277
1405 7.92282e+28 1.43555e+27 290332 96 25.8057 18 0.558571
1406 7.92282e+28 1.3578e+27 2.12989e+06 96 26.0596 21 0.560912
1407 7.92282e+28 1.568e+27 8.42484e+06 96 28.3242 23 0.604263
1408 7.92282e+28 1.47107e+27 8.43335e+06 96 27.3076 23 0.591298
1409 7.92282e+28 1.86438e+27 1.68061e+07 96 29.0723 24 0.621533
1410 7.92282e+28 1.9152e+27 555906 96 25.6094 19 0.549804
1411 7.92282e+28 9.51938e+26 2.14029e+06 96 25.9951 21 0.561495
1412 7.92282e+28 1.61909e+27 4.23812e+06 96 27.4092 22 0.583068
1413 7.92282e+28 1.71128e+27 1.6815e+07 96 28.4072 24 0.609255
1414 7.92282e+28 1.10535e+27 2.14129e+06 96 26.542 21 0.563613
1415 7.92282e+28 1.33775e+27 2.13028e+06 96 26.5098 21 0.564663
1416 7.92282e+28 1.51967e+27 8.422e+06 96 27.1191 23 0.573119
1417 7.92282e+28 1.55926e+27 8.42973e+06 96 27.9814 23 0.594269
1418 7.92282e+28 1.70607e+27 2.13553e+06 96 26.7578 21 0.567158
1419 7.92282e+28 1.25076e+27 1.07659e+06 96 25.5342 20 0.543957
1420 7.92282e+28 1.32554e+27 2.1351e+06 96 26.9023 21 0.572603
1421 7.92282e+28 2.21854e+27 1.68142e+07 96 28.7793 24 0.603474
1422 7.92282e+28 1.52379e+27 2.13283e+06 96 26.6885 21 0.568422
1423 7.92282e+28 1.99285e+27 4.23885e+06 96 27.7227 22 0.587391
1424 1.58456e+29 1.62774e+27 8.4284e+06 97 27.9951 23 0.59068
1425 7.92282e+28 1.17757e+27 3.35954e+07 96 28.2725 25 0.608499
1426 7.92282e+28 1.87078e+27 4.2343e+06 96 27.1387 22 0.579763
1427 7.92282e+28 1.69535e+27 2.13585e+06 96 26.5527 21 0.572546
1428 7.92282e+28 1.48515e+27 1.68177e+07 96 28.9443 24 0.617203
1429 7.92282e+28 2.02212e+27 8.43143e+06 96 28.0977 23 0.60221
1430 7.92282e+28 1.63718e+27 1.6825e+07 96 28.3438 24 0.610391
1431 7.92282e+28 1.2508e+27 8.42653e+06 96 27.0625 23 0.576599
1432 7.92282e+28 1.86131e+27 4.23171e+06 96 27.457 22 0.583338
1433 7.92282e+28 1.35043e+27 1.68177e+07 96 28.6162 24 0.607871
1434 7.92282e+28 1.15432e+27 4.24386e+06 96 27.293 22 0.584521
1435 7.92282e+28 1.37979e+27 1.68102e+07 96 28.0039 24 0.59025
1436 7.92282e+28 1.86729e+27 1.6825e+07 96 28.585 24 0.612519
1437 7.92282e+28 1.60202e+27 1.68057e+07 96 28.04 24 0.590912
1438 7.92282e+28 1.85701e+27 3.3593e+07 96 28.9043 25 0.610743
1439 7.92282e+28 1.76568e+27 1.68186e+07 96 28.6025 24 0.599925
1440 7.92282e+28 1.56306e+27 1.68165e+07 96 28.6475 24 0.603482
1441 7.92282e+28 2.92499e+27 1.34263e+08 96 31.5322 27 0.656618
1442 7.92282e+28 3.19162e+27 2.68494e+08 96 32.6465 28 0.682665
1443 7.92282e+28 4.13016e+27 5.36923e+08 96 33.5908 29 0.699692
1444 7.92282e+28 3.02311e+27 2.68507e+08 96 32.6016 28 0.68432
1445 7.92282e+28 2.65025e+27 2.68478e+08 96 31.4922 28 0.658919
1446 7.92282e+28 3.06013e+27 5.36935e+08 96 33.4531 29 0.692451
1447 7.92282e+28 2.33686e+27 1.34275e+08 96 32.0205 27 0.676554
1448 7.92282e+28 2.30212e+27 1.34271e+08 96 31.5674 27 0.662771
1449 7.92282e+28 4.32726e+27 5.36939e+08 96 33.9385 29 0.702295
1450 7.92282e+28 3.24753e+27 2.6849e+08 96 33.1855 28 0.690598
1451 7.92282e+28 3.68228e+27 5.36943e+08 96 33.8037 29 0.702786
1452 7.92282e+28 3.97068e+27 5.36922e+08 96 34.2031 29 0.71433
1453 7.92282e+28 4.65733e+27 2.14755e+09 96 35.6045 31 0.740039
1454 7.92282e+28 3.54983e+27 1.34273e+08 96 32.1689 27 0.665792
1455 7.92282e+28 3.9734e+27 2.68499e+08 96 33.2549 28 0.692783
1456 7.92282e+28 3.50697e+27 5.36922e+08 96 33.3164 29 0.693959
1457 3.16913e+29 4.04337e+27 5.36931e+08 98 33.8291 29 0.702859
1458 7.92282e+28 3.57872e+27 1.0738e+09 96 33.583 30 0.697239
1459 7.92282e+28 3.34495e+27 1.0738e+09 96 34.8389 30 0.729946
1460 7.92282e+28 3.81075e+27 1.07381e+09 96 34.7041 30 0.72143
1461 7.92282e+28 4.12211e+27 4.29504e+09 96 35.415 32 0.733691
1462 1.58456e+29 3.69084e+27 2.14757e+09 97 35.1484 31 0.729719
1463 7.92282e+28 3.10418e+27 5.36931e+08 96 33.2363 29 0.694567
1464 7.92282e+28 3.1034e+27 2.68495e+08 96 33.4404 28 0.697117
1465 7.92282e+28 3.59843e+27 1.07381e+09 96 33.8057 30 0.699992
1466 7.92282e+28 3.28985e+27 5.36933e+08 96 34.1582 29 0.70886
1467 7.92282e+28 3.65439e+27 1.34289e+08 96 33.124 27 0.678653
1468 7.92282e+28 3.5963e+27 2.68507e+08 96 33.8047 28 0.70001
1469 7.92282e+28 4.08466e+27 4.29503e+09 96 35.2529 32 0.724942
1470 7.92282e+28 3.27585e+27 2.68496e+08 96 33.1758 28 0.693429
1471 7.92282e+28 3.42586e+27 1.07382e+09 96 34.2939 30 0.717595
1472 7.92282e+28 2.81044e+27 1.34283e+08 96 32.9336 27 0.682961
1473 7.92282e+28 2.43161e+27 1.34281e+08 96 32.1367 27 0.669225
1474 7.92282e+28 3.82225e+27 2.14755e+09 96 34.7256 31 0.721156
1475 7.92282e+28 3.43063e+27 1.0738e+09 96 33.5596 30 0.696871
1476 7.92282e+28 3.55779e+27 2.685e+08 96 33.8867 28 0.699717
1477 7.92282e+28 3.74429e+27 2.68499e+08 96 33.5908 28 0.693028
1478 7.92282e+28 3.67347e+27 5.3693e+08 96 33.6602 29 0.690686
1479 7.92282e+28 4.27031e+27 1.34284e+08 96 33.1992 27 0.688112
1480 7.92282e+28 3.67444e+27 2.68482e+08 96 33.1953 28 0.686853
1481 7.92282e+28 2.73527e+27 2.68483e+08 96 32.0918 28 0.674774
1482 7.92282e+28 3.06953e+27 5.36927e+08 96 33.042 29 0.683905
1483 7.92282e+28 4.38895e+27 2.14755e+09 96 34.4814 31 0.713474
1484 7.92282e+28 3.01158e+27 1.34271e+08 96 32.4482 27 0.673342
1485 7.92282e+28 3.64518e+27 1.34283e+08 96 33.5117 27 0.692723
1486 7.92282e+28 3.47505e+27 5.36941e+08 96 34.1855 29 0.707643
1487 7.92282e+28 4.26683e+27 1.07381e+09 96 34.6602 30 0.7198
1488 7.92282e+28 4.02482e+27 1.07381e+09 96 35.1396 30 0.737074
1489 7.92282e+28 4.37723e+27 8.59001e+09 96 37.3252 33 0.774385
1490 7.92282e+28 4.32526e+27 2.14756e+09 96 35.3135 31 0.727962
1491 7.92282e+28 4.95224e+27 1.71799e+10 96 37.3369 34 0.771932
1492 7.92282e+28 4.62866e+27 8.59003e+09 96 36.5088 33 0.755633
1493 7.92282e+28 4.63714e+27 2.14757e+09 96 36.7891 31 0.757744
1494 7.92282e+28 4.96565e+27 2.14756e+09 96 35.2656 31 0.736383
1495 7.92282e+28 4.49918e+27 1.71799e+10 96 36.79 34 0.764314
1496 7.92282e+28 4.53172e+27 4.29502e+09 96 35.2744 32 0.733954
1497 7.92282e+28 5.70017e+27 4.29503e+09 96 36.8252 32 0.760687
1498 7.92282e+28 5.7587e+27 1.718e+10 96 38.1465 34 0.782027
1499 7.92282e+28 6.57347e+27 8.59e+09 96 37.1211 33 0.76801
