71.5184
0 434.412 8.81019 4 2 0.0429688 0 0.00478324
1 435 7.45096 4 2 0.0283203 0 0.00436215
2 434.639 9.01841 4 2 0.0410156 0 0.00438131
3 434.954 9.14586 4 2 0.0439453 0 0.0043404
4 435.117 9.35006 5 2 0.0429688 0 0.00444707
5 435.149 10.5045 5 2 0.0537109 0 0.00441674
6 434.639 10.2798 5 2 0.0488281 0 0.00442625
7 434.639 10.0042 5 2 0.0478516 0 0.00447679
8 435.127 9.33373 5 2 0.0419922 0 0.0043974
9 434.902 10.2642 5 2 0.0517578 0 0.00443699
10 435.151 10.3599 5 2 0.0449219 0 0.00462728
11 110.903 9.64641 5 1 0.046875 0 0.00438449
12 435.117 9.70291 5 2 0.0449219 0 0.0044821
13 435.151 11.9931 5 2 0.0644531 0 0.00443304
14 434.954 10.5427 5 2 0.0498047 0 0.00439817
15 1009.59 11.3346 5 3 0.0537109 0 0.0045055
16 435.149 11.3385 5 2 0.0576172 0 0.00444605
17 435 10.0266 5 2 0.0449219 0 0.00446247
18 435.127 9.8619 5 2 0.0449219 0 0.00446278
19 435.117 11.0601 5 2 0.0517578 0 0.00450725
20 435.151 9.87898 5 2 0.0439453 0 0.00444415
21 434.954 10.5064 6 2 0.0498047 0 0.00447814
22 435.149 10.9446 5 2 0.0498047 0 0.00450013
23 111.937 9.02228 6 1 0.0351562 0 0.00451147
24 435.151 10.0555 6 2 0.0400391 0 0.00456796
25 435.117 10.637 6 2 0.0517578 0 0.00450626
26 435.151 12.0291 6 2 0.0576172 0 0.00447137
27 434.954 11.9145 6 2 0.0634766 0 0.00446585
28 435.151 10.4535 6 2 0.0498047 0 0.00443553
29 434.639 10.2109 6 2 0.0478516 0 0.00447815
30 435.076 11.4937 6 2 0.0566406 0 0.00460564
31 109.829 10.6228 6 1 0.0507812 0 0.00453804
32 435.151 11.6805 6 2 0.0546875 0 0.00458685
33 435.151 12.39 6 2 0.0634766 0 0.00457876
34 1009.59 11.9513 6 3 0.0546875 0 0.00456
35 435.053 13.1341 6 2 0.0654297 0 0.00467647
36 434.818 11.8898 6 2 0.0615234 0 0.00454504
37 111.425 10.306 6 1 0.0488281 0 0.0044797
38 435.127 10.4693 6 2 0.0478516 0 0.00461991
39 435.149 12.5054 6 2 0.0605469 0 0.00456193
40 434.639 11.0974 6 2 0.0498047 0 0.00455605
41 435.151 11.0997 6 2 0.0478516 0 0.0046272
42 435.053 12.4859 6 2 0.0615234 0 0.0046335
43 1011.31 11.185 6 3 0.0478516 0 0.00450911
44 434.954 11.3354 6 2 0.0517578 0 0.00465732
45 435.127 12.268 6 2 0.0566406 0 0.00463405
46 435.053 11.9108 6 2 0.0527344 0 0.00467263
47 435.149 11.4921 6 2 0.0517578 0 0.00477533
48 435.127 16.1885 6 2 0.0869141 0 0.00466606
49 115.282 11.1296 6 1 0.0537109 0 0.00460145
50 434.954 11.0935 6 2 0.0478516 0 0.00459006
51 435.053 12.062 6 2 0.0585938 0 0.00467421
52 435.151 13.1793 6 2 0.0634766 0 0.00465394
53 434.639 13.2897 6 2 0.0703125 0 0.00459272
54 435.151 15.7015 6 2 0.0849609 0 0.00470306
55 434.781 13.3281 6 2 0.0683594 0 0.00488854
56 435.127 12.8067 6 2 0.0644531 0 0.00482679
57 435.127 14.045 6 2 0.0703125 0 0.00466133
58 435.149 13.6052 6 2 0.0644531 0 0.00494344
59 1010.21 18.3579 6 3 0.0986328 0 0.00476015
60 435.151 14.0317 6 2 0.0722656 0 0.00468576
61 435.151 13.4604 7 2 0.0644531 0 0.00469648
62 435.151 12.4189 7 2 0.0585938 0 0.00481988
63 435.053 14.742 7 2 0.0810547 0 0.00476025
64 435.151 13.7908 6 2 0.0712891 0 0.00469929
65 435.151 12.7333 7 2 0.0585938 0 0.00467492
66 1007.46 12.9557 7 3 0.0585938 0 0.00476392
67 1007.46 13.9534 7 3 0.0654297 0 0.00477309
68 434.818 13.0057 7 2 0.0585938 0 0.00486317
69 1006.68 14.6195 7 3 0.0693359 0 0.00473191
70 435.127 14.0326 7 2 0.0712891 0 0.004643
71 435.151 14.2579 6 2 0.0693359 0 0.00467828
72 435.151 12.4615 7 2 0.0566406 0 0.00474708
73 110.903 12.1654 7 1 0.0595703 0 0.00474124
74 1008.92 15.3011 7 3 0.0791016 0 0.00467968
75 434.954 16.3018 7 2 0.0888672 0 0.00482027
76 434.639 13.9406 7 2 0.0703125 0 0.00490169
77 434.954 13.8003 7 2 0.0712891 0 0.00474117
78 435.127 14.2526 7 2 0.0693359 0 0.0047453
79 434.639 14.1161 7 2 0.0712891 0 0.00482821
80 435.127 14.7001 7 2 0.0742188 0 0.00493551
81 1009.59 16.4808 7 3 0.0791016 0 0.00483085
82 435.127 13.8412 7 2 0.0683594 0 0.00482026
83 435.149 15.8793 7 2 0.0810547 0 0.00477736
84 111.425 14.3256 7 1 0.078125 0 0.00467155
85 435.149 14.5401 7 2 0.0722656 0 0.00474529
86 435.151 15.3399 7 2 0.0751953 0 0.00493953
87 435.127 13.6556 7 2 0.0634766 0 0.00478867
88 435 13.5104 8 2 0.0664062 0 0.00475593
89 1012.18 16.47 8 3 0.0771484 0 0.00480512
90 435.127 15.1735 8 2 0.0791016 0 0.00477637
91 435.127 14.6766 8 2 0.0751953 0 0.00472898
92 435.149 15.5189 8 2 0.0791016 0 0.00471385
93 435.151 16.3013 8 2 0.0888672 0 0.00474793
94 435.151 13.4034 7 2 0.0625 0 0.00476357
95 435.151 15.5161 8 2 0.0771484 0 0.00472792
96 435.127 14.5646 8 2 0.0703125 0 0.00471665
97 435.127 14.3548 8 2 0.0693359 0 0.00478448
98 1008.92 16.6581 8 3 0.0839844 0 0.00477906
99 435.149 17.9356 8 2 0.09375 0 0.0048773
100 435.151 16.1242 8 2 0.0869141 0 0.00482453
101 435.151 17.6394 8 2 0.0927734 0 0.00478725
102 435.149 15.8013 8 2 0.0791016 0 0.00474852
103 435.151 17.5547 8 2 0.0966797 0 0.00488706
104 435.127 17.3272 8 2 0.0927734 0 0.0048257
105 435.127 17.2602 8 2 0.09375 0 0.00485297
106 435.151 19.0867 8 2 0.106445 0 0.00493169
107 435.149 18.6716 8 2 0.102539 0 0.00475386
108 1008.92 21.04 8 3 0.115234 0 0.0047824
109 435.149 17.2452 8 2 0.0917969 0 0.00478544
110 435.127 16.9824 8 2 0.0878906 0 0.00490751
111 435.151 18.4145 8 2 0.0996094 0 0.00484867
112 435.149 21.3923 8 2 0.125 0 0.00490497
113 1007.46 20.0845 8 3 0.106445 0 0.00482501
114 435.151 21.3517 8 2 0.121094 0 0.00497159
115 435.151 19.0965 8 2 0.105469 0 0.00484746
116 435.151 20.2049 8 2 0.118164 0 0.00485662
117 435.151 23.4201 9 2 0.140625 0 0.00500763
118 435.127 20.1461 9 2 0.118164 0 0.00488746
119 435.151 18.8403 8 2 0.106445 0 0.00483528
120 435.149 21.4457 8 2 0.12793 0 0.00491104
121 435.151 21.4035 9 2 0.121094 0 0.00490179
122 1845.26 25.5415 9 4 0.139648 0 0.00497267
123 435.151 22.461 9 2 0.131836 0 0.00491325
124 1008.92 23.0557 9 3 0.128906 0 0.00492554
125 1009.59 25.9986 9 3 0.150391 0 0.00484561
126 435.151 24.102 9 2 0.148438 0 0.00491028
127 435.151 25.9318 9 2 0.145508 0 0.00501492
128 1008.92 23.9788 9 3 0.137695 0 0.00502735
129 435.151 24.4366 9 2 0.139648 0 0.00492027
130 435.151 23.9536 9 2 0.145508 0 0.00487651
131 435.151 24.4779 9 2 0.146484 0 0.00488524
132 435.149 23.6885 9 2 0.137695 0 0.00503977
133 435.151 23.2256 9 2 0.128906 0 0.00502472
134 1011.31 26.1736 9 3 0.158203 0 0.00491489
135 435.151 25.1777 9 2 0.145508 0 0.00496925
136 435.151 27.8589 9 2 0.177734 0 0.00507102
137 435.151 25.7309 9 2 0.149414 0 0.00495902
138 1008.92 27.1705 9 3 0.15918 0 0.00506767
139 1010.79 29.5347 9 3 0.179688 0 0.00496704
140 435.151 25.8022 9 2 0.157227 0 0.00493717
141 435.127 27.3295 9 2 0.176758 0 0.00494066
142 435.151 29.5392 9 2 0.1875 0 0.00497416
143 1009.59 29.7739 9 3 0.182617 0 0.0049686
144 1009.59 31.2156 9 3 0.1875 0 0.00500445
145 1009.59 33.3424 9 3 0.199219 0 0.00496372
146 1008.92 31.5295 9 3 0.206055 0 0.00492596
147 1011.78 30.2365 9 3 0.176758 0 0.00490404
148 435.149 28.4068 9 2 0.179688 0 0.00496922
149 1008.92 33.069 9 3 0.208008 0 0.00497331
150 435.149 31.9416 9 2 0.203125 0 0.00495492
151 1009.59 31.3198 9 3 0.193359 0 0.00501305
152 435.151 31.4189 9 2 0.194336 0 0.00499927
153 1009.59 31.8541 9 3 0.203125 0 0.00499082
154 1011.31 33.7534 9 3 0.200195 0 0.00522649
155 1009.59 35.2485 9 3 0.21875 0 0.00503954
156 435.151 34.2736 9 2 0.219727 0 0.0049788
157 1008.92 33.992 9 3 0.213867 0 0.0049728
158 435.151 32.7157 9 2 0.208008 0 0.00509647
159 435.151 35.1729 9 2 0.22168 0 0.00506035
160 1008.92 36.7349 9 3 0.225586 0 0.00505144
161 435.151 38.0589 10 2 0.246094 0 0.00504694
162 1010.79 38.9792 9 3 0.241211 0 0.00518106
163 1011.31 38.8066 9 3 0.237305 0 0.00515271
164 1843.9 37.6288 9 4 0.231445 0 0.00507068
165 1008.92 36.8469 9 3 0.234375 0 0.00507541
166 1010.21 37.1575 9 3 0.236328 0 0.00498492
167 1008.92 38.3546 9 3 0.242188 0 0.00502551
168 435.151 37.5471 9 2 0.246094 0 0.00507235
169 435.151 37.4715 9 2 0.242188 0 0.00505054
170 1845.26 46.0437 9 4 0.279297 0 0.0052018
171 1010.21 42.5032 10 3 0.270508 0 0.00513131
172 1843.9 38.9086 9 4 0.249023 0 0.00505048
173 1008.92 35.6303 9 3 0.226562 0 0.00506316
174 1008.92 40.691 9 3 0.258789 0 0.00508239
175 1008.92 36.4481 10 3 0.235352 0 0.00505006
176 435.151 36.7533 9 2 0.238281 0 0.00500696
177 1008.92 41.8989 9 3 0.275391 0 0.00505431
178 1011.31 39.3384 9 3 0.24707 0 0.00502337
179 1008.92 35.717 9 3 0.228516 0 0.00503601
180 1008.92 41.5502 9 3 0.256836 0 0.00504322
181 435.151 37.249 9 2 0.244141 0 0.00506426
182 1009.59 42.6453 9 3 0.270508 0 0.00505233
183 1008.92 43.0812 9 3 0.275391 0 0.00505534
184 1009.59 41.2692 9 3 0.263672 0 0.00511675
185 1009.59 44.0043 10 3 0.291016 0 0.00502277
186 435.151 44.6871 10 2 0.295898 0 0.00508834
187 1011.31 43.2535 10 3 0.27832 0 0.00506312
188 1011.31 43.6915 10 3 0.286133 0 0.00511611
189 1011.31 45.941 11 3 0.291992 0 0.00513937
190 1008.92 48.4581 10 3 0.311523 0 0.00513272
191 435.151 40.7556 9 2 0.276367 0 0.00507878
192 435.151 40.4463 10 2 0.274414 0 0.00502607
193 1008.92 43.8275 11 3 0.288086 0 0.0050839
194 1008.92 46.6726 10 3 0.299805 0 0.00526475
195 1008.92 48.9999 10 3 0.311523 0 0.00504966
196 1009.59 40.1921 10 3 0.264648 0 0.00504859
197 1008.92 43.9673 9 3 0.279297 0 0.00505703
198 1011.31 47.88 10 3 0.311523 0 0.00507575
199 435.151 38.391 10 2 0.265625 0 0.00505199
200 435.151 38.8325 9 2 0.268555 0 0.00504565
201 1011.31 45.5366 10 3 0.300781 0 0.00510413
202 435.151 45.7931 10 2 0.291016 0 0.00504663
203 1008.92 47.1004 11 3 0.308594 0 0.00510644
204 1011.31 40.5364 10 3 0.270508 0 0.00513996
205 1008.92 47.1091 10 3 0.303711 0 0.00510919
206 1011.31 44.1228 10 3 0.28418 0 0.00520612
207 435.151 43.4237 10 2 0.293945 0 0.00506859
208 1008.92 45.595 11 3 0.297852 0 0.00514354
209 1010.21 47.2432 10 3 0.303711 0 0.00513167
210 1007.46 53.7438 10 3 0.332031 0 0.00509061
211 1011.78 46.116 10 3 0.291016 0 0.00511994
212 1009.59 47.2711 11 3 0.313477 0 0.00518756
213 1008.92 49.0982 11 3 0.305664 0 0.00519323
214 1009.59 48.5306 11 3 0.317383 0 0.00526097
215 1002.23 46.6731 10 3 0.298828 0 0.00509663
216 1010.79 47.7496 11 3 0.318359 0 0.00535508
217 1005.85 48.9344 11 3 0.313477 0 0.005147
218 1008.92 48.2361 11 3 0.306641 0 0.00507929
219 1011.31 48.9824 11 3 0.30957 0 0.00507478
220 1845.26 48.2684 11 4 0.295898 0 0.0051276
221 1008.92 48.304 11 3 0.289062 0 0.00527625
222 1011.31 46.327 11 3 0.298828 0 0.00512324
223 1008.92 46.5266 11 3 0.292969 0 0.005075
224 1008.92 48.7519 11 3 0.327148 0 0.00512778
225 1002.23 47.9515 11 3 0.299805 0 0.00516598
226 1008.21 51.7145 11 3 0.328125 0 0.00516126
227 1008.92 49.0081 11 3 0.321289 0 0.00513205
228 1008.92 47.3252 11 3 0.305664 0 0.00517084
229 1011.31 52.9354 11 3 0.349609 0 0.00518243
230 435.151 46.2442 11 2 0.3125 0 0.00516038
231 1008.92 47.0853 10 3 0.304688 0 0.00513846
232 1011.78 49.7384 11 3 0.308594 0 0.00515675
233 1008.92 45.4778 11 3 0.287109 0 0.00516383
234 1011.31 46.1594 10 3 0.300781 0 0.0051747
235 1010.21 51.9977 12 3 0.333984 0 0.00527635
236 1009.59 49.6281 12 3 0.334961 0 0.00516637
237 1011.31 49.7948 11 3 0.328125 0 0.00520028
238 1009.59 52.6255 11 3 0.34082 0 0.00511484
239 1011.31 49.3687 12 3 0.3125 0 0.00520462
240 1010.79 48.1675 12 3 0.310547 0 0.00513081
241 1011.31 49.6171 12 3 0.314453 0 0.00520611
242 1009.59 55.1576 12 3 0.342773 0 0.00528277
243 1841.02 53.7505 12 4 0.322266 0 0.00520959
244 435.151 49.1368 12 2 0.331055 0 0.00537677
245 1008.92 53.9368 13 3 0.362305 0 0.00518364
246 1011.78 48.2976 11 3 0.317383 0 0.00516767
247 435.151 49.7558 11 2 0.329102 0 0.00518936
248 1011.31 50.8131 12 3 0.335938 0 0.00524796
249 1006.68 49.2693 11 3 0.311523 0 0.00520055
250 435.151 49.0613 12 2 0.330078 0 0.0053169
251 1009.59 50.3981 11 3 0.324219 0 0.00523662
252 1011.31 45.8922 12 3 0.319336 0 0.00524
253 1843.9 46.3363 11 4 0.295898 0 0.00519129
254 1009.59 50.6909 12 3 0.338867 0 0.00531656
255 435.151 46.0231 13 2 0.310547 0 0.00526981
256 1008.92 51.4393 12 3 0.336914 0 0.00528142
257 1011.31 46.8857 12 3 0.30957 0 0.00528461
258 435.151 50.6152 12 2 0.333984 0 0.00540102
259 1008.92 51.9496 12 3 0.334961 0 0.00531897
260 1009.59 47.3241 12 3 0.30957 0 0.0053717
261 435.151 49.9268 12 2 0.337891 0 0.00529888
262 1008.92 48.4436 12 3 0.317383 0 0.00531624
263 435.151 47.2697 12 2 0.316406 0 0.00535909
264 1011.31 49.4742 11 3 0.314453 0 0.00519436
265 435.151 47.8471 12 2 0.325195 0 0.00524849
266 1008.92 53.874 13 3 0.34082 0 0.00524841
267 435.151 46.6672 12 2 0.317383 0 0.00542826
268 1011.31 52.8587 13 3 0.350586 0 0.00533025
269 1008.92 49.2712 12 3 0.317383 0 0.00532278
270 1004.1 58.6897 13 3 0.384766 0 0.00543353
271 1008.92 55.3351 12 3 0.348633 0 0.00529206
272 435.151 49.2824 13 2 0.341797 0 0.00527286
273 1010.21 49.0555 13 3 0.326172 0 0.00538193
274 1008.92 50.8637 12 3 0.333008 0 0.00529418
275 1011.31 57.2605 13 3 0.359375 0 0.00534231
276 435.151 50.9192 13 2 0.356445 0 0.00530165
277 1008.92 53.1444 13 3 0.333984 0 0.00531597
278 1007.46 53.8914 13 3 0.349609 0 0.00526563
279 1011.31 52.9995 13 3 0.352539 0 0.00524803
280 435.151 47.6375 12 2 0.319336 0 0.00529166
281 435.151 49.5947 13 2 0.333984 0 0.00537964
282 1010.79 51.1287 13 3 0.319336 0 0.00544485
283 1010.79 54.2523 13 3 0.37207 0 0.00550804
284 1011.31 59.2102 13 3 0.353516 0 0.00539079
285 435.151 51.6538 13 2 0.334961 0 0.00544446
286 435.151 56.4847 13 2 0.365234 0 0.00546909
287 1836.29 57.9564 13 4 0.360352 0 0.00545261
288 1011.78 52.6773 13 3 0.339844 0 0.00545153
289 1011.31 52.9999 13 3 0.334961 0 0.00550985
290 1848.92 56.7486 13 4 0.369141 0 0.00563649
291 1010.21 54.7032 13 3 0.34668 0 0.00553358
292 1007.46 58.5066 13 3 0.366211 0 0.00572557
293 1009.59 58.8097 13 3 0.366211 0 0.0055622
294 1008.92 55.1461 13 3 0.347656 0 0.0054769
295 1009.59 59.85 14 3 0.37207 0 0.0056192
296 1006.68 57.7099 14 3 0.359375 0 0.00562923
297 1843.9 62.9288 15 4 0.383789 0 0.00558538
298 1009.59 60.7479 15 3 0.380859 0 0.00563677
299 1007.46 63.0788 15 3 0.376953 0 0.00559955
300 1008.92 56.4571 15 3 0.34668 0 0.00579259
301 1007.46 57.1872 15 3 0.348633 0 0.0056865
302 1011.31 61.4813 15 3 0.390625 0 0.00573423
303 1834.62 60.424 15 4 0.373047 0 0.00583445
304 993.611 56.8552 15 3 0.368164 0 0.0058176
305 1010.21 63.2624 15 3 0.376953 0 0.00582601
306 1837.92 59.5522 15 4 0.367188 0 0.00593435
307 1006.68 62.6437 15 3 0.380859 0 0.00586744
308 1007.46 58.4108 15 3 0.376953 0 0.00580688
309 1010.79 67.2792 15 3 0.40625 0 0.00590851
310 1008.92 64.4816 15 3 0.400391 0 0.00581541
311 1009.59 59.5579 15 3 0.365234 0 0.00572651
312 1007.46 59.3207 15 3 0.365234 0 0.00598369
313 1007.46 51.6789 15 3 0.328125 0 0.00589676
314 1791.02 66.0116 15 4 0.387695 0 0.00598312
315 1827.51 71.5647 15 4 0.411133 0 0.00608268
316 1007.46 58.1012 16 3 0.355469 0 0.00604327
317 1011.31 64.6967 16 3 0.395508 0 0.00585099
318 1008.92 65.4585 15 3 0.396484 0 0.00600204
319 1008.92 69.9238 17 3 0.436523 0 0.00599544
320 1007.46 61.6119 16 3 0.375 0 0.0060619
321 1831.15 60.1058 15 4 0.371094 0 0.00602928
322 1843.9 66.7844 15 4 0.376953 0 0.00585628
323 993.611 59.3205 16 3 0.381836 0 0.0057918
324 1837.92 69.5545 16 4 0.398438 0 0.00593417
325 1839.49 69.617 17 4 0.414062 0 0.00587747
326 1010.79 62.5283 16 3 0.382812 0 0.00597255
327 1005.85 68.4513 17 3 0.412109 0 0.005913
328 1007.46 72.9151 17 3 0.423828 0 0.00597988
329 1007.46 65.0139 17 3 0.391602 0 0.00599835
330 1836.29 66.7977 17 4 0.398438 0 0.0060402
331 1827.51 61.8997 17 4 0.359375 0 0.00628795
332 1005.85 65.0828 17 3 0.396484 0 0.00612333
333 1836.29 63.8706 17 4 0.389648 0 0.00610566
334 1827.51 74.5909 18 4 0.44043 0 0.00621868
335 1010.21 71.1648 17 3 0.401367 0 0.00620917
336 1011.31 70.0296 17 3 0.413086 0 0.00630661
337 1007.46 73.577 18 3 0.432617 0 0.00639854
338 1825.63 77.3905 18 4 0.432617 0 0.00636908
339 1836.29 78.593 19 4 0.452148 0 0.00645052
340 1845.26 71.7772 17 4 0.421875 0 0.00641605
341 1634.95 80.7493 21 4 0.446289 0 0.00702139
342 1008.92 80.0245 23 3 0.46875 0 0.00703534
343 1003.18 73.5476 20 3 0.421875 0 0.00678805
344 1004.1 77.7383 21 3 0.438477 0 0.00719299
345 1837.92 79.3471 22 4 0.433594 0 0.00714275
346 1009.59 78.8396 24 3 0.438477 0 0.00773566
347 1819.76 85.4751 28 4 0.463867 0 0.00769782
348 1832.91 87.3812 26 4 0.459961 0 0.00785656
349 1005.85 80.0698 26 3 0.417969 0 0.00805177
350 2884.52 91.1995 32 5 0.458984 0 0.00873704
351 1834.62 89.1325 29 4 0.442383 0 0.00886682
352 2927.27 100.644 35 5 0.481445 0 0.00855615
353 3987.02 106.429 37 6 0.472656 0 0.00885836
354 1010.21 92.5988 46 3 0.450195 0 0.0096987
355 2881.17 100.321 40 5 0.450195 0 0.00925862
356 1825.63 95.2216 101 4 0.460938 0 0.00958865
357 1603.83 102.121 101 4 0.482422 0 0.0104984
358 1821.75 101.844 52 4 0.472656 0 0.00983298
359 1831.15 104.107 101 4 0.503906 0 0.0107537
360 3868.3 105.247 101 6 0.462891 0 0.0100354
361 1811.47 102.817 101 4 0.470703 0 0.0103326
362 1815.68 105.14 101 4 0.475586 0 0.0108537
363 2723.05 117.608 101 5 0.518555 0 0.0111278
364 1836.29 102.557 101 4 0.472656 0 0.0102152
365 1813.59 105.544 101 4 0.480469 0 0.0104467
366 2795.37 103.019 101 5 0.447266 0 0.0104839
367 1800.39 110.068 101 4 0.486328 0 0.0109795
368 5548.69 124.645 101 7 0.511719 0 0.0116425
369 2884.52 108.953 101 5 0.461914 0 0.0112746
370 1839.49 109.181 101 4 0.473633 0 0.0106878
371 2745.01 128.394 101 5 0.53418 0 0.0111757
372 2887.84 128.447 101 5 0.569336 0 0.0119044
373 1811.47 123.147 101 4 0.540039 0 0.0103549
374 2874.36 119.713 101 5 0.526367 0 0.0112702
375 2921.69 118.787 101 5 0.488281 0 0.0106753
376 2884.52 130.528 101 5 0.585938 0 0.0109885
377 2639.78 124.333 101 5 0.553711 0 0.0111396
378 4124.23 137.87 101 6 0.594727 0 0.0114483
379 4161.13 130.565 101 6 0.5625 0 0.0101271
380 4181.49 140.37 101 6 0.602539 0 0.0105811
381 2897.56 135.856 101 5 0.600586 0 0.010297
382 3796.01 152.817 101 6 0.636719 0 0.0101729
383 4118.83 147.062 101 6 0.629883 0 0.0102352
384 2912.97 146.906 101 5 0.635742 0 0.010237
385 3912.98 150.326 101 6 0.628906 0 0.0101742
386 4118.83 170.989 101 6 0.703125 0 0.00989633
387 7485.47 179.18 101 8 0.699219 0 0.0103045
388 4196.4 169.542 101 6 0.708008 0 0.0105743
389 5213.58 171.167 104.312 7 0.746094 1 0.0100636
390 6806.59 179.426 101 8 0.720703 0 0.00965438
391 5556.33 172.676 101 7 0.714844 0 0.010306
392 2903.85 187.508 101 5 0.755859 0 0.0103322
393 5867.34 200.258 106.306 7 0.802734 1 0.010637
394 4234.53 192.31 106.306 6 0.811523 1 0.0102095
395 5674.67 219.13 101 7 0.831055 0 0.0102169
396 5823.76 224.231 108.13 7 0.875 1 0.010338
397 16216.2 233.255 107.538 11 0.875 1 0.0103625
398 7704.53 240.691 107.538 8 0.891602 1 0.0101786
399 10331 258.564 108.13 9 0.931641 1 0.0102471
400 7721.05 278.378 109.829 8 1.00781 1 0.00988427
401 12265.9 288.822 110.371 10 1.03125 1 0.0102235
402 12747 294.033 109.829 10 1.00488 1 0.0107618
403 7175.96 295.49 108.709 8 1.00879 1 0.0108046
404 12819.9 317.811 110.371 10 1.03809 1 0.0103586
405 9640.4 319.059 111.937 9 1.09473 1 0.0109128
406 7401.46 325.294 110.371 8 1.08008 1 0.0107378
407 9996.25 293.208 110.903 9 1.02441 1 0.0107434
408 10208.7 319.948 111.425 9 1.09668 1 0.0105054
409 16331.7 352.3 111.425 11 1.10254 1 0.0108853
410 7769.62 315.983 112.934 8 1.11328 1 0.0104308
411 9996.25 378.624 110.903 9 1.16211 1 0.010718
412 163279 560.03 112.44 17 1.22363 1 0.0102451
413 27046.1 451.866 113.897 13 1.27344 1 0.0115565
414 12043 502.262 115.729 10 1.39062 1 0.0110711
415 26831.4 631.896 116.603 13 1.50781 1 0.0117634
416 58582.1 683.477 118.675 15 1.55273 1 0.011819
417 39325.5 785.196 123.08 14 1.70508 1 0.0126747
418 163731 1035.6 136.764 17 1.83105 1 0.0132322
419 20985.9 827.013 137.427 12 1.85938 1 0.0131487
420 20549.9 828.194 359.354 12 1.94434 2 0.0137735
421 26960.7 993.208 364.698 13 2.04297 2 0.0140745
422 25777.5 943.739 359.354 13 2.03906 2 0.0138896
423 26657.1 1019.67 368.878 13 2.11621 2 0.0138965
424 39435.2 1101.58 415.057 14 2.16797 2 0.0137699
425 95866 1126.43 396.449 16 2.1582 2 0.0140001
426 163922 1464.31 417.719 17 2.33691 2 0.0141626
427 39214.6 1390.61 420.239 14 2.43066 2 0.0150212
428 299240 2188.35 425.869 18 2.56836 2 0.0159842
429 93393.5 1903.29 431.173 16 2.80078 2 0.016121
430 299479 2511.99 430.799 18 2.96875 2 0.0164277
431 300217 3129.24 433.637 18 3.21582 2 0.016947
432 1.09445e+06 4098.3 434.476 20 3.32031 2 0.0174224
433 4.24897e+06 12749.6 434.781 22 3.46582 2 0.0181509
434 4.25117e+06 11726.8 434.476 22 3.5127 2 0.0184362
435 1.09671e+06 6836.88 837.857 20 3.68555 3 0.018874
436 2.14503e+06 6045.76 840.162 21 3.70996 3 0.0195531
437 1.09712e+06 7601.12 949.639 20 4.03809 3 0.0192923
438 3.36139e+07 54906.3 967.552 25 4.11914 3 0.0190605
439 1.68413e+07 33095.4 994.777 24 4.53418 3 0.0217359
440 1.09334e+06 11923.3 992.422 20 4.68945 3 0.021983
441 2.6852e+08 294111 1746.82 28 5.26367 4 0.0220819
442 2.1476e+09 2.29664e+06 2169.9 31 5.64551 5 0.0216338
443 5.36966e+08 860662 2778.96 29 6.52246 5 0.0249509
444 2.6853e+08 904248 3987.02 28 7.22559 6 0.0275084
445 5.36964e+08 1.48031e+06 3769.12 29 7.2041 6 0.0274701
446 1.07384e+09 1.96587e+06 3925.55 30 7.22363 6 0.0278519
447 1.718e+10 1.77622e+07 3893.96 34 6.98633 6 0.0255541
448 5.36966e+08 865407 4470.79 29 7.69531 7 0.027916
449 1.718e+10 1.93255e+07 3931.8 34 7.34766 6 0.0268002
450 1.34302e+08 502191 2658.83 27 6.52832 5 0.0262925
451 2.14759e+09 3.39187e+06 2849.48 31 6.7002 5 0.0258967
452 1.34302e+08 834437 4046.07 27 7.59375 6 0.0269834
453 5.36959e+08 935433 3881.17 29 7.3252 6 0.0269782
454 6.71823e+07 500124 4068.96 26 7.57031 6 0.0285467
455 1.34303e+08 594064 4051.83 27 7.42578 6 0.0271228
456 6.71805e+07 335686 3987.02 26 7.31543 6 0.0268376
457 6.71887e+07 395465 3887.57 26 7.13086 6 0.0269872
458 1.34299e+08 469043 3829.17 27 7.05566 6 0.0257627
459 2.68524e+08 674694 3608.75 28 6.97363 6 0.026159
460 1.07384e+09 1.89987e+06 3861.83 30 7.12988 6 0.0271499
461 6.71849e+07 320837 4087.63 26 7.41016 7 0.0274684
462 6.71807e+07 561136 4063.27 26 7.43066 6 0.0268601
463 1.07385e+09 1.82809e+06 2830.78 30 6.78906 5 0.0254184
464 2.68528e+08 999419 3665.61 28 7.10645 6 0.026399
465 5.3697e+08 1.37895e+06 2799.41 29 6.9541 5 0.0277944
466 5.36972e+08 1.19092e+06 3499.24 29 7.08496 6 0.0271708
467 1.34302e+08 809997 5494.43 27 8.08203 7 0.028546
468 1.07384e+09 2.55426e+06 4091.41 30 7.63672 6 0.0285277
469 1.34301e+08 418118 3796.01 27 7.14258 6 0.0280208
470 2.68527e+08 508021 3424.22 28 6.83887 6 0.0260466
471 2.68525e+08 928526 4046.07 28 7.5166 6 0.0278294
472 2.68519e+08 1.01368e+06 4129.59 28 7.56152 6 0.0284901
473 1.718e+10 1.79312e+07 4034.46 34 7.5918 6 0.0290236
474 1.07384e+09 1.87203e+06 5332.51 30 8.08301 7 0.028574
475 1.34302e+08 535853 5571.53 27 8.09766 7 0.0304554
476 2.1476e+09 2.68297e+06 4186.5 31 7.62988 6 0.0273127
477 2.14759e+09 3.99463e+06 4040.28 31 7.81348 6 0.0295351
478 1.07385e+09 2.21894e+06 3938.03 30 7.62793 6 0.0306922
479 5.36965e+08 1.91488e+06 3950.42 29 7.62598 6 0.0282617
480 1.07384e+09 3.66336e+06 3339.95 30 7.36719 6 0.0287449
481 2.1476e+09 7.13468e+06 4016.86 31 7.83301 6 0.0296325
482 1.718e+10 2.27597e+07 4068.96 34 7.75195 6 0.0297205
483 2.14759e+09 3.533e+06 3956.58 31 7.7334 6 0.0294112
484 1.07384e+09 1.91394e+06 3938.03 30 7.55664 6 0.0301106
485 1.07384e+09 2.2401e+06 4068.96 30 7.64648 6 0.0292062
486 5.36968e+08 2.04608e+06 5009.19 29 8.19922 7 0.0300096
487 6.87196e+10 6.96885e+07 4823.15 36 8.14648 7 0.0323442
488 1.07385e+09 2.72193e+06 3324.44 30 7.3252 6 0.0287485
489 5.36965e+08 1.17151e+06 3987.02 29 7.2627 6 0.0272541
490 1.07384e+09 3.25282e+06 3893.96 30 7.41895 6 0.0276003
491 5.36971e+08 1.90037e+06 4107.95 29 7.85547 6 0.0289032
492 5.36967e+08 1.53657e+06 3608.75 29 7.49805 6 0.0292011
493 1.718e+10 2.17738e+07 4046.07 34 7.84375 6 0.0291922
494 4.29508e+09 7.64521e+06 2830.78 32 7.06055 5 0.0286612
495 3.43599e+10 3.48744e+07 3253.92 35 7.51172 6 0.029438
496 8.59004e+09 1.00646e+07 2856.74 33 7.17676 5 0.0295498
497 5.36965e+08 2.92758e+06 3829.17 29 8.09082 6 0.0324613
498 1.07384e+09 6.32548e+06 4155.95 30 8.37695 6 0.0328237
499 1.718e+10 2.9876e+07 6673.47 34 9.41211 8 0.0351136
500 1.718e+10 2.31237e+07 4145.5 34 8.41309 6 0.0328726
501 8.59006e+09 1.98908e+07 5744.56 33 8.9834 7 0.0334
502 8.59006e+09 2.61226e+07 5710.03 33 9.10156 7 0.0338861
503 8.59005e+09 2.08768e+07 9774.39 33 10.0303 9 0.0356205
504 8.59006e+09 2.86138e+07 9903.25 33 10.2725 9 0.0364802
505 6.87196e+10 8.92254e+07 9273.14 36 10.0537 9 0.0373037
506 2.1476e+09 1.06284e+07 11841.4 31 10.7168 10 0.038034
507 4.29508e+09 1.47103e+07 11971.7 32 10.2295 10 0.0360003
508 1.718e+10 3.79438e+07 9273.14 34 9.66602 9 0.0348318
509 4.29508e+09 1.85672e+07 11558.8 32 10.3027 10 0.036505
510 6.87196e+10 7.36636e+07 9785.33 36 10.1123 9 0.0366785
511 4.29508e+09 1.94841e+07 8378.58 32 10.0068 9 0.0363004
512 1.718e+10 4.00134e+07 8905.29 34 9.91699 9 0.0365098
513 1.07384e+09 7.6957e+06 7114.77 30 9.57812 8 0.0350224
514 1.718e+10 2.53054e+07 9430.66 34 10.0439 9 0.0376836
515 4.29508e+09 1.44569e+07 9309.92 32 10.0674 9 0.0361107
516 1.718e+10 3.62333e+07 9110.94 34 9.94238 9 0.0372053
517 8.59005e+09 2.42009e+07 7704.53 33 9.78223 8 0.0370674
518 8.79609e+12 9.17128e+09 7236.2 43 10.0254 8 0.0366653
519 2.14758e+09 1.48853e+07 7042.23 31 9.41309 8 0.0355371
520 8.59005e+09 2.44497e+07 6232.54 33 9.39648 8 0.0358883
521 3.43599e+10 5.45036e+07 5609.03 35 9.27441 7 0.0342967
522 8.59006e+09 2.58135e+07 4134.93 33 8.7207 6 0.035036
523 1.37439e+11 2.03533e+08 4794.62 37 8.81934 7 0.0339842
524 3.43599e+10 6.26102e+07 7619.6 35 10.2705 8 0.0369466
525 1.37439e+11 2.19481e+08 7391.97 37 9.92969 8 0.0369795
526 3.43599e+10 6.03281e+07 7206.2 35 9.96289 8 0.0369836
527 1.718e+10 6.06461e+07 8475.61 34 10.5244 9 0.0374937
528 3.43599e+10 9.65076e+07 7344.08 35 9.99902 8 0.0360697
529 3.43599e+10 1.00894e+08 8138.65 35 10.2139 9 0.0385586
530 1.718e+10 6.40746e+07 6172.47 34 9.76855 8 0.035744
531 8.59006e+09 7.13131e+07 8639.48 33 10.5537 9 0.0381561
532 1.37439e+11 1.83162e+08 9454.45 37 10.2236 9 0.0364073
533 3.43599e+10 1.13004e+08 8322.66 35 10.3623 9 0.0381998
534 1.718e+10 6.82935e+07 12099.5 34 11.2227 10 0.0393309
535 1.718e+10 1.18084e+08 9418.71 34 10.623 9 0.0373284
536 1.718e+10 6.37535e+07 8364.63 34 10.333 9 0.0373471
537 1.09951e+12 1.23815e+09 9560.04 40 10.7969 9 0.037817
538 6.87196e+10 2.61653e+08 11942.9 36 11.6162 10 0.0386406
539 1.37439e+11 2.91382e+08 13950.4 37 11.7793 11 0.0404857
540 3.43599e+10 1.71983e+08 16172.2 35 12.3164 11 0.0435722
541 6.87196e+10 2.85679e+08 20014.2 36 12.8447 12 0.0440666
542 5.49756e+11 1.08902e+09 15502.9 39 12.1035 11 0.0440224
543 1.37439e+11 3.14073e+08 14859.4 37 11.9092 11 0.0413156
544 3.43599e+10 1.56603e+08 17048.4 35 12.4609 12 0.0444217
545 2.74878e+11 4.95285e+08 19509.6 38 12.5811 12 0.042713
546 6.87196e+10 2.19765e+08 14859.4 36 11.8232 11 0.0426573
547 6.87196e+10 1.83211e+08 15915.8 36 12.1582 11 0.0415832
548 1.718e+10 1.01921e+08 14981.3 34 12.0264 11 0.04114
549 1.09951e+12 1.425e+09 12583.9 40 11.7891 10 0.0413195
550 2.19902e+12 3.86473e+09 20709.8 41 13.2617 12 0.0447041
551 5.49756e+11 1.35608e+09 27423.4 39 13.583 13 0.0435366
552 5.49756e+11 1.84193e+09 20276.6 39 13.3047 12 0.0435316
553 5.49756e+11 8.10315e+08 20744.9 39 12.8594 12 0.041922
554 5.49756e+11 1.52422e+09 20033.2 39 12.9209 12 0.0419177
555 1.37439e+11 4.33626e+08 20239.6 37 12.793 12 0.0417402
556 2.19902e+12 3.24843e+09 27566.7 41 13.6533 13 0.04261
557 2.19902e+12 2.86884e+09 26809.7 41 13.6484 13 0.044455
558 5.49756e+11 1.03437e+09 20405.2 39 13.0225 12 0.0423239
559 8.79609e+12 1.04933e+10 20935 43 13.165 12 0.0420157
560 1.37439e+11 5.97415e+08 26525 37 13.6006 13 0.0429773
561 2.74878e+11 1.51173e+09 20350.3 38 12.917 12 0.0423355
562 1.37439e+11 4.02544e+08 21086.6 37 12.8936 12 0.0408139
563 5.49756e+11 1.0048e+09 20969 39 13.1133 12 0.0417525
564 8.79609e+12 8.97775e+09 27215.3 43 13.6885 13 0.0446482
565 1.09951e+12 2.89037e+09 27278.1 40 13.6621 13 0.0439982
566 2.19902e+12 2.75343e+09 15915.8 41 12.5547 11 0.0402955
567 5.49756e+11 8.06086e+08 19899.7 39 12.8096 12 0.0407875
568 1.09951e+12 2.28953e+09 20762.4 40 13.3223 12 0.0422812
569 2.74878e+11 6.22281e+08 19822.7 38 12.7959 12 0.0409998
570 4.39805e+12 5.39816e+09 15822.7 42 12.2178 11 0.0411366
571 1.37439e+11 9.43649e+08 28252.8 37 13.9375 13 0.0448283
572 1.37439e+11 5.54602e+08 37556.6 37 13.7773 14 0.0453372
573 5.49756e+11 1.02863e+09 37556.6 39 14.1387 14 0.046114
574 8.79609e+12 9.14704e+09 38503.6 43 14.1338 14 0.0459601
575 1.09951e+12 2.39688e+09 58375.6 40 15.1904 15 0.0476627
576 1.09951e+12 3.4992e+09 57954.9 40 15.1943 15 0.0462094
577 2.74878e+11 8.2295e+08 27867.3 38 13.8818 13 0.0433349
578 1.37439e+11 8.67039e+08 38361.6 37 14.4189 14 0.0446628
579 8.79609e+12 1.07093e+10 28139 43 14.0732 13 0.0440117
580 5.49756e+11 3.08391e+09 161978 39 16.4902 17 0.0513827
581 2.19902e+12 4.4749e+09 58911.7 41 15.3828 15 0.0509441
582 4.39805e+12 1.23723e+10 94783.7 42 15.8848 16 0.0488791
583 4.39805e+12 5.78583e+09 95291.9 42 16.0557 16 0.0493519
584 4.39805e+12 9.6212e+09 163246 42 16.2188 17 0.0509654
585 2.19902e+12 4.60792e+09 57713.8 41 15.2812 15 0.0472257
586 1.75922e+13 1.89229e+10 94668.9 44 16.2734 16 0.0502311
587 1.75922e+13 2.16945e+10 163859 44 17.0049 17 0.0523082
588 5.49756e+11 2.37585e+09 298998 39 17.4395 18 0.0532297
589 5.49756e+11 3.13132e+09 163344 39 16.6895 17 0.0527485
590 5.49756e+11 2.14518e+09 162652 39 15.7549 17 0.0493768
591 2.19902e+12 4.09398e+09 93055.9 41 15.9561 16 0.0506443
592 2.19902e+12 5.08037e+09 299479 41 17.1221 18 0.0536739
593 8.79609e+12 1.68073e+10 163214 43 16.3867 17 0.0502241
594 1.75922e+13 2.45454e+10 94726.4 44 15.8721 16 0.0502633
595 8.79609e+12 1.41481e+10 164143 43 16.5303 17 0.0526488
596 1.09951e+12 3.92861e+09 53550.4 40 14.9619 15 0.0471748
597 1.09951e+12 3.31284e+09 37976.1 40 14.2773 14 0.0444234
598 5.49756e+11 2.18891e+09 37976.1 39 14.458 14 0.0466309
599 1.09951e+12 5.09148e+09 57848.2 40 15.3584 15 0.0484969
600 2.19902e+12 5.404e+09 92963.1 41 15.7734 16 0.0507857
601 1.09951e+12 4.22277e+09 93876.6 40 15.7031 16 0.0494454
602 2.74878e+11 2.19481e+09 58735.1 38 15.3008 15 0.0491461
603 1.09951e+12 2.45754e+09 93271.3 40 15.6318 16 0.0512455
604 4.39805e+12 7.00243e+09 56148.2 42 14.9004 15 0.0516167
605 1.09951e+12 2.619e+09 37254.4 40 14.3037 14 0.0503267
606 5.49756e+11 2.04904e+09 28004.2 39 14.3848 13 0.04563
607 1.37439e+11 1.231e+09 37406.1 37 14.4141 14 0.0465001
608 2.74878e+11 1.06452e+09 27546.4 38 14.1553 13 0.0454989
609 2.74878e+11 9.74303e+08 27906.6 38 14.1875 13 0.0451243
610 2.74878e+11 1.36318e+09 38049.1 38 14.415 14 0.0461142
611 5.49756e+11 1.35268e+09 37730.6 39 14.2275 14 0.0451626
612 4.39805e+12 7.00007e+09 27827.7 42 14.5098 13 0.0454432
613 2.74878e+11 1.29369e+09 38875.5 38 14.6436 14 0.0452712
614 1.09951e+12 2.65387e+09 36844.3 40 14.3076 14 0.0457954
615 1.09951e+12 2.90589e+09 36187.4 40 13.7285 14 0.0426522
616 2.74878e+11 9.59456e+08 36531.3 38 14.1543 14 0.0466608
617 1.37439e+11 8.66947e+08 37606.4 37 14.5967 14 0.0470069
618 1.09951e+12 2.04227e+09 38852.6 40 14.6982 14 0.045689
619 4.39805e+12 5.02822e+09 27526 42 13.9639 13 0.0484342
620 8.79609e+12 1.63313e+10 92869.9 43 15.8291 16 0.0516034
621 2.74878e+11 1.85526e+09 95731.2 38 15.9561 16 0.0502101
622 8.79609e+12 1.0855e+10 94291.1 43 15.7324 16 0.0513303
623 1.75922e+13 2.3899e+10 93696.6 44 15.2178 16 0.0507445
624 1.09951e+12 2.2222e+09 38644.3 40 14.6006 14 0.0484649
625 8.79609e+12 1.11846e+10 36870.1 43 13.9062 14 0.0467993
626 7.03687e+13 7.42024e+10 20258.1 46 13.3682 12 0.0460973
627 1.09951e+12 3.55893e+09 15680.5 40 12.7324 11 0.0448449
628 5.49756e+11 1.44965e+09 20459.8 39 13.1328 12 0.0448289
629 5.49756e+11 1.37585e+09 19107.1 39 13.1133 12 0.0443108
630 1.09951e+12 4.47984e+09 27278.1 40 13.9258 13 0.0493936
631 1.75922e+13 1.95361e+10 24681.6 44 13.291 13 0.0448602
632 1.09951e+12 2.7607e+09 37431.3 40 13.8516 14 0.0472389
633 4.39805e+12 6.44102e+09 37101.6 42 13.9492 14 0.0472983
634 8.79609e+12 1.41673e+10 20656.9 43 13.6377 12 0.0453275
635 1.09951e+12 3.27942e+09 15744.1 40 12.7148 11 0.0434871
636 2.74878e+11 1.47955e+09 20313.5 38 13.0742 12 0.044301
637 2.19902e+12 5.17086e+09 26369.3 41 13.5371 13 0.0461341
638 2.19902e+12 5.44384e+09 37927.3 41 14.1445 14 0.0489559
639 4.39805e+12 1.75894e+10 26279.7 42 13.4795 13 0.0460816
640 8.79609e+12 1.68169e+10 20368.6 43 13 12 0.0475915
641 2.74878e+11 1.11994e+09 26121.5 38 13.4346 13 0.0491495
642 2.19902e+12 5.67838e+09 15535.5 41 12.5684 11 0.0434145
643 5.49756e+11 2.55236e+09 27423.4 39 14.0684 13 0.0459473
644 8.79609e+12 1.96644e+10 57497 43 14.9473 15 0.0511192
645 1.09951e+12 3.36839e+09 26788 40 14.1182 13 0.0500754
646 1.09951e+12 3.30412e+09 38266.1 40 14.6436 14 0.0485882
647 4.39805e+12 6.36189e+09 38806.6 42 14.6621 14 0.050431
648 1.09951e+12 4.64405e+09 27319.8 40 14.0938 13 0.0526726
649 8.79609e+12 1.2232e+10 37730.6 43 14.4062 14 0.0521379
650 5.49756e+11 2.12705e+09 94261.7 39 15.3672 16 0.0499277
651 2.19902e+12 5.20151e+09 39715.1 41 15.0244 14 0.0509468
652 4.39805e+12 1.17051e+10 36740.4 42 14.3154 14 0.047989
653 5.49756e+11 1.27436e+09 27067.4 39 13.6543 13 0.0476812
654 5.49756e+11 1.99499e+09 57167.3 39 14.8379 15 0.0501787
655 1.09951e+12 3.03491e+09 26960.7 40 13.7656 13 0.0459046
656 1.09951e+12 3.29652e+09 26809.7 40 13.8047 13 0.0468254
657 4.39805e+12 7.98206e+09 19918.9 42 13.2949 12 0.045887
658 1.09951e+12 3.81451e+09 26982.1 40 13.9883 13 0.0474643
659 2.19902e+12 3.32852e+09 38121.8 41 14.1406 14 0.0467027
660 1.75922e+13 2.07491e+10 38550.7 44 14.5371 14 0.0483392
661 2.74878e+11 1.41803e+09 57524.2 38 14.6133 15 0.0481798
662 4.39805e+12 6.29801e+09 55593.2 42 14.6055 15 0.0489952
663 7.03687e+13 1.28784e+11 94466.3 46 15.9395 16 0.05246
664 3.51844e+13 5.26812e+10 56292.3 45 15.4512 15 0.0512694
665 8.79609e+12 2.81273e+10 94553.4 43 16.2539 16 0.0547718
666 1.09951e+12 6.19875e+09 39281.3 40 15.1504 14 0.0545384
667 2.19902e+12 7.44432e+09 56177.1 41 14.9375 15 0.0502255
668 8.79609e+12 1.85968e+10 57387.7 43 15.0254 15 0.049551
669 7.03687e+13 8.33109e+10 162852 46 15.9844 17 0.0513876
670 1.09951e+12 7.44802e+09 158845 40 16.4102 17 0.0524262
671 1.09951e+12 5.06993e+09 93240.6 40 15.7402 16 0.0516245
672 1.09951e+12 4.84189e+09 93666.4 40 15.7979 16 0.0511734
673 4.39805e+12 8.83123e+09 160337 42 16.1367 17 0.0520041
674 4.39805e+12 1.01064e+10 39715.1 42 15.1406 14 0.0487386
675 1.09951e+12 4.97103e+09 93117.6 40 15.0742 16 0.0514473
676 2.19902e+12 1.23802e+10 162519 41 16.5283 17 0.0542314
677 1.75922e+13 2.27183e+10 58811.1 44 16.0693 15 0.0507877
678 3.51844e+13 4.41485e+10 35098.6 45 14.541 14 0.0472077
679 4.39805e+12 9.33243e+09 95567.9 42 16.4014 16 0.0502289
680 2.19902e+12 8.39702e+09 298543 41 17.1582 18 0.0548976
681 4.39805e+12 9.21009e+09 297503 42 17.1055 18 0.0557323
682 2.19902e+12 9.62966e+09 298331 41 17.334 18 0.0545936
683 4.39805e+12 1.25664e+10 164112 42 16.6719 17 0.054097
684 5.49756e+11 3.70408e+09 93696.6 39 15.3896 16 0.0538736
685 1.75922e+13 2.4985e+10 95972.9 44 16.0518 16 0.0529112
686 8.79609e+12 1.83067e+10 165744 43 16.8594 17 0.0542476
687 2.19902e+12 6.36925e+09 294819 41 16.9121 18 0.0539085
688 5.49756e+11 3.83261e+09 296728 39 16.9463 18 0.0535891
689 8.79609e+12 2.53593e+10 299581 43 16.874 18 0.0535615
690 1.75922e+13 2.57407e+10 296988 44 17.0527 18 0.0567304
691 7.03687e+13 7.41329e+10 57222.6 46 15.1064 15 0.0514311
692 3.51844e+13 4.02097e+10 28364.9 45 14.4248 13 0.0485792
693 8.79609e+12 1.08243e+10 57767.7 43 14.8105 15 0.0502393
694 5.49756e+11 1.92815e+09 37076 39 13.8398 14 0.0474175
695 4.39805e+12 6.11472e+09 55915.9 42 14.8203 15 0.0483255
696 4.39805e+12 9.09467e+09 39080.1 42 15.3662 14 0.0505898
697 8.79609e+12 1.96108e+10 296803 43 17.1621 18 0.0539976
698 8.79609e+12 1.53407e+10 162785 43 16.3076 17 0.0538618
699 2.19902e+12 7.54004e+09 163603 41 16.4082 17 0.0533372
700 1.75922e+13 2.983e+10 163731 44 16.6406 17 0.0557935
701 4.39805e+12 2.29903e+10 298543 42 17.375 18 0.0571735
702 1.75922e+13 2.67661e+10 299274 44 17.2041 18 0.0579637
703 5.6295e+14 5.75431e+11 297793 49 17.4492 18 0.0569245
704 4.39805e+12 2.01101e+10 564956 42 18.4971 19 0.0621456
705 1.75922e+13 3.24828e+10 164824 44 17.0957 17 0.056862
706 2.19902e+12 7.30114e+09 1.0904e+06 41 18.1025 20 0.0584462
707 4.39805e+12 1.72689e+10 565032 42 18.3857 19 0.0605065
708 4.39805e+12 2.36218e+10 299343 42 18.0254 18 0.0581264
709 1.75922e+13 2.47803e+10 563908 44 17.8643 19 0.0583162
710 2.19902e+12 8.46252e+09 1.09338e+06 41 18.5449 20 0.0576497
711 4.39805e+12 1.19871e+10 298789 42 17.2305 18 0.0568118
712 1.75922e+13 3.34978e+10 563789 44 17.9902 19 0.0562672
713 1.09951e+12 7.04162e+09 564221 40 17.79 19 0.0566391
714 1.09951e+12 1.01689e+10 298188 40 17.4805 18 0.0583014
715 4.39805e+12 2.31932e+10 298963 42 17.4473 18 0.0572953
716 5.49756e+11 6.34545e+09 559777 39 17.4092 19 0.0576805
717 1.75922e+13 2.49938e+10 297136 44 17.0215 18 0.0563027
718 1.09951e+12 3.17735e+09 297283 40 17.0742 18 0.056989
719 1.75922e+13 2.48368e+10 160728 44 16.0645 17 0.0545467
720 4.39805e+12 1.66837e+10 94726.4 42 16.2363 16 0.0568246
721 1.09951e+12 4.58485e+09 58760.5 40 15.6377 15 0.0534053
722 5.49756e+11 4.92775e+09 297539 39 16.9561 18 0.0593628
723 4.39805e+12 1.28035e+10 163827 42 16.8789 17 0.0566969
724 3.51844e+13 8.16493e+10 93575.8 45 16.082 16 0.0573355
725 8.79609e+12 2.74168e+10 162785 43 16.582 17 0.0560124
726 3.51844e+13 5.19743e+10 294230 45 17.1035 18 0.0601267
727 4.39805e+12 8.74658e+09 161289 42 16.2246 17 0.0562278
728 3.51844e+13 5.34112e+10 292581 45 16.7959 18 0.0574047
729 8.79609e+12 2.10423e+10 95402.8 43 16.2568 16 0.0547844
730 1.09951e+12 5.78948e+09 94812.3 40 16.0137 16 0.0547179
731 2.19902e+12 1.26322e+10 57222.6 41 15.4688 15 0.0538078
732 8.79609e+12 2.32336e+10 56549.7 43 15.1836 15 0.0528772
733 2.19902e+12 7.3647e+09 92682.7 41 16.0312 16 0.0545823
734 2.19902e+12 7.44839e+09 39080.1 41 15.1592 14 0.0524963
735 2.19902e+12 9.68219e+09 35181.8 41 14.6934 14 0.0517477
736 4.39805e+12 1.02934e+10 39325.5 42 15.1445 14 0.05321
737 1.75922e+13 3.47157e+10 93148.4 44 16.0342 16 0.0554446
738 7.03687e+13 9.42052e+10 58375.6 46 15.7266 15 0.052802
739 7.03687e+13 7.53794e+10 38073.4 46 15.1621 14 0.0535405
740 1.1259e+15 1.10537e+12 93424 50 15.8037 16 0.0551001
741 1.09951e+12 6.34801e+09 161670 40 16.6309 17 0.0557495
742 1.75922e+13 3.37906e+10 92431 44 16.0488 16 0.0565524
743 4.39805e+12 1.2267e+10 27173.2 42 15.1689 13 0.0544743
744 2.19902e+12 8.19754e+09 38024.8 41 15.1787 14 0.051981
745 2.19902e+12 5.74414e+09 26212.1 41 14.5195 13 0.0509743
746 2.19902e+12 7.59334e+09 27607.3 41 14.4785 13 0.051971
747 4.39805e+12 1.03753e+10 38432.8 42 15.3154 14 0.0524368
748 2.19902e+12 9.77937e+09 25938.9 41 14.6143 13 0.0527211
749 4.39805e+12 1.79138e+10 56549.7 42 15.6436 15 0.0528302
750 4.39805e+12 7.90243e+09 37101.6 42 14.9502 14 0.0504518
751 4.39805e+12 1.74707e+10 36531.3 42 14.8389 14 0.0498214
752 2.19902e+12 6.18657e+09 39192.3 41 15.2549 14 0.0525236
753 1.75922e+13 2.25126e+10 52660.2 44 15.3711 15 0.0503971
754 3.51844e+13 4.81859e+10 37076 45 14.9658 14 0.0512974
755 2.81475e+14 4.32864e+11 26744.5 48 14.2656 13 0.0497045
756 8.79609e+12 1.95932e+10 56719.8 43 15.5352 15 0.0530902
757 2.19902e+12 9.54746e+09 39391.5 41 15.2412 14 0.0521157
758 4.39805e+12 7.69013e+09 58658.8 42 15.5928 15 0.0553869
759 4.39805e+12 9.79652e+09 37730.6 42 14.4326 14 0.0513189
760 1.09951e+12 4.81524e+09 58192.8 40 15.8379 15 0.0552387
761 5.49756e+11 3.57511e+09 19469.9 39 13.7031 12 0.0525427
762 2.19902e+12 5.54088e+09 26896.2 41 14.6904 13 0.0511425
763 7.03687e+13 7.28655e+10 58034.6 46 15.3867 15 0.0529885
764 2.19902e+12 9.15737e+09 162652 41 16.7441 17 0.0569139
765 2.19902e+12 8.3278e+09 164049 41 16.7031 17 0.059536
766 4.39805e+12 1.12201e+10 57497 42 15.0176 15 0.0578213
767 2.19902e+12 1.24846e+10 95124.1 41 16.499 16 0.0540439
768 3.51844e+13 4.71969e+10 94697.7 45 16.1738 16 0.0577627
769 1.40737e+14 1.62883e+11 38806.6 47 15.2471 14 0.0562171
770 1.75922e+13 4.47652e+10 33561.2 44 14.834 14 0.0533643
771 1.75922e+13 5.61908e+10 26679 44 14.7861 13 0.0552679
772 7.03687e+13 1.31875e+11 34452.9 46 14.8057 14 0.0587628
773 1.75922e+13 5.82186e+10 19745.2 44 14.2383 12 0.0528604
774 3.51844e+13 5.55661e+10 26960.7 45 14.877 13 0.054561
775 1.75922e+13 6.55422e+10 24162.3 44 14.6113 13 0.0534294
776 1.40737e+14 1.58668e+11 20313.5 47 14.5029 12 0.0558386
777 3.51844e+13 4.62127e+10 15453.8 45 13.876 11 0.0512636
778 3.51844e+13 7.19912e+10 27526 45 15.0918 13 0.0535829
779 7.03687e+13 1.26183e+11 19430 46 14.1631 12 0.0513692
780 7.03687e+13 1.19223e+11 19469.9 46 14.4463 12 0.0533035
781 1.75922e+13 3.94134e+10 27173.2 44 15.0898 13 0.052018
782 1.75922e+13 6.85383e+10 27847.5 44 14.7666 13 0.0539324
783 8.79609e+12 2.86885e+10 25284.6 43 14.6064 13 0.0513235
784 8.79609e+12 3.59346e+10 38644.3 43 15.5215 14 0.0535761
785 2.81475e+14 3.81757e+11 39757.4 48 15.7305 14 0.0535969
786 7.03687e+13 1.23822e+11 56263.6 46 15.6025 15 0.0528971
787 2.81475e+14 3.22599e+11 38806.6 48 15.8398 14 0.0550057
788 3.51844e+13 9.6409e+10 161497 45 17.0742 17 0.055713
789 1.40737e+14 2.14755e+11 161532 47 16.7002 17 0.0550922
790 7.03687e+13 1.22824e+11 162148 46 17.2129 17 0.0564859
791 2.81475e+14 3.3857e+11 163017 48 16.9639 17 0.0565004
792 8.79609e+12 4.61897e+10 163570 43 17.2148 17 0.0564469
793 1.40737e+14 2.12177e+11 95430.5 47 16.6494 16 0.0549071
794 3.51844e+13 6.85153e+10 94466.3 45 16.7471 16 0.0573529
795 7.03687e+13 1.21222e+11 161324 46 16.6504 17 0.0571398
796 3.51844e+13 1.66418e+11 94726.4 45 16.7158 16 0.059222
797 3.51844e+13 1.33938e+11 93575.8 45 16.3125 16 0.0539725
798 3.51844e+13 1.27458e+11 92588.6 45 16.248 16 0.0565529
799 4.5036e+15 5.12769e+12 57659.9 52 15.8691 15 0.0547815
800 8.79609e+12 4.42159e+10 160515 43 16.5068 17 0.055506
801 3.51844e+13 1.31626e+11 160834 45 16.3906 17 0.0552807
802 1.40737e+14 2.07816e+11 94869.4 47 16.1504 16 0.0561029
803 1.1259e+15 1.14281e+12 94437.2 50 16.6484 16 0.0583644
804 7.03687e+13 1.41241e+11 160798 46 17.0527 17 0.0599473
805 4.39805e+12 4.13965e+10 93148.4 42 16.6494 16 0.0572025
806 2.81475e+14 3.40795e+11 57578.6 48 16.0391 15 0.0577066
807 7.03687e+13 1.45199e+11 299067 46 17.9424 18 0.063049
808 7.03687e+13 3.26371e+11 94055.2 46 16.7998 16 0.0615098
809 7.03687e+13 2.1317e+11 94320.4 46 17.0996 16 0.0629448
810 5.6295e+14 7.18117e+11 164855 49 17.4375 17 0.0620694
811 2.81475e+14 3.06425e+11 161566 48 17.3145 17 0.062584
812 7.03687e+13 2.00103e+11 95124.1 46 17.1953 16 0.0621084
813 8.79609e+12 7.31233e+10 92714 43 16.71 16 0.0611128
814 1.40737e+14 2.52633e+11 93484.8 47 16.4385 16 0.0592036
815 5.6295e+14 8.11325e+11 93515.2 49 16.3672 16 0.0584316
816 3.51844e+13 7.81674e+10 20146.3 45 14.2012 12 0.0550392
817 1.75922e+13 4.24071e+10 92807.7 44 16.4248 16 0.0579114
818 3.51844e+13 1.05733e+11 93575.8 45 16.4717 16 0.0611235
819 1.75922e+13 3.57213e+10 56578.2 44 15.8418 15 0.0569207
820 7.03687e+13 1.27474e+11 38170 46 15.4971 14 0.0555093
821 4.5036e+15 4.52427e+12 57000.5 52 16.0566 15 0.0583495
822 2.81475e+14 4.17108e+11 562504 48 18.0977 19 0.0626939
823 2.81475e+14 3.47024e+11 296728 48 17.9033 18 0.0644584
824 2.81475e+14 3.14488e+11 163246 48 17.1357 17 0.0599737
825 2.81475e+14 4.04739e+11 38073.4 48 15.6895 14 0.0586653
826 5.6295e+14 6.24612e+11 35043 49 15.2148 14 0.0560354
827 7.03687e+13 1.56764e+11 297356 46 17.8232 18 0.0625488
828 7.03687e+13 1.05262e+11 93966 46 16.4873 16 0.0603405
829 2.81475e+14 7.19142e+11 163214 48 17.1865 17 0.0600773
830 7.03687e+13 1.18852e+11 94291.1 46 16.3848 16 0.0572171
831 7.03687e+13 1.64597e+11 93301.9 46 16.748 16 0.0579636
832 1.40737e+14 3.08951e+11 295053 47 17.2227 18 0.0609605
833 1.1259e+15 1.28816e+12 162785 50 17.3145 17 0.0617188
834 3.51844e+13 8.18523e+10 298009 45 17.8301 18 0.0635349
835 5.6295e+14 7.25975e+11 559561 49 17.8848 19 0.0624755
836 7.03687e+13 1.39278e+11 298437 46 17.8965 18 0.062934
837 1.40737e+14 2.07232e+11 95622.5 47 16.6484 16 0.0597822
838 1.75922e+13 9.58676e+10 561138 44 18.2705 19 0.0625307
839 3.51844e+13 5.98505e+10 94261.7 45 16.7861 16 0.0611721
840 3.51844e+13 8.50914e+10 296840 45 17.8252 18 0.0643189
841 5.6295e+14 7.31497e+11 297320 49 17.5957 18 0.063314
842 1.75922e+13 5.24198e+10 161944 44 17.3633 17 0.060112
843 4.39805e+12 2.27599e+10 163731 42 17.168 17 0.0602197
844 8.79609e+12 6.28005e+10 89766.5 43 16.002 16 0.0575952
845 7.03687e+13 1.69077e+11 162552 46 17.0371 17 0.0598756
846 7.03687e+13 9.27449e+10 38503.6 46 15.7109 14 0.0558039
847 3.51844e+13 1.61926e+11 158324 45 17.0488 17 0.0591718
848 2.81475e+14 3.41307e+11 556907 48 17.834 19 0.0617997
849 3.51844e+13 1.51683e+11 296766 45 18.1914 18 0.0629031
850 4.39805e+12 2.31788e+10 160551 42 17.2686 17 0.0599445
851 1.75922e+13 4.41014e+10 161704 44 17.2197 17 0.0599779
852 3.51844e+13 1.01311e+11 295861 45 17.4365 18 0.0612828
853 2.81475e+14 3.15113e+11 296013 48 17.4404 18 0.0606624
854 3.51844e+13 1.10993e+11 1.09137e+06 45 19.1904 20 0.0677782
855 7.03687e+13 1.22643e+11 563312 46 18.5439 19 0.0649206
856 8.79609e+12 4.23308e+10 298543 43 18.1104 18 0.0690643
857 1.80144e+16 1.76748e+13 163731 54 17.6113 17 0.0669025
858 2.2518e+15 2.37541e+12 1.08634e+06 51 19.0811 20 0.0680891
859 1.1259e+15 1.96032e+12 4.23773e+06 50 20.3018 22 0.0727574
860 7.03687e+13 3.44626e+11 1.09245e+06 46 19.6982 20 0.0728408
861 2.81475e+14 4.92171e+11 1.09262e+06 48 19.5195 20 0.0690004
862 1.1259e+15 2.82179e+12 565637 50 19.4834 19 0.0679776
863 5.6295e+14 1.17765e+12 1.08896e+06 49 19.415 20 0.0707685
864 7.03687e+13 2.42787e+11 565070 46 18.749 19 0.0694549
865 2.2518e+15 2.99166e+12 564879 51 19.043 19 0.0700615
866 3.51844e+13 1.44138e+11 1.08964e+06 45 19.3945 20 0.0697131
867 2.2518e+15 3.78607e+12 1.09258e+06 51 19.2725 20 0.0700552
868 7.03687e+13 2.84317e+11 1.09334e+06 46 19.5615 20 0.0720435
869 5.6295e+14 9.4733e+11 298472 49 18.5088 18 0.0661455
870 1.80144e+16 1.79521e+13 297612 54 17.9551 18 0.0640099
871 7.03687e+13 4.52363e+11 4.24407e+06 46 19.9375 22 0.0714626
872 4.5036e+15 4.80145e+12 1.08905e+06 52 18.5742 20 0.0677441
873 7.03687e+13 3.06965e+11 4.24495e+06 46 20.0303 22 0.0727491
874 5.6295e+14 1.20179e+12 1.09279e+06 49 19.1807 20 0.0724386
875 1.40737e+14 2.82939e+11 565411 47 18.8516 19 0.0680883
876 1.1259e+15 2.33529e+12 1.09181e+06 50 19.2793 20 0.0690028
877 1.1259e+15 1.42282e+12 1.09441e+06 50 19.1084 20 0.0693132
878 1.1259e+15 1.47722e+12 2.14452e+06 50 19.8311 21 0.0714667
879 1.40737e+14 6.77779e+11 298437 47 18.2568 18 0.0668815
880 1.40737e+14 4.66407e+11 1.08986e+06 47 18.9102 20 0.0667407
881 2.81475e+14 8.51091e+11 563829 48 18.8584 19 0.0670757
882 2.2518e+15 2.82735e+12 161532 51 17.2021 17 0.0637167
883 9.0072e+15 9.69225e+12 1.09189e+06 53 19.3379 20 0.0683924
884 2.2518e+15 2.78403e+12 4.23912e+06 51 20.2285 22 0.0702733
885 1.1259e+15 1.57486e+12 563152 50 18.9434 19 0.0703041
886 1.40737e+14 4.0668e+11 296728 47 18.4229 18 0.0658291
887 1.40737e+14 2.93635e+11 164017 47 17.9062 17 0.0675282
888 2.2518e+15 2.94984e+12 294819 51 18.0088 18 0.0682185
889 1.40737e+14 3.25224e+11 295286 47 18.0605 18 0.0696817
890 3.51844e+13 1.4822e+11 162918 45 17.6758 17 0.0661423
891 4.5036e+15 4.55984e+12 163279 52 17.2285 17 0.0634289
892 2.81475e+14 3.30356e+11 93515.2 48 16.8779 16 0.0600855
893 7.03687e+13 2.04227e+11 559777 46 18.3994 19 0.0646965
894 1.1259e+15 1.63905e+12 561515 50 18.7031 19 0.0683135
895 7.03687e+13 1.62098e+11 92240.9 46 16.877 16 0.0619238
896 4.5036e+15 6.71455e+12 93424 52 17.127 16 0.0618905
897 1.40737e+14 3.94134e+11 297356 47 18.4004 18 0.0692176
898 1.40737e+14 3.35572e+11 93209.9 47 17.5176 16 0.0659322
899 2.81475e+14 7.43619e+11 295670 48 18.3457 18 0.0673309
900 5.6295e+14 9.87252e+11 161670 49 17.4307 17 0.0665848
901 7.03687e+13 1.68912e+11 555400 46 18.1934 19 0.0672044
902 2.81475e+14 5.16718e+11 1.0895e+06 48 19.2119 20 0.0691007
903 7.03687e+13 4.37631e+11 1.09296e+06 46 19.4619 20 0.0736276
904 4.5036e+15 4.58387e+12 563152 52 18.5664 19 0.0692759
905 5.6295e+14 8.30488e+11 562136 49 18.3604 19 0.0705384
906 7.03687e+13 1.59137e+11 296914 46 17.5811 18 0.0691258
907 1.40737e+14 3.40134e+11 163017 47 17.1074 17 0.0644183
908 2.81475e+14 7.64343e+11 294032 48 17.3447 18 0.0646982
909 7.03687e+13 2.9608e+11 294624 46 17.4316 18 0.0639429
910 5.6295e+14 9.99784e+11 93545.5 49 16.7041 16 0.0684767
911 9.0072e+15 1.01045e+13 565749 53 18.627 19 0.0693226
912 7.20576e+16 7.08949e+13 1.08995e+06 56 19.4414 20 0.0716232
913 2.81475e+14 6.93472e+11 8.44055e+06 48 20.9561 23 0.0777119
914 2.2518e+15 2.70678e+12 2.14168e+06 51 19.748 21 0.0736727
915 5.6295e+14 1.5849e+12 2.14333e+06 49 19.9014 21 0.0744029
916 1.40737e+14 7.45665e+11 1.09045e+06 47 19.3467 20 0.0726434
917 5.6295e+14 1.43422e+12 563071 49 18.8447 19 0.0702
918 1.80144e+16 2.07135e+13 293472 54 17.8506 18 0.0685426
919 1.40737e+14 6.7314e+11 565184 47 19.1797 19 0.0723786
920 2.2518e+15 5.32049e+12 558645 51 18.7461 19 0.0730001
921 9.0072e+15 1.14307e+13 297793 53 18.5859 18 0.0723951
922 3.60288e+16 3.70567e+13 296803 55 18.248 18 0.0715233
923 5.6295e+14 1.42593e+12 297973 49 18.3623 18 0.0740167
924 2.2518e+15 4.90541e+12 1.08817e+06 51 18.833 20 0.0703521
925 1.44115e+17 1.41469e+14 1.08682e+06 57 18.9121 20 0.0739458
926 2.2518e+15 3.07889e+12 2.13897e+06 51 19.6357 21 0.073216
927 2.81475e+14 1.29608e+12 4.23591e+06 48 20.4893 22 0.0776785
928 1.80144e+16 1.93678e+13 1.09102e+06 54 19.5439 20 0.0739835
929 9.0072e+15 1.0025e+13 2.14498e+06 53 20.1172 21 0.0767445
930 2.2518e+15 6.2416e+12 1.68327e+07 51 21.7676 24 0.0825675
931 9.0072e+15 1.03881e+13 2.138e+06 53 20.1846 21 0.0766285
932 7.20576e+16 7.82e+13 4.24228e+06 56 21.0439 22 0.0826128
933 9.0072e+15 1.43574e+13 4.24592e+06 53 20.6797 22 0.0810522
934 1.40737e+14 8.45343e+11 4.24707e+06 47 20.7832 22 0.0813053
935 9.0072e+15 1.44951e+13 2.14261e+06 53 20.2783 21 0.0813828
936 1.1259e+15 2.22231e+12 560505 50 19.1885 19 0.0757972
937 2.81475e+14 9.87838e+11 296542 48 18.4531 18 0.0715933
938 4.5036e+15 1.04206e+13 1.08995e+06 52 19.3359 20 0.0723479
939 2.81475e+14 9.07254e+11 560928 48 18.7598 19 0.0760119
940 1.1259e+15 2.99535e+12 562177 50 18.9375 19 0.0735241
941 5.6295e+14 1.18305e+12 1.08629e+06 49 18.9316 20 0.0779814
942 9.0072e+15 2.09478e+13 296316 53 18.2598 18 0.0774551
943 1.1259e+15 2.75856e+12 296316 50 18.3291 18 0.0747195
944 9.0072e+15 9.93756e+12 559561 53 18.6279 19 0.072916
945 1.1259e+15 2.52115e+12 1.09329e+06 50 19.7256 20 0.0780079
946 1.1259e+15 2.10806e+12 1.08808e+06 50 19.0205 20 0.0766861
947 1.40737e+14 3.46411e+11 2.13805e+06 47 19.0459 21 0.0747151
948 2.81475e+14 6.46296e+11 296467 48 17.5625 18 0.0776746
949 1.1259e+15 1.74812e+12 561806 50 18.3691 19 0.0760293
950 7.20576e+16 7.28133e+13 564026 56 19.208 19 0.0756143
951 9.0072e+15 2.14481e+13 91889.1 53 16.457 16 0.0738519
952 1.1259e+15 3.60631e+12 92620 50 16.9131 16 0.077424
953 3.60288e+16 4.88142e+13 293753 55 18.1494 18 0.071462
954 9.0072e+15 1.44341e+13 1.09076e+06 53 20.4053 20 0.0794543
955 2.2518e+15 5.14615e+12 560334 51 18.7012 19 0.0762511
956 1.1259e+15 2.70233e+12 1.08955e+06 50 19.5537 20 0.0767604
957 2.81475e+14 9.11197e+11 564377 48 19.2637 19 0.0737799
958 9.0072e+15 1.11745e+13 160337 53 17.8398 17 0.071116
959 1.1259e+15 2.367e+12 561888 50 19.0596 19 0.0751976
960 1.1259e+15 1.68016e+12 159978 50 17.8965 17 0.0725695
961 2.81475e+14 8.00581e+11 91435.6 48 16.917 16 0.0698444
962 1.40737e+14 4.18767e+11 53738.5 47 16.2373 15 0.0692457
963 2.81475e+14 9.29581e+11 54633.6 48 16.417 15 0.069621
964 3.60288e+16 4.32752e+13 38432.8 55 16.5342 14 0.0673656
965 4.5036e+15 5.70965e+12 162250 52 18.1553 17 0.0739643
966 1.1259e+15 2.49316e+12 57000.5 50 17.4375 15 0.0786221
967 2.2518e+15 3.54319e+12 35675.8 51 15.9531 14 0.0712091
968 5.6295e+14 1.40681e+12 38313.9 49 16.0557 14 0.0701226
969 1.1259e+15 2.01274e+12 36505.1 50 15.9521 14 0.0686084
970 5.6295e+14 7.55238e+11 34367.6 49 15.8633 14 0.0685026
971 3.51844e+13 2.11752e+11 34481.2 45 15.7432 14 0.0671524
972 5.6295e+14 1.47878e+12 58530.7 49 16.2119 15 0.068935
973 5.6295e+14 1.21402e+12 37506.5 49 15.8662 14 0.0651295
974 2.81475e+14 9.83065e+11 37481.5 48 15.9062 14 0.0675936
975 9.0072e+15 9.38106e+12 35209.5 53 15.4941 14 0.064909
976 2.8823e+17 2.81942e+14 91565.8 58 17.4307 16 0.0705317
977 5.6295e+14 1.44386e+12 91630.7 49 17.5488 16 0.0714299
978 1.1259e+15 2.64011e+12 36870.1 50 16.4277 14 0.0677645
979 5.6295e+14 1.40234e+12 36870.1 49 16.1025 14 0.0707938
980 1.1259e+15 2.13218e+12 56549.7 50 17.0908 15 0.0680328
981 2.81475e+14 7.97547e+11 59476.3 48 17.1064 15 0.06836
982 7.20576e+16 7.15992e+13 27807.9 56 15.8223 13 0.0645371
983 5.6295e+14 1.24583e+12 563232 49 18.9727 19 0.0755523
984 3.60288e+16 3.68978e+13 55563.7 55 16.4521 15 0.0655077
985 2.81475e+14 7.51286e+11 561681 48 19.1279 19 0.074306
986 1.1259e+15 2.28213e+12 296542 50 18.7051 18 0.0700875
987 2.81475e+14 1.34989e+12 562626 48 19.2256 19 0.0753237
988 9.0072e+15 1.06359e+13 295861 53 17.9854 18 0.066749
989 1.44115e+17 1.41661e+14 1.09313e+06 57 20.1201 20 0.0742785
990 2.2518e+15 5.60772e+12 2.14791e+06 51 20.7891 21 0.0750245
991 2.2518e+15 3.63664e+12 2.14531e+06 51 20.6826 21 0.0748261
992 1.40737e+14 6.42511e+11 1.08882e+06 47 18.7275 20 0.070694
993 2.81475e+14 9.26645e+11 562012 48 18.499 19 0.0691326
994 1.40737e+14 6.49022e+11 160265 47 17.2529 17 0.0647099
995 1.80144e+16 2.00438e+13 1.09133e+06 54 19.4141 20 0.0712117
996 7.20576e+16 7.15062e+13 562177 56 19.1895 19 0.0710285
997 1.40737e+14 8.19231e+11 1.094e+06 47 19.9629 20 0.0731503
998 4.5036e+15 5.33122e+12 561473 52 18.9551 19 0.0686007
999 9.0072e+15 1.11968e+13 1.08804e+06 53 19.8223 20 0.0738402
1000 1.1259e+15 4.04686e+12 560249 50 19.3867 19 0.0728
1001 2.8823e+17 3.0191e+14 1.09241e+06 58 20.1328 20 0.0754982
1002 7.20576e+16 1.44242e+14 2.14466e+06 56 20.6348 21 0.0794533
1003 9.0072e+15 1.45945e+13 565374 53 19.707 19 0.0747707
1004 4.5036e+15 1.15562e+13 563551 52 19.4531 19 0.0747869
1005 1.44115e+17 1.71163e+14 558071 57 18.9971 19 0.074086
1006 1.1259e+15 2.75571e+12 1.08808e+06 50 19.4434 20 0.0728212
1007 2.2518e+15 3.63481e+12 295053 51 18.3594 18 0.0685464
1008 1.80144e+16 2.64001e+13 8.44009e+06 54 20.5947 23 0.0766237
1009 2.2518e+15 5.27103e+12 1.68383e+07 51 21.585 24 0.0808823
1010 4.5036e+15 1.00637e+13 4.24592e+06 52 20.8096 22 0.0781702
1011 9.0072e+15 1.22443e+13 4.24495e+06 53 20.2373 22 0.077393
1012 2.2518e+15 6.4216e+12 1.08882e+06 51 19.1699 20 0.0775826
1013 4.5036e+15 1.38425e+13 1.09049e+06 52 19.6963 20 0.081204
1014 3.60288e+16 3.7827e+13 4.24137e+06 55 20.46 22 0.0790443
1015 2.2518e+15 7.40021e+12 2.14276e+06 51 19.8818 21 0.0780739
1016 7.20576e+16 7.52067e+13 560419 56 18.7891 19 0.0759867
1017 2.81475e+14 1.08727e+12 1.09493e+06 48 19.0527 20 0.0744285
1018 5.6295e+14 2.37349e+12 561806 49 18.4961 19 0.0730228
1019 5.6295e+14 2.33187e+12 560801 49 18.6162 19 0.0749127
1020 5.6295e+14 2.26244e+12 561640 49 18.3506 19 0.0715643
1021 9.0072e+15 1.57331e+13 562300 53 18.5352 19 0.0758896
1022 1.1259e+15 2.63171e+12 289305 50 18.2344 18 0.0726108
1023 3.60288e+16 3.82678e+13 295709 55 18.3867 18 0.0725668
1024 1.1259e+15 6.50249e+12 55207.1 50 16.958 15 0.0744803
1025 4.5036e+15 9.96487e+12 58760.5 52 17.7422 15 0.0705552
1026 4.5036e+15 1.47656e+13 57222.6 52 17.5322 15 0.073402
1027 3.60288e+16 4.89069e+13 91727.9 55 17.6895 16 0.0712519
1028 4.5036e+15 1.37676e+13 25450.3 52 16.3516 13 0.070514
1029 1.80144e+16 3.54288e+13 23885.7 54 16.3486 13 0.0685749
1030 9.0072e+15 2.8368e+13 55652.2 53 17.1816 15 0.0736337
1031 4.5036e+15 1.85921e+13 19842 52 15.6328 12 0.065744
1032 2.2518e+15 6.77691e+12 12014.6 51 14.249 10 0.0618258
1033 1.80144e+16 3.41136e+13 14485.7 54 15.0098 11 0.0625643
1034 2.2518e+15 5.14823e+12 12333.8 51 14.292 10 0.061862
1035 1.44115e+17 1.45718e+14 15535.5 57 14.7744 11 0.0687617
1036 3.60288e+16 3.76607e+13 11482.8 55 13.583 10 0.0574835
1037 3.60288e+16 8.63549e+13 6989.67 55 13.0381 8 0.0607688
1038 1.80144e+16 4.71774e+13 7063.08 54 12.6221 8 0.0573955
1039 4.5036e+15 1.19964e+13 11219.4 52 14.3184 10 0.0618863
1040 9.0072e+15 1.23153e+13 8420.29 53 13.1836 9 0.0604693
1041 4.61169e+18 4.51588e+15 11914.1 62 14.5273 10 0.0621404
1042 3.60288e+16 8.18993e+13 14394.9 55 15.5215 11 0.0708793
1043 9.22337e+18 9.07976e+15 8516.87 63 13.6328 9 0.0627413
1044 3.60288e+16 4.42886e+13 11359.7 55 13.833 10 0.0624654
1045 2.8823e+17 3.68649e+14 15031.8 58 15.9883 12 0.0728835
1046 2.8823e+17 3.05735e+14 14700.8 58 15.2139 11 0.0729668
1047 3.60288e+16 8.13441e+13 24559 55 15.3574 13 0.0674492
1048 1.80144e+16 3.37021e+13 9976.93 54 14.5088 10 0.0667482
1049 1.84467e+19 1.81868e+16 9236.12 64 14.2881 9 0.0671276
1050 1.80144e+16 3.15573e+13 10011.6 54 14.3057 10 0.0687941
1051 1.80144e+16 2.54306e+13 8839.72 54 14.0459 9 0.068551
1052 1.15292e+18 1.13883e+15 6292.15 60 12.7148 8 0.0604452
1053 4.5036e+15 1.03878e+13 5009.19 52 11.5859 7 0.0624767
1054 1.44115e+17 2.29838e+14 5645.8 57 11.6865 7 0.0568353
1055 1.80144e+16 2.29302e+13 5623.83 54 12.4551 7 0.0583494
1056 9.0072e+15 9.93523e+12 5248 53 11.1338 7 0.0540151
1057 1.80144e+16 2.72644e+13 11061.1 54 13.9482 10 0.0616651
1058 3.68935e+19 3.60898e+16 13741.9 65 14.9062 11 0.065788
1059 7.20576e+16 1.71235e+14 7206.2 56 13.0146 8 0.0606481
1060 1.15292e+18 1.14129e+15 8882.35 60 13.502 10 0.0608529
1061 3.60288e+16 5.9021e+13 14647.4 55 14.3359 11 0.0637431
1062 5.76461e+17 1.16399e+15 15535.5 59 14.1699 11 0.0629723
1063 4.5036e+15 1.56535e+13 9339.24 52 13.1592 10 0.0626763
1064 2.8823e+17 5.12653e+14 18880.8 58 15.0977 12 0.0679218
1065 7.20576e+16 7.93264e+13 14841.9 56 14.5127 11 0.0674407
1066 9.0072e+15 2.59289e+13 18566.8 53 15.2021 12 0.0672425
1067 4.5036e+15 1.76653e+13 10337.1 52 13.459 10 0.0608734
1068 9.22337e+18 9.01873e+15 11482.8 63 13.8271 10 0.0615844
1069 4.61169e+18 4.55641e+15 25777.5 62 15.9561 13 0.068083
1070 7.20576e+16 1.91884e+14 17700.6 56 15.5225 12 0.0682434
1071 2.8823e+17 5.49942e+14 24681.6 58 16.0459 13 0.0728909
1072 1.44115e+17 2.26072e+14 14485.7 57 15.3633 11 0.0679305
1073 2.8823e+17 6.43088e+14 34509.6 58 16.8359 14 0.0702395
1074 1.80144e+16 4.33793e+13 19686.7 54 15.8809 12 0.0711492
1075 4.61169e+18 4.57471e+15 11313.2 62 14.2754 10 0.0661574
1076 2.30584e+18 3.02987e+15 19764.6 61 15.9375 12 0.0708892
1077 2.30584e+18 2.65184e+15 14025.5 61 14.8418 11 0.0647916
1078 2.8823e+17 7.98624e+14 19667.2 58 15.1904 12 0.0658374
1079 3.60288e+16 1.05235e+14 18566.8 55 14.834 12 0.0671856
1080 5.76461e+17 6.51068e+14 15152.8 59 14.8545 11 0.0639176
1081 5.76461e+17 1.04522e+15 10183.9 59 13.8193 10 0.0598544
1082 9.0072e+15 2.74262e+13 9136.19 53 13.1221 9 0.0587338
1083 7.3787e+19 7.44559e+16 10965 66 13.8164 10 0.062578
1084 2.8823e+17 8.49148e+14 13414.1 58 15.2344 11 0.068079
1085 1.84467e+19 2.39214e+16 26809.7 64 17.6768 13 0.0811413
1086 1.84467e+19 2.03807e+16 19004.7 64 17.8662 12 0.0813497
1087 9.22337e+18 1.22386e+16 56349.8 63 19.0117 15 0.0840489
1088 1.84467e+19 3.30076e+16 24779.2 64 17.6826 13 0.0790736
1089 7.3787e+19 9.38706e+16 35539.5 66 17.9189 14 0.0801643
1090 1.15292e+18 2.05387e+15 57222.6 60 18.8916 15 0.084327
1091 5.76461e+17 1.30524e+15 90004.7 59 19.0293 16 0.0849247
1092 9.22337e+18 1.06942e+16 53925.6 63 18.1377 15 0.0808985
1093 7.3787e+19 7.54068e+16 56090.3 66 19.2188 15 0.085328
1094 9.22337e+18 1.62146e+16 91107.9 63 19.3535 16 0.0838738
1095 1.84467e+19 1.92223e+16 55534.1 64 19.2764 15 0.0842076
1096 2.30584e+18 4.26618e+15 159942 61 19.3438 17 0.086273
1097 3.68935e+19 3.89289e+16 18439.5 65 16.5312 12 0.0798479
1098 1.15292e+18 3.87806e+15 160657 60 19.8584 17 0.0860983
1099 1.84467e+19 2.73622e+16 160974 64 19.5049 17 0.0831822
1100 7.3787e+19 7.44683e+16 89526.9 66 18.8096 16 0.0834104
1101 9.22337e+18 2.52807e+16 557938 63 20.4551 19 0.0871062
1102 5.90296e+20 6.22796e+17 4.24459e+06 69 21.7178 22 0.0923597
1103 2.30584e+18 5.17027e+15 91792.4 61 19.2861 16 0.0932634
1104 4.61169e+18 1.24544e+16 1.09036e+06 62 20.5723 20 0.0913616
1105 2.95148e+20 3.69264e+17 560206 68 20.5195 19 0.0974036
1106 4.61169e+18 1.49278e+16 1.08417e+06 62 21.0273 20 0.0969644
1107 1.84467e+19 2.70162e+16 4.24033e+06 64 21.4092 22 0.0946284
1108 7.3787e+19 9.8968e+16 1.0878e+06 66 21.2998 20 0.0933843
1109 7.3787e+19 8.50954e+16 560970 66 20.6865 19 0.0963774
1110 5.90296e+20 5.89352e+17 297283 69 21.3564 18 0.0950294
1111 7.3787e+19 8.45419e+16 8.44533e+06 66 24.082 23 0.104046
1112 1.18059e+21 1.19205e+18 36214 70 19.7695 14 0.0946368
1113 2.95148e+20 3.24418e+17 159287 68 20.4199 17 0.0908951
1114 5.90296e+20 6.57546e+17 559474 69 21.4316 19 0.0953776
1115 9.22337e+18 2.28765e+16 158993 63 21.0889 17 0.0917399
1116 9.22337e+18 1.42107e+16 90810.3 63 20.2734 16 0.0941019
1117 2.30584e+18 5.48343e+15 2.1343e+06 61 21.2891 21 0.0962527
1118 7.3787e+19 8.2957e+16 2.13574e+06 66 21.5371 21 0.0934283
1119 5.90296e+20 6.20684e+17 2.13468e+06 69 21.8955 21 0.0973519
1120 2.95148e+20 3.65166e+17 156649 68 20.2842 17 0.0909242
1121 7.3787e+19 7.41302e+16 159067 66 20.083 17 0.0906559
1122 3.68935e+19 4.26424e+16 2.14069e+06 65 21.626 21 0.092634
1123 9.22337e+18 1.56945e+16 2.13846e+06 63 22.042 21 0.098087
1124 9.22337e+18 1.40504e+16 88308.6 63 19.0674 16 0.088727
1125 4.61169e+18 6.54919e+15 52012 62 18.8184 15 0.0899205
1126 1.84467e+19 2.5738e+16 35237.1 64 18.9229 14 0.087338
1127 2.30584e+18 9.15927e+15 1.08071e+06 61 21.0654 20 0.0896284
1128 2.95148e+20 6.60726e+17 161185 68 19.9365 17 0.0888805
1129 3.68935e+19 5.58228e+16 1.08475e+06 65 21.0088 20 0.0952929
1130 4.61169e+18 8.06395e+15 295785 62 19.958 18 0.0930485
1131 2.30584e+18 4.92605e+15 160551 61 18.9238 17 0.0834697
1132 1.47574e+20 1.72214e+17 562177 67 20.5811 19 0.0900391
1133 1.18059e+21 1.16974e+18 1.68314e+07 70 23.1611 24 0.0996329
1134 7.3787e+19 1.29387e+17 8.44309e+06 66 22.1084 23 0.102834
1135 3.68935e+19 4.80712e+16 4.24115e+06 65 21.8037 22 0.0954634
1136 4.61169e+18 1.13203e+16 4.24474e+06 62 21.6826 22 0.101064
1137 3.68935e+19 4.65669e+16 562012 65 20.3125 19 0.099128
1138 2.30584e+18 5.43059e+15 1.68306e+07 61 22.4014 24 0.0966782
1139 2.30584e+18 6.6644e+15 4.23851e+06 61 21.4268 22 0.094271
1140 4.61169e+18 1.9392e+16 8.44275e+06 62 22.0781 23 0.0957002
1141 9.22337e+18 3.26778e+16 1.6835e+07 63 22.9238 24 0.0995652
1142 2.95148e+20 6.36567e+17 1.68329e+07 68 22.6621 24 0.099453
1143 1.47574e+20 1.48552e+17 1.68372e+07 67 22.8643 24 0.100811
1144 5.76461e+17 1.51474e+15 1.09292e+06 59 20.7285 20 0.0997494
1145 2.30584e+18 7.20718e+15 2.14004e+06 61 21.2969 21 0.0970476
1146 7.3787e+19 1.14803e+17 4.23733e+06 66 21.4541 22 0.0934369
1147 4.61169e+18 7.99895e+15 1.68363e+07 62 23.0127 24 0.102247
1148 1.47574e+20 1.6599e+17 1.68352e+07 67 22.0957 24 0.0995312
1149 1.47574e+20 2.27567e+17 2.13727e+06 67 21.7607 21 0.0997368
1150 1.18059e+21 1.17702e+18 4.2358e+06 70 21.5352 22 0.0951311
1151 1.84467e+19 4.61012e+16 3.36206e+07 64 23.6094 25 0.0995934
1152 9.22337e+18 1.1786e+16 3.36141e+07 63 23.0645 25 0.103903
1153 9.22337e+18 1.30605e+16 4.2405e+06 63 21.8711 22 0.0977039
1154 4.61169e+18 1.4459e+16 2.14168e+06 62 21.8779 21 0.099456
1155 9.22337e+18 1.36919e+16 559604 63 20.7666 19 0.0918776
1156 1.47574e+20 4.21063e+17 2.13989e+06 67 21.8486 21 0.0958276
1157 4.61169e+18 7.73271e+15 294071 62 20.1025 18 0.0915848
1158 2.95148e+20 2.9878e+17 561264 68 20.9688 19 0.0939024
1159 3.68935e+19 7.22848e+16 4.24428e+06 65 23.3594 22 0.101908
1160 2.36118e+21 2.51797e+18 8.44485e+06 71 23.4717 23 0.099092
1161 6.04463e+23 5.90425e+20 3.36235e+07 79 24.8955 25 0.110675
1162 1.47574e+20 1.68788e+17 2.13494e+06 67 21.9268 21 0.107089
1163 2.30584e+18 1.13818e+16 8.44392e+06 61 23.3721 23 0.101001
1164 1.18059e+21 1.19354e+18 4.24126e+06 70 22.7197 22 0.100569
1165 1.84467e+19 5.82615e+16 3.36088e+07 64 24.876 25 0.107734
1166 7.3787e+19 1.65577e+17 1.68372e+07 66 25.3271 24 0.109554
1167 3.02231e+23 2.9642e+20 1.68182e+07 78 24.0098 24 0.109862
1168 1.84467e+19 5.05068e+16 1.68407e+07 64 24.8398 24 0.109818
1169 1.88895e+22 1.86199e+19 3.36182e+07 74 25.2588 25 0.110768
1170 4.72237e+21 4.74558e+18 1.34286e+08 72 25.8311 27 0.110793
1171 9.44473e+21 1.41052e+19 6.7181e+07 73 25.8379 26 0.111751
1172 4.72237e+21 4.91264e+18 6.71622e+07 72 25.0137 26 0.112729
1173 3.77789e+22 3.71594e+19 6.71705e+07 75 25.6504 26 0.110233
1174 1.88895e+22 2.03602e+19 3.36166e+07 74 24.9365 25 0.115509
1175 5.90296e+20 8.21328e+17 3.36067e+07 69 24.8047 25 0.120031
1176 1.47574e+20 3.5082e+17 2.14405e+06 67 22.958 21 0.103267
1177 4.72237e+21 9.38653e+18 2.13938e+06 72 22.9062 21 0.102147
1178 4.72237e+21 4.78425e+18 4.24207e+06 72 22.8232 22 0.100743
1179 2.36118e+21 2.3841e+18 3.36169e+07 71 24.5078 25 0.104475
1180 2.36118e+21 2.5349e+18 8.44693e+06 71 24.5342 23 0.103605
1181 4.72237e+21 4.96703e+18 3.36153e+07 72 25.1514 25 0.10649
1182 2.36118e+21 4.27085e+18 1.68253e+07 71 23.7559 24 0.107162
1183 7.55579e+22 7.68191e+19 2.13938e+06 76 23.5127 21 0.10765
1184 2.95148e+20 5.23732e+17 3.36014e+07 68 24.7275 25 0.108398
1185 5.90296e+20 1.37654e+18 556044 69 22.1377 19 0.108863
1186 9.44473e+21 1.2907e+19 560035 73 22.5186 19 0.0990501
1187 4.72237e+21 5.73792e+18 296391 72 21.3213 18 0.102959
1188 1.88895e+22 1.88541e+19 289735 74 20.998 18 0.100093
1189 5.90296e+20 1.6402e+18 12268.7 69 17.7295 11 0.0895243
1190 9.44473e+21 1.56312e+19 48804.7 73 20.0693 15 0.0875764
1191 2.36118e+21 3.27968e+18 563512 71 22.7119 19 0.100556
1192 1.88895e+22 2.71552e+19 90876.6 74 20.376 16 0.0976443
1193 6.04463e+23 5.96634e+20 14211.5 79 17.9746 11 0.0836697
1194 1.51116e+23 1.49777e+20 10488.7 77 16.959 10 0.0792563
1195 1.18059e+21 1.60056e+18 12597.1 70 17.0107 11 0.0771142
1196 4.72237e+21 5.34173e+18 17678.5 72 17.3975 12 0.0746622
1197 7.3787e+19 1.78378e+17 1.08519e+06 66 22.3594 20 0.0965402
1198 4.72237e+21 1.02857e+19 1.68281e+07 72 24.5498 24 0.103834
1199 2.36118e+21 4.17125e+18 1.68354e+07 71 24.667 24 0.106678
1200 2.36118e+21 2.64561e+18 6.71692e+07 71 25.5312 26 0.109622
1201 2.36118e+21 3.59681e+18 3.36182e+07 71 25.5322 25 0.107481
1202 2.95148e+20 7.88532e+17 294111 68 21.5117 18 0.105531
1203 3.02231e+23 2.96495e+20 291384 78 20.8574 18 0.095741
1204 4.72237e+21 7.90907e+18 21978.2 72 18.9297 13 0.0949093
1205 7.55579e+22 8.81287e+19 90810.3 76 20.1768 16 0.0945793
1206 6.04463e+23 1.18735e+21 19918.9 79 19.541 12 0.0920068
1207 9.44473e+21 1.59684e+19 14946.6 73 18.0967 11 0.0903195
1208 3.77789e+22 3.78657e+19 14557.8 75 17.6025 11 0.0879772
1209 3.02231e+23 3.00867e+20 12697.5 78 17.9199 10 0.089739
1210 1.51116e+23 1.57045e+20 9406.74 77 16.1562 9 0.0809937
1211 4.72237e+21 5.44873e+18 13491.8 72 17.165 11 0.084503
1212 4.72237e+21 6.30355e+18 9370.65 72 16.4287 9 0.075648
1213 1.88895e+22 3.27776e+19 9260.83 74 15.8545 9 0.0730125
1214 7.55579e+22 1.65214e+20 10286.2 76 16.6113 10 0.0764413
1215 9.44473e+21 1.07928e+19 6409.96 73 14.6484 8 0.0693647
1216 4.72237e+21 7.29171e+18 7104.48 72 14.6768 8 0.0693908
1217 4.8357e+24 4.79428e+21 10286.2 82 16.8203 10 0.0753553
1218 2.41785e+24 2.38988e+21 11768 81 17.8018 10 0.0795337
1219 3.77789e+22 4.17332e+19 15822.7 75 19.4336 11 0.0913467
1220 5.90296e+20 2.16445e+18 25021.4 69 18.4668 13 0.0831239
1221 2.36118e+21 4.8475e+18 12248 71 17.9365 11 0.0823011
1222 3.77789e+22 6.93668e+19 11914.1 75 17.1191 10 0.0796308
1223 7.55579e+22 7.86555e+19 12360.8 76 17.6191 10 0.0782484
1224 9.44473e+21 2.84091e+19 24361.5 73 18.7422 13 0.086974
1225 3.09485e+26 3.02532e+23 9382.71 88 16.0527 9 0.0770418
1226 7.92282e+28 7.73715e+25 17855.1 96 18.5986 12 0.0806256
1227 7.55579e+22 9.40293e+19 10421.6 76 16.2285 10 0.0716354
1228 7.55579e+22 1.04484e+20 12940.2 76 16.873 11 0.0736558
1229 1.20893e+24 1.30722e+21 9223.72 80 15.666 9 0.0705201
1230 1.88895e+22 3.93909e+19 11297.6 74 16.1182 10 0.069244
1231 7.55579e+22 7.52186e+19 11738.5 76 16.5928 10 0.0794561
1232 6.04463e+23 6.19149e+20 8378.58 79 14.332 9 0.0653881
1233 1.88895e+22 3.33174e+19 9098.28 74 14.4912 9 0.0735933
1234 9.44473e+21 1.28076e+19 18503.2 73 17.2949 12 0.0733362
1235 6.04463e+23 5.94417e+20 9882.15 79 14.7871 9 0.0719686
1236 3.02231e+23 3.21061e+20 11313.2 78 15.2744 10 0.0657698
1237 1.88895e+22 2.909e+19 8461.81 74 14.5566 9 0.0717251
1238 3.02231e+23 3.18548e+20 11467.5 78 16.0146 10 0.0727757
1239 1.51116e+23 1.57896e+20 19918.9 77 17.9297 12 0.0748831
1240 9.44473e+21 1.32167e+19 93545.5 73 19.6885 16 0.0841933
1241 4.72237e+21 1.37621e+19 18545.6 72 18.1738 12 0.087676
1242 3.77789e+22 5.67141e+19 13257.5 75 16.2998 11 0.0792558
1243 4.95176e+27 4.83612e+24 7206.2 92 15.2021 8 0.0718511
1244 1.18059e+21 2.41272e+18 13950.4 70 16.3652 11 0.0674034
1245 1.51116e+23 3.06956e+20 14824.4 77 16.6885 11 0.0728503
1246 3.02231e+23 3.02703e+20 17002.7 78 16.623 12 0.0713935
1247 1.88895e+22 2.77682e+19 27361.3 74 18.3594 13 0.0769169
1248 1.20893e+24 1.26226e+21 15404.3 80 17.5322 11 0.0762694
1249 1.18059e+21 2.73871e+18 10404.7 70 16.7188 10 0.0741543
1250 2.41785e+24 2.72354e+21 7716.16 81 15.5947 9 0.0705843
1251 4.72237e+21 9.31322e+18 8406.41 72 15.5371 9 0.0669825
1252 7.55579e+22 7.89059e+19 9008.92 76 15.2979 9 0.0688114
1253 3.77789e+22 4.59157e+19 12360.8 75 17.6611 10 0.0744166
1254 1.20893e+24 1.23102e+21 11885.1 80 17.8154 10 0.0778906
1255 3.77789e+22 5.21286e+19 15287.8 75 17.623 11 0.0738068
1256 1.18059e+21 3.12269e+18 12980.2 70 16.084 11 0.067995
1257 9.44473e+21 2.15042e+19 13646.2 73 16.2031 11 0.0694701
1258 3.02231e+23 3.04281e+20 19745.2 78 17.9834 12 0.0729446
1259 4.72237e+21 9.60664e+18 19350 72 17.6748 12 0.0729708
1260 1.88895e+22 2.71982e+19 24534.4 74 17.6787 13 0.0810079
1261 4.72237e+21 7.55065e+18 25915.9 72 18.251 13 0.0773236
1262 5.90296e+20 1.00773e+18 38361.6 69 18.8291 14 0.0783638
1263 1.88895e+22 2.36647e+19 27728.2 74 17.8691 13 0.0741553
1264 1.51116e+23 1.71113e+20 56549.7 77 18.5576 15 0.0736967
1265 1.51116e+23 1.51073e+20 15551.8 77 16.5195 11 0.0694186
1266 9.44473e+21 1.40244e+19 160939 73 19.1123 17 0.0784918
1267 2.36118e+21 2.68406e+18 92145.3 71 18.2373 16 0.078587
1268 3.68935e+19 7.31929e+16 154037 65 18.7773 17 0.0757386
1269 2.36118e+21 2.98073e+18 163731 71 19.1621 17 0.0778569
1270 7.55579e+22 1.10711e+20 90004.7 76 18.3193 16 0.0764238
1271 3.77789e+22 3.75776e+19 292499 75 19.8145 18 0.0785487
1272 2.36118e+21 4.20353e+18 94378.9 71 19.9951 16 0.0816078
1273 2.95148e+20 8.71382e+17 19822.7 68 17.8184 12 0.0849749
1274 5.90296e+20 9.17089e+17 25450.3 69 17.5557 13 0.0721988
1275 1.18059e+21 3.71046e+18 16388.3 70 17.3389 11 0.0708746
1276 4.72237e+21 5.24939e+18 26679 72 18.2266 13 0.0784128
1277 2.36118e+21 2.56908e+18 20727.4 71 17.3428 12 0.0766895
1278 5.90296e+20 6.29949e+17 15584.2 69 17.5713 11 0.074123
1279 9.44473e+21 1.40939e+19 56549.7 73 19.8096 15 0.0874581
1280 1.20893e+24 1.32992e+21 293069 80 20.7891 18 0.0847994
1281 2.36118e+21 4.02032e+18 298009 71 22.1445 18 0.0909005
1282 3.77789e+22 4.27064e+19 293833 75 20.2383 18 0.082844
1283 1.51116e+23 1.57705e+20 56888.7 77 20.4912 15 0.0837753
1284 1.54743e+26 1.52302e+23 38000.5 87 20.3398 14 0.0850007
1285 7.55579e+22 1.21882e+20 92620 76 20.5674 16 0.0856089
1286 1.23794e+27 1.20895e+24 26853 90 19.4062 13 0.0843106
1287 1.51116e+23 1.66661e+20 14771.6 77 18.3232 11 0.0789663
1288 2.41785e+24 2.43295e+21 12043 81 18.252 10 0.0795212
1289 7.55579e+22 1.58185e+20 11558.8 76 17.8574 10 0.0830047
1290 1.88895e+22 2.15121e+19 11203.7 74 16.7031 10 0.0789869
1291 1.51116e+23 1.60665e+20 10819.2 77 17.2598 10 0.0733278
1292 4.72237e+21 6.41018e+18 11061.1 72 15.6758 10 0.0729601
1293 1.51116e+23 1.51742e+20 10166.7 77 16.666 10 0.0727383
1294 1.47574e+20 3.32134e+17 8866.02 67 14.3945 9 0.0696252
1295 9.44473e+21 9.63218e+18 9466.31 73 14.8467 9 0.0637197
1296 2.36118e+21 3.83571e+18 11928.5 71 16.8281 10 0.0735895
1297 7.55579e+22 9.36026e+19 12480.2 76 17.9678 10 0.0766094
1298 5.90296e+20 9.74858e+17 19045.7 69 17.9561 12 0.0746992
1299 4.72237e+21 6.11164e+18 15050.2 72 17.7412 11 0.0738477
1300 3.77789e+22 3.90169e+19 9211.3 75 15.6816 9 0.0662531
1301 5.90296e+20 1.34734e+18 7790.14 69 15.8213 9 0.0735448
1302 1.88895e+22 2.17723e+19 7611.81 74 15.917 9 0.0685427
1303 4.72237e+21 7.00035e+18 7295.47 72 16.5176 8 0.0720253
1304 1.88895e+22 2.01025e+19 8447.99 74 17.1543 9 0.0779909
1305 3.02231e+23 3.63636e+20 9072.88 78 18.0039 9 0.0778571
1306 2.41785e+24 2.41132e+21 12400.9 81 18.9092 10 0.0855013
1307 1.20893e+24 1.35236e+21 14211.5 80 20.0244 11 0.0827756
1308 4.8357e+24 4.7468e+21 11543.6 82 18.376 10 0.0814697
1309 4.72237e+21 8.4388e+18 8406.41 72 17.2744 9 0.0785911
1310 1.18059e+21 2.22322e+18 11359.7 70 17.626 10 0.0735495
1311 3.77789e+22 4.01482e+19 7186.07 75 16.1045 8 0.0721392
1312 9.44473e+21 1.52517e+19 2570.86 73 12.6367 5 0.065079
1313 4.72237e+21 1.23286e+19 7000.23 72 16.0996 8 0.0716268
1314 1.88895e+22 2.15295e+19 9186.37 74 16.6934 9 0.0727952
1315 9.44473e+21 2.35586e+19 8706.8 73 16.5166 9 0.0705349
1316 1.51116e+23 1.50793e+20 5663.49 77 15.3125 8 0.0722259
1317 7.55579e+22 8.86428e+19 7104.48 76 16.2217 8 0.0705524
1318 2.36118e+21 4.87345e+18 8679.94 71 17.0039 9 0.0742606
1319 6.04463e+23 5.93367e+20 5406.59 79 15.5752 7 0.0692907
1320 4.72237e+21 1.21697e+19 11604.1 72 17.7959 10 0.0771372
1321 2.36118e+21 2.51916e+18 8266.41 71 15.6865 9 0.0712324
1322 3.68935e+19 5.618e+16 7031.77 65 14.9238 8 0.0711611
1323 1.18059e+21 2.04846e+18 8733.57 70 16.1885 9 0.0689632
1324 4.8357e+24 4.74664e+21 9148.78 82 16.7686 9 0.0736043
1325 1.51116e+23 1.48792e+20 11219.4 77 16.5439 10 0.0714903
1326 4.72237e+21 7.10131e+18 11812.1 72 16.252 10 0.0717434
1327 9.67141e+24 9.5317e+21 7557.96 83 15.3613 8 0.0685593
1328 1.18059e+21 1.44939e+18 8905.29 70 15.0156 9 0.0670332
1329 3.77789e+22 4.7158e+19 9148.78 75 16.4688 9 0.0742059
1330 2.41785e+24 2.38168e+21 7439.11 81 14.4727 8 0.0639123
1331 3.02231e+23 3.01042e+20 7372.91 78 15.3838 8 0.0685751
1332 3.77789e+22 4.34201e+19 7575.75 75 15.5918 8 0.066924
1333 1.88895e+22 2.716e+19 6304.01 74 14.8506 8 0.0688634
1334 1.88895e+22 3.47146e+19 7334.42 74 15.0869 8 0.0684773
1335 9.44473e+21 1.07495e+19 7165.83 73 13.8037 8 0.0625008
1336 2.95148e+20 7.97215e+17 8786.83 68 15.1162 9 0.064669
1337 2.36118e+21 4.1712e+18 6947.2 71 13.7012 8 0.0612831
1338 3.77789e+22 3.93992e+19 6871.97 75 13.4141 8 0.0561025
1339 1.88895e+22 2.43685e+19 11604.1 74 16.043 10 0.0684906
1340 1.20893e+24 1.19536e+21 7372.91 80 14.6709 8 0.0666297
1341 9.44473e+21 1.73858e+19 6208.56 73 13.6885 8 0.0593572
1342 4.8357e+24 4.72401e+21 7196.15 82 14.8037 8 0.0617185
1343 4.8357e+24 4.72548e+21 9303.11 82 15.2148 10 0.0641035
1344 7.55579e+22 1.31996e+20 11232.3 76 17.623 11 0.0768063
1345 1.9807e+28 1.93618e+25 11528.4 94 17.4229 10 0.0726276
1346 1.20893e+24 1.23237e+21 14718.5 80 18.0312 11 0.0785986
1347 1.88895e+22 3.0485e+19 9796.23 74 17.8857 9 0.0819997
1348 1.9807e+28 1.93814e+25 15033 94 19.2139 11 0.0824264
1349 6.04463e+23 6.92409e+20 14539.8 79 18.332 11 0.0850297
1350 7.73713e+25 7.82879e+22 27340.6 86 21.1484 13 0.0880742
1351 1.20893e+24 1.56645e+21 57605.7 80 21.5215 15 0.0938226
1352 1.51116e+23 3.57648e+20 37829.2 77 20.4932 14 0.0947168
1353 1.88895e+22 3.57713e+19 35539.5 74 20.2686 14 0.0913116
1354 4.72237e+21 1.08125e+19 11971.7 72 17.7422 10 0.0826348
1355 1.51116e+23 1.70876e+20 13472.4 77 17.0312 11 0.0734268
1356 6.04463e+23 8.93905e+20 15152.8 79 18.8877 11 0.0807973
1357 7.55579e+22 2.19401e+20 17920.9 76 20.499 12 0.0929608
1358 3.02231e+23 3.63526e+20 10011.6 78 18.1777 10 0.0827704
1359 6.04463e+23 7.07738e+20 8406.41 79 17.166 9 0.085059
1360 1.51116e+23 2.54574e+20 11093 77 18.4912 10 0.0936302
1361 7.55579e+22 1.4054e+20 7324.72 76 16.792 8 0.0776844
1362 9.44473e+21 3.66943e+19 9454.45 73 18.2998 9 0.0835597
1363 3.02231e+23 4.10287e+20 9085.59 78 16.917 9 0.0875116
1364 4.8357e+24 4.73819e+21 9358.56 82 17.6621 9 0.084279
1365 1.51116e+23 2.2415e+20 6915.1 77 15.9824 8 0.0716268
1366 2.47588e+27 2.42037e+24 7196.15 91 15.4053 8 0.0763836
1367 1.51116e+23 3.15046e+20 8336.67 77 15.7422 9 0.0699466
1368 4.8357e+24 4.77505e+21 9223.72 82 15.7891 9 0.0671843
1369 1.23794e+27 1.20916e+24 6882.78 90 15.6074 8 0.0699941
1370 3.77789e+22 1.32337e+20 6583.03 75 15.251 8 0.0705617
1371 6.04463e+23 9.10528e+20 6421.63 79 14.3691 8 0.063687
1372 1.88895e+22 7.61626e+19 7265.96 74 15.4873 8 0.0720317
1373 1.23794e+27 1.81476e+24 7073.47 90 15.4619 8 0.0716497
1374 6.04463e+23 5.98545e+20 7315 79 15.3115 8 0.0683659
1375 2.41785e+24 2.43406e+21 11029.2 81 17.0322 10 0.0737385
1376 9.44473e+21 2.17716e+19 7010.77 73 16.0049 8 0.0695083
1377 1.20893e+24 1.34725e+21 8957.3 80 15.3057 9 0.0678292
1378 1.18059e+21 1.87544e+18 8585.21 70 15.2754 9 0.0661998
1379 2.36118e+21 2.8452e+18 9322.12 71 16.6016 9 0.0694043
1380 2.36118e+21 7.21012e+18 9334.3 71 16.8359 9 0.0694415
1381 9.44473e+21 1.42908e+19 10421.6 73 16.4756 10 0.0726449
1382 4.72237e+21 9.53693e+18 11156.4 72 17.8496 10 0.0751479
1383 1.88895e+22 2.64271e+19 11753.3 74 17.0742 10 0.0731554
1384 1.20893e+24 1.3481e+21 13837 80 17.8086 11 0.0772956
1385 7.55579e+22 1.14775e+20 11664.1 76 16.9072 10 0.0835238
1386 1.20893e+24 1.3538e+21 14503.8 80 17.3994 11 0.0808672
1387 9.67141e+24 1.01439e+22 9382.71 83 16.3496 9 0.075227
1388 1.88895e+22 6.29723e+19 9548.43 74 16.6426 9 0.076356
1389 1.88895e+22 5.72295e+19 9136.19 74 15.9824 9 0.0798454
1390 1.20893e+24 1.89601e+21 9273.14 80 16.6553 9 0.0769878
1391 1.20893e+24 1.90332e+21 11797.5 80 17.833 10 0.0762014
1392 9.67141e+24 1.21509e+22 11421.5 83 16.7803 10 0.0816327
1393 1.51116e+23 2.13058e+20 12141.5 77 17.6475 10 0.0758711
1394 7.73713e+25 7.91229e+22 11375.2 86 16.29 10 0.0726518
1395 6.04463e+23 7.55449e+20 10387.9 79 15.0215 10 0.0661907
1396 6.1897e+26 6.06877e+23 9560.04 89 15.6357 9 0.0728435
1397 9.67141e+24 9.4589e+21 8598.81 83 14.6104 9 0.0697476
1398 4.8357e+24 4.78067e+21 9560.04 82 15.9941 9 0.0744844
1399 6.1897e+26 6.0511e+23 8625.94 89 14.2256 9 0.0644466
1400 4.8357e+24 4.84417e+21 10371 82 15.3545 10 0.0641596
1401 4.95176e+27 5.06245e+24 10688.1 92 16.0654 10 0.0686374
1402 2.41785e+24 3.64539e+21 11436.8 81 16.3428 10 0.0684471
1403 7.73713e+25 7.56799e+22 9322.12 86 16.2148 9 0.0745482
1404 6.1897e+26 6.05164e+23 6063.21 89 14.3848 8 0.0687208
1405 6.1897e+26 9.19377e+23 5609.03 89 15.5547 7 0.0707242
1406 1.20893e+24 1.41973e+21 8892.22 80 15.7627 9 0.0706392
1407 7.92282e+28 7.73761e+25 8152.93 96 15.2627 9 0.0718321
1408 3.86856e+25 3.91677e+22 5681.8 85 13.8418 7 0.0633321
1409 1.54743e+26 1.5122e+23 4954.15 87 12.3857 7 0.0617598
1410 4.8357e+24 5.3457e+21 4046.07 82 13.2598 6 0.0588796
1411 1.9807e+28 1.93434e+25 7494.65 94 15.208 8 0.0716527
1412 1.23794e+27 1.52081e+24 8773.55 90 15.5889 9 0.0698099
1413 1.23794e+27 1.81615e+24 6817.54 90 13.9209 8 0.0615739
1414 3.09485e+26 3.02721e+23 5438.88 88 14.0684 7 0.0638282
1415 1.93428e+25 1.98269e+22 6594.41 84 14.8389 8 0.0729528
1416 7.55579e+22 1.93327e+20 5977.25 76 14.4941 8 0.0629788
1417 3.86856e+25 4.04351e+22 6936.52 85 15.0459 8 0.0706374
1418 9.90352e+27 9.69548e+24 7083.83 93 15.4092 8 0.068737
1419 6.1897e+26 6.25584e+23 7878.31 89 16.4863 9 0.0732667
1420 2.41785e+24 5.11586e+21 7073.47 81 16.083 8 0.0724178
1421 2.41785e+24 5.13395e+21 5486.57 81 15.1953 7 0.0658955
1422 9.90352e+27 9.82262e+24 5676.24 93 14.8516 8 0.0669484
1423 2.41785e+24 2.5264e+21 5414.7 81 14.9961 7 0.064024
1424 7.73713e+25 7.56574e+22 4040.28 86 12.791 6 0.0567866
1425 3.86856e+25 7.81748e+22 6468.14 85 15.0293 8 0.0693629
1426 3.09485e+26 3.40276e+23 5365.67 88 14.8506 7 0.0689225
1427 4.95176e+27 7.25486e+24 4480.86 92 13.9346 7 0.0675566
1428 7.92282e+28 7.99431e+25 5018.29 96 12.8477 7 0.0656156
1429 4.8357e+24 9.7199e+21 5081.49 82 12.9199 7 0.0581197
1430 6.1897e+26 7.55931e+23 4708.09 89 12.3369 7 0.0600424
1431 2.41785e+24 2.53652e+21 3968.82 81 12.3242 6 0.0568126
1432 4.72237e+21 1.06443e+19 5902.9 72 12.4961 8 0.0593434
1433 1.51116e+23 2.24201e+20 5009.19 77 12.543 7 0.0541289
1434 3.02231e+23 3.48565e+20 5486.57 78 12.9707 7 0.0568166
1435 6.04463e+23 6.40908e+20 6871.97 79 15.0811 8 0.0683865
1436 1.93428e+25 1.88946e+22 5752.38 84 13.4766 8 0.0743043
1437 1.20893e+24 1.31323e+21 7246.15 80 15.0586 8 0.0649781
1438 1.20893e+24 3.25806e+21 6628.42 80 14.5547 8 0.0665232
1439 6.1897e+26 6.04515e+23 5222.21 89 12.3525 7 0.0543297
1440 1.93428e+25 3.31828e+22 7324.72 84 15.0068 8 0.0640679
1441 1.51116e+23 3.02582e+20 6571.63 77 13.0254 8 0.0561773
1442 9.44473e+21 2.007e+19 6729.32 73 13.7178 8 0.060382
1443 9.44473e+21 2.8152e+19 6957.85 73 13.6533 8 0.0570947
1444 1.93428e+25 2.00824e+22 5631.18 84 12.7803 7 0.0528373
1445 3.02231e+23 3.80948e+20 6268.36 78 13.0703 8 0.0586508
1446 3.77789e+22 4.7836e+19 7042.23 75 13.4541 8 0.061373
1447 2.36118e+21 6.36004e+18 10505.5 71 14.6035 10 0.0643431
1448 9.44473e+21 1.03061e+19 9819.84 73 14.2471 10 0.0601983
1449 1.20893e+24 1.18826e+21 15135.8 80 15.8994 11 0.0688565
1450 9.44473e+21 1.76396e+19 11140.6 73 15.7324 10 0.0653248
1451 1.20893e+24 1.21098e+21 7745.53 80 14.4668 8 0.071453
1452 4.72237e+21 1.37059e+19 7485.47 72 13.0244 8 0.0626139
1453 9.44473e+21 1.58202e+19 9034.58 73 14.2295 9 0.0640016
1454 4.72237e+21 5.2621e+18 5631.18 72 11.8867 7 0.0533794
1455 2.36118e+21 7.71394e+18 7315 71 13.2451 8 0.0577785
1456 3.02231e+23 3.00632e+20 7165.83 78 13.3682 8 0.0572014
1457 7.55579e+22 9.32429e+19 7745.81 76 14.6885 9 0.0742403
1458 3.77789e+22 6.29068e+19 6751.5 75 13.334 8 0.0588728
1459 3.02231e+23 3.3604e+20 5616.45 78 12.6387 7 0.055283
1460 1.51116e+23 3.02277e+20 7165.83 77 13.2256 8 0.0543696
1461 9.44473e+21 1.71825e+19 8612.39 73 14.833 9 0.0662672
1462 1.93428e+25 1.91148e+22 6828.47 84 14.3135 8 0.0624641
1463 9.44473e+21 1.69706e+19 7186.07 73 14.7295 8 0.0663856
1464 2.36118e+21 1.22714e+19 6828.47 71 13.6523 8 0.0587331
1465 3.77789e+22 5.04236e+19 7135.27 75 14.5596 8 0.0653473
1466 3.02231e+23 3.33403e+20 9060.14 78 15.2607 9 0.0663148
1467 7.73713e+25 7.57252e+22 8544.27 86 16.0049 9 0.0686717
1468 1.88895e+22 3.95885e+19 4669.19 74 13.6211 7 0.0611755
1469 7.55579e+22 9.67292e+19 5964.9 76 14.0811 8 0.0622215
1470 6.04463e+23 6.66872e+20 5382.11 79 12.4297 7 0.0541478
1471 9.44473e+21 1.7533e+19 6468.14 73 12.7178 8 0.0608988
1472 1.47574e+20 4.0818e+17 4870.34 67 12.374 7 0.0586307
1473 7.55579e+22 8.66059e+19 6628.42 76 13.6572 8 0.0623952
1474 3.77789e+22 4.93713e+19 7165.83 75 13.8096 8 0.0629123
1475 1.9807e+28 1.93428e+25 8931.34 94 15.7168 9 0.0685674
1476 3.77789e+22 7.85033e+19 6936.52 75 14.2607 8 0.0643934
1477 1.88895e+22 2.19827e+19 7285.66 74 14.9746 8 0.0742217
1478 7.92282e+28 7.73713e+25 6244.5 96 14.7314 8 0.0649229
1479 7.73713e+25 7.62405e+22 8866.02 86 16.5127 9 0.0720252
1480 1.93428e+25 1.92546e+22 12000.3 84 18.8008 10 0.0831507
1481 1.20893e+24 2.14217e+21 9236.12 80 16.8359 9 0.0782185
1482 9.67141e+24 1.45487e+22 8322.66 83 16.707 9 0.0757352
1483 1.20893e+24 1.29187e+21 9807.1 80 17.5459 9 0.0784667
1484 6.1897e+26 6.09886e+23 11467.5 89 17.6074 10 0.0760912
1485 9.67141e+24 1.02647e+22 11604.1 83 18.3105 10 0.0843633
1486 2.41785e+24 2.68061e+21 10688.1 81 17.9229 10 0.0768561
1487 1.51116e+23 2.96014e+20 9198.85 77 17.9619 9 0.0827239
1488 1.88895e+22 8.54314e+19 11619.1 74 18.0117 10 0.0815077
1489 1.93428e+25 1.88975e+22 9454.45 84 17.2451 9 0.0791433
1490 1.20893e+24 1.23827e+21 9236.12 80 16.5527 9 0.0781583
1491 4.72237e+21 1.06879e+19 7246.15 72 15.9229 8 0.0746388
1492 7.55579e+22 1.35803e+20 5609.03 76 14.4355 7 0.0716915
1493 1.51116e+23 1.65097e+20 6339.5 77 14.4102 8 0.0643474
1494 7.55579e+22 7.38938e+19 7175.96 76 15.3887 8 0.066869
1495 3.77789e+22 3.94287e+19 9828.73 75 17.8359 9 0.0803905
1496 2.36118e+21 3.99769e+18 7315 71 16.5557 8 0.0740951
1497 1.51116e+23 1.51914e+20 9478.13 77 17.6367 9 0.0782975
1498 1.51116e+23 1.5202e+20 6882.78 77 15.5928 8 0.0673017
1499 5.90296e+20 1.15434e+18 9640.4 69 17.041 9 0.0721795
