151.154
0 435.149 9.33157 4 2 0.0419922 0 0.00476939
1 115.282 8.99535 4 1 0.0439453 0 0.00448572
2 112.44 8.36612 5 1 0.0380859 0 0.00443834
3 111.937 8.97762 5 1 0.0439453 0 0.00438749
4 434.954 8.97965 5 2 0.0371094 0 0.0045152
5 435.117 9.65153 5 2 0.0439453 0 0.00446298
6 435.053 9.02593 5 2 0.0400391 0 0.00446216
7 111.425 8.66026 5 1 0.0361328 0 0.0044624
8 435.149 11.6501 5 2 0.0595703 0 0.00455741
9 434.954 11.0194 5 2 0.0566406 0 0.00453586
10 1008.92 11.2118 5 3 0.0478516 0 0.0045921
11 435.117 11.1982 5 2 0.0566406 0 0.00470062
12 435.053 10.4849 6 2 0.046875 0 0.00472342
13 435.151 11.9051 6 2 0.0585938 0 0.00459272
14 435.076 10.1954 6 2 0.0419922 0 0.00464835
15 112.44 10.6656 6 1 0.0498047 0 0.00474818
16 435.149 9.31467 6 2 0.0371094 0 0.00450389
17 435.117 12.3147 6 2 0.0605469 0 0.00473363
18 435.149 12.2466 6 2 0.0634766 0 0.00467784
19 435 11.6656 6 2 0.0576172 0 0.00453028
20 435.149 10.278 6 2 0.0419922 0 0.00459796
21 435.117 11.0216 6 2 0.0517578 0 0.00469673
22 434.818 12.6379 6 2 0.0605469 0 0.00469538
23 435.151 13.4271 6 2 0.0605469 0 0.00477897
24 435.053 12.2955 6 2 0.0546875 0 0.00475503
25 435.151 13.5108 6 2 0.0576172 0 0.00480999
26 434.412 13.1981 6 2 0.0605469 0 0.00484293
27 435.151 14.4049 6 2 0.0673828 0 0.00479254
28 434.954 15.3065 6 2 0.0742188 0 0.00505401
29 435 15.941 6 2 0.0644531 0 0.00549882
30 435.117 18.2882 7 2 0.0771484 0 0.00552732
31 435.149 20.9075 7 2 0.0908203 0 0.00549245
32 998.128 24.7682 8 3 0.0732422 0 0.00630558
33 435.151 30.2852 8 2 0.0751953 0 0.007054
34 435.149 35.3117 9 2 0.0810547 0 0.00800161
35 1002.23 46.613 11 3 0.106445 0 0.00874634
36 435.151 50.5746 14 2 0.09375 0 0.00991907
37 435.151 64.2451 101 2 0.114258 0 0.0113585
38 1004.99 66.5513 101 3 0.0771484 0 0.0129062
39 998.128 69.0805 101 3 0.103516 0 0.0130386
40 435.151 71.4402 101 2 0.0986328 0 0.0137886
41 1007.46 72.6569 101 3 0.0888672 0 0.013687
42 435.151 70.5265 101 2 0.0986328 0 0.0135973
43 435.127 74.1314 101 2 0.0888672 0 0.0136419
44 435.151 72.464 101 2 0.0732422 0 0.0137809
45 434.818 71.7214 101 2 0.0791016 0 0.0140179
46 435.149 72.7665 101 2 0.0898438 0 0.0137113
47 1795.76 74.5321 101 4 0.0791016 0 0.013649
48 1007.46 73.6994 101 3 0.0751953 0 0.0138122
49 999.194 76.9311 101 3 0.0878906 0 0.0140639
50 435.151 72.1747 101 2 0.0742188 0 0.0141451
51 435.149 72.8983 101 2 0.0820312 0 0.0147844
52 1009.59 73.3804 101 3 0.0732422 0 0.0145174
53 988.72 76.714 101 3 0.0800781 0 0.0142836
54 435.151 75.8554 101 2 0.0859375 0 0.0142129
55 953.029 77.4545 101 3 0.0839844 0 0.0146321
56 435.149 75.4874 101 2 0.0869141 0 0.0145369
57 1008.92 80.9915 101 3 0.0996094 0 0.0149318
58 1010.79 77.7543 101 3 0.0957031 0 0.0138188
59 435.151 79.8455 101 2 0.0898438 0 0.0142803
60 435.151 81.2961 101 2 0.0957031 0 0.0145984
61 1004.1 77.4564 101 3 0.0751953 0 0.0143993
62 435.151 77.2631 101 2 0.078125 0 0.0142546
63 435.151 78.0204 101 2 0.0849609 0 0.015008
64 1002.23 85.3089 101 3 0.107422 0 0.0151157
65 1001.24 81.6952 101 3 0.0878906 0 0.0153755
66 998.128 76.9606 101 3 0.0908203 0 0.0146665
67 435.149 83.0497 101 2 0.0957031 0 0.0151912
68 434.476 76.6634 101 2 0.0888672 0 0.0143215
69 435.127 81.6551 101 2 0.0800781 0 0.0148978
70 435.117 82.1802 101 2 0.0966797 0 0.0149566
71 953.029 82.0697 101 3 0.0810547 0 0.0153187
72 435.151 84.329 101 2 0.0898438 0 0.0155005
73 435 83.4603 101 2 0.0869141 0 0.0152245
74 435.127 85.5151 101 2 0.0966797 0 0.0149049
75 434.954 81.8881 101 2 0.0683594 0 0.0152663
76 949.639 83.0614 101 3 0.0761719 0 0.0149866
77 435.149 82.6074 101 2 0.0810547 0 0.0154451
78 1702.88 84.4953 101 4 0.0878906 0 0.0156764
79 435.149 80.4238 101 2 0.0625 0 0.0156413
80 1011.31 85.7011 101 3 0.0898438 0 0.0152192
81 1837.92 84.5089 101 4 0.0791016 0 0.0159647
82 435.149 83.0995 101 2 0.0664062 0 0.015767
83 976.512 83.507 101 3 0.0742188 0 0.0156465
84 435.151 81.1193 101 2 0.0615234 0 0.0151051
85 435.151 84.1277 101 2 0.0664062 0 0.0158144
86 1000.23 82.102 101 3 0.0625 0 0.0161135
87 435.149 84.7107 101 2 0.101562 0 0.0152819
88 435.151 83.1561 101 2 0.0722656 0 0.0158452
89 435.076 83.7789 101 2 0.0878906 0 0.0155238
90 435.149 82.9559 101 2 0.0732422 0 0.0158736
91 435.127 80.0527 101 2 0.0703125 0 0.0159058
92 435.149 82.8858 101 2 0.0810547 0 0.0158231
93 939.138 83.9618 101 3 0.078125 0 0.015568
94 1827.51 84.789 101 4 0.0839844 0 0.0155363
95 435.127 82.3457 101 2 0.0664062 0 0.0152947
96 1008.21 84.3894 101 3 0.0683594 0 0.0158886
97 435.151 82.8785 101 2 0.0625 0 0.0158703
98 1005.85 86.8609 101 3 0.0683594 0 0.0159835
99 1003.18 88.6173 101 3 0.0878906 0 0.0159361
100 1006.68 85.462 101 3 0.078125 0 0.015574
101 435.117 83.5917 101 2 0.0595703 0 0.0160738
102 1011.78 87.0026 101 3 0.0791016 0 0.0162587
103 435.151 82.8342 101 2 0.0761719 0 0.0160445
104 435.076 87.1216 101 2 0.0654297 0 0.0169214
105 435.151 87.2379 101 2 0.0908203 0 0.0165431
106 1000.23 90.6327 101 3 0.0888672 0 0.0162956
107 435.127 85.4852 101 2 0.0742188 0 0.0161021
108 435.151 86.1704 101 2 0.0673828 0 0.0163446
109 435.149 89.1847 101 2 0.078125 0 0.0162681
110 1607.34 87.3495 101 4 0.0957031 0 0.0160758
111 823.846 85.9168 101 3 0.0800781 0 0.0161095
112 1771.04 88.0258 101 4 0.0703125 0 0.0161771
113 995.918 87.1397 101 3 0.0556641 0 0.0162531
114 435.149 90.4382 101 2 0.0830078 0 0.0163327
115 1000.23 85.3874 101 3 0.0683594 0 0.0164126
116 1002.23 87.8707 101 3 0.0712891 0 0.0160855
117 435.076 84.6999 101 2 0.0615234 0 0.0167814
118 435.127 87.2205 101 2 0.0830078 0 0.015993
119 982.131 87.7079 101 3 0.0761719 0 0.0165798
120 435.149 89.5006 101 2 0.0761719 0 0.0163738
121 1010.79 88.3687 101 3 0.0732422 0 0.0163805
122 975.061 85.2926 101 3 0.0654297 0 0.0160729
123 434.781 85.5995 101 2 0.0585938 0 0.0161038
124 1010.79 88.0333 101 3 0.0791016 0 0.0160844
125 435.151 88.2206 101 2 0.0732422 0 0.0166486
126 1007.46 86.9761 101 3 0.0732422 0 0.0162788
127 434.902 88.4753 101 2 0.0751953 0 0.0163569
128 435 87.2578 101 2 0.0673828 0 0.016687
129 1007.46 91.6807 101 3 0.0888672 0 0.0165414
130 975.061 87.7052 101 3 0.0751953 0 0.0162185
131 1005.85 87.6499 101 3 0.078125 0 0.0159159
132 435.149 87.5002 101 2 0.0703125 0 0.0160846
133 435.117 89.612 101 2 0.0761719 0 0.0167773
134 435.149 88.9096 101 2 0.0800781 0 0.0160907
135 997.036 89.0216 101 3 0.0869141 0 0.0158763
136 435.076 89.5942 101 2 0.0849609 0 0.0162909
137 2145.67 92.3048 101 5 0.0830078 0 0.0167696
138 995.918 92.4283 101 3 0.0966797 0 0.016262
139 1004.99 89.8637 101 3 0.0791016 0 0.0164591
140 435.151 89.3441 101 2 0.0722656 0 0.016592
141 989.976 89.3628 101 3 0.0742188 0 0.0159728
142 435.127 92.37 101 2 0.0751953 0 0.0165082
143 997.036 89.7395 101 3 0.0732422 0 0.0164938
144 988.72 90.0381 101 3 0.0771484 0 0.0165196
145 1003.18 93.2917 101 3 0.0898438 0 0.0168264
146 434.954 91.5373 101 2 0.0869141 0 0.0169076
147 434.954 89.9187 101 2 0.0947266 0 0.0169209
148 1008.21 88.27 101 3 0.0673828 0 0.0164154
149 435.151 89.1822 101 2 0.0751953 0 0.0166809
150 435.149 93.9223 101 2 0.0859375 0 0.0167089
151 435.076 89.0526 101 2 0.0664062 0 0.01659
152 953.029 94.9352 101 3 0.09375 0 0.0170394
153 2815.31 94.3426 101 5 0.0830078 0 0.0163991
154 435.117 89.4753 101 2 0.0605469 0 0.0171231
155 435.127 92.5811 101 2 0.0830078 0 0.0165311
156 435.117 90.2932 101 2 0.0791016 0 0.0162916
157 434.129 92.0453 101 2 0.0644531 0 0.0169061
158 1010.21 93.4748 101 3 0.0878906 0 0.0170545
159 434.954 90.5757 101 2 0.0625 0 0.0170189
160 1469.09 91.5944 101 4 0.0761719 0 0.0165737
161 840.162 92.3027 101 3 0.0800781 0 0.0169698
162 986.145 94.0148 101 3 0.0888672 0 0.0169125
163 435.151 92.1656 101 2 0.0830078 0 0.0171187
164 992.422 90.2955 101 3 0.0800781 0 0.0167821
165 977.944 91.695 101 3 0.0976562 0 0.0169618
166 991.21 91.4123 101 3 0.0820312 0 0.0167914
167 435.076 90.0825 101 2 0.0810547 0 0.0172528
168 1802.66 91.843 101 4 0.0771484 0 0.0164893
169 1002.23 91.4272 101 3 0.0791016 0 0.0166345
170 435.151 92.8805 101 2 0.0761719 0 0.0170586
171 997.036 93.3656 101 3 0.0839844 0 0.0171856
172 435.149 91.2418 101 2 0.0839844 0 0.0168025
173 1012.18 95.4321 101 3 0.111328 0 0.0170919
174 869.3 93.3721 101 3 0.0761719 0 0.016728
175 435.127 92.2881 101 2 0.0820312 0 0.0166297
176 435.151 93.1143 101 2 0.0898438 0 0.0168112
177 910.884 95.4298 101 3 0.123047 0 0.0165499
178 741.585 93.4161 101 3 0.0888672 0 0.0168204
179 435.076 92.1349 101 2 0.0849609 0 0.0165927
180 435.117 91.8559 101 2 0.0869141 0 0.0166209
181 1508.05 96.3927 101 4 0.0966797 0 0.017124
182 435.149 91.5449 101 2 0.0761719 0 0.0165031
183 759.728 92.3601 101 3 0.0917969 0 0.0167905
184 1005.85 94.9335 101 3 0.109375 0 0.0174014
185 993.611 93.9361 101 3 0.0927734 0 0.016927
186 435.151 92.2809 101 2 0.0869141 0 0.0165722
187 435.117 90.7639 101 2 0.0751953 0 0.0165266
188 435.117 90.054 101 2 0.0732422 0 0.0168926
189 999.194 94.3651 101 3 0.0771484 0 0.0167097
190 987.443 92.088 101 3 0.0751953 0 0.0171478
191 1009.59 94.3519 101 3 0.0830078 0 0.0166446
192 435.117 89.1803 101 2 0.0917969 0 0.0162054
193 435 92.1904 101 2 0.0839844 0 0.0166337
194 1005.85 93.3271 101 3 0.0830078 0 0.0170524
195 435 92.5514 101 2 0.0869141 0 0.0166656
196 435.117 95.8889 101 2 0.102539 0 0.016979
197 998.128 93.7825 101 3 0.0947266 0 0.0167945
198 1005.85 95.5887 101 3 0.110352 0 0.0167228
199 1010.21 94.6246 101 3 0.102539 0 0.0168734
200 1776.18 95.8845 101 4 0.110352 0 0.0167179
201 435.149 97.3549 101 2 0.113281 0 0.0170194
202 1004.1 96.4294 101 3 0.115234 0 0.0167879
203 435.151 94.1543 101 2 0.0878906 0 0.0170824
204 1003.18 94.8284 101 3 0.100586 0 0.0164898
205 2731.9 95.2158 101 5 0.111328 0 0.0167757
206 435.117 91.8098 101 2 0.112305 0 0.0166377
207 1776.18 95.9945 101 4 0.112305 0 0.0164522
208 435.151 92.4636 101 2 0.103516 0 0.0168085
209 969.087 94.7343 101 3 0.120117 0 0.0165379
210 982.131 95.6372 101 3 0.109375 0 0.0168304
211 435.053 93.705 101 2 0.116211 0 0.016859
212 435.151 90.9081 101 2 0.0878906 0 0.0159986
213 1008.21 97.4251 101 3 0.125 0 0.0168782
214 959.636 95.5821 101 3 0.131836 0 0.016324
215 998.128 96.5667 101 3 0.102539 0 0.0164896
216 995.918 95.7953 101 3 0.116211 0 0.0171228
217 986.145 90.8165 101 3 0.0976562 0 0.0166095
218 435.151 93.9006 101 2 0.0947266 0 0.0172987
219 1693.6 99.7212 101 4 0.116211 0 0.0169756
220 982.131 94.1467 101 3 0.125 0 0.0166396
221 435.053 94.2477 101 2 0.0976562 0 0.0166328
222 1545.87 95.088 101 4 0.121094 0 0.0167281
223 966 97.9362 101 3 0.126953 0 0.0164616
224 435.151 94.5302 101 2 0.123047 0 0.0161762
225 1004.99 93.3929 101 3 0.111328 0 0.0162823
226 1009.59 96.1155 101 3 0.118164 0 0.0167461
227 1545.87 96.2493 101 4 0.121094 0 0.0163477
228 992.422 96.3834 101 3 0.131836 0 0.0162966
229 1011.31 95.8993 101 3 0.136719 0 0.0167549
230 4057.57 102.588 101 6 0.132812 0 0.0168897
231 1755.09 100.175 101 4 0.147461 0 0.0166711
232 1530.88 100.126 101 4 0.148438 0 0.0171287
233 1004.1 97.6571 101 3 0.15918 0 0.016177
234 1802.66 108.187 101 4 0.199219 0 0.0164904
235 933.708 98.7325 101 3 0.166992 0 0.0167137
236 1795.76 104.321 101 4 0.195312 0 0.0160904
237 1449.19 103.203 101 4 0.204102 0 0.01593
238 1732.64 100.239 101 4 0.202148 0 0.0156091
239 1542.14 99.674 101 4 0.181641 0 0.015582
240 995.918 96.3423 101 3 0.181641 0 0.0159514
241 2795.37 107.539 101 5 0.208008 0 0.015853
242 1011.78 95.3481 101 3 0.18457 0 0.0157273
243 1009.59 102.69 101 3 0.200195 0 0.0161049
244 2787.22 100.95 101 5 0.200195 0 0.0155079
245 1783.71 111.742 101 4 0.244141 0 0.0160353
246 1793.4 109.353 101 4 0.233398 0 0.0158893
247 2723.05 104.828 101 5 0.222656 0 0.0156085
248 1760.49 109.08 101 4 0.242188 0 0.0158542
249 1741.21 111.632 101 4 0.254883 0 0.0167725
250 1776.18 105.744 101 4 0.25293 0 0.015883
251 1776.18 111.214 101 4 0.283203 0 0.0154983
252 2658.83 106.261 101 5 0.271484 0 0.0156996
253 1807.12 113.641 101 4 0.314453 0 0.0148407
254 2691.43 124.46 101 5 0.342773 0 0.015038
255 7716.16 127.735 101 9 0.347656 0 0.0149228
256 2834.58 125.324 101 5 0.362305 0 0.0153239
257 3316.66 131.509 101 6 0.398438 0 0.014433
258 1836.29 135.302 101 4 0.428711 0 0.0149787
259 7206.2 136.411 101 8 0.425781 0 0.015057
260 3101.36 143.939 101 6 0.445312 0 0.0147561
261 2912.97 152.486 101 5 0.494141 0 0.0144256
262 4225.24 161.477 101 6 0.53418 0 0.0140756
263 10006.4 174.392 101 9 0.544922 0 0.0144804
264 4034.46 171.336 101 6 0.605469 0 0.0147072
265 17252.9 197.001 101 12 0.607422 0 0.0134894
266 89936.8 287.897 101 16 0.69043 0 0.0141106
267 8.44571e+06 8751.63 101 23 0.927734 0 0.0147382
268 8.4498e+06 16911.5 127.657 23 1.94922 1 0.0200861
269 2.14475e+06 8940.01 277.971 21 2.75391 2 0.0210509
270 3.36216e+07 87551.1 323.495 25 2.85547 2 0.0215897
271 2.14698e+06 10882.1 340.249 21 2.93359 2 0.0216576
272 4.24495e+06 19842.2 340.249 22 3.04688 2 0.0217581
273 8.44766e+06 20685.5 399.003 23 3.16895 2 0.0216216
274 4.25001e+06 19251.6 368.878 22 2.94434 2 0.019942
275 4.24339e+06 15212.5 374.985 22 3.01172 2 0.020796
276 2.14769e+06 11332.4 399.003 21 3.00488 2 0.0211355
277 8.44157e+06 30482.6 380.891 23 3.12793 2 0.0202483
278 8.44864e+06 25046.9 410.079 23 3.12891 2 0.0201673
279 6.71807e+07 74496.9 378.945 26 3.03027 2 0.0200864
280 1.68398e+07 56823.2 425.869 24 3.88086 2 0.0238007
281 4.24796e+06 29570.6 415.057 22 3.71582 2 0.0239101
282 1.68308e+07 40183.1 406.288 24 3.55469 2 0.0229033
283 8.43781e+06 31150.7 388.436 23 3.41211 2 0.0236141
284 8.42412e+06 34665.2 405.507 23 3.64258 2 0.0241092
285 8.44425e+06 44791.7 410.814 23 3.57617 2 0.025033
286 8.44038e+06 37550.9 402.311 23 3.52734 2 0.0236238
287 1.68398e+07 56847.9 421.443 24 3.82422 2 0.0248789
288 8.4427e+06 30996.9 364.698 23 3.47363 2 0.0237465
289 3.36275e+07 91672.2 423.737 25 3.80273 2 0.0237059
290 3.36175e+07 68048.3 427.354 25 3.94824 2 0.0247325
291 1.68396e+07 72690.3 634.382 24 4.54297 3 0.0258572
292 3.36182e+07 114272 904.916 25 4.97852 3 0.0258588
293 3.36218e+07 141918 826.202 25 4.96582 3 0.0259875
294 1.68297e+07 78825.3 935.531 24 4.92773 3 0.0250617
295 1.68331e+07 87012.2 935.531 24 5.10352 3 0.0269727
296 1.68299e+07 99300 949.639 24 5.13184 3 0.0259249
297 6.71768e+07 175593 842.458 26 4.93457 3 0.0252618
298 1.34297e+08 238734 873.642 27 4.82617 3 0.0254341
299 3.36116e+07 151124 937.341 25 5.25 3 0.0273423
300 3.36239e+07 192815 977.944 25 5.40039 3 0.0270487
301 6.71747e+07 243650 973.593 26 5.52148 3 0.0279394
302 1.68424e+07 170648 979.358 24 5.54883 3 0.0284581
303 3.36178e+07 192212 953.029 25 5.19043 3 0.0268117
304 8.44452e+06 81021.5 980.754 23 5.28027 3 0.0271143
305 3.36181e+07 199551 991.21 25 5.32031 3 0.0260841
306 3.36187e+07 164960 973.593 25 5.31152 3 0.0264423
307 6.71836e+07 246171 983.489 26 5.5957 3 0.0268962
308 1.68407e+07 185126 980.754 24 5.51953 3 0.0272785
309 1.34295e+08 328562 958.006 27 5.06641 3 0.0247042
310 3.36233e+07 206057 973.593 25 5.2666 3 0.0266943
311 6.71852e+07 360808 972.108 26 5.34863 3 0.0251384
312 1.68376e+07 165135 984.827 24 5.32227 3 0.0264516
313 6.71869e+07 255804 991.21 26 5.58984 3 0.0274719
314 6.71852e+07 490065 1416.82 26 5.86621 4 0.0270318
315 3.36175e+07 212436 988.72 25 5.6875 3 0.0259599
316 2.68522e+08 531423 984.827 28 5.59766 3 0.0264601
317 6.71831e+07 661840 1586.07 26 6.2373 4 0.0273302
318 1.34298e+08 734484 988.72 27 5.85645 3 0.0268824
319 1.34299e+08 684170 1337.36 27 5.9209 4 0.0284779
320 3.36257e+07 402654 1010.79 25 5.72461 3 0.025899
321 3.36263e+07 331631 976.512 25 5.39648 3 0.0249242
322 2.6852e+08 508600 1324.49 28 5.74414 4 0.0280833
323 6.71871e+07 283803 1729.75 26 6.18652 4 0.0268687
324 3.36218e+07 273827 1504.2 25 6.00098 4 0.0287335
325 5.36969e+08 974078 1294.16 29 6.01562 4 0.0286718
326 6.71853e+07 512689 1655.05 26 6.22168 4 0.0274533
327 1.68442e+07 245238 1404.51 24 5.91504 4 0.0254034
328 6.71835e+07 451328 1624.7 26 5.97363 4 0.0281018
329 1.34298e+08 452503 1744.03 27 6.31445 4 0.0276486
330 5.36968e+08 1.39019e+06 1702.88 29 6.33398 4 0.0286575
331 6.71865e+07 735327 1684.18 26 6.42773 4 0.0282634
332 1.343e+08 740659 1681.01 27 6.27637 4 0.0275266
333 5.36968e+08 1.63598e+06 1765.81 29 6.80664 4 0.028766
334 1.34291e+08 739914 1712 27 6.34473 4 0.0266702
335 1.343e+08 942256 1744.03 27 6.56445 4 0.0281619
336 1.34304e+08 765200 1746.82 27 6.4502 4 0.0284175
337 1.07384e+09 1.88391e+06 1783.71 30 6.75195 4 0.0289703
338 1.34299e+08 946495 2021.78 27 6.80078 5 0.0297559
339 5.36966e+08 1.42778e+06 1732.64 29 6.68164 4 0.0289619
340 2.68522e+08 1.6159e+06 1804.91 28 6.75098 4 0.02914
341 4.29507e+09 6.51349e+06 1648.41 32 6.20703 4 0.0285562
342 1.07384e+09 2.88611e+06 1534.65 30 6.41797 4 0.0280923
343 1.07384e+09 3.28093e+06 1926.04 30 6.94531 5 0.029943
344 2.14759e+09 4.56426e+06 1732.64 31 6.46387 4 0.0285932
345 1.07382e+09 4.95146e+06 1771.04 30 6.87695 4 0.0304812
346 2.14758e+09 6.08986e+06 1729.75 31 6.42578 4 0.0280175
347 4.29508e+09 1.22928e+07 1519.52 32 6.30664 4 0.0272727
348 1.07384e+09 6.56748e+06 1476.97 30 6.33691 4 0.028521
349 8.59005e+09 1.72788e+07 1702.88 33 6.60645 4 0.0306601
350 8.59004e+09 1.77334e+07 1631.55 33 6.3623 4 0.0280551
351 1.07384e+09 8.91434e+06 1621.26 30 6.44727 4 0.0331862
352 4.29506e+09 1.20154e+07 1760.49 32 6.44434 4 0.0280436
353 1.07384e+09 6.25091e+06 1668.15 30 6.27148 4 0.0281803
354 4.29508e+09 1.15165e+07 1723.91 32 6.32129 4 0.0275576
355 4.29508e+09 7.95345e+06 1755.09 32 6.66211 4 0.0281565
356 1.07384e+09 7.63278e+06 1793.4 30 6.87207 4 0.0285423
357 4.29507e+09 1.58914e+07 1781.23 32 6.77051 4 0.0302981
358 4.29507e+09 9.83733e+06 1776.18 32 6.59863 4 0.0278018
359 4.29506e+09 1.31408e+07 1763.17 32 6.27344 4 0.0276426
360 8.59005e+09 1.88614e+07 1798.09 33 6.31055 4 0.0277268
361 8.59005e+09 1.84824e+07 1800.39 33 6.37598 4 0.0280951
362 2.14759e+09 1.19204e+07 2127.37 31 6.7168 5 0.0282134
363 2.14759e+09 1.05805e+07 1791.02 31 6.91797 4 0.028406
364 1.718e+10 2.16326e+07 2175.93 34 6.96387 5 0.0286517
365 1.718e+10 6.46549e+07 2686.83 34 7.87207 5 0.0318712
366 3.43599e+10 1.04125e+08 2456.06 35 7.76465 5 0.0324803
367 1.718e+10 6.0465e+07 2223.75 34 7.60645 5 0.0337975
368 1.718e+10 8.78312e+07 2253.25 34 7.25879 5 0.0321799
369 1.718e+10 4.90099e+07 2288.23 34 7.74316 5 0.0347918
370 3.43599e+10 8.24319e+07 2428.95 35 7.81738 5 0.0365158
371 3.43599e+10 1.68112e+08 2217.82 35 7.76465 5 0.0334982
372 3.43599e+10 1.00333e+08 2276.62 35 7.5498 5 0.0352008
373 1.718e+10 1.2394e+08 2299.79 34 7.92188 5 0.0351661
374 3.43599e+10 1.07861e+08 1773.62 35 7.3877 4 0.0326443
375 3.43599e+10 1.36365e+08 2317.04 35 7.55664 5 0.0364104
376 3.43599e+10 1.411e+08 1768.44 35 7.41602 4 0.0333065
377 3.43599e+10 1.67805e+08 1673.48 35 7.45703 5 0.0341386
378 3.43599e+10 2.26418e+08 1729.75 35 7.51953 4 0.0338886
379 6.87196e+10 2.28466e+08 1720.96 36 7.30859 4 0.0341172
380 3.43599e+10 1.4808e+08 1396.25 35 6.75684 4 0.0321368
381 1.718e+10 1.60341e+08 1684.18 34 7.15137 4 0.0340439
382 3.43599e+10 2.77857e+08 1693.6 35 7.06934 4 0.033406
383 1.718e+10 2.34048e+08 1771.04 34 7.58105 4 0.0335071
384 1.718e+10 1.65797e+08 1977.39 34 7.87793 5 0.0341078
385 3.43599e+10 3.0103e+08 2379.26 35 8.03223 5 0.0351636
386 3.43599e+10 1.6968e+08 1726.84 35 7.25293 4 0.034463
387 1.37439e+11 4.079e+08 1634.95 37 7.25488 4 0.0334764
388 3.43599e+10 2.19489e+08 1702.88 35 7.48242 4 0.0326109
389 6.87196e+10 3.86312e+08 2241.48 36 8.06152 5 0.0338403
390 3.43598e+10 2.13876e+08 1735.52 35 7.41113 4 0.0326861
391 3.43599e+10 3.21064e+08 1717.99 35 7.33008 4 0.0337262
392 1.37439e+11 4.64127e+08 1738.37 37 7.4873 4 0.0343595
393 6.87196e+10 5.2601e+08 2193.95 36 7.70117 5 0.0339724
394 6.87196e+10 5.92275e+08 2311.3 36 8.0127 5 0.0349018
395 2.74878e+11 6.05858e+08 1773.62 38 7.67676 4 0.0345826
396 6.87196e+10 3.6719e+08 1913.09 36 7.48535 5 0.0337073
397 3.43599e+10 4.09169e+08 2311.3 35 8.44727 5 0.0363811
398 1.37439e+11 7.44684e+08 2368.07 37 8.51172 5 0.0376504
399 1.37439e+11 7.06378e+08 2696.01 37 8.8584 5 0.037648
400 3.43599e+10 3.53526e+08 2696.01 35 8.35254 5 0.035781
401 6.87196e+10 4.90641e+08 2774.8 36 8.73438 5 0.0444506
402 2.74878e+11 9.40589e+08 2639.78 38 8.45117 5 0.036214
403 1.37439e+11 9.64755e+08 2731.9 37 8.62988 5 0.0372977
404 1.37439e+11 9.77038e+08 2639.78 37 9.04785 5 0.0379547
405 1.37439e+11 8.89727e+08 2787.22 37 9.39062 5 0.0390431
406 6.87196e+10 5.45471e+08 2529.99 36 8.50781 5 0.0390619
407 1.37439e+11 6.60437e+08 2740.66 37 9.0293 5 0.0397288
408 6.87196e+10 5.51968e+08 2259.11 36 8.66699 5 0.0398495
409 5.49756e+11 1.47806e+09 2787.22 39 9.19043 5 0.0390022
410 2.74878e+11 1.61896e+09 3446.89 38 9.81934 6 0.0417616
411 2.74878e+11 1.51608e+09 3919.27 38 10.3477 6 0.0433713
412 2.74878e+11 1.09103e+09 3393.79 38 9.57324 6 0.0413141
413 6.87196e+10 9.42539e+08 3332.2 36 9.7959 6 0.0437239
414 2.74878e+11 1.66889e+09 2903.85 38 9.56445 5 0.043604
415 1.37439e+11 1.26946e+09 3944.23 37 10.2051 6 0.0440351
416 1.37439e+11 1.19479e+09 4203.62 37 10.4033 7 0.042478
417 1.37439e+11 1.56864e+09 3919.27 37 10.0176 6 0.0438883
418 1.37439e+11 1.50086e+09 3762.35 37 10.3037 6 0.0450899
419 1.37439e+11 1.15986e+09 3848.83 37 10.2773 6 0.0437867
420 5.49756e+11 1.98654e+09 2783.1 39 9.83984 5 0.0421289
421 6.87196e+10 1.35512e+09 4040.28 36 11.0469 6 0.0455653
422 2.74878e+11 1.58283e+09 3748.75 38 10.46 6 0.0447758
423 2.74878e+11 2.62567e+09 3637.32 38 10.4404 6 0.0458463
424 1.37439e+11 1.92523e+09 4034.34 37 10.8564 7 0.0476188
425 5.49756e+11 2.2493e+09 4297.24 39 11.335 7 0.0487438
426 2.74878e+11 1.76549e+09 3868.3 38 10.2422 6 0.0444158
427 2.74878e+11 2.64815e+09 3424.22 38 10.2803 6 0.0464449
428 2.19902e+12 3.90371e+09 3944.23 41 10.4766 6 0.0471933
429 1.09951e+12 3.97414e+09 4746.72 40 11.8184 7 0.0489778
430 2.74878e+11 2.77632e+09 3906.66 38 11.3545 6 0.0484082
431 1.09951e+12 5.12485e+09 3980.98 40 11.3584 6 0.0465845
432 5.49756e+11 3.67367e+09 3822.58 39 10.6709 6 0.0474741
433 1.09951e+12 3.64283e+09 3550.8 40 10.709 6 0.0442583
434 2.74878e+11 2.25935e+09 2663.54 38 9.34863 5 0.041878
435 5.49756e+11 2.01161e+09 3769.12 39 10.3467 6 0.0451136
436 2.74878e+11 2.51626e+09 4610.35 38 10.502 7 0.0442407
437 5.49756e+11 3.27026e+09 4480.86 39 11.0674 7 0.0468174
438 2.19902e+12 4.21101e+09 2830.78 41 10.1133 5 0.0441478
439 1.37439e+11 2.11755e+09 4171.38 37 10.7119 6 0.0463773
440 1.37439e+11 2.13721e+09 4091.41 37 10.4092 6 0.044589
441 6.87196e+10 1.41739e+09 4057.57 36 10.3975 6 0.0466739
442 2.74878e+11 1.71081e+09 3925.55 38 10.1523 6 0.0438884
443 2.74878e+11 2.38876e+09 3370.8 38 10.2637 6 0.0438258
444 2.74878e+11 1.46381e+09 3133.88 38 9.75586 6 0.0415855
445 2.74878e+11 2.70623e+09 4317.88 38 10.4531 7 0.0453518
446 1.09951e+12 2.9851e+09 3829.17 40 10.417 6 0.0480524
447 2.74878e+11 2.02896e+09 3728.22 38 10.1445 6 0.0443892
448 2.74878e+11 2.17086e+09 4193.15 38 10.6846 7 0.0459941
449 5.49756e+11 3.08777e+09 5349.14 39 11.1006 7 0.0473994
450 1.09951e+12 5.71285e+09 4046.07 40 11.0312 6 0.0463956
451 2.74878e+11 3.13978e+09 4085.84 38 10.9873 6 0.0463316
452 1.09951e+12 5.33919e+09 5586.62 40 11.4502 7 0.0519737
453 5.49756e+11 3.72483e+09 4990.92 39 11.3848 7 0.0501581
454 1.09951e+12 5.23282e+09 5282.07 40 11.5303 7 0.0524828
455 1.09951e+12 4.25606e+09 5764.86 40 11.501 7 0.0508901
456 2.74878e+11 2.24576e+09 4972.57 38 11.1084 7 0.0481369
457 1.09951e+12 3.47449e+09 3980.98 40 10.7207 6 0.0469324
458 2.74878e+11 3.55029e+09 4804.14 38 11.2891 7 0.0486234
459 8.79609e+12 1.20787e+10 4096.95 43 11.2979 6 0.0483192
460 2.19902e+12 7.0657e+09 6502.82 41 12.7002 8 0.0512088
461 1.09951e+12 5.25934e+09 4590.6 40 11.6689 7 0.0494532
462 4.39805e+12 1.02292e+10 7344.08 42 12.9463 8 0.0525578
463 2.74878e+11 4.60712e+09 4649.65 38 11.8711 7 0.048462
464 2.19902e+12 7.22295e+09 5315.79 41 11.6582 7 0.048327
465 4.39805e+12 1.36126e+10 7494.65 42 12.9521 8 0.0532538
466 4.39805e+12 7.6579e+09 5248 42 11.4287 7 0.0492659
467 2.19902e+12 9.82264e+09 8693.38 41 13.123 9 0.052475
468 1.09951e+12 7.91259e+09 10638.5 40 13.9912 10 0.0536998
469 2.19902e+12 1.21153e+10 12400.9 41 14.4316 10 0.0582828
470 5.49756e+11 8.21231e+09 10438.4 39 13.707 10 0.0539018
471 1.09951e+12 9.29336e+09 11013.2 40 14.1592 10 0.0598666
472 5.49756e+11 8.55311e+09 12718.9 39 14.5977 11 0.0569452
473 1.09951e+12 1.05159e+10 12141.5 40 14.417 10 0.0578005
474 3.51844e+13 4.65659e+10 11885.1 45 14.4941 10 0.0602929
475 1.09951e+12 1.06452e+10 11942.9 40 14.21 10 0.0563464
476 1.09951e+12 6.63549e+09 8652.99 40 13.4395 9 0.0537949
477 1.09951e+12 8.03769e+09 9525.12 40 13.4609 9 0.0540214
478 2.19902e+12 1.05987e+10 7401.46 41 13.1123 8 0.0559402
479 1.09951e+12 7.70011e+09 8434.15 40 13.209 9 0.0545159
480 2.19902e+12 8.55819e+09 9211.3 41 13.1465 9 0.0574217
481 1.09951e+12 8.49332e+09 11297.1 40 14.1846 11 0.0587937
482 4.39805e+12 1.28506e+10 9273.14 42 13.4971 9 0.0535893
483 5.49756e+11 9.3023e+09 9548.43 39 13.8857 9 0.0558518
484 2.19902e+12 1.15266e+10 8319.85 41 14.0107 10 0.0577351
485 1.09951e+12 9.97487e+09 11826.8 40 14.2637 10 0.0583034
486 4.39805e+12 1.44855e+10 9536.79 42 14.166 9 0.0578199
487 2.19902e+12 1.35099e+10 9548.43 41 13.6406 9 0.0599114
488 4.39805e+12 1.3322e+10 7994.8 42 13.4326 9 0.0617549
489 2.19902e+12 1.11245e+10 11543.6 41 14.2559 10 0.0571782
490 1.09951e+12 7.51519e+09 10737.4 40 14.1426 10 0.0625646
491 4.39805e+12 1.37704e+10 15050.2 42 14.7344 11 0.0606198
492 8.79609e+12 2.19632e+10 14647.4 43 14.8643 11 0.0602957
493 5.49756e+11 5.76676e+09 17811.1 39 14.6982 12 0.0585436
494 5.49756e+11 7.93684e+09 23580.7 39 15.1152 13 0.0637059
495 1.09951e+12 8.0766e+09 13950.4 40 14.3008 11 0.0585197
496 2.19902e+12 1.27569e+10 15680.5 41 14.8643 11 0.057991
497 2.19902e+12 1.05529e+10 22986.4 41 15.1289 13 0.0647865
498 2.19902e+12 1.44321e+10 19899.7 41 15.1357 12 0.0620576
499 8.79609e+12 1.89759e+10 25984.7 43 15.4541 13 0.0636221
500 4.39805e+12 2.26961e+10 57195 42 16.7607 15 0.0655486
501 2.19902e+12 2.07935e+10 55563.7 41 16.5654 15 0.0662188
502 4.39805e+12 2.44012e+10 91921.2 42 16.959 16 0.0717743
503 1.75922e+13 4.73335e+10 92367.8 44 16.9902 16 0.0708573
504 3.51844e+13 5.85117e+10 52948.5 45 16.417 15 0.0647829
505 8.79609e+12 2.75464e+10 58219.1 43 17.0391 15 0.0681457
506 3.51844e+13 5.27494e+10 160086 45 17.4307 17 0.0682054
507 2.19902e+12 1.46392e+10 26502.8 41 16.3057 13 0.0664429
508 4.39805e+12 3.55567e+10 33532.1 42 16.3301 14 0.0678677
509 4.39805e+12 2.06886e+10 91272.2 42 17.1787 16 0.0699084
510 8.79609e+12 2.50737e+10 94783.7 43 17.333 16 0.0689476
511 4.39805e+12 2.22558e+10 54876.3 42 16.7734 15 0.0696268
512 8.79609e+12 2.98022e+10 54358.3 43 16.6445 15 0.0650967
513 4.39805e+12 2.89449e+10 93209.9 42 16.8896 16 0.0674132
514 2.81475e+14 3.03178e+11 94783.7 48 17.1328 16 0.0677176
515 4.39805e+12 2.41249e+10 57928.3 42 16.6846 15 0.0717909
516 4.39805e+12 2.35613e+10 57139.6 42 16.6045 15 0.0662705
517 4.39805e+12 2.31836e+10 562748 42 18.3193 19 0.0733183
518 7.03687e+13 9.16082e+10 1.08794e+06 46 18.665 20 0.0789207
519 8.79609e+12 3.68014e+10 1.09111e+06 43 19.4414 20 0.0731662
520 2.19902e+12 1.82475e+10 291799 41 17.7627 18 0.0691975
521 1.75922e+13 4.29582e+10 296127 44 17.8408 18 0.0738194
522 3.51844e+13 5.61531e+10 562300 45 18.6709 19 0.0734242
523 8.79609e+12 2.41565e+10 559647 43 18.0107 19 0.0749012
524 2.19902e+12 1.53845e+10 95264 41 16.8174 16 0.0710095
525 4.39805e+12 2.50625e+10 93726.7 42 17.249 16 0.0697283
526 4.39805e+12 1.77479e+10 93816.7 42 16.7881 16 0.0695458
527 4.39805e+12 2.02637e+10 293069 42 17.5234 18 0.0676226
528 1.75922e+13 4.68125e+10 93606.1 44 17.3701 16 0.0651724
529 4.39805e+12 2.33346e+10 562095 42 18.8076 19 0.0707556
530 4.39805e+12 2.29012e+10 561096 42 18.3252 19 0.0760311
531 4.39805e+12 2.61343e+10 564026 42 18.6875 19 0.0722235
532 7.03687e+13 1.07411e+11 563352 46 18.6436 19 0.0726076
533 8.79609e+12 4.22783e+10 564416 43 19.4121 19 0.0762914
534 8.79609e+12 4.45878e+10 559170 43 19.0547 19 0.0724891
535 4.39805e+12 4.55641e+10 562177 42 18.7314 19 0.0715428
536 8.79609e+12 4.92716e+10 2.13711e+06 43 19.4902 21 0.0763012
537 1.09951e+12 2.08847e+10 1.09027e+06 40 19.1387 20 0.0747901
538 1.40737e+14 1.90516e+11 564065 47 19.2764 19 0.0736745
539 4.39805e+12 5.07587e+10 8.43817e+06 42 20.7725 23 0.0800475
540 8.79609e+12 9.02209e+10 1.68325e+07 43 21.3301 24 0.0834432
541 4.39805e+12 4.65716e+10 4.24418e+06 42 20.6709 22 0.0837863
542 3.51844e+13 9.65074e+10 1.68361e+07 45 21.7188 24 0.08913
543 3.51844e+13 1.02431e+11 3.36227e+07 45 22.3994 25 0.0861216
544 3.51844e+13 8.21645e+10 1.68381e+07 45 21.2227 24 0.0840946
545 1.75922e+13 9.56344e+10 3.36097e+07 44 21.582 25 0.0842406
546 1.75922e+13 1.00525e+11 3.36261e+07 44 22.2207 25 0.0893679
547 1.75922e+13 8.82216e+10 1.68347e+07 44 21.6006 24 0.0883218
548 8.79609e+12 7.61542e+10 3.36126e+07 43 22.2568 25 0.0876277
549 7.03687e+13 1.38544e+11 3.36192e+07 46 22.126 25 0.0868707
550 8.79609e+12 7.06496e+10 1.34287e+08 43 22.8232 27 0.0887118
551 1.75922e+13 8.99163e+10 3.36201e+07 44 22.3242 25 0.0879222
552 1.75922e+13 9.30203e+10 1.68359e+07 44 21.7041 24 0.0838171
553 1.75922e+13 9.22883e+10 3.3616e+07 44 22.0811 25 0.0866748
554 3.51844e+13 1.2609e+11 6.71741e+07 45 22.4111 26 0.0865095
555 8.79609e+12 6.12842e+10 4.24185e+06 43 20.3447 22 0.0807709
556 1.75922e+13 1.02514e+11 8.44614e+06 44 21.4746 23 0.0840167
557 5.6295e+14 6.48961e+11 3.36145e+07 49 21.8984 25 0.0856381
558 3.51844e+13 2.27589e+11 1.34292e+08 45 23.7051 27 0.0901149
559 1.75922e+13 9.42022e+10 6.71736e+07 44 22.5186 26 0.0872606
560 7.03687e+13 2.55066e+11 3.36126e+07 46 22.1455 25 0.0869174
561 3.51844e+13 1.51916e+11 1.68339e+07 45 21.9375 24 0.0851752
562 8.79609e+12 7.90304e+10 8.4371e+06 43 21.3408 23 0.0857587
563 1.75922e+13 1.09813e+11 1.68355e+07 44 21.918 24 0.0852515
564 8.79609e+12 1.19856e+11 3.36197e+07 43 22.2129 25 0.0898949
565 8.79609e+12 9.31469e+10 8.44441e+06 43 21.4678 23 0.0853572
566 8.79609e+12 8.22484e+10 4.24093e+06 43 20.9102 22 0.0829874
567 8.79609e+12 7.95026e+10 1.68319e+07 43 21.293 24 0.0855166
568 8.79609e+12 1.10215e+11 1.68401e+07 43 22.1455 24 0.086873
569 1.75922e+13 1.22046e+11 8.4495e+06 44 21.7637 23 0.0863582
570 1.40737e+14 3.85542e+11 8.44135e+06 47 21.3564 23 0.0873965
571 1.40737e+14 3.16456e+11 8.43934e+06 47 21.2266 23 0.0833697
572 1.75922e+13 1.46241e+11 4.2482e+06 44 21.8682 22 0.0875598
573 1.75922e+13 1.11212e+11 1.68251e+07 44 21.6387 24 0.0851117
574 3.51844e+13 1.77398e+11 8.44163e+06 45 21.3057 23 0.0849974
575 1.75922e+13 1.0257e+11 8.44219e+06 44 21.5928 23 0.0846404
576 1.75922e+13 1.39028e+11 2.13892e+06 44 21.1621 21 0.0858266
577 3.51844e+13 1.67002e+11 8.43887e+06 45 21.4893 23 0.0853988
578 1.75922e+13 2.30067e+11 8.44787e+06 44 21.9375 23 0.0877753
579 1.75922e+13 1.47336e+11 8.44485e+06 44 21.5664 23 0.0846803
580 1.40737e+14 3.16653e+11 4.24381e+06 47 21.0771 22 0.0834446
581 7.03687e+13 2.62931e+11 1.68393e+07 46 22.6211 24 0.0910743
582 1.40737e+14 5.07805e+11 1.68238e+07 47 21.9854 24 0.0873948
583 5.6295e+14 7.88588e+11 4.24546e+06 49 21.416 22 0.0864557
584 1.75922e+13 1.80752e+11 8.43476e+06 44 21.9287 23 0.0904918
585 1.40737e+14 4.64341e+11 2.14338e+06 47 21.2119 21 0.0873607
586 1.40737e+14 4.76509e+11 2.14554e+06 47 21.1758 21 0.0884957
587 7.03687e+13 4.63353e+11 1.68358e+07 46 22.2822 24 0.0899998
588 1.40737e+14 5.02718e+11 6.71734e+07 47 22.9189 26 0.0911814
589 2.81475e+14 8.42266e+11 1.68359e+07 48 22.4014 24 0.0981884
590 1.40737e+14 6.70069e+11 1.3429e+08 47 23.5098 27 0.104432
591 1.40737e+14 7.53081e+11 6.71787e+07 47 23.4395 26 0.102131
592 1.40737e+14 8.79533e+11 2.68516e+08 47 23.7842 28 0.101773
593 1.40737e+14 6.10855e+11 3.36219e+07 47 23.1094 25 0.101094
594 5.6295e+14 1.25488e+12 1.34288e+08 49 23 27 0.100405
595 1.40737e+14 4.80192e+11 1.34284e+08 47 23.2666 27 0.0966772
596 7.03687e+13 5.66116e+11 1.34293e+08 46 23.5371 27 0.10465
597 7.03687e+13 5.199e+11 6.71813e+07 46 23.6309 26 0.106202
598 7.03687e+13 5.47646e+11 1.68384e+07 46 22.3574 24 0.0987854
599 5.6295e+14 1.08739e+12 6.71745e+07 49 23.0254 26 0.0989644
600 1.40737e+14 1.02498e+12 3.36182e+07 47 22.7129 25 0.0961826
601 1.1259e+15 1.90595e+12 3.36149e+07 50 22.3008 25 0.0913414
602 2.81475e+14 7.77086e+11 1.34291e+08 48 23.7373 27 0.101604
603 1.40737e+14 9.23491e+11 2.68507e+08 47 23.6064 28 0.101282
604 2.81475e+14 8.46772e+11 1.34293e+08 48 23.6455 27 0.100269
605 4.5036e+15 5.57737e+12 6.71754e+07 52 22.793 26 0.0974152
606 5.6295e+14 1.47825e+12 5.36949e+08 49 24.999 29 0.0991229
607 2.81475e+14 1.58632e+12 2.68519e+08 48 24.4287 28 0.100557
608 1.40737e+14 8.58275e+11 2.68514e+08 47 24.3828 28 0.102161
609 1.1259e+15 2.83899e+12 2.68518e+08 50 24.2979 28 0.101284
610 2.81475e+14 1.17247e+12 1.07383e+09 48 25.5254 30 0.104644
611 1.40737e+14 7.78854e+11 2.68517e+08 47 24.1768 28 0.097569
612 5.6295e+14 2.12474e+12 5.36946e+08 49 24.5078 29 0.100266
613 1.1259e+15 1.81539e+12 2.68513e+08 50 24.2285 28 0.103981
614 1.40737e+14 1.18397e+12 5.36959e+08 47 25.5518 29 0.103624
615 1.1259e+15 2.51062e+12 6.71826e+07 50 23.3877 26 0.095325
616 1.40737e+14 1.26195e+12 2.68512e+08 47 24.707 28 0.103984
617 1.1259e+15 2.45293e+12 1.34285e+08 50 23.459 27 0.0978231
618 2.81475e+14 1.35957e+12 2.68516e+08 48 24.918 28 0.103439
619 1.40737e+14 1.80754e+12 1.34292e+08 47 24.3594 27 0.0982569
620 1.40737e+14 8.62983e+11 1.34288e+08 47 23.958 27 0.103373
621 5.6295e+14 2.43987e+12 2.68511e+08 49 24.5361 28 0.101096
622 2.81475e+14 1.70995e+12 2.68514e+08 48 24.7949 28 0.10821
623 1.40737e+14 1.32461e+12 3.36147e+07 47 22.8145 25 0.0984905
624 5.6295e+14 1.78052e+12 6.71783e+07 49 23.4717 26 0.0990358
625 5.6295e+14 1.85509e+12 1.34292e+08 49 23.708 27 0.0980013
626 9.0072e+15 1.05931e+13 2.68514e+08 53 24.6045 28 0.104341
627 4.5036e+15 8.69729e+12 5.36957e+08 52 25.7832 29 0.107037
628 1.1259e+15 3.57916e+12 2.68518e+08 50 25.2627 28 0.108362
629 5.6295e+14 2.30102e+12 6.71697e+07 49 23.8545 26 0.0947973
630 1.1259e+15 2.37798e+12 1.3429e+08 50 24.2539 27 0.098603
631 5.6295e+14 2.49294e+12 1.34289e+08 49 24.1475 27 0.0979946
632 2.2518e+15 5.61063e+12 5.3694e+08 51 24.8506 29 0.103468
633 5.6295e+14 2.23978e+12 1.07382e+09 49 25.2773 30 0.104701
634 2.81475e+14 1.66467e+12 5.36955e+08 48 25.043 29 0.103904
635 1.40737e+14 1.57947e+12 5.36945e+08 47 24.5918 29 0.0996895
636 1.1259e+15 2.71047e+12 5.36949e+08 50 25.0508 29 0.104905
637 2.2518e+15 4.53028e+12 1.07383e+09 51 25.9766 30 0.102153
638 1.1259e+15 4.72175e+12 5.36952e+08 50 25.3301 29 0.10375
639 2.2518e+15 4.97974e+12 2.68511e+08 51 24.3633 28 0.100425
640 9.0072e+15 1.17279e+13 2.68504e+08 53 24.7461 28 0.0986429
641 1.44115e+17 1.50642e+14 2.14758e+09 57 26.1533 31 0.107511
642 4.5036e+15 8.14717e+12 1.07382e+09 52 25.4512 30 0.102809
643 2.2518e+15 8.32447e+12 5.36954e+08 51 25.5205 29 0.103915
644 1.80144e+16 2.08505e+13 2.68512e+08 54 24.9404 28 0.101068
645 2.2518e+15 7.88099e+12 6.71697e+07 51 23.5195 26 0.100214
646 9.0072e+15 1.7971e+13 2.68512e+08 53 25.0508 28 0.108141
647 9.0072e+15 1.57125e+13 5.3695e+08 53 25.0869 29 0.103088
648 4.5036e+15 8.42211e+12 2.68516e+08 52 24.7939 28 0.10208
649 4.5036e+15 1.06325e+13 5.36952e+08 52 25.1836 29 0.10424
650 2.2518e+15 8.58428e+12 5.36952e+08 51 24.8613 29 0.104349
651 9.0072e+15 1.39269e+13 5.36954e+08 53 25.4346 29 0.106587
652 9.0072e+15 1.59155e+13 1.68351e+07 53 23.8516 24 0.100991
653 9.0072e+15 1.36e+13 2.68518e+08 53 24.9092 28 0.0998688
654 1.80144e+16 2.40255e+13 1.34289e+08 54 23.7803 27 0.103038
655 1.1259e+15 5.80042e+12 2.68516e+08 50 24.6113 28 0.100289
656 9.0072e+15 1.81031e+13 1.07382e+09 53 25.3164 30 0.105311
657 9.0072e+15 1.33352e+13 5.36953e+08 53 24.9395 29 0.103538
658 4.5036e+15 8.6184e+12 4.2412e+06 52 21 22 0.0936037
659 1.80144e+16 2.09451e+13 2.14381e+06 54 21.6191 21 0.0935377
660 1.80144e+16 2.85023e+13 8.43716e+06 54 22.8242 23 0.0969266
661 3.60288e+16 4.85835e+13 1.68345e+07 55 22.0957 24 0.0982654
662 2.2518e+15 9.56357e+12 5.36945e+08 51 24.3594 29 0.101299
663 2.2518e+15 1.04385e+13 1.68364e+07 51 22.8242 24 0.0992236
664 1.1259e+15 4.66994e+12 8.43974e+06 50 21.5791 23 0.0948352
665 2.2518e+15 1.07235e+13 8.43846e+06 51 22.3867 23 0.0913326
666 1.1259e+15 8.82588e+12 3.36098e+07 50 22.7539 25 0.0953602
667 4.5036e+15 1.41672e+13 3.36135e+07 52 22.4326 25 0.0946767
668 3.60288e+16 7.64926e+13 8.43881e+06 55 21.6748 23 0.0950727
669 9.0072e+15 2.6743e+13 4.24292e+06 53 22.124 22 0.0920091
670 9.0072e+15 2.24345e+13 8.43939e+06 53 22.1748 23 0.0965281
671 4.5036e+15 1.50656e+13 6.7175e+07 52 23.9121 26 0.10122
672 3.60288e+16 4.90714e+13 1.34281e+08 55 24.2217 27 0.0996619
673 1.80144e+16 4.49272e+13 3.36137e+07 54 23.0244 25 0.0983237
674 3.60288e+16 6.05573e+13 3.36171e+07 55 23.0508 25 0.0945591
675 9.0072e+15 3.54341e+13 6.71738e+07 53 23.8057 26 0.0990691
676 4.5036e+15 1.15488e+13 6.71684e+07 52 22.9834 26 0.0969567
677 1.1259e+15 9.38687e+12 2.68503e+08 50 24.1074 28 0.101778
678 4.5036e+15 1.39389e+13 1.68261e+07 52 22.6982 24 0.0953543
679 1.80144e+16 2.87748e+13 6.71812e+07 54 23.2314 26 0.0982696
680 9.0072e+15 2.66178e+13 1.68329e+07 53 22.6309 24 0.0957267
681 9.0072e+15 2.93916e+13 2.68499e+08 53 24.2109 28 0.104139
682 2.2518e+15 1.50326e+13 2.68508e+08 51 24.7363 28 0.10003
683 9.0072e+15 2.78269e+13 2.68512e+08 53 24.5957 28 0.102204
684 3.60288e+16 4.36492e+13 2.6851e+08 55 24.7422 28 0.10311
685 3.60288e+16 5.82576e+13 2.68509e+08 55 23.3223 28 0.0995652
686 4.5036e+15 1.80592e+13 2.14757e+09 52 25.9219 31 0.107902
687 2.2518e+15 1.30196e+13 2.68507e+08 51 24.0127 28 0.0997729
688 2.8823e+17 3.7551e+14 1.07382e+09 58 24.6211 30 0.106072
689 2.2518e+15 1.18074e+13 1.07383e+09 51 25.7158 30 0.106531
690 5.76461e+17 6.43609e+14 5.36949e+08 59 24.748 29 0.099166
691 4.5036e+15 2.38732e+13 4.29507e+09 52 27.3223 32 0.109092
692 1.80144e+16 4.02058e+13 2.14758e+09 54 25.7588 31 0.107154
693 9.0072e+15 3.32391e+13 8.59003e+09 53 26.9609 33 0.110508
694 1.80144e+16 6.98082e+13 2.14757e+09 54 25.6064 31 0.105351
695 1.80144e+16 8.5557e+13 4.29506e+09 54 26.1475 32 0.106591
696 9.0072e+15 4.30571e+13 1.718e+10 53 28.1748 34 0.114213
697 3.60288e+16 7.45008e+13 4.29507e+09 55 26.5234 32 0.107996
698 3.60288e+16 1.44463e+14 8.59003e+09 55 27.7422 33 0.111949
699 1.80144e+16 1.175e+14 1.718e+10 54 28.8496 34 0.118714
700 7.20576e+16 1.64726e+14 8.59003e+09 56 26.8857 33 0.111167
701 1.44115e+17 1.76501e+14 3.43599e+10 57 29.8174 35 0.121614
702 1.80144e+16 6.11096e+13 8.59004e+09 54 27.873 33 0.112587
703 1.44115e+17 2.55534e+14 8.59004e+09 57 28.1885 33 0.122518
704 3.60288e+16 1.04271e+14 8.59004e+09 55 28.2646 33 0.113368
705 3.60288e+16 9.49594e+13 1.718e+10 55 28.3125 34 0.113976
706 1.80144e+16 5.36498e+13 4.29507e+09 54 26.9404 32 0.11339
707 9.0072e+15 6.37626e+13 8.59004e+09 53 27.9756 33 0.11597
708 3.60288e+16 8.62291e+13 4.29507e+09 55 26.8672 32 0.114144
709 2.2518e+15 2.38571e+13 8.59004e+09 51 27.6338 33 0.111447
710 1.80144e+16 4.84279e+13 8.59003e+09 54 27.3613 33 0.110613
711 9.0072e+15 3.36037e+13 2.14756e+09 53 25.5654 31 0.103833
712 9.0072e+15 2.82447e+13 8.59003e+09 53 27.0342 33 0.10896
713 1.80144e+16 6.95813e+13 4.29506e+09 54 27.0928 32 0.112965
714 1.44115e+17 1.91012e+14 4.29506e+09 57 26.9209 32 0.112779
715 1.80144e+16 4.92739e+13 3.43598e+10 54 29.7266 35 0.121148
716 4.61169e+18 4.63602e+15 1.718e+10 62 28.2188 34 0.114279
717 9.0072e+15 5.1093e+13 3.43599e+10 53 29.5049 35 0.117297
718 1.80144e+16 5.58628e+13 4.29507e+09 54 26.5986 32 0.108947
719 1.15292e+18 1.15262e+15 4.29506e+09 60 25.7871 32 0.106956
720 1.80144e+16 8.31562e+13 6.87196e+10 54 29.6338 36 0.119178
721 5.76461e+17 6.1778e+14 1.718e+10 59 28.3506 34 0.113703
722 9.0072e+15 5.2985e+13 2.14756e+09 53 25.9268 31 0.104826
723 1.80144e+16 7.73601e+13 1.718e+10 54 28.1836 34 0.115281
724 7.20576e+16 1.34476e+14 8.59004e+09 56 27.6689 33 0.116817
725 7.20576e+16 1.23338e+14 1.718e+10 56 27.4639 34 0.115047
726 4.61169e+18 4.61562e+15 1.718e+10 62 28.4688 34 0.117598
727 1.44115e+17 4.70373e+14 6.87196e+10 57 31.4775 36 0.124763
728 3.60288e+16 1.5424e+14 3.43599e+10 55 30.3213 35 0.122879
729 2.8823e+17 7.36855e+14 3.43599e+10 58 29.2588 35 0.119219
730 7.20576e+16 1.96684e+14 3.43599e+10 56 29.1885 35 0.121349
731 2.8823e+17 5.94499e+14 6.87196e+10 58 30.1074 36 0.122015
732 7.20576e+16 1.97714e+14 6.87196e+10 56 29.7266 36 0.123537
733 7.20576e+16 1.83845e+14 3.43599e+10 56 29.3721 35 0.119954
734 2.8823e+17 4.37753e+14 1.718e+10 58 27.9258 34 0.115311
735 9.0072e+15 9.27925e+13 6.87196e+10 53 30.2578 36 0.122086
736 1.80144e+16 8.77433e+13 3.43598e+10 54 28.0088 35 0.117565
737 2.8823e+17 3.75796e+14 6.87196e+10 58 29.3408 36 0.117405
738 5.76461e+17 8.39598e+14 6.87196e+10 59 30.6758 36 0.124733
739 3.60288e+16 1.39328e+14 6.87196e+10 55 30.7168 36 0.122786
740 3.60288e+16 1.63367e+14 6.87196e+10 55 29.9805 36 0.120923
741 9.22337e+18 1.0168e+16 1.718e+10 63 28.2754 34 0.11698
742 2.8823e+17 4.76438e+14 3.43599e+10 58 29.627 35 0.118095
743 2.30584e+18 2.47e+15 6.87196e+10 61 31.4863 36 0.124068
744 2.8823e+17 4.23824e+14 3.43599e+10 58 30.7852 35 0.120685
745 1.44115e+17 6.30152e+14 1.37439e+11 57 31.1201 37 0.125051
746 7.20576e+16 2.77956e+14 3.43599e+10 56 30.0371 35 0.119933
747 3.60288e+16 1.48664e+14 3.43599e+10 55 30.3105 35 0.123137
748 7.20576e+16 3.06807e+14 3.43598e+10 56 29.4111 35 0.121178
749 2.8823e+17 4.42466e+14 3.43599e+10 58 30.0312 35 0.130056
750 1.15292e+18 1.24758e+15 6.87196e+10 60 30.5527 36 0.122868
751 1.44115e+17 4.41162e+14 8.59005e+09 57 28.3672 33 0.122915
752 3.60288e+16 1.86753e+14 2.14757e+09 55 26.3828 31 0.110491
753 1.44115e+17 2.32204e+14 4.29506e+09 57 26.9434 32 0.115412
754 3.60288e+16 1.25271e+14 1.07383e+09 55 24.8076 30 0.117633
755 2.8823e+17 4.78401e+14 1.07383e+09 58 25.3838 30 0.112556
756 1.44115e+17 2.76241e+14 2.14758e+09 57 25.5938 31 0.117821
757 5.76461e+17 1.05675e+15 1.07383e+09 59 25.3525 30 0.116324
758 3.60288e+16 1.81012e+14 5.36953e+08 55 24.1934 29 0.106264
759 3.60288e+16 1.41109e+14 2.14758e+09 55 25.8125 31 0.114215
760 5.76461e+17 1.37347e+15 4.29507e+09 59 26.1016 32 0.107223
761 3.60288e+16 1.28733e+14 2.14757e+09 55 25.1172 31 0.108036
762 2.8823e+17 4.93223e+14 8.59004e+09 58 27.8213 33 0.114718
763 2.8823e+17 7.72178e+14 8.59004e+09 58 28.6777 33 0.122914
764 2.8823e+17 1.03696e+15 8.59003e+09 58 27.7275 33 0.122045
765 7.20576e+16 1.89465e+14 4.29507e+09 56 26.9912 32 0.11657
766 1.15292e+18 1.97448e+15 1.718e+10 60 29.0527 34 0.119883
767 7.20576e+16 3.25746e+14 6.87196e+10 56 31.1924 36 0.131725
768 2.8823e+17 8.00975e+14 8.59004e+09 58 28.6748 33 0.128863
769 9.22337e+18 1.2235e+16 1.718e+10 63 28.6396 34 0.126014
770 2.30584e+18 2.82399e+15 8.59003e+09 61 29.3857 33 0.128101
771 3.68935e+19 3.97509e+16 1.718e+10 65 30.1055 34 0.128206
772 4.61169e+18 5.67154e+15 8.59005e+09 62 29.0713 33 0.121291
773 1.44115e+17 3.94038e+14 3.43599e+10 57 30.6631 35 0.122304
774 3.60288e+16 2.90849e+14 1.718e+10 55 28.8027 34 0.126194
775 7.20576e+16 5.40468e+14 6.87196e+10 56 30.8262 36 0.131979
776 1.44115e+17 8.66607e+14 1.718e+10 57 29.166 34 0.129757
777 5.76461e+17 1.5767e+15 6.87196e+10 59 30.1338 36 0.129197
778 5.76461e+17 7.70491e+14 3.43598e+10 59 29.3486 35 0.125361
779 7.20576e+16 5.14844e+14 6.87196e+10 56 30.623 36 0.130145
780 4.61169e+18 5.09082e+15 6.87196e+10 62 30.0928 36 0.131225
781 1.44115e+17 5.79465e+14 6.87196e+10 57 30.3643 36 0.132482
782 4.61169e+18 5.11958e+15 3.43599e+10 62 29.2051 35 0.127509
783 1.15292e+18 2.12167e+15 6.87196e+10 60 30.1748 36 0.126823
784 1.44115e+17 6.94376e+14 8.59003e+09 57 27.5527 33 0.125304
785 4.61169e+18 1.00505e+16 1.718e+10 62 29.0205 34 0.134207
786 3.68935e+19 3.92231e+16 1.718e+10 65 28.1455 34 0.125365
787 2.30584e+18 3.93306e+15 1.37439e+11 61 31.1475 37 0.129585
788 4.61169e+18 8.15832e+15 3.43598e+10 62 28.5811 35 0.12739
789 2.8823e+17 1.47509e+15 1.718e+10 58 29.0459 34 0.132492
790 2.8823e+17 1.28793e+15 4.29506e+09 58 27.3467 32 0.122785
791 9.22337e+18 1.65819e+16 4.29505e+09 63 26.583 32 0.115886
792 4.61169e+18 6.41546e+15 2.14758e+09 62 26.4512 31 0.115515
793 4.61169e+18 8.49897e+15 2.68514e+08 62 26.1445 28 0.118744
794 3.68935e+19 4.02182e+16 2.14757e+09 65 27.0156 31 0.12644
795 4.61169e+18 9.62496e+15 8.59004e+09 62 28.334 33 0.130249
796 2.30584e+18 5.10176e+15 3.36152e+07 61 25.1748 25 0.110586
797 2.30584e+18 8.39012e+15 6.7172e+07 61 24.9238 26 0.108214
798 2.30584e+18 4.57297e+15 2.14757e+09 61 26.915 31 0.122881
799 5.76461e+17 1.49815e+15 1.34289e+08 59 24.9805 27 0.111716
800 1.84467e+19 2.23785e+16 4.29506e+09 64 27.9619 32 0.12256
801 2.95148e+20 3.19966e+17 1.718e+10 68 30.0498 34 0.132917
802 3.68935e+19 5.174e+16 1.718e+10 65 29.6562 34 0.130373
803 7.3787e+19 9.17311e+16 4.29507e+09 66 27.3545 32 0.129484
804 1.84467e+19 2.70369e+16 1.718e+10 64 28.3398 34 0.12359
805 9.22337e+18 2.0113e+16 6.87196e+10 63 31.3506 36 0.132878
806 2.30584e+18 5.64257e+15 1.718e+10 61 28.6973 34 0.129401
807 2.30584e+18 1.07477e+16 1.07383e+09 61 26.9648 30 0.129074
808 9.22337e+18 1.86936e+16 2.14758e+09 63 27.0791 31 0.116937
809 2.30584e+18 6.52417e+15 1.07382e+09 61 26.3506 30 0.116988
810 7.3787e+19 7.75984e+16 1.07383e+09 66 26.3525 30 0.114721
811 2.30584e+18 7.90059e+15 8.59003e+09 61 28.2529 33 0.121938
812 9.22337e+18 3.04026e+16 5.36947e+08 63 25.6396 29 0.115253
813 1.15292e+18 6.50568e+15 1.07382e+09 60 26.3232 30 0.114023
814 1.84467e+19 2.57716e+16 4.29506e+09 64 27.834 32 0.121176
815 1.47574e+20 1.90628e+17 1.718e+10 67 29.1055 34 0.125004
816 1.47574e+20 1.8759e+17 1.718e+10 67 29.5498 34 0.128386
817 1.15292e+18 6.53899e+15 8.59002e+09 60 28.7139 33 0.129451
818 3.68935e+19 7.42531e+16 8.59005e+09 65 28.8428 33 0.128236
819 1.88895e+22 1.84757e+19 1.718e+10 74 29.4707 34 0.129143
820 4.61169e+18 7.79349e+15 8.59004e+09 62 28.7617 33 0.131686
821 2.30584e+18 8.36506e+15 2.14756e+09 61 27.1377 31 0.122408
822 7.3787e+19 1.28558e+17 1.07383e+09 66 26.2451 30 0.118884
823 9.22337e+18 1.58172e+16 1.34286e+08 63 25.3701 27 0.115239
824 1.47574e+20 1.89946e+17 8.59003e+09 67 28.6543 33 0.126339
825 7.3787e+19 8.25349e+16 4.29506e+09 66 28.4658 32 0.130728
826 3.68935e+19 5.55718e+16 1.718e+10 65 29.6904 34 0.129952
827 2.30584e+18 5.8667e+15 3.43598e+10 61 30.3906 35 0.131733
828 3.68935e+19 6.23516e+16 1.718e+10 65 29.5117 34 0.128707
829 4.61169e+18 1.20551e+16 4.29506e+09 62 28.0635 32 0.127486
830 1.84467e+19 3.52331e+16 8.59003e+09 64 28.7129 33 0.128602
831 1.47574e+20 1.50395e+17 6.87196e+10 67 32.1582 36 0.144068
832 9.22337e+18 1.80149e+16 1.718e+10 63 30.3857 34 0.141555
833 7.3787e+19 9.48425e+16 4.29506e+09 66 27.9561 32 0.124616
834 1.84467e+19 3.17066e+16 4.29506e+09 64 28.0498 32 0.12851
835 7.3787e+19 8.33431e+16 1.07382e+09 66 26.9023 30 0.124738
836 2.95148e+20 3.11525e+17 1.718e+10 68 30.0889 34 0.135381
837 7.3787e+19 1.63629e+17 3.43598e+10 66 31.5518 35 0.143168
838 7.3787e+19 1.65362e+17 6.87196e+10 66 31.9463 36 0.144629
839 1.47574e+20 2.83623e+17 3.43598e+10 67 31.1084 35 0.146372
840 2.36118e+21 4.87129e+18 8.59003e+09 71 29.7646 33 0.144332
841 1.47574e+20 2.44622e+17 1.718e+10 67 29.748 34 0.136343
842 7.3787e+19 1.62161e+17 6.87196e+10 66 31.5342 36 0.147129
843 2.95148e+20 3.10126e+17 1.718e+10 68 29.624 34 0.136088
844 1.18059e+21 1.18995e+18 1.37439e+11 70 32.9121 37 0.14275
845 2.95148e+20 4.26122e+17 1.718e+10 68 30.625 34 0.139088
846 5.90296e+20 1.17865e+18 3.43598e+10 69 30.2246 35 0.137689
847 2.95148e+20 3.71054e+17 1.718e+10 68 30.8896 34 0.140413
848 1.18059e+21 1.2509e+18 1.718e+10 70 29.9561 34 0.133115
849 2.95148e+20 3.22184e+17 4.29505e+09 68 29.832 32 0.133816
850 3.68935e+19 4.53836e+16 1.34283e+08 65 27.7939 27 0.129976
851 7.3787e+19 1.02454e+17 5.36945e+08 66 28.3789 29 0.130244
852 1.84467e+19 3.62723e+16 1.34294e+08 64 27.5049 27 0.12784
853 1.47574e+20 1.66386e+17 8.59002e+09 67 30.3389 33 0.133448
854 3.68935e+19 1.0638e+17 1.718e+10 65 30.8672 34 0.139206
855 7.3787e+19 2.254e+17 1.718e+10 66 30.5996 34 0.139065
856 5.90296e+20 1.28032e+18 1.718e+10 69 30.4902 34 0.142526
857 2.36118e+21 2.36619e+18 1.718e+10 71 30.9473 34 0.147482
858 1.84467e+19 4.17385e+16 8.59003e+09 64 30.6484 33 0.143974
859 3.68935e+19 9.59857e+16 4.29505e+09 65 29.0498 32 0.134907
860 1.18059e+21 1.21283e+18 4.29506e+09 70 28.834 32 0.132111
861 1.18059e+21 1.36674e+18 5.36944e+08 70 27.4258 29 0.14182
862 9.22337e+18 5.17848e+16 2.14758e+09 63 29.5684 31 0.142395
863 5.90296e+20 6.39493e+17 1.07382e+09 69 28.0771 30 0.146076
864 7.3787e+19 1.29032e+17 5.3695e+08 66 27.2256 29 0.140129
865 1.84467e+19 6.99523e+16 5.36949e+08 64 27.584 29 0.131158
866 3.68935e+19 1.21938e+17 1.07382e+09 65 27.6562 30 0.134962
867 1.47574e+20 1.84659e+17 2.68508e+08 67 26.9424 28 0.125638
868 2.36118e+21 2.64731e+18 2.68501e+08 71 25.9336 28 0.119716
869 1.18059e+21 1.36334e+18 1.34285e+08 70 26.5947 27 0.132544
870 5.90296e+20 1.21954e+18 2.68507e+08 69 27.0771 28 0.130346
871 1.47574e+20 4.12883e+17 1.34278e+08 67 26.2568 27 0.125315
872 5.90296e+20 7.67505e+17 1.34284e+08 69 26.3008 27 0.124819
873 7.3787e+19 1.79247e+17 3.36103e+07 66 24.6152 25 0.117725
874 2.95148e+20 5.61241e+17 1.34281e+08 68 25.1973 27 0.115363
875 5.90296e+20 9.67623e+17 6.71654e+07 69 24.8467 26 0.1233
876 7.3787e+19 1.60106e+17 5.36943e+08 66 27.0635 29 0.124615
877 1.84467e+19 5.46989e+16 2.68495e+08 64 26.2402 28 0.135578
878 5.90296e+20 9.15746e+17 3.36126e+07 69 24.7891 25 0.121711
879 2.95148e+20 5.67107e+17 8.59001e+09 68 30.0664 33 0.133741
880 7.3787e+19 1.16939e+17 1.07382e+09 66 28.9287 30 0.134863
881 4.72237e+21 4.96203e+18 4.29505e+09 72 29.5352 32 0.14464
882 1.47574e+20 4.37854e+17 8.59003e+09 67 30.4072 33 0.141213
883 2.95148e+20 6.69023e+17 2.14758e+09 68 29.2314 31 0.1469
884 9.67141e+24 9.44715e+21 5.3693e+08 83 27.5791 29 0.137146
885 7.3787e+19 1.77696e+17 2.14758e+09 66 29.1455 31 0.132223
886 4.72237e+21 5.98486e+18 2.14757e+09 72 28.1006 31 0.128439
887 5.90296e+20 6.69422e+17 4.29505e+09 69 29.9307 32 0.137149
888 2.36118e+21 2.69164e+18 2.14755e+09 71 29.876 31 0.138546
889 1.88895e+22 1.89235e+19 1.34284e+08 74 27.207 27 0.127725
890 1.47574e+20 3.28094e+17 5.36942e+08 67 28.8711 29 0.134735
891 7.3787e+19 1.38648e+17 1.34288e+08 66 26.4531 27 0.126967
892 5.90296e+20 1.5285e+18 2.14757e+09 69 28.9141 31 0.134441
893 9.44473e+21 9.95651e+18 1.34281e+08 73 26.5156 27 0.127596
894 1.47574e+20 2.43276e+17 2.68507e+08 67 26.208 28 0.130014
895 1.47574e+20 3.0741e+17 5.36942e+08 67 26.7588 29 0.124507
896 1.84467e+19 6.47379e+16 5.36942e+08 64 27.2324 29 0.132327
897 1.18059e+21 1.18712e+18 2.685e+08 70 27.1982 28 0.134938
898 2.95148e+20 4.12527e+17 5.3695e+08 68 27.124 29 0.132072
899 7.3787e+19 1.74113e+17 2.68517e+08 66 26.4395 28 0.120995
900 7.3787e+19 1.63514e+17 6.71721e+07 66 25.2178 26 0.122606
901 1.18059e+21 1.73117e+18 2.68516e+08 70 26.7842 28 0.123739
902 2.36118e+21 3.62689e+18 2.68509e+08 71 26.6904 28 0.125394
903 4.61169e+18 2.93279e+16 3.36122e+07 62 24.418 25 0.11761
904 9.44473e+21 1.57374e+19 1.07382e+09 73 27.5264 30 0.131635
905 2.95148e+20 4.49142e+17 6.71691e+07 68 24.5703 26 0.119327
906 2.95148e+20 6.19545e+17 5.36953e+08 68 27.7109 29 0.142918
907 7.3787e+19 1.91527e+17 1.07381e+09 66 27.8516 30 0.144312
908 2.95148e+20 6.78309e+17 2.68507e+08 68 26.3115 28 0.137857
909 9.44473e+21 9.54182e+18 1.07381e+09 73 27.0127 30 0.143219
910 3.02231e+23 3.69138e+20 1.07382e+09 78 28.0283 30 0.134976
911 9.44473e+21 9.39964e+18 2.14756e+09 73 28.3076 31 0.136571
912 2.95148e+20 9.21762e+17 2.14757e+09 68 29.5488 31 0.139761
913 7.3787e+19 2.07806e+17 1.07381e+09 66 27.9648 30 0.136969
914 7.3787e+19 1.88521e+17 1.07381e+09 66 27.7764 30 0.130534
915 1.51116e+23 1.48002e+20 1.07382e+09 77 28.1514 30 0.139638
916 9.44473e+21 1.40446e+19 8.59004e+09 73 31.3018 33 0.146533
917 4.72237e+21 6.75887e+18 1.07383e+09 72 28.4199 30 0.13502
918 5.90296e+20 9.81942e+17 1.07382e+09 69 29.0859 30 0.139395
919 5.90296e+20 6.13857e+17 2.685e+08 69 26.8242 28 0.126586
920 2.36118e+21 2.88461e+18 8.59002e+09 71 31.0078 33 0.147088
921 9.44473e+21 9.62967e+18 2.14756e+09 73 28.3047 31 0.142201
922 1.18059e+21 2.36386e+18 4.29503e+09 70 28.5215 32 0.145929
923 3.68935e+19 1.20073e+17 4.29504e+09 65 28.4844 32 0.140831
924 5.90296e+20 6.77372e+17 2.68498e+08 69 26.6572 28 0.131356
925 5.90296e+20 6.938e+17 5.36951e+08 69 27.5859 29 0.131928
926 2.36118e+21 5.76863e+18 6.71745e+07 71 25.5537 26 0.133364
927 2.41785e+24 2.36138e+21 2.68503e+08 81 25.9463 28 0.133261
928 1.47574e+20 3.0489e+17 5.36938e+08 67 27.4775 29 0.136299
929 4.72237e+21 6.56699e+18 2.68503e+08 72 26.8945 28 0.145016
930 4.72237e+21 4.99067e+18 8.59003e+09 72 30.0195 33 0.150882
931 5.90296e+20 6.49212e+17 2.14755e+09 69 27.4404 31 0.148916
932 1.88895e+22 1.88703e+19 4.29504e+09 74 29.1562 32 0.139462
933 4.72237e+21 1.16546e+19 1.07383e+09 72 28.0615 30 0.141508
934 1.47574e+20 3.76459e+17 5.36931e+08 67 26.3545 29 0.136602
935 7.55579e+22 7.61113e+19 2.68505e+08 76 26.627 28 0.136545
936 1.47574e+20 3.39336e+17 2.68502e+08 67 27.207 28 0.129367
937 5.90296e+20 1.38876e+18 2.68498e+08 69 26.1484 28 0.130833
938 5.90296e+20 1.07628e+18 1.34279e+08 69 25.5479 27 0.137944
939 9.44473e+21 1.34122e+19 1.34276e+08 73 26.2686 27 0.129287
940 1.47574e+20 3.79675e+17 1.34284e+08 67 26.0059 27 0.126822
941 3.77789e+22 4.2703e+19 6.7166e+07 75 25.791 26 0.12805
942 2.36118e+21 3.63229e+18 1.34281e+08 71 26.625 27 0.134117
943 9.44473e+21 9.62563e+18 3.36075e+07 73 25.2031 25 0.132504
944 7.3787e+19 1.92413e+17 4.29504e+09 66 30.4502 32 0.151428
945 5.90296e+20 6.17224e+17 5.36955e+08 69 28.4639 29 0.141415
946 5.90296e+20 1.11966e+18 2.14756e+09 69 29.8311 31 0.146553
947 1.47574e+20 1.68378e+17 2.68498e+08 67 27.2168 28 0.147542
948 3.68935e+19 8.61285e+16 2.68516e+08 65 27.5664 28 0.136807
949 2.36118e+21 2.86947e+18 5.36952e+08 71 28.334 29 0.139924
950 3.68935e+19 8.75133e+16 5.36934e+08 65 27.79 29 0.136503
951 1.51116e+23 1.57039e+20 2.68502e+08 77 26.6309 28 0.133441
952 7.55579e+22 7.43762e+19 3.36105e+07 76 24.9336 25 0.1292
953 2.95148e+20 3.54614e+17 6.71688e+07 68 25.7578 26 0.12641
954 5.90296e+20 7.84091e+17 1.68291e+07 69 23.6504 24 0.115885
955 7.3787e+19 1.37276e+17 2.13408e+06 66 21.5195 21 0.11317
956 9.44473e+21 9.8213e+18 1.68271e+07 73 23.9561 24 0.116492
957 4.72237e+21 4.99415e+18 3.36081e+07 72 24.7998 25 0.12256
958 5.90296e+20 1.61405e+18 1.07383e+09 69 28.3096 30 0.136514
959 2.95148e+20 3.19032e+17 3.36132e+07 68 24.8193 25 0.13944
960 7.55579e+22 7.38124e+19 2.68496e+08 76 26.3262 28 0.136386
961 5.90296e+20 1.01366e+18 1.07381e+09 69 28.4355 30 0.133952
962 1.88895e+22 2.0902e+19 5.36932e+08 74 28.2305 29 0.133554
963 1.84467e+19 4.71134e+16 8.42954e+06 64 23.2324 23 0.1285
964 2.36118e+21 3.706e+18 1.68332e+07 71 24.7715 24 0.121376
965 3.68935e+19 1.83953e+17 1.07383e+09 65 28.3906 30 0.140032
966 1.88895e+22 2.36715e+19 5.3695e+08 74 28.9248 29 0.153375
967 1.51116e+23 1.55973e+20 6.71731e+07 77 27.1689 26 0.138848
968 1.18059e+21 6.14755e+18 5.36952e+08 70 29.0762 29 0.14296
969 1.51116e+23 1.54501e+20 2.14756e+09 77 30.2637 31 0.152551
970 7.55579e+22 8.42959e+19 3.36132e+07 76 27.251 25 0.139661
971 1.47574e+20 4.02196e+17 3.35966e+07 67 26.4395 25 0.136737
972 1.88895e+22 3.48861e+19 1.34274e+08 74 27.4736 27 0.144851
973 9.44473e+21 2.10005e+19 6.71715e+07 73 28.1855 26 0.146762
974 1.47574e+20 7.67243e+17 6.71621e+07 67 27.8721 26 0.148304
975 1.88895e+22 2.09243e+19 5.36938e+08 74 28.5596 29 0.13973
976 7.55579e+22 1.03846e+20 1.07382e+09 76 29.6387 30 0.145094
977 3.02231e+23 3.06923e+20 2.6849e+08 78 28.2666 28 0.137393
978 3.77789e+22 4.4652e+19 6.71682e+07 75 26.9902 26 0.133647
979 3.02231e+23 3.78844e+20 6.71571e+07 78 26.29 26 0.128371
980 3.77789e+22 5.25404e+19 3.36053e+07 75 25.8584 25 0.128777
981 6.04463e+23 6.00762e+20 1.34262e+08 79 27.1602 27 0.139206
982 3.02231e+23 6.31331e+20 3.36058e+07 78 26.9961 25 0.137255
983 1.88895e+22 2.23738e+19 3.3593e+07 74 26.2891 25 0.131596
984 2.36118e+21 5.4644e+18 6.71516e+07 71 27.292 26 0.133796
985 4.8357e+24 7.20735e+21 6.71591e+07 82 27.1904 26 0.137398
986 1.20893e+24 1.78538e+21 3.36102e+07 80 26.5996 25 0.135925
987 1.20893e+24 1.20894e+21 4.23342e+06 80 24.75 22 0.124554
988 1.51116e+23 2.32648e+20 1.68253e+07 77 26.7432 24 0.132034
989 3.77789e+22 4.43955e+19 1.68257e+07 75 26.2139 24 0.133609
990 1.51116e+23 2.07664e+20 6.7156e+07 77 28.1953 26 0.143404
991 9.67141e+24 9.64535e+21 5.36944e+08 83 29.6006 29 0.143563
992 3.77789e+22 9.46971e+19 1.34253e+08 75 28.8359 27 0.14889
993 6.04463e+23 1.78463e+21 6.71699e+07 79 28.6465 26 0.140923
994 4.8357e+24 4.82533e+21 1.34279e+08 82 29.0674 27 0.145883
995 6.04463e+23 7.98092e+20 6.87196e+10 79 33.2666 36 0.164274
996 6.04463e+23 7.06271e+20 8.59002e+09 79 31.9951 33 0.15427
997 1.54743e+26 1.5127e+23 8.59003e+09 87 32.1094 33 0.159883
998 6.04463e+23 6.15214e+20 3.43598e+10 79 34.042 35 0.166278
999 3.77789e+22 6.70839e+19 6.87196e+10 75 34.0225 36 0.166494
1000 3.86856e+25 3.78967e+22 4.29506e+09 85 31.6924 32 0.154872
1001 1.20893e+24 1.49043e+21 1.718e+10 80 33.3213 34 0.160043
1002 3.77789e+22 6.47029e+19 2.14755e+09 75 30.5195 31 0.148931
1003 4.8357e+24 9.53153e+21 8.59001e+09 82 32.293 33 0.165971
1004 3.02231e+23 3.50323e+20 1.718e+10 78 32.2734 34 0.158349
1005 1.88895e+22 4.65036e+19 1.07381e+09 74 30.4805 30 0.155166
1006 7.55579e+22 1.33552e+20 2.68511e+08 76 29.0781 28 0.149446
1007 3.09485e+26 3.02709e+23 1.34289e+08 88 29.1699 27 0.153036
1008 3.02231e+23 3.26048e+20 8.59002e+09 78 32.541 33 0.160094
1009 4.8357e+24 1.18157e+22 1.718e+10 82 32.9922 34 0.158119
1010 9.67141e+24 9.47095e+21 4.29505e+09 83 30.541 32 0.155054
1011 1.9807e+28 1.93456e+25 1.718e+10 94 32.9111 34 0.162272
1012 2.41785e+24 4.30022e+21 1.3428e+08 81 27.7969 27 0.149615
1013 2.41785e+24 2.5565e+21 8.59002e+09 81 31.9014 33 0.161619
1014 1.23794e+27 1.2099e+24 2.14756e+09 90 30.6729 31 0.151322
1015 1.93428e+25 3.56609e+22 2.68505e+08 84 29.6533 28 0.150273
1016 1.20893e+24 2.07764e+21 4.29504e+09 80 30.5596 32 0.152211
1017 1.23794e+27 1.20945e+24 5.36936e+08 90 28.9219 29 0.151427
1018 3.96141e+28 3.88429e+25 5.36948e+08 95 29.8232 29 0.148066
1019 6.1897e+26 6.06656e+23 5.36926e+08 89 29.3955 29 0.146145
1020 9.67141e+24 1.87267e+22 1.3428e+08 83 29.0635 27 0.145829
1021 9.67141e+24 9.53973e+21 6.7166e+07 83 28.3457 26 0.150614
1022 6.04463e+23 1.09377e+21 3.36167e+07 79 28.0439 25 0.13979
1023 7.55579e+22 1.13775e+20 6.71663e+07 76 27.5615 26 0.137703
1024 6.04463e+23 6.22412e+20 3.36053e+07 79 27.0117 25 0.1386
1025 6.04463e+23 6.60108e+20 1.07381e+09 79 30.1758 30 0.147692
1026 6.04463e+23 7.5108e+20 1.3427e+08 79 28.0273 27 0.142423
1027 9.67141e+24 1.28833e+22 1.07381e+09 83 29.9111 30 0.152424
1028 1.20893e+24 1.43785e+21 2.14755e+09 80 30.1104 31 0.146873
1029 2.41785e+24 2.77176e+21 5.3693e+08 81 28.4941 29 0.141
1030 7.73713e+25 7.66521e+22 1.34269e+08 86 27.667 27 0.144388
1031 1.54743e+26 3.31845e+23 4.2389e+06 87 25.249 22 0.131302
1032 3.86856e+25 4.791e+22 1.34285e+08 85 28.2998 27 0.147689
1033 9.67141e+24 1.01657e+22 5.3694e+08 83 28.8857 29 0.1453
1034 6.04463e+23 1.44515e+21 5.36941e+08 79 29.4873 29 0.147923
1035 1.20893e+24 2.01917e+21 5.36949e+08 80 29.4365 29 0.149285
1036 1.51116e+23 6.17928e+20 1.07382e+09 77 29.9648 30 0.149037
1037 9.67141e+24 1.71668e+22 2.14755e+09 83 30.418 31 0.152261
1038 1.20893e+24 1.56601e+21 2.14757e+09 80 31.209 31 0.156638
1039 3.09485e+26 3.08156e+23 4.29505e+09 88 31.2891 32 0.156893
1040 3.02231e+23 4.77255e+20 8.59002e+09 78 31.9648 33 0.153996
1041 1.20893e+24 1.65308e+21 2.14754e+09 80 29.7002 31 0.144322
1042 7.55579e+22 1.76835e+20 2.14755e+09 76 30.3027 31 0.151279
1043 3.77789e+22 8.81034e+19 1.07381e+09 75 29.7422 30 0.14656
1044 1.88895e+22 3.70842e+19 1.0738e+09 74 29.0342 30 0.148374
1045 4.95176e+27 4.8747e+24 2.14755e+09 92 29.8574 31 0.144149
1046 3.77789e+22 6.25569e+19 5.36945e+08 75 28.9404 29 0.143738
1047 6.04463e+23 1.03916e+21 2.68502e+08 79 28.3828 28 0.138333
1048 4.8357e+24 4.81685e+21 6.71666e+07 82 25.9424 26 0.133003
1049 2.41785e+24 5.68867e+21 2.14755e+09 81 29.8848 31 0.149684
1050 1.54743e+26 1.57397e+23 2.14756e+09 87 30.1592 31 0.150366
1051 1.51116e+23 1.77408e+20 6.71657e+07 77 25.9072 26 0.134894
1052 9.90352e+27 9.67148e+24 8.4282e+06 93 23.9531 23 0.136433
1053 1.51116e+23 1.76963e+20 8.44523e+06 77 24.7852 23 0.125223
1054 1.93428e+25 1.97899e+22 3.36081e+07 84 25.4502 25 0.128289
1055 4.8357e+24 4.89608e+21 1.68287e+07 82 25.0859 24 0.124768
1056 9.44473e+21 2.37346e+19 1.08173e+06 73 22.2666 20 0.113452
1057 3.02231e+23 4.66345e+20 2.68504e+08 78 27.9355 28 0.141955
1058 3.09485e+26 5.68631e+23 1.07382e+09 88 29.2324 30 0.144834
1059 1.51116e+23 4.38459e+20 2.68511e+08 77 28.0615 28 0.135879
1060 1.88895e+22 5.29942e+19 6.71676e+07 74 26.4404 26 0.133728
1061 9.44473e+21 1.23996e+19 2.68502e+08 73 27.3457 28 0.13873
1062 1.51116e+23 2.80758e+20 6.71674e+07 77 27.2441 26 0.143928
1063 3.02231e+23 6.00562e+20 6.71587e+07 78 26.3018 26 0.140546
1064 2.41785e+24 3.36516e+21 3.36017e+07 81 25.9375 25 0.134575
1065 6.04463e+23 6.80466e+20 6.71557e+07 79 26.8066 26 0.137489
1066 3.02231e+23 6.63751e+20 1.07381e+09 78 28.7256 30 0.141885
1067 3.02231e+23 3.13875e+20 2.14757e+09 78 29.8564 31 0.147568
1068 1.20893e+24 2.40829e+21 2.68507e+08 80 29.2959 28 0.143384
1069 1.20893e+24 1.22275e+21 2.68495e+08 80 27.9121 28 0.134826
1070 1.88895e+22 2.77061e+19 3.36197e+07 74 26.3105 25 0.130741
1071 7.55579e+22 7.68243e+19 8.44026e+06 76 26.1055 23 0.128792
1072 7.55579e+22 1.23411e+20 2.13462e+06 76 23.4648 21 0.121926
1073 6.1897e+26 6.05918e+23 1.68187e+07 89 25.793 24 0.132991
1074 2.36118e+21 7.13437e+18 4.23045e+06 71 24.4375 22 0.132546
1075 3.77789e+22 4.29329e+19 1.07691e+06 75 21.3994 20 0.124557
1076 2.36118e+21 8.24399e+18 6.71697e+07 71 27.2998 26 0.139542
1077 6.04463e+23 6.35711e+20 1.68228e+07 79 25.8076 24 0.142411
1078 4.8357e+24 5.12481e+21 5.3693e+08 82 28.1729 29 0.140549
1079 1.20893e+24 1.45137e+21 1.07383e+09 80 29.4951 30 0.147206
1080 1.54743e+26 1.51981e+23 8.59004e+09 87 32.0586 33 0.155482
1081 1.51116e+23 1.60528e+20 2.14755e+09 77 30.3447 31 0.155337
1082 1.93428e+25 1.97357e+22 2.6849e+08 84 27.5039 28 0.137952
1083 2.41785e+24 4.09849e+21 6.71677e+07 81 26.8291 26 0.144999
1084 1.51116e+23 1.99128e+20 1.34278e+08 77 27.4404 27 0.13911
1085 9.67141e+24 1.14069e+22 1.3428e+08 83 27.208 27 0.140747
1086 6.04463e+23 1.03915e+21 1.68253e+07 79 25.002 24 0.126987
1087 6.04463e+23 7.15395e+20 8.43567e+06 79 24.8809 23 0.125246
1088 6.1897e+26 6.05727e+23 2.12808e+06 89 23.3428 21 0.119815
1089 9.67141e+24 1.41818e+22 157645 83 20.8145 17 0.108916
1090 3.77789e+22 6.30101e+19 4.23534e+06 75 23.6934 22 0.122531
1091 4.8357e+24 5.94364e+21 3.36061e+07 82 26.2432 25 0.131761
1092 9.67141e+24 9.97676e+21 8.43378e+06 83 24.7295 23 0.124295
1093 3.02231e+23 4.63918e+20 2.68492e+08 78 28.3838 28 0.140663
1094 4.8357e+24 5.00867e+21 5.36941e+08 82 28.957 29 0.145285
1095 4.8357e+24 5.98693e+21 1.34284e+08 82 28.9502 27 0.151171
1096 1.20893e+24 2.45944e+21 3.43598e+10 80 32.9727 35 0.16057
1097 3.86856e+25 3.787e+22 1.07379e+09 85 29.4033 30 0.148861
1098 6.1897e+26 6.04802e+23 4.29506e+09 89 31.4697 32 0.15704
1099 2.47588e+27 2.41806e+24 1.07381e+09 91 28.8789 30 0.15111
1100 7.55579e+22 1.05773e+20 1.0738e+09 76 28.5557 30 0.147077
1101 3.02231e+23 5.07599e+20 4.29503e+09 78 30.2227 32 0.151394
1102 1.20893e+24 1.83342e+21 3.43598e+10 80 32.8037 35 0.159162
1103 3.09485e+26 3.04156e+23 1.718e+10 88 31.9883 34 0.16733
1104 3.02231e+23 3.85278e+20 1.71799e+10 78 31.1885 34 0.160055
1105 3.02231e+23 7.60422e+20 2.14757e+09 78 30.291 31 0.161512
1106 6.04463e+23 6.60276e+20 1.07382e+09 79 29.5586 30 0.149336
1107 4.8357e+24 5.80181e+21 1.07382e+09 82 29.4736 30 0.150637
1108 3.09485e+26 3.02774e+23 5.36937e+08 88 28.3379 29 0.143645
1109 1.93428e+25 3.24995e+22 8.59003e+09 84 32.4355 33 0.162613
1110 1.20893e+24 1.362e+21 8.59001e+09 80 32.1045 33 0.161138
1111 3.86856e+25 3.7908e+22 5.36925e+08 85 28.3574 29 0.146369
1112 6.04463e+23 1.15219e+21 1.07382e+09 79 29.5566 30 0.153599
1113 1.51116e+23 4.0899e+20 4.29504e+09 77 30.7812 32 0.16328
1114 3.02231e+23 5.77614e+20 4.29502e+09 78 30.8203 32 0.16128
1115 9.90352e+27 9.98196e+24 4.29504e+09 93 31.4121 32 0.165543
1116 1.93428e+25 2.98956e+22 4.29504e+09 84 30.6504 32 0.159354
1117 7.92282e+28 7.73943e+25 2.685e+08 96 28.2021 28 0.146905
1118 3.02231e+23 3.35762e+20 1.6824e+07 78 26.1084 24 0.139352
1119 7.73713e+25 1.55228e+23 1.34282e+08 86 27.6279 27 0.141038
1120 3.86856e+25 6.28928e+22 2.68476e+08 85 27.6934 28 0.15126
1121 1.93428e+25 2.55585e+22 1.0738e+09 84 29.1455 30 0.147417
1122 6.1897e+26 6.06454e+23 8.59001e+09 89 31.2373 33 0.15437
1123 7.55579e+22 2.27212e+20 2.68498e+08 76 28.0459 28 0.14233
1124 1.54743e+26 1.75389e+23 2.68501e+08 87 27.8906 28 0.14193
1125 4.95176e+27 5.19567e+24 2.68498e+08 92 28.6846 28 0.144175
1126 3.09485e+26 3.43436e+23 2.68492e+08 88 28.293 28 0.143565
1127 1.23794e+27 1.51218e+24 1.68309e+07 90 26.0479 24 0.136648
1128 3.96141e+28 3.87282e+25 1.34278e+08 95 27.9619 27 0.145014
1129 3.86856e+25 4.66126e+22 1.34277e+08 85 27.626 27 0.145938
1130 2.47588e+27 3.95e+24 2.14756e+09 91 30.7998 31 0.157214
1131 1.54743e+26 2.15149e+23 2.68508e+08 87 29.0781 28 0.153241
1132 9.67141e+24 1.57148e+22 2.14755e+09 83 29.5146 31 0.151181
1133 7.92282e+28 7.74115e+25 1.34249e+08 96 26.9688 27 0.138063
1134 4.95176e+27 4.87751e+24 2.68499e+08 92 29.3838 28 0.151731
1135 4.95176e+27 4.91216e+24 1.07382e+09 92 30.1191 30 0.151061
1136 9.90352e+27 1.06317e+25 2.68482e+08 93 29.0654 28 0.145708
1137 3.02231e+23 9.25068e+20 2.14756e+09 78 31.1191 31 0.153851
1138 9.90352e+27 9.72599e+24 8.59004e+09 93 32.4287 33 0.158863
1139 1.23794e+27 1.23608e+24 6.87196e+10 90 34.5479 36 0.173234
1140 1.9807e+28 1.94252e+25 1.718e+10 94 32.1768 34 0.165264
1141 1.9807e+28 2.02897e+25 8.59003e+09 94 32.2539 33 0.15782
1142 4.95176e+27 4.84706e+24 4.29505e+09 92 31.8291 32 0.158958
1143 7.92282e+28 7.84872e+25 2.14756e+09 96 31.5254 31 0.161088
1144 9.67141e+24 1.17357e+22 8.59e+09 83 32.0273 33 0.15956
1145 1.9807e+28 1.93665e+25 2.14756e+09 94 31.2783 31 0.160601
1146 3.09485e+26 4.74639e+23 1.71799e+10 88 32.4844 34 0.16605
1147 3.09485e+26 1.28795e+24 2.14756e+09 88 31.8203 31 0.158184
1148 1.93428e+25 4.02606e+22 4.29504e+09 84 31 32 0.16236
1149 3.09485e+26 3.03051e+23 2.685e+08 88 29.5342 28 0.153609
1150 7.92282e+28 7.76749e+25 8.59003e+09 96 31.8467 33 0.154277
1151 9.67141e+24 1.4539e+22 8.59003e+09 83 32.5967 33 0.163388
1152 2.47588e+27 3.5104e+24 1.07383e+09 91 30.9629 30 0.164183
1153 7.73713e+25 8.21603e+22 4.29505e+09 86 31.2188 32 0.165446
1154 7.92282e+28 7.73714e+25 1.07382e+09 96 30.2197 30 0.155922
1155 9.67141e+24 2.48712e+22 4.29506e+09 83 31.6797 32 0.156322
1156 7.92282e+28 1.56195e+26 2.14757e+09 96 30.917 31 0.168338
1157 6.1897e+26 6.16388e+23 2.14755e+09 89 30.2559 31 0.14993
1158 4.95176e+27 4.88299e+24 1.07381e+09 92 29.7881 30 0.163064
1159 1.20893e+24 1.39456e+21 8.59001e+09 80 30.918 33 0.154885
1160 1.93428e+25 1.91327e+22 1.718e+10 84 32.3691 34 0.161559
1161 7.92282e+28 8.71366e+25 4.29505e+09 96 31.1436 32 0.156487
1162 1.23794e+27 2.35317e+24 1.718e+10 90 33.8867 34 0.168849
1163 4.95176e+27 6.74226e+24 8.59e+09 92 32.9062 33 0.177148
1164 3.96141e+28 5.90088e+25 2.14756e+09 95 31.332 31 0.164065
1165 7.92282e+28 7.77899e+25 2.68501e+08 96 29.4844 28 0.177262
1166 1.9807e+28 1.96299e+25 1.718e+10 94 33.2959 34 0.166482
1167 7.73713e+25 9.65303e+22 2.68497e+08 86 29.1416 28 0.155181
1168 9.90352e+27 1.15134e+25 1.718e+10 93 33.9873 34 0.167949
1169 6.1897e+26 6.46602e+23 1.07382e+09 89 30.3643 30 0.174247
1170 3.96141e+28 3.9447e+25 1.718e+10 95 33.3623 34 0.175189
1171 2.47588e+27 2.51413e+24 1.34276e+08 91 28.7842 27 0.158342
1172 3.96141e+28 4.14306e+25 6.71593e+07 95 27.9316 26 0.148519
1173 7.92282e+28 8.1112e+25 8.4253e+06 96 26.0098 23 0.138958
1174 6.04463e+23 1.87581e+21 2.12796e+06 79 24.6709 21 0.131299
1175 4.95176e+27 4.9117e+24 1.68257e+07 92 26.3975 24 0.141272
1176 6.1897e+26 1.07998e+24 1.07381e+09 89 30.8057 30 0.15972
1177 2.47588e+27 2.53381e+24 8.59002e+09 91 32.416 33 0.160771
1178 3.86856e+25 1.13985e+23 4.29505e+09 85 32.0537 32 0.16112
1179 3.96141e+28 4.48073e+25 4.29504e+09 95 32.1162 32 0.166038
1180 7.73713e+25 8.5938e+22 4.29504e+09 86 31.3369 32 0.161397
1181 1.93428e+25 1.93428e+22 4.29504e+09 84 30.6387 32 0.159459
1182 7.92282e+28 9.69506e+25 8.59003e+09 96 32.6484 33 0.169383
1183 3.09485e+26 5.78052e+23 2.14755e+09 88 30.626 31 0.165521
1184 1.93428e+25 1.99352e+22 1.07382e+09 84 29.8584 30 0.155392
1185 9.90352e+27 9.67287e+24 1.07382e+09 93 29.542 30 0.151503
1186 1.54743e+26 1.53824e+23 1.07381e+09 87 29.8145 30 0.158562
1187 2.47588e+27 2.72992e+24 2.14754e+09 91 30.168 31 0.153277
1188 4.95176e+27 6.1076e+24 1.718e+10 92 33.0859 34 0.169405
1189 7.92282e+28 7.75624e+25 8.59001e+09 96 32.2549 33 0.162944
1190 2.47588e+27 2.41973e+24 8.59003e+09 91 32.3477 33 0.166476
1191 6.1897e+26 1.10524e+24 2.14756e+09 89 31.6211 31 0.165715
1192 1.93428e+25 4.20661e+22 5.36944e+08 84 29.9805 29 0.157539
1193 1.9807e+28 1.94005e+25 2.68497e+08 94 28.4668 28 0.16339
1194 6.1897e+26 6.42767e+23 5.36947e+08 89 29.21 29 0.153121
1195 6.04463e+23 1.08769e+21 1.07383e+09 79 29.7881 30 0.1562
1196 9.90352e+27 1.24687e+25 2.14754e+09 93 30.583 31 0.165189
1197 9.90352e+27 9.74723e+24 1.07382e+09 93 29.5117 30 0.156296
1198 4.8357e+24 5.40087e+21 5.36941e+08 82 29.7432 29 0.15406
1199 7.92282e+28 8.28141e+25 1.07382e+09 96 30.8486 30 0.161112
1200 4.8357e+24 4.96845e+21 2.68506e+08 82 29.251 28 0.149724
1201 1.9807e+28 2.08734e+25 2.68488e+08 94 29.1152 28 0.154104
1202 4.95176e+27 5.48062e+24 1.07379e+09 92 29.877 30 0.152728
1203 1.20893e+24 1.36491e+21 2.14757e+09 80 30.2676 31 0.149782
1204 2.47588e+27 2.41825e+24 5.36938e+08 91 28.4111 29 0.148199
1205 7.92282e+28 7.73726e+25 5.36936e+08 96 28.9141 29 0.143355
1206 7.73713e+25 9.44581e+22 2.68494e+08 86 27.7988 28 0.144064
1207 1.20893e+24 1.46066e+21 1.34285e+08 80 28.0273 27 0.142553
1208 4.8357e+24 4.88136e+21 2.68506e+08 82 28.3008 28 0.158663
1209 9.67141e+24 9.59757e+21 1.34284e+08 83 27.6758 27 0.143502
1210 1.93428e+25 1.89768e+22 3.35981e+07 84 25.5078 25 0.139029
1211 3.09485e+26 3.02235e+23 3.36065e+07 88 25.8555 25 0.141729
1212 7.55579e+22 7.85569e+19 153223 76 19.9844 17 0.125689
1213 2.36118e+21 4.3322e+18 6.71508e+07 71 25.3486 26 0.133858
1214 3.02231e+23 3.16366e+20 8.43298e+06 78 24.2246 23 0.135763
1215 4.95176e+27 7.27245e+24 3.36021e+07 92 25.1934 25 0.13019
1216 1.20893e+24 1.87869e+21 3.35985e+07 80 26.0225 25 0.135209
1217 4.8357e+24 4.79419e+21 8.43137e+06 82 23.999 23 0.130041
1218 7.92282e+28 7.73938e+25 1.68301e+07 96 25.2949 24 0.144664
1219 3.86856e+25 3.79458e+22 6.71641e+07 85 26.0527 26 0.138649
1220 1.88895e+22 3.20548e+19 3.35988e+07 74 25.1768 25 0.131591
1221 7.55579e+22 8.11889e+19 1.68279e+07 76 24.2578 24 0.129463
1222 5.90296e+20 1.26701e+18 2.13012e+06 69 22.3193 21 0.117472
1223 1.93428e+25 1.89097e+22 1.68218e+07 84 24.2959 24 0.127066
1224 1.93428e+25 3.57987e+22 1.34282e+08 84 27.7881 27 0.1409
1225 1.51116e+23 2.05561e+20 3.36093e+07 77 25.9814 25 0.143473
1226 3.86856e+25 3.78043e+22 1.34268e+08 85 26.5195 27 0.137888
1227 3.77789e+22 4.94069e+19 6.71682e+07 75 26.8516 26 0.138804
1228 3.09485e+26 3.02419e+23 3.36106e+07 88 26.3936 25 0.133405
1229 1.93428e+25 2.04024e+22 2.68504e+08 84 29.0713 28 0.146722
1230 7.55579e+22 8.56327e+19 2.14755e+09 76 29.749 31 0.147321
1231 2.41785e+24 3.70623e+21 1.07382e+09 81 29.7256 30 0.14853
1232 2.41785e+24 2.73048e+21 5.36924e+08 81 28.8281 29 0.1457
1233 2.95148e+20 5.46501e+17 1.68271e+07 68 24.4707 24 0.12753
1234 4.8357e+24 4.72608e+21 555262 82 21.6934 19 0.118982
1235 4.8357e+24 6.0628e+21 3.36124e+07 82 25.7373 25 0.131769
1236 2.41785e+24 2.58179e+21 6.71606e+07 81 26.5127 26 0.136063
1237 6.1897e+26 6.24592e+23 6.71628e+07 89 26.4834 26 0.137576
1238 3.09485e+26 4.55723e+23 2.6849e+08 88 27.793 28 0.142389
1239 1.93428e+25 1.89265e+22 8.4371e+06 84 23.3613 23 0.128763
1240 3.77789e+22 9.08322e+19 2.68489e+08 75 27.665 28 0.143578
1241 7.92282e+28 7.76088e+25 1.34274e+08 96 27.5508 27 0.142237
1242 1.51116e+23 3.67806e+20 6.71687e+07 77 25.8066 26 0.135822
1243 7.92282e+28 7.73718e+25 3.3607e+07 96 25.6934 25 0.132186
1244 1.23794e+27 1.20968e+24 2.68502e+08 90 27.4609 28 0.142847
1245 4.8357e+24 6.71144e+21 1.68161e+07 82 24.6992 24 0.134313
1246 1.93428e+25 2.7769e+22 3.35665e+07 84 25.6436 25 0.141757
1247 7.92282e+28 8.04315e+25 3.35856e+07 96 25.1152 25 0.133053
1248 7.92282e+28 7.74482e+25 3.35947e+07 96 25.0693 25 0.138032
1249 1.93428e+25 2.42218e+22 6.71621e+07 84 26.7354 26 0.143142
1250 7.92282e+28 1.54744e+26 1.68235e+07 96 24.877 24 0.131063
1251 7.92282e+28 1.54895e+26 2.12842e+06 96 22.3389 21 0.11927
1252 1.54743e+26 1.70632e+23 3.35923e+07 87 25.2334 25 0.134849
1253 6.1897e+26 7.57769e+23 4.22711e+06 89 23.0889 22 0.127907
1254 7.92282e+28 1.25734e+26 1.68109e+07 96 24.8906 24 0.132205
1255 1.93428e+25 4.55086e+22 3.35978e+07 84 26.1436 25 0.141934
1256 7.92282e+28 7.7383e+25 1.3427e+08 96 27.0381 27 0.142421
1257 7.92282e+28 1.64416e+26 1.68232e+07 96 25 24 0.131321
1258 7.92282e+28 7.73714e+25 8.41985e+06 96 23.4873 23 0.12893
1259 7.92282e+28 8.94607e+25 4.23857e+06 96 22.9971 22 0.120535
1260 2.47588e+27 4.98942e+24 3.36001e+07 91 25.665 25 0.133841
1261 7.92282e+28 1.86634e+26 1.68121e+07 96 24.9307 24 0.132039
1262 7.92282e+28 7.75242e+25 8.42133e+06 96 23.8223 23 0.124569
1263 7.92282e+28 7.73716e+25 546207 96 21.4062 19 0.12479
1264 7.92282e+28 7.79768e+25 1.68222e+07 96 25.1436 24 0.134637
1265 3.86856e+25 4.18593e+22 21352.9 85 18.126 13 0.106848
1266 7.92282e+28 8.09986e+25 8.42698e+06 96 23.7998 23 0.126879
1267 7.92282e+28 1.57203e+26 3.3607e+07 96 26.6221 25 0.140496
1268 7.92282e+28 7.85875e+25 6.7144e+07 96 26.4336 26 0.138824
1269 7.92282e+28 1.76503e+26 3.36034e+07 96 25.4199 25 0.13245
1270 3.86856e+25 3.94562e+22 8.4318e+06 85 23.4717 23 0.122431
1271 2.41785e+24 3.24978e+21 3.36062e+07 81 25.833 25 0.132732
1272 7.92282e+28 8.70902e+25 4.24093e+06 96 22.9795 22 0.122899
1273 7.92282e+28 7.73714e+25 8.43458e+06 96 23.6777 23 0.126057
1274 7.92282e+28 7.75274e+25 1.68259e+07 96 23.8027 24 0.126359
1275 2.47588e+27 2.57909e+24 6.7161e+07 91 26.2266 26 0.133392
1276 4.95176e+27 4.83809e+24 1.68145e+07 92 23.7021 24 0.121494
1277 6.1897e+26 1.58762e+24 3.36004e+07 89 25.8838 25 0.135002
1278 1.93428e+25 2.18644e+22 3.35963e+07 84 25.0352 25 0.133606
1279 1.9807e+28 2.93199e+25 4.23003e+06 94 24.2529 22 0.1273
1280 9.90352e+27 1.32996e+25 2.13737e+06 93 23.0088 21 0.123393
1281 7.73713e+25 2.27133e+23 8.43518e+06 86 24.5752 23 0.125708
1282 3.09485e+26 3.12601e+23 1.6824e+07 88 25.459 24 0.129283
1283 1.23794e+27 1.87133e+24 2.68496e+08 90 28.3115 28 0.142922
1284 7.92282e+28 1.00498e+26 3.35982e+07 96 26.5527 25 0.136265
1285 7.92282e+28 7.7844e+25 3.36156e+07 96 26.041 25 0.130826
1286 9.90352e+27 1.48945e+25 3.36081e+07 93 26.1553 25 0.132776
1287 3.86856e+25 3.9101e+22 1.68249e+07 85 25.2539 24 0.133802
1288 7.92282e+28 8.23596e+25 3.36044e+07 96 26.5352 25 0.133045
1289 7.73713e+25 7.691e+22 6.71615e+07 86 26.8682 26 0.136838
1290 7.92282e+28 7.75252e+25 4.23694e+06 96 23.8721 22 0.128704
1291 3.86856e+25 5.25016e+22 4.23762e+06 85 24.8809 22 0.129228
1292 6.1897e+26 9.23593e+23 2.13769e+06 89 25.1006 21 0.134107
1293 1.23794e+27 2.17057e+24 1.08441e+06 90 23.5957 20 0.126809
1294 7.92282e+28 1.91627e+26 1.08238e+06 96 24.7236 20 0.143804
1295 4.95176e+27 7.97389e+24 547625 92 21.9883 19 0.130932
1296 7.92282e+28 1.12431e+26 1.08193e+06 96 24.0664 20 0.134236
1297 7.92282e+28 1.55123e+26 1.07087e+06 96 23.459 20 0.131053
1298 9.90352e+27 1.40224e+25 4.23324e+06 93 25.8633 22 0.138052
1299 7.92282e+28 2.09012e+26 8.44089e+06 96 26.9541 23 0.150064
1300 7.92282e+28 1.62457e+26 1.68274e+07 96 27.8018 24 0.153234
1301 7.92282e+28 8.18063e+25 3.3605e+07 96 27.8672 25 0.152065
1302 7.92282e+28 4.26129e+26 4.23614e+06 96 27.3701 22 0.152677
1303 7.92282e+28 9.19824e+25 1.07696e+06 96 23.4697 20 0.13103
1304 7.92282e+28 1.66384e+26 2.13468e+06 96 25.1523 21 0.140031
1305 7.92282e+28 1.03801e+26 2.13408e+06 96 25.3525 21 0.145273
1306 7.92282e+28 2.53084e+26 3.35904e+07 96 28.5244 25 0.14787
1307 7.92282e+28 2.0489e+26 6.71604e+07 96 29.5703 26 0.154416
1308 1.9807e+28 2.05922e+25 8.42425e+06 94 26.0127 23 0.140158
1309 7.92282e+28 3.84679e+26 2.14756e+09 96 31.7002 31 0.164788
1310 9.90352e+27 1.70435e+25 5.36938e+08 93 31.582 29 0.166448
1311 7.92282e+28 2.62481e+26 3.36073e+07 96 29.7158 25 0.158225
1312 7.92282e+28 2.88426e+26 1.34266e+08 96 29.6484 27 0.157965
1313 7.92282e+28 1.78484e+26 2.6849e+08 96 29.8027 28 0.154124
1314 7.92282e+28 1.17704e+26 5.36919e+08 96 29.8711 29 0.157892
1315 4.95176e+27 1.44344e+25 2.14753e+09 92 31.5029 31 0.164507
1316 7.92282e+28 1.16841e+26 5.36924e+08 96 30.1211 29 0.156492
1317 7.92282e+28 2.60159e+26 1.68231e+07 96 28.0586 24 0.148463
1318 3.09485e+26 6.77364e+23 3.36098e+07 88 28.041 25 0.144031
1319 7.92282e+28 1.83909e+26 2.14757e+09 96 31.5303 31 0.160293
1320 7.92282e+28 9.46201e+25 1.07381e+09 96 30.9199 30 0.157003
1321 7.92282e+28 4.06305e+26 2.14756e+09 96 31.8955 31 0.15964
1322 7.92282e+28 1.00208e+26 4.29504e+09 96 31.4814 32 0.163593
1323 7.92282e+28 2.54275e+26 5.36939e+08 96 30.165 29 0.158463
1324 7.92282e+28 2.4284e+26 5.36943e+08 96 30.4072 29 0.157948
1325 7.92282e+28 2.22763e+26 1.07383e+09 96 31.6611 30 0.158209
1326 7.92282e+28 2.06326e+26 2.68499e+08 96 30.1924 28 0.154577
1327 7.92282e+28 2.4453e+26 2.68496e+08 96 30.041 28 0.160758
1328 7.92282e+28 3.27172e+26 1.34271e+08 96 29.3809 27 0.162533
1329 7.92282e+28 3.64873e+26 1.0738e+09 96 30.9668 30 0.164808
1330 7.92282e+28 1.57747e+26 1.07381e+09 96 31.9668 30 0.166455
1331 7.92282e+28 1.58011e+26 5.36938e+08 96 31.1084 29 0.162291
1332 7.92282e+28 2.42623e+26 2.14756e+09 96 32.6348 31 0.16135
1333 7.92282e+28 8.80873e+25 2.14757e+09 96 31.707 31 0.161984
1334 7.92282e+28 2.86861e+26 1.07382e+09 96 32.1289 30 0.161548
1335 7.92282e+28 2.05842e+26 1.07382e+09 96 32.3545 30 0.163199
1336 7.92282e+28 7.86638e+25 4.29504e+09 96 31.9639 32 0.157962
1337 7.92282e+28 8.46385e+25 1.07382e+09 96 31.0586 30 0.156627
1338 3.09485e+26 4.13901e+23 1.3428e+08 88 29.3008 27 0.151604
1339 3.09485e+26 8.37518e+23 5.36927e+08 88 30.1709 29 0.155823
1340 2.47588e+27 3.84398e+24 5.36924e+08 91 29.2822 29 0.151668
1341 7.92282e+28 9.93126e+25 4.29505e+09 96 33.0469 32 0.161495
1342 7.92282e+28 1.62993e+26 8.59003e+09 96 34.1055 33 0.173885
1343 7.92282e+28 2.60451e+26 4.29505e+09 96 33.8018 32 0.174092
1344 7.92282e+28 1.72244e+26 1.718e+10 96 34.8232 34 0.176176
1345 7.92282e+28 5.10325e+26 4.29505e+09 96 32.6631 32 0.167411
1346 7.92282e+28 2.60969e+26 1.71799e+10 96 34.0986 34 0.168318
1347 7.92282e+28 5.57889e+26 1.718e+10 96 34.3828 34 0.171366
1348 7.92282e+28 2.93098e+26 8.59003e+09 96 34.4814 33 0.178552
1349 7.92282e+28 1.54837e+26 8.59002e+09 96 33.3662 33 0.176266
1350 7.92282e+28 4.90525e+26 8.59002e+09 96 33.6875 33 0.16914
1351 7.92282e+28 2.98645e+26 1.07382e+09 96 31.6758 30 0.166776
1352 7.92282e+28 2.3382e+26 1.718e+10 96 34.0449 34 0.171777
1353 7.92282e+28 4.36741e+26 1.718e+10 96 34.8506 34 0.180664
1354 7.92282e+28 3.91233e+26 1.71799e+10 96 34.5234 34 0.172514
1355 7.92282e+28 4.05126e+26 8.59002e+09 96 33.5889 33 0.169801
1356 7.92282e+28 8.15175e+26 1.718e+10 96 34.7529 34 0.182717
1357 7.92282e+28 6.72357e+26 3.43598e+10 96 35.0625 35 0.181994
1358 7.92282e+28 6.43509e+26 1.718e+10 96 34.4668 34 0.173141
1359 7.92282e+28 5.13551e+26 1.718e+10 96 34.8447 34 0.180903
1360 7.92282e+28 4.62148e+26 4.29504e+09 96 33.8545 32 0.172649
1361 7.92282e+28 6.3544e+26 8.59002e+09 96 33.6416 33 0.173387
1362 7.92282e+28 4.90667e+26 1.718e+10 96 35.1064 34 0.175172
1363 7.92282e+28 2.04858e+26 1.718e+10 96 34.4688 34 0.181217
1364 7.92282e+28 4.44076e+26 8.59002e+09 96 33.7314 33 0.172343
1365 7.92282e+28 3.74813e+26 1.718e+10 96 34.8633 34 0.183026
1366 7.92282e+28 5.7666e+26 8.58998e+09 96 33.8037 33 0.172713
1367 7.92282e+28 4.75347e+26 8.59002e+09 96 34.2207 33 0.176568
1368 7.92282e+28 4.73967e+26 4.29505e+09 96 33.5391 32 0.175834
1369 7.92282e+28 2.5216e+26 1.07381e+09 96 31.3779 30 0.164728
1370 7.92282e+28 3.65798e+26 2.14755e+09 96 33.0938 31 0.170208
1371 7.92282e+28 3.92871e+26 3.43598e+10 96 34.5459 35 0.175448
1372 7.92282e+28 5.32111e+26 2.14756e+09 96 33.2246 31 0.171874
1373 7.92282e+28 2.27507e+26 1.71799e+10 96 34.7646 34 0.175221
1374 7.92282e+28 6.04289e+26 8.59e+09 96 34.7627 33 0.17522
1375 7.92282e+28 5.94388e+26 2.14756e+09 96 32.6211 31 0.169398
1376 7.92282e+28 2.05323e+26 4.29506e+09 96 33.2354 32 0.174819
1377 7.92282e+28 8.59287e+25 8.59002e+09 96 32.7051 33 0.174803
1378 7.92282e+28 4.88215e+26 2.68496e+08 96 30.0938 28 0.162188
1379 7.92282e+28 5.23474e+26 1.07382e+09 96 31.5889 30 0.163116
1380 1.9807e+28 3.26998e+25 2.14757e+09 94 32.2002 31 0.163733
1381 7.92282e+28 2.01607e+26 2.14755e+09 96 31.5391 31 0.16403
1382 7.92282e+28 3.40128e+26 1.07381e+09 96 30.8203 30 0.162159
1383 7.92282e+28 4.96827e+26 2.14755e+09 96 30.9453 31 0.158759
1384 7.92282e+28 4.03052e+26 1.07382e+09 96 31.0312 30 0.163732
1385 7.92282e+28 3.20683e+26 6.87196e+10 96 35.3369 36 0.174851
1386 7.92282e+28 1.1101e+27 3.43598e+10 96 33.9805 35 0.182306
1387 7.92282e+28 9.14053e+26 3.43599e+10 96 35.6201 35 0.184386
1388 7.92282e+28 8.35586e+26 1.37439e+11 96 36.4043 37 0.194374
1389 7.92282e+28 9.55058e+26 5.49756e+11 96 38.1172 39 0.200087
1390 7.92282e+28 1.04664e+27 2.74878e+11 96 38.0693 38 0.189988
1391 7.92282e+28 1.01769e+27 1.09951e+12 96 38.8027 40 0.197503
1392 7.92282e+28 1.01894e+27 1.37439e+11 96 36.9746 37 0.188483
1393 7.92282e+28 1.10598e+27 5.49756e+11 96 38.3828 39 0.191341
1394 7.92282e+28 8.33764e+26 5.49756e+11 96 38.3418 39 0.204972
1395 7.92282e+28 9.63376e+26 6.87196e+10 96 36.6455 36 0.200954
1396 7.92282e+28 6.02794e+26 2.74878e+11 96 37.2852 38 0.202316
1397 7.92282e+28 7.81508e+26 5.49756e+11 96 38.7314 39 0.193095
1398 7.92282e+28 1.22875e+27 2.74878e+11 96 38.7881 38 0.199741
1399 7.92282e+28 1.10284e+27 2.74878e+11 96 38.0918 38 0.192706
1400 7.92282e+28 8.04388e+26 2.74878e+11 96 37.0615 38 0.187965
1401 7.92282e+28 8.15678e+26 2.74878e+11 96 37.873 38 0.199199
1402 7.92282e+28 8.04035e+26 2.74878e+11 96 37.248 38 0.187265
1403 7.92282e+28 8.0412e+26 2.74878e+11 96 37.624 38 0.18839
1404 7.92282e+28 9.57657e+26 1.09951e+12 96 38.8359 40 0.200473
1405 7.92282e+28 5.73284e+26 2.19902e+12 96 39.0322 41 0.194959
1406 7.92282e+28 1.26322e+27 2.19902e+12 96 40.71 41 0.201516
1407 7.92282e+28 1.59975e+27 1.09951e+12 96 38.9033 40 0.197105
1408 7.92282e+28 9.75374e+26 2.19902e+12 96 39.3877 41 0.201223
1409 7.92282e+28 1.24277e+27 2.19902e+12 96 39.8662 41 0.200758
1410 7.92282e+28 1.15256e+27 5.49756e+11 96 38.3643 39 0.195597
1411 1.58456e+29 1.43347e+27 1.09951e+12 97 38.5342 40 0.196601
1412 7.92282e+28 1.32845e+27 5.49756e+11 96 38.7773 39 0.199632
1413 7.92282e+28 8.299e+26 1.09951e+12 96 39.4082 40 0.201108
1414 7.92282e+28 1.0386e+27 1.09951e+12 96 38.7402 40 0.201373
1415 7.92282e+28 1.01138e+27 5.49756e+11 96 37.6113 39 0.197411
1416 7.92282e+28 1.15194e+27 1.09951e+12 96 39.4482 40 0.200089
1417 7.92282e+28 1.1805e+27 2.74878e+11 96 37.9561 38 0.190055
1418 7.92282e+28 8.20191e+26 1.37439e+11 96 36.415 37 0.184268
1419 7.92282e+28 9.49873e+26 6.87196e+10 96 35.7852 36 0.184717
1420 7.92282e+28 6.20435e+26 1.37439e+11 96 36.8086 37 0.189128
1421 7.92282e+28 9.31874e+26 5.49756e+11 96 37.4395 39 0.192807
1422 7.92282e+28 8.05162e+26 2.74878e+11 96 37.0244 38 0.190191
1423 7.92282e+28 1.36929e+27 2.74878e+11 96 37.707 38 0.192292
1424 7.92282e+28 9.97572e+26 2.74878e+11 96 37.6943 38 0.19118
1425 7.92282e+28 1.31115e+27 2.74878e+11 96 38.5928 38 0.204639
1426 7.92282e+28 1.17808e+27 5.49756e+11 96 39.1406 39 0.197946
1427 7.92282e+28 1.23748e+27 5.49756e+11 96 37.9453 39 0.195038
1428 7.92282e+28 1.05582e+27 5.49756e+11 96 39.4414 39 0.203673
1429 7.92282e+28 9.19542e+26 4.39805e+12 96 40.5039 42 0.20653
1430 7.92282e+28 1.76882e+27 1.09951e+12 96 39.3271 40 0.198978
1431 7.92282e+28 9.7459e+26 1.09951e+12 96 39.3359 40 0.200159
1432 7.92282e+28 1.43717e+27 5.49756e+11 96 38.8887 39 0.200898
1433 7.92282e+28 1.24426e+27 1.09951e+12 96 39.376 40 0.196898
1434 7.92282e+28 1.15376e+27 2.19902e+12 96 39.8916 41 0.209663
1435 7.92282e+28 1.1184e+27 1.09951e+12 96 39.2256 40 0.197289
1436 7.92282e+28 9.35041e+26 1.09951e+12 96 39.0166 40 0.197384
1437 7.92282e+28 1.31858e+27 1.09951e+12 96 39.8184 40 0.200191
1438 7.92282e+28 1.89527e+27 2.19902e+12 96 41.0381 41 0.204598
1439 7.92282e+28 1.73408e+27 5.49756e+11 96 38.3965 39 0.196619
1440 7.92282e+28 1.84286e+27 1.09951e+12 96 39.7959 40 0.204124
1441 7.92282e+28 1.29246e+27 2.19902e+12 96 39.6289 41 0.20003
1442 7.92282e+28 2.10928e+27 5.49756e+11 96 39.4658 39 0.199463
1443 7.92282e+28 1.29425e+27 1.09951e+12 96 38.7178 40 0.201463
1444 7.92282e+28 1.84841e+27 1.09951e+12 96 39.1025 40 0.199238
1445 7.92282e+28 1.42133e+27 2.19902e+12 96 38.9688 41 0.199715
1446 7.92282e+28 1.80414e+27 5.49756e+11 96 38.3574 39 0.195193
1447 7.92282e+28 1.01832e+27 5.49756e+11 96 38.3662 39 0.20065
1448 7.92282e+28 1.24543e+27 2.74878e+11 96 38.5176 38 0.200023
1449 7.92282e+28 1.83896e+27 1.09951e+12 96 40.0186 40 0.201136
1450 7.92282e+28 2.03385e+27 5.49756e+11 96 38.8291 39 0.197638
1451 7.92282e+28 1.40371e+27 1.37439e+11 96 38.0693 37 0.194727
1452 7.92282e+28 2.25783e+27 5.49756e+11 96 38.3682 39 0.202395
1453 7.92282e+28 1.97826e+27 2.19902e+12 96 39.6885 41 0.207978
1454 7.92282e+28 2.17027e+27 1.09951e+12 96 40.9238 40 0.214996
1455 7.92282e+28 3.24785e+27 5.49756e+11 96 39.7783 39 0.206912
1456 7.92282e+28 2.6661e+27 4.39805e+12 96 42.3691 42 0.213077
1457 7.92282e+28 2.43221e+27 1.09951e+12 96 40.9512 40 0.212819
1458 7.92282e+28 2.94768e+27 2.74878e+11 96 39.792 38 0.204293
1459 7.92282e+28 3.41547e+27 2.19902e+12 96 42.8867 41 0.221485
1460 7.92282e+28 2.91244e+27 1.09951e+12 96 40.791 40 0.208697
1461 7.92282e+28 3.1837e+27 4.39805e+12 96 42.3828 42 0.22387
1462 7.92282e+28 3.32498e+27 4.39805e+12 96 42.9121 42 0.220219
1463 7.92282e+28 4.47509e+27 3.51844e+13 96 44.5039 45 0.236223
1464 7.92282e+28 3.72429e+27 1.09951e+12 96 41.2979 40 0.218166
1465 7.92282e+28 3.07935e+27 2.19902e+12 96 42.6562 41 0.217187
1466 7.92282e+28 3.02391e+27 1.09951e+12 96 41.6172 40 0.212904
1467 7.92282e+28 3.24272e+27 4.39805e+12 96 42.2598 42 0.219081
1468 3.16913e+29 2.63601e+27 2.74878e+11 98 40.6943 38 0.218775
1469 7.92282e+28 3.23238e+27 5.49756e+11 96 41.6836 39 0.21635
1470 1.58456e+29 4.12003e+27 1.09951e+12 97 42.3828 40 0.216078
1471 7.92282e+28 3.32244e+27 4.39805e+12 96 43.2168 42 0.223231
1472 7.92282e+28 4.51929e+27 2.19902e+12 96 43.9199 41 0.227709
1473 7.92282e+28 4.38574e+27 1.09951e+12 96 42.668 40 0.226443
1474 7.92282e+28 5.37773e+27 2.19902e+12 96 43.5381 41 0.222148
1475 7.92282e+28 4.58404e+27 4.39805e+12 96 44.3857 42 0.233119
1476 1.58456e+29 5.07971e+27 2.19902e+12 97 43.2402 41 0.22208
1477 7.92282e+28 3.99071e+27 8.79609e+12 96 44.418 43 0.233099
1478 7.92282e+28 5.08626e+27 7.03687e+13 96 45.0059 46 0.23085
1479 7.92282e+28 4.42734e+27 4.39805e+12 96 43.915 42 0.224602
1480 7.92282e+28 3.96328e+27 1.75922e+13 96 43.9775 44 0.223761
1481 7.92282e+28 4.56347e+27 8.79609e+12 96 44.415 43 0.239466
1482 7.92282e+28 4.55468e+27 3.51844e+13 96 45.3984 45 0.236699
1483 7.92282e+28 5.37189e+27 1.75922e+13 96 45.7158 44 0.23792
1484 7.92282e+28 5.24442e+27 8.79609e+12 96 45.001 43 0.23272
1485 7.92282e+28 4.66022e+27 1.09951e+12 96 42.9336 40 0.217789
1486 7.92282e+28 4.39077e+27 4.39805e+12 96 43.8721 42 0.221327
1487 7.92282e+28 4.61505e+27 8.79609e+12 96 44.6641 43 0.22382
1488 7.92282e+28 5.42796e+27 8.79609e+12 96 45.0117 43 0.229024
1489 3.16913e+29 4.38764e+27 8.79609e+12 98 44.8057 43 0.22862
1490 7.92282e+28 4.32658e+27 4.39805e+12 96 44.1309 42 0.233784
1491 7.92282e+28 4.1142e+27 8.79609e+12 96 44.3047 43 0.225123
1492 7.92282e+28 4.95443e+27 1.75922e+13 96 44.9814 44 0.227256
1493 7.92282e+28 4.56137e+27 1.75922e+13 96 44.7686 44 0.224563
1494 3.16913e+29 4.60042e+27 3.51844e+13 98 45.5059 45 0.230338
1495 7.92282e+28 5.6792e+27 8.79609e+12 96 45.418 43 0.227259
1496 3.16913e+29 6.1896e+27 2.19902e+12 98 44.1553 41 0.233008
1497 7.92282e+28 4.05849e+27 3.51844e+13 96 44.8984 45 0.23735
1498 7.92282e+28 5.94993e+27 8.79609e+12 96 45.293 43 0.227965
1499 3.16913e+29 5.30183e+27 7.03687e+13 98 46.8027 46 0.243218
