300.996
0 434.639 8.25005 4 2 0.0380859 0 0.0107188
1 1012.18 9.37454 4 3 0.0429688 0 0.0105386
2 434.412 8.67091 4 2 0.0390625 0 0.0106844
3 435.076 9.1793 5 2 0.0419922 0 0.0107394
4 109.275 8.56718 4 1 0.0390625 0 0.0108066
5 435.076 8.93009 5 2 0.0380859 0 0.0108417
6 109.829 8.60964 5 1 0.0380859 0 0.011009
7 112.44 8.92354 5 1 0.0400391 0 0.0109779
8 109.275 9.00208 5 1 0.0410156 0 0.0110623
9 435.151 10.7834 5 2 0.0478516 0 0.0110831
10 435.151 8.91534 5 2 0.0380859 0 0.0110878
11 435.117 9.36223 5 2 0.0400391 0 0.0109932
12 435.149 11.0724 5 2 0.0498047 0 0.0112468
13 435.149 11.1997 6 2 0.0546875 0 0.011474
14 435.053 10.1536 6 2 0.046875 0 0.0112267
15 435 11.7975 6 2 0.0585938 0 0.0113381
16 434.412 10.4424 6 2 0.0507812 0 0.011335
17 434.638 11.7005 6 2 0.0615234 0 0.0113645
18 435.151 11.7742 6 2 0.0556641 0 0.0115977
19 435.149 11.1125 6 2 0.0507812 0 0.0115353
20 435.151 11.1994 6 2 0.0517578 0 0.0114894
21 435.151 12.3833 6 2 0.0615234 0 0.0114385
22 435.053 11.4555 6 2 0.0537109 0 0.0114997
23 435.151 12.1787 6 2 0.0605469 0 0.0115288
24 434.954 11.7406 6 2 0.0585938 0 0.0114854
25 435 11.4508 6 2 0.0527344 0 0.0115524
26 435.053 13.9376 6 2 0.0732422 0 0.0116132
27 435.149 10.9135 6 2 0.046875 0 0.0117083
28 435.149 11.6839 6 2 0.0537109 0 0.0112952
29 110.903 12.5871 6 1 0.0683594 0 0.0115416
30 110.903 11.1434 6 1 0.0527344 0 0.0116894
31 435.127 11.1184 6 2 0.0498047 0 0.0115574
32 435.149 12.7867 6 2 0.0625 0 0.0115706
33 435.151 12.1864 6 2 0.0585938 0 0.011549
34 435.151 12.0285 6 2 0.0615234 0 0.0115416
35 435.053 13.3091 6 2 0.0634766 0 0.0116258
36 435.151 11.8747 6 2 0.0537109 0 0.011401
37 434.639 11.0236 6 2 0.0488281 0 0.0116209
38 435.151 11.211 6 2 0.0458984 0 0.0115839
39 435.151 12.3361 6 2 0.0566406 0 0.0116371
40 435.151 12.3801 6 2 0.0605469 0 0.0115309
41 115.282 11.6794 6 1 0.0585938 0 0.0116082
42 435.149 11.1229 6 2 0.0527344 0 0.0118695
43 435.151 12.4041 6 2 0.0566406 0 0.0116303
44 1012.52 11.9685 6 3 0.0498047 0 0.0117522
45 435.076 13.8913 6 2 0.0722656 0 0.0118167
46 435.151 11.9386 6 2 0.0556641 0 0.0116607
47 435.149 11.7722 6 2 0.0517578 0 0.0118539
48 1012.52 14.6701 6 3 0.0683594 0 0.0117452
49 112.934 12.1647 6 1 0.0615234 0 0.0116814
50 435.117 13.1288 6 2 0.0595703 0 0.0117713
51 435.053 12.5456 6 2 0.0576172 0 0.0117799
52 435.149 12.96 6 2 0.0595703 0 0.0118166
53 434.954 13.8558 6 2 0.0683594 0 0.012104
54 435.149 14.1627 7 2 0.0712891 0 0.0119789
55 435.151 15.1415 6 2 0.0732422 0 0.0121984
56 435.117 12.9241 6 2 0.0576172 0 0.0123697
57 435.151 14.2713 7 2 0.0722656 0 0.01211
58 435.149 14.8047 6 2 0.0703125 0 0.0120744
59 435.127 14.115 7 2 0.0683594 0 0.0122157
60 435.117 12.5181 6 2 0.0566406 0 0.0122663
61 435.127 13.9024 6 2 0.0693359 0 0.0117074
62 1839.49 13.9619 7 4 0.0527344 0 0.012013
63 435.149 13.4871 7 2 0.0634766 0 0.0119279
64 1011.78 13.3152 7 3 0.0585938 0 0.0120275
65 435.151 14.364 7 2 0.0712891 0 0.0118874
66 435.151 13.6578 7 2 0.0644531 0 0.0119805
67 435.151 13.4014 7 2 0.0605469 0 0.0121056
68 1007.46 14.6917 7 3 0.0683594 0 0.012093
69 435.149 14.5645 7 2 0.0644531 0 0.0122005
70 435.151 14.3231 7 2 0.0712891 0 0.0120749
71 435.151 14.6062 7 2 0.0703125 0 0.0121701
72 435.053 14.2707 7 2 0.0712891 0 0.0121522
73 435.127 16.6003 7 2 0.09375 0 0.0122966
74 435.127 14.7406 7 2 0.0771484 0 0.0120623
75 435.151 13.678 7 2 0.0634766 0 0.0120912
76 434.639 15.8399 7 2 0.0849609 0 0.012286
77 435.117 14.2352 7 2 0.0673828 0 0.0120846
78 435.053 13.0213 7 2 0.0605469 0 0.0121968
79 435.117 14.1644 7 2 0.0732422 0 0.0122458
80 435.151 13.8479 7 2 0.0673828 0 0.0121669
81 1011.78 15.0912 7 3 0.078125 0 0.0120123
82 435.151 14.3275 7 2 0.0712891 0 0.0121469
83 435.151 15.7704 7 2 0.0820312 0 0.0123865
84 435.149 14.4067 8 2 0.0693359 0 0.0121537
85 435.151 15.7923 8 2 0.0839844 0 0.0122299
86 435.127 15.0606 8 2 0.0810547 0 0.0121686
87 1010.21 15.6955 8 3 0.0751953 0 0.0123775
88 435.149 16.7369 8 2 0.0820312 0 0.012319
89 1007.46 16.4455 8 3 0.0830078 0 0.0123436
90 1007.46 17.7504 8 3 0.0927734 0 0.012437
91 435.151 16.249 8 2 0.0859375 0 0.0123989
92 1011.31 17.2114 8 3 0.0820312 0 0.0124712
93 435.127 17.0604 8 2 0.0908203 0 0.0124021
94 435.127 17.891 8 2 0.0966797 0 0.0124908
95 435.151 18.094 8 2 0.0966797 0 0.0126341
96 435.151 18.7331 8 2 0.102539 0 0.0125397
97 435.151 16.7266 8 2 0.0878906 0 0.0124584
98 1012.18 18.0474 8 3 0.0888672 0 0.0126379
99 435.151 18.0245 8 2 0.103516 0 0.0127765
100 435.151 18.0925 8 2 0.0947266 0 0.0126586
101 435.053 17.4202 8 2 0.0947266 0 0.0130462
102 435.149 18.0116 8 2 0.0957031 0 0.0127326
103 435.151 17.7904 8 2 0.0917969 0 0.0133629
104 435.127 17.961 9 2 0.0878906 0 0.0128945
105 435.053 17.2512 8 2 0.0908203 0 0.0129331
106 435.151 18.6937 9 2 0.102539 0 0.0129683
107 435.151 21.3759 9 2 0.121094 0 0.0134242
108 112.44 17.1934 9 1 0.0927734 0 0.0130158
109 435.151 17.445 8 2 0.0859375 0 0.0130228
110 435.127 20.0794 9 2 0.108398 0 0.0132676
111 1005.85 20.3676 9 3 0.101562 0 0.0133262
112 435.151 24.0555 9 2 0.147461 0 0.0131376
113 1009.59 22.3952 9 3 0.125977 0 0.0130958
114 435.149 20.88 9 2 0.112305 0 0.0131484
115 435.151 20.7098 9 2 0.115234 0 0.0132023
116 435.151 22.4729 9 2 0.131836 0 0.0131689
117 435.149 22.6216 9 2 0.133789 0 0.0135351
118 435.127 21.9642 9 2 0.124023 0 0.0132766
119 1011.31 23.3033 9 3 0.128906 0 0.0132665
120 1008.92 22.2283 9 3 0.123047 0 0.0132228
121 435.151 24.204 9 2 0.136719 0 0.0131691
122 1008.92 24.8326 9 3 0.140625 0 0.0133388
123 435.151 25.8439 9 2 0.148438 0 0.0134525
124 435.151 23.7674 9 2 0.130859 0 0.0134592
125 435.151 25.3342 9 2 0.143555 0 0.0133974
126 435.151 24.508 9 2 0.137695 0 0.0135363
127 1007.46 24.9978 9 3 0.141602 0 0.014019
128 1008.92 28.1731 9 3 0.161133 0 0.0134728
129 1009.59 28.0658 9 3 0.165039 0 0.0139636
130 1009.59 24.9192 9 3 0.142578 0 0.0134787
131 435.151 28.2747 9 2 0.158203 0 0.0136833
132 435.151 30.1904 9 2 0.185547 0 0.0134819
133 435.151 27.6904 9 2 0.164062 0 0.0136779
134 1008.92 29.7568 9 3 0.175781 0 0.0136624
135 435.149 28.8096 9 2 0.170898 0 0.0135858
136 1008.21 27.0868 9 3 0.157227 0 0.0136432
137 435.149 30.7279 9 2 0.188477 0 0.0136716
138 435.149 31.3035 9 2 0.195312 0 0.013933
139 1009.59 34.4211 9 3 0.204102 0 0.0140221
140 1005.85 34.4392 9 3 0.197266 0 0.0139069
141 435.151 31.1581 9 2 0.179688 0 0.0139322
142 1008.92 31.4218 9 3 0.185547 0 0.0139051
143 1008.92 32.015 9 3 0.19043 0 0.0139127
144 1008.92 33.3838 9 3 0.200195 0 0.0140302
145 1009.59 32.7698 9 3 0.202148 0 0.0139605
146 435.149 27.5487 9 2 0.170898 0 0.0144053
147 435.151 32.8787 9 2 0.211914 0 0.0140216
148 1008.92 32.2945 9 3 0.195312 0 0.0140135
149 435.151 31.9856 9 2 0.200195 0 0.0140608
150 1010.79 29.9111 9 3 0.173828 0 0.0144266
151 1005.85 32.6636 10 3 0.202148 0 0.0141364
152 435.151 31.6358 10 2 0.195312 0 0.0141716
153 435.151 29.7734 10 2 0.180664 0 0.0141935
154 435.151 32.1136 10 2 0.193359 0 0.0141714
155 1009.59 32.1003 9 3 0.188477 0 0.0142283
156 1008.92 34.409 11 3 0.198242 0 0.0143243
157 1011.31 37.8625 10 3 0.22168 0 0.0141979
158 1005.85 37.1155 11 3 0.224609 0 0.0143212
159 1008.92 39.3433 11 3 0.25 0 0.0144945
160 1008.92 37.6781 11 3 0.229492 0 0.0142923
161 1007.46 38.5044 11 3 0.237305 0 0.0145554
162 1834.62 36.8229 11 4 0.214844 0 0.0144468
163 1837.92 37.6324 11 4 0.22168 0 0.0147517
164 1009.59 37.4905 10 3 0.228516 0 0.014333
165 435.151 38.3932 11 2 0.235352 0 0.0145995
166 1007.46 35.0982 11 3 0.208008 0 0.0147258
167 1008.92 43.5519 11 3 0.264648 0 0.0151006
168 1006.68 40.5204 12 3 0.258789 0 0.0148489
169 1009.59 42.7816 11 3 0.250977 0 0.014899
170 435.151 40.3159 12 2 0.253906 0 0.0149097
171 1012.18 49.6434 11 3 0.27832 0 0.0150809
172 1008.21 42.9386 12 3 0.256836 0 0.0150714
173 1004.1 48.3964 12 3 0.287109 0 0.0151045
174 435.151 38.5233 12 2 0.237305 0 0.0150159
175 1011.31 45.6259 12 3 0.273438 0 0.0152497
176 1006.68 39.9986 13 3 0.250977 0 0.0152766
177 1005.85 45.7457 13 3 0.282227 0 0.0158992
178 1007.46 47.5809 13 3 0.296875 0 0.0152869
179 1011.78 51.9802 13 3 0.314453 0 0.0156334
180 1845.26 53.1277 13 4 0.297852 0 0.0161496
181 1008.92 48.9357 13 3 0.300781 0 0.015854
182 1004.99 46.362 13 3 0.286133 0 0.0158271
183 1010.21 48.0807 13 3 0.290039 0 0.0164025
184 1000.23 42.8268 13 3 0.265625 0 0.0157411
185 992.422 49.6831 13 3 0.314453 0 0.0161882
186 1825.63 48.4273 13 4 0.288086 0 0.0162811
187 1002.23 47.9506 14 3 0.290039 0 0.0164751
188 1007.46 58.4155 15 3 0.34375 0 0.0167895
189 1827.51 56.3909 15 4 0.331055 0 0.0166003
190 1011.31 52.7841 15 3 0.323242 0 0.0167433
191 1008.21 57.352 15 3 0.338867 0 0.0166829
192 1823.71 58.8844 15 4 0.34668 0 0.0169117
193 1008.92 57.5989 15 3 0.34668 0 0.0171052
194 1011.31 55.9044 15 3 0.349609 0 0.0170256
195 1004.1 49.2037 15 3 0.302734 0 0.0169652
196 1008.92 51.8728 15 3 0.300781 0 0.0175621
197 1815.68 54.7387 15 4 0.310547 0 0.0172371
198 1008.21 55.3005 15 3 0.322266 0 0.0176188
199 2884.52 56.5739 16 5 0.328125 0 0.0180685
200 1010.21 61.0501 16 3 0.358398 0 0.0181027
201 1007.46 64.5182 17 3 0.384766 0 0.018169
202 1004.1 61.7676 16 3 0.366211 0 0.0177619
203 1009.59 58.4269 16 3 0.34375 0 0.0181467
204 435.151 62.1016 17 2 0.37207 0 0.0185126
205 1010.79 67.8109 17 3 0.381836 0 0.0186036
206 1005.85 65.8869 17 3 0.351562 0 0.0189444
207 1832.91 69.1193 17 4 0.374023 0 0.0191518
208 1508.05 62.8383 17 4 0.360352 0 0.0198344
209 1008.21 66.8826 17 3 0.371094 0 0.0206764
210 1003.18 64.9396 19 3 0.356445 0 0.0216787
211 1004.1 68.3118 19 3 0.387695 0 0.0209374
212 1768.44 66.5216 18 4 0.367188 0 0.0206638
213 1006.68 69.4652 19 3 0.390625 0 0.0215607
214 4124.23 72.2681 19 6 0.362305 0 0.0220526
215 1004.99 68.5212 20 3 0.374023 0 0.0219197
216 1841.02 76.1502 20 4 0.382812 0 0.0224871
217 1823.71 73.0604 19 4 0.361328 0 0.0230159
218 1681.01 77.1782 23 4 0.385742 0 0.0242262
219 1008.92 77.0511 24 3 0.397461 0 0.0245975
220 1012.52 84.676 27 3 0.435547 0 0.0247659
221 1829.35 76.2259 24 4 0.364258 0 0.0254977
222 1827.51 85.5072 32 4 0.421875 0 0.026755
223 1834.62 82.2653 33 4 0.401367 0 0.0272114
224 1006.68 82.933 29 3 0.400391 0 0.0270903
225 1802.66 83.2052 26 4 0.374023 0 0.028028
226 2714.12 94.6197 39 5 0.435547 0 0.030063
227 2745.01 90.812 35 5 0.414062 0 0.0294039
228 1819.76 87.9922 30 4 0.413086 0 0.028087
229 1006.68 84.6657 43 3 0.405273 0 0.0300673
230 2921.69 91.9688 34 5 0.416016 0 0.0288621
231 1802.66 84.8855 39 4 0.390625 0 0.0305277
232 1004.99 86.986 49 3 0.374023 0 0.0318368
233 1006.68 91.7129 57 3 0.419922 0 0.0315756
234 1825.63 99.798 101 4 0.427734 0 0.0333493
235 1841.02 90.3227 51 4 0.40332 0 0.0325258
236 1815.68 97.0218 101 4 0.424805 0 0.0338413
237 2909.97 100.004 82 5 0.422852 0 0.0335797
238 2853.13 100.823 101 5 0.445312 0 0.0329469
239 1834.62 101.461 101 4 0.431641 0 0.0335811
240 2783.1 91.2529 66 5 0.385742 0 0.0338182
241 1807.12 102.688 101 4 0.448242 0 0.034318
242 1705.93 97.6545 101 4 0.433594 0 0.0338283
243 1839.49 94.7005 101 4 0.40625 0 0.0354735
244 1002.23 96.9565 101 3 0.410156 0 0.0364164
245 1834.62 107.92 101 4 0.449219 0 0.0350263
246 1560.66 101.13 101 4 0.420898 0 0.0369292
247 1735.52 98.1491 101 4 0.419922 0 0.03549
248 1809.31 92.9809 101 4 0.396484 0 0.0336742
249 2778.96 100.47 101 5 0.420898 0 0.0355986
250 1827.51 108.09 101 4 0.461914 0 0.0357213
251 2929.99 111.829 101 5 0.477539 0 0.0365902
252 1757.8 112.633 101 4 0.487305 0 0.0365363
253 1811.47 117.119 101 4 0.505859 0 0.0351852
254 2867.41 109.33 101 5 0.475586 0 0.0351999
255 1763.17 101.365 101 4 0.442383 0 0.0358294
256 1005.85 105.837 101 3 0.451172 0 0.0366648
257 1804.91 106.309 101 4 0.433594 0 0.0367221
258 2849.48 109.362 101 5 0.455078 0 0.0366436
259 1819.76 103.536 101 4 0.417969 0 0.0376825
260 1768.44 118.506 101 4 0.489258 0 0.0385502
261 1823.71 119.057 101 4 0.485352 0 0.0382223
262 1783.71 120.393 101 4 0.513672 0 0.0358616
263 1809.31 123.117 101 4 0.515625 0 0.0362617
264 1832.91 114.96 101 4 0.46582 0 0.0371441
265 1617.8 114.795 101 4 0.496094 0 0.0384594
266 2807.41 118.835 101 5 0.517578 0 0.0368556
267 1791.02 124.349 101 4 0.53418 0 0.0365322
268 2849.48 125.864 101 5 0.513672 0 0.0373798
269 2791.31 124.839 101 5 0.52832 0 0.0408252
270 3919.27 126.446 101 6 0.53418 0 0.0365254
271 1819.76 113.643 101 4 0.504883 0 0.0371466
272 1768.44 125.429 101 4 0.551758 0 0.0379907
273 5556.33 142.12 101 7 0.564453 0 0.038519
274 2740.66 135.228 101 5 0.551758 0 0.0396081
275 2874.36 136.938 101 5 0.542969 0 0.0410031
276 2918.83 137.894 101 5 0.572266 0 0.0398982
277 2605.75 130.102 101 5 0.541992 0 0.0396005
278 1829.35 141.054 101 4 0.591797 0 0.038049
279 2736.29 138.376 101 5 0.538086 0 0.041305
280 4118.83 141.725 101 6 0.574219 0 0.0396972
281 2897.56 143.025 101 5 0.587891 0 0.0395783
282 3714.43 133.931 101 6 0.540039 0 0.0410329
283 2727.49 149.71 101 5 0.607422 0 0.0395253
284 2884.52 150.995 101 5 0.628906 0 0.0388422
285 2874.36 143.96 101 5 0.610352 0 0.0388565
286 2803.43 146.907 101 5 0.621094 0 0.0400532
287 4201.3 154.822 101 6 0.661133 0 0.0386516
288 2842.09 146.744 101 5 0.597656 0 0.0384677
289 2668.24 144.725 101 5 0.607422 0 0.0391906
290 1793.4 150.949 101 4 0.632812 0 0.0391826
291 3762.35 171.855 101 6 0.680664 0 0.0384399
292 4085.84 168.663 101 6 0.672852 0 0.0398584
293 4051.83 163.459 101 6 0.676758 0 0.0385932
294 2826.95 175.833 101 5 0.707031 0 0.0391039
295 3980.98 156.385 101 6 0.663086 0 0.0404577
296 5737.72 164.353 101 7 0.660156 0 0.0405434
297 4113.41 163.51 101 6 0.679688 0 0.0398018
298 2903.85 156.492 101 5 0.660156 0 0.0390414
299 2807.41 169.822 101 5 0.708008 0 0.0392158
300 2860.33 164.546 101 5 0.666016 0 0.0403074
301 2845.8 163.969 101 5 0.698242 0 0.0394421
302 2881.17 174.187 104.312 5 0.744141 1 0.0388337
303 2906.93 165.241 101 5 0.702148 0 0.0389625
304 2807.41 168.095 101 5 0.688477 0 0.0380065
305 3230.16 164.368 101 6 0.691406 0 0.0398867
306 5365.67 170.462 101 7 0.701172 0 0.0396716
307 5879.4 189.807 105 7 0.761719 1 0.0394273
308 5063.53 175.649 101 7 0.720703 0 0.0380585
309 2842.09 165.13 101 5 0.704102 0 0.0384954
310 2903.85 174.497 101 5 0.729492 0 0.0373728
311 4124.23 177.641 101 6 0.731445 0 0.0373831
312 4229.91 195.557 104.312 6 0.791992 1 0.0377803
313 5791.42 189.139 101 7 0.735352 0 0.037078
314 2870.9 178.918 106.306 5 0.767578 1 0.0377512
315 10076.1 200.788 101 9 0.786133 0 0.0367683
316 9322.12 199.878 108.13 9 0.796875 1 0.0386867
317 2853.13 191.948 110.371 5 0.824219 1 0.0382518
318 4091.41 205.459 109.829 6 0.821289 1 0.0391588
319 7654.03 198.182 101 8 0.777344 0 0.0394587
320 2691.43 186.229 109.275 5 0.799805 1 0.0377327
321 4140.23 197.857 108.709 6 0.81543 1 0.0393425
322 5914.47 214.242 108.709 7 0.839844 1 0.0391622
323 2860.33 199.985 109.829 5 0.826172 1 0.0391026
324 7602.16 217.855 110.371 8 0.853516 1 0.0392128
325 4057.57 213.946 109.275 6 0.84082 1 0.0397252
326 2884.52 202.551 110.903 5 0.836914 1 0.0400467
327 9513.42 210.645 108.709 9 0.814453 1 0.039798
328 2912.97 192.181 109.829 5 0.81543 1 0.0389621
329 5942.32 206.944 110.371 7 0.833984 1 0.0397167
330 5390.29 222.138 110.903 7 0.883789 1 0.039013
331 4129.59 214.854 110.903 6 0.87207 1 0.0392003
332 5470.78 217.658 111.425 7 0.882812 1 0.0391172
333 4166.27 233.665 110.903 6 0.873047 1 0.0413203
334 5248 244.039 111.937 7 0.93457 1 0.0400955
335 5744.56 261.496 112.934 7 0.969727 1 0.0406733
336 5952.54 219.947 110.371 8 0.864258 1 0.040385
337 2915.92 222.94 112.934 5 0.917969 1 0.0402275
338 7861.96 239.021 113.419 8 0.94043 1 0.0421372
339 6861.13 270.157 114.828 8 1.0127 1 0.0407979
340 5842.69 248.221 112.934 7 0.944336 1 0.0417939
341 4166.27 260.161 112.934 6 0.958984 1 0.0425696
342 4028.62 211.324 112.44 6 0.889648 1 0.041399
343 5660.3 281.792 115.282 7 1.04297 1 0.0409637
344 7052.67 274.858 114.366 8 0.993164 1 0.043392
345 4201.3 263.231 114.828 6 1.00195 1 0.040591
346 4320.86 272.063 112.934 6 0.992188 1 0.0411065
347 5797.97 295.862 114.366 7 1.06641 1 0.0412118
348 8530.59 290.413 116.17 9 1.07715 1 0.042059
349 4239.12 298.48 114.828 6 1.0498 1 0.0426647
350 4150.74 272.146 116.17 6 1.0459 1 0.0424893
351 7104.48 311.777 116.17 8 1.11426 1 0.0413491
352 5778.21 266.655 113.897 7 1.00195 1 0.0425262
353 5861.24 308.174 117.45 7 1.1084 1 0.0416672
354 5422.79 302.205 117.865 7 1.13086 1 0.0423603
355 4118.83 306.577 118.675 6 1.12402 1 0.0431917
356 7808.91 329.823 117.45 8 1.15137 1 0.0433358
357 5891.28 318.902 117.865 7 1.14746 1 0.0441153
358 5645.8 308.335 116.603 7 1.12891 1 0.0425264
359 4028.62 305.522 117.865 6 1.14258 1 0.0418338
360 7503.79 375.626 118.675 8 1.2041 1 0.0435879
361 6871.97 356.745 116.603 8 1.18555 1 0.0438334
362 5804.47 335.654 119.071 7 1.18555 1 0.0423753
363 7476.26 318.706 117.865 8 1.12695 1 0.0429066
364 16216.2 344.413 116.17 11 1.1582 1 0.0429327
365 7305.25 337.599 117.865 8 1.17871 1 0.0450674
366 12183.3 410.785 118.273 10 1.27051 1 0.0452198
367 9774.39 361.913 119.847 9 1.22852 1 0.0468589
368 5771.56 363.159 119.462 7 1.24805 1 0.0452531
369 7687.85 385.717 119.071 8 1.27148 1 0.0447785
370 10114.9 420.621 122.396 9 1.31445 1 0.0458718
371 5723.94 380.277 118.675 7 1.24805 1 0.0446236
372 10997.1 342.984 117.45 10 1.15625 1 0.0459443
373 7839.51 375.353 120.601 8 1.24316 1 0.0469528
374 5541.02 373.957 123.415 7 1.28711 1 0.0465314
375 12360.8 397.919 117.865 10 1.25977 1 0.0454855
376 7512.9 387.92 120.227 8 1.28027 1 0.0483268
377 12960.8 455.816 120.601 10 1.35449 1 0.0481515
378 16053 438.473 120.97 11 1.3291 1 0.0484217
379 7457.75 446.605 127.099 8 1.41504 1 0.0478067
380 9860.89 463.938 123.746 9 1.40527 1 0.0477705
381 12440.7 433.988 122.047 10 1.34961 1 0.0469603
382 11768 455.111 121.334 10 1.36621 1 0.048927
383 12609.4 493.985 123.08 10 1.46582 1 0.0475172
384 13626.9 511.977 127.38 11 1.4707 1 0.0484419
385 27067.4 602.435 134.742 13 1.55566 1 0.0488244
386 12155.5 538.324 129.741 10 1.52148 1 0.0487635
387 9248.49 578.756 137.037 9 1.60645 1 0.0500409
388 15900.4 537.397 137.427 11 1.53906 1 0.0479229
389 13988 548.767 123.08 11 1.50879 1 0.0469926
390 9719.16 472.828 120.97 9 1.42578 1 0.0456016
391 7679.45 549.728 132.668 8 1.55176 1 0.0462024
392 9161.33 507.334 122.047 9 1.46875 1 0.0477712
393 9260.83 518.548 136.624 9 1.50781 1 0.0474298
394 15664.6 557.952 136.764 11 1.5625 1 0.0483565
395 7410.92 552.831 136.902 8 1.5918 1 0.0492337
396 11856 602.136 136.764 10 1.63574 1 0.0484031
397 15584.2 673.371 137.675 11 1.72852 1 0.0478023
398 14683 629.561 137.796 11 1.67578 1 0.0494541
399 13950.4 630.13 137.427 11 1.70117 1 0.0502472
400 20814.6 656.404 137.553 12 1.70996 1 0.0484318
401 20313.5 718.411 138.143 12 1.74707 1 0.0501796
402 15791.4 766.026 138.774 11 1.86816 1 0.05074
403 16567.3 766.597 138.469 11 1.86328 1 0.0498419
404 14946.6 674.749 138.573 11 1.80762 1 0.0502669
405 26744.5 774.874 354.987 13 1.89648 2 0.0492005
406 15067.4 768.354 346.013 11 1.87891 2 0.0485834
407 20674.5 806.219 140.689 12 1.91309 1 0.0495959
408 14449.5 771.202 321.03 11 1.90918 2 0.0494148
409 26917.7 783.974 138.573 13 1.85352 1 0.0466316
410 19784 803.254 138.143 12 1.88281 1 0.0469965
411 34875.6 921.644 138.573 14 2.01367 1 0.0489468
412 12519.4 768.09 138.774 10 1.90332 1 0.0498166
413 20295.1 878.606 137.675 12 1.91504 1 0.0487283
414 18095.4 864.665 331.982 12 2.00781 2 0.0498072
415 15915.8 1014.61 359.354 11 2.125 2 0.0502187
416 15220.6 956.719 371.956 11 2.1582 2 0.0522923
417 57469.7 924.471 401.495 15 2.05078 2 0.0507078
418 13684.5 846.592 329.58 11 2.00293 2 0.0475522
419 21299.1 998.898 395.585 12 2.17871 2 0.0517256
420 27402.7 987.004 369.909 13 2.16895 2 0.0506067
421 20866.4 1054.24 414.37 12 2.23438 2 0.0499105
422 58709.7 1099.24 420.239 15 2.2627 2 0.0512848
423 38597.6 1157.43 409.336 14 2.25879 2 0.0507094
424 26053.3 1151.76 416.405 13 2.29492 2 0.051865
425 20709.8 1034.77 420.846 12 2.25391 2 0.0503281
426 15371.2 968.98 425.352 11 2.22949 2 0.0516293
427 15759.9 1008.64 418.997 11 2.18066 2 0.0496051
428 28271.6 1156.18 420.239 13 2.32812 2 0.0500328
429 37330.4 1115.67 420.239 14 2.29883 2 0.0517013
430 12000.3 1091.75 420.239 10 2.30664 2 0.0510951
431 15632.5 1025.29 369.909 11 2.21875 2 0.0507487
432 20495.9 1091.69 421.443 12 2.30859 2 0.0516584
433 36973.3 1219.12 424.824 14 2.37598 2 0.0518753
434 60105.7 1173.56 423.179 15 2.30664 2 0.0504912
435 18203.6 1182.91 422.61 12 2.37988 2 0.0528099
436 20146.3 1171.1 423.737 12 2.39355 2 0.0535031
437 20585.7 1194.12 424.824 12 2.39355 2 0.0507701
438 34931.5 1371.31 429.6 14 2.55664 2 0.0531554
439 93966 1228.9 424.286 16 2.37793 2 0.0502347
440 38480 1290.14 426.87 14 2.47656 2 0.0534888
441 40149.4 1303.07 426.87 14 2.51074 2 0.0545944
442 26766.3 1344.16 429.6 13 2.60352 2 0.0567649
443 298578 1706.28 429.175 18 2.58203 2 0.0546179
444 26076 1517.11 430.413 13 2.73047 2 0.0565174
445 58427.5 1585.67 429.175 15 2.70508 2 0.0565375
446 36973.3 1344.79 426.87 14 2.56738 2 0.0548485
447 95999.5 1771.12 429.6 16 2.80957 2 0.0590243
448 27667.9 1663.87 432.209 13 2.87891 2 0.0588692
449 94408.1 1800.77 432.828 16 2.87109 2 0.0584277
450 56492.8 1892.44 432.209 15 2.8877 2 0.0608269
451 294624 2215.26 433.384 18 2.98535 2 0.0617215
452 158845 2078.57 434.476 17 3.125 2 0.0612464
453 93515.2 2227.27 434.093 16 3.15234 2 0.0621367
454 93332.5 2325.63 746.805 16 3.19727 3 0.0638897
455 568635 3046.13 435.076 19 3.3584 2 0.065199
456 161254 2985.94 926.292 17 3.57617 3 0.0666803
457 162012 3093.46 961.25 17 3.68066 3 0.0696532
458 300447 3028.52 811.935 18 3.50586 3 0.0673372
459 295632 3924.83 972.108 18 4.02637 3 0.0729239
460 163763 4045.12 979.358 17 4.09473 3 0.0741393
461 162182 4995.88 989.976 17 4.32227 3 0.0767814
462 560035 5805.52 1408.62 19 4.47461 4 0.078257
463 2.14738e+06 8689.68 1603.83 21 4.76465 4 0.0821791
464 8.44994e+06 18357.3 1677.82 23 4.83594 4 0.0817811
465 1.08932e+06 11930.5 1807.12 20 5.25781 4 0.0880253
466 1.68375e+07 53520 2395.95 24 5.52051 5 0.0904237
467 3.36145e+07 67390.9 2783.1 25 6.10645 5 0.101278
468 3.36281e+07 137490 3658.56 25 6.48145 6 0.102223
469 1.34304e+08 561724 3944.23 27 6.99414 6 0.107785
470 6.71832e+07 269855 3835.74 26 7.1123 6 0.106028
471 2.68524e+08 565528 3855.34 28 6.99707 6 0.106144
472 1.34307e+08 352535 2803.43 27 6.56152 5 0.0951001
473 3.36304e+07 226989 3868.3 25 6.91309 6 0.101026
474 6.71876e+07 288413 3974.91 26 6.8252 6 0.0977556
475 5.3697e+08 929692 3925.55 29 6.9502 6 0.0988024
476 6.71882e+07 269968 2803.43 26 6.74023 5 0.0934909
477 1.34304e+08 781024 3944.23 27 7.13965 6 0.0990889
478 6.71883e+07 355640 3198.28 26 6.69336 6 0.094995
479 3.36247e+07 205182 3651.5 25 6.87988 6 0.0968746
480 2.68523e+08 561280 2778.96 28 6.44629 5 0.0914545
481 1.343e+08 451501 3608.75 27 6.94238 6 0.0963542
482 1.07384e+09 2.3377e+06 3848.83 30 7.03613 6 0.0972132
483 1.07385e+09 1.69606e+06 4005 30 7.16797 6 0.0992158
484 2.14759e+09 2.29707e+06 2762.17 31 6.2168 5 0.08439
485 2.6852e+08 683812 3855.34 28 7.10938 6 0.103181
486 4.29508e+09 5.70952e+06 4186.5 32 7.5 6 0.109375
487 4.29509e+09 5.09e+06 3962.71 32 7.16309 6 0.102752
488 4.29508e+09 5.45995e+06 2834.58 32 6.67871 5 0.0932546
489 1.34302e+08 702124 2727.49 27 6.4873 5 0.0874012
490 4.29509e+09 5.99535e+06 2753.63 32 6.56934 5 0.089741
491 5.36965e+08 1.37499e+06 2884.52 29 6.81152 5 0.0932305
492 1.07384e+09 1.54166e+06 3762.35 30 7.02832 6 0.0958824
493 1.343e+08 519009 3842.3 27 6.62012 6 0.0863716
494 2.68525e+08 662732 3796.01 28 6.93945 6 0.0962018
495 2.1476e+09 4.83667e+06 4176.45 31 7.5332 6 0.105584
496 1.34286e+08 532312 4022.75 27 7.33594 6 0.110416
497 6.87196e+10 8.5932e+07 5204.92 36 8.07129 7 0.11969
498 4.29508e+09 5.16716e+06 4794.62 32 7.73242 7 0.107855
499 1.07384e+09 2.28413e+06 5674.67 30 8.40527 7 0.116234
500 2.1476e+09 3.55842e+06 4124.23 31 7.60547 6 0.107086
501 6.87196e+10 7.34975e+07 6304.01 36 8.57715 8 0.120364
502 5.36966e+08 2.31895e+06 7305.25 29 8.75195 8 0.130116
503 4.29508e+09 6.91192e+06 6936.52 32 8.52832 8 0.125894
504 8.59005e+09 1.43464e+07 8720.2 33 9.30859 9 0.140194
505 1.718e+10 1.83885e+07 7410.92 34 8.83105 8 0.130472
506 2.68523e+08 1.51813e+06 7042.23 28 8.75391 8 0.13232
507 1.07383e+09 2.55051e+06 6673.47 30 8.44043 8 0.131327
508 5.3697e+08 3.24803e+06 6751.5 29 8.60645 8 0.130167
509 2.68512e+08 1.23659e+06 7000.23 28 8.49316 8 0.128063
510 2.68525e+08 608928 6698.55 28 8.29785 9 0.12828
511 4.29508e+09 6.5864e+06 5170.06 32 7.83301 7 0.121125
512 5.36958e+08 1.73786e+06 5594.12 29 8.4541 7 0.131715
513 2.14759e+09 3.02334e+06 5414.7 31 8.14844 7 0.125905
514 8.59006e+09 1.96539e+07 5758.13 33 8.48438 7 0.126758
515 1.07384e+09 1.73641e+06 5446.9 30 8.0918 7 0.121397
516 4.29508e+09 5.86081e+06 6268.36 32 8.34766 8 0.129405
517 2.68526e+08 1.50632e+06 5510.07 28 8.20605 7 0.122062
518 2.14759e+09 2.88346e+06 5406.59 31 7.7998 7 0.12613
519 1.34304e+08 1.25809e+06 7021.28 27 8.51855 8 0.126456
520 1.07384e+09 2.00469e+06 5446.9 30 7.99023 7 0.12042
521 1.07384e+09 2.701e+06 6050.99 30 8.28711 8 0.124201
522 2.14759e+09 4.53405e+06 5902.9 31 8.46582 8 0.128434
523 1.07383e+09 2.92976e+06 5357.41 30 8.25879 7 0.125696
524 5.36966e+08 3.21606e+06 6850.26 29 8.62793 8 0.127816
525 5.36969e+08 1.88567e+06 7000.23 29 8.58203 8 0.12577
526 2.14759e+09 4.2655e+06 5751.36 31 8.52734 7 0.127163
527 1.07384e+09 2.99237e+06 7275.83 30 8.77344 8 0.126906
528 5.3696e+08 1.17663e+06 6014.2 29 8.32031 8 0.123324
529 5.36969e+08 1.63053e+06 7114.77 29 8.66992 8 0.130359
530 1.07385e+09 4.18644e+06 6650.99 30 8.45312 8 0.129213
531 2.14758e+09 4.40539e+06 5187.53 31 8.04883 7 0.124894
532 2.1476e+09 4.18909e+06 5541.02 31 8.2168 7 0.125514
533 4.29508e+09 6.18562e+06 5230.83 32 7.89746 7 0.119207
534 4.29508e+09 5.94902e+06 5414.7 32 7.92578 7 0.118553
535 1.07385e+09 3.33821e+06 5373.9 30 8.17676 7 0.12041
536 5.36955e+08 1.62163e+06 5517.84 29 8.05176 7 0.117756
537 5.36963e+08 1.89733e+06 5494.43 29 8.11328 7 0.119987
538 2.14758e+09 6.60926e+06 5533.32 31 8.43652 7 0.126092
539 1.07384e+09 3.93593e+06 6989.67 30 8.34766 8 0.127872
540 1.07384e+09 4.57733e+06 6839.38 30 8.89648 8 0.134957
541 5.36969e+08 2.89085e+06 7256.07 29 8.76953 8 0.128307
542 1.07384e+09 3.30026e+06 7429.74 30 8.95312 8 0.136958
543 5.36964e+08 1.98428e+06 5502.26 29 8.16992 7 0.124789
544 4.29508e+09 6.92002e+06 6673.47 32 8.56445 8 0.134267
545 3.43599e+10 4.01541e+07 8557.94 35 9.22363 9 0.138372
546 1.718e+10 2.24942e+07 6828.47 34 8.72168 8 0.123144
547 2.68525e+08 2.40339e+06 8879.13 28 9.4834 9 0.133437
548 4.29508e+09 8.88751e+06 7476.26 32 9.27734 8 0.135212
549 1.07384e+09 3.58531e+06 9273.14 30 9.60742 9 0.134008
550 6.87196e+10 7.43692e+07 8308.63 36 9.65918 9 0.136135
551 1.718e+10 2.80702e+07 11282 34 10.3809 10 0.144948
552 4.29507e+09 1.02038e+07 10835.5 32 10.2852 10 0.147773
553 1.718e+10 4.25471e+07 11187.9 34 10.2852 10 0.148325
554 1.37439e+11 1.4494e+08 10538.9 37 10.4785 10 0.148115
555 6.87196e+10 1.5811e+08 7557.96 36 9.70898 8 0.135091
556 8.59006e+09 1.55717e+07 8866.02 33 9.84863 9 0.139289
557 1.718e+10 2.92654e+07 9123.58 34 9.70312 9 0.139278
558 2.1476e+09 1.00394e+07 9674.36 31 10.002 9 0.144307
559 3.43599e+10 5.31504e+07 9382.71 35 9.89551 9 0.14107
560 4.29508e+09 1.78222e+07 8931.34 32 9.71289 9 0.138476
561 8.59006e+09 2.85518e+07 11108.9 33 10.29 10 0.145363
562 4.29508e+09 1.31327e+07 9260.83 32 9.72168 9 0.140084
563 3.43599e+10 5.11416e+07 9454.45 35 9.98926 9 0.142669
564 4.29508e+09 7.83387e+06 9008.92 32 9.30176 9 0.134814
565 1.718e+10 3.74539e+07 8957.3 34 9.46875 9 0.139797
566 6.87196e+10 1.2053e+08 9034.58 36 9.8916 9 0.141253
567 1.37439e+11 1.49844e+08 9382.71 37 9.9541 9 0.141723
568 1.09951e+12 1.11109e+09 7334.42 40 9.47656 8 0.137511
569 1.718e+10 2.88102e+07 7226.23 34 8.94824 8 0.128706
570 4.29509e+09 1.66234e+07 5723.94 32 8.48242 7 0.125457
571 8.59005e+09 2.34266e+07 6979.09 33 8.86621 8 0.122902
572 3.43599e+10 3.71117e+07 5638.51 35 8.5791 7 0.121667
573 2.14759e+09 7.96948e+06 5239.43 31 8.27539 7 0.113707
574 1.718e+10 3.33943e+07 5230.83 34 8.1709 7 0.117011
575 8.59006e+09 1.41005e+07 5681.8 33 8.58301 7 0.11959
576 5.36962e+08 2.21803e+06 5502.26 29 8.43555 7 0.116769
577 8.59006e+09 1.12316e+07 4926.38 33 7.74219 7 0.108508
578 8.59005e+09 1.52864e+07 5282.07 33 8.3418 7 0.122142
579 4.29508e+09 9.30295e+06 5486.57 32 8.21094 7 0.118065
580 1.718e+10 3.48929e+07 5204.92 34 8.18066 7 0.117381
581 1.718e+10 3.2759e+07 5290.53 34 8.09277 7 0.11438
582 5.36967e+08 1.88465e+06 4113.41 29 7.63184 6 0.113461
583 3.43599e+10 4.17191e+07 5494.43 35 8.37109 7 0.122033
584 8.59006e+09 1.14867e+07 5222.21 33 7.93066 7 0.116115
585 4.29508e+09 1.27857e+07 5502.26 32 8.43066 7 0.11772
586 2.14759e+09 7.04574e+06 7145.48 31 8.7334 8 0.123391
587 1.37439e+11 1.46318e+08 5586.68 37 8.43359 8 0.119773
588 8.59005e+09 1.78748e+07 5609.03 33 8.23242 7 0.113225
589 8.59005e+09 1.50612e+07 5502.26 33 8.1748 7 0.113739
590 6.87196e+10 7.47818e+07 5645.8 36 8.3916 7 0.117689
591 1.718e+10 3.06655e+07 6374.81 34 8.45605 8 0.114298
592 5.49756e+11 5.41132e+08 5438.88 39 8.09668 7 0.114435
593 2.14759e+09 8.09221e+06 7521.98 31 8.93066 8 0.128394
594 4.29509e+09 8.65035e+06 6208.56 32 8.26074 8 0.123606
595 4.29508e+09 7.92033e+06 5470.78 32 7.7002 7 0.117711
596 3.43599e+10 5.21904e+07 5373.9 35 8.07227 7 0.128165
597 8.59006e+09 1.47603e+07 6850.26 33 8.48047 8 0.129615
598 5.36966e+08 2.70606e+06 6806.59 29 8.49805 8 0.128838
599 6.87196e+10 7.1412e+07 5556.33 36 7.82129 7 0.125191
600 1.718e+10 2.44078e+07 5349.14 34 7.91309 7 0.116176
601 8.59006e+09 2.065e+07 7021.28 33 8.61523 8 0.128744
602 8.59005e+09 1.2814e+07 5594.12 33 8.02734 7 0.11887
603 8.59005e+09 1.44483e+07 4649.65 33 7.71094 7 0.113368
604 8.59005e+09 1.13828e+07 5072.52 33 7.54785 7 0.117089
605 6.87196e+10 1.06591e+08 4813.65 36 7.49609 7 0.115044
606 8.59006e+09 1.32671e+07 5517.84 33 8.23438 7 0.119136
607 8.59005e+09 2.24658e+07 5340.83 33 7.94824 7 0.116556
608 4.29508e+09 1.16795e+07 5072.52 32 7.86719 7 0.114975
609 6.87196e+10 9.65306e+07 5717 36 8.40625 7 0.119247
610 2.14759e+09 6.47192e+06 5517.84 31 7.99414 7 0.116022
611 2.14758e+09 4.03896e+06 5462.84 31 8.05566 7 0.117756
612 5.36969e+08 2.35265e+06 4134.93 29 7.67383 6 0.111812
613 2.14759e+09 5.28902e+06 4926.38 31 7.68457 7 0.114579
614 6.87196e+10 7.54857e+07 5081.49 36 7.58984 7 0.118495
615 4.29509e+09 5.22599e+06 5631.18 32 7.94727 7 0.114017
616 1.07385e+09 3.0277e+06 5645.8 30 8.01074 7 0.11165
617 5.36967e+08 1.75674e+06 5390.29 29 7.90039 7 0.115048
618 3.43599e+10 4.08419e+07 5510.07 35 7.82617 7 0.114564
619 1.718e+10 2.10929e+07 5340.83 34 7.8418 7 0.113641
620 8.59006e+09 1.14465e+07 4181.49 33 7.58008 6 0.111894
621 1.718e+10 2.3684e+07 5054.52 34 7.62109 7 0.1154
622 3.43599e+10 8.25827e+07 4102.47 35 7.53809 6 0.110051
623 2.14759e+09 1.10286e+07 4140.23 31 7.76562 6 0.1113
624 4.29508e+09 1.17699e+07 4166.27 32 7.60645 6 0.110078
625 2.14759e+09 6.62693e+06 5470.78 31 8.14453 7 0.113577
626 5.49756e+11 5.40682e+08 5222.21 39 7.83105 7 0.111215
627 3.43599e+10 3.8e+07 5340.83 35 8.10156 7 0.114326
628 6.87196e+10 7.27938e+07 5517.84 36 8.27734 7 0.11738
629 1.07384e+09 4.49758e+06 6468.14 30 8.26172 8 0.125023
630 2.14759e+09 7.21506e+06 5631.18 31 8.22559 7 0.122389
631 2.1476e+09 8.18116e+06 5660.3 31 7.9873 7 0.11584
632 4.29509e+09 1.4807e+07 5081.49 32 7.64453 7 0.110325
633 1.718e+10 2.33732e+07 5502.26 34 8.04688 7 0.116869
634 8.59005e+09 1.29712e+07 5081.49 33 7.89355 7 0.113162
635 3.43599e+10 3.77087e+07 5161.3 35 7.77539 7 0.111633
636 1.37439e+11 1.51196e+08 4040.28 37 7.41699 6 0.106979
637 1.37439e+11 1.42057e+08 3893.96 37 7.24219 6 0.103865
638 5.36964e+08 2.75991e+06 2774.8 29 6.8291 5 0.101857
639 6.87196e+10 9.08143e+07 2762.17 36 6.75781 5 0.101294
640 5.36961e+08 2.38242e+06 4063.27 29 7.21484 6 0.106496
641 3.43599e+10 6.02721e+07 4102.47 35 7.43945 6 0.109563
642 1.37439e+11 1.39491e+08 4944.91 37 7.84277 7 0.113659
643 3.43599e+10 3.74633e+07 2736.29 35 6.75098 5 0.101658
644 4.29507e+09 1.43746e+07 4215.78 32 7.84375 6 0.115182
645 2.74878e+11 3.17748e+08 3855.34 38 7.54395 6 0.113195
646 1.718e+10 2.80345e+07 5161.3 34 8.29688 7 0.12448
647 2.74878e+11 2.95849e+08 5090.44 38 7.96582 7 0.122823
648 4.29508e+09 7.47312e+06 5438.88 32 8.25293 7 0.123815
649 5.3696e+08 3.51879e+06 4016.86 29 7.74707 6 0.12076
650 4.29508e+09 1.98402e+07 5143.71 32 8.46289 7 0.132287
651 2.14759e+09 9.4855e+06 5248 31 8.27051 7 0.12411
652 4.29508e+09 2.17612e+07 5099.37 32 7.98926 7 0.124844
653 4.29506e+09 1.10553e+07 3999.03 32 7.69434 6 0.123829
654 5.36967e+08 3.96111e+06 5616.45 29 8.47754 7 0.129713
655 2.68521e+08 2.11363e+06 5502.26 28 8.28516 7 0.128511
656 1.07384e+09 3.08471e+06 4210.99 30 7.82812 6 0.123439
657 1.07384e+09 5.97573e+06 5406.59 30 8.05176 7 0.123134
658 5.36963e+08 2.19163e+06 5556.33 29 8.33203 7 0.12343
659 4.29508e+09 1.11072e+07 5282.07 32 8.36816 7 0.125699
660 1.37439e+11 1.47911e+08 5494.43 37 8.39453 7 0.127443
661 6.87196e+10 1.87317e+08 5730.85 36 8.88672 7 0.12817
662 6.87196e+10 9.53285e+07 7104.48 36 9.32715 8 0.13668
663 1.718e+10 2.5553e+07 5478.69 34 8.36914 7 0.123681
664 3.43599e+10 8.26079e+07 6537.32 35 8.9248 8 0.127488
665 3.43599e+10 4.49217e+07 5645.8 35 8.77539 7 0.121702
666 1.718e+10 4.87308e+07 6063.21 34 9.08984 8 0.126167
667 1.37439e+11 1.64703e+08 7000.23 37 9.18359 8 0.134295
668 1.37439e+11 2.88098e+08 5556.33 37 9.18848 7 0.133083
669 6.87196e+10 2.66987e+08 6784.62 36 9.64746 8 0.141028
670 1.718e+10 4.81473e+07 7165.83 34 9.62988 8 0.138352
671 5.49756e+11 5.86986e+08 7010.77 39 9.48828 8 0.135923
672 6.87196e+10 9.61873e+07 6751.5 36 9.34473 8 0.133109
673 1.09951e+12 1.41714e+09 5090.44 40 8.71094 7 0.131548
674 1.37439e+11 1.86479e+08 3944.23 37 8.15723 6 0.124906
675 3.43599e+10 1.00917e+08 3735.08 35 7.85938 6 0.122646
676 1.718e+10 7.09021e+07 4746.72 34 8.56641 7 0.130184
677 2.74878e+11 4.39494e+08 5143.71 38 8.54395 7 0.130291
678 1.09951e+12 1.69265e+09 5586.62 40 9.1084 7 0.132602
679 2.74878e+11 3.46001e+08 4134.93 38 8.27832 6 0.12787
680 1.37439e+11 1.58827e+08 4210.99 37 8.72656 6 0.131856
681 2.19902e+12 2.30052e+09 5723.94 41 9.24707 7 0.137116
682 1.09951e+12 1.70449e+09 7155.67 40 9.90039 8 0.138711
683 1.718e+10 6.78373e+07 5645.8 34 9.20117 7 0.134222
684 1.718e+10 3.78192e+07 6850.26 34 9.28027 8 0.136003
685 3.43599e+10 9.24248e+07 5717 35 9.13477 7 0.133379
686 2.74878e+11 3.07431e+08 6740.42 38 9.03613 8 0.132401
687 2.19902e+12 2.22759e+09 6280.26 41 8.9375 8 0.131466
688 3.43599e+10 1.28124e+08 6386.55 35 9.08105 8 0.135419
689 3.43599e+10 1.44869e+08 6468.14 35 9.02344 8 0.133045
690 4.29508e+09 3.58933e+07 5248 32 8.62109 7 0.131893
691 5.49756e+11 5.82072e+08 5688.91 39 8.76562 7 0.129462
692 1.718e+10 5.87702e+07 6915.1 34 9.20312 8 0.131959
693 6.87196e+10 1.33758e+08 5398.45 36 8.78906 7 0.12779
694 3.43599e+10 7.60265e+07 6806.59 35 9.18359 8 0.132637
695 1.37439e+11 1.68226e+08 5478.69 37 8.88477 7 0.131808
696 5.49756e+11 5.90514e+08 6806.59 39 8.85059 8 0.135061
697 4.39805e+12 4.85277e+09 5703.02 42 8.71777 7 0.130803
698 2.74878e+11 4.43203e+08 7021.28 38 9.42578 8 0.136594
699 3.43599e+10 4.92559e+07 5446.9 35 8.81641 7 0.126738
700 2.74878e+11 4.95423e+08 5063.53 38 8.47168 7 0.127916
701 1.718e+10 7.15248e+07 5571.53 34 8.70801 7 0.12567
702 1.718e+10 7.39903e+07 6617.1 34 8.9082 8 0.128647
703 6.87196e+10 8.82482e+07 5631.18 36 8.75879 7 0.126103
704 2.74878e+11 3.49373e+08 5204.92 38 8.28125 7 0.118045
705 2.19902e+12 2.19053e+09 4034.46 41 8.00098 6 0.122073
706 4.39805e+12 4.34547e+09 5390.29 42 8.59375 7 0.126932
707 3.43599e+10 1.04148e+08 4113.41 35 8.33789 6 0.130552
708 5.49756e+11 7.40393e+08 3874.74 39 8.14648 6 0.128029
709 1.718e+10 7.49848e+07 4963.37 34 8.3125 7 0.129182
710 2.74878e+11 4.36766e+08 4074.61 38 8.07812 6 0.127412
711 8.59005e+09 2.4636e+07 3842.3 33 7.77344 6 0.125344
712 1.718e+10 4.64953e+07 3999.03 34 8.33691 6 0.131541
713 3.43599e+10 1.06334e+08 4010.94 35 7.88184 6 0.123829
714 6.87196e+10 1.47611e+08 4005 36 8.06055 6 0.125516
715 1.718e+10 3.34254e+07 4046.07 34 8.14258 6 0.126167
716 6.87196e+10 1.29553e+08 4171.38 36 8.22363 6 0.130288
717 6.87196e+10 1.74665e+08 3956.58 36 8.08984 6 0.128649
718 2.74878e+11 3.63698e+08 3565.39 38 7.68945 6 0.127102
719 6.87196e+10 7.52786e+07 5365.67 36 8.47461 7 0.130924
720 3.43599e+10 6.5414e+07 3925.55 35 7.83008 6 0.127206
721 1.718e+10 2.49515e+07 3809.33 34 7.77637 6 0.127521
722 1.37439e+11 1.79229e+08 3721.33 37 7.82812 6 0.126618
723 6.87196e+10 1.30963e+08 3868.3 36 7.99316 6 0.120853
724 3.43599e+10 1.1971e+08 3980.98 35 7.90625 6 0.11992
725 1.37439e+11 1.75379e+08 3868.3 37 8.01172 6 0.120482
726 2.74878e+11 2.83347e+08 5265.08 38 8.41699 7 0.124408
727 3.43599e+10 7.58203e+07 3893.96 35 7.89844 6 0.122882
728 1.718e+10 3.57345e+07 3919.27 34 7.63184 6 0.116907
729 3.43599e+10 5.80968e+07 3944.23 35 7.79297 6 0.121344
730 1.37439e+11 1.5448e+08 3931.8 37 7.85449 6 0.121323
731 1.718e+10 3.88615e+07 4034.46 34 7.94336 6 0.118781
732 1.718e+10 4.04377e+07 3944.23 34 7.61914 6 0.116659
733 8.59005e+09 2.2507e+07 4080.24 33 7.87207 6 0.120427
734 6.87196e+10 7.94486e+07 4155.95 36 7.89258 6 0.121059
735 1.718e+10 5.9814e+07 4129.59 34 8.18945 6 0.124434
736 1.37439e+11 2.24829e+08 3861.83 37 7.85254 6 0.125187
737 1.37439e+11 1.91987e+08 4085.84 37 8.31738 6 0.129469
738 1.718e+10 3.94263e+07 3887.57 34 7.8457 6 0.119309
739 8.59006e+09 3.22883e+07 3246.01 33 7.5166 6 0.11669
740 8.59005e+09 3.95777e+07 2807.41 33 7.51758 5 0.122005
741 1.718e+10 5.62297e+07 3741.93 34 7.91992 6 0.129194
742 6.87196e+10 1.78092e+08 3002.56 36 7.9873 6 0.128274
743 1.718e+10 5.75573e+07 3347.69 34 7.79004 6 0.124757
744 6.87196e+10 1.36307e+08 3728.22 36 7.51465 6 0.122751
745 6.87196e+10 1.15077e+08 3956.58 36 8.00684 6 0.126133
746 6.87196e+10 1.91409e+08 3855.34 36 8.01855 6 0.12426
747 6.87196e+10 2.69661e+08 3950.42 36 8.13379 6 0.126194
748 1.09951e+12 1.20359e+09 4091.41 40 8.27832 6 0.125402
749 5.49756e+11 5.85808e+08 4063.27 39 8.22852 6 0.127841
750 1.37439e+11 1.84776e+08 4266.16 37 8.375 7 0.129966
751 1.718e+10 2.79346e+07 4134.93 34 8.40723 6 0.125787
752 3.43599e+10 9.34282e+07 4046.07 35 7.96777 6 0.120956
753 4.29509e+09 1.91502e+07 3900.32 32 7.7832 6 0.11987
754 6.87196e+10 1.40961e+08 4981.75 36 8.19043 7 0.128344
755 6.87196e+10 1.32863e+08 3912.98 36 8.00195 6 0.127411
756 2.74878e+11 3.38888e+08 3842.3 38 7.90527 6 0.123428
757 5.49756e+11 7.21528e+08 4005 39 7.76562 6 0.12261
758 1.37439e+11 4.552e+08 3950.42 37 8.14746 6 0.127627
759 6.87196e+10 1.15345e+08 3893.96 36 7.70215 6 0.118503
760 5.49756e+11 1.07703e+09 4096.95 39 8.20605 6 0.124141
761 2.74878e+11 5.47849e+08 4102.47 38 8.33105 6 0.122694
762 3.43599e+10 6.9613e+07 3829.17 35 7.7666 6 0.120025
763 8.59005e+09 4.36112e+07 4010.94 33 8.01172 6 0.121547
764 2.74878e+11 4.56645e+08 4046.07 38 8.25586 6 0.126402
765 3.43599e+10 1.05471e+08 3925.55 35 8.03906 6 0.125827
766 3.43599e+10 1.77838e+08 4181.49 35 8.52441 6 0.131003
767 2.19902e+12 2.27732e+09 4851.52 41 8.64551 7 0.130878
768 5.49756e+11 6.60868e+08 5090.44 39 8.72168 7 0.12772
769 6.87196e+10 2.68752e+08 4963.37 36 8.82227 7 0.129098
770 4.39805e+12 5.29506e+09 4063.27 42 8.66406 6 0.129057
771 5.49756e+11 8.25896e+08 6850.26 39 9.63672 8 0.138755
772 2.74878e+11 6.34447e+08 7936.71 38 10.4014 9 0.149507
773 1.09951e+12 1.67624e+09 8081.35 40 9.91016 9 0.142104
774 2.74878e+11 3.74698e+08 5349.14 38 8.97461 7 0.129331
775 5.49756e+11 9.39421e+08 5307.39 39 9.08301 7 0.130645
776 1.75922e+13 1.85439e+10 6662.24 44 9.44238 8 0.135042
777 5.49756e+11 8.02527e+08 7410.92 39 10.6152 8 0.150701
778 2.74878e+11 4.47731e+08 7391.97 38 10.2188 8 0.145205
779 7.03687e+13 6.89421e+10 6979.09 46 9.81738 8 0.143751
780 2.74878e+11 5.68448e+08 6617.1 38 9.98438 8 0.151071
781 4.39805e+12 5.21395e+09 8693.38 42 10.3975 9 0.155915
782 1.37439e+11 3.29241e+08 5645.8 37 9.70703 7 0.142162
783 1.09951e+12 1.36643e+09 7010.77 40 9.87598 8 0.147854
784 3.43599e+10 1.44509e+08 6184.52 35 9.57031 8 0.145064
785 6.87196e+10 1.9846e+08 6050.99 36 9.1875 8 0.138562
786 5.49756e+11 1.30715e+09 5332.51 39 9.10156 7 0.136226
787 1.09951e+12 3.5887e+09 5315.79 40 9.6748 7 0.146482
788 3.43599e+10 1.08056e+08 5470.78 35 9.25195 7 0.141608
789 2.74878e+11 4.75263e+08 5422.79 38 9.1582 7 0.14147
790 5.49756e+11 9.88675e+08 4717.77 39 9.05176 7 0.138527
791 2.19902e+12 2.27824e+09 5099.37 41 8.7207 7 0.131755
792 2.74878e+11 6.44416e+08 5638.51 38 9.23828 7 0.145457
793 2.74878e+11 3.70069e+08 5382.11 38 9.14258 7 0.141015
794 6.87196e+10 1.15031e+08 5594.12 36 9.45801 7 0.147826
795 3.51844e+13 3.45786e+10 5525.6 45 9.38574 7 0.145339
796 3.43599e+10 1.34651e+08 8503.14 35 10.4561 9 0.157526
797 1.09951e+12 1.60169e+09 7951.26 40 10.6299 9 0.161795
798 1.37439e+11 4.13296e+08 6707.04 37 10.1514 8 0.152211
799 2.19902e+12 2.52303e+09 7521.98 41 10.3555 8 0.156877
800 1.09951e+12 1.46567e+09 8364.63 40 10.6387 9 0.156532
801 3.43599e+10 1.70183e+08 7353.72 35 10.2588 8 0.153909
802 5.49756e+11 8.33053e+08 7256.07 39 10.0312 8 0.150491
803 2.74878e+11 9.207e+08 7206.2 38 10.2861 8 0.155424
804 4.39805e+12 4.47014e+09 6292.15 42 9.76172 8 0.144653
805 5.49756e+11 8.10942e+08 8392.5 39 10.4336 9 0.161821
806 1.75922e+13 1.94982e+10 7503.79 44 10.9561 8 0.164802
807 1.09951e+12 4.95871e+09 9594.67 40 11.3584 9 0.167432
808 2.74878e+11 5.53052e+08 6839.38 38 10.0059 8 0.150184
809 1.718e+10 8.76516e+07 7448.45 34 10.2998 8 0.154014
810 8.59005e+09 5.61899e+07 8434.15 33 10.2266 9 0.152873
811 4.39805e+12 5.53796e+09 6925.82 42 9.89941 8 0.151633
812 1.09951e+12 1.70061e+09 7123.73 40 9.92871 9 0.151022
813 4.39805e+12 4.55738e+09 6925.82 42 10.0166 8 0.147696
814 3.43599e+10 1.80212e+08 9110.94 35 10.5674 9 0.154843
815 8.79609e+12 1.24655e+10 7154.75 43 10.0791 9 0.152974
816 6.87196e+10 3.01618e+08 6662.24 36 10.0391 8 0.150663
817 1.37439e+11 4.84005e+08 7429.74 37 10.3145 8 0.153695
818 1.37439e+11 4.76716e+08 5579.09 37 9.67285 7 0.148699
819 2.19902e+12 3.64931e+09 6560.21 41 9.82812 8 0.153156
820 1.37439e+11 4.11604e+08 9236.12 37 10.8389 9 0.163232
821 1.09951e+12 2.51701e+09 7775.38 40 10.4629 9 0.158517
822 1.37439e+11 3.60077e+08 6456.55 37 9.75293 8 0.153768
823 1.37439e+11 3.79641e+08 7206.2 37 10.2324 8 0.157377
824 6.87196e+10 1.853e+08 6479.72 36 9.77539 8 0.152735
825 2.19902e+12 3.10421e+09 7196.15 41 10.2881 8 0.156434
826 2.19902e+12 4.441e+09 5586.62 41 9.9707 7 0.156222
827 5.49756e+11 6.97101e+08 5230.83 39 9.42969 7 0.151329
828 6.87196e+10 2.51308e+08 7275.83 36 10.3789 8 0.159519
829 2.74878e+11 7.55185e+08 6386.55 38 9.6748 8 0.154831
830 1.37439e+11 5.53003e+08 5161.3 37 9.47363 7 0.157265
831 3.43599e+10 1.75439e+08 5324.16 35 9.53223 7 0.156431
832 1.09951e+12 2.30974e+09 4129.59 40 9.21094 6 0.152393
833 1.09951e+12 1.62339e+09 4879.73 40 8.9541 7 0.15109
834 3.51844e+13 3.53138e+10 6707.04 45 9.97168 8 0.160342
835 5.49756e+11 2.76235e+09 10997.1 39 11.2598 10 0.170096
836 8.79609e+12 1.10824e+10 9008.92 43 10.6201 9 0.162624
837 4.39805e+12 6.86392e+09 8957.3 42 10.8428 9 0.164489
838 2.74878e+11 4.98191e+08 9136.19 38 10.3369 9 0.163497
839 1.09951e+12 1.60894e+09 7610.9 40 10.0469 8 0.162078
840 1.09951e+12 1.56088e+09 5446.9 40 9.63574 7 0.156647
841 2.19902e+12 2.38346e+09 10505.5 41 11.1553 10 0.169114
842 2.74878e+11 1.05712e+09 12374.2 38 11.7949 10 0.173482
843 2.19902e+12 3.25163e+09 11375.2 41 11.5186 10 0.17151
844 2.19902e+12 3.55017e+09 11528.4 41 12.0293 10 0.17845
845 4.39805e+12 9.0054e+09 13761 42 12.2715 11 0.175544
846 4.39805e+12 1.13337e+10 11782.8 42 12.0869 10 0.173294
847 1.09951e+12 5.91443e+09 11899.6 40 12.1504 10 0.17396
848 3.51844e+13 3.60203e+10 11604.1 45 12.2334 10 0.177662
849 1.40737e+14 1.47868e+11 14629.5 47 12.5615 11 0.181136
850 5.49756e+11 2.55626e+09 16216.2 39 13.2266 11 0.187335
851 2.19902e+12 4.06199e+09 11359.7 41 12.0391 10 0.171942
852 4.39805e+12 1.00445e+10 10066.3 42 12.0186 9 0.17249
853 5.49756e+11 3.3725e+09 11375.2 39 11.8203 10 0.169844
854 4.39805e+12 7.21558e+09 9334.3 42 11.3125 9 0.16344
855 8.79609e+12 1.58314e+10 12238.5 43 12.2812 10 0.175323
856 1.09951e+12 2.81134e+09 11140.6 40 12.0273 10 0.172074
857 1.75922e+13 1.94669e+10 11390.7 44 11.8955 10 0.171221
858 8.79609e+12 1.02956e+10 11061.1 43 11.8203 10 0.172032
859 2.19902e+12 5.70626e+09 7785.47 41 11.3203 8 0.167858
860 5.49756e+11 2.24841e+09 7196.15 39 11.1025 8 0.165423
861 8.79609e+12 9.50437e+09 8461.81 43 11.0898 9 0.161006
862 3.51844e+13 3.71468e+10 11782.8 45 12.167 10 0.177854
863 2.19902e+12 4.48434e+09 11235.1 41 11.7432 10 0.174476
864 8.79609e+12 1.07248e+10 7216.23 43 10.7656 8 0.160425
865 5.49756e+11 1.93671e+09 6861.13 39 10.2627 8 0.160473
866 1.75922e+13 1.98252e+10 7536.73 44 11.0459 9 0.167567
867 1.37439e+11 8.16379e+08 9285.43 37 11.4922 9 0.166611
868 2.74878e+11 1.45057e+09 7031.77 38 10.4004 8 0.155912
869 4.39805e+12 6.52066e+09 6871.97 42 10.3965 8 0.156579
870 1.75922e+13 1.97483e+10 5586.62 44 9.90723 7 0.150215
871 5.49756e+11 1.8266e+09 8800.09 39 11.0918 9 0.164986
872 4.39805e+12 1.17833e+10 7476.26 42 10.7588 8 0.166218
873 1.09951e+12 4.02816e+09 7073.47 40 10.4014 8 0.161035
874 2.19902e+12 3.55112e+09 8195.64 41 10.5205 9 0.165738
875 1.09951e+12 2.58765e+09 8879.13 40 10.6875 9 0.16337
876 4.39805e+12 6.18313e+09 7073.47 42 10.1406 8 0.159755
877 5.49756e+11 1.13345e+09 9223.72 39 10.5391 9 0.165252
878 5.49756e+11 1.18176e+09 9021.76 39 10.6836 9 0.168742
879 2.19902e+12 4.25072e+09 9454.45 41 10.7529 9 0.164232
880 1.09951e+12 3.75363e+09 9548.43 40 11.0684 9 0.166389
881 4.5036e+15 4.40382e+12 9382.71 52 10.7402 9 0.162138
882 5.49756e+11 1.41704e+09 9157.82 39 10.7363 10 0.16483
883 4.39805e+12 4.90151e+09 9060.14 42 10.7246 9 0.165942
884 1.1259e+15 1.10039e+12 8996.05 50 10.708 9 0.16906
885 2.19902e+12 3.89824e+09 12414.2 41 12.1602 10 0.182813
886 3.51844e+13 4.34527e+10 15900.4 45 12.3662 11 0.190624
887 2.19902e+12 6.25743e+09 18051.9 41 12.3662 12 0.186496
888 5.49756e+11 1.62575e+09 15838.3 39 12.1035 11 0.184479
889 1.75922e+13 2.01636e+10 14824.4 44 12.0713 11 0.183674
890 4.39805e+12 7.08679e+09 26939.2 42 13.7773 13 0.199311
891 4.39805e+12 1.32681e+10 26525 42 13.8018 13 0.200999
892 1.09951e+12 6.28238e+09 36818.4 40 14.3203 14 0.210075
893 8.79609e+12 2.19745e+10 38409.1 43 14.707 14 0.211286
894 4.39805e+12 9.0856e+09 26502.8 42 13.502 13 0.198739
895 4.39805e+12 1.62318e+10 36000.1 42 13.7412 14 0.201297
896 5.49756e+11 2.03029e+09 36053.8 39 13.6729 14 0.201562
897 7.03687e+13 7.43369e+10 25284.6 46 12.8535 13 0.18999
898 4.39805e+12 7.47129e+09 23885.7 42 12.8555 13 0.18493
899 1.09951e+12 2.77006e+09 26076 40 13.1777 13 0.193112
900 1.75922e+13 2.02553e+10 37050.4 44 13.8213 14 0.198405
901 1.09951e+12 3.59968e+09 38097.6 40 14.4404 14 0.210646
902 2.19902e+12 3.3981e+09 36583.8 41 13.9316 14 0.202535
903 8.79609e+12 1.92155e+10 38432.8 43 13.7695 14 0.202391
904 3.51844e+13 5.06403e+10 37631.3 45 13.9453 14 0.205315
905 7.03687e+13 7.83718e+10 37101.6 46 14.0479 14 0.199414
906 4.39805e+12 1.24644e+10 91173.7 42 15.6484 16 0.219124
907 5.49756e+11 2.4236e+09 57195 39 14.7969 15 0.213531
908 4.39805e+12 7.45756e+09 57686.9 42 14.9062 15 0.210964
909 5.49756e+11 2.73867e+09 55769.7 39 15.1602 15 0.208852
910 1.09951e+12 3.28342e+09 36610 40 14.0254 14 0.199253
911 8.79609e+12 1.73367e+10 36766.4 43 13.6895 14 0.198289
912 1.40737e+14 1.43322e+11 36870.1 47 14.0811 14 0.200003
913 1.09951e+12 4.14054e+09 37755.3 40 14.3193 14 0.200192
914 2.19902e+12 3.18329e+09 24112.2 41 13.0508 13 0.184065
915 4.39805e+12 6.73475e+09 18095.4 42 12.6924 12 0.183347
916 8.79609e+12 2.2806e+10 37101.6 43 14.3135 14 0.198443
917 5.49756e+11 2.58405e+09 57084.1 39 15.2295 15 0.209202
918 7.03687e+13 7.73517e+10 56263.6 46 15.0078 15 0.208415
919 8.79609e+12 1.25662e+10 19588.6 43 13.4785 12 0.203271
920 1.75922e+13 2.71168e+10 19249.3 44 13.2529 12 0.194467
921 1.75922e+13 2.78192e+10 15321.3 44 12.7178 11 0.190862
922 3.51844e+13 4.55814e+10 25379.5 45 13.6035 13 0.198077
923 1.75922e+13 2.53712e+10 37050.4 44 14.417 14 0.205591
924 8.79609e+12 1.14757e+10 38409.1 43 14.6367 14 0.209761
925 2.19902e+12 1.3173e+10 93636.3 41 15.9512 16 0.227008
926 4.39805e+12 1.00395e+10 91370.3 42 15.5059 16 0.220566
927 3.51844e+13 6.54958e+10 93209.9 45 15.8867 16 0.224648
928 1.09951e+12 3.99182e+09 56464.2 40 15.1992 15 0.2109
929 8.79609e+12 1.53091e+10 58530.7 43 15.1074 15 0.212568
930 2.19902e+12 8.23111e+09 91206.6 41 15.5869 16 0.219324
931 2.19902e+12 6.14701e+09 55057.2 41 15.1406 15 0.209646
932 4.39805e+12 7.31388e+09 55828.3 42 15.125 15 0.208519
933 2.19902e+12 5.60669e+09 26679 41 14.168 13 0.194554
934 1.09951e+12 8.36166e+09 36187.4 40 13.9961 14 0.195008
935 1.09951e+12 2.99372e+09 25800.6 40 13.6787 13 0.192591
936 1.09951e+12 4.35941e+09 26525 40 13.8311 13 0.19442
937 5.49756e+11 2.04219e+09 19842 39 13.3477 12 0.18769
938 4.39805e+12 6.01826e+09 25045.5 42 13.4297 13 0.189669
939 7.03687e+13 8.32949e+10 37506.5 46 14.5508 14 0.204855
940 2.81475e+14 3.07613e+11 56748 48 15.6357 15 0.219992
941 2.81475e+14 3.52482e+11 56748 48 15.1992 15 0.209275
942 1.09951e+12 6.02428e+09 56234.8 40 14.999 15 0.213945
943 1.09951e+12 6.35185e+09 56061.3 40 15.1787 15 0.215414
944 4.39805e+12 1.55577e+10 37330.4 42 14.6328 14 0.207356
945 8.79609e+12 1.49791e+10 38760.4 43 14.9619 14 0.208428
946 3.51844e+13 4.16801e+10 56832.5 45 15.2119 15 0.212764
947 1.09951e+12 3.93346e+09 13969.2 40 12.8975 11 0.192469
948 2.81475e+14 2.93056e+11 39192.3 48 15.1123 14 0.216748
949 7.03687e+13 9.15633e+10 36320.3 46 14.8389 14 0.208809
950 8.79609e+12 2.47991e+10 55711 43 14.9287 15 0.207231
951 7.03687e+13 8.35498e+10 37506.5 46 15.0537 14 0.214344
952 7.03687e+13 1.24527e+11 26458.5 46 14.5234 13 0.202919
953 2.19902e+12 8.97428e+09 37456.4 41 14.4336 14 0.203396
954 1.75922e+13 2.58409e+10 20423.4 44 13.7051 12 0.194473
955 8.79609e+12 2.17192e+10 16979.8 43 13.1523 12 0.18815
956 1.75922e+13 2.62601e+10 36896 44 14.46 14 0.200631
957 3.51844e+13 4.09552e+10 35098.6 45 14.3496 14 0.203292
958 4.39805e+12 1.32828e+10 24361.5 42 13.7588 13 0.194615
959 1.40737e+14 2.31144e+11 22829.4 47 13.9033 13 0.198199
960 3.51844e+13 3.84407e+10 20495.9 45 13.5225 12 0.187938
961 7.03687e+13 7.83378e+10 11753.3 46 12.0059 10 0.182444
962 8.79609e+12 1.35271e+10 19861.3 43 13.3799 12 0.18766
963 4.39805e+12 1.03817e+10 26657.1 42 13.6836 13 0.192643
964 4.39805e+12 1.29566e+10 35730.2 42 14.1328 14 0.199315
965 1.75922e+13 3.61774e+10 36107.3 44 14.5176 14 0.20348
966 3.51844e+13 7.59769e+10 59135.6 45 15.2979 15 0.214168
967 3.51844e+13 4.53909e+10 159870 45 16.5068 17 0.228502
968 1.75922e+13 4.60717e+10 57767.7 44 15.4033 15 0.214014
969 1.75922e+13 2.63125e+10 36870.1 44 14.3984 14 0.200726
970 1.75922e+13 3.82099e+10 161219 44 16.3369 17 0.222161
971 4.39805e+12 1.74289e+10 95039.6 42 16.2236 16 0.223085
972 7.03687e+13 9.34983e+10 56691.5 46 15.3535 15 0.213221
973 8.79609e+12 2.74162e+10 57360.3 43 15.2285 15 0.212583
974 7.03687e+13 1.15152e+11 37755.3 46 14.9131 14 0.210899
975 1.75922e+13 3.47023e+10 162182 44 16.7256 17 0.226037
976 2.81475e+14 3.45156e+11 94495.4 48 16.2949 16 0.223279
977 3.51844e+13 1.19183e+11 94202.9 45 16.2744 16 0.225641
978 8.79609e+12 4.70469e+10 161010 43 16.2891 17 0.223381
979 1.75922e+13 3.96971e+10 91337.6 44 15.8457 16 0.223833
980 5.6295e+14 6.30538e+11 92399.4 49 15.7773 16 0.214144
981 3.51844e+13 7.70317e+10 55769.7 45 15.3867 15 0.211404
982 1.1259e+15 1.13364e+12 295247 50 16.8047 18 0.228203
983 1.40737e+14 1.80156e+11 161704 47 16.3652 17 0.228162
984 1.75922e+13 2.55458e+10 91565.8 44 15.7656 16 0.215167
985 1.80144e+16 1.76877e+13 37456.4 54 14.7295 14 0.207545
986 3.51844e+13 7.21269e+10 296579 45 17.4297 18 0.234434
987 3.51844e+13 1.06208e+11 162317 45 16.6309 17 0.227583
988 1.75922e+13 3.23022e+10 93363 44 15.6455 16 0.218123
989 3.51844e+13 1.42387e+11 37355.7 45 14.8691 14 0.20503
990 2.81475e+14 4.54539e+11 57139.6 48 15.5381 15 0.214818
991 4.39805e+12 2.00393e+10 163570 42 16.5859 17 0.227999
992 8.79609e+12 2.50485e+10 92963.1 43 15.6826 16 0.219009
993 7.03687e+13 1.49499e+11 161428 46 16.1816 17 0.223943
994 3.51844e+13 1.11914e+11 294506 45 17.0332 18 0.231383
995 8.79609e+12 2.59055e+10 162317 43 16.624 17 0.232813
996 4.39805e+12 2.16303e+10 94378.9 42 16.0176 16 0.217936
997 1.40737e+14 2.92894e+11 163441 47 16.5371 17 0.23249
998 3.51844e+13 6.79888e+10 93966 45 16.1455 16 0.221018
999 2.81475e+14 3.34595e+11 294663 48 16.7949 18 0.229354
1000 2.81475e+14 3.59636e+11 295670 48 16.4619 18 0.231101
1001 4.39805e+12 1.22408e+10 26212.1 42 14.2148 13 0.196453
1002 8.79609e+12 3.0484e+10 39259.1 43 14.6758 14 0.206177
1003 2.2518e+15 2.24162e+12 92994.1 51 15.7549 16 0.220526
1004 2.81475e+14 3.04202e+11 293872 48 16.6592 18 0.22716
1005 2.19902e+12 1.63394e+10 297937 41 16.9551 18 0.232571
1006 7.03687e+13 1.02837e+11 162918 46 16.1191 17 0.22336
1007 3.51844e+13 5.7225e+10 162250 45 16.2656 17 0.222943
1008 8.79609e+12 2.64719e+10 162752 43 16.542 17 0.226966
1009 1.75922e+13 4.56294e+10 93148.4 44 15.5938 16 0.216838
1010 1.40737e+14 3.52969e+11 58633.3 47 15.3125 15 0.214443
1011 1.44115e+17 1.45191e+14 161635 57 15.8086 17 0.224742
1012 3.51844e+13 5.95249e+10 56292.3 45 15.1807 15 0.219704
1013 2.2518e+15 2.40205e+12 93484.8 51 16.3711 16 0.229792
1014 7.03687e+13 1.19708e+11 94055.2 46 15.8096 16 0.228114
1015 8.79609e+12 2.96501e+10 160373 43 16.417 17 0.231985
1016 1.75922e+13 3.6031e+10 57578.6 44 15.2861 15 0.214246
1017 1.1259e+15 1.16468e+12 94812.3 50 15.835 16 0.220947
1018 1.40737e+14 1.54434e+11 160869 47 15.8867 17 0.221691
1019 1.09951e+12 5.18708e+09 38644.3 40 14.2393 14 0.206424
1020 3.51844e+13 9.05702e+10 161045 45 15.7891 17 0.221366
1021 8.79609e+12 2.40242e+10 56549.7 43 14.5117 15 0.204665
1022 1.75922e+13 4.35697e+10 37152.7 44 14.6602 14 0.208785
1023 4.39805e+12 2.15908e+10 38385.3 42 14.5664 14 0.200451
1024 1.75922e+13 3.59951e+10 56407.1 44 14.6348 15 0.201284
1025 3.51844e+13 8.81337e+10 93086.8 45 15.4404 16 0.214531
1026 2.81475e+14 6.79016e+11 160869 48 16.4941 17 0.22675
1027 7.03687e+13 1.78424e+11 298402 46 17.8936 18 0.249267
1028 1.75922e+13 5.97891e+10 560674 44 17.9629 19 0.248592
1029 4.39805e+12 3.95459e+10 562951 42 18.5576 19 0.257036
1030 1.40737e+14 1.67209e+11 563112 47 17.9062 19 0.248203
1031 3.51844e+13 1.64357e+11 2.14304e+06 45 20.3506 21 0.282793
1032 3.51844e+13 1.02597e+11 1.09111e+06 45 18.8311 20 0.264222
1033 1.75922e+13 5.6959e+10 1.09275e+06 44 19.4043 20 0.270128
1034 4.5036e+15 4.51002e+12 1.0895e+06 52 18.8975 20 0.266868
1035 1.75922e+13 8.3107e+10 2.13943e+06 44 19.834 21 0.276617
1036 2.81475e+14 3.75186e+11 1.09275e+06 48 19.3701 20 0.273574
1037 2.2518e+15 2.48753e+12 1.094e+06 51 19.5293 20 0.281477
1038 7.03687e+13 2.19743e+11 2.1439e+06 46 20.2354 21 0.290209
1039 9.0072e+15 9.13365e+12 1.09141e+06 53 20.1006 20 0.290451
1040 2.81475e+14 4.21873e+11 2.13913e+06 48 19.8691 21 0.281648
1041 1.1259e+15 2.3882e+12 4.24667e+06 50 21.1279 22 0.301156
1042 7.03687e+13 2.05201e+11 2.14064e+06 46 20.6797 21 0.294501
1043 5.6295e+14 1.0736e+12 2.1473e+06 49 20.6787 21 0.294933
1044 5.6295e+14 9.23771e+11 4.24323e+06 49 21.3447 22 0.307377
1045 1.1259e+15 1.83542e+12 4.24454e+06 50 21.1895 22 0.313909
1046 2.2518e+15 3.02884e+12 2.13989e+06 51 20.4668 21 0.298598
1047 1.1259e+15 1.56603e+12 4.24672e+06 50 21.6396 22 0.324316
1048 1.15292e+18 1.13011e+15 4.24791e+06 60 22.3291 22 0.328939
1049 1.1259e+15 1.91715e+12 4.24286e+06 50 21.1387 22 0.322025
1050 2.2518e+15 4.79154e+12 4.24677e+06 51 21.374 22 0.320168
1051 9.0072e+15 1.39734e+13 8.44523e+06 53 22.418 23 0.332146
1052 1.80144e+16 1.9425e+13 8.43899e+06 54 22.2012 23 0.330019
1053 4.5036e+15 8.79812e+12 4.24697e+06 52 22.3643 22 0.330621
1054 4.5036e+15 6.23417e+12 2.144e+06 52 21.8545 21 0.32552
1055 2.81475e+14 1.31688e+12 2.13867e+06 48 21.417 21 0.322158
1056 2.2518e+15 4.08158e+12 1.08785e+06 51 20.7168 20 0.312999
1057 1.1259e+15 4.1475e+12 2.14466e+06 50 21.8105 21 0.329335
1058 1.1259e+15 2.714e+12 8.44242e+06 50 22.3242 23 0.331528
1059 3.60288e+16 3.73492e+13 4.24551e+06 55 22.3779 22 0.332875
1060 2.2518e+15 6.39853e+12 1.09211e+06 51 20.4033 20 0.295731
1061 4.5036e+15 1.27657e+13 297393 52 19.6299 18 0.286423
1062 2.2518e+15 5.03341e+12 1.09292e+06 51 20.7246 20 0.303061
1063 1.80144e+16 1.94273e+13 4.24617e+06 54 21.6416 22 0.313666
1064 2.2518e+15 5.29249e+12 3.36244e+07 51 23.9385 25 0.346646
1065 2.81475e+14 1.19058e+12 8.44353e+06 48 22.1504 23 0.328165
1066 1.40737e+14 9.66048e+11 8.44719e+06 47 22.2363 23 0.327651
1067 2.2518e+15 4.90761e+12 2.14039e+06 51 20.7646 21 0.308654
1068 4.5036e+15 5.49373e+12 8.44135e+06 52 21.5703 23 0.315821
1069 5.6295e+14 2.42575e+12 8.44745e+06 49 22.8262 23 0.326364
1070 1.80144e+16 2.3714e+13 1.68349e+07 54 22.7402 24 0.331358
1071 1.40737e+14 8.56252e+11 2.14522e+06 47 21.5908 21 0.312189
1072 2.2518e+15 3.41695e+12 4.24652e+06 51 21.3398 22 0.313152
1073 2.81475e+14 1.69516e+12 8.43887e+06 48 22.0078 23 0.315989
1074 3.60288e+16 5.5805e+13 8.44214e+06 55 22.0342 23 0.319735
1075 5.6295e+14 2.44009e+12 1.68397e+07 49 22.9014 24 0.3351
1076 2.81475e+14 1.74816e+12 1.68448e+07 48 23.0527 24 0.339603
1077 2.81475e+14 2.11052e+12 8.44436e+06 48 22.1416 23 0.321036
1078 2.2518e+15 5.63486e+12 2.1459e+06 51 21.6914 21 0.32141
1079 4.5036e+15 7.07619e+12 2.14604e+06 52 21.3906 21 0.315047
1080 4.5036e+15 7.1513e+12 2.14503e+06 52 21.6074 21 0.316909
1081 7.20576e+16 7.95924e+13 8.44419e+06 56 23.0049 23 0.335615
1082 2.2518e+15 6.9e+12 4.24281e+06 51 21.2266 22 0.311744
1083 1.1259e+15 2.66331e+12 4.24752e+06 50 21.6641 22 0.319121
1084 1.1259e+15 2.84399e+12 1.09045e+06 50 20.2803 20 0.301221
1085 2.2518e+15 4.87886e+12 8.44894e+06 51 22.2998 23 0.324161
1086 4.5036e+15 4.77141e+12 1.09232e+06 52 20.5781 20 0.298556
1087 9.0072e+15 1.51291e+13 8.44364e+06 53 22.3887 23 0.32934
1088 5.6295e+14 1.89958e+12 8.4318e+06 49 21.626 23 0.318798
1089 5.6295e+14 1.20295e+12 8.44101e+06 49 21.2383 23 0.311977
1090 2.2518e+15 3.95586e+12 1.09329e+06 51 20.8682 20 0.306352
1091 5.6295e+14 2.33999e+12 8.44095e+06 49 21.9697 23 0.326483
1092 2.2518e+15 5.48624e+12 4.24454e+06 51 21.4912 22 0.326356
1093 9.0072e+15 1.26749e+13 4.24329e+06 53 21.252 22 0.31849
1094 1.1259e+15 5.87078e+12 3.36216e+07 50 23.9434 25 0.359063
1095 4.5036e+15 9.93033e+12 1.68395e+07 52 23.2432 24 0.350383
1096 9.0072e+15 1.44181e+13 1.68348e+07 53 21.8184 24 0.332638
1097 4.5036e+15 1.27066e+13 8.44485e+06 52 22.0527 23 0.334453
1098 5.76461e+17 5.77492e+14 8.44342e+06 59 22.4111 23 0.343702
1099 9.0072e+15 3.3463e+13 3.36152e+07 53 22.7705 25 0.350438
1100 3.60288e+16 9.19516e+13 2.14558e+06 55 21.1367 21 0.3221
1101 4.5036e+15 1.99493e+13 1.09004e+06 52 21.1631 20 0.32967
1102 4.5036e+15 1.4952e+13 8.44539e+06 52 22.4258 23 0.347065
1103 2.8823e+17 3.20531e+14 3.3615e+07 58 22.8496 25 0.34934
1104 1.44115e+17 3.63813e+14 1.6832e+07 57 22.6797 24 0.353498
1105 7.20576e+16 1.6466e+14 1.68351e+07 56 23.0439 24 0.361407
1106 7.20576e+16 8.50891e+13 2.14129e+06 56 21.2373 21 0.335919
1107 9.0072e+15 3.67708e+13 558160 53 20.001 19 0.315269
1108 3.60288e+16 3.91829e+13 296127 55 19.335 18 0.304751
1109 4.5036e+15 1.40483e+13 8.44381e+06 52 22.7773 23 0.354882
1110 5.76461e+17 5.92285e+14 1.09292e+06 59 21.6943 20 0.339864
1111 4.5036e+15 1.01005e+13 161463 52 19.3818 17 0.298528
1112 7.20576e+16 8.54087e+13 2.13664e+06 56 20.9961 21 0.327035
1113 1.84467e+19 1.81013e+16 1.08914e+06 64 20.96 20 0.327135
1114 2.8823e+17 3.26675e+14 3.36157e+07 58 23.4033 25 0.36132
1115 3.60288e+16 6.29854e+13 2.68513e+08 55 24.7031 28 0.382331
1116 1.80144e+16 5.7854e+13 2.14676e+06 54 21.5479 21 0.336621
1117 5.76461e+17 7.0819e+14 8.44135e+06 59 22.1758 23 0.345658
1118 7.20576e+16 9.81012e+13 3.36203e+07 56 23.666 25 0.369119
1119 9.0072e+15 5.65145e+13 1.34288e+08 53 24.5264 27 0.379805
1120 3.60288e+16 5.51375e+13 1.09271e+06 55 21.373 20 0.333225
1121 3.60288e+16 6.41825e+13 8.44287e+06 55 22.7344 23 0.351013
1122 3.60288e+16 7.44353e+13 8.44843e+06 55 22.9697 23 0.352329
1123 7.20576e+16 1.30335e+14 8.44066e+06 56 22.6689 23 0.350609
1124 1.44115e+17 2.36157e+14 3.36222e+07 57 23.5068 25 0.357181
1125 7.20576e+16 9.38302e+13 6.71758e+07 56 23.7383 26 0.364489
1126 1.80144e+16 3.44855e+13 6.71716e+07 54 23.9688 26 0.363329
1127 3.60288e+16 7.58027e+13 1.68354e+07 55 22.873 24 0.346329
1128 3.60288e+16 8.71252e+13 8.43585e+06 55 22.3242 23 0.348892
1129 1.80144e+16 4.27199e+13 6.71743e+07 54 23.7344 26 0.365806
1130 2.2518e+15 1.26217e+13 6.71737e+07 51 23.7578 26 0.364053
1131 1.44115e+17 1.45429e+14 1.68364e+07 57 22.8857 24 0.351861
1132 7.20576e+16 8.67265e+13 1.68419e+07 56 23.7676 24 0.367078
1133 1.80144e+16 4.02676e+13 8.44756e+06 54 22.4697 23 0.354238
1134 9.0072e+15 1.92443e+13 2.13826e+06 53 20.457 21 0.325692
1135 1.44115e+17 2.25391e+14 8.44364e+06 57 22.9561 23 0.354396
1136 1.80144e+16 8.28195e+13 3.36181e+07 54 23.7539 25 0.371171
1137 4.5036e+15 1.7417e+13 2.148e+06 52 21.792 21 0.340944
1138 9.0072e+15 2.13843e+13 1.08822e+06 53 20.9834 20 0.328537
1139 2.2518e+15 8.42521e+12 1.68292e+07 51 22.541 24 0.352682
1140 9.0072e+15 2.01501e+13 4.24164e+06 53 21.8311 22 0.339575
1141 7.20576e+16 1.40152e+14 2.144e+06 56 21.5293 21 0.335196
1142 1.80144e+16 5.08161e+13 1.68314e+07 54 22.4521 24 0.352785
1143 2.2518e+15 1.62008e+13 8.43615e+06 51 22.0557 23 0.344702
1144 4.5036e+15 8.48178e+12 4.24391e+06 52 21.4902 22 0.333989
1145 7.20576e+16 1.41969e+14 4.24371e+06 56 21.5068 22 0.335237
1146 7.20576e+16 1.01022e+14 1.08799e+06 56 21.4561 20 0.335941
1147 2.30584e+18 2.48995e+15 2.14304e+06 61 22.3975 21 0.35433
1148 4.5036e+15 2.58497e+13 4.24093e+06 52 22.3232 22 0.35617
1149 3.60288e+16 6.78069e+13 1.09031e+06 55 21.6992 20 0.34946
1150 2.30584e+18 3.49074e+15 561348 61 21.1211 19 0.343177
1151 9.22337e+18 9.04715e+15 557715 63 20.9375 19 0.343602
1152 7.20576e+16 2.00373e+14 4.24697e+06 56 22.1924 22 0.369225
1153 1.80144e+16 2.70251e+13 160728 54 19.6807 17 0.323147
1154 7.20576e+16 7.42315e+13 294858 56 20.2617 18 0.334919
1155 9.0072e+15 2.95236e+13 1.08567e+06 53 21.0225 20 0.342268
1156 1.80144e+16 5.47074e+13 291091 54 20.0215 18 0.329259
1157 1.80144e+16 5.42363e+13 295286 54 20.666 18 0.339195
1158 1.44115e+17 2.03707e+14 290374 57 19.9414 18 0.324001
1159 1.44115e+17 1.65218e+14 295670 57 20.5645 18 0.337761
1160 3.60288e+16 9.49239e+13 1.09004e+06 55 21.2383 20 0.344824
1161 7.20576e+16 7.48923e+13 295363 56 20.1787 18 0.330082
1162 1.15292e+18 1.1499e+15 556862 60 20.001 19 0.318437
1163 4.5036e+15 2.23141e+13 1.08822e+06 52 20.2588 20 0.321907
1164 1.80144e+16 5.3858e+13 293311 54 19.5674 18 0.310902
1165 2.2518e+15 7.86192e+12 559301 51 19.6758 19 0.312515
1166 2.8823e+17 3.08549e+14 161219 58 19.2197 17 0.311186
1167 1.80144e+16 4.2576e+13 161497 54 19.2598 17 0.308537
1168 4.5036e+15 9.31744e+12 56860.6 52 17.7207 15 0.287938
1169 1.1259e+15 6.23163e+12 92145.3 50 18.6387 16 0.301568
1170 3.60288e+16 4.37055e+13 160194 55 18.8086 17 0.301786
1171 2.2518e+15 6.95618e+12 292826 51 18.9541 18 0.305667
1172 1.80144e+16 4.00638e+13 559127 54 20.5127 19 0.332195
1173 1.44115e+17 1.65033e+14 92145.3 57 18.7139 16 0.310092
1174 4.5036e+15 3.09246e+13 1.09093e+06 52 21.4355 20 0.338091
1175 9.0072e+15 1.61216e+13 558821 53 19.7705 19 0.314885
1176 2.2518e+15 7.53698e+12 1.08738e+06 51 20.6094 20 0.322586
1177 7.3787e+19 7.21319e+16 4.24017e+06 66 20.8516 22 0.323367
1178 7.20576e+16 9.79817e+13 8.44208e+06 56 21.5889 23 0.331409
1179 9.0072e+15 3.21243e+13 8.44447e+06 53 22.083 23 0.346222
1180 1.44115e+17 2.33909e+14 1.68309e+07 57 22.7637 24 0.361215
1181 1.80144e+16 5.27103e+13 1.68364e+07 54 22.7129 24 0.364632
1182 4.5036e+15 1.48095e+13 4.2366e+06 52 21.7881 22 0.351596
1183 7.20576e+16 2.37075e+14 2.14207e+06 56 21.5645 21 0.348015
1184 7.20576e+16 2.13413e+14 1.09206e+06 56 21.457 20 0.345658
1185 7.20576e+16 2.59587e+14 2.14139e+06 56 21.9658 21 0.353237
1186 1.44115e+17 2.56056e+14 1.08955e+06 57 21.2598 20 0.341324
1187 3.60288e+16 8.73717e+13 4.23962e+06 55 21.6836 22 0.347882
1188 2.8823e+17 3.60583e+14 1.68293e+07 58 22.5156 24 0.363611
1189 5.76461e+17 1.86677e+15 3.36148e+07 59 23.6602 25 0.384831
1190 4.61169e+18 5.38459e+15 1.68334e+07 62 23.2031 24 0.373781
1191 1.15292e+18 1.27516e+15 6.71758e+07 60 23.8027 26 0.392458
1192 1.15292e+18 1.9596e+15 3.36137e+07 60 23.3438 25 0.377538
1193 4.61169e+18 6.10999e+15 1.68399e+07 62 23.8291 24 0.38603
1194 9.22337e+18 1.0094e+16 1.34285e+08 63 25.4775 27 0.412802
1195 9.22337e+18 1.75511e+16 6.71737e+07 63 25.4287 26 0.413861
1196 1.47574e+20 1.47159e+17 6.71743e+07 67 25.2559 26 0.415614
1197 3.68935e+19 3.70845e+16 2.14757e+09 65 28.0811 31 0.459131
1198 1.15292e+18 3.90722e+15 2.14757e+09 60 28.0596 31 0.455615
1199 2.30584e+18 3.46673e+15 2.68519e+08 61 26.4688 28 0.43123
1200 1.15292e+18 2.04845e+15 2.68519e+08 60 26.4434 28 0.424786
1201 9.22337e+18 1.47659e+16 6.71727e+07 63 25.1055 26 0.412234
1202 5.76461e+17 1.50299e+15 1.3429e+08 59 26.0938 27 0.429753
1203 2.8823e+17 1.29056e+15 5.36943e+08 58 26.3623 29 0.432777
1204 4.61169e+18 4.74234e+15 1.34287e+08 62 25.3799 27 0.410376
1205 2.30584e+18 6.04765e+15 2.68517e+08 61 26.9102 28 0.441359
1206 7.20576e+16 5.30414e+14 1.34293e+08 56 25.25 27 0.415153
1207 2.95148e+20 3.30361e+17 1.3429e+08 68 25.8721 27 0.425493
1208 2.30584e+18 7.60604e+15 1.07381e+09 61 27.5176 30 0.454766
1209 2.30584e+18 3.60735e+15 2.68515e+08 61 26.3623 28 0.438733
1210 2.30584e+18 3.91634e+15 5.36956e+08 61 27.1289 29 0.448921
1211 2.30584e+18 3.42173e+15 1.34282e+08 61 25.4385 27 0.414369
1212 9.22337e+18 1.30297e+16 6.71771e+07 63 25.6445 26 0.425749
1213 4.61169e+18 1.00334e+16 5.36952e+08 62 26.9912 29 0.440588
1214 2.30584e+18 3.65081e+15 1.34293e+08 61 25.5947 27 0.421165
1215 1.15292e+18 4.70121e+15 1.07383e+09 60 27.5244 30 0.454923
1216 9.22337e+18 9.72102e+15 2.68515e+08 63 26.9043 28 0.439517
1217 4.61169e+18 8.41944e+15 1.07384e+09 62 27.7783 30 0.455089
1218 9.22337e+18 1.71519e+16 1.07384e+09 63 27.793 30 0.451631
1219 2.95148e+20 2.98561e+17 2.68518e+08 68 26.4844 28 0.435468
1220 1.15292e+18 3.61798e+15 2.14758e+09 60 27.7178 31 0.458503
1221 1.15292e+18 3.98853e+15 1.07383e+09 60 26.7441 30 0.439203
1222 9.22337e+18 1.06949e+16 2.68516e+08 63 26.499 28 0.43568
1223 1.15292e+18 5.40659e+15 5.36955e+08 60 26.1855 29 0.433507
1224 3.68935e+19 3.92203e+16 5.36951e+08 65 26.6191 29 0.442645
1225 1.84467e+19 2.13057e+16 5.36948e+08 64 25.8945 29 0.427878
1226 4.61169e+18 1.0945e+16 6.71715e+07 62 24.6641 26 0.413765
1227 9.22337e+18 1.57983e+16 1.34289e+08 63 25.4561 27 0.426582
1228 1.15292e+18 4.75949e+15 2.68507e+08 60 26.3438 28 0.446201
1229 2.8823e+17 9.57027e+14 2.68509e+08 58 25.3555 28 0.431552
1230 2.30584e+18 7.18804e+15 3.36173e+07 61 24.1748 25 0.415409
1231 1.84467e+19 2.32113e+16 1.34279e+08 64 24.5234 27 0.414353
1232 2.8823e+17 1.92744e+15 5.36956e+08 58 26.4346 29 0.443088
1233 1.84467e+19 3.54915e+16 6.71766e+07 64 24.667 26 0.416575
1234 2.30584e+18 2.72879e+15 4.2333e+06 61 22.2012 22 0.374957
1235 2.30584e+18 3.77092e+15 2.68509e+08 61 25.7725 28 0.428687
1236 1.84467e+19 2.38674e+16 2.14758e+09 64 27.8838 31 0.469256
1237 2.30584e+18 5.87988e+15 1.68276e+07 61 23.4824 24 0.398779
1238 9.22337e+18 1.28151e+16 6.71731e+07 63 25.0166 26 0.423062
1239 1.84467e+19 3.79495e+16 2.68508e+08 64 26.2959 28 0.451211
1240 1.84467e+19 2.21223e+16 3.36173e+07 64 24.3779 25 0.420995
1241 5.76461e+17 2.2893e+15 6.71763e+07 59 24.7148 26 0.431435
1242 3.68935e+19 5.90771e+16 1.34278e+08 65 24.876 27 0.430694
1243 1.15292e+18 3.30322e+15 1.34278e+08 60 24.9951 27 0.435946
1244 1.47574e+20 1.7401e+17 6.71791e+07 67 25.2754 26 0.432576
1245 9.22337e+18 1.50349e+16 2.68506e+08 63 26.0137 28 0.448993
1246 2.30584e+18 6.52399e+15 3.362e+07 61 23.9951 25 0.416416
1247 4.61169e+18 7.80737e+15 3.36202e+07 62 24.6289 25 0.422509
1248 2.30584e+18 5.88512e+15 6.7166e+07 61 24.4238 26 0.420317
1249 4.61169e+18 8.31168e+15 1.68321e+07 62 23.9414 24 0.413496
1250 5.90296e+20 8.67492e+17 3.36173e+07 69 24.7988 25 0.42909
1251 7.3787e+19 1.41341e+17 3.36183e+07 66 25.2969 25 0.437265
1252 2.30584e+18 4.99315e+15 3.36192e+07 61 24.9121 25 0.429182
1253 1.84467e+19 2.78785e+16 3.36067e+07 64 24.4258 25 0.428003
1254 2.95148e+20 5.47518e+17 6.71744e+07 68 25.7803 26 0.448077
1255 4.72237e+21 4.61514e+18 3.36173e+07 72 25.2188 25 0.443568
1256 5.90296e+20 6.18536e+17 1.34289e+08 69 26.7041 27 0.468952
1257 9.22337e+18 2.35784e+16 1.3428e+08 63 26.4023 27 0.466672
1258 3.68935e+19 5.00394e+16 6.71697e+07 65 25.6777 26 0.453486
1259 3.68935e+19 1.07391e+17 2.68506e+08 65 27.251 28 0.479462
1260 2.36118e+21 3.90809e+18 1.34285e+08 71 26.1621 27 0.45767
1261 3.68935e+19 7.02576e+16 6.71794e+07 65 25.8711 26 0.449975
1262 3.68935e+19 5.7214e+16 1.68323e+07 65 24.2139 24 0.425661
1263 2.36118e+21 2.31942e+18 1.68336e+07 71 24.252 24 0.433402
1264 7.3787e+19 2.26021e+17 3.36101e+07 66 24.9492 25 0.448954
1265 9.22337e+18 4.52738e+16 2.68502e+08 63 26.5771 28 0.467419
1266 7.3787e+19 1.65786e+17 8.42992e+06 66 23.375 23 0.413148
1267 1.47574e+20 2.27631e+17 1.6827e+07 67 24.0322 24 0.430548
1268 1.84467e+19 6.94161e+16 2.13769e+06 64 22.9062 21 0.416905
1269 3.77789e+22 3.69176e+19 1.68253e+07 75 23.8936 24 0.433164
1270 3.68935e+19 1.0536e+17 6.71783e+07 65 26.332 26 0.459928
1271 7.3787e+19 1.73081e+17 3.36072e+07 66 24.4229 25 0.431168
1272 1.18059e+21 1.17587e+18 3.36098e+07 70 24.915 25 0.429867
1273 4.61169e+18 1.90946e+16 6.71729e+07 62 26.2861 26 0.455414
1274 3.68935e+19 7.48036e+16 1.68372e+07 65 24.334 24 0.417029
1275 2.36118e+21 2.3245e+18 1.68338e+07 71 24.2725 24 0.418361
1276 2.95148e+20 3.94841e+17 1.68303e+07 68 24.0098 24 0.418078
1277 3.68935e+19 5.02501e+16 294624 65 21.5986 18 0.383629
1278 7.3787e+19 9.5257e+16 8.43746e+06 66 23.4668 23 0.41787
1279 2.95148e+20 3.53946e+17 4.23756e+06 68 22.6953 22 0.401185
1280 1.47574e+20 3.16192e+17 3.3609e+07 67 23.8555 25 0.420996
1281 2.30584e+18 1.1028e+16 4.24201e+06 61 22.6475 22 0.40429
1282 1.84467e+19 2.94755e+16 8.44169e+06 64 23.4053 23 0.408032
1283 1.84467e+19 5.75754e+16 1.68274e+07 64 23.8799 24 0.423634
1284 1.18059e+21 1.16336e+18 4.24017e+06 70 23.7686 22 0.420944
1285 9.22337e+18 2.09208e+16 6.71748e+07 63 24.3193 26 0.426277
1286 9.22337e+18 2.75328e+16 3.36139e+07 63 24.1426 25 0.423081
1287 1.84467e+19 2.97294e+16 3.36137e+07 64 23.4834 25 0.405476
1288 7.3787e+19 1.65367e+17 6.71634e+07 66 23.9609 26 0.418432
1289 7.3787e+19 8.30417e+16 3.3616e+07 66 23.6807 25 0.406247
1290 3.68935e+19 4.90137e+16 6.71729e+07 65 24.8926 26 0.423983
1291 1.84467e+19 4.73047e+16 6.71745e+07 64 24.8516 26 0.427365
1292 7.3787e+19 2.0698e+17 3.36185e+07 66 24.8135 25 0.429177
1293 7.3787e+19 1.30111e+17 6.71714e+07 66 25.0068 26 0.43119
1294 1.51116e+23 1.48182e+20 6.71718e+07 77 24.0938 26 0.415343
1295 3.77789e+22 5.70962e+19 2.14757e+09 75 28.1406 31 0.513665
1296 1.18059e+21 2.22498e+18 2.6851e+08 70 26.5967 28 0.487989
1297 1.18059e+21 2.5664e+18 5.36943e+08 70 27.6084 29 0.512888
1298 1.47574e+20 4.70505e+17 3.3607e+07 67 24.6689 25 0.460724
1299 4.72237e+21 4.87441e+18 6.71735e+07 72 25.8613 26 0.483188
1300 3.68935e+19 1.26028e+17 2.68507e+08 65 27.0312 28 0.513063
1301 3.68935e+19 1.34608e+17 1.68308e+07 65 25.9004 24 0.483481
1302 1.47574e+20 1.64909e+17 548776 67 23.3623 19 0.439281
1303 1.47574e+20 2.90264e+17 3.3595e+07 67 25.5732 25 0.487322
1304 1.18059e+21 1.20677e+18 4.23551e+06 70 24.2461 22 0.468371
1305 1.18059e+21 1.41091e+18 2.12995e+06 70 23.4014 21 0.457511
1306 5.90296e+20 7.85625e+17 8.43415e+06 69 24.7109 23 0.475412
1307 2.36118e+21 2.41684e+18 2.14447e+06 71 23.8301 21 0.461655
1308 1.84467e+19 9.3865e+16 3.36126e+07 64 25.8906 25 0.506989
1309 7.55579e+22 7.38433e+19 8.42653e+06 76 24.4248 23 0.478167
1310 7.3787e+19 2.15305e+17 2.68494e+08 66 28.2578 28 0.545007
1311 7.55579e+22 1.18589e+20 1.68272e+07 76 25.8555 24 0.498545
1312 1.88895e+22 2.9196e+19 1.07381e+09 74 28.8291 30 0.549128
1313 2.36118e+21 2.38129e+18 3.36154e+07 71 26.6543 25 0.512178
1314 3.77789e+22 7.52298e+19 1.34283e+08 75 26.6895 27 0.5174
1315 7.3787e+19 2.10143e+17 3.36154e+07 66 25.2002 25 0.482606
1316 2.95148e+20 7.05085e+17 3.36115e+07 68 25.8164 25 0.496881
1317 2.36118e+21 2.63637e+18 4.23984e+06 71 24.4424 22 0.47294
1318 2.95148e+20 4.19361e+17 559734 68 22.999 19 0.449251
1319 3.68935e+19 9.62235e+16 159725 65 21.5166 17 0.418694
1320 1.18059e+21 1.64455e+18 156803 70 20.9697 17 0.416612
1321 2.95148e+20 4.20972e+17 1.08509e+06 68 23.0469 20 0.445058
1322 1.18059e+21 1.55898e+18 2.13606e+06 70 24.1396 21 0.466728
1323 5.90296e+20 8.60619e+17 8.43205e+06 69 24.3076 23 0.466192
1324 2.95148e+20 5.37323e+17 560844 68 22.7832 19 0.442805
1325 2.36118e+21 3.3623e+18 4.23585e+06 71 24.0527 22 0.465411
1326 1.47574e+20 2.06797e+17 1.0804e+06 67 22.9141 20 0.440383
1327 1.47574e+20 4.26585e+17 2.13908e+06 67 23.6387 21 0.453859
1328 1.18059e+21 1.555e+18 2.13478e+06 70 24.3604 21 0.468424
1329 5.90296e+20 1.22817e+18 3.36093e+07 69 26.29 25 0.508465
1330 1.47574e+20 2.38344e+17 2.13403e+06 67 24.4609 21 0.47094
1331 3.68935e+19 1.51635e+17 4.2412e+06 65 24.8906 22 0.4738
1332 1.47574e+20 2.5209e+17 551330 67 22.5801 19 0.437558
1333 7.3787e+19 1.99762e+17 8.43524e+06 66 24.6885 23 0.464905
1334 9.44473e+21 9.36229e+18 4.23711e+06 73 24.7129 22 0.467472
1335 2.36118e+21 3.52253e+18 3.36145e+07 71 25.7744 25 0.476501
1336 2.95148e+20 7.07599e+17 3.36053e+07 68 25.3838 25 0.475026
1337 1.47574e+20 4.23899e+17 1.07383e+09 67 27.7188 30 0.516037
1338 1.18059e+21 1.84567e+18 6.71619e+07 70 26.2598 26 0.493173
1339 1.47574e+20 3.89193e+17 2.68507e+08 67 26.8486 28 0.50458
1340 1.47574e+20 4.22337e+17 8.42418e+06 67 24.3936 23 0.462051
1341 4.72237e+21 4.85117e+18 1.68362e+07 72 24.8906 24 0.468922
1342 5.90296e+20 1.19996e+18 6.71601e+07 69 26.2109 26 0.495454
1343 9.44473e+21 9.65836e+18 4.24217e+06 73 25.6943 22 0.48944
1344 7.3787e+19 2.73429e+17 283672 66 22.3955 18 0.436031
1345 7.92282e+28 7.73713e+25 291799 96 23.1025 18 0.445769
1346 1.18059e+21 2.4113e+18 291384 70 22.1367 18 0.424146
1347 5.90296e+20 1.12181e+18 154319 69 21.1943 17 0.407519
1348 2.95148e+20 3.61213e+17 292703 68 22.4492 18 0.428299
1349 2.95148e+20 7.89371e+17 88308.6 68 20.3164 16 0.39102
1350 5.90296e+20 6.5309e+17 552391 69 22.5566 19 0.430766
1351 2.95148e+20 4.56286e+17 159251 68 20.8594 17 0.402627
1352 2.36118e+21 2.49805e+18 2.14089e+06 71 24.2783 21 0.458692
1353 9.44473e+21 1.06535e+19 5.36954e+08 73 27.2168 29 0.512539
1354 1.84467e+19 9.22792e+16 5.36951e+08 64 27.6543 29 0.519085
1355 1.47574e+20 2.63601e+17 1.68283e+07 67 25.5996 24 0.48036
1356 5.90296e+20 8.91783e+17 2.13753e+06 69 24.2744 21 0.460279
1357 2.95148e+20 4.56689e+17 1.08056e+06 68 23.0498 20 0.435952
1358 3.68935e+19 2.12665e+17 3.36105e+07 65 25.9307 25 0.495884
1359 2.36118e+21 2.36278e+18 3.36017e+07 71 25.8945 25 0.491533
1360 1.47574e+20 3.1722e+17 156803 67 21.2451 17 0.404413
1361 1.84467e+19 4.63726e+16 1.6824e+07 64 24.6484 24 0.467081
1362 2.95148e+20 4.20376e+17 6.71589e+07 68 25.7676 26 0.484911
1363 1.47574e+20 4.32019e+17 8.44026e+06 67 25.3457 23 0.479005
1364 1.47574e+20 1.5858e+17 1.08096e+06 67 22.832 20 0.43139
1365 9.44473e+21 1.15927e+19 1.68188e+07 73 25.0879 24 0.482408
1366 7.3787e+19 1.90164e+17 2.13569e+06 66 23.7256 21 0.457539
1367 5.90296e+20 6.74631e+17 2.13414e+06 69 23.9072 21 0.462647
1368 9.44473e+21 1.41115e+19 551621 73 22.4893 19 0.440329
1369 2.95148e+20 3.98471e+17 4.23283e+06 68 24.6436 22 0.483656
1370 5.90296e+20 1.07534e+18 556089 69 23.208 19 0.454144
1371 5.90296e+20 7.25904e+17 158771 69 21.6641 17 0.431542
1372 1.47574e+20 2.959e+17 85960.8 67 20.9521 16 0.405296
1373 1.18059e+21 1.24668e+18 292130 70 22.4414 18 0.435774
1374 2.36118e+21 4.17534e+18 3.36124e+07 71 26.041 25 0.506007
1375 4.72237e+21 5.92121e+18 4.23105e+06 72 24.4512 22 0.468494
1376 2.36118e+21 3.84795e+18 6.71501e+07 71 25.5762 26 0.490145
1377 1.18059e+21 1.42785e+18 8.43764e+06 70 24.7773 23 0.470422
1378 5.90296e+20 8.09748e+17 1.34272e+08 69 27.3643 27 0.531608
1379 4.72237e+21 5.84755e+18 1.34279e+08 72 27.0049 27 0.526685
1380 7.55579e+22 7.41755e+19 5.36936e+08 76 27.916 29 0.545693
1381 9.44473e+21 9.84225e+18 5.36944e+08 73 28.2803 29 0.553827
1382 2.95148e+20 4.9617e+17 1.68241e+07 68 25.8604 24 0.513255
1383 3.77789e+22 5.69163e+19 3.36103e+07 75 26.1836 25 0.512092
1384 2.95148e+20 4.60465e+17 1.68282e+07 68 25.8018 24 0.511019
1385 5.90296e+20 1.15847e+18 1.07573e+06 69 23.7188 20 0.474213
1386 5.90296e+20 1.0648e+18 2.13145e+06 69 24.6357 21 0.491562
1387 7.55579e+22 7.47695e+19 1.07595e+06 76 23.5381 20 0.460995
1388 4.72237e+21 6.58442e+18 1.09027e+06 72 24.0752 20 0.483235
1389 2.36118e+21 4.75461e+18 3.36045e+07 71 26.167 25 0.514557
1390 2.95148e+20 6.22643e+17 4.22809e+06 68 24.5869 22 0.485054
1391 4.72237e+21 7.31467e+18 2.1358e+06 72 24.2588 21 0.478072
1392 4.72237e+21 6.00237e+18 4.23165e+06 72 25.0098 22 0.485769
1393 5.90296e+20 7.43782e+17 2.13173e+06 69 23.6943 21 0.456667
1394 1.47574e+20 3.97057e+17 54572.6 67 19.9189 15 0.390755
1395 9.44473e+21 9.3405e+18 4.23711e+06 73 24.4648 22 0.477104
1396 2.95148e+20 4.08119e+17 6.7172e+07 68 25.5479 26 0.498307
1397 1.47574e+20 2.81452e+17 2.13779e+06 67 24.0195 21 0.477689
1398 7.3787e+19 1.31636e+17 2.13112e+06 66 23.2148 21 0.464983
1399 1.84467e+19 4.40029e+16 1.08152e+06 64 22.8379 20 0.453169
1400 5.90296e+20 9.06912e+17 2.12739e+06 69 23.4854 21 0.463839
1401 1.47574e+20 2.44474e+17 1.07733e+06 67 23.1436 20 0.467134
1402 3.68935e+19 9.37338e+16 2.13441e+06 65 24.4854 21 0.483831
1403 1.18059e+21 2.34128e+18 558821 70 23.2461 19 0.469638
1404 1.47574e+20 2.81009e+17 2.1229e+06 67 24.4678 21 0.488532
1405 2.36118e+21 2.97511e+18 2.13028e+06 71 24.168 21 0.484799
1406 1.18059e+21 1.23161e+18 3.35938e+07 70 26.5586 25 0.52908
1407 4.61169e+18 1.91558e+16 4.23383e+06 62 24.8584 22 0.499607
1408 2.95148e+20 4.67264e+17 4.23003e+06 68 24.8125 22 0.494948
1409 1.47574e+20 2.46453e+17 4.22888e+06 67 24.6816 22 0.494139
1410 4.72237e+21 4.91347e+18 2.14338e+06 72 24.7988 21 0.497085
1411 1.18059e+21 1.6796e+18 550307 70 22.5312 19 0.456752
1412 4.72237e+21 4.87966e+18 1.08426e+06 72 23.9521 20 0.471682
1413 5.90296e+20 7.21953e+17 285049 69 22.1523 18 0.445424
1414 2.95148e+20 4.74349e+17 4.23189e+06 68 24.832 22 0.484064
1415 5.90296e+20 1.32591e+18 557804 69 23.0908 19 0.456346
1416 1.47574e+20 3.3482e+17 4.23272e+06 67 24.4883 22 0.488467
1417 4.61169e+18 3.41191e+16 1.08606e+06 62 23.8086 20 0.475762
1418 3.68935e+19 8.41887e+16 1.07786e+06 65 22.5186 20 0.449233
1419 1.18059e+21 1.70696e+18 2.13294e+06 70 23.9482 21 0.470117
1420 3.68935e+19 6.66115e+16 553721 65 22.7588 19 0.458444
1421 7.3787e+19 1.61497e+17 4.22217e+06 66 24.4727 22 0.480388
1422 7.3787e+19 1.00504e+17 2.13659e+06 66 23.8633 21 0.4592
1423 9.22337e+18 3.62291e+16 286895 63 21.8291 18 0.422428
1424 2.36118e+21 2.3775e+18 1.07791e+06 71 22.7686 20 0.445194
1425 7.3787e+19 1.14113e+17 2.1369e+06 66 24.4297 21 0.459816
1426 2.95148e+20 5.78659e+17 3.36117e+07 68 26.2617 25 0.499755
1427 2.36118e+21 2.56321e+18 6.71597e+07 71 26.1289 26 0.507857
1428 4.72237e+21 7.88915e+18 2.68504e+08 72 27.8701 28 0.529095
1429 1.18059e+21 1.69235e+18 3.36123e+07 70 26.0254 25 0.508195
1430 1.88895e+22 2.13533e+19 2.68514e+08 74 27.8799 28 0.54817
1431 4.72237e+21 1.05115e+19 1.07382e+09 72 29.1768 30 0.578021
1432 7.3787e+19 2.09188e+17 4.23603e+06 66 25.2148 22 0.502918
1433 2.95148e+20 7.08187e+17 3.35995e+07 68 26.3516 25 0.526363
1434 9.44473e+21 1.20949e+19 5.36926e+08 73 28.6699 29 0.574898
1435 1.47574e+20 1.06534e+18 5.36939e+08 67 28.6191 29 0.572658
1436 9.44473e+21 1.40088e+19 6.71608e+07 73 27.5742 26 0.556387
1437 9.44473e+21 1.60134e+19 5.36938e+08 73 28.2432 29 0.567856
1438 1.51116e+23 1.49117e+20 1.07381e+09 77 28.9062 30 0.568794
1439 5.90296e+20 1.84471e+18 1.34281e+08 69 28.3164 27 0.568825
1440 1.47574e+20 3.92882e+17 1.34264e+08 67 28.1885 27 0.574321
1441 5.90296e+20 1.07867e+18 1.68288e+07 69 26.7451 24 0.544149
1442 1.88895e+22 2.77501e+19 3.36023e+07 74 27.1885 25 0.554834
1443 3.09485e+26 3.02232e+23 8.43887e+06 88 26.1328 23 0.528269
1444 9.44473e+21 1.27121e+19 8.42582e+06 73 26.2705 23 0.534286
1445 3.77789e+22 4.12799e+19 1.6815e+07 75 26.2598 24 0.537135
1446 4.72237e+21 5.92648e+18 1.08348e+06 72 23.4766 20 0.487216
1447 2.36118e+21 4.37962e+18 2.13758e+06 71 24.5586 21 0.509322
1448 1.88895e+22 1.89474e+19 4.23464e+06 74 25.0088 22 0.520196
1449 6.04463e+23 9.06635e+20 1.34261e+08 79 28.373 27 0.595211
1450 1.18059e+21 3.55043e+18 8.42724e+06 70 26.3467 23 0.555734
1451 3.77789e+22 3.85996e+19 3.36095e+07 75 27.5479 25 0.584616
1452 3.77789e+22 6.06803e+19 6.71588e+07 75 28.1631 26 0.594411
1453 1.88895e+22 2.20717e+19 6.71551e+07 74 27.4795 26 0.58234
1454 2.47588e+27 2.41787e+24 3.35966e+07 91 27.3945 25 0.57145
1455 4.72237e+21 5.26552e+18 1.08441e+06 72 23.6416 20 0.494501
1456 3.09485e+26 3.02238e+23 8.42392e+06 88 26.1709 23 0.547421
1457 4.72237e+21 8.8583e+18 3.36057e+07 72 27.1885 25 0.575176
1458 7.55579e+22 8.88313e+19 4.22785e+06 76 24.9824 22 0.525521
1459 1.51116e+23 1.603e+20 8.42698e+06 77 25.7178 23 0.544745
1460 4.8357e+24 4.72726e+21 6.71604e+07 82 27.5869 26 0.572102
1461 2.36118e+21 4.58603e+18 8.43524e+06 71 25.5801 23 0.537644
1462 9.44473e+21 1.30342e+19 4.23682e+06 73 25.252 22 0.53269
1463 1.18059e+21 3.72308e+18 2.13424e+06 70 24.8457 21 0.521316
1464 4.72237e+21 5.28561e+18 4.22937e+06 72 25.127 22 0.522995
1465 4.72237e+21 8.7833e+18 4.22581e+06 72 25.0332 22 0.513846
1466 1.18059e+21 1.64779e+18 2.12554e+06 70 23.8545 21 0.491313
1467 1.18059e+21 5.37179e+18 6.7175e+07 70 27.2275 26 0.561402
1468 7.55579e+22 7.41782e+19 1.68286e+07 76 26.2012 24 0.538748
1469 4.72237e+21 4.93876e+18 2.13173e+06 72 24.6543 21 0.505615
1470 1.51116e+23 1.99163e+20 1.34265e+08 77 27.4326 27 0.563572
1471 2.36118e+21 6.23871e+18 8.59e+09 71 31.2754 33 0.639707
1472 1.18059e+21 3.98749e+18 1.07381e+09 70 30.0664 30 0.606965
1473 9.44473e+21 1.01164e+19 5.36944e+08 73 29.3301 29 0.599829
1474 1.88895e+22 3.92883e+19 1.718e+10 74 32.6035 34 0.653168
1475 1.88895e+22 3.1486e+19 8.59001e+09 74 30.877 33 0.617814
1476 2.36118e+21 5.57426e+18 6.71562e+07 71 28.1094 26 0.55306
1477 2.41785e+24 2.95619e+21 2.14755e+09 81 30.9062 31 0.613351
1478 2.36118e+21 6.37678e+18 3.43598e+10 71 33.0479 35 0.651741
1479 3.02231e+23 2.99333e+20 1.718e+10 78 32.1377 34 0.634824
1480 4.72237e+21 6.49824e+18 1.718e+10 72 32.0244 34 0.628565
1481 4.72237e+21 5.13054e+18 1.71799e+10 72 31.1289 34 0.598956
1482 3.77789e+22 7.9526e+19 6.87196e+10 75 33.5215 36 0.654479
1483 3.77789e+22 6.49636e+19 3.43599e+10 75 32.9668 35 0.637484
1484 7.55579e+22 8.11053e+19 3.43598e+10 76 31.9111 35 0.62217
1485 6.04463e+23 6.83533e+20 5.36954e+08 79 29.8135 29 0.580112
1486 3.77789e+22 5.06774e+19 1.0738e+09 75 30.5732 30 0.600968
1487 9.44473e+21 1.18981e+19 5.36944e+08 73 30.2109 29 0.593401
1488 2.36118e+21 4.72849e+18 1.71799e+10 71 31.4697 34 0.61094
1489 2.36118e+21 3.25594e+18 8.59003e+09 71 30.7422 33 0.599274
1490 4.72237e+21 1.192e+19 1.07381e+09 72 29.5078 30 0.577968
1491 1.51116e+23 1.52778e+20 2.68494e+08 77 28.4834 28 0.562586
1492 9.44473e+21 1.52336e+19 3.36127e+07 73 27.2422 25 0.535034
1493 2.36118e+21 3.6597e+18 5.36929e+08 71 28.5312 29 0.556743
1494 3.02231e+23 4.4632e+20 5.36949e+08 78 29.4033 29 0.576109
1495 9.44473e+21 2.22633e+19 5.36944e+08 73 29.4199 29 0.57153
1496 9.44473e+21 1.20342e+19 6.71739e+07 73 26.9658 26 0.520618
1497 4.72237e+21 5.86535e+18 2.14756e+09 72 29.4102 31 0.573599
1498 7.55579e+22 7.88702e+19 5.36936e+08 76 28.127 29 0.546836
1499 1.18059e+21 3.93119e+18 2.14757e+09 70 29.7383 31 0.57904
