154.285
0 435.149 8.55321 4 2 0.0429688 0 0.00454959
1 435.151 9.85533 4 2 0.0478516 0 0.00428915
2 434.818 8.25137 5 2 0.0322266 0 0.00437187
3 435.053 9.5479 5 2 0.046875 0 0.00440703
4 110.371 8.09527 5 1 0.0332031 0 0.00439213
5 435.127 9.97546 5 2 0.046875 0 0.00433535
6 110.903 8.66885 5 1 0.0380859 0 0.00437912
7 434.902 10.1105 5 2 0.0439453 0 0.00443527
8 435.151 12.5491 5 2 0.0634766 0 0.00444393
9 111.425 8.69331 5 1 0.0351562 0 0.00439756
10 434.781 9.72888 6 2 0.0400391 0 0.00456975
11 109.829 9.57246 6 1 0.0429688 0 0.00443061
12 111.425 9.5099 6 1 0.0439453 0 0.00452338
13 434.954 11.4059 6 2 0.0546875 0 0.00445104
14 434.818 10.214 6 2 0.046875 0 0.00451583
15 435.053 12.0746 6 2 0.0654297 0 0.00461944
16 110.371 10.9603 6 1 0.0566406 0 0.00457765
17 435.149 11.5574 6 2 0.0585938 0 0.00463491
18 434.818 11.4429 6 2 0.0566406 0 0.00468412
19 435.127 11.7536 6 2 0.0576172 0 0.00464327
20 435.117 11.0803 6 2 0.0527344 0 0.00453293
21 435.127 11.4171 6 2 0.0576172 0 0.00451095
22 1011.78 11.8671 6 3 0.0527344 0 0.00450541
23 112.934 11.6604 6 1 0.0625 0 0.00448416
24 111.937 11.7199 6 1 0.0615234 0 0.00453462
25 435.127 10.8863 6 2 0.0507812 0 0.00453631
26 110.903 10.4732 6 1 0.0498047 0 0.00454584
27 435.053 11.9192 6 2 0.0615234 0 0.00452447
28 434.639 12.0481 6 2 0.0615234 0 0.00451674
29 435.151 12.642 6 2 0.0605469 0 0.00447537
30 435.053 12.898 6 2 0.0615234 0 0.0045638
31 435.053 11.1432 6 2 0.0507812 0 0.00458783
32 435.127 11.4501 6 2 0.0537109 0 0.00453674
33 110.903 10.6313 6 1 0.0498047 0 0.00450844
34 435.127 10.0383 6 2 0.0390625 0 0.00454281
35 114.828 11.475 6 1 0.0556641 0 0.00463791
36 434.954 11.7919 6 2 0.0546875 0 0.00459402
37 435.127 12.5664 6 2 0.0615234 0 0.00456277
38 435.149 13.4159 6 2 0.0693359 0 0.00455092
39 435.151 14.0037 6 2 0.0761719 0 0.00458278
40 435.151 12.714 6 2 0.0595703 0 0.00459647
41 1010.21 13.4414 6 3 0.0654297 0 0.00460668
42 435.127 14.1666 6 2 0.0761719 0 0.00456028
43 434.954 12.8908 6 2 0.0644531 0 0.00459557
44 435.127 12.6349 6 2 0.0605469 0 0.00467421
45 435.127 14.066 6 2 0.0693359 0 0.00470167
46 435.127 13.652 6 2 0.0673828 0 0.00485923
47 1008.92 14.8993 6 3 0.0693359 0 0.0046158
48 435.076 15.4889 7 2 0.0820312 0 0.00475354
49 435.149 14.3747 6 2 0.0732422 0 0.00469931
50 435.127 14.7393 7 2 0.0761719 0 0.00468838
51 434.954 14.1976 7 2 0.0712891 0 0.00474722
52 435.151 13.7489 7 2 0.0683594 0 0.00476085
53 435.053 14.9188 7 2 0.0810547 0 0.00469603
54 434.954 14.673 7 2 0.0742188 0 0.00473506
55 435.127 15.5423 7 2 0.0839844 0 0.00472509
56 435.127 13.0452 7 2 0.0615234 0 0.00476825
57 435.149 14.613 7 2 0.0742188 0 0.00481352
58 1011.78 15.7211 7 3 0.0810547 0 0.00476767
59 435.127 14.1624 7 2 0.0703125 0 0.00476496
60 435.053 12.6572 7 2 0.0566406 0 0.00467733
61 435.127 14.3934 7 2 0.0703125 0 0.00475785
62 434.954 14.3528 7 2 0.0742188 0 0.00499382
63 435.117 12.1744 7 2 0.0507812 0 0.00486239
64 435.127 16.4733 7 2 0.0869141 0 0.00491016
65 1011.31 16.415 7 3 0.0810547 0 0.00495361
66 1008.92 16.9223 7 3 0.0859375 0 0.00492394
67 435.149 13.6837 7 2 0.0673828 0 0.00482017
68 435.149 14.3863 7 2 0.0732422 0 0.00473806
69 435.151 15.4452 7 2 0.0839844 0 0.00470595
70 435.149 15.06 7 2 0.0742188 0 0.00464533
71 435.127 14.7683 7 2 0.0732422 0 0.00468491
72 1008.92 14.04 7 3 0.0585938 0 0.00479287
73 1011.31 15.8912 7 3 0.0771484 0 0.00476251
74 435.127 12.258 7 2 0.0527344 0 0.00473519
75 435.151 15.2602 7 2 0.0771484 0 0.00484245
76 435.127 13.7417 8 2 0.0644531 0 0.00473726
77 435.149 15.42 8 2 0.0732422 0 0.00490621
78 435.151 16.3168 7 2 0.0869141 0 0.0047474
79 435.151 16.3272 7 2 0.0888672 0 0.00491536
80 435.151 15.5946 7 2 0.0839844 0 0.00468828
81 435.127 14.8451 7 2 0.0761719 0 0.00477103
82 1011.31 17.2459 7 3 0.0878906 0 0.00473584
83 435.127 14.2796 8 2 0.0732422 0 0.00479009
84 435.053 16.1093 7 2 0.0810547 0 0.0050062
85 435.127 15.599 8 2 0.0849609 0 0.00475885
86 435.127 15.0674 8 2 0.0810547 0 0.00477038
87 435.151 14.2523 8 2 0.0664062 0 0.00472168
88 435.053 14.2525 7 2 0.0722656 0 0.00471417
89 435.151 14.8404 8 2 0.0761719 0 0.00472297
90 1011.31 14.7841 8 3 0.0634766 0 0.00470359
91 435.053 14.0749 8 2 0.0664062 0 0.0047061
92 435.149 14.8198 7 2 0.0722656 0 0.00475893
93 435.149 16.2782 8 2 0.0908203 0 0.00482899
94 435.127 15.1029 8 2 0.0712891 0 0.00470259
95 435.151 14.3896 8 2 0.0683594 0 0.00489831
96 435.127 14.7417 8 2 0.0722656 0 0.00479095
97 435.151 16.5398 8 2 0.0859375 0 0.00480348
98 435.127 15.7436 8 2 0.078125 0 0.00487908
99 435.151 17.104 8 2 0.0908203 0 0.00480596
100 435.151 15.7452 8 2 0.0771484 0 0.0048357
101 435.151 16.2331 8 2 0.0791016 0 0.0049005
102 435.053 15.6236 8 2 0.0820312 0 0.00485535
103 435.151 18.3969 8 2 0.0986328 0 0.0048014
104 435.127 15.6535 8 2 0.0800781 0 0.00492356
105 1005.85 18.8454 8 3 0.09375 0 0.00475332
106 435.151 16.0444 8 2 0.0791016 0 0.00487766
107 435.053 17.9031 8 2 0.102539 0 0.00482443
108 435.151 17.6903 8 2 0.09375 0 0.00492407
109 435.149 18.6653 8 2 0.101562 0 0.00484096
110 435.127 16.5553 8 2 0.0878906 0 0.00475854
111 435.151 20.1655 8 2 0.111328 0 0.00484914
112 1012.18 21.5511 8 3 0.117188 0 0.00474849
113 435.151 19.1136 8 2 0.0976562 0 0.00495753
114 435.151 17.8656 8 2 0.0917969 0 0.00475763
115 435.127 16.3522 8 2 0.0869141 0 0.00501518
116 435.053 19.3395 8 2 0.109375 0 0.00491431
117 435.151 18.1454 8 2 0.0996094 0 0.00492839
118 435.151 19.2486 8 2 0.102539 0 0.00495762
119 435.127 21.589 8 2 0.125 0 0.00493339
120 435.127 17.7087 8 2 0.0976562 0 0.00503167
121 1010.21 20.424 8 3 0.110352 0 0.00494668
122 1011.31 19.7894 9 3 0.105469 0 0.00494861
123 435.151 23.3169 9 2 0.131836 0 0.00501911
124 435.151 20.1928 8 2 0.111328 0 0.00491382
125 1008.92 23.7764 8 3 0.131836 0 0.00488394
126 1011.31 26.2601 9 3 0.145508 0 0.00498264
127 435.151 23.4065 9 2 0.135742 0 0.00496576
128 1009.59 21.4842 9 3 0.117188 0 0.00497848
129 435.151 22.4428 9 2 0.136719 0 0.00493565
130 435.149 23.9729 9 2 0.131836 0 0.00486551
131 435.127 21.9986 9 2 0.125977 0 0.00489552
132 435.149 21.7256 9 2 0.124023 0 0.0049426
133 1010.21 22.2676 9 3 0.128906 0 0.00486667
134 435.151 23.8483 9 2 0.134766 0 0.00496678
135 1008.92 23.1366 9 3 0.132812 0 0.00482817
136 435.151 25.6337 9 2 0.149414 0 0.00495139
137 435.151 24.3694 9 2 0.144531 0 0.00490788
138 435.151 27.1528 9 2 0.166016 0 0.00492463
139 435.151 26.5374 9 2 0.164062 0 0.0048208
140 435.149 24.3417 9 2 0.142578 0 0.00481936
141 435.151 25.5348 9 2 0.154297 0 0.00492552
142 435.151 28.7655 9 2 0.171875 0 0.00491319
143 1009.59 30.6531 9 3 0.19043 0 0.00499168
144 1008.92 29.7389 9 3 0.188477 0 0.00498346
145 1011.31 31.5512 9 3 0.191406 0 0.00505357
146 1004.99 27.605 9 3 0.166016 0 0.00493777
147 435.151 31.0937 9 2 0.191406 0 0.00489523
148 435.151 27.7497 9 2 0.178711 0 0.00491282
149 1011.78 29.5974 9 3 0.165039 0 0.00487327
150 435.151 31.1432 9 2 0.200195 0 0.0050247
151 435.151 32.8013 9 2 0.208008 0 0.00497146
152 1008.92 32.4509 9 3 0.195312 0 0.00491132
153 1009.59 32.224 9 3 0.205078 0 0.00487975
154 435.127 31.1572 9 2 0.195312 0 0.00503157
155 435.151 33.7292 9 2 0.208008 0 0.00492971
156 435.151 33.1878 9 2 0.21582 0 0.00498358
157 435.151 33.5254 9 2 0.216797 0 0.00489345
158 1011.78 33.1783 9 3 0.212891 0 0.00499771
159 435.151 33.9313 9 2 0.214844 0 0.00496879
160 1843.9 35.0288 9 4 0.211914 0 0.00491875
161 1010.79 36.5794 9 3 0.235352 0 0.00500721
162 435.151 37.4994 9 2 0.239258 0 0.00512355
163 1008.92 36.7429 9 3 0.233398 0 0.00500353
164 1008.92 37.2364 9 3 0.238281 0 0.00495148
165 435.151 31.0687 9 2 0.205078 0 0.00501923
166 1009.59 34.2418 9 3 0.207031 0 0.00520912
167 1009.59 40.9807 9 3 0.25293 0 0.00514141
168 435.151 34.6524 9 2 0.216797 0 0.00507915
169 435.151 34.1419 9 2 0.216797 0 0.00500123
170 1009.59 37.4932 9 3 0.237305 0 0.00503737
171 1011.31 35.7147 9 3 0.217773 0 0.00504581
172 1008.92 35.2184 9 3 0.222656 0 0.00503759
173 1007.46 37.5781 9 3 0.232422 0 0.00508093
174 1011.31 37.9405 9 3 0.231445 0 0.00503096
175 1010.21 35.9118 9 3 0.21875 0 0.00509349
176 1004.99 35.7766 9 3 0.220703 0 0.00506836
177 1011.78 37.24 9 3 0.233398 0 0.00498703
178 1010.79 36.5791 10 3 0.230469 0 0.00499836
179 1008.92 38.1563 9 3 0.25 0 0.00503245
180 435.151 38.0537 10 2 0.241211 0 0.00507018
181 1008.92 38.1071 9 3 0.246094 0 0.00502575
182 1009.59 37.493 10 3 0.242188 0 0.00508095
183 1010.21 42.2921 10 3 0.264648 0 0.00511694
184 435.151 40.5961 10 2 0.267578 0 0.00511012
185 1008.92 43.639 10 3 0.275391 0 0.00500815
186 435.151 39.2372 9 2 0.255859 0 0.00511289
187 435.151 37.0192 9 2 0.245117 0 0.00521906
188 1009.59 44.6995 10 3 0.276367 0 0.0050394
189 435.151 41.4527 10 2 0.270508 0 0.00510316
190 1012.18 41.2354 10 3 0.257812 0 0.00516898
191 435.151 39.3503 10 2 0.262695 0 0.00502609
192 1010.21 39.0238 10 3 0.238281 0 0.00508211
193 1011.31 41.4125 9 3 0.260742 0 0.00511927
194 1010.21 40.211 11 3 0.264648 0 0.00517379
195 1008.92 41.6231 10 3 0.262695 0 0.0051422
196 1008.92 38.8095 10 3 0.25293 0 0.00503123
197 435.151 38.8082 9 2 0.248047 0 0.00506806
198 1008.92 39.8103 10 3 0.264648 0 0.00499901
199 435.151 41.8456 10 2 0.280273 0 0.00509236
200 1009.59 44.3478 11 3 0.289062 0 0.00506375
201 1011.31 43.4513 10 3 0.263672 0 0.00504936
202 1009.59 42.9474 11 3 0.275391 0 0.00508945
203 435.151 40.6258 11 2 0.271484 0 0.00516182
204 435.151 41.987 10 2 0.274414 0 0.00511342
205 1008.92 49.1463 11 3 0.322266 0 0.0052895
206 1008.92 43.9839 10 3 0.283203 0 0.00516257
207 1008.92 40.7084 9 3 0.255859 0 0.00510963
208 1843.9 45.8953 11 4 0.286133 0 0.00521445
209 435.151 41.9607 10 2 0.274414 0 0.00514683
210 1008.92 42.6098 11 3 0.279297 0 0.00515671
211 435.151 45.5336 11 2 0.287109 0 0.00507419
212 435.151 45.1902 11 2 0.292969 0 0.00510423
213 1004.1 49.522 11 3 0.322266 0 0.00515007
214 1008.92 45.8168 11 3 0.308594 0 0.00514542
215 435.151 45.6331 11 2 0.302734 0 0.00510557
216 1009.59 46.7252 11 3 0.311523 0 0.00515123
217 435.151 43.7946 11 2 0.298828 0 0.00506828
218 1010.21 43.8688 11 3 0.287109 0 0.00514875
219 1008.92 46.0069 11 3 0.305664 0 0.00525986
220 1008.92 42.5103 11 3 0.274414 0 0.00514585
221 1008.92 42.8029 11 3 0.276367 0 0.00519098
222 1011.31 50.9552 11 3 0.323242 0 0.00513007
223 1011.31 51.2434 11 3 0.318359 0 0.00519499
224 1010.21 43.0042 11 3 0.28418 0 0.00518111
225 1008.92 50.7873 11 3 0.318359 0 0.00516506
226 1008.92 45.9594 11 3 0.294922 0 0.00518924
227 435.149 43.36 12 2 0.289062 0 0.00512943
228 1009.59 46.7 11 3 0.303711 0 0.0052484
229 435.151 43.0735 11 2 0.28418 0 0.00522422
230 435.151 45.0949 11 2 0.290039 0 0.00524171
231 1009.59 46.9617 12 3 0.305664 0 0.00520704
232 1009.59 49.8314 12 3 0.323242 0 0.00521276
233 1005.85 48.6945 13 3 0.318359 0 0.00530306
234 1009.59 45.665 12 3 0.286133 0 0.0052734
235 1002.23 47.5726 12 3 0.318359 0 0.00518101
236 1011.31 51.3982 12 3 0.317383 0 0.00533247
237 435.151 46.3149 12 2 0.316406 0 0.00524761
238 1011.31 50.2447 12 3 0.329102 0 0.00530404
239 1837.92 50.2801 12 4 0.314453 0 0.00531444
240 1011.78 47.8837 13 3 0.297852 0 0.00533489
241 1011.31 49.9382 13 3 0.310547 0 0.00546007
242 435.151 47.2101 13 2 0.314453 0 0.00545866
243 1010.79 51.1784 13 3 0.30957 0 0.00550273
244 1006.68 48.6827 13 3 0.300781 0 0.0054551
245 435.151 47.9458 13 2 0.302734 0 0.00539654
246 1009.59 51.7893 13 3 0.31543 0 0.00544675
247 1008.21 51.2479 13 3 0.308594 0 0.0055152
248 1011.78 49.0709 13 3 0.304688 0 0.00555688
249 1010.79 50.8179 13 3 0.322266 0 0.00546731
250 1009.59 50.6082 13 3 0.322266 0 0.00560434
251 1010.21 49.3473 13 3 0.314453 0 0.00558806
252 1006.68 48.3453 13 3 0.307617 0 0.00564254
253 1009.59 54.3644 13 3 0.333008 0 0.00564678
254 1837.92 54.6287 14 4 0.338867 0 0.00577173
255 1012.18 49.3961 14 3 0.314453 0 0.00573421
256 435.151 52.5135 14 2 0.324219 0 0.0058777
257 2853.13 58.6978 15 5 0.356445 0 0.00584737
258 435.151 49.9646 15 2 0.324219 0 0.00575749
259 1006.68 58.9358 15 3 0.364258 0 0.00576614
260 1005.85 56.0868 15 3 0.336914 0 0.00574347
261 1003.18 54.8867 15 3 0.329102 0 0.0058675
262 991.21 47.1401 14 3 0.291992 0 0.00576006
263 1007.46 55.2588 15 3 0.344727 0 0.00583529
264 1004.99 53.3701 15 3 0.316406 0 0.00577257
265 1010.79 59.5282 15 3 0.34668 0 0.00586075
266 1007.46 56.7487 15 3 0.333008 0 0.0059077
267 1011.31 57.5894 15 3 0.331055 0 0.00585184
268 1008.92 54.7427 15 3 0.325195 0 0.00585273
269 435.151 52.9751 15 2 0.333008 0 0.00617752
270 1008.92 55.5722 16 3 0.335938 0 0.00605344
271 1008.92 57.4535 16 3 0.339844 0 0.00605351
272 1007.46 57.7635 16 3 0.356445 0 0.0057742
273 1817.74 61.1525 15 4 0.34668 0 0.00603537
274 1807.12 65.379 16 4 0.369141 0 0.00612921
275 1011.31 56.0978 17 3 0.338867 0 0.00621176
276 1004.99 59.578 17 3 0.361328 0 0.00644603
277 1008.92 66.0101 17 3 0.382812 0 0.00643935
278 1006.68 59.1604 17 3 0.348633 0 0.00642002
279 1823.71 67.3398 17 4 0.383789 0 0.0063676
280 1823.71 66.3506 17 4 0.376953 0 0.00616109
281 1009.59 69.7663 18 3 0.385742 0 0.0065376
282 1819.76 66.3828 17 4 0.362305 0 0.00661506
283 1819.76 69.3684 17 4 0.382812 0 0.0070878
284 1843.9 67.8105 19 4 0.382812 0 0.00643349
285 1841.02 73.7244 19 4 0.401367 0 0.00663332
286 1005.85 70.3547 19 3 0.395508 0 0.0070753
287 1815.68 73.7136 21 4 0.410156 0 0.00690693
288 1003.18 76.209 21 3 0.427734 0 0.00706086
289 1847.77 74.6178 21 4 0.420898 0 0.0070477
290 1006.68 78.2088 21 3 0.423828 0 0.00722689
291 1729.75 82.7174 23 4 0.445312 0 0.00758993
292 1834.62 79.233 21 4 0.404297 0 0.00735521
293 1819.76 77.7699 23 4 0.40625 0 0.00739009
294 1783.71 82.3782 24 4 0.435547 0 0.00779536
295 1783.71 82.8118 25 4 0.445312 0 0.00778778
296 1010.21 72.6275 25 3 0.418945 0 0.00785412
297 1817.74 88.8056 29 4 0.474609 0 0.0079886
298 1720.96 88.4367 22 4 0.449219 0 0.00772933
299 1827.51 87.3906 27 4 0.458008 0 0.00810843
300 1788.61 82.3431 28 4 0.430664 0 0.00817312
301 2856.74 99.0923 29 5 0.489258 0 0.00849078
302 1834.62 93.8169 31 4 0.467773 0 0.00835657
303 1778.72 88.1755 32 4 0.461914 0 0.00862223
304 1760.49 94.4897 31 4 0.483398 0 0.00847079
305 1752.35 92.4145 34 4 0.5 0 0.00833945
306 1813.59 85.2721 30 4 0.441406 0 0.00866854
307 1807.12 96.4058 34 4 0.489258 0 0.0089935
308 1778.72 91.5882 31 4 0.458984 0 0.00829293
309 1827.51 105.227 35 4 0.515625 0 0.00888689
310 1821.75 95.9955 35 4 0.47168 0 0.0088216
311 2891.12 94.1982 34 5 0.467773 0 0.00847375
312 1773.62 98.2725 38 4 0.491211 0 0.00867109
313 1778.72 89.146 34 4 0.466797 0 0.00877764
314 1836.29 94.1377 35 4 0.472656 0 0.00837914
315 1788.61 94.5181 37 4 0.461914 0 0.00862971
316 3222.21 106.066 36 6 0.509766 0 0.00879697
317 1746.82 100.028 45 4 0.500977 0 0.00875016
318 2362.45 103.344 47 5 0.512695 0 0.00866906
319 1008.92 103.87 53 3 0.505859 0 0.00879996
320 1783.71 100.521 54 4 0.50293 0 0.0092417
321 1807.12 108.995 45 4 0.501953 0 0.00900838
322 1821.75 104.674 40 4 0.475586 0 0.00925566
323 5638.51 112.057 101 7 0.506836 0 0.00940146
324 1811.47 103.165 53 4 0.478516 0 0.00930489
325 1811.47 108.441 66 4 0.481445 0 0.00993885
326 1813.59 107.004 101 4 0.476562 0 0.0100534
327 1809.31 115.028 101 4 0.512695 0 0.00994527
328 1793.4 107.932 101 4 0.491211 0 0.00983279
329 1804.91 109.84 101 4 0.514648 0 0.0102187
330 1757.8 105.316 101 4 0.492188 0 0.00963426
331 1819.76 95.4406 101 4 0.451172 0 0.00973953
332 1778.72 112.428 101 4 0.506836 0 0.0102177
333 1763.17 110.209 101 4 0.494141 0 0.0100003
334 1773.62 96.7039 101 4 0.439453 0 0.010651
335 1821.75 97.9814 101 4 0.442383 0 0.0100669
336 1776.18 107.885 101 4 0.482422 0 0.0103212
337 2709.62 102.591 101 5 0.458008 0 0.0108102
338 2884.52 111.196 101 5 0.484375 0 0.0106822
339 4229.91 120.658 101 6 0.480469 0 0.0109468
340 1778.72 112.336 101 4 0.487305 0 0.0108623
341 2819.22 110.328 101 5 0.494141 0 0.0109046
342 1735.52 113.419 101 4 0.499023 0 0.0110626
343 2912.97 117.101 101 5 0.509766 0 0.0110087
344 1793.4 105.232 101 4 0.455078 0 0.0107803
345 4161.13 116.168 101 6 0.49707 0 0.0106626
346 1741.21 107.819 101 4 0.472656 0 0.0101997
347 2842.09 118.265 101 5 0.525391 0 0.0109525
348 2795.37 121.656 101 5 0.541992 0 0.0105373
349 2849.48 125.581 101 5 0.52832 0 0.0107729
350 20969 147.374 101 12 0.581055 0 0.0100952
351 1819.76 130.219 101 4 0.582031 0 0.0103944
352 4171.38 134.198 101 6 0.584961 0 0.00981207
353 5324.16 135.996 101 7 0.585938 0 0.00953955
354 10932.8 145.835 101 10 0.583008 0 0.00966809
355 9186.37 181.245 101 9 0.676758 0 0.0103396
356 9640.4 258.481 101 9 0.811523 0 0.0109367
357 12252.2 471.514 111.937 10 1.19336 1 0.0116595
358 19309.8 789.81 119.071 12 1.71777 1 0.0132012
359 19880.5 1223.05 137.553 12 2.29492 1 0.0153649
360 25450.3 1616.45 419.622 13 2.81055 2 0.0174048
361 295975 2109.27 431.173 18 3.08301 2 0.0180805
362 38024.8 2179.18 435.117 14 3.34863 2 0.0188563
363 25403.1 2078.75 676.789 13 3.36035 3 0.0190841
364 37456.4 2142.2 780.02 14 3.36035 3 0.0190324
365 58297.5 2315.13 837.857 15 3.47461 3 0.0192222
366 26766.3 2135.67 794.917 13 3.40137 3 0.019339
367 56206 2425.51 890.612 15 3.54297 3 0.0198853
368 38690.9 2417.57 802.259 14 3.50879 3 0.0199936
369 90543.7 2565.29 902.905 16 3.63086 3 0.0197157
370 38218.1 2464.14 908.906 14 3.64941 3 0.0200271
371 35457.4 2625.01 926.292 14 3.72559 3 0.0207025
372 566774 3231.86 898.85 19 3.66406 3 0.0199923
373 293392 3037.46 928.165 18 3.75098 3 0.0192177
374 293029 3626.05 937.341 18 3.9248 3 0.019764
375 4.24747e+06 12380.3 946.193 22 4.02148 3 0.0201798
376 564571 6983.95 1661.63 19 4.82812 4 0.0229233
377 8.44281e+06 17731.9 1523.32 23 4.8916 4 0.0237826
378 4.24402e+06 25507.1 1738.37 22 5.39453 4 0.0253673
379 8.44975e+06 42414.7 1732.64 23 5.65332 4 0.0261017
380 4.24687e+06 55110.1 2529.99 22 6.29004 5 0.0278546
381 4.24582e+06 49462.9 2625.3 22 6.16016 5 0.0270864
382 3.36211e+07 115781 2672.92 25 6.84082 5 0.0298101
383 2.68515e+08 405025 2705.11 28 6.72363 5 0.0301461
384 6.7185e+07 278306 2663.54 26 6.78418 5 0.028763
385 1.34297e+08 299646 2328.47 27 6.53809 5 0.0284458
386 3.36263e+07 246543 2345.52 25 6.4502 5 0.028967
387 3.36224e+07 291357 1821.75 25 6.45312 4 0.0280688
388 3.36238e+07 181120 1726.84 25 6.28516 4 0.0293784
389 6.71856e+07 292186 2029.16 26 6.33984 6 0.0283261
390 6.71838e+07 279681 2757.91 26 7.01465 5 0.030977
391 1.34294e+08 392023 2749.33 27 6.96484 5 0.030205
392 3.36261e+07 153957 2270.79 25 6.39941 5 0.0294669
393 2.68523e+08 734301 2654.09 28 6.93848 5 0.0305693
394 6.71854e+07 418278 2649.34 26 6.90625 5 0.030006
395 6.71779e+07 310512 2677.57 26 6.96191 5 0.0305696
396 6.71868e+07 325126 2677.57 26 7.02246 5 0.0306866
397 1.343e+08 723752 3868.3 27 7.75977 6 0.0312218
398 2.14759e+09 2.95868e+06 3182.26 31 7.32715 6 0.0315104
399 5.36968e+08 2.10357e+06 4389.66 29 8.52148 7 0.0327653
400 5.36965e+08 1.94601e+06 3380.89 29 7.90234 7 0.0326426
401 5.36963e+08 1.45403e+06 4520.99 29 8.2334 7 0.0329975
402 5.36965e+08 2.25321e+06 4600.48 29 8.73633 7 0.0357176
403 1.07384e+09 3.9455e+06 5256.55 30 8.86914 7 0.0365658
404 1.07384e+09 5.52527e+06 6817.54 30 9.46777 8 0.0371005
405 1.718e+10 2.46708e+07 7236.2 34 9.54785 8 0.0372621
406 4.29508e+09 1.78682e+07 8252.3 32 10.626 9 0.0402759
407 3.43599e+10 4.98246e+07 9606.16 35 11.2637 9 0.0404653
408 1.718e+10 9.35359e+07 9730.28 34 11.4219 9 0.0411742
409 1.718e+10 5.21134e+07 11723.6 34 11.7461 10 0.0422074
410 3.43599e+10 8.73529e+07 14155.9 35 12.1504 11 0.0443278
411 6.87196e+10 1.15932e+08 12014.6 36 12.002 10 0.0440285
412 8.59006e+09 4.01347e+07 10132.4 33 11.3438 10 0.0422833
413 1.718e+10 9.64493e+07 10704.6 34 11.5771 10 0.0449516
414 6.87196e+10 1.29836e+08 8364.63 36 11.2207 9 0.041906
415 1.718e+10 8.03207e+07 9489.92 34 11.6064 9 0.0434495
416 1.718e+10 8.2111e+07 11573.9 34 11.584 10 0.0414575
417 3.43599e+10 1.065e+08 6594.41 35 10.4678 8 0.0398335
418 1.37439e+11 2.7432e+08 8252.3 37 10.9893 9 0.0408105
419 1.09951e+12 1.39302e+09 8266.41 40 10.8242 9 0.0409965
420 8.79609e+12 8.71805e+09 7175.96 43 10.7324 8 0.0401839
421 3.43599e+10 9.62356e+07 18225.2 35 12.8115 12 0.0440832
422 1.37439e+11 4.29074e+08 11467.5 37 12.0762 10 0.0418311
423 1.09951e+12 1.37848e+09 15648.5 40 13.042 11 0.0439989
424 2.74878e+11 1.28085e+09 37581.5 38 14.5732 14 0.046879
425 2.19902e+12 5.7843e+09 37606.4 41 14.7178 14 0.0488924
426 5.49756e+11 1.36108e+09 26257.2 39 14.2334 13 0.0484911
427 2.74878e+11 1.23803e+09 27299 38 14.3291 13 0.0498599
428 8.79609e+12 9.54318e+09 21053.2 43 13.5859 12 0.0475226
429 5.49756e+11 1.92257e+09 25731.1 39 14.0752 13 0.0476576
430 2.19902e+12 4.38886e+09 20202.3 41 14.0566 12 0.0477868
431 1.75922e+13 2.80599e+10 25869.9 44 14.2939 13 0.0480665
432 5.49756e+11 2.99747e+09 20603.6 39 14.2861 12 0.0487797
433 5.49756e+11 1.88709e+09 20127.5 39 14.4541 12 0.0483617
434 8.79609e+12 1.06992e+10 37229 43 14.7051 14 0.0500131
435 2.19902e+12 4.33801e+09 20423.4 41 14.0557 12 0.0482025
436 1.37439e+11 9.98746e+08 17942.8 37 13.3066 12 0.0474207
437 8.79609e+12 1.16098e+10 17545 43 13.6299 12 0.0471209
438 5.49756e+11 1.1336e+09 7391.97 39 11.4785 8 0.0465293
439 2.74878e+11 1.03914e+09 7892.94 38 12.1689 9 0.0454528
440 5.49756e+11 1.08098e+09 8420.29 39 12.2178 9 0.0442524
441 2.74878e+11 9.63039e+08 8406.41 38 12.082 9 0.0475475
442 3.43599e+10 4.62864e+08 8652.99 35 12.1758 9 0.0444707
443 5.49756e+11 1.01024e+09 7196.15 39 11.7041 8 0.044605
444 3.51844e+13 3.75185e+10 15254.3 45 13.375 11 0.0461148
445 1.09951e+12 3.79967e+09 56521.3 40 15.3799 15 0.052021
446 2.74878e+11 1.78713e+09 37705.8 38 14.7275 14 0.0519502
447 8.79609e+12 1.59859e+10 93545.5 43 15.5576 16 0.0514851
448 5.49756e+11 2.62644e+09 58684.3 39 15.3262 15 0.0527228
449 2.19902e+12 6.31179e+09 38409.1 41 15.0137 14 0.0509727
450 1.09951e+12 1.57807e+09 37902.8 40 14.8486 14 0.0493941
451 4.39805e+12 1.31797e+10 57794.5 42 15.6152 15 0.0509588
452 7.03687e+13 1.41607e+11 56691.5 46 15.4062 15 0.0525897
453 8.79609e+12 1.43041e+10 90004.7 43 15.4521 16 0.0507111
454 1.09951e+12 2.48779e+09 57332.8 40 15.4385 15 0.0540042
455 8.79609e+12 1.62109e+10 37976.1 43 15.0508 14 0.0525213
456 4.39805e+12 1.31586e+10 53361.4 42 15.3457 15 0.0549955
457 4.39805e+12 8.07122e+09 57821.4 42 15.9258 15 0.0527765
458 4.39805e+12 1.50108e+10 296127 42 16.8662 18 0.0568563
459 8.79609e+12 1.926e+10 58607.7 43 16.0283 15 0.0542253
460 1.09951e+12 5.66042e+09 163279 40 16.6074 17 0.0550596
461 4.39805e+12 1.22051e+10 293513 42 16.8691 18 0.0553435
462 2.19902e+12 6.49327e+09 54511.5 41 15.501 15 0.0522226
463 1.75922e+13 3.0498e+10 58633.3 44 15.8857 15 0.0551453
464 7.03687e+13 9.22817e+10 157149 46 16.4482 17 0.0533594
465 1.09951e+12 6.5382e+09 296429 40 16.9111 18 0.0565504
466 8.79609e+12 1.89501e+10 56234.8 43 15.7715 15 0.0549869
467 2.81475e+14 3.29737e+11 160408 48 16.4736 17 0.0547764
468 5.6295e+14 5.54437e+11 20495.9 49 14.7227 12 0.0484096
469 4.39805e+12 1.33997e+10 36766.4 42 15.1445 14 0.0506187
470 2.19902e+12 5.57683e+09 17634.1 41 14.1895 12 0.0476502
471 3.51844e+13 7.7996e+10 37829.2 45 15.2158 14 0.0533526
472 3.51844e+13 3.95401e+10 56090.3 45 15.5508 15 0.0515401
473 7.03687e+13 1.59089e+11 161807 46 16.5088 17 0.0536706
474 7.03687e+13 8.88526e+10 163409 46 16.5859 17 0.0565351
475 1.75922e+13 4.48342e+10 296691 44 17.2969 18 0.0611263
476 8.79609e+12 2.5157e+10 161359 43 16.4707 17 0.0564133
477 4.39805e+12 1.37511e+10 297025 42 16.8467 18 0.0575268
478 1.40737e+14 4.23925e+11 155909 47 16.4961 17 0.0571412
479 8.79609e+12 2.74342e+10 90777.1 43 15.8242 16 0.0561904
480 1.75922e+13 3.00853e+10 93876.6 44 16.083 16 0.0553028
481 1.75922e+13 3.01144e+10 57167.3 44 15.6201 15 0.054096
482 2.19902e+12 1.75909e+10 161841 41 16.7979 17 0.0551836
483 7.03687e+13 1.16068e+11 89216.9 46 16.1602 16 0.0584629
484 1.40737e+14 1.65644e+11 293872 47 16.6367 18 0.0588492
485 8.79609e+12 3.79264e+10 298224 43 16.9883 18 0.0589405
486 4.39805e+12 2.96405e+10 56578.2 42 15.7344 15 0.0595845
487 7.03687e+13 1.29817e+11 56663.2 46 15.7383 15 0.0602744
488 7.03687e+13 1.50398e+11 160622 46 16.7383 17 0.0586023
489 7.03687e+13 1.25974e+11 157910 46 16.6357 17 0.0599186
490 3.51844e+13 1.2692e+11 158623 45 16.8311 17 0.0617665
491 2.81475e+14 4.00935e+11 94408.1 48 16.8789 16 0.0598586
492 1.75922e+13 7.51783e+10 2.14362e+06 44 18.7402 21 0.0635891
493 5.6295e+14 8.70591e+11 2.14203e+06 49 18.8887 21 0.0702369
494 2.81475e+14 4.18374e+11 2.14343e+06 48 18.7705 21 0.0656061
495 7.03687e+13 1.41194e+11 8.44517e+06 46 19.668 23 0.0671827
496 2.81475e+14 8.29044e+11 4.24662e+06 48 19.4209 22 0.0655995
497 1.75922e+13 1.04689e+11 4.24637e+06 44 19.5254 22 0.0672604
498 3.51844e+13 1.15894e+11 8.44539e+06 45 20.1475 23 0.0691884
499 7.03687e+13 1.99879e+11 8.44603e+06 46 20.21 23 0.0690325
500 3.51844e+13 1.54063e+11 8.44287e+06 45 20.0137 23 0.0678319
501 5.6295e+14 9.56042e+11 2.14362e+06 49 18.665 21 0.0659154
502 1.1259e+15 1.28533e+12 2.14414e+06 50 19.0166 21 0.0641839
503 7.03687e+13 1.12999e+11 4.24617e+06 46 19.1309 22 0.0672707
504 2.81475e+14 5.16497e+11 164143 48 17.7158 17 0.0614768
505 3.51844e+13 1.36934e+11 94378.9 45 17.2842 16 0.0626711
506 3.51844e+13 1.02493e+11 163441 45 17.2988 17 0.0660946
507 4.39805e+12 3.62768e+10 565032 42 18.3672 19 0.0669701
508 2.81475e+14 4.30773e+11 2.14203e+06 48 18.377 21 0.0672168
509 5.6295e+14 8.55998e+11 296654 49 17.6494 18 0.0699227
510 7.03687e+13 1.74221e+11 561138 46 17.5127 19 0.0686043
511 9.0072e+15 8.90652e+12 4.24402e+06 53 19.1699 22 0.0685565
512 2.81475e+14 4.50193e+11 3.36199e+07 48 21.8896 25 0.0774291
513 2.2518e+15 2.52596e+12 3.36169e+07 51 21.4102 25 0.0777157
514 1.1259e+15 2.55422e+12 3.36102e+07 50 21.6572 25 0.0788129
515 2.81475e+14 5.00118e+11 8.44592e+06 48 20.2607 23 0.0820788
516 2.2518e+15 3.23062e+12 1.68339e+07 51 20.6416 24 0.0814888
517 5.6295e+14 1.1952e+12 1.68346e+07 49 20.4482 24 0.0741203
518 5.6295e+14 1.08393e+12 1.6835e+07 49 20.9287 24 0.0752911
519 1.1259e+15 1.43225e+12 1.68373e+07 50 21.0078 24 0.0779421
520 2.2518e+15 4.27258e+12 2.1464e+06 51 19.3018 21 0.0726734
521 1.1259e+15 2.1274e+12 2.14124e+06 50 19.1846 21 0.0718891
522 1.40737e+14 4.67942e+11 4.24536e+06 47 19.4189 22 0.0722315
523 5.6295e+14 1.00917e+12 4.24391e+06 49 19.2471 22 0.0707397
524 2.81475e+14 9.88068e+11 4.24572e+06 48 19.8564 22 0.0730005
525 2.2518e+15 6.18893e+12 4.24577e+06 51 19.9736 22 0.0767723
526 1.1259e+15 1.85657e+12 4.23951e+06 50 19.5547 22 0.0720233
527 1.1259e+15 1.80327e+12 8.44157e+06 50 20.8369 23 0.0792306
528 2.2518e+15 4.14496e+12 8.43997e+06 51 20.502 23 0.0738017
529 2.2518e+15 2.8805e+12 1.683e+07 51 20.6797 24 0.0762654
530 1.80144e+16 2.19418e+13 3.36184e+07 54 22.1553 25 0.0791047
531 2.81475e+14 1.65926e+12 3.36192e+07 48 22.1885 25 0.0834292
532 2.81475e+14 1.33938e+12 1.68377e+07 48 21.4092 24 0.0844636
533 4.5036e+15 9.65128e+12 1.68414e+07 52 21.7646 24 0.0796814
534 4.5036e+15 1.02837e+13 3.36162e+07 52 21.793 25 0.0795034
535 1.1259e+15 2.85049e+12 8.44314e+06 50 20.0898 23 0.0751169
536 1.80144e+16 2.40433e+13 3.3618e+07 54 21.8965 25 0.0824358
537 7.20576e+16 7.46993e+13 8.44544e+06 56 20.7041 23 0.0779293
538 5.76461e+17 6.80239e+14 1.68423e+07 59 21.3594 24 0.0826481
539 9.0072e+15 1.23339e+13 3.3613e+07 53 21.9482 25 0.0837713
540 9.0072e+15 2.58903e+13 1.68393e+07 53 21.6338 24 0.0824581
541 3.60288e+16 4.52081e+13 3.36183e+07 55 21.834 25 0.085434
542 1.1259e+15 4.66895e+12 1.68354e+07 50 21.1719 24 0.084892
543 1.80144e+16 4.41308e+13 8.43494e+06 54 19.9717 23 0.0805136
544 2.8823e+17 2.95752e+14 1.68329e+07 58 21.2021 24 0.0824575
545 2.30584e+18 2.43493e+15 8.44342e+06 61 20.6738 23 0.0836305
546 2.30584e+18 3.69957e+15 8.44884e+06 61 21.4961 23 0.0852054
547 4.61169e+18 9.7286e+15 3.36166e+07 62 22.5557 25 0.0901092
548 1.84467e+19 2.83476e+16 1.68387e+07 64 22.4336 24 0.0891341
549 2.30584e+18 2.62485e+15 8.44452e+06 61 21.0947 23 0.0886874
550 3.77789e+22 3.68975e+19 1.09009e+06 75 19.793 20 0.0912416
551 1.47574e+20 1.49497e+17 8.44015e+06 67 20.7451 23 0.0884239
552 1.47574e+20 1.45654e+17 2.68507e+08 67 25.5088 28 0.101609
553 1.15292e+18 2.57526e+15 4.24737e+06 60 21.0791 22 0.09529
554 1.47574e+20 1.58938e+17 1.6839e+07 67 22.4121 24 0.0957338
555 2.30584e+18 3.02296e+15 1.68317e+07 61 21.791 24 0.0913648
556 1.15292e+18 3.83897e+15 1.68294e+07 60 21.9863 24 0.0882036
557 3.68935e+19 4.55369e+16 2.14217e+06 65 20.0859 21 0.0848202
558 4.61169e+18 6.1706e+15 561971 62 19.9365 19 0.0818965
559 2.8823e+17 5.69594e+14 1.68368e+07 58 22.2051 24 0.0917948
560 1.84467e+19 1.85868e+16 4.24657e+06 64 21.3018 22 0.0877981
561 1.18059e+21 1.17371e+18 3.36228e+07 70 23.6689 25 0.0953163
562 2.30584e+18 2.87037e+15 2.1459e+06 61 20.8105 21 0.0896999
563 1.84467e+19 2.14676e+16 566266 64 20.5371 19 0.087984
564 1.15292e+18 1.59303e+15 4.24642e+06 60 21.5039 22 0.09079
565 1.44115e+17 6.46201e+14 34987.3 57 19.333 14 0.0940334
566 1.84467e+19 2.30057e+16 1.08804e+06 64 20.6025 20 0.0852756
567 2.30584e+18 3.58856e+15 90510.2 61 19.0381 16 0.0837865
568 1.88895e+22 1.84539e+19 294309 74 20.2793 18 0.0859507
569 2.8823e+17 6.28593e+14 2.14251e+06 58 20.7783 21 0.0874889
570 2.8823e+17 6.28886e+14 94640.1 58 19.1797 16 0.0801612
571 1.15292e+18 3.01363e+15 294190 60 19.835 18 0.088536
572 1.15292e+18 1.78722e+15 2.14034e+06 60 20.6152 21 0.0857538
573 4.61169e+18 6.08689e+15 1.68348e+07 62 22.3203 24 0.0961113
574 1.44115e+17 5.64601e+14 4.24495e+06 57 21.1943 22 0.0943135
575 1.15292e+18 4.11682e+15 4.24376e+06 60 21.0303 22 0.0862712
576 1.15292e+18 2.49343e+15 1.68339e+07 60 21.9395 24 0.0857348
577 5.76461e+17 1.37365e+15 1.68345e+07 59 22.6123 24 0.0910083
578 5.90296e+20 5.82408e+17 1.68404e+07 69 23.0928 24 0.095376
579 1.15292e+18 1.88608e+15 1.68348e+07 60 22.5537 24 0.0919407
580 5.90296e+20 7.29981e+17 1.68387e+07 69 22.873 24 0.0883102
581 1.15292e+18 2.4112e+15 1.68326e+07 60 22.0635 24 0.0904641
582 2.30584e+18 2.46825e+15 8.44287e+06 61 21.4512 23 0.0867182
583 1.84467e+19 3.66057e+16 1.68391e+07 64 22.8623 24 0.0904175
584 9.22337e+18 9.70378e+15 1.68365e+07 63 22.0303 24 0.0900724
585 2.30584e+18 4.96497e+15 3.36149e+07 61 23.0625 25 0.0928361
586 2.30584e+18 5.50586e+15 3.36187e+07 61 23.5449 25 0.0935486
587 1.44115e+17 4.31831e+14 8.44408e+06 57 21.2393 23 0.0849671
588 9.22337e+18 2.29057e+16 1.68395e+07 63 22.7842 24 0.091104
589 2.30584e+18 4.61277e+15 3.36157e+07 61 23.248 25 0.0922484
590 1.18059e+21 1.18355e+18 1.68287e+07 70 22.3457 24 0.0893695
591 7.3787e+19 1.08943e+17 3.36161e+07 66 23.083 25 0.0943217
592 2.36118e+21 2.60769e+18 3.36202e+07 71 23.7598 25 0.0918168
593 1.15292e+18 2.23631e+15 1.68399e+07 60 22.6523 24 0.0879992
594 1.47574e+20 1.45663e+17 1.68355e+07 67 21.6289 24 0.0867258
595 9.22337e+18 1.26809e+16 3.36183e+07 63 22.7256 25 0.0879556
596 7.20576e+16 2.73708e+14 4.24174e+06 56 20.4297 22 0.0866502
597 2.36118e+21 2.30726e+18 2.14348e+06 71 20.1777 21 0.0823505
598 9.22337e+18 1.50582e+16 1.68396e+07 63 22.3047 24 0.0866314
599 3.68935e+19 3.9208e+16 8.44364e+06 65 21.7178 23 0.0888677
600 7.20576e+16 1.8555e+14 1.68355e+07 56 22.1396 24 0.0880906
601 5.76461e+17 6.72084e+14 8.44419e+06 59 21.2852 23 0.0848086
602 5.90296e+20 5.9133e+17 1.68372e+07 69 22.6797 24 0.0887454
603 2.8823e+17 7.19793e+14 1.68384e+07 58 22.5273 24 0.0895811
604 1.15292e+18 1.78254e+15 1.68358e+07 60 22.249 24 0.0890132
605 9.22337e+18 1.98759e+16 8.44645e+06 63 21.4229 23 0.0866316
606 4.61169e+18 9.02146e+15 3.36123e+07 62 22.749 25 0.0904335
607 9.22337e+18 1.6893e+16 3.36178e+07 63 23.2656 25 0.0928375
608 9.22337e+18 1.42527e+16 1.68334e+07 63 22.0645 24 0.0869683
609 1.47574e+20 1.69782e+17 3.36212e+07 67 23.7344 25 0.0916024
610 4.61169e+18 7.91881e+15 4.2435e+06 62 20.8271 22 0.0883106
611 5.90296e+20 7.43162e+17 8.44436e+06 69 21.5752 23 0.08714
612 3.68935e+19 4.57754e+16 1.09009e+06 65 20.5908 20 0.088684
613 1.84467e+19 3.01601e+16 3.36152e+07 64 22.5146 25 0.0909565
614 7.3787e+19 8.10615e+16 3.3624e+07 66 23.7793 25 0.0933095
615 9.22337e+18 1.63607e+16 8.44129e+06 63 21.6748 23 0.0837223
616 1.47574e+20 2.40712e+17 1.68344e+07 67 22.9072 24 0.0883474
617 7.3787e+19 1.94626e+17 3.36181e+07 66 24.0107 25 0.0955219
618 2.36118e+21 2.33881e+18 3.36171e+07 71 24.293 25 0.0925545
619 1.18059e+21 2.96288e+18 1.34289e+08 70 26.5918 27 0.101144
620 1.51116e+23 1.67996e+20 6.71793e+07 77 26.166 26 0.103831
621 2.36118e+21 2.67557e+18 6.71747e+07 71 25.0938 26 0.0994735
622 1.18059e+21 2.20869e+18 6.7173e+07 70 25.4355 26 0.102807
623 2.47588e+27 2.41786e+24 6.71783e+07 91 25.8545 26 0.104361
624 5.90296e+20 1.67888e+18 6.71736e+07 69 26.7051 26 0.109111
625 9.44473e+21 1.90871e+19 6.71745e+07 73 26.375 26 0.105235
626 3.77789e+22 3.97404e+19 6.71741e+07 75 26.4248 26 0.109257
627 1.51116e+23 2.26081e+20 6.71844e+07 77 26.6494 26 0.111506
628 3.86856e+25 4.018e+22 2.68513e+08 85 28.458 28 0.114357
629 7.55579e+22 9.67364e+19 2.68502e+08 76 28.335 28 0.112122
630 1.18059e+21 3.65491e+18 1.34296e+08 70 28.0576 27 0.111694
631 3.77789e+22 5.46207e+19 1.34294e+08 75 28.1885 27 0.113421
632 1.51116e+23 1.61847e+20 6.71749e+07 77 26.8145 26 0.108615
633 1.51116e+23 1.60308e+20 1.34288e+08 77 27.5801 27 0.111747
634 7.55579e+22 1.18123e+20 2.68512e+08 76 28.9385 28 0.114601
635 4.72237e+21 1.34407e+19 1.34296e+08 72 28.0615 27 0.116747
636 3.77789e+22 3.98959e+19 1.34295e+08 75 28.0098 27 0.117528
637 1.88895e+22 3.41259e+19 5.36954e+08 74 29.0391 29 0.120237
638 9.67141e+24 9.45109e+21 2.68507e+08 83 28.4883 28 0.118829
639 1.20893e+24 1.18644e+21 5.36958e+08 80 28.918 29 0.116508
640 2.36118e+21 5.87212e+18 2.68515e+08 71 28.2432 28 0.116499
641 9.44473e+21 1.67526e+19 6.71749e+07 73 26.7441 26 0.113977
642 5.90296e+20 2.06463e+18 8.44375e+06 69 24.2891 23 0.10724
643 3.77789e+22 5.67792e+19 2.68517e+08 75 28.3887 28 0.115691
644 3.77789e+22 9.11106e+19 1.34283e+08 75 27.8096 27 0.120342
645 9.44473e+21 1.85944e+19 2.68508e+08 73 27.46 28 0.114853
646 3.77789e+22 7.87766e+19 6.71827e+07 75 27.5986 26 0.11819
647 1.20893e+24 1.33611e+21 1.34293e+08 80 27.7773 27 0.117783
648 1.51116e+23 2.14248e+20 2.68515e+08 77 28.333 28 0.119788
649 3.02231e+23 4.06865e+20 1.07383e+09 78 30.3057 30 0.1289
650 1.93428e+25 1.89245e+22 2.68512e+08 84 28.1289 28 0.119103
651 2.41785e+24 2.48941e+21 1.3429e+08 81 27.7705 27 0.115147
652 7.55579e+22 1.14554e+20 3.36169e+07 76 25.1328 25 0.109437
653 2.41785e+24 2.45738e+21 6.71767e+07 81 25.8486 26 0.105559
654 1.88895e+22 2.39481e+19 1.68379e+07 74 24.0225 24 0.101156
655 3.02231e+23 3.39589e+20 3.36204e+07 78 24.9561 25 0.101723
656 4.72237e+21 1.51789e+19 1.68321e+07 72 23.8916 24 0.106083
657 6.04463e+23 6.12338e+20 4.24516e+06 79 22.9795 22 0.0989195
658 3.86856e+25 3.78066e+22 8.44309e+06 85 23.7656 23 0.0980777
659 1.88895e+22 5.21585e+19 3.36206e+07 74 25.124 25 0.0998938
660 1.51116e+23 2.3148e+20 4.24505e+06 77 23.2354 22 0.0971151
661 3.02231e+23 3.16329e+20 1.68379e+07 78 24.1836 24 0.101089
662 1.51116e+23 2.22365e+20 3.36151e+07 77 24.0322 25 0.0975229
663 2.41785e+24 2.36179e+21 6.71652e+07 81 24.8457 26 0.107647
664 9.44473e+21 1.61287e+19 1.07383e+09 73 29.2334 30 0.120175
665 1.93428e+25 1.90827e+22 1.34285e+08 84 26.3203 27 0.117906
666 3.77789e+22 1.09032e+20 2.68518e+08 75 28.1377 28 0.11895
667 1.23794e+27 1.20917e+24 1.34294e+08 90 27.501 27 0.118842
668 2.41785e+24 3.6079e+21 5.36958e+08 81 28.8193 29 0.120048
669 2.47588e+27 2.41806e+24 1.3427e+08 91 26.8096 27 0.117212
670 6.04463e+23 5.95615e+20 5.3696e+08 79 28.5605 29 0.12176
671 1.51116e+23 3.45716e+20 1.34288e+08 77 27.0586 27 0.112766
672 7.55579e+22 1.59952e+20 3.36217e+07 76 25.0332 25 0.107448
673 7.55579e+22 1.3134e+20 2.68512e+08 76 27.8623 28 0.118962
674 9.67141e+24 9.78335e+21 5.36952e+08 83 28.543 29 0.124089
675 7.55579e+22 1.33026e+20 5.36954e+08 76 29.4707 29 0.127114
676 6.04463e+23 6.5267e+20 4.29507e+09 79 31.3623 32 0.137228
677 3.77789e+22 9.97399e+19 4.29506e+09 75 30.2686 32 0.12826
678 6.04463e+23 6.10668e+20 2.14758e+09 79 29.9219 31 0.128371
679 7.55579e+22 8.04904e+19 8.59003e+09 76 30.8359 33 0.134082
680 4.95176e+27 4.83612e+24 1.718e+10 92 31.1992 34 0.136179
681 9.44473e+21 1.86891e+19 5.36962e+08 73 28.5859 29 0.123427
682 3.09485e+26 3.03028e+23 1.34291e+08 88 27.3984 27 0.123341
683 7.55579e+22 1.25187e+20 1.07384e+09 76 29.5957 30 0.125156
684 2.41785e+24 3.53379e+21 2.14757e+09 81 29.7393 31 0.131034
685 9.67141e+24 1.07279e+22 6.71738e+07 83 25.0645 26 0.108332
686 6.04463e+23 9.7728e+20 2.68519e+08 79 27.8916 28 0.118646
687 1.20893e+24 1.25363e+21 1.34294e+08 80 26.5303 27 0.118713
688 1.88895e+22 5.76609e+19 5.36959e+08 74 28.252 29 0.120191
689 3.02231e+23 6.3556e+20 1.68317e+07 78 23.7061 24 0.102507
690 2.41785e+24 2.36556e+21 1.68345e+07 81 24.2168 24 0.10463
691 1.51116e+23 5.03335e+20 5.36959e+08 77 29.209 29 0.12471
692 1.20893e+24 1.30797e+21 2.68506e+08 80 27.2295 28 0.118696
693 7.92282e+28 7.74093e+25 3.3616e+07 96 25.2012 25 0.108133
694 3.86856e+25 4.7673e+22 1.07384e+09 85 29.8682 30 0.123662
695 3.02231e+23 6.67183e+20 1.07383e+09 78 28.5 30 0.124733
696 3.09485e+26 3.0326e+23 6.71797e+07 88 26.1299 26 0.113265
697 2.41785e+24 2.56509e+21 1.07383e+09 81 28.9209 30 0.123519
698 9.44473e+21 2.49572e+19 6.71745e+07 73 26.3867 26 0.112281
699 2.41785e+24 2.50938e+21 1.34282e+08 81 27.0293 27 0.116757
700 2.47588e+27 2.41926e+24 5.36957e+08 91 28.4229 29 0.126859
701 4.8357e+24 4.73942e+21 1.08776e+06 82 23.623 20 0.103749
702 1.51116e+23 1.62395e+20 2.68512e+08 77 28.1494 28 0.118513
703 3.77789e+22 8.57597e+19 6.71781e+07 75 25.9512 26 0.110545
704 1.23794e+27 1.21015e+24 6.71779e+07 90 25.4307 26 0.108751
705 1.88895e+22 3.24993e+19 6.71732e+07 74 25.4102 26 0.105302
706 1.20893e+24 1.26518e+21 5.36955e+08 80 27.835 29 0.119397
707 4.72237e+21 1.88156e+19 2.68504e+08 72 26.0742 28 0.110251
708 1.9807e+28 1.9343e+25 6.71837e+07 94 25.96 26 0.108677
709 3.77789e+22 1.21905e+20 5.36961e+08 75 29.0645 29 0.118509
710 3.02231e+23 4.85106e+20 2.68513e+08 78 27.1699 28 0.114326
711 3.86856e+25 5.1987e+22 6.71727e+07 85 25.3486 26 0.108092
712 2.41785e+24 2.66446e+21 2.68508e+08 81 27.2549 28 0.112333
713 6.04463e+23 7.47477e+20 1.07383e+09 79 28.8877 30 0.119586
714 1.93428e+25 2.08213e+22 1.07383e+09 84 29.707 30 0.121945
715 2.41785e+24 2.84066e+21 1.07383e+09 81 29.0947 30 0.123273
716 3.02231e+23 4.21277e+20 5.36959e+08 78 28.4258 29 0.117302
717 9.44473e+21 2.09617e+19 5.36958e+08 73 28.209 29 0.117725
718 3.02231e+23 4.18535e+20 1.34288e+08 78 26.5928 27 0.113362
719 1.88895e+22 3.094e+19 5.3695e+08 74 28.1074 29 0.118149
720 7.55579e+22 9.1326e+19 2.6851e+08 76 26.0752 28 0.111063
721 7.55579e+22 1.17915e+20 2.68515e+08 76 27.8311 28 0.116541
722 6.04463e+23 6.12594e+20 6.71739e+07 79 25.6377 26 0.108487
723 3.02231e+23 5.69547e+20 1.34293e+08 78 27.6982 27 0.122005
724 4.8357e+24 7.20555e+21 1.07383e+09 82 29.1094 30 0.122618
725 9.67141e+24 1.2703e+22 2.14759e+09 83 31.5527 31 0.130209
726 6.04463e+23 8.60244e+20 1.07383e+09 79 29.8691 30 0.126293
727 4.72237e+21 1.13589e+19 4.29506e+09 72 29.6133 32 0.12528
728 3.86856e+25 4.32454e+22 1.34291e+08 85 26.0137 27 0.112879
729 6.1897e+26 6.05092e+23 2.14757e+09 89 30.2734 31 0.127805
730 1.88895e+22 2.2041e+19 2.68515e+08 74 26.8027 28 0.115134
731 2.41785e+24 2.75676e+21 1.07383e+09 81 29.2061 30 0.119983
732 6.04463e+23 6.77318e+20 2.14757e+09 79 30.2393 31 0.124533
733 9.67141e+24 9.67326e+21 2.14757e+09 83 29.1553 31 0.119453
734 6.04463e+23 9.97376e+20 1.07383e+09 79 27.4268 30 0.11543
735 4.8357e+24 4.82975e+21 5.36948e+08 82 27.0938 29 0.112302
736 1.93428e+25 1.89242e+22 2.68516e+08 84 27.0039 28 0.113602
737 9.44473e+21 1.31459e+19 1.07383e+09 73 28.584 30 0.114205
738 1.93428e+25 1.91935e+22 5.36954e+08 84 27.6113 29 0.111494
739 3.77789e+22 5.93653e+19 2.68517e+08 75 27.3643 28 0.115128
740 4.8357e+24 5.92708e+21 1.34291e+08 82 26.4355 27 0.110688
741 7.55579e+22 1.26632e+20 1.68403e+07 76 24.3594 24 0.101429
742 3.02231e+23 3.68645e+20 6.71816e+07 78 26.1641 26 0.105531
743 5.90296e+20 1.47332e+18 1.68372e+07 69 24.4004 24 0.0983943
744 9.44473e+21 2.05913e+19 1.68324e+07 73 23.9629 24 0.0994503
745 6.04463e+23 6.70294e+20 3.36022e+07 79 24.1982 25 0.0986253
746 4.72237e+21 1.16364e+19 1.68373e+07 72 24.6113 24 0.102045
747 3.77789e+22 4.00391e+19 4.24556e+06 75 22.7568 22 0.0992317
748 7.55579e+22 7.68667e+19 2.68508e+08 76 27.2207 28 0.107731
749 2.41785e+24 2.58462e+21 6.71693e+07 81 24.7783 26 0.106031
750 3.77789e+22 5.84789e+19 2.14442e+06 75 23.0879 21 0.10191
751 3.77789e+22 4.70434e+19 2.68509e+08 75 27.1562 28 0.111288
752 3.02231e+23 3.09155e+20 4.29506e+09 78 30.5439 32 0.126888
753 4.72237e+21 1.28579e+19 4.29506e+09 72 30.5684 32 0.128163
754 7.73713e+25 7.67626e+22 2.14758e+09 86 29.6865 31 0.127203
755 1.88895e+22 5.25152e+19 5.36956e+08 74 28.1611 29 0.123004
756 2.41785e+24 2.41549e+21 4.29506e+09 81 29.9521 32 0.129707
757 1.51116e+23 1.94568e+20 4.29507e+09 77 31.666 32 0.135282
758 1.88895e+22 2.91476e+19 4.29507e+09 74 30.1602 32 0.129456
759 1.51116e+23 1.71242e+20 2.14757e+09 77 29.0527 31 0.124592
760 1.20893e+24 1.34505e+21 8.59004e+09 80 31.9199 33 0.133351
761 9.44473e+21 3.31376e+19 4.29505e+09 73 29.7412 32 0.13313
762 7.55579e+22 8.82716e+19 2.14758e+09 76 30.2129 31 0.133406
763 6.04463e+23 6.57924e+20 2.14758e+09 79 29.6709 31 0.130182
764 1.93428e+25 1.89786e+22 1.68343e+07 84 24.2764 24 0.113192
765 3.77789e+22 9.36314e+19 2.14758e+09 75 30.2344 31 0.130084
766 9.67141e+24 9.75496e+21 1.07383e+09 83 29.0283 30 0.130716
767 7.55579e+22 8.48402e+19 4.29507e+09 76 30.1084 32 0.130692
768 2.36118e+21 9.05236e+18 2.14758e+09 71 29.5557 31 0.126162
769 1.51116e+23 1.66677e+20 1.07383e+09 77 28.6719 30 0.124311
770 5.90296e+20 1.73352e+18 1.07383e+09 69 28.7119 30 0.126119
771 9.44473e+21 3.03303e+19 5.36942e+08 73 27.8203 29 0.120109
772 9.67141e+24 9.45477e+21 1.07384e+09 83 28.9492 30 0.123777
773 9.44473e+21 2.09845e+19 4.29505e+09 73 30.0547 32 0.131092
774 1.88895e+22 4.90252e+19 1.07382e+09 74 28.9307 30 0.125915
775 9.44473e+21 2.63394e+19 2.68517e+08 73 27.9365 28 0.12135
776 1.88895e+22 3.24913e+19 2.68513e+08 74 28.2168 28 0.126174
777 7.55579e+22 1.52031e+20 3.36182e+07 76 26.6777 25 0.119928
778 2.41785e+24 2.40844e+21 6.71679e+07 81 26.4082 26 0.116318
779 1.54743e+26 1.53481e+23 5.36955e+08 87 27.7139 29 0.120564
780 2.36118e+21 5.43705e+18 1.34295e+08 71 25.8584 27 0.115812
781 1.9807e+28 2.0553e+25 2.68501e+08 94 26.2969 28 0.116131
782 1.20893e+24 1.19146e+21 5.36944e+08 80 26.8838 29 0.12002
783 9.90352e+27 9.67146e+24 1.34283e+08 93 26.1924 27 0.114931
784 3.86856e+25 4.42923e+22 5.36947e+08 85 28.2471 29 0.127024
785 9.67141e+24 1.19612e+22 2.14757e+09 83 30.2334 31 0.133222
786 1.51116e+23 2.84874e+20 2.14757e+09 77 30.4141 31 0.137976
787 7.73713e+25 8.62458e+22 8.59003e+09 86 31.3633 33 0.136803
788 3.09485e+26 3.24522e+23 1.07383e+09 88 30.71 30 0.141154
789 4.8357e+24 1.88282e+22 5.36959e+08 82 30.0488 29 0.136813
790 6.1897e+26 6.10518e+23 2.68509e+08 89 28.9443 28 0.129093
791 7.92282e+28 7.80004e+25 8.44359e+06 96 25.8379 23 0.126959
792 3.09485e+26 3.13609e+23 3.36144e+07 88 27.0371 25 0.122493
793 2.41785e+24 4.76088e+21 6.71791e+07 81 28.3916 26 0.132494
794 2.47588e+27 2.44479e+24 3.36173e+07 91 27.9688 25 0.128753
795 7.92282e+28 7.75638e+25 6.71724e+07 96 28.9199 26 0.128341
796 2.47588e+27 2.43974e+24 3.36117e+07 91 27.7852 25 0.126526
797 7.73713e+25 1.30433e+23 6.71705e+07 86 28.0293 26 0.123084
798 1.23794e+27 1.29802e+24 8.43746e+06 90 26.8242 23 0.121655
799 7.92282e+28 7.73828e+25 2.14433e+06 96 26.4102 21 0.118447
800 1.93428e+25 5.6366e+22 1.08548e+06 84 25.0547 20 0.10982
801 1.54743e+26 2.03003e+23 2.13553e+06 87 25.7236 21 0.120651
802 1.23794e+27 1.37576e+24 2.14069e+06 90 25.8398 21 0.117179
803 3.86856e+25 4.26965e+22 2.14572e+06 85 24.457 21 0.109522
804 7.92282e+28 1.54758e+26 35292.4 96 23.1055 14 0.107449
805 7.92282e+28 7.75528e+25 1.08859e+06 96 24.5371 20 0.108099
806 3.96141e+28 3.8766e+25 1.08937e+06 95 23.9043 20 0.11098
807 1.51116e+23 6.19465e+20 2.14242e+06 77 25.1992 21 0.109649
808 7.73713e+25 9.38079e+22 2.14044e+06 86 24.0459 21 0.108272
809 3.09485e+26 3.21919e+23 8.43781e+06 88 25.0479 23 0.115378
810 7.92282e+28 7.73756e+25 1.68318e+07 96 26.4961 24 0.118676
811 1.23794e+27 1.24357e+24 6.71732e+07 90 27.5195 26 0.125593
812 9.90352e+27 1.21323e+25 3.3608e+07 93 25.9014 25 0.121256
813 1.9807e+28 1.937e+25 1.68245e+07 94 24.8271 24 0.119281
814 9.90352e+27 9.67156e+24 4.23435e+06 93 22.5576 22 0.103541
815 7.92282e+28 7.74941e+25 2.13397e+06 96 22.5273 21 0.105968
816 1.54743e+26 2.3235e+23 558908 87 21.7871 19 0.105073
817 7.92282e+28 7.85884e+25 153875 96 20.6543 17 0.103109
818 9.90352e+27 1.0297e+25 555677 93 20.9795 19 0.0979232
819 2.47588e+27 4.89884e+24 560505 91 22.0918 19 0.10397
820 6.1897e+26 9.18999e+23 562951 89 21.542 19 0.0991978
821 4.95176e+27 5.32825e+24 8.44576e+06 92 24.3232 23 0.107875
822 7.92282e+28 8.04053e+25 2.14094e+06 96 22.1113 21 0.103874
823 6.1897e+26 6.17179e+23 8.4374e+06 89 23.2725 23 0.110121
824 7.92282e+28 1.548e+26 2.13596e+06 96 21.8955 21 0.102093
825 7.92282e+28 1.54747e+26 8.43205e+06 96 23.0039 23 0.109482
826 7.92282e+28 2.51462e+26 8.43074e+06 96 23.7656 23 0.110575
827 7.92282e+28 2.42089e+26 2.14168e+06 96 22.6494 21 0.109379
828 6.1897e+26 7.01178e+23 4.24454e+06 89 23.5957 22 0.1161
829 7.92282e+28 7.74026e+25 4.23637e+06 96 22.7373 22 0.110002
830 7.92282e+28 1.5721e+26 4.24546e+06 96 22.333 22 0.106471
831 4.95176e+27 7.82329e+24 8.43274e+06 92 24.2432 23 0.112252
832 3.86856e+25 5.33204e+22 1.68337e+07 85 23.9609 24 0.116785
833 7.92282e+28 8.24926e+25 3.36047e+07 96 25.7119 25 0.121147
834 7.92282e+28 7.92394e+25 292581 96 21.623 18 0.115728
835 7.73713e+25 1.06549e+23 2.13984e+06 86 22.2207 21 0.107056
836 1.54743e+26 2.36102e+23 559170 87 20.6709 19 0.0979986
837 1.9807e+28 1.99681e+25 4.23773e+06 94 22.75 22 0.111916
838 1.23794e+27 1.57105e+24 6.71769e+07 90 27.041 26 0.125278
839 9.90352e+27 9.84465e+24 4.22754e+06 93 23.1836 22 0.114224
840 2.47588e+27 4.42119e+24 2.13933e+06 91 23.5361 21 0.112162
841 7.92282e+28 2.32272e+26 4.24597e+06 96 24.5205 22 0.117247
842 7.92282e+28 7.73974e+25 1.68282e+07 96 24.3369 24 0.116969
843 1.9807e+28 1.93458e+25 560505 94 21.1533 19 0.104872
844 1.9807e+28 1.94223e+25 4.23051e+06 94 23.7061 22 0.111322
845 7.92282e+28 1.5509e+26 2.13795e+06 96 23.6201 21 0.115242
846 7.92282e+28 7.80897e+25 2.13101e+06 96 23.2207 21 0.114719
847 7.92282e+28 9.25212e+25 4.2418e+06 96 24.4463 22 0.116162
848 7.92282e+28 1.64538e+26 2.13414e+06 96 22.4453 21 0.113598
849 7.92282e+28 7.75639e+25 4.24006e+06 96 23.9131 22 0.117304
850 7.92282e+28 8.08145e+25 1.08868e+06 96 23.1738 20 0.115289
851 7.92282e+28 2.42119e+26 8.44326e+06 96 25.7188 23 0.120679
852 7.92282e+28 1.54957e+26 4.23951e+06 96 24.3955 22 0.118579
853 7.92282e+28 1.59832e+26 1.08799e+06 96 23.3057 20 0.112437
854 7.92282e+28 8.03707e+25 8.43916e+06 96 25.7656 23 0.12241
855 7.92282e+28 1.95692e+26 8.43149e+06 96 24.7568 23 0.116787
856 7.92282e+28 3.105e+26 1.08178e+06 96 22.0479 20 0.107701
857 7.92282e+28 2.17938e+26 290965 96 21.5596 18 0.103631
858 7.92282e+28 7.85854e+25 554984 96 21.7432 19 0.106689
859 7.92282e+28 3.66068e+26 4.2394e+06 96 24.21 22 0.118138
860 7.92282e+28 7.87534e+25 1.09342e+06 96 22.3506 20 0.113001
861 4.95176e+27 7.29243e+24 4.2347e+06 92 23.8418 22 0.110575
862 7.92282e+28 2.51543e+26 1.08343e+06 96 21.9805 20 0.105626
863 7.92282e+28 2.33019e+26 2.13548e+06 96 23.4648 21 0.110775
864 7.92282e+28 2.43065e+26 4.23778e+06 96 23.9697 22 0.1164
865 7.92282e+28 7.75142e+25 4.2394e+06 96 24.7461 22 0.121606
866 7.92282e+28 2.66704e+26 8.43957e+06 96 25.624 23 0.124414
867 7.92282e+28 3.96992e+26 4.23111e+06 96 23.5586 22 0.110594
868 7.92282e+28 1.5503e+26 2.13365e+06 96 22.6738 21 0.107802
869 7.92282e+28 1.64867e+26 4.23739e+06 96 24.0273 22 0.111624
870 7.92282e+28 3.271e+26 8.43704e+06 96 25.707 23 0.12002
871 7.92282e+28 1.57116e+26 4.23383e+06 96 23.9873 22 0.113221
872 7.92282e+28 1.5781e+26 4.24001e+06 96 24.0332 22 0.111084
873 7.92282e+28 1.55624e+26 4.23123e+06 96 24.1494 22 0.117309
874 1.23794e+27 3.74816e+24 2.1359e+06 90 23.4648 21 0.11135
875 7.92282e+28 8.10243e+25 4.23918e+06 96 23.5498 22 0.110492
876 1.23794e+27 1.92617e+24 4.24137e+06 90 24.0186 22 0.112494
877 7.92282e+28 3.1557e+26 2.13897e+06 96 23.1582 21 0.112576
878 7.92282e+28 2.42771e+26 2.12944e+06 96 22.2139 21 0.105005
879 7.92282e+28 3.10107e+26 4.23654e+06 96 23.0771 22 0.117613
880 7.92282e+28 1.93437e+26 556454 96 20.5947 19 0.097201
881 7.92282e+28 1.57112e+26 1.08653e+06 96 21.5693 20 0.101766
882 7.92282e+28 1.77377e+26 4.22931e+06 96 22.9121 22 0.11592
883 7.92282e+28 1.59914e+26 1.09058e+06 96 22.542 20 0.105287
884 7.92282e+28 8.80053e+25 287428 96 21.2744 18 0.106255
885 7.92282e+28 2.78325e+26 4.2384e+06 96 24.3486 22 0.118237
886 7.92282e+28 3.37765e+26 2.13743e+06 96 23.8213 21 0.118365
887 7.92282e+28 2.73838e+26 3.36145e+07 96 26.8867 25 0.130633
888 7.92282e+28 5.93829e+26 8.44214e+06 96 25.126 23 0.120987
889 7.92282e+28 2.66019e+26 4.23395e+06 96 25.2744 22 0.125929
890 7.92282e+28 2.4274e+26 1.08808e+06 96 23.5254 20 0.11701
891 7.92282e+28 2.64185e+26 4.23522e+06 96 24.5938 22 0.133449
892 7.92282e+28 1.68461e+26 4.23968e+06 96 24.7725 22 0.123063
893 7.92282e+28 3.12412e+26 3.36088e+07 96 26.5713 25 0.136813
894 7.92282e+28 2.48594e+26 4.24265e+06 96 24.1318 22 0.122098
895 7.92282e+28 1.22215e+26 8.43421e+06 96 24.8213 23 0.131448
896 7.92282e+28 1.55603e+26 3.36083e+07 96 25.1377 25 0.139003
897 7.92282e+28 2.48503e+26 1.68313e+07 96 26.7002 24 0.133045
898 7.92282e+28 6.94126e+26 1.68308e+07 96 26.4375 24 0.128946
899 7.92282e+28 3.19431e+26 1.68266e+07 96 25.6182 24 0.123824
900 7.92282e+28 1.58403e+26 4.24505e+06 96 24.5742 22 0.119771
901 7.92282e+28 5.09507e+26 1.68319e+07 96 26.5928 24 0.132493
902 7.92282e+28 6.38961e+26 8.43922e+06 96 26.4512 23 0.137006
903 7.92282e+28 3.87831e+26 1.68286e+07 96 25.6904 24 0.128103
904 7.92282e+28 3.99681e+26 2.13841e+06 96 24.415 21 0.122037
905 1.58456e+29 7.44915e+26 1.08504e+06 97 23.0244 20 0.117947
906 7.92282e+28 5.62854e+26 4.24115e+06 96 24.9639 22 0.125371
907 7.92282e+28 2.53764e+26 2.14153e+06 96 25.0977 21 0.128573
908 7.92282e+28 4.55645e+26 3.36184e+07 96 28.7344 25 0.140607
909 7.92282e+28 4.98144e+26 4.23424e+06 96 25.5273 22 0.13227
910 7.92282e+28 2.60613e+26 6.71636e+07 96 27.5566 26 0.13249
911 7.92282e+28 3.69718e+26 8.44169e+06 96 26.1768 23 0.132443
912 7.92282e+28 5.71264e+26 6.71603e+07 96 27.5654 26 0.13703
913 7.92282e+28 7.83351e+25 3.35992e+07 96 26.5205 25 0.137466
914 7.92282e+28 5.43492e+26 2.68505e+08 96 28.6514 28 0.137824
915 7.92282e+28 2.93634e+26 3.36029e+07 96 26.3643 25 0.129624
916 7.92282e+28 2.33817e+26 3.36163e+07 96 26.9932 25 0.128579
917 7.92282e+28 1.59658e+26 4.24028e+06 96 24.8516 22 0.122979
918 7.92282e+28 2.58591e+26 8.42948e+06 96 25.6582 23 0.135862
919 7.92282e+28 3.32293e+26 1.68207e+07 96 26.5068 24 0.12755
920 7.92282e+28 5.78104e+26 6.71649e+07 96 27.5381 26 0.135195
921 7.92282e+28 1.58447e+26 4.24329e+06 96 25.3877 22 0.125663
922 7.92282e+28 4.6919e+26 6.71652e+07 96 27.457 26 0.143574
923 7.92282e+28 1.69894e+26 1.68278e+07 96 25.6279 24 0.132285
924 7.92282e+28 1.05874e+26 1.08748e+06 96 23.6875 20 0.121869
925 7.92282e+28 7.31351e+26 1.34286e+08 96 29.9775 27 0.142373
926 7.92282e+28 5.46009e+26 3.36156e+07 96 27.3398 25 0.135891
927 7.92282e+28 3.16764e+26 6.71762e+07 96 27.8701 26 0.144042
928 7.92282e+28 2.76588e+26 1.68297e+07 96 26.1641 24 0.132542
929 7.92282e+28 5.65327e+26 6.71667e+07 96 27.6064 26 0.135697
930 7.92282e+28 4.09385e+26 1.34279e+08 96 28.6016 27 0.139898
931 7.92282e+28 4.14262e+26 6.71756e+07 96 28.8584 26 0.143674
932 7.92282e+28 9.02135e+26 2.68502e+08 96 30.1553 28 0.148757
933 7.92282e+28 8.71168e+26 6.7164e+07 96 29.002 26 0.14279
934 7.92282e+28 5.77683e+26 6.71644e+07 96 27.5791 26 0.140943
935 7.92282e+28 3.0309e+26 6.71731e+07 96 27.7627 26 0.134707
936 7.92282e+28 9.12344e+26 6.71687e+07 96 28.7783 26 0.142135
937 7.92282e+28 8.77208e+26 2.68497e+08 96 28.752 28 0.140173
938 7.92282e+28 3.17181e+26 6.71654e+07 96 27.3594 26 0.136942
939 7.92282e+28 6.24357e+26 1.34288e+08 96 29.4561 27 0.144854
940 7.92282e+28 1.15497e+26 1.34293e+08 96 29.0049 27 0.141108
941 7.92282e+28 3.4183e+26 1.68375e+07 96 26.9854 24 0.133611
942 7.92282e+28 4.0311e+26 1.68337e+07 96 26.3145 24 0.132085
943 7.92282e+28 7.11529e+26 6.7161e+07 96 28.7998 26 0.14211
944 7.92282e+28 5.74988e+26 3.36128e+07 96 28.9365 25 0.146625
945 7.92282e+28 9.47883e+26 6.71721e+07 96 28.916 26 0.147028
946 7.92282e+28 5.58886e+26 6.71632e+07 96 28.0381 26 0.146991
947 7.92282e+28 5.24747e+26 3.36091e+07 96 27.6152 25 0.136297
948 7.92282e+28 4.40517e+26 1.68373e+07 96 27.8662 24 0.140333
949 7.92282e+28 2.80224e+26 3.36166e+07 96 27.5703 25 0.142705
950 7.92282e+28 6.52195e+26 6.71672e+07 96 29.4795 26 0.14341
951 7.92282e+28 6.58409e+26 1.6822e+07 96 27.293 24 0.136973
952 7.92282e+28 7.29696e+26 1.68328e+07 96 27.8418 24 0.14325
953 7.92282e+28 7.53306e+26 6.71724e+07 96 28.8799 26 0.149977
954 7.92282e+28 6.53069e+26 1.34277e+08 96 29.3545 27 0.146623
955 7.92282e+28 4.69982e+26 6.71691e+07 96 28.0117 26 0.142459
956 7.92282e+28 1.1295e+27 6.71754e+07 96 30.1064 26 0.149478
957 7.92282e+28 5.48789e+26 6.71735e+07 96 28.6572 26 0.144872
958 7.92282e+28 9.6047e+26 6.71783e+07 96 29.3037 26 0.14665
959 7.92282e+28 4.07776e+26 6.7164e+07 96 28.0908 26 0.139874
960 7.92282e+28 7.21434e+26 8.43384e+06 96 26.6221 23 0.132752
961 7.92282e+28 5.66897e+26 3.3614e+07 96 27.9756 25 0.145823
962 7.92282e+28 4.11364e+26 6.717e+07 96 28.7236 26 0.159044
963 7.92282e+28 4.02931e+26 3.3609e+07 96 26.9424 25 0.135375
964 7.92282e+28 5.659e+26 8.4303e+06 96 26.1133 23 0.132458
965 7.92282e+28 6.6152e+26 6.7175e+07 96 29.4512 26 0.144471
966 7.92282e+28 5.52043e+26 3.36125e+07 96 27.9141 25 0.140963
967 7.92282e+28 6.7863e+26 6.71649e+07 96 29.4111 26 0.142332
968 7.92282e+28 4.05323e+26 8.43627e+06 96 26.3662 23 0.128277
969 7.92282e+28 4.75905e+26 1.68159e+07 96 26.2236 24 0.127787
970 7.92282e+28 9.62139e+26 3.36029e+07 96 27.6865 25 0.134821
971 7.92282e+28 7.87282e+26 3.36193e+07 96 28.376 25 0.138884
972 7.92282e+28 6.51208e+26 6.71734e+07 96 29.8398 26 0.145343
973 7.92282e+28 6.19034e+26 3.36079e+07 96 27.4258 25 0.139771
974 7.92282e+28 4.73588e+26 3.36032e+07 96 27.4795 25 0.145747
975 7.92282e+28 7.76807e+26 1.68259e+07 96 27.2715 24 0.141827
976 7.92282e+28 8.79606e+26 3.36083e+07 96 28.5625 25 0.144238
977 7.92282e+28 8.87551e+26 3.36107e+07 96 28.3828 25 0.139585
978 7.92282e+28 9.11989e+26 3.36098e+07 96 29.1533 25 0.152834
979 7.92282e+28 6.3847e+26 3.36129e+07 96 27.4941 25 0.143476
980 7.92282e+28 8.98603e+26 3.36135e+07 96 27.3779 25 0.136717
981 7.92282e+28 1.36609e+27 3.3607e+07 96 28.3828 25 0.146727
982 7.92282e+28 1.02133e+27 3.36118e+07 96 29.1475 25 0.148256
983 7.92282e+28 1.25091e+27 6.71614e+07 96 28.5693 26 0.141456
984 7.92282e+28 1.11209e+27 3.36102e+07 96 28.1719 25 0.140091
985 7.92282e+28 8.69773e+26 1.68324e+07 96 28.0195 24 0.143501
986 7.92282e+28 6.31722e+26 1.68275e+07 96 28.0391 24 0.142145
987 7.92282e+28 1.18998e+27 8.4432e+06 96 27.5215 23 0.138406
988 7.92282e+28 1.02679e+27 3.36046e+07 96 28.4502 25 0.141621
989 7.92282e+28 1.40306e+27 3.36067e+07 96 27.8721 25 0.143059
990 7.92282e+28 1.46987e+27 3.36083e+07 96 27.917 25 0.140329
991 7.92282e+28 1.57799e+27 1.68261e+07 96 27.5996 24 0.139695
992 7.92282e+28 6.71403e+26 1.6831e+07 96 27.3193 24 0.136968
993 7.92282e+28 1.26148e+27 3.36085e+07 96 28.6221 25 0.142127
994 7.92282e+28 8.86365e+26 1.68349e+07 96 28.123 24 0.145183
995 7.92282e+28 2.02111e+27 1.68257e+07 96 29.1289 24 0.157182
996 7.92282e+28 6.37986e+26 6.71636e+07 96 29.3691 26 0.147677
997 7.92282e+28 1.4201e+27 8.43704e+06 96 28.8477 23 0.145296
998 7.92282e+28 9.99185e+26 3.36104e+07 96 28.791 25 0.148266
999 7.92282e+28 1.1227e+27 1.68316e+07 96 28.4346 24 0.141393
1000 7.92282e+28 1.57875e+27 1.68201e+07 96 28.7773 24 0.149227
1001 7.92282e+28 1.23478e+27 6.71639e+07 96 29.9453 26 0.157383
1002 7.92282e+28 1.25905e+27 6.71622e+07 96 29.5938 26 0.144835
1003 7.92282e+28 1.45048e+27 3.36109e+07 96 29.9219 25 0.147913
1004 7.92282e+28 1.61179e+27 1.34292e+08 96 31.6797 27 0.159824
1005 7.92282e+28 1.9619e+27 2.68504e+08 96 32.4238 28 0.163368
1006 7.92282e+28 2.54819e+27 2.68514e+08 96 32.1943 28 0.159976
1007 7.92282e+28 1.60057e+27 1.34276e+08 96 31.8076 27 0.158271
1008 7.92282e+28 2.11133e+27 6.71781e+07 96 31.4248 26 0.159513
1009 7.92282e+28 2.14761e+27 6.71774e+07 96 31.1973 26 0.15411
1010 7.92282e+28 1.59061e+27 1.34281e+08 96 31.0889 27 0.153704
1011 7.92282e+28 2.10643e+27 1.34275e+08 96 31.7568 27 0.159871
1012 7.92282e+28 1.64642e+27 1.34283e+08 96 31.3838 27 0.159724
1013 7.92282e+28 1.40963e+27 1.34294e+08 96 31.4688 27 0.157913
1014 7.92282e+28 1.50982e+27 5.36936e+08 96 33.4258 29 0.187322
1015 7.92282e+28 2.49044e+27 6.71665e+07 96 30.7646 26 0.163953
1016 7.92282e+28 2.31896e+27 1.34279e+08 96 31.998 27 0.162008
1017 7.92282e+28 1.74482e+27 6.71654e+07 96 30.9316 26 0.159784
1018 7.92282e+28 2.38013e+27 1.07382e+09 96 33.6367 30 0.172792
1019 7.92282e+28 1.29672e+27 1.34275e+08 96 31.1279 27 0.155876
1020 7.92282e+28 1.27914e+27 2.68508e+08 96 32.1152 28 0.163503
1021 7.92282e+28 1.61489e+27 6.71767e+07 96 30.335 26 0.156694
1022 7.92282e+28 1.84491e+27 2.68498e+08 96 31.8564 28 0.159178
1023 7.92282e+28 2.11161e+27 2.68498e+08 96 32.1621 28 0.162558
1024 7.92282e+28 2.21639e+27 1.07382e+09 96 34.3848 30 0.172856
1025 7.92282e+28 1.90014e+27 5.36929e+08 96 33.2637 29 0.169164
1026 7.92282e+28 2.48164e+27 1.34276e+08 96 32.1895 27 0.159658
1027 7.92282e+28 2.05852e+27 1.34279e+08 96 31.6875 27 0.159868
1028 7.92282e+28 2.60876e+27 2.68508e+08 96 33.2705 28 0.166745
1029 7.92282e+28 1.96427e+27 6.71668e+07 96 30.7803 26 0.157233
1030 7.92282e+28 2.37091e+27 2.68498e+08 96 33.2793 28 0.17153
1031 7.92282e+28 1.70009e+27 1.34285e+08 96 33.2256 27 0.17281
1032 7.92282e+28 1.8528e+27 1.34279e+08 96 30.9014 27 0.155496
1033 7.92282e+28 1.73538e+27 5.36939e+08 96 31.8828 29 0.163133
1034 7.92282e+28 2.62626e+27 2.14757e+09 96 34.4648 31 0.17006
1035 7.92282e+28 1.91356e+27 1.07382e+09 96 33.3379 30 0.16651
1036 7.92282e+28 1.47628e+27 2.68514e+08 96 32.8135 28 0.164245
1037 7.92282e+28 2.08684e+27 1.07382e+09 96 34.0303 30 0.177203
1038 7.92282e+28 2.62346e+27 1.34277e+08 96 32.457 27 0.165839
1039 7.92282e+28 1.53446e+27 1.34271e+08 96 31.6631 27 0.163492
1040 7.92282e+28 2.52363e+27 1.34283e+08 96 32.5898 27 0.170702
1041 7.92282e+28 2.3191e+27 1.34278e+08 96 31.9561 27 0.169639
1042 7.92282e+28 2.52264e+27 5.36934e+08 96 33.5664 29 0.176339
1043 7.92282e+28 1.90098e+27 2.68516e+08 96 33.1445 28 0.165378
1044 7.92282e+28 1.79656e+27 2.68494e+08 96 31.1953 28 0.15977
1045 7.92282e+28 2.44988e+27 1.34284e+08 96 32.2949 27 0.172905
1046 7.92282e+28 2.26635e+27 6.71697e+07 96 31.9912 26 0.165041
1047 7.92282e+28 1.88341e+27 6.71714e+07 96 31.6299 26 0.161824
1048 7.92282e+28 2.49959e+27 1.34293e+08 96 32.3652 27 0.161231
1049 7.92282e+28 2.08952e+27 5.36933e+08 96 33.3213 29 0.171836
1050 7.92282e+28 1.88257e+27 2.68504e+08 96 32.5449 28 0.166767
1051 7.92282e+28 1.5989e+27 6.71778e+07 96 30.8516 26 0.16227
1052 7.92282e+28 2.22262e+27 2.68496e+08 96 32.4395 28 0.165004
1053 7.92282e+28 1.91226e+27 6.71681e+07 96 31.4473 26 0.155351
1054 7.92282e+28 1.75445e+27 6.71681e+07 96 31.6016 26 0.160196
1055 7.92282e+28 1.9169e+27 6.71706e+07 96 30.7246 26 0.159993
1056 7.92282e+28 2.50141e+27 1.34275e+08 96 31.167 27 0.15879
1057 7.92282e+28 1.61435e+27 6.71631e+07 96 31.0059 26 0.159122
1058 7.92282e+28 1.81477e+27 5.3695e+08 96 33.083 29 0.169252
1059 7.92282e+28 2.88218e+27 5.36938e+08 96 32.8604 29 0.162651
1060 7.92282e+28 2.37141e+27 1.34276e+08 96 31.3125 27 0.156093
1061 7.92282e+28 1.74443e+27 2.68513e+08 96 32.0273 28 0.157334
1062 7.92282e+28 2.13676e+27 6.7174e+07 96 30.9043 26 0.154823
1063 7.92282e+28 2.06623e+27 1.34282e+08 96 32.2598 27 0.163106
1064 7.92282e+28 2.70567e+27 2.68505e+08 96 32.4014 28 0.163288
1065 1.58456e+29 3.0226e+27 6.71719e+07 97 31.79 26 0.164378
1066 7.92282e+28 1.75733e+27 3.36108e+07 96 30.5664 25 0.158547
1067 7.92282e+28 2.32224e+27 1.3428e+08 96 32.2939 27 0.170014
1068 7.92282e+28 1.9092e+27 1.34272e+08 96 31.1689 27 0.157787
1069 7.92282e+28 1.87153e+27 1.3429e+08 96 31.9766 27 0.161562
1070 7.92282e+28 2.88941e+27 2.68502e+08 96 32.2373 28 0.166854
1071 7.92282e+28 1.53963e+27 1.34276e+08 96 30.082 27 0.154202
1072 7.92282e+28 1.74656e+27 1.34294e+08 96 32.3633 27 0.169822
1073 7.92282e+28 1.44419e+27 1.34272e+08 96 30.9102 27 0.163045
1074 7.92282e+28 2.19306e+27 6.71698e+07 96 31.9014 26 0.156925
1075 7.92282e+28 2.15517e+27 2.68499e+08 96 32.0195 28 0.185468
1076 7.92282e+28 3.04502e+27 2.68501e+08 96 33.123 28 0.174025
1077 7.92282e+28 2.949e+27 5.36955e+08 96 33.8506 29 0.167834
1078 7.92282e+28 2.48824e+27 1.34288e+08 96 32.165 27 0.173766
1079 7.92282e+28 2.00806e+27 6.71683e+07 96 30.208 26 0.154085
1080 7.92282e+28 1.73483e+27 6.71734e+07 96 30.791 26 0.160252
1081 7.92282e+28 1.91054e+27 2.68508e+08 96 32.1387 28 0.163271
1082 7.92282e+28 2.54267e+27 1.34266e+08 96 31.1758 27 0.159546
1083 7.92282e+28 2.52777e+27 5.36925e+08 96 32.041 29 0.162386
1084 7.92282e+28 2.08267e+27 1.34281e+08 96 31.2617 27 0.157735
1085 7.92282e+28 2.06012e+27 1.34271e+08 96 31.1494 27 0.160911
1086 7.92282e+28 2.38634e+27 2.68501e+08 96 31.8984 28 0.157395
1087 7.92282e+28 2.57404e+27 1.34282e+08 96 31.9912 27 0.168736
1088 7.92282e+28 2.40909e+27 2.68503e+08 96 32.3965 28 0.160798
1089 7.92282e+28 2.51218e+27 2.68498e+08 96 31.6895 28 0.158558
1090 7.92282e+28 2.14255e+27 3.36232e+07 96 31.4434 25 0.165302
1091 7.92282e+28 1.82989e+27 2.68506e+08 96 31.8896 28 0.161798
1092 7.92282e+28 2.33892e+27 3.36108e+07 96 30.332 25 0.153228
1093 7.92282e+28 2.58376e+27 2.68507e+08 96 32.6201 28 0.160882
1094 7.92282e+28 2.06278e+27 5.36944e+08 96 32.2334 29 0.171537
1095 7.92282e+28 2.00229e+27 6.71707e+07 96 30.999 26 0.159453
1096 7.92282e+28 2.54798e+27 2.68502e+08 96 32.8926 28 0.172949
1097 7.92282e+28 1.87587e+27 6.71712e+07 96 31.3115 26 0.159741
1098 7.92282e+28 2.24105e+27 2.68498e+08 96 32.1055 28 0.162303
1099 7.92282e+28 2.14273e+27 3.3611e+07 96 31.3037 25 0.156879
1100 7.92282e+28 3.02255e+27 3.36132e+07 96 31.8027 25 0.166157
1101 7.92282e+28 1.93492e+27 2.6851e+08 96 32.498 28 0.164073
1102 7.92282e+28 2.70611e+27 5.36937e+08 96 32.6309 29 0.165904
1103 7.92282e+28 2.62406e+27 2.68497e+08 96 32.8154 28 0.168324
1104 7.92282e+28 3.234e+27 5.36942e+08 96 33.3838 29 0.168392
1105 7.92282e+28 2.14472e+27 5.36935e+08 96 33.2686 29 0.170743
1106 7.92282e+28 2.65396e+27 5.36944e+08 96 32.875 29 0.165573
1107 7.92282e+28 2.55924e+27 6.71763e+07 96 31.2266 26 0.15937
1108 7.92282e+28 3.32374e+27 1.34286e+08 96 33.2549 27 0.171126
1109 7.92282e+28 2.56604e+27 1.34287e+08 96 31.6523 27 0.160309
1110 7.92282e+28 2.91636e+27 1.0738e+09 96 33.1836 30 0.167664
1111 7.92282e+28 2.36203e+27 1.34271e+08 96 31.9033 27 0.167079
1112 7.92282e+28 2.4532e+27 1.34259e+08 96 31.3418 27 0.167802
1113 7.92282e+28 1.65414e+27 1.07381e+09 96 33.3477 30 0.172153
1114 7.92282e+28 1.44731e+27 5.36943e+08 96 32.8535 29 0.167314
1115 7.92282e+28 2.28268e+27 5.36939e+08 96 32.6689 29 0.164409
1116 7.92282e+28 2.43666e+27 5.36942e+08 96 32.4346 29 0.165807
1117 7.92282e+28 2.42317e+27 2.6851e+08 96 32.8838 28 0.169104
1118 7.92282e+28 2.35657e+27 2.68508e+08 96 32.459 28 0.166745
1119 7.92282e+28 2.33981e+27 1.07382e+09 96 33.3896 30 0.168684
1120 7.92282e+28 2.17199e+27 1.34289e+08 96 31.2275 27 0.158965
1121 7.92282e+28 2.95831e+27 1.07381e+09 96 33.1025 30 0.168467
1122 7.92282e+28 1.57526e+27 1.34281e+08 96 31.9492 27 0.175762
1123 7.92282e+28 2.10385e+27 5.36957e+08 96 33.6592 29 0.168631
1124 7.92282e+28 2.52283e+27 1.34274e+08 96 31.6787 27 0.160446
1125 3.16913e+29 3.09292e+27 5.36941e+08 98 33.0205 29 0.166087
1126 7.92282e+28 2.58853e+27 1.0738e+09 96 32.6016 30 0.167274
1127 7.92282e+28 2.81399e+27 5.36934e+08 96 33.4092 29 0.173126
1128 7.92282e+28 2.00696e+27 1.07382e+09 96 33.0195 30 0.16641
1129 7.92282e+28 2.75643e+27 1.0738e+09 96 33.6445 30 0.167979
1130 7.92282e+28 2.00211e+27 1.07382e+09 96 33.0303 30 0.168792
1131 7.92282e+28 2.76477e+27 2.68507e+08 96 33.7764 28 0.178026
1132 7.92282e+28 3.06551e+27 1.07383e+09 96 34.0703 30 0.17593
1133 7.92282e+28 3.16631e+27 1.07382e+09 96 34.375 30 0.172308
1134 7.92282e+28 2.81887e+27 4.29505e+09 96 34.6113 32 0.174454
1135 3.16913e+29 3.34333e+27 1.07382e+09 98 34.0674 30 0.175418
1136 7.92282e+28 2.78615e+27 1.0738e+09 96 34.2471 30 0.17099
1137 7.92282e+28 1.99574e+27 5.36938e+08 96 32.9385 29 0.16933
1138 7.92282e+28 3.35937e+27 5.36954e+08 96 34.2598 29 0.170093
1139 7.92282e+28 2.93506e+27 5.36951e+08 96 33.2988 29 0.184024
1140 7.92282e+28 3.06074e+27 1.34285e+08 96 32.6553 27 0.177067
1141 7.92282e+28 2.90344e+27 6.71773e+07 96 31.8721 26 0.168482
1142 7.92282e+28 3.98102e+27 5.36939e+08 96 33.9668 29 0.17388
1143 7.92282e+28 3.09257e+27 2.68499e+08 96 32.543 28 0.164256
1144 7.92282e+28 4.14118e+27 1.07381e+09 96 35.0078 30 0.180205
1145 7.92282e+28 3.28534e+27 2.14757e+09 96 34.9805 31 0.18409
1146 7.92282e+28 2.19596e+27 5.36945e+08 96 32.2617 29 0.170646
1147 7.92282e+28 2.66462e+27 1.07381e+09 96 33.6592 30 0.171274
1148 7.92282e+28 3.164e+27 5.36941e+08 96 32.7227 29 0.164352
1149 7.92282e+28 2.37964e+27 1.07382e+09 96 33.2441 30 0.181881
1150 7.92282e+28 2.81528e+27 1.07383e+09 96 33.9668 30 0.169901
1151 7.92282e+28 2.91481e+27 5.36941e+08 96 33.1621 29 0.170474
1152 7.92282e+28 2.70348e+27 5.36956e+08 96 32.6875 29 0.16731
1153 7.92282e+28 2.11643e+27 5.36936e+08 96 33.0557 29 0.175383
1154 7.92282e+28 3.07101e+27 5.36939e+08 96 33.2764 29 0.171072
1155 7.92282e+28 2.37245e+27 2.6851e+08 96 32.3242 28 0.170441
1156 7.92282e+28 2.31498e+27 2.14756e+09 96 33.3262 31 0.172728
1157 7.92282e+28 1.90116e+27 5.36935e+08 96 32.249 29 0.169104
1158 7.92282e+28 2.80183e+27 5.36948e+08 96 33.2529 29 0.172464
1159 7.92282e+28 2.82728e+27 2.14755e+09 96 34.3301 31 0.175633
1160 7.92282e+28 2.60113e+27 1.07382e+09 96 33.2529 30 0.176855
1161 7.92282e+28 2.25749e+27 1.07381e+09 96 33.5918 30 0.172544
1162 7.92282e+28 3.39712e+27 1.07382e+09 96 33.6348 30 0.175425
1163 7.92282e+28 3.11682e+27 1.07381e+09 96 33.3398 30 0.17415
1164 7.92282e+28 3.05693e+27 1.07381e+09 96 33.8105 30 0.174899
1165 7.92282e+28 2.43309e+27 5.36941e+08 96 32.6836 29 0.164765
1166 7.92282e+28 2.98562e+27 2.14757e+09 96 34.0752 31 0.177877
1167 7.92282e+28 3.3971e+27 1.07383e+09 96 34.0645 30 0.175885
1168 7.92282e+28 2.64355e+27 1.07382e+09 96 33.6455 30 0.175252
1169 7.92282e+28 2.29863e+27 2.6851e+08 96 32.793 28 0.169947
1170 7.92282e+28 3.1018e+27 2.14756e+09 96 34.2783 31 0.173219
1171 7.92282e+28 3.28373e+27 4.29505e+09 96 35.2666 32 0.181615
1172 7.92282e+28 3.20536e+27 1.07381e+09 96 33.6289 30 0.171712
1173 7.92282e+28 3.59186e+27 6.71734e+07 96 32.4883 26 0.167817
1174 7.92282e+28 2.9501e+27 5.36929e+08 96 32.7227 29 0.169763
1175 7.92282e+28 3.47562e+27 1.07382e+09 96 33.4844 30 0.168822
1176 7.92282e+28 3.08761e+27 5.36941e+08 96 33.1914 29 0.172764
1177 7.92282e+28 2.32734e+27 5.36946e+08 96 32.9873 29 0.167929
1178 7.92282e+28 3.02339e+27 2.68513e+08 96 32.252 28 0.164711
1179 7.92282e+28 2.18397e+27 5.36944e+08 96 32.0381 29 0.172352
1180 7.92282e+28 2.30787e+27 2.68493e+08 96 31.6484 28 0.169171
1181 7.92282e+28 3.16808e+27 2.68507e+08 96 32.2402 28 0.167088
1182 7.92282e+28 2.26341e+27 6.71618e+07 96 31.2627 26 0.16257
1183 7.92282e+28 3.21621e+27 2.68511e+08 96 33.2607 28 0.170799
1184 7.92282e+28 3.1197e+27 2.68512e+08 96 32.8779 28 0.167247
1185 7.92282e+28 2.01423e+27 1.07381e+09 96 31.9873 30 0.160164
1186 7.92282e+28 2.38779e+27 1.34291e+08 96 31.4307 27 0.165743
1187 7.92282e+28 2.14594e+27 2.68503e+08 96 32.5723 28 0.174998
1188 7.92282e+28 2.6402e+27 5.36936e+08 96 32.8184 29 0.182813
1189 7.92282e+28 2.78006e+27 5.3694e+08 96 32.834 29 0.182289
1190 7.92282e+28 2.95334e+27 6.71756e+07 96 31.8672 26 0.172361
1191 7.92282e+28 2.25859e+27 2.6851e+08 96 31.7061 28 0.165864
1192 7.92282e+28 2.23378e+27 5.36936e+08 96 32.6445 29 0.183481
1193 7.92282e+28 2.38893e+27 1.68321e+07 96 30.1514 24 0.153879
1194 7.92282e+28 2.19559e+27 2.68498e+08 96 31.1982 28 0.160691
1195 7.92282e+28 2.38767e+27 2.68494e+08 96 31.6934 28 0.165989
1196 7.92282e+28 2.60752e+27 5.36938e+08 96 32.1748 29 0.175863
1197 7.92282e+28 2.99273e+27 2.68508e+08 96 32.2803 28 0.171236
1198 7.92282e+28 3.35162e+27 2.68498e+08 96 32.7227 28 0.173107
1199 7.92282e+28 3.13945e+27 1.34288e+08 96 31.8027 27 0.168238
1200 7.92282e+28 3.31756e+27 1.07381e+09 96 33.8311 30 0.174911
1201 7.92282e+28 3.27981e+27 2.68508e+08 96 32.2256 28 0.172385
1202 7.92282e+28 3.11829e+27 5.36945e+08 96 33.7344 29 0.179617
1203 7.92282e+28 4.18961e+27 1.34281e+08 96 32.7529 27 0.166996
1204 7.92282e+28 2.58381e+27 5.36944e+08 96 32.7158 29 0.166253
1205 7.92282e+28 2.16103e+27 5.36953e+08 96 32.8857 29 0.181862
1206 7.92282e+28 2.73305e+27 1.34278e+08 96 31.7041 27 0.169464
1207 1.58456e+29 2.79317e+27 2.68502e+08 97 32.8184 28 0.167961
1208 7.92282e+28 2.94811e+27 1.07381e+09 96 33.5303 30 0.167019
1209 7.92282e+28 4.0472e+27 1.07383e+09 96 33.7129 30 0.181875
1210 7.92282e+28 3.16378e+27 5.36947e+08 96 33.0273 29 0.168766
1211 7.92282e+28 2.46199e+27 2.14757e+09 96 33.6807 31 0.172031
1212 3.16913e+29 3.00569e+27 1.07382e+09 98 33.6729 30 0.174427
1213 7.92282e+28 3.1015e+27 5.36952e+08 96 33.8066 29 0.172625
1214 7.92282e+28 2.49158e+27 1.0738e+09 96 32.3525 30 0.172039
1215 7.92282e+28 2.98846e+27 2.68483e+08 96 32.1289 28 0.167146
1216 7.92282e+28 2.98278e+27 2.68496e+08 96 32.1689 28 0.165184
1217 7.92282e+28 2.52344e+27 2.68499e+08 96 32.3525 28 0.16642
1218 7.92282e+28 2.60025e+27 1.34279e+08 96 31.3203 27 0.158993
1219 7.92282e+28 3.01784e+27 2.68499e+08 96 31.8096 28 0.161242
1220 7.92282e+28 2.56053e+27 2.68516e+08 96 33.168 28 0.177449
1221 7.92282e+28 3.05598e+27 1.07382e+09 96 33.1328 30 0.173285
1222 7.92282e+28 2.92592e+27 5.36935e+08 96 31.9395 29 0.173322
1223 7.92282e+28 2.97939e+27 2.68511e+08 96 32.1855 28 0.165803
1224 7.92282e+28 2.23201e+27 5.36954e+08 96 33.0576 29 0.179276
1225 7.92282e+28 3.79929e+27 5.36943e+08 96 33.2793 29 0.168905
1226 7.92282e+28 2.47743e+27 5.36942e+08 96 32.5381 29 0.166344
1227 7.92282e+28 2.29014e+27 3.36065e+07 96 30.3066 25 0.159807
1228 7.92282e+28 2.6283e+27 6.7172e+07 96 31.2617 26 0.165548
1229 7.92282e+28 3.61761e+27 1.34276e+08 96 31.1709 27 0.163818
1230 7.92282e+28 2.54037e+27 5.36942e+08 96 32.0225 29 0.161392
1231 7.92282e+28 2.89312e+27 2.68493e+08 96 31.8223 28 0.158096
1232 7.92282e+28 2.66573e+27 3.36117e+07 96 29.3711 25 0.16484
1233 7.92282e+28 2.82064e+27 1.34284e+08 96 31.1182 27 0.157582
1234 7.92282e+28 3.1003e+27 2.68504e+08 96 32.6562 28 0.178494
1235 7.92282e+28 3.15792e+27 1.34287e+08 96 31.8418 27 0.168515
1236 7.92282e+28 3.43153e+27 2.68508e+08 96 32.459 28 0.168046
1237 7.92282e+28 2.25533e+27 1.34294e+08 96 31.9365 27 0.165702
1238 7.92282e+28 3.11315e+27 2.68504e+08 96 32.0293 28 0.163066
1239 7.92282e+28 3.0705e+27 5.36943e+08 96 32.7354 29 0.173981
1240 7.92282e+28 2.78144e+27 5.36944e+08 96 33.2217 29 0.171327
1241 7.92282e+28 2.60606e+27 1.34293e+08 96 32.4404 27 0.16867
1242 7.92282e+28 3.25742e+27 5.36947e+08 96 33.0918 29 0.168981
1243 7.92282e+28 2.83921e+27 1.07382e+09 96 33.4707 30 0.169841
1244 7.92282e+28 2.4925e+27 1.34284e+08 96 31.46 27 0.161239
1245 7.92282e+28 2.7826e+27 2.68504e+08 96 32.4502 28 0.165631
1246 7.92282e+28 2.96662e+27 5.36947e+08 96 33.0137 29 0.166116
1247 7.92282e+28 3.40717e+27 2.68501e+08 96 31.7793 28 0.164211
1248 7.92282e+28 3.12486e+27 1.34271e+08 96 31.5557 27 0.1607
1249 7.92282e+28 4.19487e+27 2.685e+08 96 32.4395 28 0.168213
1250 7.92282e+28 3.33016e+27 5.36942e+08 96 33.0479 29 0.168902
1251 7.92282e+28 2.72361e+27 5.36941e+08 96 32.665 29 0.165185
1252 7.92282e+28 3.59037e+27 1.07381e+09 96 33.9248 30 0.172951
1253 7.92282e+28 3.74014e+27 5.36951e+08 96 33.5371 29 0.1694
1254 7.92282e+28 3.77796e+27 2.14757e+09 96 35.2402 31 0.18168
1255 1.58456e+29 3.41798e+27 5.36949e+08 97 33.5254 29 0.176087
1256 7.92282e+28 3.07239e+27 5.36946e+08 96 33.1357 29 0.172551
1257 7.92282e+28 2.74411e+27 2.68508e+08 96 33.3896 28 0.174005
1258 7.92282e+28 3.42359e+27 1.07384e+09 96 34.3037 30 0.173839
1259 7.92282e+28 3.08261e+27 1.07381e+09 96 33.6504 30 0.174937
1260 7.92282e+28 4.58102e+27 1.07381e+09 96 33.9277 30 0.182014
1261 7.92282e+28 3.57087e+27 2.14757e+09 96 34.708 31 0.178489
1262 7.92282e+28 4.23123e+27 2.14757e+09 96 35.1309 31 0.179803
1263 7.92282e+28 4.33831e+27 1.07382e+09 96 34.1953 30 0.17871
1264 7.92282e+28 3.93468e+27 4.29505e+09 96 35.252 32 0.181657
1265 7.92282e+28 4.30619e+27 2.14755e+09 96 35.9932 31 0.178107
1266 7.92282e+28 3.75036e+27 1.07381e+09 96 34.3027 30 0.178019
1267 7.92282e+28 3.7996e+27 1.0738e+09 96 34.4521 30 0.17918
1268 7.92282e+28 4.19856e+27 2.14756e+09 96 35.4482 31 0.174077
1269 7.92282e+28 4.04701e+27 2.14757e+09 96 35.1221 31 0.186648
1270 7.92282e+28 4.51178e+27 2.14757e+09 96 35.2617 31 0.180699
1271 7.92282e+28 3.89401e+27 2.14755e+09 96 35.0234 31 0.180796
1272 7.92282e+28 4.31089e+27 2.14756e+09 96 34.9854 31 0.176898
1273 1.58456e+29 4.41008e+27 1.07382e+09 97 34.4531 30 0.182786
1274 7.92282e+28 3.76033e+27 2.68507e+08 96 33.5801 28 0.169384
1275 3.16913e+29 4.13208e+27 1.07382e+09 98 34.4951 30 0.174566
1276 7.92282e+28 4.70539e+27 4.29506e+09 96 35.3633 32 0.183799
1277 3.16913e+29 4.33903e+27 1.07383e+09 98 34.5596 30 0.177933
1278 7.92282e+28 3.74372e+27 2.14757e+09 96 34.7168 31 0.181462
1279 3.16913e+29 4.156e+27 2.14756e+09 98 35.0967 31 0.179268
1280 7.92282e+28 4.65425e+27 2.14757e+09 96 35.2979 31 0.178145
1281 3.16913e+29 4.47447e+27 2.14757e+09 98 34.8184 31 0.178314
1282 7.92282e+28 4.3603e+27 2.14757e+09 96 34.7168 31 0.179862
1283 7.92282e+28 4.1513e+27 2.14758e+09 96 35.2754 31 0.17472
1284 7.92282e+28 4.42088e+27 2.14757e+09 96 35.6934 31 0.190094
1285 7.92282e+28 4.23561e+27 8.59e+09 96 35.5498 33 0.179544
1286 7.92282e+28 3.15986e+27 1.07382e+09 96 34.4492 30 0.175568
1287 7.92282e+28 4.10074e+27 1.07381e+09 96 34.8125 30 0.18428
1288 7.92282e+28 4.36781e+27 2.14756e+09 96 34.9268 31 0.177161
1289 7.92282e+28 4.20633e+27 2.68501e+08 96 33.1748 28 0.168927
1290 7.92282e+28 4.04886e+27 5.36947e+08 96 34.7607 29 0.176377
1291 7.92282e+28 3.72389e+27 1.07381e+09 96 34.9893 30 0.180356
1292 7.92282e+28 3.4143e+27 2.14756e+09 96 34.4307 31 0.170661
1293 7.92282e+28 3.44999e+27 5.36951e+08 96 33.502 29 0.171537
1294 7.92282e+28 3.92644e+27 5.36947e+08 96 33.9609 29 0.17525
1295 7.92282e+28 3.45777e+27 5.36951e+08 96 33.9531 29 0.172456
1296 3.16913e+29 4.0622e+27 1.07382e+09 98 33.9834 30 0.178308
1297 7.92282e+28 3.5859e+27 1.07383e+09 96 34.2822 30 0.181597
1298 7.92282e+28 4.06966e+27 1.07382e+09 96 34.5977 30 0.178908
1299 7.92282e+28 3.33047e+27 2.68507e+08 96 33.1826 28 0.170671
1300 7.92282e+28 3.51043e+27 2.68507e+08 96 33.1689 28 0.171299
1301 7.92282e+28 3.80847e+27 1.07381e+09 96 34.3623 30 0.171789
1302 7.92282e+28 3.79571e+27 1.07381e+09 96 34.5703 30 0.176173
1303 7.92282e+28 2.99861e+27 2.68515e+08 96 32.9443 28 0.166806
1304 7.92282e+28 4.5456e+27 5.36944e+08 96 34.1162 29 0.176286
1305 7.92282e+28 4.10614e+27 5.36939e+08 96 34.3545 29 0.171292
1306 7.92282e+28 3.01417e+27 5.36943e+08 96 33.1953 29 0.171236
1307 7.92282e+28 3.68385e+27 5.36949e+08 96 33.5801 29 0.168819
1308 7.92282e+28 3.56444e+27 2.68509e+08 96 32.0742 28 0.163618
1309 7.92282e+28 3.09576e+27 1.07381e+09 96 33.9551 30 0.173253
1310 7.92282e+28 2.8112e+27 5.36943e+08 96 33.5166 29 0.168959
1311 7.92282e+28 4.11578e+27 2.14756e+09 96 34.4834 31 0.174416
1312 1.58456e+29 5.0872e+27 4.29506e+09 97 36.5371 32 0.18258
1313 7.92282e+28 4.45408e+27 2.68517e+08 96 34.4717 28 0.182192
1314 7.92282e+28 4.5738e+27 2.14756e+09 96 35.1152 31 0.175015
1315 7.92282e+28 3.15562e+27 2.6851e+08 96 33.3408 28 0.173452
1316 7.92282e+28 4.46444e+27 2.14756e+09 96 35.0146 31 0.186128
1317 7.92282e+28 4.44306e+27 1.07381e+09 96 34.6299 30 0.184993
1318 7.92282e+28 3.59648e+27 1.07382e+09 96 34.4014 30 0.183351
1319 7.92282e+28 3.36941e+27 2.14756e+09 96 34.9707 31 0.179203
1320 7.92282e+28 3.21226e+27 4.29504e+09 96 35.123 32 0.175493
1321 7.92282e+28 3.45313e+27 1.07382e+09 96 34.4268 30 0.174538
1322 7.92282e+28 3.84735e+27 5.36949e+08 96 34.3525 29 0.178691
1323 7.92282e+28 4.74522e+27 2.14757e+09 96 36.1592 31 0.189725
1324 7.92282e+28 3.28415e+27 1.07381e+09 96 34.1826 30 0.173396
1325 7.92282e+28 3.78486e+27 1.07382e+09 96 34.6992 30 0.178368
1326 7.92282e+28 4.62742e+27 4.29505e+09 96 35.6494 32 0.186313
1327 7.92282e+28 3.87579e+27 1.07383e+09 96 35.3965 30 0.183148
1328 7.92282e+28 3.32381e+27 1.07382e+09 96 34.1289 30 0.175806
1329 7.92282e+28 4.20581e+27 2.14757e+09 96 35.1152 31 0.175434
1330 7.92282e+28 4.22442e+27 1.07382e+09 96 34.9854 30 0.178521
1331 7.92282e+28 4.37895e+27 5.36949e+08 96 35.1016 29 0.187518
1332 7.92282e+28 3.54438e+27 8.59001e+09 96 36.1133 33 0.184413
1333 7.92282e+28 3.44484e+27 1.07381e+09 96 34.6201 30 0.176721
1334 7.92282e+28 3.92117e+27 2.14757e+09 96 34.9414 31 0.174961
1335 7.92282e+28 3.38036e+27 1.07383e+09 96 34.6006 30 0.172543
1336 7.92282e+28 3.50528e+27 5.36951e+08 96 34.4043 29 0.181795
1337 7.92282e+28 4.47109e+27 2.14757e+09 96 35.1602 31 0.177425
1338 7.92282e+28 3.31237e+27 1.07382e+09 96 33.8623 30 0.16882
1339 7.92282e+28 3.43389e+27 1.07382e+09 96 34.8545 30 0.182604
1340 7.92282e+28 3.62888e+27 2.14758e+09 96 35.3643 31 0.18047
1341 1.58456e+29 3.08846e+27 4.29506e+09 97 35.8223 32 0.181934
1342 7.92282e+28 3.8726e+27 5.36941e+08 96 34.4824 29 0.182563
1343 7.92282e+28 3.07325e+27 1.07382e+09 96 34.7871 30 0.19542
1344 7.92282e+28 3.27383e+27 2.14757e+09 96 35.1533 31 0.17678
1345 3.16913e+29 3.99341e+27 2.14756e+09 98 34.9043 31 0.177794
1346 7.92282e+28 4.10419e+27 4.29506e+09 96 34.9414 32 0.183595
1347 7.92282e+28 4.71217e+27 4.29504e+09 96 36.2656 32 0.188959
1348 7.92282e+28 4.09146e+27 2.14757e+09 96 35.2627 31 0.178181
1349 7.92282e+28 4.33128e+27 4.29505e+09 96 36.5293 32 0.183477
1350 3.16913e+29 3.9201e+27 1.0738e+09 98 34.7246 30 0.18626
1351 7.92282e+28 4.13994e+27 1.07378e+09 96 34.7061 30 0.178961
1352 7.92282e+28 3.84799e+27 1.07381e+09 96 35.1641 30 0.180677
1353 7.92282e+28 3.68989e+27 2.14758e+09 96 36.4971 31 0.187211
1354 3.16913e+29 4.37165e+27 2.14757e+09 98 35.6211 31 0.18388
1355 7.92282e+28 4.38661e+27 2.14758e+09 96 36.4141 31 0.179086
1356 7.92282e+28 4.69018e+27 2.14757e+09 96 35.6035 31 0.184248
1357 7.92282e+28 4.02704e+27 1.07383e+09 96 35.1777 30 0.18384
1358 3.16913e+29 4.93907e+27 2.14757e+09 98 35.9238 31 0.184878
1359 7.92282e+28 3.7538e+27 4.29505e+09 96 35.5 32 0.176671
1360 7.92282e+28 3.92853e+27 2.14757e+09 96 35.5352 31 0.179712
1361 7.92282e+28 4.44492e+27 2.14757e+09 96 35.4502 31 0.179307
1362 7.92282e+28 3.17224e+27 2.14756e+09 96 35.7197 31 0.179107
1363 1.58456e+29 4.07113e+27 4.29504e+09 97 35.8623 32 0.182402
1364 7.92282e+28 4.72975e+27 8.59002e+09 96 36.4258 33 0.187236
1365 7.92282e+28 4.18197e+27 8.59003e+09 96 36.5459 33 0.184126
1366 7.92282e+28 4.26955e+27 8.59001e+09 96 37.0283 33 0.183717
1367 7.92282e+28 3.63533e+27 2.14758e+09 96 35.7783 31 0.179158
1368 7.92282e+28 4.00294e+27 1.718e+10 96 37.3447 34 0.189518
1369 7.92282e+28 3.99593e+27 4.29505e+09 96 36.1875 32 0.19328
1370 7.92282e+28 3.7666e+27 1.718e+10 96 37.0586 34 0.186784
1371 7.92282e+28 3.55723e+27 4.29505e+09 96 35.498 32 0.188287
1372 7.92282e+28 4.56386e+27 1.07382e+09 96 35.2646 30 0.174592
1373 7.92282e+28 3.72046e+27 5.36952e+08 96 34.9902 29 0.181431
1374 7.92282e+28 5.037e+27 2.14756e+09 96 36.2334 31 0.183082
1375 7.92282e+28 4.0772e+27 4.29504e+09 96 36.2109 32 0.180548
1376 7.92282e+28 4.61e+27 4.29505e+09 96 36.7793 32 0.188467
1377 7.92282e+28 3.86001e+27 2.14757e+09 96 35.5322 31 0.18102
1378 7.92282e+28 4.43863e+27 2.14755e+09 96 35.5537 31 0.183958
1379 7.92282e+28 3.64512e+27 2.14756e+09 96 35.7451 31 0.199386
1380 7.92282e+28 4.21313e+27 8.59002e+09 96 36.3701 33 0.18208
1381 3.16913e+29 5.18267e+27 2.14754e+09 98 35.668 31 0.189306
1382 7.92282e+28 3.44851e+27 8.59004e+09 96 35.9424 33 0.190376
1383 7.92282e+28 3.73676e+27 1.07379e+09 96 34.8418 30 0.178816
1384 7.92282e+28 4.64144e+27 4.29506e+09 96 37.1426 32 0.191466
1385 7.92282e+28 5.04241e+27 1.718e+10 96 37.6162 34 0.184973
1386 7.92282e+28 3.26602e+27 4.29507e+09 96 36.293 32 0.185746
1387 7.92282e+28 4.27208e+27 3.43598e+10 96 38.0498 35 0.192277
1388 3.16913e+29 4.54434e+27 1.07382e+09 98 34.8906 30 0.184
1389 7.92282e+28 4.63413e+27 4.29506e+09 96 37.1348 32 0.189783
1390 7.92282e+28 4.89882e+27 8.59002e+09 96 37.2197 33 0.185173
1391 7.92282e+28 4.13489e+27 8.59003e+09 96 37.0947 33 0.191954
1392 7.92282e+28 4.72678e+27 8.59003e+09 96 37.918 33 0.204153
1393 7.92282e+28 4.12073e+27 8.59003e+09 96 37.1865 33 0.189348
1394 7.92282e+28 4.2795e+27 4.29504e+09 96 35.8633 32 0.19191
1395 7.92282e+28 4.80669e+27 4.29506e+09 96 36.707 32 0.190883
1396 7.92282e+28 3.92851e+27 8.59002e+09 96 35.2139 33 0.184547
1397 7.92282e+28 4.00935e+27 2.14756e+09 96 35.6289 31 0.185619
1398 7.92282e+28 4.80371e+27 4.29505e+09 96 36.877 32 0.187369
1399 7.92282e+28 3.94162e+27 2.14758e+09 96 35.417 31 0.182448
1400 7.92282e+28 5.58479e+27 1.71799e+10 96 37.5811 34 0.189622
1401 7.92282e+28 5.47309e+27 8.59004e+09 96 37.835 33 0.190846
1402 7.92282e+28 3.89136e+27 1.718e+10 96 36.9824 34 0.189439
1403 7.92282e+28 4.56517e+27 1.718e+10 96 36.9355 34 0.187589
1404 7.92282e+28 3.9692e+27 3.43598e+10 96 38.6016 35 0.190425
1405 7.92282e+28 4.25972e+27 3.43598e+10 96 37.8037 35 0.189785
1406 7.92282e+28 4.53803e+27 8.59e+09 96 36.8027 33 0.185715
1407 7.92282e+28 5.19386e+27 1.718e+10 96 38.0312 34 0.19129
1408 7.92282e+28 5.12629e+27 8.59002e+09 96 37.0869 33 0.188894
1409 7.92282e+28 5.52539e+27 4.29507e+09 96 37.5293 32 0.192524
1410 7.92282e+28 4.39447e+27 1.718e+10 96 37.8682 34 0.19253
1411 7.92282e+28 4.95033e+27 1.37439e+11 96 39.3867 37 0.199387
1412 7.92282e+28 4.45626e+27 3.43598e+10 96 38.3457 35 0.194916
1413 7.92282e+28 4.66842e+27 2.14758e+09 96 36.7598 31 0.186234
1414 7.92282e+28 5.3144e+27 2.14757e+09 96 37.0312 31 0.187859
1415 7.92282e+28 4.46204e+27 4.29503e+09 96 36.6484 32 0.183309
1416 7.92282e+28 4.35879e+27 4.29504e+09 96 35.9463 32 0.181813
1417 7.92282e+28 4.63442e+27 8.59001e+09 96 37.082 33 0.19037
1418 7.92282e+28 3.44506e+27 2.14756e+09 96 35.2314 31 0.184722
1419 7.92282e+28 5.01708e+27 1.718e+10 96 37.6572 34 0.190869
1420 7.92282e+28 5.70643e+27 1.718e+10 96 38.6416 34 0.196902
1421 7.92282e+28 5.81942e+27 1.718e+10 96 38.9297 34 0.198593
1422 7.92282e+28 4.9278e+27 6.87196e+10 96 38.9316 36 0.195469
1423 7.92282e+28 4.87551e+27 8.59003e+09 96 38.7988 33 0.196107
1424 7.92282e+28 5.14148e+27 3.43598e+10 96 38.7783 35 0.193144
1425 7.92282e+28 5.56288e+27 3.43598e+10 96 38.6367 35 0.199805
1426 7.92282e+28 3.83423e+27 3.43599e+10 96 38.8135 35 0.191461
1427 7.92282e+28 4.75659e+27 1.718e+10 96 38.1807 34 0.197564
1428 7.92282e+28 4.41667e+27 3.43599e+10 96 38.668 35 0.191361
1429 7.92282e+28 5.46621e+27 6.87196e+10 96 40.1807 36 0.198761
1430 7.92282e+28 4.1296e+27 1.718e+10 96 38.6592 34 0.198399
1431 7.92282e+28 5.29328e+27 6.87196e+10 96 40.4961 36 0.205228
1432 7.92282e+28 5.3486e+27 1.718e+10 96 37.8418 34 0.190798
1433 7.92282e+28 4.53383e+27 3.43599e+10 96 38.8975 35 0.195777
1434 7.92282e+28 4.47311e+27 1.718e+10 96 38.7168 34 0.197822
1435 7.92282e+28 4.93008e+27 3.43598e+10 96 38.834 35 0.200594
1436 7.92282e+28 5.40948e+27 3.43598e+10 96 39.0459 35 0.195936
1437 7.92282e+28 5.05023e+27 3.43598e+10 96 38.8887 35 0.194559
1438 3.16913e+29 4.97952e+27 6.87196e+10 98 39.7529 36 0.199469
1439 7.92282e+28 3.93074e+27 1.718e+10 96 38.0781 34 0.194215
1440 7.92282e+28 4.59326e+27 3.43598e+10 96 39.75 35 0.203675
1441 7.92282e+28 5.087e+27 1.718e+10 96 38.7314 34 0.194528
1442 7.92282e+28 5.83837e+27 1.37439e+11 96 40.3047 37 0.202832
1443 7.92282e+28 5.5148e+27 6.87196e+10 96 40.2676 36 0.203976
1444 7.92282e+28 6.2371e+27 6.87196e+10 96 40.2363 36 0.204934
1445 7.92282e+28 6.05189e+27 6.87196e+10 96 40.6113 36 0.200097
1446 7.92282e+28 4.07444e+27 6.87196e+10 96 39.5244 36 0.200846
1447 7.92282e+28 5.46009e+27 6.87196e+10 96 40.293 36 0.210457
1448 7.92282e+28 6.71277e+27 1.37439e+11 96 41.1406 37 0.212988
1449 7.92282e+28 5.14358e+27 1.37439e+11 96 41.3096 37 0.210369
1450 7.92282e+28 5.56253e+27 6.87196e+10 96 39.6572 36 0.195892
1451 7.92282e+28 5.74886e+27 2.74878e+11 96 41.3711 38 0.210297
1452 7.92282e+28 6.66939e+27 1.37439e+11 96 40.7266 37 0.205937
1453 3.16913e+29 7.08978e+27 1.37439e+11 98 40.6289 37 0.203375
1454 7.92282e+28 6.40368e+27 2.74878e+11 96 41.7637 38 0.215659
1455 7.92282e+28 8.16869e+27 2.74878e+11 96 41.8359 38 0.212702
1456 7.92282e+28 6.74154e+27 1.09951e+12 96 42.7354 40 0.219991
1457 7.92282e+28 6.85576e+27 3.43598e+10 96 40.8096 35 0.21684
1458 7.92282e+28 6.81751e+27 2.74878e+11 96 41.8047 38 0.221904
1459 7.92282e+28 6.90579e+27 5.49756e+11 96 42.1924 39 0.220694
1460 7.92282e+28 6.29647e+27 1.37439e+11 96 42.2939 37 0.221459
1461 7.92282e+28 6.94393e+27 1.37439e+11 96 41.335 37 0.214953
1462 3.16913e+29 7.04997e+27 2.19902e+12 98 43.6289 41 0.221014
1463 7.92282e+28 7.26894e+27 1.09951e+12 96 42.8174 40 0.223327
1464 7.92282e+28 8.15727e+27 1.09951e+12 96 43.9248 40 0.22452
1465 7.92282e+28 7.44827e+27 2.74878e+11 96 42.6699 38 0.215967
1466 7.92282e+28 7.13884e+27 1.37439e+11 96 41.9482 37 0.21313
1467 7.92282e+28 6.17542e+27 2.74878e+11 96 42.1309 38 0.217451
1468 7.92282e+28 6.88373e+27 2.74878e+11 96 42.1221 38 0.217878
1469 7.92282e+28 7.18764e+27 2.74878e+11 96 42.3281 38 0.217257
1470 7.92282e+28 6.84905e+27 5.49756e+11 96 42.8857 39 0.21701
1471 7.92282e+28 6.52981e+27 5.49756e+11 96 43.1992 39 0.219474
1472 7.92282e+28 8.10056e+27 5.49756e+11 96 43.1484 39 0.220779
1473 7.92282e+28 6.07229e+27 1.37439e+11 96 41.5186 37 0.215195
1474 7.92282e+28 7.57013e+27 6.87196e+10 96 41.7578 36 0.216846
1475 7.92282e+28 7.16601e+27 5.49756e+11 96 43.4141 39 0.215904
1476 7.92282e+28 7.34065e+27 1.09951e+12 96 43.333 40 0.223965
1477 7.92282e+28 6.92731e+27 5.49756e+11 96 42.3047 39 0.221162
1478 3.16913e+29 6.77699e+27 1.37439e+11 98 42.2803 37 0.221343
1479 7.92282e+28 7.54436e+27 5.49756e+11 96 43.0098 39 0.22276
1480 7.92282e+28 7.81353e+27 5.49756e+11 96 42.9287 39 0.218881
1481 7.92282e+28 6.38244e+27 2.19902e+12 96 43.207 41 0.221733
1482 7.92282e+28 6.73302e+27 2.74878e+11 96 42.1885 38 0.217082
1483 7.92282e+28 7.99411e+27 1.37439e+11 96 42.3955 37 0.219096
1484 7.92282e+28 7.65126e+27 1.09951e+12 96 44.0879 40 0.23183
1485 7.92282e+28 7.48672e+27 2.19902e+12 96 44.3486 41 0.225161
1486 7.92282e+28 7.61143e+27 2.74878e+11 96 42.125 38 0.221392
1487 1.58456e+29 8.19862e+27 5.49756e+11 97 43.0254 39 0.215533
1488 3.16913e+29 7.02635e+27 1.37439e+11 98 41.9014 37 0.219165
1489 7.92282e+28 7.83702e+27 2.74878e+11 96 42.7666 38 0.224455
1490 7.92282e+28 8.23115e+27 2.74878e+11 96 42.9561 38 0.225131
1491 7.92282e+28 6.96008e+27 1.09951e+12 96 42.4727 40 0.212216
1492 7.92282e+28 7.41837e+27 5.49756e+11 96 42.8398 39 0.225043
1493 7.92282e+28 6.67964e+27 1.37439e+11 96 42.6436 37 0.226746
1494 7.92282e+28 7.30118e+27 1.37439e+11 96 42.2754 37 0.215621
1495 3.16913e+29 7.30145e+27 2.74878e+11 98 42.7178 38 0.215943
1496 7.92282e+28 8.01228e+27 1.09951e+12 96 43.458 40 0.227512
1497 7.92282e+28 7.27546e+27 5.49756e+11 96 43.3115 39 0.22381
1498 7.92282e+28 8.54521e+27 4.39805e+12 96 44.2842 42 0.225596
1499 7.92282e+28 7.05489e+27 5.49756e+11 96 42.7773 39 0.221954
