91.1491
0 111.937 7.30687 4 1 0.0322266 0 0.00430125
1 115.729 8.56497 4 1 0.0400391 0 0.00438709
2 435 10.4392 4 2 0.0478516 0 0.00434177
3 110.371 9.34157 5 1 0.0449219 0 0.00432342
4 435.053 9.63041 5 2 0.0439453 0 0.00430946
5 113.419 9.48574 5 1 0.0458984 0 0.00434475
6 435.151 10.9788 5 2 0.0527344 0 0.00433372
7 435.053 10.268 5 2 0.0478516 0 0.00436404
8 435.117 10.4456 5 2 0.0498047 0 0.00444801
9 435.117 10.3332 5 2 0.046875 0 0.00436928
10 435.151 10.7869 5 2 0.0498047 0 0.00436485
11 435.127 10.7766 5 2 0.0488281 0 0.00439031
12 434.639 12.8323 6 2 0.0703125 0 0.00441829
13 434.954 11.7183 6 2 0.0605469 0 0.00452271
14 435.053 10.3555 6 2 0.046875 0 0.00455588
15 434.639 10.0472 5 2 0.046875 0 0.00442992
16 110.903 9.56194 5 1 0.0429688 0 0.00446288
17 435.151 10.6436 6 2 0.046875 0 0.00436868
18 434.639 10.2411 6 2 0.0478516 0 0.00443503
19 110.903 12.306 6 1 0.0654297 0 0.00446683
20 435.127 13.105 6 2 0.0664062 0 0.00458024
21 435.053 14.1891 6 2 0.0732422 0 0.00440879
22 435.053 11.8147 6 2 0.0566406 0 0.00437549
23 435.127 12.0277 6 2 0.0615234 0 0.00448615
24 434.954 11.3553 6 2 0.0556641 0 0.00442612
25 435.053 12.9043 6 2 0.0644531 0 0.00447562
26 435.053 12.4585 6 2 0.0654297 0 0.00445886
27 435.076 10.6497 6 2 0.046875 0 0.004488
28 435.149 11.0777 6 2 0.0498047 0 0.00447303
29 435.151 13.0114 6 2 0.0625 0 0.00449321
30 435.076 13.0627 6 2 0.0615234 0 0.00444266
31 111.425 11.3681 6 1 0.0566406 0 0.00450048
32 111.937 11.9362 6 1 0.0595703 0 0.00450317
33 435.127 13.8226 6 2 0.0722656 0 0.00445499
34 434.954 11.8448 6 2 0.0556641 0 0.00457723
35 435.053 12.6246 6 2 0.0634766 0 0.00454515
36 435.149 13.0293 6 2 0.0634766 0 0.00450653
37 435.151 13.1943 6 2 0.0673828 0 0.00451059
38 435.151 13.4603 6 2 0.0712891 0 0.00448924
39 435.151 11.0902 6 2 0.0488281 0 0.00465222
40 435.149 13.3808 6 2 0.0654297 0 0.00456659
41 435.151 11.614 6 2 0.0537109 0 0.00449752
42 435.149 12.9736 6 2 0.0634766 0 0.00452646
43 1008.21 12.2719 6 3 0.0585938 0 0.00455807
44 435.053 12.1152 6 2 0.0576172 0 0.00457506
45 435.151 12.4752 6 2 0.0566406 0 0.00462935
46 434.954 12.0934 6 2 0.0537109 0 0.00478335
47 138.967 13.9754 6 1 0.078125 0 0.00462707
48 435.117 13.8799 6 2 0.0673828 0 0.00465653
49 137.427 11.6389 6 1 0.0527344 0 0.00462915
50 111.425 12.0112 6 1 0.0585938 0 0.00461292
51 1008.92 14.009 6 3 0.0654297 0 0.0046456
52 110.903 12.4279 6 1 0.0595703 0 0.00472999
53 435.053 13.3673 7 2 0.0585938 0 0.00483788
54 435.151 13.9247 6 2 0.0654297 0 0.00475485
55 1011.31 14.2194 7 3 0.0664062 0 0.00466931
56 435.149 13.1955 7 2 0.0634766 0 0.00472058
57 435.151 15.9566 7 2 0.0810547 0 0.0047778
58 435.053 13.6118 7 2 0.0654297 0 0.00468914
59 435.117 13.8873 7 2 0.0683594 0 0.00463787
60 435.151 13.4282 7 2 0.0615234 0 0.00467599
61 435.151 14.5526 7 2 0.0732422 0 0.00467051
62 435.053 14.264 7 2 0.0732422 0 0.00468274
63 434.093 12.1939 6 2 0.0585938 0 0.00461858
64 435.127 13.1078 7 2 0.0634766 0 0.00462602
65 1008.92 15.9813 7 3 0.0839844 0 0.00464624
66 435.053 14.1504 7 2 0.0751953 0 0.00468961
67 435 13.9914 7 2 0.0673828 0 0.00469526
68 1012.18 14.3376 7 3 0.0673828 0 0.00483118
69 435.151 14.9223 7 2 0.078125 0 0.00471895
70 435.151 14.9357 7 2 0.0732422 0 0.00470151
71 435.149 16.9356 7 2 0.0898438 0 0.00478101
72 434.954 15.0231 7 2 0.078125 0 0.00471083
73 1009.59 15.2307 8 3 0.0712891 0 0.00472377
74 435.076 15.0968 8 2 0.0732422 0 0.00474166
75 435.151 15.0321 7 2 0.0732422 0 0.00471835
76 1010.79 16.7333 8 3 0.0742188 0 0.00473423
77 435.151 16.2895 8 2 0.0800781 0 0.00470863
78 435.053 13.6061 8 2 0.0654297 0 0.00475393
79 435.127 16.1328 8 2 0.0820312 0 0.0048706
80 1008.92 17.8834 8 3 0.0947266 0 0.00475365
81 435.149 17.21 8 2 0.09375 0 0.0047756
82 434.818 13.8204 8 2 0.0673828 0 0.00471829
83 435.127 14.3141 8 2 0.0703125 0 0.00476844
84 435.149 14.7765 8 2 0.0751953 0 0.00472695
85 435.127 17.9332 8 2 0.0986328 0 0.00475139
86 1010.79 16.7337 8 3 0.0791016 0 0.00470201
87 435.127 15.5071 8 2 0.0791016 0 0.00477813
88 109.829 14.2868 8 1 0.0722656 0 0.00470253
89 435.151 14.5942 8 2 0.0712891 0 0.00474577
90 435.151 17.0234 8 2 0.0878906 0 0.00469082
91 435.151 16.7813 8 2 0.0888672 0 0.00467725
92 435.149 16.8532 8 2 0.0859375 0 0.00479021
93 435.151 16.0307 8 2 0.0810547 0 0.00474803
94 435.149 18.7789 8 2 0.0966797 0 0.00476531
95 435.149 16.6202 8 2 0.0839844 0 0.00471126
96 435.151 16.4992 8 2 0.0830078 0 0.00484884
97 435.151 21.6526 8 2 0.12793 0 0.00474792
98 434.954 18.5818 8 2 0.103516 0 0.00477233
99 435.149 18.8449 8 2 0.105469 0 0.00480552
100 435.149 20.9844 8 2 0.118164 0 0.00484466
101 1010.21 22.5011 8 3 0.123047 0 0.0048428
102 435.149 21.3676 8 2 0.121094 0 0.00475088
103 435.117 20.0308 8 2 0.118164 0 0.00484963
104 435.151 20.759 9 2 0.115234 0 0.00482541
105 435.151 22.0372 9 2 0.126953 0 0.00482526
106 435.053 18.511 9 2 0.102539 0 0.0048039
107 1008.92 19.4312 8 3 0.0996094 0 0.00476251
108 1010.79 21.3024 8 3 0.116211 0 0.00479577
109 435.149 21.1042 9 2 0.121094 0 0.00478959
110 435.149 18.4483 9 2 0.100586 0 0.00494747
111 1008.92 24.3388 9 3 0.140625 0 0.00495253
112 435.151 21.1988 9 2 0.120117 0 0.00480416
113 1009.59 23.099 9 3 0.12793 0 0.00484448
114 435.149 22.1201 9 2 0.121094 0 0.00484789
115 435.151 21.9659 9 2 0.125 0 0.00490021
116 435.151 22.945 9 2 0.12793 0 0.00484895
117 435.151 22.6314 9 2 0.128906 0 0.00484255
118 1008.92 25.3248 9 3 0.144531 0 0.00483466
119 435.149 24.5671 9 2 0.151367 0 0.00489378
120 435.127 24.5557 9 2 0.154297 0 0.00487452
121 435.127 27.0312 9 2 0.160156 0 0.00485443
122 435.151 23.0858 9 2 0.132812 0 0.00510038
123 435.149 24.6688 9 2 0.148438 0 0.00487587
124 1009.59 24.413 9 3 0.131836 0 0.00490287
125 435.151 27.9772 9 2 0.15918 0 0.00492814
126 435.151 24.021 9 2 0.134766 0 0.00489429
127 435.151 25.3761 9 2 0.15625 0 0.00485227
128 1008.92 27.3452 9 3 0.155273 0 0.00497121
129 1009.59 28.3765 9 3 0.171875 0 0.00487262
130 1011.78 23.795 9 3 0.141602 0 0.00489111
131 435.151 25.336 9 2 0.15332 0 0.00492034
132 1009.59 28.5288 9 3 0.164062 0 0.00512351
133 435.151 29.4869 9 2 0.181641 0 0.00496475
134 435.151 28.2464 9 2 0.172852 0 0.00499962
135 1011.78 30.7149 9 3 0.181641 0 0.00494575
136 435.151 30.6454 9 2 0.1875 0 0.00486393
137 1009.59 33.1542 9 3 0.201172 0 0.00489681
138 1009.59 29.5042 9 3 0.186523 0 0.00492645
139 435.151 27.7236 9 2 0.172852 0 0.00492837
140 1008.92 35.2274 9 3 0.211914 0 0.00489705
141 1011.31 32.5926 9 3 0.194336 0 0.00493615
142 435.151 32.1568 9 2 0.204102 0 0.00496761
143 1008.92 33.7667 9 3 0.208008 0 0.00512146
144 1010.21 35.5765 9 3 0.213867 0 0.00495816
145 435.149 31.1317 9 2 0.193359 0 0.00498971
146 1008.92 33.3015 9 3 0.196289 0 0.00505151
147 1011.78 33.3459 9 3 0.208008 0 0.00494803
148 435.151 29.535 9 2 0.178711 0 0.0049475
149 435.151 31.4749 9 2 0.208008 0 0.00493367
150 1008.92 37.1544 9 3 0.234375 0 0.00494038
151 1009.59 36.351 9 3 0.224609 0 0.0049223
152 1008.92 36.0233 9 3 0.219727 0 0.00492516
153 1008.92 30.1115 9 3 0.185547 0 0.00497246
154 1011.31 33.3423 9 3 0.208984 0 0.00498194
155 435.127 32.7928 9 2 0.216797 0 0.00493989
156 435.149 32.4675 9 2 0.212891 0 0.004981
157 435.151 37.4561 9 2 0.243164 0 0.00502204
158 435.151 40.0222 9 2 0.25 0 0.00500838
159 435.151 37.0779 9 2 0.236328 0 0.00505274
160 435.151 36.2434 9 2 0.230469 0 0.00500816
161 1008.92 40.184 9 3 0.248047 0 0.00492268
162 1005.85 35.7925 9 3 0.224609 0 0.00497157
163 1010.79 34.1026 9 3 0.210938 0 0.00509365
164 435.151 40.9818 9 2 0.266602 0 0.00507206
165 1008.92 35.9871 9 3 0.228516 0 0.00497304
166 1011.31 42.4946 10 3 0.274414 0 0.00501128
167 1008.92 39.206 9 3 0.249023 0 0.00501071
168 1008.92 38.7809 9 3 0.248047 0 0.00505789
169 1008.92 47.1928 10 3 0.299805 0 0.00495494
170 435.151 37.8158 9 2 0.251953 0 0.00503434
171 1010.79 39.9516 9 3 0.256836 0 0.0049796
172 1008.92 39.0235 9 3 0.243164 0 0.0049895
173 1008.92 44.2462 9 3 0.268555 0 0.00499242
174 435.151 41.2113 9 2 0.275391 0 0.00519309
175 1008.92 40.4572 9 3 0.253906 0 0.00500934
176 1008.92 42.8348 10 3 0.272461 0 0.00493649
177 435.151 37.5814 9 2 0.250977 0 0.0049461
178 1011.31 41.3749 9 3 0.266602 0 0.00495095
179 1009.59 41.7792 9 3 0.272461 0 0.00491014
180 1010.79 39.7736 9 3 0.25293 0 0.00493494
181 1008.92 37.3498 9 3 0.249023 0 0.00512237
182 435.151 41.3945 10 2 0.268555 0 0.00512856
183 1008.92 41.1148 9 3 0.265625 0 0.00509906
184 1010.21 44.197 11 3 0.288086 0 0.00512545
185 1011.31 44.9053 10 3 0.288086 0 0.00494555
186 1011.31 45.6332 10 3 0.291016 0 0.00505694
187 1011.31 44.2691 10 3 0.277344 0 0.00499155
188 435.151 41.6522 9 2 0.289062 0 0.00496907
189 435.151 42.6994 10 2 0.285156 0 0.00497584
190 1011.78 41.1602 9 3 0.276367 0 0.00502678
191 1845.26 44.3171 10 4 0.290039 0 0.00497616
192 435.151 47.2567 11 2 0.326172 0 0.00507747
193 1009.59 44.787 11 3 0.304688 0 0.0051123
194 1827.51 45.5463 10 4 0.290039 0 0.00505087
195 1011.31 41.5869 10 3 0.276367 0 0.00499514
196 1011.31 45.0929 10 3 0.291016 0 0.00495795
197 1010.21 54.3833 11 3 0.341797 0 0.0050856
198 1011.31 38.7163 9 3 0.241211 0 0.00500427
199 1011.78 46.3731 11 3 0.305664 0 0.00503778
200 1011.31 44.7915 11 3 0.276367 0 0.00499328
201 1008.92 44.3751 10 3 0.272461 0 0.00504643
202 1843.9 44.4963 9 4 0.282227 0 0.00496689
203 1008.92 46.0937 11 3 0.279297 0 0.00500319
204 1851.86 49.6601 11 4 0.310547 0 0.00501785
205 1011.31 46.9966 11 3 0.325195 0 0.0051433
206 435.151 46.1809 10 2 0.308594 0 0.00501993
207 1008.92 46.2805 11 3 0.308594 0 0.00507896
208 1011.31 47.9879 11 3 0.3125 0 0.00503986
209 1008.92 50.3373 11 3 0.325195 0 0.00510935
210 435.151 44.8112 10 2 0.291016 0 0.00505162
211 1008.92 47.7672 11 3 0.306641 0 0.00508023
212 1009.59 45.8007 11 3 0.307617 0 0.00502283
213 1009.59 45.1222 10 3 0.286133 0 0.00508814
214 1010.21 46.0709 11 3 0.310547 0 0.00505257
215 1009.59 44.7067 11 3 0.296875 0 0.00519331
216 1005.85 45.9109 11 3 0.307617 0 0.00505785
217 1009.59 46.9503 11 3 0.295898 0 0.00506002
218 1011.31 46.5177 11 3 0.303711 0 0.00499963
219 1011.31 45.6994 10 3 0.288086 0 0.00505059
220 1011.31 52.0818 11 3 0.329102 0 0.00501225
221 1843.9 48.1556 10 4 0.289062 0 0.00499973
222 1011.78 47.005 11 3 0.305664 0 0.00518269
223 435.149 42.7096 10 2 0.289062 0 0.00499367
224 435.151 47.8771 11 2 0.332031 0 0.00501161
225 1008.92 41.2827 11 3 0.272461 0 0.0050527
226 1843.9 48.0728 11 4 0.311523 0 0.00522274
227 1011.31 44.4531 11 3 0.287109 0 0.00516123
228 435.151 45.4269 11 2 0.305664 0 0.00521581
229 1010.21 51.3616 11 3 0.329102 0 0.00507885
230 1011.31 48.4051 11 3 0.293945 0 0.00515624
231 1007.46 45.3564 12 3 0.300781 0 0.00508884
232 1008.92 47.2353 11 3 0.303711 0 0.00513943
233 435.151 45.223 11 2 0.295898 0 0.00511114
234 435.151 44.3767 12 2 0.293945 0 0.00527723
235 1009.59 46.2225 11 3 0.297852 0 0.00509923
236 1009.59 46.8614 11 3 0.303711 0 0.00505477
237 1009.59 47.0831 11 3 0.301758 0 0.00508214
238 1008.92 47.4091 12 3 0.3125 0 0.00520542
239 1843.9 48.3393 12 4 0.3125 0 0.00513096
240 1843.9 51.7932 12 4 0.327148 0 0.00510669
241 1011.31 47.2174 12 3 0.308594 0 0.00512099
242 1008.92 44.6097 10 3 0.276367 0 0.00510589
243 1011.31 48.6255 11 3 0.317383 0 0.00515667
244 1008.92 48.947 11 3 0.320312 0 0.00502475
245 1011.78 48.5014 12 3 0.304688 0 0.00508168
246 1009.59 49.6258 12 3 0.313477 0 0.00533483
247 1008.92 48.4431 13 3 0.326172 0 0.00519514
248 1011.31 46.2887 12 3 0.307617 0 0.00511855
249 1008.92 47.2143 12 3 0.313477 0 0.00509679
250 1010.79 46.1027 11 3 0.304688 0 0.00505703
251 1007.46 48.8616 11 3 0.326172 0 0.00504507
252 435.151 44.8745 11 2 0.292969 0 0.00507543
253 1011.31 47.2014 12 3 0.294922 0 0.00511958
254 1008.92 44.3305 12 3 0.285156 0 0.00518508
255 1011.31 50.2716 12 3 0.31543 0 0.0052588
256 1008.92 48.568 12 3 0.327148 0 0.00520046
257 1008.92 53.3602 13 3 0.342773 0 0.00520204
258 1008.92 51.5689 12 3 0.345703 0 0.00515847
259 435.151 46.1814 12 2 0.31543 0 0.00515601
260 435.151 48.277 12 2 0.334961 0 0.00511617
261 1011.78 49.1121 12 3 0.31543 0 0.00512926
262 1009.59 51.8096 12 3 0.319336 0 0.00511359
263 1010.79 51.9145 12 3 0.333008 0 0.00510899
264 993.611 48.9845 12 3 0.326172 0 0.00511691
265 1008.92 48.3099 12 3 0.313477 0 0.00511802
266 1008.92 47.1168 12 3 0.301758 0 0.00516376
267 1011.78 45.3563 12 3 0.305664 0 0.0051402
268 1008.92 50.2051 12 3 0.319336 0 0.00510512
269 435.151 47.637 12 2 0.318359 0 0.0051198
270 1011.31 48.4325 12 3 0.310547 0 0.0052195
271 435.151 48.7053 12 2 0.313477 0 0.00509534
272 1011.31 51.4259 13 3 0.351562 0 0.00510905
273 1009.59 44.3955 11 3 0.283203 0 0.00507738
274 1008.92 51.6821 12 3 0.335938 0 0.00508201
275 1011.31 48.7838 13 3 0.320312 0 0.00510004
276 1008.92 44.9853 11 3 0.283203 0 0.00520483
277 1008.92 44.5042 12 3 0.295898 0 0.00518053
278 1836.29 49.0948 12 4 0.317383 0 0.0051026
279 1843.9 50.9191 12 4 0.322266 0 0.00509219
280 435.151 49.2246 12 2 0.320312 0 0.00524384
281 1011.31 55.0156 13 3 0.363281 0 0.00518292
282 435.151 50.0768 13 2 0.322266 0 0.0051709
283 1009.59 58.3639 13 3 0.370117 0 0.00508234
284 1011.31 50.6094 12 3 0.324219 0 0.00511555
285 1008.92 53.9732 13 3 0.349609 0 0.00513101
286 1011.31 51.3525 13 3 0.333008 0 0.00520097
287 1846.55 50.3131 12 4 0.311523 0 0.00509562
288 1008.92 46.6988 12 3 0.314453 0 0.00517265
289 1009.59 53.3675 13 3 0.335938 0 0.0052492
290 1011.31 51.0805 12 3 0.333008 0 0.0052269
291 1011.31 50.1018 13 3 0.321289 0 0.00520017
292 1011.31 48.8835 13 3 0.318359 0 0.00516259
293 1008.92 48.7096 12 3 0.316406 0 0.00514133
294 1008.92 49.9346 12 3 0.320312 0 0.00526112
295 1012.18 52.578 13 3 0.334961 0 0.00513231
296 1010.79 48.2881 12 3 0.319336 0 0.00535342
297 1008.92 50.7604 13 3 0.324219 0 0.00515263
298 1008.92 49.5929 13 3 0.327148 0 0.00510309
299 1008.21 47.1333 12 3 0.3125 0 0.00509827
300 1008.92 54.3714 12 3 0.356445 0 0.00509486
301 1011.31 46.5821 11 3 0.305664 0 0.00517827
302 435.151 44.7333 12 2 0.298828 0 0.0051123
303 435.151 47.4731 12 2 0.324219 0 0.00514036
304 1008.92 51.4037 12 3 0.345703 0 0.00507258
305 1008.92 47.3146 12 3 0.302734 0 0.0051696
306 1008.92 54.7387 12 3 0.358398 0 0.0051913
307 1008.92 48.2566 12 3 0.314453 0 0.00516856
308 1011.31 55.4192 13 3 0.348633 0 0.00513647
309 435.149 49.1866 13 2 0.330078 0 0.00522009
310 1004.1 47.4995 12 3 0.316406 0 0.00518646
311 435.151 49.2557 13 2 0.327148 0 0.0051884
312 435.151 43.9796 13 2 0.305664 0 0.00510209
313 1008.92 52.6236 12 3 0.320312 0 0.00513237
314 1008.92 54.8622 13 3 0.351562 0 0.00519632
315 1011.31 49.5113 13 3 0.320312 0 0.00512404
316 1010.21 48.895 12 3 0.319336 0 0.00534199
317 1008.92 51.0667 12 3 0.321289 0 0.00520886
318 1843.9 52.2079 13 4 0.328125 0 0.00524972
319 1009.59 55.039 13 3 0.339844 0 0.00515746
320 1009.59 53.3974 13 3 0.34375 0 0.00530196
321 435.151 50.0902 13 2 0.344727 0 0.00515701
322 1008.92 50.6265 13 3 0.325195 0 0.00523331
323 1009.59 51.7141 13 3 0.334961 0 0.00516705
324 1011.31 53.7629 13 3 0.323242 0 0.00511818
325 1008.92 49.7059 13 3 0.325195 0 0.00517211
326 435.151 50.4563 13 2 0.332031 0 0.00517437
327 1011.31 50.6345 13 3 0.323242 0 0.00524968
328 1007.46 45.2393 12 3 0.291016 0 0.00521077
329 1011.31 51.2695 13 3 0.338867 0 0.00525237
330 977.944 49.4094 12 3 0.322266 0 0.00513159
331 1011.31 52.7185 13 3 0.329102 0 0.00517836
332 1010.79 50.8961 13 3 0.329102 0 0.00512537
333 1843.9 49.6016 13 4 0.329102 0 0.0052174
334 1011.31 49.9223 13 3 0.334961 0 0.00518809
335 1008.92 52.9207 13 3 0.352539 0 0.0051619
336 1008.92 47.3195 13 3 0.313477 0 0.00526033
337 1010.21 50.9943 13 3 0.332031 0 0.00515065
338 1011.31 51.2004 13 3 0.332031 0 0.00522239
339 435.151 50.7376 13 2 0.334961 0 0.00519113
340 1843.9 53.6507 13 4 0.34375 0 0.00521462
341 1008.92 48.2906 13 3 0.330078 0 0.00518845
342 1011.31 55.2678 13 3 0.355469 0 0.00546328
343 1011.31 51.6261 13 3 0.329102 0 0.00543593
344 435.151 51.2978 13 2 0.339844 0 0.00543366
345 1004.99 52.1517 13 3 0.325195 0 0.00541996
346 1008.92 51.9442 13 3 0.342773 0 0.00543304
347 1837.92 56.666 13 4 0.347656 0 0.0051916
348 1008.92 53.8251 13 3 0.34082 0 0.00528195
349 1008.92 50.0187 13 3 0.31543 0 0.00519562
350 1011.31 55.8638 13 3 0.347656 0 0.00521959
351 1008.21 51.7438 13 3 0.337891 0 0.00530314
352 1010.21 53.4208 13 3 0.34668 0 0.00520488
353 1843.9 56.3682 13 4 0.353516 0 0.00530344
354 1008.92 50.49 13 3 0.322266 0 0.00544982
355 1008.92 45.8889 13 3 0.305664 0 0.00527673
356 1012.18 57.7054 13 3 0.356445 0 0.00532104
357 1010.79 49.9278 13 3 0.329102 0 0.00526876
358 435.127 54.7182 13 2 0.366211 0 0.00529955
359 1008.92 54.7743 13 3 0.341797 0 0.00531604
360 1008.92 49.2658 13 3 0.324219 0 0.00530518
361 1008.92 50.6533 13 3 0.323242 0 0.00532369
362 1008.92 54.3486 13 3 0.347656 0 0.00525221
363 1011.31 49.4696 13 3 0.323242 0 0.00523697
364 435.151 48.1486 13 2 0.31543 0 0.00544733
365 1008.92 51.2828 13 3 0.327148 0 0.00545262
366 1011.31 49.667 13 3 0.321289 0 0.00534192
367 1008.92 52.7851 13 3 0.339844 0 0.00540917
368 1827.51 49.1876 13 4 0.318359 0 0.00544019
369 435.151 46.5398 13 2 0.303711 0 0.0055308
370 1008.92 51.037 13 3 0.317383 0 0.00534411
371 1011.31 51.996 13 3 0.326172 0 0.00563227
372 1011.31 47.658 13 3 0.308594 0 0.00543888
373 1004.1 48.4059 13 3 0.316406 0 0.00554624
374 1008.92 53.143 13 3 0.34668 0 0.00554355
375 1009.59 51.2269 13 3 0.316406 0 0.0056127
376 1011.31 55.7457 13 3 0.349609 0 0.00547436
377 1011.78 58.0073 13 3 0.351562 0 0.00562349
378 1007.46 54.4828 13 3 0.339844 0 0.00559555
379 1008.92 57.3042 13 3 0.347656 0 0.00574583
380 2718.6 56.4829 13 5 0.335938 0 0.00559601
381 1008.92 55.3092 13 3 0.34668 0 0.00594341
382 1009.59 54.601 13 3 0.337891 0 0.00569658
383 1008.92 60.6939 14 3 0.375 0 0.00581445
384 1008.92 56.3133 14 3 0.34082 0 0.00623142
385 1007.46 58.5346 14 3 0.344727 0 0.00601395
386 1011.31 56.5185 14 3 0.338867 0 0.00589775
387 1008.92 58.2359 15 3 0.342773 0 0.00612652
388 1843.9 58.3025 14 4 0.34082 0 0.00614996
389 1010.79 63.9767 15 3 0.358398 0 0.00611261
390 1006.68 59.0185 15 3 0.333008 0 0.00635062
391 1007.46 58.0096 15 3 0.333008 0 0.0065581
392 1813.59 60.342 17 4 0.351562 0 0.00620556
393 998.128 62.0944 17 3 0.365234 0 0.00615028
394 1008.92 62.5227 16 3 0.351562 0 0.00671474
395 1003.18 64.4901 17 3 0.364258 0 0.00663716
396 1811.47 72.2405 19 4 0.391602 0 0.00647901
397 1760.49 73.9407 18 4 0.416016 0 0.00651099
398 1832.91 72.4457 18 4 0.378906 0 0.00668161
399 1008.21 68.5469 19 3 0.383789 0 0.00679215
400 1006.68 66.3093 19 3 0.355469 0 0.0069144
401 2903.85 78.1591 21 5 0.405273 0 0.00688295
402 1008.92 70.9558 19 3 0.381836 0 0.00701208
403 2826.95 80.659 22 5 0.420898 0 0.00711082
404 1781.23 79.2356 23 4 0.390625 0 0.0074668
405 1786.17 77.852 22 4 0.391602 0 0.00763639
406 2897.56 80.109 24 5 0.391602 0 0.00814025
407 2815.31 81.0608 24 5 0.395508 0 0.00803319
408 1795.76 80.868 27 4 0.417969 0 0.00821655
409 1793.4 82.1097 26 4 0.393555 0 0.00805375
410 1708.97 85.608 29 4 0.404297 0 0.00843065
411 2937.8 90.0518 26 5 0.423828 0 0.00858079
412 1738.37 95.5544 33 4 0.466797 0 0.00849483
413 997.036 79.3074 29 3 0.398438 0 0.0083115
414 1004.1 85.0744 29 3 0.418945 0 0.0084514
415 2288.23 96.1607 33 5 0.445312 0 0.00890007
416 2863.89 98.3482 40 5 0.454102 0 0.00911248
417 1817.74 94.3813 38 4 0.427734 0 0.00940344
418 1809.31 96.1913 39 4 0.459961 0 0.00944607
419 1004.1 103.641 57 3 0.491211 0 0.00942429
420 1798.09 96.9291 53 4 0.460938 0 0.00942039
421 1752.35 110.597 44 4 0.488281 0 0.00943527
422 5398.45 105.425 37 7 0.467773 0 0.0092293
423 2856.74 101.066 48 5 0.472656 0 0.00957594
424 7671.02 115.883 101 8 0.500977 0 0.00995548
425 2714.12 101.911 64 5 0.450195 0 0.0103335
426 1004.1 94.8656 49 3 0.452148 0 0.0100856
427 3363.11 116.888 82 6 0.5 0 0.0103925
428 2509.17 123.886 101 5 0.558594 0 0.0106685
429 7334.42 133.302 101 8 0.521484 0 0.0107755
430 2803.43 107.999 101 5 0.477539 0 0.0104155
431 2863.89 116.002 101 5 0.492188 0 0.0103513
432 1755.09 115.52 101 4 0.5 0 0.0110883
433 2897.56 120.627 101 5 0.491211 0 0.0109117
434 1836.29 121.031 101 4 0.493164 0 0.0111197
435 2384.84 108.532 101 5 0.478516 0 0.0113919
436 2731.9 121.849 101 5 0.499023 0 0.011183
437 2718.6 127.223 101 5 0.543945 0 0.0115084
438 1819.76 131.497 101 4 0.568359 0 0.0113474
439 1821.75 126.451 101 4 0.566406 0 0.0106593
440 2783.1 126.319 101 5 0.567383 0 0.0112145
441 6925.82 147.724 101 8 0.586914 0 0.0109618
442 4005 144.659 101 6 0.609375 0 0.0107449
443 5422.79 132.562 101 7 0.554688 0 0.0110106
444 5556.33 140.498 101 7 0.570312 0 0.0114302
445 2845.8 145.277 101 5 0.617188 0 0.0110855
446 4091.41 140.401 101 6 0.591797 0 0.0112127
447 1735.52 129.279 101 4 0.558594 0 0.0109572
448 1809.31 133.212 101 4 0.585938 0 0.0109406
449 1752.35 130.052 101 4 0.59375 0 0.0109182
450 2696.01 152.098 101 5 0.642578 0 0.0112236
451 3748.75 147.846 101 6 0.631836 0 0.0112879
452 2932.65 151.073 101 5 0.62793 0 0.0111151
453 3950.42 150.021 101 6 0.639648 0 0.0104043
454 4274.26 135.869 101 6 0.583008 0 0.0111845
455 2845.8 158.197 101 5 0.663086 0 0.0112284
456 7610.9 155.9 101 8 0.655273 0 0.0109903
457 2909.97 159.257 101 5 0.665039 0 0.011087
458 4220.53 164.243 101 6 0.663086 0 0.011195
459 5660.3 157.059 101 7 0.675781 0 0.011684
460 2884.52 159.408 101 5 0.679688 0 0.0113911
461 2912.97 166.274 101 5 0.689453 0 0.0116604
462 3962.71 201.725 103.594 6 0.790039 1 0.0109765
463 2668.24 167.726 101 5 0.733398 0 0.0113657
464 7175.96 177.695 101 8 0.731445 0 0.0115837
465 5430.85 183.253 101 7 0.753906 0 0.0117979
466 2909.97 182.056 104.312 5 0.767578 1 0.0109068
467 5660.3 183.189 101 7 0.748047 0 0.0106146
468 5517.84 184.296 105 7 0.767578 1 0.0113144
469 3829.17 178.632 101 6 0.745117 0 0.0110095
470 4107.95 173.863 101 6 0.709961 0 0.0110628
471 4166.27 189.064 101 6 0.760742 0 0.0112861
472 2863.89 178.975 101 5 0.750977 0 0.0111178
473 7808.91 201.86 101 8 0.77832 0 0.0112032
474 5653.06 193.27 101 7 0.766602 0 0.0110567
475 3980.98 180.188 101 6 0.748047 0 0.0110621
476 2749.33 189.122 106.306 5 0.796875 1 0.0110694
477 3893.96 211.797 110.903 6 0.868164 1 0.0114777
478 7363.33 255.937 109.275 8 0.922852 1 0.0111696
479 4171.38 210.997 108.709 6 0.839844 1 0.0113945
480 7712.81 232.835 109.829 8 0.893555 1 0.0113775
481 7745.53 238.731 108.13 8 0.869141 1 0.011934
482 5730.85 231.181 107.538 7 0.868164 1 0.0112716
483 5609.03 217.96 109.275 7 0.87793 1 0.0114864
484 5594.12 238.342 111.937 7 0.921875 1 0.0111542
485 7467.02 245.531 109.829 8 0.908203 1 0.0121905
486 8336.67 273.379 110.903 9 0.967773 1 0.0115413
487 4118.83 254.251 111.937 6 0.963867 1 0.011576
488 7186.07 285.855 110.903 8 0.983398 1 0.0120571
489 15977.2 271.881 111.937 11 0.973633 1 0.012367
490 12000.3 321.675 112.934 10 1.06934 1 0.0125153
491 8392.5 299.304 112.44 9 1.01367 1 0.0121639
492 7671.02 303.213 112.934 8 1.04785 1 0.0119418
493 4150.74 269.213 112.934 6 1 1 0.0128088
494 5730.85 254.101 110.903 7 0.931641 1 0.0120519
495 5797.97 293.261 113.897 7 1.08496 1 0.0118646
496 8957.3 322.692 113.419 9 1.09863 1 0.0121954
497 5653.06 305.525 113.897 7 1.07422 1 0.0119454
498 7372.91 313.503 113.419 8 1.07715 1 0.0121944
499 9871.54 318.871 114.366 9 1.10059 1 0.0130768
500 9617.6 363.656 116.17 9 1.17578 1 0.0131805
501 7485.47 356.064 114.828 8 1.14355 1 0.0126004
502 7593.39 343.545 113.897 8 1.14551 1 0.0124204
503 7785.47 347.417 115.282 8 1.16309 1 0.0126035
504 5213.58 323.196 114.828 7 1.14258 1 0.0123399
505 9774.39 383.008 118.675 9 1.24512 1 0.0129252
506 12493.3 405.644 117.03 10 1.23926 1 0.0129852
507 12672.6 357.497 116.603 10 1.18262 1 0.0125561
508 11708.8 394.545 117.45 10 1.24316 1 0.0127404
509 11093 437.541 117.865 10 1.29395 1 0.0136753
510 25520.9 443.719 115.282 13 1.25488 1 0.0127873
511 9548.43 394.741 116.603 9 1.23828 1 0.0128643
512 36973.3 412.698 118.675 14 1.26758 1 0.0136204
513 9297.69 432.713 118.675 9 1.2998 1 0.0135007
514 12879.4 461.456 120.601 10 1.375 1 0.0138234
515 7382.45 398.407 119.071 8 1.28125 1 0.0130976
516 15118.7 411.188 118.675 11 1.27148 1 0.0128717
517 12480.2 484.257 119.847 10 1.40137 1 0.0133275
518 12879.4 428.57 120.227 10 1.33594 1 0.0143161
519 7831.93 411.731 117.865 8 1.29004 1 0.0132197
520 8598.81 436.46 121.334 9 1.35156 1 0.0134979
521 9651.76 451.349 118.273 9 1.34473 1 0.0138417
522 9606.16 432.298 122.741 9 1.35449 1 0.01369
523 19309.8 474.128 121.334 12 1.3623 1 0.0141486
524 19127.5 515.834 120.97 12 1.44043 1 0.0134312
525 19784 478.903 121.693 12 1.37109 1 0.0138547
526 15696.5 440.818 122.741 11 1.34766 1 0.0135069
527 12333.8 461.005 122.047 10 1.38184 1 0.0141881
528 8944.33 484.998 123.746 9 1.41602 1 0.0138494
529 18182 474.97 121.334 12 1.38379 1 0.0139072
530 9785.33 542.118 132.252 9 1.50195 1 0.0144687
531 8585.21 487.017 122.396 9 1.3877 1 0.0141389
532 16553.8 548.541 132.668 11 1.52441 1 0.0145519
533 19880.5 634.922 132.668 12 1.62207 1 0.0139638
534 53012.3 687.161 136.902 15 1.59961 1 0.0146062
535 17365.7 606.965 128.728 12 1.58789 1 0.0140971
536 15822.7 611.675 134.913 11 1.57324 1 0.0145728
537 26722.7 641.971 136.624 13 1.63086 1 0.0144772
538 11297.6 581.161 137.427 10 1.60156 1 0.0153346
539 12839.9 712.693 137.553 11 1.74707 1 0.0146923
540 16245.3 631.1 137.17 11 1.62305 1 0.0156862
541 14025.5 653.549 137.3 11 1.65625 1 0.0151788
542 20969 777.422 136.764 12 1.74316 1 0.0152605
543 20350.3 679.72 137.553 12 1.73535 1 0.0157269
544 15470.2 682.358 137.3 11 1.69336 1 0.0152199
545 20331.9 777.385 137.796 12 1.80078 1 0.015182
546 35730.2 929.219 138.675 14 1.94531 1 0.0151739
547 38121.8 863.817 138.03 14 1.83105 1 0.0148774
548 25800.6 810.298 137.427 13 1.82617 1 0.0145077
549 15237.4 784.666 137.17 11 1.81055 1 0.0150804
550 20883.6 779.861 257.003 12 1.86523 2 0.0151679
551 19390.1 761.033 137.427 12 1.75977 1 0.0154297
552 20313.5 869.864 139.238 12 1.91504 1 0.0152008
553 15337.9 892.673 138.469 11 1.95898 1 0.0154373
554 37606.4 1002.64 334.367 14 2.05566 2 0.0159776
555 37804.6 854.749 138.254 14 1.87598 1 0.015775
556 37730.6 939.5 139.648 14 2.00879 1 0.0159834
557 28119.9 1056.82 325.942 13 2.11328 2 0.0160798
558 37481.5 1076.33 359.354 14 2.16797 2 0.0160949
559 58453.4 1192.77 356.086 15 2.19141 2 0.0158296
560 54389 1160.22 371.956 15 2.22754 2 0.0167709
561 26547.1 1135.24 379.921 13 2.26953 2 0.0166411
562 94143.9 1247.03 265.489 16 2.15918 2 0.0159216
563 161289 1583.36 417.066 17 2.44336 2 0.0167424
564 38218.1 1262.39 360.433 14 2.31738 2 0.0163208
565 57605.7 1418.14 412.261 15 2.44727 2 0.0170721
566 293352 1731.88 373.981 18 2.45312 2 0.0167758
567 56748 1522.56 411.542 15 2.55078 2 0.0182103
568 54419.7 1644.49 410.079 15 2.57324 2 0.0213636
569 164702 1951.16 426.87 17 2.74609 2 0.0169521
570 57928.3 1742.93 425.352 15 2.73828 2 0.0172544
571 39057.6 1865.55 426.375 14 2.78613 2 0.0170258
572 38049.1 1874.7 429.175 14 2.87207 2 0.01731
573 164579 2193.36 414.37 17 2.77734 2 0.0188714
574 90443.2 2318.07 426.87 16 2.98828 2 0.0179754
575 56776.2 2226.25 430.013 15 3.06934 2 0.0192258
576 159507 2278.69 421.443 17 2.79199 2 0.0190413
577 92807.7 2466.54 430.013 16 3.14258 2 0.019088
578 58811.1 1940.02 427.827 15 2.8584 2 0.0192055
579 164143 2199.13 424.286 17 2.89844 2 0.0182335
580 94466.3 2189.62 430.013 16 2.98926 2 0.0193283
581 96236.7 2094.33 427.827 16 2.9541 2 0.0190646
582 94869.4 2278.14 427.354 16 3.10449 2 0.0193286
583 92240.9 2428.43 428.738 16 3.06934 2 0.0198539
584 58684.3 2386.33 429.175 15 3.11328 2 0.0196423
585 58297.5 2601.85 433.114 15 3.27539 2 0.0194498
586 58735.1 2486.27 431.532 15 3.24414 2 0.0195915
587 163538 2785.28 433.384 17 3.30664 2 0.0200255
588 300118 3601.06 433.384 18 3.5127 2 0.0215065
589 161532 3616.18 682.336 17 3.70801 3 0.0221265
590 93936.3 3070.7 433.384 16 3.44141 2 0.0209795
591 296914 3331.48 434.902 18 3.53418 2 0.0205275
592 92901 3425.7 851.553 16 3.74512 3 0.0226099
593 296914 3364.2 733.702 18 3.62793 3 0.0214118
594 165156 3688.2 785.016 17 3.84375 3 0.0218168
595 161010 3591.78 782.522 17 3.72949 3 0.0206193
596 560035 4353.91 717.746 19 3.77344 3 0.0219263
597 159177 3549.02 904.916 17 3.83691 3 0.0218214
598 162418 3853.43 814.334 17 3.90625 3 0.0221422
599 296013 4611.58 920.602 18 4.04102 3 0.0223841
600 295555 4307.27 794.917 18 3.81445 3 0.021819
601 557357 5114.29 958.006 19 4.20996 3 0.0228629
602 158771 4457.67 954.703 17 4.26465 3 0.0228673
603 164733 4079.28 912.851 17 4.06348 3 0.0233001
604 162552 4869.56 983.489 17 4.34766 3 0.0241023
605 295747 4789.25 964.432 18 4.32324 3 0.0230256
606 297466 4711.91 959.636 18 4.26074 3 0.0238583
607 565487 5734.01 986.145 19 4.47754 3 0.0250691
608 162485 5413.18 961.25 17 4.47559 3 0.0244666
609 297937 4566.44 992.422 18 4.37598 3 0.0227844
610 163731 5348.46 986.145 17 4.53125 3 0.0246532
611 4.24551e+06 10028.4 1236.66 22 4.60938 4 0.0244897
612 1.6837e+07 24720.1 999.194 24 4.7832 3 0.0250452
613 6.71775e+07 148107 1437.13 26 5.12207 4 0.0258462
614 8.43728e+06 61348.5 1002.23 23 5.11816 3 0.0255393
615 1.68417e+07 95143.6 954.703 24 4.83789 3 0.0255621
616 3.36185e+07 195686 967.552 25 5.33984 3 0.0262141
617 6.7181e+07 145542 970.606 26 5.04688 3 0.0251861
618 6.7173e+07 154591 986.145 26 5.29492 3 0.0253641
619 3.36192e+07 157201 942.692 25 5.38086 3 0.0276903
620 2.68506e+08 415643 1263.38 28 5.40723 4 0.0274159
621 6.71812e+07 132354 728.411 26 4.43262 3 0.0245904
622 6.71878e+07 232510 1236.66 26 5.34277 4 0.026956
623 1.68368e+07 117964 1621.26 24 5.625 4 0.0272559
624 8.44735e+06 114650 1671.39 23 5.80664 4 0.027811
625 3.36132e+07 97717.8 1433.09 25 5.59668 4 0.0280791
626 3.36132e+07 163742 1655.05 25 5.81738 4 0.028242
627 1.07384e+09 1.34497e+06 1671.39 30 5.99902 4 0.0284743
628 3.36253e+07 160510 1433.09 25 5.57617 4 0.0280741
629 6.71816e+07 187304 970.606 26 5.47559 3 0.0287076
630 3.36227e+07 208396 1412.72 25 5.86621 4 0.0287808
631 6.7183e+07 224086 1712 26 6.13477 4 0.0298194
632 3.36246e+07 248113 1362.83 25 5.78027 4 0.0299441
633 5.36958e+08 853911 1621.26 29 6.20801 4 0.0303139
634 3.3626e+07 213134 2071.86 25 6.44922 5 0.0314421
635 1.34305e+08 389579 1813.59 27 6.52832 4 0.0324296
636 5.36965e+08 1.55004e+06 2115.11 29 6.57227 5 0.0323131
637 5.36959e+08 898953 2625.3 29 6.89551 5 0.0321303
638 5.36956e+08 1.40358e+06 2211.87 29 6.60352 5 0.0325603
639 1.34298e+08 562731 2677.57 27 7.04883 5 0.033155
640 5.3696e+08 1.01454e+06 2334.17 29 7.01465 5 0.0329108
641 2.68525e+08 876050 2264.96 28 6.82031 5 0.0332575
642 3.36145e+07 240110 2272.77 25 6.72266 6 0.0339666
643 1.34294e+08 607060 2570.86 27 6.79102 5 0.0323138
644 2.68503e+08 707944 1684.18 28 6.19043 4 0.0317687
645 5.36943e+08 1.30459e+06 1671.39 29 6.18164 4 0.0328228
646 6.71795e+07 405756 1815.68 26 6.46777 4 0.0338706
647 2.68528e+08 1.29362e+06 2115.11 28 6.69727 5 0.0350131
648 2.68521e+08 720513 2795.37 28 6.90039 5 0.0334444
649 3.36238e+07 374781 2418.01 25 6.78516 5 0.0325856
650 4.29506e+09 4.70224e+06 2630.15 32 6.69629 5 0.0318941
651 8.59006e+09 1.00253e+07 3714.43 33 7.58398 6 0.033548
652 1.37439e+11 1.37577e+08 2317.04 37 6.97559 5 0.0312521
653 2.14758e+09 8.66806e+06 2133.48 31 7.19434 5 0.0316781
654 3.43599e+10 3.742e+07 2565.81 35 7.24902 5 0.0318449
655 1.718e+10 1.94068e+07 2778.96 34 7.33789 5 0.0309035
656 1.37439e+11 1.54828e+08 2766.4 37 7.42871 5 0.0340991
657 5.36966e+08 3.32234e+06 1763.17 29 6.90234 4 0.030655
658 3.43599e+10 7.49142e+07 1735.52 35 6.82227 4 0.0298113
659 1.07384e+09 3.03873e+06 1793.4 30 7.22363 4 0.0306334
660 2.14759e+09 6.1066e+06 2625.3 31 7.21875 5 0.0319119
661 1.37439e+11 1.56982e+08 3076.84 37 7.97168 6 0.0347797
662 1.718e+10 3.04452e+07 3874.74 34 7.99902 6 0.0339087
663 8.59006e+09 2.28616e+07 2736.29 33 7.7168 5 0.0330744
664 8.59006e+09 1.83107e+07 3623.07 33 7.9209 6 0.0342795
665 1.718e+10 2.6995e+07 5213.58 34 8.61328 7 0.035123
666 1.718e+10 2.51116e+07 2663.54 34 7.53613 5 0.0308628
667 8.59004e+09 2.41016e+07 1825.63 33 7.29395 4 0.0316242
668 6.87196e+10 7.9674e+07 4040.28 36 8.43457 6 0.0339888
669 4.29507e+09 9.71079e+06 5187.53 32 8.6709 7 0.0374728
670 2.74878e+11 2.8433e+08 5548.69 38 8.55664 7 0.0374395
671 4.29507e+09 1.20119e+07 5265.08 32 8.76855 7 0.0372438
672 8.59005e+09 2.35322e+07 4102.47 33 8.41211 6 0.0364957
673 1.718e+10 1.98989e+07 6160.4 34 9.08496 8 0.0379094
674 2.14757e+09 7.63162e+06 5307.39 31 8.6377 7 0.038333
675 4.29509e+09 1.14748e+07 4727.44 32 8.6582 7 0.0374173
676 4.29508e+09 1.38373e+07 7094.17 32 9.15234 8 0.0383937
677 2.14759e+09 1.06195e+07 4113.41 31 8.46387 6 0.0358842
678 8.59005e+09 1.68297e+07 5406.59 33 8.78418 7 0.0365341
679 4.29508e+09 1.20856e+07 5332.51 32 9.02734 7 0.0378955
680 3.43599e+10 4.59123e+07 4785.07 35 8.55566 7 0.0358628
681 4.29507e+09 7.30638e+06 4005 32 8.26758 6 0.0346909
682 1.37439e+11 1.45667e+08 3378.48 37 8.11719 6 0.0345435
683 4.29508e+09 1.78737e+07 5438.88 32 8.47949 7 0.0357695
684 5.49756e+11 5.53759e+08 6806.59 39 9.21484 8 0.0369038
685 6.87196e+10 9.62651e+07 6315.86 36 9.0127 8 0.0345764
686 8.59004e+09 2.04011e+07 6882.78 33 9.28809 8 0.0349869
687 4.29508e+09 9.38061e+06 7021.28 32 9.23047 8 0.0357384
688 8.59004e+09 3.96959e+07 9513.42 33 10.252 9 0.0367174
689 3.43599e+10 1.07816e+08 10671.6 35 10.4062 10 0.0390954
690 1.09951e+12 1.16885e+09 11768 40 10.4854 10 0.0383955
691 1.718e+10 3.01373e+07 9236.12 34 10.0176 9 0.0376647
692 8.59005e+09 3.21078e+07 12211 33 10.8496 10 0.0387023
693 1.718e+10 4.13584e+07 10555.5 34 10.4209 10 0.0390157
694 1.718e+10 4.33999e+07 12043 34 10.7812 10 0.0391246
695 6.87196e+10 1.62597e+08 9248.49 36 10.5938 9 0.0401013
696 1.718e+10 1.11011e+08 11841.4 34 11.0449 10 0.0408649
697 2.74878e+11 3.25675e+08 11619.1 38 10.6426 10 0.0401221
698 5.49756e+11 9.37584e+08 12374.2 39 11.3652 10 0.0411283
699 2.19902e+12 2.31516e+09 12071.3 41 11.1621 10 0.0400428
700 6.87196e+10 2.16168e+08 9478.13 36 10.7471 9 0.0395453
701 1.09951e+12 1.12781e+09 9406.74 40 10.6885 9 0.0392889
702 1.37439e+11 2.16293e+08 9334.3 37 10.5137 9 0.0399729
703 1.37439e+11 2.6612e+08 9774.39 37 10.6885 9 0.03943
704 1.718e+10 4.94323e+07 12279.6 34 11.2275 10 0.0392573
705 3.43599e+10 7.77613e+07 11957.3 35 11.1865 10 0.0403982
706 1.718e+10 1.04402e+08 15420.8 34 11.7617 11 0.0422729
707 1.09951e+12 1.41263e+09 15453.8 40 11.8086 11 0.0429957
708 1.37439e+11 3.57361e+08 15946.6 37 12.2725 11 0.0439524
709 1.09951e+12 1.36347e+09 26480.7 40 13.0215 13 0.0471658
710 1.37439e+11 3.7258e+08 20744.9 37 13.0928 12 0.0488532
711 1.37439e+11 3.70696e+08 27046.1 37 13.0508 13 0.0457857
712 6.87196e+10 2.05372e+08 24187.3 36 12.6562 13 0.0459342
713 6.87196e+10 1.80448e+08 26960.7 36 12.8379 13 0.0463712
714 2.74878e+11 6.65465e+08 19706.2 38 12.3271 12 0.0446781
715 2.74878e+11 5.25623e+08 18755.9 38 12.0889 12 0.0431075
716 1.75922e+13 1.75834e+10 15992.4 44 11.9834 11 0.0443173
717 1.37439e+11 4.23499e+08 37152.7 37 13.6035 14 0.047975
718 3.43599e+10 1.99554e+08 35429.9 35 13.4756 14 0.0493633
719 2.74878e+11 6.97224e+08 36583.8 38 13.4082 14 0.0464551
720 1.37439e+11 4.28944e+08 37431.3 37 13.458 14 0.0474466
721 2.19902e+12 4.15774e+09 34650.9 41 13.4502 14 0.0469225
722 1.09951e+12 1.74452e+09 37730.6 40 13.7773 14 0.0495308
723 5.49756e+11 1.08359e+09 38760.4 39 13.9082 14 0.0481475
724 2.74878e+11 1.55208e+09 26722.7 38 13.2695 13 0.0474279
725 4.39805e+12 5.35388e+09 37556.6 42 13.6328 14 0.049699
726 1.09951e+12 1.91313e+09 25800.6 40 13.4004 13 0.0489499
727 8.79609e+12 1.18371e+10 38097.6 43 14.2305 14 0.0487383
728 1.09951e+12 1.86964e+09 55296.6 40 14.3037 15 0.0491905
729 4.39805e+12 5.86859e+09 38527.2 42 14.6504 14 0.0497439
730 8.79609e+12 1.27321e+10 38574.1 43 14.0791 14 0.0477151
731 2.74878e+11 1.54237e+09 37927.3 38 13.9395 14 0.0495715
732 8.79609e+12 1.41081e+10 57360.3 43 14.2227 15 0.048141
733 8.79609e+12 1.33248e+10 56464.2 43 14.0244 15 0.048744
734 5.49756e+11 2.21158e+09 37355.7 39 13.8281 14 0.0504668
735 2.19902e+12 3.96775e+09 53012.3 41 14.1709 15 0.0493209
736 8.79609e+12 1.76049e+10 56464.2 43 14.5898 15 0.0519094
737 1.40737e+14 1.41413e+11 92145.3 47 14.9014 16 0.0517606
738 8.79609e+12 1.26014e+10 92651.3 43 15.1875 16 0.0520438
739 1.09951e+12 4.15309e+09 155119 40 15.8594 17 0.0542344
740 1.09951e+12 2.76066e+09 94232.3 40 15.3838 16 0.0544885
741 5.6295e+14 5.65566e+11 56407.1 49 14.5479 15 0.0519632
742 7.03687e+13 7.13485e+10 39543.8 46 14.3242 14 0.051903
743 4.39805e+12 8.00447e+09 57821.4 42 14.5723 15 0.0528144
744 1.09951e+12 4.75393e+09 58008.1 40 14.6582 15 0.0511036
745 3.51844e+13 6.38735e+10 93756.7 45 15.332 16 0.0566325
746 4.39805e+12 1.06387e+10 91435.6 42 14.9121 16 0.0537717
747 3.51844e+13 5.93076e+10 92901 45 15.4053 16 0.0535753
748 4.39805e+12 9.8357e+09 95375.2 42 15.6777 16 0.0543543
749 2.19902e+12 6.21858e+09 161704 41 15.9727 17 0.0562415
750 1.40737e+14 1.53021e+11 161359 47 15.7324 17 0.0566368
751 5.49756e+11 2.42175e+09 159067 39 16.0361 17 0.0562269
752 1.75922e+13 2.96315e+10 162385 44 16.4902 17 0.0595814
753 1.09951e+12 2.6308e+09 93271.3 40 15.9346 16 0.0537915
754 1.09951e+12 2.88613e+09 58760.5 40 14.835 15 0.0553288
755 2.19902e+12 6.83273e+09 157341 41 15.5527 17 0.0556163
756 1.75922e+13 3.21472e+10 295131 44 16.5391 18 0.0577918
757 2.19902e+12 1.13189e+10 559820 41 17.4766 19 0.0616118
758 2.2518e+15 2.20198e+12 162385 51 16.499 17 0.0603649
759 4.39805e+12 9.46656e+09 297246 42 17.4463 18 0.0619426
760 1.75922e+13 3.63131e+10 164049 44 16.6553 17 0.0600233
761 4.39805e+12 6.89927e+09 163050 42 16.1719 17 0.0610908
762 8.79609e+12 1.45731e+10 296278 43 16.7588 18 0.0602443
763 2.19902e+12 5.26295e+09 295247 41 16.2666 18 0.064229
764 1.09951e+12 5.05396e+09 160939 40 16.2139 17 0.0605487
765 2.81475e+14 2.81593e+11 160301 48 15.8584 17 0.0587359
766 2.19902e+12 1.01824e+10 293753 41 16.499 18 0.0597377
767 1.75922e+13 3.35505e+10 161324 44 15.8643 17 0.0602476
768 2.81475e+14 2.82239e+11 93876.6 48 15.5283 16 0.058548
769 2.81475e+14 3.34264e+11 295247 48 16.8408 18 0.061372
770 8.79609e+12 1.69508e+10 94553.4 43 15.8691 16 0.0589651
771 1.40737e+14 1.60889e+11 93636.3 47 15.3047 16 0.0574472
772 1.1259e+15 2.24442e+12 94582.3 50 15.2363 16 0.05557
773 2.81475e+14 4.10197e+11 58633.3 48 15.124 15 0.0585832
774 1.40737e+14 2.34409e+11 160834 47 15.8916 17 0.0596381
775 2.81475e+14 4.54597e+11 158548 48 15.8076 17 0.0623712
776 2.81475e+14 3.17011e+11 162752 48 16.2363 17 0.0612053
777 1.40737e+14 1.68035e+11 290119 47 16.6201 18 0.0624474
778 1.1259e+15 1.22413e+12 5548.69 50 12.4111 7 0.0559178
779 5.6295e+14 6.96904e+11 162619 49 16.418 17 0.0611803
780 4.5036e+15 4.58461e+12 163667 52 16.6328 17 0.0632439
781 1.1259e+15 1.77106e+12 564571 50 17.3037 19 0.0652006
782 1.40737e+14 2.80702e+11 298402 47 16.9668 18 0.066313
783 7.03687e+13 1.94876e+11 294269 46 16.6152 18 0.0641496
784 2.81475e+14 4.5123e+11 161910 48 16.4258 17 0.0633276
785 1.1259e+15 2.01182e+12 563112 50 18.2295 19 0.0669367
786 7.03687e+13 1.39726e+11 164610 46 16.7686 17 0.0653656
787 4.39805e+12 3.55784e+10 163954 42 16.3369 17 0.0649388
788 1.1259e+15 1.74405e+12 58861.5 50 15.6543 15 0.0616334
789 5.6295e+14 1.11072e+12 561180 49 17.4834 19 0.0644996
790 2.81475e+14 4.7356e+11 564917 48 17.8525 19 0.0681074
791 1.44115e+17 1.41603e+14 296766 57 17.0156 18 0.0634764
792 9.0072e+15 1.04348e+13 559518 53 17.9365 19 0.0653871
793 5.6295e+14 1.29388e+12 2.14227e+06 49 19.1406 21 0.0689867
794 7.03687e+13 2.32404e+11 4.24541e+06 46 20.2451 22 0.071665
795 7.03687e+13 1.79098e+11 1.09027e+06 46 18.7354 20 0.0698926
796 7.03687e+13 4.00308e+11 563152 46 18.0752 19 0.0657504
797 5.6295e+14 8.26532e+11 2.14512e+06 49 19.457 21 0.0747885
798 3.60288e+16 3.94345e+13 563947 55 17.5381 19 0.0661515
799 2.2518e+15 2.44786e+12 1.09258e+06 51 18.4756 20 0.0673949
800 1.80144e+16 1.81518e+13 4.24597e+06 54 19.6992 22 0.0706376
801 1.40737e+14 4.2692e+11 2.14414e+06 47 19.4385 21 0.0714303
802 2.81475e+14 9.45403e+11 2.14232e+06 48 18.6406 21 0.0679909
803 1.80144e+16 1.7969e+13 565374 54 18.0488 19 0.0685531
804 2.81475e+14 5.4261e+11 563472 48 17.3906 19 0.0694084
805 1.1259e+15 2.17373e+12 1.09181e+06 50 18.0342 20 0.0664031
806 1.1259e+15 2.31493e+12 163922 50 17.0391 17 0.0690948
807 5.76461e+17 5.63572e+14 94437.2 59 16.9941 16 0.0691269
808 5.6295e+14 1.28335e+12 297356 49 17.6621 18 0.0657026
809 5.6295e+14 1.23598e+12 161944 49 17.0586 17 0.0670167
810 1.40737e+14 2.2702e+11 160657 47 16.5547 17 0.0641822
811 7.03687e+13 1.5259e+11 57578.6 46 15.4873 15 0.0649899
812 1.80144e+16 1.91136e+13 57497 54 15.4941 15 0.060962
813 1.40737e+14 2.56863e+11 38194.1 47 14.8525 14 0.057232
814 7.03687e+13 2.31588e+11 293872 46 16.6357 18 0.0639531
815 5.76461e+17 5.63597e+14 161978 59 16.5234 17 0.0647639
816 4.5036e+15 6.91771e+12 564026 52 18.2422 19 0.0664351
817 7.03687e+13 2.77625e+11 558952 46 18.0723 19 0.0658163
818 2.8823e+17 2.83096e+14 1.08752e+06 58 18.8145 20 0.0728801
819 7.03687e+13 3.75717e+11 296914 46 17.5879 18 0.0665989
820 1.1259e+15 2.64982e+12 292622 50 17.2783 18 0.0634624
821 1.44115e+17 1.41454e+14 565712 57 18.4756 19 0.0689333
822 5.6295e+14 1.51661e+12 563789 49 18.5098 19 0.0695033
823 4.5036e+15 6.49196e+12 560206 52 17.7588 19 0.0663613
824 5.6295e+14 8.7636e+11 1.09058e+06 49 18.0732 20 0.0688483
825 5.6295e+14 1.23331e+12 2.14386e+06 49 19.2031 21 0.0700516
826 1.1259e+15 1.94039e+12 4.24381e+06 50 19.627 22 0.0743161
827 2.2518e+15 2.85365e+12 4.24727e+06 51 20.084 22 0.0758708
828 1.80144e+16 1.83489e+13 2.14198e+06 54 19.167 21 0.0726734
829 1.1259e+15 2.07591e+12 1.0908e+06 50 18.5664 20 0.0705543
830 2.2518e+15 5.84847e+12 300052 51 18.1211 18 0.0711016
831 1.1259e+15 1.8533e+12 159870 50 17.1953 17 0.0660249
832 4.5036e+15 7.93649e+12 298963 52 17.9326 18 0.0681681
833 1.84467e+19 1.80178e+16 296803 64 17.8154 18 0.0679317
834 2.8823e+17 4.4028e+14 2.1439e+06 58 20.126 21 0.0767343
835 7.20576e+16 9.82615e+13 4.24323e+06 56 20.5674 22 0.0774487
836 1.80144e+16 3.41741e+13 2.14456e+06 54 20.1738 21 0.0740314
837 1.44115e+17 2.19239e+14 560801 57 19.208 19 0.0744448
838 2.8823e+17 5.18814e+14 560505 58 19.1299 19 0.0764867
839 1.80144e+16 4.60744e+13 560886 54 18.9219 19 0.0724419
840 9.0072e+15 3.29376e+13 1.09027e+06 53 19.4463 20 0.0735173
841 4.5036e+15 1.37622e+13 563071 52 19.2109 19 0.073435
842 4.5036e+15 1.38369e+13 1.09232e+06 52 19.2539 20 0.0727783
843 4.5036e+15 8.27459e+12 560505 52 18.5078 19 0.0692351
844 2.30584e+18 2.30021e+15 296728 61 18.3555 18 0.0740512
845 3.60288e+16 6.00176e+13 295092 55 18.1855 18 0.0696267
846 3.60288e+16 3.76251e+13 56972.6 55 16.4492 15 0.0609277
847 1.44115e+17 1.43365e+14 161497 57 16.8965 17 0.0629083
848 1.44115e+17 1.45487e+14 563192 57 18.25 19 0.0661674
849 1.1259e+15 4.46744e+12 564026 50 18.2061 19 0.0658884
850 1.80144e+16 1.84599e+13 298719 54 17.8613 18 0.0648777
851 2.2518e+15 4.8555e+12 2.13989e+06 51 19.0566 21 0.0702799
852 9.0072e+15 1.50655e+13 565449 53 18.2578 19 0.0649751
853 2.2518e+15 3.53776e+12 161773 51 17.3086 17 0.0660333
854 2.8823e+17 3.09883e+14 293872 58 17.7051 18 0.0664224
855 3.60288e+16 4.16882e+13 1.08877e+06 55 18.8652 20 0.0677698
856 5.6295e+14 2.56417e+12 295555 49 18.4434 18 0.0678174
857 9.0072e+15 2.32349e+13 1.08776e+06 53 18.7998 20 0.0722558
858 2.8823e+17 3.03498e+14 163279 58 18.0635 17 0.0700443
859 1.44115e+17 1.80061e+14 562789 57 18.6631 19 0.0713656
860 2.8823e+17 2.98234e+14 161876 58 18.085 17 0.0759421
861 1.1259e+15 4.18436e+12 295517 50 17.5195 18 0.0630144
862 7.20576e+16 2.31191e+14 160834 56 17.5303 17 0.0675479
863 5.76461e+17 8.7702e+14 55828.3 59 16.3281 15 0.0647339
864 7.20576e+16 1.73816e+14 93666.4 56 17.4678 16 0.0681223
865 1.84467e+19 1.8093e+16 557447 64 18.7129 19 0.0718619
866 7.20576e+16 2.49312e+14 565184 56 19.7656 19 0.0771944
867 7.3787e+19 7.72897e+16 561681 66 19.8008 19 0.0769326
868 1.15292e+18 1.80627e+15 2.13928e+06 60 19.9873 21 0.0787784
869 1.15292e+18 1.6976e+15 560547 60 19.0244 19 0.0762945
870 1.15292e+18 1.21001e+15 161566 60 18.0625 17 0.0782187
871 3.68935e+19 4.09653e+16 2.13938e+06 65 21.0645 21 0.0843578
872 1.15292e+18 1.89995e+15 1.09053e+06 60 20.6572 20 0.0825788
873 1.84467e+19 2.76009e+16 1.08653e+06 64 20.2432 20 0.0801019
874 1.15292e+18 1.85983e+15 564299 60 19.8379 19 0.077382
875 5.76461e+17 6.37639e+14 1.08686e+06 59 20.4775 20 0.0811104
876 5.90296e+20 5.7774e+17 1.08509e+06 69 20.0713 20 0.0773953
877 4.61169e+18 4.98401e+15 561640 62 19.9971 19 0.0783963
878 7.20576e+16 1.67435e+14 561971 56 19.8135 19 0.0832111
879 2.30584e+18 2.32878e+15 2.13908e+06 61 20.7754 21 0.0843872
880 1.44115e+17 2.17116e+14 1.08677e+06 57 20.248 20 0.0820913
881 1.15292e+18 2.07016e+15 1.08873e+06 60 20.083 20 0.0853846
882 5.76461e+17 8.24798e+14 2.13654e+06 59 20.835 21 0.0840955
883 1.80144e+16 6.25664e+13 563392 54 19.5479 19 0.0771695
884 1.15292e+18 1.77946e+15 296127 60 18.6279 18 0.0729677
885 5.76461e+17 6.72614e+14 292581 59 19.0352 18 0.0756111
886 2.8823e+17 6.19719e+14 1.08178e+06 58 20.209 20 0.0784709
887 7.20576e+16 3.14594e+14 297865 56 19.3008 18 0.0790105
888 4.61169e+18 4.69205e+15 90342.4 62 17.6475 16 0.0708291
889 1.44115e+17 3.54861e+14 92399.4 57 18.2383 16 0.0740544
890 3.68935e+19 3.8588e+16 54633.6 65 17.3242 15 0.0719691
891 5.76461e+17 1.30045e+15 56606.6 59 17.4209 15 0.0718811
892 2.95148e+20 2.8946e+17 92525.7 68 18.2754 16 0.0765608
893 2.30584e+18 2.56175e+15 55385.9 61 16.9941 15 0.0716683
894 9.0072e+15 4.24611e+13 57497 53 17.5303 15 0.0706483
895 2.8823e+17 3.60101e+14 57387.7 58 17.625 15 0.0701733
896 2.8823e+17 8.43831e+14 157188 58 18.1738 17 0.0716876
897 5.76461e+17 1.71147e+15 55207.1 59 16.7744 15 0.0678621
898 2.8823e+17 3.64682e+14 51618.4 58 16.7881 15 0.0721464
899 1.84467e+19 1.88684e+16 56177.1 64 17.1055 15 0.0729389
900 2.8823e+17 6.3135e+14 25800.6 58 15.9404 13 0.0735336
901 1.44115e+17 2.35904e+14 14449.5 57 14.8613 11 0.0644568
902 7.20576e+16 2.07338e+14 25823.7 56 15.7422 13 0.068744
903 2.30584e+18 2.27794e+15 24827.9 61 15.4297 13 0.0674015
904 5.76461e+17 1.05135e+15 38313.9 59 16.8408 14 0.0674896
905 4.61169e+18 4.65348e+15 36557.6 62 15.9746 14 0.0633814
906 7.20576e+16 1.33422e+14 18880.8 56 15.4521 12 0.0631177
907 1.15292e+18 1.28984e+15 19249.3 60 15.2061 12 0.0642879
908 2.30584e+18 2.5115e+15 26324.5 61 16.25 13 0.066824
909 1.84467e+19 1.90586e+16 24485.1 64 16.5225 13 0.0688186
910 1.44115e+17 3.28512e+14 25450.3 57 16.4248 13 0.0668732
911 1.84467e+19 2.14283e+16 90241.4 64 17.6553 16 0.0722556
912 3.68935e+19 3.64146e+16 26917.7 65 16.5273 13 0.0703842
913 5.76461e+17 1.8199e+15 291342 59 19.2871 18 0.0775264
914 2.8823e+17 5.88311e+14 158024 58 18.1289 17 0.076929
915 3.68935e+19 3.66885e+16 91824.7 65 17.9912 16 0.0728235
916 1.84467e+19 1.97027e+16 2.13836e+06 64 21.627 21 0.086802
917 2.8823e+17 4.75501e+14 1.08465e+06 58 20.291 20 0.0828843
918 9.22337e+18 9.55606e+15 564221 63 20.6104 19 0.0831062
919 4.61169e+18 1.04462e+16 2.14456e+06 62 21.4844 21 0.0837309
920 2.30584e+18 2.43194e+15 1.08338e+06 61 20.5049 20 0.0842519
921 5.90296e+20 5.8286e+17 1.08854e+06 69 20.7305 20 0.0868076
922 9.22337e+18 1.02577e+16 1.09146e+06 63 21.165 20 0.0862681
923 9.44473e+21 9.24309e+18 555354 73 20.252 19 0.0838176
924 1.84467e+19 2.81425e+16 160122 64 18.4883 17 0.0773337
925 5.76461e+17 1.18193e+15 292006 59 18.9814 18 0.0781963
926 5.90296e+20 5.79358e+17 561888 69 19.7471 19 0.0803767
927 4.61169e+18 1.01207e+16 559949 62 20.6904 19 0.0868675
928 5.90296e+20 5.8503e+17 1.09076e+06 69 21.0459 20 0.0869589
929 3.68935e+19 3.86252e+16 1.08776e+06 65 20.7686 20 0.0853909
930 2.30584e+18 4.91389e+15 4.23499e+06 61 21.1562 22 0.0905929
931 3.02231e+23 2.95174e+20 560163 78 20.1396 19 0.0838946
932 1.47574e+20 1.46411e+17 293513 67 18.9102 18 0.087379
933 1.15292e+18 1.26485e+15 157341 60 17.7373 17 0.0753419
934 5.90296e+20 5.79074e+17 293912 69 19.3623 18 0.0839835
935 1.47574e+20 1.4709e+17 294936 67 19.6904 18 0.0812078
936 5.90296e+20 5.77193e+17 36426.1 69 17.0391 14 0.0752536
937 4.61169e+18 5.23081e+15 18755.9 62 16.3506 12 0.0722818
938 5.76461e+17 9.68102e+14 9513.42 59 14.3789 9 0.0604362
939 7.3787e+19 7.50973e+16 37330.4 66 17.0283 14 0.0709552
940 9.22337e+18 1.07519e+16 20621.4 63 16.0684 12 0.0690824
941 1.15292e+18 1.99293e+15 27926.2 60 16.709 13 0.0700257
942 7.3787e+19 7.22268e+16 56663.2 66 17.0225 15 0.0730883
943 2.95148e+20 2.93081e+17 56634.9 68 18.1787 15 0.0735809
944 2.30584e+18 4.67952e+15 558027 61 20.5938 19 0.0843746
945 2.30584e+18 3.41947e+15 557982 61 20.8828 19 0.0828012
946 4.61169e+18 1.12646e+16 1.08905e+06 62 21.4619 20 0.0875998
947 7.3787e+19 8.27144e+16 2.13473e+06 66 21.2334 21 0.0867933
948 2.30584e+18 7.35172e+15 4.245e+06 61 22.7676 22 0.0941534
949 1.47574e+20 1.45395e+17 4.24449e+06 67 22.8555 22 0.0906258
950 3.68935e+19 3.80751e+16 8.44397e+06 65 22.3789 23 0.095199
951 4.61169e+18 7.73252e+15 8.43439e+06 62 21.8477 23 0.0878059
952 3.68935e+19 7.15701e+16 1.68245e+07 65 23.7168 24 0.0932551
953 9.22337e+18 1.08881e+16 8.44061e+06 63 22.8564 23 0.0909531
954 5.76461e+17 1.32016e+15 93393.5 59 18.5869 16 0.079343
955 1.15292e+18 1.61856e+15 293952 60 19.3643 18 0.0828646
956 5.76461e+17 7.92471e+14 296803 59 20.0889 18 0.0830832
957 2.8823e+17 6.81499e+14 1.09163e+06 58 20.8428 20 0.0879405
958 1.15292e+18 2.43523e+15 562464 60 20.4814 19 0.0861487
959 1.15292e+18 1.55128e+15 2.13532e+06 60 21.4785 21 0.0894035
960 9.22337e+18 9.51732e+15 1.09219e+06 63 21.2383 20 0.0856354
961 5.76461e+17 1.96446e+15 4.24158e+06 59 22.2939 22 0.0916593
962 9.22337e+18 1.17949e+16 4.24551e+06 63 22.7334 22 0.0897212
963 4.61169e+18 1.22624e+16 1.68371e+07 62 24.6309 24 0.100572
964 1.15292e+18 6.26111e+15 4.24791e+06 60 23.668 22 0.0967928
965 7.3787e+19 1.11562e+17 8.43579e+06 66 23.4258 23 0.0942698
966 4.61169e+18 1.12396e+16 1.68257e+07 62 24.1875 24 0.100019
967 1.47574e+20 1.88992e+17 1.68314e+07 67 24.6084 24 0.0997137
968 1.84467e+19 4.20117e+16 560334 64 21.4424 19 0.102625
969 7.3787e+19 1.03598e+17 2.13882e+06 66 22.1885 21 0.0958437
970 9.22337e+18 2.00245e+16 1.68321e+07 63 23.9375 24 0.101181
971 1.84467e+19 3.79973e+16 8.43585e+06 64 23.4736 23 0.0981067
972 2.36118e+21 2.31449e+18 8.44693e+06 71 24.3818 23 0.100024
973 4.72237e+21 4.92905e+18 8.44375e+06 72 23.7383 23 0.0992927
974 2.36118e+21 2.32646e+18 1.68269e+07 71 24.3184 24 0.0993033
975 1.47574e+20 2.13273e+17 1.68344e+07 67 24.7393 24 0.103649
976 7.3787e+19 7.36384e+16 1.68328e+07 66 24.0117 24 0.0986937
977 4.72237e+21 4.78212e+18 8.44169e+06 72 24.0732 23 0.103237
978 2.95148e+20 4.37909e+17 4.24217e+06 68 23.0625 22 0.101732
979 1.18059e+21 1.20704e+18 3.3611e+07 70 25.084 25 0.105279
980 1.84467e+19 4.81941e+16 6.71699e+07 64 26.1475 26 0.10902
981 3.68935e+19 8.58982e+16 6.71699e+07 65 26.248 26 0.114104
982 1.47574e+20 2.03855e+17 1.68351e+07 67 24.8975 24 0.109811
983 1.47574e+20 3.75233e+17 6.71583e+07 67 26.2061 26 0.116502
984 5.90296e+20 3.01979e+18 6.71682e+07 69 27.2852 26 0.11762
985 7.3787e+19 3.72031e+17 3.36041e+07 66 26.3467 25 0.119439
986 3.68935e+19 1.09529e+17 3.36092e+07 65 26.1943 25 0.113956
987 2.36118e+21 4.49347e+18 6.71634e+07 71 26.7734 26 0.120424
988 2.36118e+21 2.81884e+18 6.71602e+07 71 26.3662 26 0.115837
989 2.95148e+20 7.27384e+17 6.71661e+07 68 26.4707 26 0.114364
990 9.44473e+21 1.06374e+19 3.36164e+07 73 26.1719 25 0.113311
991 2.95148e+20 4.88381e+17 4.24381e+06 68 22.8564 22 0.103248
992 3.68935e+19 6.69711e+16 4.24318e+06 65 23.3037 22 0.10557
993 3.68935e+19 1.00435e+17 4.23123e+06 65 22.6133 22 0.099911
994 5.90296e+20 9.01214e+17 8.44049e+06 69 24.1875 23 0.10585
995 5.90296e+20 1.27906e+18 3.36111e+07 69 25.626 25 0.112621
996 5.90296e+20 9.9279e+17 6.71579e+07 69 26.1377 26 0.119105
997 1.18059e+21 1.89833e+18 1.68335e+07 70 24.8643 24 0.104397
998 5.90296e+20 7.32482e+17 3.36062e+07 69 25.4424 25 0.112623
999 7.3787e+19 9.729e+16 1.6829e+07 66 25.2646 24 0.11315
1000 1.18059e+21 1.16178e+18 1.68309e+07 70 24.541 24 0.105784
1001 9.44473e+21 1.0636e+19 1.34285e+08 73 27.6514 27 0.117756
1002 1.84467e+19 4.3239e+16 1.68316e+07 64 25.2949 24 0.10773
1003 2.95148e+20 3.76932e+17 1.6824e+07 68 24.5029 24 0.102756
1004 2.95148e+20 6.76714e+17 6.71755e+07 68 26.4268 26 0.112543
1005 7.3787e+19 1.70811e+17 3.36066e+07 66 24.8711 25 0.109881
1006 2.95148e+20 3.56189e+17 1.68247e+07 68 23.9678 24 0.106135
1007 2.36118e+21 2.63487e+18 4.24355e+06 71 23.2656 22 0.100759
1008 1.47574e+20 3.06444e+17 3.36184e+07 67 25.752 25 0.115628
1009 5.90296e+20 9.00737e+17 3.36049e+07 69 25.1289 25 0.110652
1010 2.95148e+20 5.54116e+17 8.43615e+06 68 24.0439 23 0.109484
1011 4.72237e+21 4.83306e+18 8.43928e+06 72 24.3232 23 0.109622
1012 1.18059e+21 1.68015e+18 1.34285e+08 70 27.0986 27 0.120319
1013 1.84467e+19 7.14971e+16 8.43218e+06 64 24.335 23 0.11032
1014 5.90296e+20 9.83843e+17 8.42967e+06 69 23.2471 23 0.106455
1015 1.18059e+21 1.85123e+18 2.14256e+06 70 22.5527 21 0.107666
1016 5.90296e+20 1.07805e+18 1.08553e+06 69 21.6953 20 0.101156
1017 4.72237e+21 4.75801e+18 4.23401e+06 72 23.0908 22 0.107779
1018 7.55579e+22 7.41101e+19 2.13836e+06 76 22.6514 21 0.106555
1019 5.90296e+20 1.64573e+18 1.68271e+07 69 24.6221 24 0.112428
1020 1.18059e+21 1.21464e+18 4.2384e+06 70 23.0449 22 0.10565
1021 2.95148e+20 6.80708e+17 3.36031e+07 68 26.123 25 0.121593
1022 1.47574e+20 2.40914e+17 8.4291e+06 67 23.7969 23 0.123129
1023 2.95148e+20 5.32175e+17 8.42852e+06 68 23.7402 23 0.112467
1024 3.68935e+19 7.70251e+16 4.2419e+06 65 23.2754 22 0.10764
1025 4.61169e+18 1.75472e+16 8.43997e+06 62 24.1787 23 0.120961
1026 5.90296e+20 6.08721e+17 8.4318e+06 69 23.5752 23 0.112215
1027 3.68935e+19 6.83715e+16 8.43298e+06 65 23.4863 23 0.110812
1028 7.3787e+19 1.80993e+17 2.14256e+06 66 22.9219 21 0.105647
1029 5.90296e+20 1.62007e+18 4.24577e+06 69 23.6455 22 0.107783
1030 4.72237e+21 7.55169e+18 8.4347e+06 72 23.6191 23 0.107036
1031 9.44473e+21 1.97224e+19 4.24682e+06 73 23.9893 22 0.103668
1032 3.77789e+22 3.74315e+19 1.68238e+07 75 24.1807 24 0.109752
1033 2.95148e+20 5.85175e+17 8.43692e+06 68 24.3252 23 0.10925
1034 1.88895e+22 2.55212e+19 4.24281e+06 74 23.8145 22 0.106866
1035 1.18059e+21 1.46739e+18 2.13617e+06 70 22.8506 21 0.106435
1036 1.54743e+26 1.51123e+23 296988 87 21.4268 18 0.100967
1037 9.44473e+21 1.1536e+19 1.0878e+06 73 21.2969 20 0.103877
1038 5.90296e+20 6.5648e+17 559863 69 20.2822 19 0.0926775
1039 7.3787e+19 8.57252e+16 556681 66 20.3975 19 0.0988831
1040 2.36118e+21 2.32136e+18 4.23301e+06 71 22.707 22 0.103532
1041 1.88895e+22 2.02115e+19 8.44314e+06 74 24.9238 23 0.115505
1042 4.72237e+21 5.02055e+18 8.43675e+06 72 24.6719 23 0.119062
1043 7.55579e+22 7.40155e+19 4.23762e+06 76 23.8711 22 0.121675
1044 2.36118e+21 2.54734e+18 8.43823e+06 71 24.2578 23 0.109379
1045 5.90296e+20 9.53343e+17 564182 69 21.96 19 0.109511
1046 1.84467e+19 2.38675e+16 4.2435e+06 64 23.3252 22 0.103626
1047 1.84467e+19 3.37395e+16 160086 64 19.8418 17 0.092933
1048 9.44473e+21 1.09688e+19 557267 73 20.457 19 0.0954808
1049 4.61169e+18 9.99053e+15 1.08634e+06 62 21.5049 20 0.0942959
1050 1.18059e+21 1.24014e+18 1.08397e+06 70 21.7998 20 0.0993062
1051 1.18059e+21 1.22711e+18 1.09027e+06 70 21.834 20 0.0964377
1052 3.68935e+19 6.14714e+16 157303 65 17.9463 17 0.0841829
1053 1.15292e+18 3.57428e+15 560970 60 20.9951 19 0.0951333
1054 9.22337e+18 2.12876e+16 2.14054e+06 63 22.2119 21 0.0995368
1055 5.90296e+20 7.71944e+17 4.22955e+06 69 22.5732 22 0.104155
1056 2.36118e+21 3.24789e+18 4.24142e+06 71 23.6396 22 0.101529
1057 1.47574e+20 3.6055e+17 2.13701e+06 67 22.6963 21 0.103235
1058 1.18059e+21 1.18502e+18 4.24556e+06 70 23.6084 22 0.104507
1059 1.88895e+22 1.90634e+19 2.13841e+06 74 22.8281 21 0.0996973
1060 7.55579e+22 7.40168e+19 1.68352e+07 76 25.3242 24 0.109212
1061 6.04463e+23 5.95163e+20 3.36139e+07 79 25.7705 25 0.11209
1062 9.44473e+21 1.20028e+19 6.71633e+07 73 25.9736 26 0.116797
1063 4.8357e+24 4.72872e+21 6.7165e+07 82 26.8721 26 0.115985
1064 7.3787e+19 2.37716e+17 1.34281e+08 66 27.4512 27 0.118452
1065 2.95148e+20 6.99002e+17 6.71656e+07 68 26.3311 26 0.114637
1066 9.44473e+21 1.65066e+19 6.71656e+07 73 26.8496 26 0.117402
1067 5.90296e+20 8.22282e+17 3.36122e+07 69 26.6104 25 0.112184
1068 5.90296e+20 8.02473e+17 3.36119e+07 69 26.4639 25 0.113053
1069 1.51116e+23 1.89229e+20 6.71665e+07 77 26.6504 26 0.114798
1070 1.88895e+22 2.18198e+19 6.71725e+07 74 27.7139 26 0.119295
1071 5.90296e+20 1.13546e+18 3.36135e+07 69 26.4619 25 0.113604
1072 5.90296e+20 6.97601e+17 6.71724e+07 69 26.9482 26 0.113344
1073 5.90296e+20 9.46948e+17 1.34285e+08 69 27.3203 27 0.115869
1074 4.72237e+21 6.31033e+18 8.43549e+06 72 24.0918 23 0.116533
1075 4.72237e+21 4.70716e+18 2.14324e+06 72 23.3213 21 0.101495
1076 5.90296e+20 6.42747e+17 2.14484e+06 69 23.4102 21 0.107386
1077 9.44473e+21 1.99015e+19 1.08748e+06 73 22.5312 20 0.102652
1078 7.3787e+19 1.87326e+17 4.2333e+06 66 23.7979 22 0.102752
1079 1.84467e+19 6.47211e+16 8.43799e+06 64 25.0195 23 0.105076
1080 1.20893e+24 1.18195e+21 3.3615e+07 80 25.6367 25 0.113424
1081 2.36118e+21 3.95164e+18 1.68181e+07 71 24.6094 24 0.107843
1082 1.18059e+21 1.59026e+18 1.68341e+07 70 24.6631 24 0.112374
1083 1.18059e+21 1.47927e+18 4.24207e+06 70 23.7529 22 0.100581
1084 3.68935e+19 5.02624e+16 1.68363e+07 65 24.5381 24 0.107106
1085 2.36118e+21 4.05928e+18 1.68342e+07 71 25.0068 24 0.110546
1086 1.84467e+19 4.99237e+16 1.08582e+06 64 22.4902 20 0.103747
1087 4.72237e+21 6.84163e+18 2.14242e+06 72 23.832 21 0.101587
1088 9.44473e+21 9.46621e+18 1.6834e+07 73 25.3398 24 0.106628
1089 7.3787e+19 1.18827e+17 4.23957e+06 66 24.1143 22 0.102909
1090 5.90296e+20 7.96925e+17 8.44314e+06 69 24.7949 23 0.105241
1091 2.36118e+21 2.56058e+18 4.24297e+06 71 24.792 22 0.106862
1092 5.90296e+20 9.73727e+17 2.14158e+06 69 23.7881 21 0.10823
1093 3.68935e+19 1.28564e+17 4.24201e+06 65 24.1387 22 0.111977
1094 5.90296e+20 1.28887e+18 3.36099e+07 69 25.5166 25 0.11536
1095 3.68935e+19 1.07098e+17 2.14183e+06 65 23.3154 21 0.102288
1096 9.44473e+21 1.40634e+19 1.08785e+06 73 23.1299 20 0.107998
1097 4.72237e+21 4.8903e+18 4.23907e+06 72 24.0732 22 0.105183
1098 4.72237e+21 5.06876e+18 1.68292e+07 72 25.1406 24 0.107787
1099 4.72237e+21 7.2508e+18 4.24839e+06 72 23.5596 22 0.104102
1100 5.90296e+20 1.19567e+18 8.43585e+06 69 24.2969 23 0.105336
1101 1.88895e+22 1.90502e+19 2.13994e+06 74 23.2861 21 0.103483
1102 1.88895e+22 1.98706e+19 1.68304e+07 74 25.6738 24 0.114551
1103 3.02231e+23 2.9559e+20 1.34282e+08 78 27.0088 27 0.119036
1104 2.95148e+20 7.81989e+17 6.71854e+07 68 26.9902 26 0.126936
1105 7.55579e+22 8.48301e+19 1.68361e+07 76 26.083 24 0.121655
1106 5.90296e+20 1.00851e+18 4.23728e+06 69 24.5723 22 0.10859
1107 9.44473e+21 1.51136e+19 1.68216e+07 73 25.6699 24 0.119077
1108 1.88895e+22 2.98686e+19 6.71594e+07 74 26.6318 26 0.117543
1109 1.18059e+21 1.44625e+18 558248 70 22.2852 19 0.109892
1110 9.44473e+21 1.22809e+19 1.68283e+07 73 26.2217 24 0.119536
1111 5.90296e+20 1.46159e+18 1.68307e+07 69 25.3242 24 0.116708
1112 3.77789e+22 4.82706e+19 560717 75 22.7363 19 0.109367
1113 9.44473e+21 1.03738e+19 1.68311e+07 73 25.6162 24 0.114731
1114 2.36118e+21 5.99015e+18 2.68498e+08 71 27.8369 28 0.121691
1115 7.55579e+22 7.52317e+19 1.34286e+08 76 28.167 27 0.123978
1116 2.95148e+20 1.17195e+18 5.3693e+08 68 27.6514 29 0.133831
1117 2.36118e+21 3.80313e+18 3.36213e+07 71 26.0127 25 0.12269
1118 1.51116e+23 2.26416e+20 4.24028e+06 77 24.8555 22 0.122971
1119 4.8357e+24 4.72711e+21 8.44146e+06 82 24.8711 23 0.11387
1120 9.44473e+21 1.77212e+19 2.14419e+06 73 24.415 21 0.114452
1121 1.20893e+24 1.77171e+21 4.24381e+06 80 24.8203 22 0.114668
1122 2.95148e+20 6.08237e+17 4.24712e+06 68 25.1104 22 0.120527
1123 2.41785e+24 2.36616e+21 8.44197e+06 81 24.96 23 0.114787
1124 1.18059e+21 3.07065e+18 1.34282e+08 70 27.584 27 0.119894
1125 9.44473e+21 1.72154e+19 8.44219e+06 73 25.085 23 0.121355
1126 1.88895e+22 3.13041e+19 3.36096e+07 74 25.9795 25 0.115119
1127 5.90296e+20 1.56688e+18 4.24223e+06 69 24.6035 22 0.110875
1128 2.41785e+24 2.51824e+21 8.43916e+06 81 25.4072 23 0.119255
1129 6.04463e+23 7.41514e+20 3.36045e+07 79 25.5322 25 0.117695
1130 1.88895e+22 2.26318e+19 1.68385e+07 74 26.4102 24 0.119978
1131 7.55579e+22 1.00548e+20 3.36044e+07 76 26.4902 25 0.123091
1132 1.88895e+22 2.34284e+19 2.13831e+06 74 24.3604 21 0.113866
1133 3.77789e+22 4.23675e+19 1.08667e+06 75 23.0283 20 0.105476
1134 4.72237e+21 1.33564e+19 1.08091e+06 72 22.7002 20 0.107675
1135 9.44473e+21 1.27774e+19 8.4377e+06 73 25.0479 23 0.126115
1136 2.36118e+21 5.28207e+18 1.08426e+06 71 23.7979 20 0.111674
1137 2.36118e+21 3.83793e+18 1.68194e+07 71 25.3652 24 0.122367
1138 5.90296e+20 1.19106e+18 4.24099e+06 69 23.9658 22 0.118553
1139 2.95148e+20 6.35632e+17 558557 68 21.9863 19 0.105966
1140 2.95148e+20 8.17175e+17 1.0802e+06 68 22.4844 20 0.104962
1141 2.95148e+20 6.59958e+17 560928 68 22.0342 19 0.10353
1142 1.88895e+22 2.60224e+19 8.44447e+06 74 25.0361 23 0.111076
1143 2.36118e+21 3.37255e+18 4.24587e+06 71 24.54 22 0.10813
1144 1.18059e+21 2.37984e+18 291965 70 21.7529 18 0.0959857
1145 3.77789e+22 3.95286e+19 4.24001e+06 75 23.8848 22 0.108388
1146 4.72237e+21 5.07435e+18 155555 72 21.1855 17 0.107554
1147 4.72237e+21 6.25542e+18 1.68242e+07 72 25.2891 24 0.110353
1148 1.88895e+22 3.33981e+19 8.44408e+06 74 25.8447 23 0.120926
1149 3.77789e+22 5.91357e+19 1.6828e+07 75 25.9854 24 0.125935
1150 7.55579e+22 9.61797e+19 8.43621e+06 76 24.8906 23 0.124831
1151 9.44473e+21 1.08679e+19 1.68318e+07 73 25.9238 24 0.129379
1152 9.90352e+27 9.67173e+24 2.13846e+06 93 22.5859 21 0.119405
1153 1.20893e+24 1.22408e+21 4.24169e+06 80 24.0117 22 0.112352
1154 7.55579e+22 1.55886e+20 3.36079e+07 76 25.5361 25 0.116588
1155 7.55579e+22 1.27207e+20 1.68338e+07 76 25.4473 24 0.125368
1156 3.77789e+22 4.12926e+19 6.71649e+07 75 25.7285 26 0.119036
1157 3.77789e+22 6.74693e+19 3.36119e+07 75 25.6484 25 0.124466
1158 3.02231e+23 3.24471e+20 4.24438e+06 78 24.1953 22 0.118284
1159 1.51116e+23 1.52747e+20 8.43348e+06 77 24.4873 23 0.118577
1160 1.88895e+22 2.44033e+19 4.23984e+06 74 24.249 22 0.114429
1161 6.04463e+23 6.46787e+20 4.2323e+06 79 24.1338 22 0.114243
1162 1.51116e+23 1.58648e+20 2.13457e+06 77 23.4248 21 0.110016
1163 4.72237e+21 1.20677e+19 1.08543e+06 72 23.6523 20 0.113867
1164 2.41785e+24 2.38267e+21 560632 81 22.8848 19 0.107592
1165 1.51116e+23 2.96945e+20 2.13617e+06 77 23.0918 21 0.107855
1166 7.55579e+22 1.33847e+20 8.43323e+06 76 24.5215 23 0.113423
1167 2.36118e+21 3.8278e+18 1.08071e+06 71 22.4404 20 0.106578
1168 3.77789e+22 7.99611e+19 1.0861e+06 75 23.2324 20 0.106153
1169 9.44473e+21 1.0671e+19 8.43458e+06 73 25.0312 23 0.115707
1170 3.77789e+22 7.46566e+19 1.68308e+07 75 25.6758 24 0.116269
1171 1.54743e+26 1.51136e+23 1.68313e+07 87 25.4512 24 0.115745
1172 7.3787e+19 2.15401e+17 1.68308e+07 66 25.3047 24 0.115267
1173 1.51116e+23 1.50936e+20 8.43573e+06 77 24.9375 23 0.116993
1174 5.90296e+20 1.9035e+18 4.23807e+06 69 24.0996 22 0.122314
1175 2.36118e+21 7.34601e+18 562708 71 22.6387 19 0.109753
1176 4.72237e+21 5.12997e+18 2.13862e+06 72 23.5771 21 0.113398
1177 1.88895e+22 2.14218e+19 1.08081e+06 74 22.9814 20 0.110068
1178 2.36118e+21 5.08802e+18 1.08582e+06 71 23.2168 20 0.115121
1179 1.18059e+21 1.58858e+18 564026 70 22.3877 19 0.110091
1180 9.44473e+21 9.73296e+18 549717 73 21.8564 19 0.109061
1181 4.8357e+24 4.73236e+21 159434 82 20.752 17 0.106311
1182 2.36118e+21 5.38046e+18 554845 71 21.8379 19 0.103195
1183 1.47574e+20 1.84808e+17 158660 67 20.0117 17 0.097577
1184 7.55579e+22 7.92972e+19 292581 76 21.3389 18 0.0997402
1185 2.95148e+20 1.00008e+18 1.0861e+06 68 21.5195 20 0.102255
1186 6.04463e+23 6.08861e+20 1.08362e+06 79 22.4238 20 0.107966
1187 4.72237e+21 5.50854e+18 556272 72 21.5293 19 0.100866
1188 4.72237e+21 6.66975e+18 293110 72 20.6768 18 0.0961684
1189 4.72237e+21 5.74904e+18 158061 72 20.5254 17 0.0959451
1190 1.18059e+21 1.37304e+18 91272.2 70 18.8779 16 0.0940769
1191 7.92282e+28 7.73713e+25 291049 96 21.0293 18 0.0997908
1192 4.72237e+21 9.5649e+18 296803 72 22.3486 18 0.103153
1193 2.36118e+21 5.73377e+18 156221 71 20.3857 17 0.0944532
1194 2.36118e+21 4.54226e+18 157683 71 20.2441 17 0.0994711
1195 4.72237e+21 6.31374e+18 53832.2 72 18.3906 15 0.0908608
1196 7.55579e+22 1.32775e+20 39102.7 76 18.8955 14 0.0907248
1197 2.36118e+21 5.22842e+18 158212 71 19.9629 17 0.0927692
1198 1.51116e+23 1.57245e+20 91500.8 77 18.8965 16 0.0949395
1199 3.77789e+22 3.79716e+19 90308.8 75 18.3945 16 0.0928412
1200 4.72237e+21 7.28191e+18 161115 72 20.498 17 0.0979603
1201 3.02231e+23 2.9718e+20 156610 78 18.9961 17 0.0918679
1202 7.55579e+22 7.97066e+19 287339 76 20.8623 18 0.10023
1203 3.86856e+25 3.78207e+22 554845 85 21.3906 19 0.102171
1204 3.02231e+23 3.94278e+20 92901 78 20.9424 16 0.109281
1205 1.18059e+21 4.09862e+18 285185 70 21.4258 18 0.107167
1206 1.51116e+23 2.87794e+20 290374 77 20.8232 18 0.101345
1207 1.51116e+23 1.68658e+20 549766 77 21.6377 19 0.101277
1208 4.72237e+21 5.77965e+18 153101 72 19.3643 17 0.10045
1209 3.77789e+22 4.26237e+19 292622 75 21.3652 18 0.0990883
1210 6.04463e+23 6.231e+20 161978 79 20.7471 17 0.101454
1211 7.92282e+28 7.73713e+25 1.08504e+06 96 23.043 20 0.1093
1212 1.88895e+22 6.26367e+19 1.08157e+06 74 23.5391 20 0.110964
1213 1.20893e+24 1.80829e+21 547876 80 22.7783 19 0.105423
1214 1.88895e+22 2.29976e+19 1.08905e+06 74 23.2715 20 0.103084
1215 4.8357e+24 4.73441e+21 1.08218e+06 82 22.3506 20 0.10128
1216 1.51116e+23 2.20219e+20 562504 77 22.8711 19 0.106434
1217 1.20893e+24 1.33112e+21 1.08367e+06 80 23.3086 20 0.115354
1218 7.73713e+25 7.8305e+22 2.13564e+06 86 23.8652 21 0.109743
1219 3.77789e+22 5.03921e+19 1.08977e+06 75 24.0508 20 0.108565
1220 1.51116e+23 1.48177e+20 553154 77 22.2178 19 0.09959
1221 1.88895e+22 2.09851e+19 1.08208e+06 74 22.4307 20 0.105512
1222 3.77789e+22 4.00507e+19 2.13669e+06 75 23.7383 21 0.110423
1223 2.41785e+24 2.36982e+21 4.23435e+06 81 24.7715 22 0.107841
1224 2.36118e+21 6.49354e+18 1.68253e+07 71 26.5557 24 0.114842
1225 3.02231e+23 4.10466e+20 2.13974e+06 78 24.4658 21 0.106288
1226 3.86856e+25 3.78233e+22 4.23946e+06 85 24.7852 22 0.109831
1227 4.72237e+21 9.45378e+18 555723 72 23.335 19 0.109287
1228 7.55579e+22 8.11739e+19 557312 76 22.9209 19 0.107185
1229 4.8357e+24 4.72467e+21 1.68217e+07 82 25.9453 24 0.115525
1230 4.72237e+21 1.73838e+19 1.68237e+07 72 26.0664 24 0.118368
1231 1.88895e+22 2.96772e+19 4.24334e+06 74 25 22 0.12379
1232 7.55579e+22 7.86034e+19 1.08918e+06 76 23.2832 20 0.109782
1233 9.44473e+21 1.38415e+19 90443.2 73 20.6387 16 0.0994495
1234 6.04463e+23 6.69519e+20 297210 79 21.9951 18 0.102239
1235 7.55579e+22 1.82593e+20 2.1428e+06 76 24.7969 21 0.110897
1236 7.73713e+25 7.5562e+22 291923 86 21.0146 18 0.0979937
1237 9.67141e+24 9.44667e+21 93936.3 83 20.5723 16 0.0988967
1238 1.51116e+23 2.24674e+20 54080.8 77 20.5703 15 0.09417
1239 3.02231e+23 3.00324e+20 26144.2 78 19.002 13 0.0897307
1240 1.88895e+22 3.52329e+19 293833 74 22.165 18 0.100854
1241 1.51116e+23 1.90587e+20 560078 77 22.499 19 0.111229
1242 3.77789e+22 1.53622e+20 296914 75 22.7373 18 0.108208
1243 1.51116e+23 1.73335e+20 288263 77 21.9707 18 0.107919
1244 1.88895e+22 3.4529e+19 1.07455e+06 74 23.6387 20 0.107744
1245 3.77789e+22 4.99127e+19 286806 75 22.6758 18 0.106434
1246 6.04463e+23 6.03546e+20 554144 79 23.1797 19 0.11031
1247 7.55579e+22 1.77628e+20 1.09473e+06 76 24.0186 20 0.104883
1248 1.88895e+22 2.53401e+19 295286 74 22.2471 18 0.102768
1249 1.54743e+26 1.51286e+23 1.08127e+06 87 24.1133 20 0.106441
1250 9.44473e+21 1.66582e+19 1.09058e+06 73 23.5 20 0.107665
1251 1.51116e+23 2.28984e+20 290586 77 22.1807 18 0.103679
1252 7.92282e+28 7.73807e+25 1.08504e+06 96 23.2949 20 0.107673
1253 1.51116e+23 2.27138e+20 1.08859e+06 77 23.041 20 0.110289
1254 1.93428e+25 3.32124e+22 4.2358e+06 84 24.8779 22 0.112417
1255 7.92282e+28 1.54753e+26 1.089e+06 96 23.5723 20 0.106756
1256 9.67141e+24 1.21421e+22 2.13831e+06 83 23.6934 21 0.107301
1257 1.51116e+23 2.09489e+20 1.08208e+06 77 23.7432 20 0.110266
1258 7.92282e+28 7.73915e+25 2.14069e+06 96 24.9141 21 0.112689
1259 1.20893e+24 2.52966e+21 4.23874e+06 80 24.5156 22 0.117295
1260 6.04463e+23 6.525e+20 1.08606e+06 79 23.8389 20 0.10669
1261 7.73713e+25 7.56028e+22 1.68329e+07 86 26.5469 24 0.119463
1262 7.92282e+28 7.73714e+25 3.35941e+07 96 26.6963 25 0.127956
1263 1.20893e+24 1.2327e+21 6.71719e+07 80 27.4365 26 0.12375
1264 6.04463e+23 6.30368e+20 3.36086e+07 79 27.0391 25 0.122749
1265 3.86856e+25 3.93473e+22 8.43549e+06 85 25.835 23 0.118416
1266 7.73713e+25 7.5601e+22 8.44043e+06 86 25.709 23 0.115717
1267 7.73713e+25 8.57471e+22 1.68255e+07 86 26.2314 24 0.124168
1268 7.92282e+28 7.85802e+25 2.13316e+06 96 23.9688 21 0.113067
1269 2.41785e+24 2.46067e+21 2.13923e+06 81 25.0215 21 0.121431
1270 9.67141e+24 9.65502e+21 1.68329e+07 83 26.1123 24 0.122367
1271 4.8357e+24 6.29415e+21 1.08686e+06 82 24.5752 20 0.12128
1272 1.23794e+27 1.21052e+24 1.08233e+06 90 24.543 20 0.114381
1273 4.8357e+24 6.30671e+21 8.4384e+06 82 26.4453 23 0.121786
1274 9.90352e+27 9.67202e+24 2.13633e+06 93 24.6289 21 0.116617
1275 7.92282e+28 7.73714e+25 156494 96 21.3379 17 0.106252
1276 3.09485e+26 4.69085e+23 157986 88 23.4619 17 0.113436
1277 3.09485e+26 6.87368e+23 2.13685e+06 88 25.5752 21 0.121612
1278 4.8357e+24 9.01015e+21 8.43704e+06 82 26.4648 23 0.120959
1279 9.67141e+24 1.01807e+22 3.36083e+07 83 27.3545 25 0.136063
1280 6.04463e+23 8.53649e+20 1.68317e+07 79 26.8887 24 0.125756
1281 7.73713e+25 8.50914e+22 8.44174e+06 86 25.9385 23 0.12021
1282 1.93428e+25 2.14398e+22 6.71635e+07 84 27.8535 26 0.129376
1283 7.92282e+28 7.73716e+25 1.68386e+07 96 27.6426 24 0.128325
1284 2.41785e+24 3.51673e+21 1.09093e+06 81 24.8525 20 0.116929
1285 7.92282e+28 7.79812e+25 1.68326e+07 96 26.5811 24 0.1221
1286 7.92282e+28 7.7476e+25 3.3608e+07 96 28.8301 25 0.132846
1287 2.47588e+27 2.49412e+24 1.68283e+07 91 27.6143 24 0.129479
1288 3.77789e+22 1.22778e+20 3.3602e+07 75 27.2158 25 0.130656
1289 9.67141e+24 1.20126e+22 6.7164e+07 83 27.6904 26 0.13331
1290 2.47588e+27 2.72311e+24 1.3428e+08 91 29.2988 27 0.137379
1291 3.86856e+25 5.22793e+22 2.68507e+08 85 29.5 28 0.139163
1292 4.95176e+27 6.19623e+24 5.36937e+08 92 29.9961 29 0.140523
1293 7.92282e+28 8.35789e+25 4.29505e+09 96 32.1865 32 0.149353
1294 7.92282e+28 7.75374e+25 1.34288e+08 96 29.7139 27 0.135309
1295 7.92282e+28 7.92605e+25 6.71697e+07 96 28.5098 26 0.140347
1296 7.73713e+25 7.70346e+22 2.68492e+08 86 29.2148 28 0.134777
1297 7.92282e+28 7.7375e+25 5.36944e+08 96 30.6885 29 0.14511
1298 7.73713e+25 1.06127e+23 2.68498e+08 86 29.3545 28 0.137599
1299 1.54743e+26 1.52112e+23 1.07383e+09 87 32.2119 30 0.145515
1300 7.92282e+28 7.74469e+25 4.29506e+09 96 32.791 32 0.148059
1301 7.92282e+28 7.73909e+25 2.14757e+09 96 32.3711 31 0.144804
1302 3.09485e+26 3.48813e+23 4.29505e+09 88 32.0371 32 0.143768
1303 3.02231e+23 4.50808e+20 3.36102e+07 78 28.2051 25 0.129884
1304 2.41785e+24 3.54442e+21 1.34284e+08 81 29.1436 27 0.133923
1305 6.1897e+26 6.19017e+23 4.23923e+06 89 26.5928 22 0.121585
1306 7.92282e+28 1.54745e+26 1.34281e+08 96 29.1475 27 0.137085
1307 7.92282e+28 7.73817e+25 2.68508e+08 96 30.7207 28 0.143019
1308 7.92282e+28 7.73736e+25 4.29505e+09 96 32.6084 32 0.154131
1309 7.92282e+28 7.7374e+25 5.36933e+08 96 30.7529 29 0.146608
1310 7.92282e+28 7.73739e+25 6.71743e+07 96 28.5293 26 0.134947
1311 9.44473e+21 2.65998e+19 4.22791e+06 73 24.8506 22 0.122895
1312 1.54743e+26 1.51768e+23 8.43409e+06 87 25.8066 23 0.124857
1313 3.86856e+25 7.68476e+22 1.68289e+07 85 26.5117 24 0.129159
1314 1.23794e+27 1.20977e+24 3.36076e+07 90 27.6074 25 0.131889
1315 3.09485e+26 3.21745e+23 1.68336e+07 88 27.0371 24 0.130124
1316 1.51116e+23 3.57035e+20 1.08909e+06 77 24.4346 20 0.120704
1317 7.73713e+25 8.51948e+22 4.24217e+06 86 25.1133 22 0.125137
1318 7.92282e+28 7.73903e+25 8.42634e+06 96 25.4336 23 0.12785
1319 1.23794e+27 1.21142e+24 1.68306e+07 90 27.2139 24 0.128862
1320 3.86856e+25 4.42791e+22 1.68303e+07 85 26.2275 24 0.128298
1321 7.73713e+25 1.51626e+23 8.43609e+06 86 27.0225 23 0.132766
1322 1.51116e+23 4.20746e+20 1.68266e+07 77 26.6865 24 0.128708
1323 1.23794e+27 1.22338e+24 8.43615e+06 90 26.4492 23 0.130271
1324 3.09485e+26 3.22825e+23 3.36041e+07 88 26.9375 25 0.132881
1325 2.41785e+24 2.76991e+21 8.44118e+06 81 27.0947 23 0.136634
1326 1.93428e+25 4.1568e+22 1.68206e+07 84 28.0645 24 0.134214
1327 7.73713e+25 8.5113e+22 4.23482e+06 86 26.1621 22 0.127043
1328 1.54743e+26 1.55185e+23 8.44015e+06 87 27.7412 23 0.130526
1329 1.54743e+26 2.48118e+23 6.71655e+07 87 29.4395 26 0.139451
1330 3.09485e+26 4.53455e+23 6.71765e+07 88 29.8809 26 0.139588
1331 9.90352e+27 9.83364e+24 3.36151e+07 93 28.917 25 0.138778
1332 7.92282e+28 7.75328e+25 1.718e+10 96 33.292 34 0.155154
1333 3.86856e+25 4.19468e+22 4.29505e+09 85 32.7812 32 0.15932
1334 7.92282e+28 7.75711e+25 8.59002e+09 96 33.793 33 0.16209
1335 7.92282e+28 8.22957e+25 1.718e+10 96 34.0293 34 0.1632
1336 7.92282e+28 7.75337e+25 4.29506e+09 96 33.8311 32 0.164328
1337 7.92282e+28 7.78637e+25 6.87196e+10 96 35.2041 36 0.164248
1338 7.92282e+28 1.68388e+26 2.74878e+11 96 36.8486 38 0.173297
1339 1.93428e+25 3.91482e+22 8.59003e+09 84 33.7324 33 0.158562
1340 7.92282e+28 8.11937e+25 3.43598e+10 96 34.6016 35 0.16657
1341 7.92282e+28 1.62161e+26 1.718e+10 96 34.6836 34 0.163733
1342 7.92282e+28 8.0628e+25 8.58999e+09 96 33.0029 33 0.157949
1343 7.92282e+28 1.54758e+26 8.59002e+09 96 34.0244 33 0.162969
1344 7.73713e+25 1.75846e+23 1.07382e+09 86 32.1025 30 0.167285
1345 3.09485e+26 3.23213e+23 2.14757e+09 88 31.749 31 0.161962
1346 7.92282e+28 7.8905e+25 1.718e+10 96 33.7334 34 0.162946
1347 4.8357e+24 6.27891e+21 4.29503e+09 82 32.0547 32 0.164059
1348 9.90352e+27 1.09112e+25 5.36939e+08 93 31.1885 29 0.147559
1349 1.23794e+27 1.21512e+24 2.14758e+09 90 32.4941 31 0.158866
1350 3.09485e+26 3.02991e+23 6.71724e+07 88 30.457 26 0.153339
1351 7.92282e+28 7.73836e+25 2.14758e+09 96 31.7285 31 0.15223
1352 9.67141e+24 1.19359e+22 4.29507e+09 83 33.2695 32 0.163573
1353 7.92282e+28 1.6455e+26 1.718e+10 96 34.2939 34 0.162955
1354 1.54743e+26 1.77392e+23 6.87196e+10 87 35.3906 36 0.177281
1355 3.09485e+26 4.07126e+23 4.29504e+09 88 32.1836 32 0.168194
1356 7.92282e+28 7.74488e+25 2.14757e+09 96 32.1533 31 0.150191
1357 3.09485e+26 4.11746e+23 8.59004e+09 88 34.1055 33 0.161227
1358 7.92282e+28 7.77152e+25 4.29506e+09 96 33.6318 32 0.162977
1359 9.90352e+27 2.47476e+25 4.29506e+09 93 32.9805 32 0.162752
1360 7.92282e+28 2.41875e+26 3.43598e+10 96 34.4141 35 0.170316
1361 7.92282e+28 7.97959e+25 2.14757e+09 96 31.9834 31 0.154602
1362 4.95176e+27 4.83897e+24 4.29505e+09 92 32.6172 32 0.16086
1363 7.92282e+28 1.74296e+26 8.59001e+09 96 32.8496 33 0.153234
1364 7.92282e+28 7.84302e+25 1.07383e+09 96 31.3311 30 0.149223
1365 1.9807e+28 1.99576e+25 3.43598e+10 94 34.1895 35 0.161868
1366 7.92282e+28 1.19236e+26 1.718e+10 96 34.6055 34 0.16216
1367 7.92282e+28 3.09649e+26 8.58999e+09 96 32.8838 33 0.157442
1368 7.92282e+28 8.79902e+25 2.14757e+09 96 32.0195 31 0.160322
1369 1.23794e+27 1.40326e+24 2.14756e+09 90 31.6094 31 0.161223
1370 3.86856e+25 8.64616e+22 5.36936e+08 85 30.4629 29 0.147969
1371 2.47588e+27 2.81542e+24 2.14757e+09 91 31.9033 31 0.155619
1372 1.54743e+26 2.28651e+23 6.71679e+07 87 28.749 26 0.140136
1373 3.86856e+25 4.7355e+22 1.34287e+08 85 29.9824 27 0.140072
1374 1.23794e+27 1.27963e+24 5.36928e+08 90 31.0654 29 0.153985
1375 7.92282e+28 8.94767e+25 2.14758e+09 96 32.125 31 0.151021
1376 7.92282e+28 1.60186e+26 2.14756e+09 96 32.2178 31 0.150766
1377 7.92282e+28 1.17568e+26 5.36935e+08 96 31.6494 29 0.15253
1378 2.41785e+24 5.262e+21 1.34269e+08 81 29.8125 27 0.150313
1379 7.73713e+25 7.92186e+22 2.68502e+08 86 30.8545 28 0.156848
1380 7.92282e+28 7.98663e+25 1.34284e+08 96 30.2783 27 0.155207
1381 2.47588e+27 3.17515e+24 8.44026e+06 91 26.9561 23 0.139048
1382 7.92282e+28 7.75454e+25 3.35985e+07 96 27.5127 25 0.142959
1383 4.8357e+24 5.10246e+21 1.68331e+07 82 27.3945 24 0.141484
1384 7.92282e+28 7.75276e+25 8.43224e+06 96 26.8955 23 0.1345
1385 7.92282e+28 8.70745e+25 3.36103e+07 96 28.6104 25 0.134596
1386 7.92282e+28 3.0953e+26 3.36057e+07 96 28.2432 25 0.146045
1387 6.1897e+26 2.12722e+24 1.6816e+07 89 27.4873 24 0.135859
1388 3.86856e+25 6.02235e+22 1.68095e+07 85 27.124 24 0.143589
1389 7.92282e+28 7.73766e+25 4.22991e+06 96 25.6797 22 0.130949
1390 6.1897e+26 7.13599e+23 3.36006e+07 89 28.293 25 0.137123
1391 3.96141e+28 3.99138e+25 159942 95 22.7988 17 0.120992
1392 7.92282e+28 1.64433e+26 2.13419e+06 96 24.7617 21 0.123085
1393 2.41785e+24 4.91922e+21 1.0802e+06 81 24.3008 20 0.130423
1394 7.92282e+28 1.55074e+26 8.42884e+06 96 26.1016 23 0.129642
1395 9.90352e+27 9.67983e+24 4.24223e+06 93 26.793 22 0.130774
1396 1.23794e+27 1.22225e+24 6.71553e+07 90 29.3936 26 0.148304
1397 6.1897e+26 1.07861e+24 6.71555e+07 89 28.6367 26 0.14047
1398 4.95176e+27 5.44061e+24 8.42379e+06 92 26.0527 23 0.131539
1399 9.67141e+24 1.66161e+22 6.71705e+07 83 29.7998 26 0.136604
1400 9.67141e+24 2.30289e+22 1.68318e+07 83 28.5117 24 0.137957
1401 1.54743e+26 2.32933e+23 4.23896e+06 87 26.4287 22 0.141453
1402 7.92282e+28 7.73727e+25 2.68491e+08 96 29.8945 28 0.143229
1403 7.92282e+28 7.76937e+25 2.68509e+08 96 30.6924 28 0.150143
1404 3.09485e+26 3.4651e+23 3.36122e+07 88 28.8926 25 0.146107
1405 6.04463e+23 6.78978e+20 3.36149e+07 79 27.7949 25 0.145559
1406 6.1897e+26 7.64912e+23 3.35994e+07 89 27.8838 25 0.141631
1407 7.73713e+25 7.64485e+22 8.43243e+06 86 26.4453 23 0.135865
1408 1.9807e+28 2.04877e+25 6.71616e+07 94 28.2012 26 0.14175
1409 7.92282e+28 7.75367e+25 6.71625e+07 96 28.1904 26 0.148975
1410 1.9807e+28 1.93534e+25 3.35897e+07 94 27.0752 25 0.133958
1411 1.23794e+27 1.20986e+24 6.71523e+07 90 28.7588 26 0.141578
1412 4.8357e+24 1.46385e+22 2.68497e+08 82 29.5049 28 0.147674
1413 3.96141e+28 4.01969e+25 3.36105e+07 95 28.0361 25 0.149359
1414 4.95176e+27 4.85111e+24 1.34279e+08 92 29.8633 27 0.157041
1415 1.23794e+27 1.2156e+24 6.7165e+07 90 28.415 26 0.153376
1416 7.92282e+28 7.98015e+25 3.36047e+07 96 27.5898 25 0.147011
1417 7.92282e+28 1.55102e+26 6.71528e+07 96 28.5293 26 0.143485
1418 2.47588e+27 2.72016e+24 1.68271e+07 91 27.2607 24 0.143214
1419 7.92282e+28 7.73764e+25 3.3595e+07 96 27.0205 25 0.141758
1420 7.92282e+28 7.7374e+25 3.36136e+07 96 27.7021 25 0.139217
1421 7.92282e+28 7.74487e+25 3.36077e+07 96 27.9619 25 0.13731
1422 7.92282e+28 1.549e+26 1.34289e+08 96 30.4697 27 0.15032
1423 7.92282e+28 7.81294e+25 3.36094e+07 96 28.3799 25 0.14722
1424 7.92282e+28 2.3212e+26 5.36935e+08 96 30.4375 29 0.151492
1425 3.96141e+28 3.88508e+25 3.36143e+07 95 28.1377 25 0.13921
1426 7.73713e+25 1.28626e+23 6.71697e+07 86 29.5332 26 0.147583
1427 6.1897e+26 8.74504e+23 6.71531e+07 89 28.1943 26 0.154777
1428 7.92282e+28 1.59976e+26 8.42769e+06 96 26.3926 23 0.147452
1429 4.95176e+27 9.67973e+24 150557 92 21.8604 17 0.127382
1430 7.92282e+28 7.772e+25 2.13387e+06 96 25.2354 21 0.125682
1431 7.92282e+28 2.33487e+26 8.43286e+06 96 27.2314 23 0.141158
1432 7.92282e+28 7.7377e+25 4.23365e+06 96 26.3223 22 0.143563
1433 7.92282e+28 7.88827e+25 1.68302e+07 96 28.2393 24 0.142503
1434 7.92282e+28 3.12247e+26 8.44095e+06 96 29.1328 23 0.146761
1435 7.92282e+28 3.11536e+26 4.23277e+06 96 26.8691 22 0.14907
1436 7.92282e+28 3.24283e+26 3.36072e+07 96 28.75 25 0.143212
1437 7.92282e+28 3.22193e+26 4.23171e+06 96 26.4297 22 0.13911
1438 7.92282e+28 2.53122e+26 4.22815e+06 96 25.9648 22 0.131828
1439 7.92282e+28 3.53376e+26 8.43348e+06 96 27.4492 23 0.137122
1440 7.92282e+28 3.22945e+26 1.08162e+06 96 25.251 20 0.136437
1441 7.92282e+28 1.58534e+26 2.13321e+06 96 26.5459 21 0.136818
1442 7.92282e+28 2.42701e+26 3.36079e+07 96 29.1348 25 0.154096
1443 7.92282e+28 2.44399e+26 1.68097e+07 96 28.4795 24 0.141381
1444 7.92282e+28 4.0273e+26 4.24376e+06 96 27.5283 22 0.149978
1445 7.92282e+28 1.15085e+26 4.23395e+06 96 27.041 22 0.142003
1446 7.92282e+28 2.94246e+26 2.13245e+06 96 26.3955 21 0.149051
1447 7.92282e+28 6.26638e+26 4.22699e+06 96 27.334 22 0.137385
1448 7.92282e+28 1.65855e+26 2.13261e+06 96 25.7607 21 0.132332
1449 7.92282e+28 8.27626e+25 554891 96 23.9844 19 0.138472
1450 7.92282e+28 3.48214e+26 4.24033e+06 96 27.3115 22 0.134475
1451 7.92282e+28 3.94565e+26 1.08076e+06 96 24.9473 20 0.130986
1452 7.92282e+28 3.88534e+26 558601 96 25.1553 19 0.135673
1453 7.92282e+28 9.01266e+25 1.07994e+06 96 23.833 20 0.126369
1454 7.92282e+28 3.20971e+26 1.0802e+06 96 23.665 20 0.123851
1455 7.92282e+28 3.92332e+26 1.07791e+06 96 23.8018 20 0.129565
1456 7.92282e+28 1.55992e+26 2.1295e+06 96 25.085 21 0.132278
1457 7.92282e+28 5.65556e+26 2.12739e+06 96 25.6016 21 0.137892
1458 7.92282e+28 3.19504e+26 92113.4 96 22.8145 16 0.127638
1459 7.92282e+28 4.34723e+26 91663.1 96 22.4531 16 0.11961
1460 7.92282e+28 2.3417e+26 293190 96 24.0654 18 0.134442
1461 7.92282e+28 5.84532e+26 545337 96 23.4209 19 0.128985
1462 7.92282e+28 7.22085e+26 155317 96 23.1025 17 0.125169
1463 7.92282e+28 5.53828e+26 91370.3 96 22.0684 16 0.11893
1464 7.92282e+28 7.3839e+26 154158 96 22.2959 17 0.120826
1465 7.92282e+28 2.526e+26 84917.6 96 22.7666 16 0.122368
1466 7.92282e+28 4.65911e+26 28225.1 96 21.6729 14 0.119288
1467 7.92282e+28 6.29418e+26 37050.4 96 21.1592 14 0.119753
1468 7.92282e+28 7.99291e+26 158511 96 23.1904 17 0.129803
1469 7.92282e+28 8.19891e+26 287339 96 23.6963 18 0.128223
1470 7.92282e+28 5.58501e+26 90173.9 96 22.5186 16 0.121674
1471 7.92282e+28 8.62451e+26 35675.8 96 21.875 14 0.119845
1472 7.92282e+28 4.66322e+26 152524 96 22.7295 17 0.121831
1473 7.92282e+28 3.26341e+26 87057.6 96 22.583 16 0.126647
1474 7.92282e+28 6.01295e+26 22219.9 96 21.2207 13 0.121391
1475 7.92282e+28 7.4781e+26 156533 96 23.6875 17 0.125598
1476 7.92282e+28 2.96271e+26 552916 96 24.0293 19 0.125146
1477 7.92282e+28 8.63212e+26 294545 96 23.7188 18 0.132882
1478 7.92282e+28 4.18878e+26 89251.4 96 22.0918 16 0.124625
1479 7.92282e+28 7.68227e+26 553768 96 24.4531 19 0.124992
1480 7.92282e+28 3.71883e+26 292047 96 23.7383 18 0.127304
1481 7.92282e+28 2.20734e+26 553815 96 24.3506 19 0.130317
1482 7.92282e+28 3.20731e+26 154600 96 22.1445 17 0.123662
1483 7.92282e+28 7.90357e+26 2.13068e+06 96 24.749 21 0.128477
1484 7.92282e+28 5.52864e+26 1.07994e+06 96 24.0879 20 0.127584
1485 7.92282e+28 4.79231e+26 556272 96 23.9092 19 0.142476
1486 7.92282e+28 7.71708e+26 281758 96 23.0811 18 0.127675
1487 7.92282e+28 7.46636e+26 554472 96 24.4209 19 0.128143
1488 7.92282e+28 1.09742e+27 562626 96 24.4023 19 0.133328
1489 7.92282e+28 1.18864e+27 554379 96 24.0312 19 0.126821
1490 7.92282e+28 9.75971e+26 2.12467e+06 96 25.3652 21 0.135267
1491 7.92282e+28 1.24132e+27 553768 96 24.7686 19 0.138097
1492 7.92282e+28 6.66618e+26 1.07137e+06 96 24.5684 20 0.13054
1493 7.92282e+28 7.71186e+26 2.12583e+06 96 25.623 21 0.129812
1494 7.92282e+28 1.13389e+27 1.07838e+06 96 25.1396 20 0.12798
1495 7.92282e+28 9.53875e+26 1.08086e+06 96 24.8506 20 0.131228
1496 7.92282e+28 1.17553e+27 2.12337e+06 96 25.751 21 0.135204
1497 7.92282e+28 1.24707e+27 4.23973e+06 96 26.1396 22 0.13966
1498 7.92282e+28 1.18922e+27 4.23283e+06 96 25.9824 22 0.136173
1499 7.92282e+28 1.62182e+27 2.14069e+06 96 26.7842 21 0.141068
