178.036
0 435.053 7.85091 4 2 0.0341797 0 0.00451202
1 435.117 10.2807 4 2 0.0498047 0 0.00433662
2 434.954 9.94134 5 2 0.0478516 0 0.00433941
3 435.127 10.1753 5 2 0.0488281 0 0.00435272
4 434.818 10.0987 5 2 0.0507812 0 0.00433191
5 435.127 9.15196 5 2 0.0371094 0 0.0043428
6 435.149 9.61166 5 2 0.0371094 0 0.00430928
7 435.076 10.5924 5 2 0.0507812 0 0.00437017
8 435.127 10.6187 5 2 0.0478516 0 0.00435915
9 435.053 10.7679 5 2 0.0517578 0 0.00434573
10 434.954 9.36307 5 2 0.0429688 0 0.00426157
11 435.127 10.3712 5 2 0.0517578 0 0.004346
12 434.639 10.0821 6 2 0.0458984 0 0.00452187
13 1010.21 11.2131 6 3 0.0507812 0 0.00432585
14 435.076 12.1403 6 2 0.0585938 0 0.00440067
15 435.151 10.9696 5 2 0.0556641 0 0.00433234
16 435.151 11.1181 6 2 0.0517578 0 0.00435413
17 435.151 10.7046 6 2 0.0498047 0 0.00435076
18 113.419 10.425 6 1 0.0507812 0 0.00440914
19 435.149 12.0275 6 2 0.0605469 0 0.00433457
20 435.127 11.3591 6 2 0.0546875 0 0.00440151
21 435.149 10.3314 6 2 0.046875 0 0.00434335
22 110.903 10.2786 6 1 0.0488281 0 0.00433647
23 435.127 12.6538 6 2 0.0664062 0 0.00432476
24 435.151 10.2169 6 2 0.0410156 0 0.00440301
25 435.151 11.8432 6 2 0.0576172 0 0.00446586
26 435.151 11.0816 6 2 0.0517578 0 0.00436508
27 109.829 10.4982 6 1 0.0507812 0 0.00435434
28 435.053 10.9885 6 2 0.0527344 0 0.00439199
29 435.053 10.9906 6 2 0.0498047 0 0.00436838
30 435.127 12.8128 6 2 0.0673828 0 0.00440351
31 435.149 12.9953 6 2 0.0664062 0 0.00444596
32 435.149 12.9987 6 2 0.0664062 0 0.00444798
33 435.151 12.3069 6 2 0.0605469 0 0.0044029
34 435.127 11.9399 6 2 0.0537109 0 0.00452842
35 435.127 13.556 6 2 0.0673828 0 0.00448192
36 435.149 13.4351 6 2 0.0634766 0 0.00456719
37 111.425 11.7369 6 1 0.0576172 0 0.00448273
38 435.117 13.1371 6 2 0.0664062 0 0.00444756
39 435.117 12.0698 6 2 0.0556641 0 0.00449434
40 435.151 11.3526 6 2 0.0527344 0 0.00447011
41 435.053 12.6798 6 2 0.0644531 0 0.00452414
42 435.053 12.9125 6 2 0.0673828 0 0.00448939
43 435.127 11.9901 6 2 0.0566406 0 0.00453075
44 435.151 14.4859 6 2 0.0722656 0 0.00452995
45 435.151 13.2232 6 2 0.0625 0 0.00448938
46 435.117 12.9629 6 2 0.0595703 0 0.00453836
47 435.151 14.6256 6 2 0.0771484 0 0.00461201
48 435.151 14.186 6 2 0.0693359 0 0.00452251
49 435.127 12.9764 6 2 0.0654297 0 0.0045406
50 435.149 13.9395 7 2 0.0712891 0 0.00449606
51 435.151 14.4165 6 2 0.0703125 0 0.00455268
52 435.117 14.5242 7 2 0.0722656 0 0.00455978
53 435.127 15.3468 7 2 0.0830078 0 0.00459511
54 435.151 15.0643 7 2 0.0771484 0 0.00461856
55 1008.92 14.8557 7 3 0.0751953 0 0.00456177
56 110.903 14.5571 7 1 0.0810547 0 0.00462746
57 111.425 12.7527 7 1 0.0625 0 0.00458676
58 435.149 13.8606 7 2 0.0664062 0 0.00457893
59 434.954 14.6164 7 2 0.0791016 0 0.00459823
60 435.149 13.9519 7 2 0.0693359 0 0.00452646
61 435.127 15.7877 7 2 0.078125 0 0.004595
62 435.151 16.0464 7 2 0.0771484 0 0.00456181
63 1011.31 15.8197 7 3 0.0761719 0 0.00454971
64 435.127 15.6247 7 2 0.0800781 0 0.00465115
65 1010.79 14.9917 7 3 0.0703125 0 0.00457532
66 435.149 14.3052 8 2 0.0673828 0 0.0046799
67 435.127 14.6089 8 2 0.0732422 0 0.0046494
68 435.151 15.9941 8 2 0.0859375 0 0.00464412
69 1009.59 19.052 8 3 0.0976562 0 0.00465586
70 1010.21 15.8923 8 3 0.0820312 0 0.00459757
71 435.151 15.5542 8 2 0.0771484 0 0.0045867
72 435.149 16.7701 8 2 0.0830078 0 0.00466621
73 435.151 15.748 8 2 0.0810547 0 0.00464907
74 435.151 17.6159 8 2 0.0957031 0 0.00462679
75 435.127 13.9648 8 2 0.0605469 0 0.00465148
76 435.151 17.4423 8 2 0.0908203 0 0.00458255
77 1009.59 17.4963 8 3 0.0839844 0 0.00476616
78 435.151 16.4855 8 2 0.0878906 0 0.00461837
79 435.151 16.6896 8 2 0.0898438 0 0.00469433
80 435.127 19.2653 8 2 0.101562 0 0.00474504
81 435.151 17.6461 8 2 0.0966797 0 0.00470404
82 1008.92 17.4503 8 3 0.0898438 0 0.00466838
83 435.151 17.7089 8 2 0.0947266 0 0.00474845
84 1008.92 20.5115 8 3 0.111328 0 0.00473234
85 1010.79 18.2659 8 3 0.0957031 0 0.00468128
86 1010.79 19.2901 8 3 0.103516 0 0.00474179
87 435.151 19.5638 8 2 0.108398 0 0.00474251
88 435.151 20.1203 8 2 0.113281 0 0.00472623
89 435.053 19.7185 8 2 0.107422 0 0.00480384
90 1009.59 20.2328 8 3 0.110352 0 0.00472752
91 435.151 21.4754 8 2 0.120117 0 0.00479408
92 435.149 20.5489 8 2 0.113281 0 0.00471957
93 1010.21 19.2807 9 3 0.0966797 0 0.00478267
94 435.151 21.5227 9 2 0.125977 0 0.00477411
95 435.149 22.67 8 2 0.12793 0 0.00479215
96 435.151 21.1549 9 2 0.117188 0 0.00486322
97 1010.21 26.1197 9 3 0.150391 0 0.00485589
98 435.151 20.4747 9 2 0.111328 0 0.00482398
99 435.149 20.8437 9 2 0.108398 0 0.00488424
100 435.149 23.5327 9 2 0.134766 0 0.00484851
101 435.127 24.4518 9 2 0.149414 0 0.00481119
102 435.151 23.7343 9 2 0.142578 0 0.00488456
103 435.149 23.8164 9 2 0.143555 0 0.00483267
104 1010.21 23.8422 9 3 0.130859 0 0.00477913
105 1011.78 28.0841 9 3 0.162109 0 0.00483659
106 435.151 23.0783 9 2 0.131836 0 0.00480297
107 1011.78 26.4007 9 3 0.160156 0 0.0048715
108 435.151 29.0687 9 2 0.179688 0 0.00482324
109 435.151 26.3321 9 2 0.163086 0 0.00487921
110 435.127 23.1564 9 2 0.146484 0 0.00480701
111 435.127 26.6259 9 2 0.166016 0 0.00494166
112 435.151 27.0252 9 2 0.171875 0 0.00487011
113 1008.92 26.6449 9 3 0.164062 0 0.00497177
114 1008.92 26.7123 9 3 0.15918 0 0.00479437
115 1008.92 28.2999 9 3 0.174805 0 0.00483757
116 1008.92 29.2019 9 3 0.178711 0 0.00487237
117 435.151 27.2034 9 2 0.166016 0 0.00480221
118 435.151 29.3411 9 2 0.186523 0 0.00492649
119 435.151 24.5321 9 2 0.149414 0 0.00479298
120 1011.31 31.3884 9 3 0.193359 0 0.00485004
121 435.151 28.1127 9 2 0.174805 0 0.00484804
122 435.151 29.0644 9 2 0.177734 0 0.00486962
123 1011.78 29.3897 9 3 0.175781 0 0.00483166
124 1008.92 28.8502 9 3 0.174805 0 0.00488801
125 435.151 29.8019 9 2 0.179688 0 0.0049478
126 435.151 30.0618 9 2 0.192383 0 0.0049159
127 1008.92 31.3958 9 3 0.188477 0 0.00491598
128 1010.21 32.091 9 3 0.209961 0 0.00488247
129 1009.59 31.4563 9 3 0.192383 0 0.00486845
130 1010.79 33.2482 9 3 0.206055 0 0.00495149
131 435.151 32.2733 9 2 0.207031 0 0.00495845
132 435.151 31.258 9 2 0.205078 0 0.00490564
133 1009.59 34.4906 9 3 0.222656 0 0.00502625
134 1012.18 33.2288 9 3 0.208008 0 0.00510186
135 1010.21 32.6153 9 3 0.202148 0 0.00486961
136 1009.59 32.9356 9 3 0.193359 0 0.0048957
137 435.151 35.4866 9 2 0.220703 0 0.00487358
138 435.151 31.9198 9 2 0.191406 0 0.0049193
139 1008.92 30.0648 9 3 0.1875 0 0.00493829
140 1008.21 34.7903 9 3 0.203125 0 0.00491916
141 1008.92 36.7592 9 3 0.232422 0 0.00490736
142 1008.92 35.301 9 3 0.220703 0 0.00492967
143 435.151 37.3226 10 2 0.237305 0 0.00501917
144 1008.92 34.6824 9 3 0.216797 0 0.00506405
145 1011.78 36.9753 9 3 0.22168 0 0.00505169
146 1008.21 31.6072 9 3 0.202148 0 0.00506936
147 435.151 35.082 9 2 0.212891 0 0.00491349
148 1008.92 37.191 10 3 0.243164 0 0.00503522
149 1008.92 34.714 9 3 0.212891 0 0.00504415
150 1008.92 37.9634 10 3 0.236328 0 0.00497694
151 1008.92 36.5673 9 3 0.224609 0 0.00500896
152 435.151 33.905 9 2 0.220703 0 0.00502418
153 435.151 40.7277 10 2 0.25293 0 0.00505096
154 435.151 34.9828 10 2 0.220703 0 0.0049461
155 1008.92 35.2035 9 3 0.21582 0 0.00502489
156 435.151 37.0507 10 2 0.246094 0 0.00501126
157 1009.59 38.9514 10 3 0.245117 0 0.00505431
158 1011.31 39.1777 10 3 0.250977 0 0.00501054
159 1010.21 40.7692 10 3 0.255859 0 0.00501512
160 435.151 40.3424 10 2 0.255859 0 0.00495185
161 1009.59 38.6175 10 3 0.249023 0 0.00504749
162 1011.31 38.4673 11 3 0.249023 0 0.00499523
163 1012.18 39.3894 10 3 0.244141 0 0.0050163
164 1008.92 40.8591 10 3 0.267578 0 0.00518298
165 1008.92 39.3413 10 3 0.255859 0 0.00517272
166 1011.78 46.1776 10 3 0.289062 0 0.00524199
167 1009.59 37.2848 10 3 0.242188 0 0.00512761
168 435.151 43.3093 10 2 0.290039 0 0.00519309
169 1008.92 38.8886 9 3 0.245117 0 0.00515549
170 435.151 36.917 10 2 0.239258 0 0.00513292
171 435.149 43.1862 11 2 0.277344 0 0.00522328
172 1009.59 37.5984 10 3 0.224609 0 0.00516888
173 1008.92 44.2534 10 3 0.276367 0 0.00525577
174 1009.59 39.8358 10 3 0.262695 0 0.00511577
175 1010.79 40.9223 11 3 0.260742 0 0.00525449
176 435.149 41.9353 11 2 0.277344 0 0.00521841
177 435.151 40.251 11 2 0.269531 0 0.00519395
178 1010.79 43.6746 11 3 0.276367 0 0.00523028
179 1011.31 45.3945 10 3 0.28125 0 0.00509368
180 1010.21 48.8626 11 3 0.30957 0 0.00503946
181 1009.59 47.8352 11 3 0.287109 0 0.00519937
182 1009.59 43.8864 11 3 0.277344 0 0.00516998
183 1009.59 48.5289 11 3 0.313477 0 0.00518096
184 1010.79 49.0074 11 3 0.311523 0 0.00522093
185 1008.92 45.1356 11 3 0.288086 0 0.005189
186 1012.18 45.5582 11 3 0.291992 0 0.00515947
187 435.151 41.4693 11 2 0.280273 0 0.00514839
188 1011.78 45.1986 11 3 0.291992 0 0.00515695
189 1009.59 44.7038 11 3 0.289062 0 0.0054023
190 1008.92 49.049 11 3 0.307617 0 0.00523015
191 1843.9 45.2141 11 4 0.275391 0 0.00517049
192 1011.31 45.8461 11 3 0.28418 0 0.00531061
193 1009.59 49.679 11 3 0.317383 0 0.00529994
194 1010.79 48.5863 11 3 0.304688 0 0.00524857
195 1008.92 49.6035 12 3 0.325195 0 0.00534237
196 1012.52 47.0533 11 3 0.303711 0 0.00511218
197 1009.59 44.3626 12 3 0.287109 0 0.00522433
198 1008.92 53.33 13 3 0.342773 0 0.00518768
199 1009.59 43.7846 12 3 0.277344 0 0.00533331
200 435.151 47.5647 13 2 0.318359 0 0.00533377
201 435.151 45.9083 11 2 0.293945 0 0.0051919
202 1011.31 48.1662 12 3 0.307617 0 0.00541474
203 1009.59 47.618 12 3 0.291016 0 0.00534588
204 1011.31 46.1421 12 3 0.292969 0 0.00543381
205 435.151 48.7464 13 2 0.317383 0 0.00553031
206 1008.92 48.9325 12 3 0.308594 0 0.00535913
207 1011.31 45.9596 12 3 0.277344 0 0.00541397
208 983.489 46.7702 13 3 0.293945 0 0.00547178
209 1008.92 50.23 12 3 0.307617 0 0.00562351
210 1006.68 53.1568 13 3 0.327148 0 0.00548438
211 1008.92 49.4235 13 3 0.308594 0 0.00551908
212 1008.92 53.8387 13 3 0.336914 0 0.00554496
213 1831.15 55.3526 13 4 0.338867 0 0.00558949
214 1003.18 48.1938 13 3 0.314453 0 0.00551751
215 1008.92 52.1272 13 3 0.30957 0 0.00560677
216 435.151 51.9696 13 2 0.327148 0 0.0055994
217 1007.46 52.1071 13 3 0.318359 0 0.00579404
218 1011.31 56.652 13 3 0.34668 0 0.00574255
219 1008.92 50.4127 13 3 0.303711 0 0.00590436
220 1008.92 54.5714 14 3 0.333008 0 0.00589605
221 1008.21 57.7134 15 3 0.350586 0 0.00608588
222 1007.46 54.5652 14 3 0.334961 0 0.00601249
223 1008.92 56.604 14 3 0.328125 0 0.00607751
224 1010.21 57.0245 15 3 0.341797 0 0.00617845
225 1841.02 59.8354 15 4 0.354492 0 0.0061111
226 1008.92 56.7912 15 3 0.34375 0 0.00585084
227 1008.21 64.7156 15 3 0.37793 0 0.00630765
228 1765.81 61.3825 16 4 0.351562 0 0.00632026
229 1005.85 61.7793 17 3 0.347656 0 0.00658122
230 1008.92 67.4787 16 3 0.375977 0 0.00647544
231 1010.79 68.5233 17 3 0.380859 0 0.0068277
232 1005.85 60.6669 17 3 0.335938 0 0.00712767
233 1009.59 63.2091 18 3 0.364258 0 0.00672178
234 1832.91 72.098 19 4 0.384766 0 0.00680766
235 2856.74 70.3392 18 5 0.371094 0 0.00728845
236 1788.61 71.724 19 4 0.370117 0 0.00730251
237 1008.92 69.0063 19 3 0.363281 0 0.00723303
238 2803.43 72.94 23 5 0.383789 0 0.00765308
239 1010.21 71.6402 22 3 0.375977 0 0.00761099
240 1005.85 74.6392 22 3 0.383789 0 0.0077294
241 1726.84 75.2 24 4 0.390625 0 0.00789166
242 2918.83 85.9784 26 5 0.40625 0 0.00822278
243 1006.68 85.6914 36 3 0.420898 0 0.00828093
244 435.149 78.0492 30 2 0.390625 0 0.00864014
245 1821.75 82.5233 32 4 0.399414 0 0.0088113
246 1831.15 81.3102 42 4 0.381836 0 0.00911329
247 1829.35 83.3918 49 4 0.382812 0 0.00881126
248 1802.66 84.2586 37 4 0.378906 0 0.00909925
249 1815.68 86.1665 101 4 0.393555 0 0.0101217
250 4074.61 91.5676 101 6 0.387695 0 0.00961283
251 2845.8 93.9901 101 5 0.414062 0 0.0107507
252 1802.66 87.9647 101 4 0.363281 0 0.0112405
253 1832.91 99.9262 101 4 0.415039 0 0.010267
254 1823.71 91.3596 101 4 0.373047 0 0.0101679
255 1837.92 94.9923 101 4 0.410156 0 0.0103216
256 1832.91 96.2522 101 4 0.404297 0 0.0101737
257 1783.71 85.2407 101 4 0.354492 0 0.010043
258 1815.68 89.0592 101 4 0.359375 0 0.0104728
259 1811.47 98.9816 101 4 0.414062 0 0.0106711
260 1760.49 101.857 101 4 0.419922 0 0.0104871
261 1795.76 97.1801 101 4 0.428711 0 0.01079
262 1009.59 99.8703 101 3 0.419922 0 0.0105761
263 1829.35 102.518 101 4 0.426758 0 0.0102056
264 1819.76 95.7336 101 4 0.382812 0 0.0109991
265 1825.63 109.158 101 4 0.426758 0 0.010682
266 1011.78 95.5255 101 3 0.397461 0 0.0107109
267 1793.4 97.8585 101 4 0.40918 0 0.0101579
268 2672.92 110.893 101 5 0.475586 0 0.0108598
269 1788.61 104.302 101 4 0.426758 0 0.0103269
270 1815.68 110.21 101 4 0.463867 0 0.0106419
271 1800.39 110.12 101 4 0.464844 0 0.0102285
272 1765.81 116.717 101 4 0.490234 0 0.0108413
273 1839.49 110.583 101 4 0.478516 0 0.0107941
274 1819.76 114.403 101 4 0.463867 0 0.0107161
275 1807.12 104.819 101 4 0.443359 0 0.0107912
276 1768.44 102.795 101 4 0.416016 0 0.0104928
277 1702.88 120.375 101 4 0.489258 0 0.0116119
278 4310 123.296 101 6 0.517578 0 0.0109577
279 1735.52 112.079 101 4 0.451172 0 0.0109364
280 2736.29 110.426 101 5 0.457031 0 0.0114325
281 1831.15 131.641 101 4 0.548828 0 0.010773
282 2745.01 120.284 101 5 0.510742 0 0.0112108
283 1807.12 116.125 101 4 0.484375 0 0.0104513
284 1795.76 112.299 101 4 0.480469 0 0.0109246
285 1823.71 114.691 101 4 0.46582 0 0.0109084
286 2762.17 111.786 101 5 0.47168 0 0.0111483
287 3587.15 132.75 101 6 0.530273 0 0.0118256
288 1010.21 131.809 101 3 0.574219 0 0.0110344
289 2663.54 123.204 101 5 0.517578 0 0.0115736
290 2863.89 124.969 101 5 0.518555 0 0.0112271
291 2691.43 117.159 101 5 0.499023 0 0.0111527
292 4040.28 130.091 101 6 0.526367 0 0.0109868
293 1006.68 121.228 101 3 0.514648 0 0.010983
294 2927.27 140.934 101 5 0.578125 0 0.0110126
295 3912.98 126.837 101 6 0.53418 0 0.0108352
296 1834.62 139.262 101 4 0.563477 0 0.011569
297 2682.21 140.96 101 5 0.612305 0 0.0105376
298 2853.13 138.554 101 5 0.603516 0 0.0107164
299 4028.62 144.917 101 6 0.603516 0 0.0107382
300 2845.8 149.796 101 5 0.636719 0 0.0106756
301 1798.09 139.827 101 4 0.615234 0 0.0107323
302 2753.63 140.783 101 5 0.600586 0 0.0103935
303 2863.89 142.002 101 5 0.589844 0 0.0106137
304 4248.17 159.266 101 6 0.660156 0 0.0106606
305 2807.41 153.428 101 5 0.642578 0 0.0106993
306 3944.23 146.134 101 6 0.638672 0 0.0106651
307 9248.49 164.595 101 9 0.636719 0 0.0107538
308 5502.26 158.115 101 7 0.646484 0 0.0104284
309 2881.17 167.696 101 5 0.691406 0 0.0109886
310 4085.84 168.695 101 6 0.706055 0 0.0100561
311 4215.78 171.489 101 6 0.722656 0 0.00997183
312 2753.63 157.155 101 5 0.672852 0 0.0101611
313 10026.5 183.961 101 9 0.731445 0 0.0103344
314 3881.17 178.767 101 6 0.751953 0 0.00991693
315 7476.26 186.645 105 8 0.769531 1 0.00988943
316 4302.44 213.293 105 6 0.822266 1 0.0105336
317 4102.47 195.832 101 6 0.78125 0 0.0103503
318 4261.42 211.016 107.538 6 0.841797 1 0.0103852
319 9640.4 220.277 101 9 0.819336 0 0.0106303
320 7467.02 196.168 108.709 8 0.825195 1 0.00980372
321 3968.82 215.249 108.709 6 0.873047 1 0.0100541
322 5438.88 240.841 110.371 7 0.9375 1 0.00999704
323 4171.38 240.492 108.13 6 0.924805 1 0.00977872
324 5645.8 265.412 110.371 7 0.984375 1 0.0103512
325 7602.16 243.209 109.275 8 0.933594 1 0.0099342
326 5717 262.789 108.709 7 0.963867 1 0.01083
327 7654.03 237.62 109.275 8 0.904297 1 0.0100579
328 5810.94 274.324 109.829 7 0.984375 1 0.00995145
329 4176.45 256.447 110.371 6 0.980469 1 0.0101341
330 7305.25 274.612 109.275 8 0.975586 1 0.0102452
331 13006.3 305.033 110.903 10 1.05273 1 0.00993521
332 12867.6 298.818 110.371 10 1.03418 1 0.010823
333 9785.33 355.015 111.937 9 1.12891 1 0.010811
334 7439.11 316.405 110.371 8 1.07715 1 0.0109461
335 7619.6 319.447 111.937 8 1.11035 1 0.0107152
336 12622.1 317.496 110.903 10 1.06152 1 0.0104572
337 21053.2 379.196 112.934 12 1.18262 1 0.0110143
338 16157.4 370.221 112.934 11 1.18652 1 0.0105869
339 7628.26 365.517 113.419 8 1.2002 1 0.0108289
340 12211 401.269 113.897 10 1.24121 1 0.0108834
341 7636.89 341.55 112.44 8 1.15625 1 0.0106752
342 9850.21 363.363 112.44 9 1.16797 1 0.0111079
343 20674.5 457.876 112.934 12 1.28027 1 0.0108462
344 9986.08 406.548 112.934 9 1.24316 1 0.0104751
345 28271.6 440.534 113.419 13 1.2627 1 0.0105161
346 5494.43 372.253 114.366 7 1.25195 1 0.0109439
347 15775.6 457.517 115.282 11 1.33398 1 0.0115449
348 9850.21 434.693 114.366 9 1.30664 1 0.0113917
349 26896.2 469.923 115.729 13 1.3252 1 0.0116147
350 15420.8 571.253 116.603 11 1.48926 1 0.0125162
351 20331.9 560.758 122.047 12 1.52441 1 0.0119356
352 18797.6 542.259 117.03 12 1.43359 1 0.0120478
353 96079.1 658.357 117.45 16 1.48828 1 0.0120969
354 11942.9 629.543 117.45 10 1.5625 1 0.0128744
355 38409.1 651.348 117.03 14 1.51953 1 0.0127838
356 56860.6 707.894 126.234 15 1.61914 1 0.0123835
357 26700.9 772.709 137.037 13 1.74707 1 0.0126446
358 20621.4 876.338 137.3 12 1.87598 1 0.0126903
359 39012.3 897.363 136.902 14 1.83691 1 0.0130754
360 26766.3 876.77 138.872 13 1.91699 1 0.012888
361 38024.8 1047.19 137.675 14 1.9707 1 0.0133835
362 297136 1209.32 406.288 18 2.03027 2 0.0134912
363 1.09501e+06 2246.27 403.121 20 2.19238 2 0.0139213
364 27587.1 1493.98 422.61 13 2.53613 2 0.0145694
365 27402.7 1549.3 430.413 13 2.66895 2 0.0147747
366 299411 2174.92 431.532 18 2.76074 2 0.0149637
367 96052.6 2028.06 433.637 16 3.00684 2 0.0147746
368 163017 2311.65 432.526 17 3.05859 2 0.0153287
369 94783.7 2147.49 433.874 16 2.99121 2 0.0158557
370 300513 2105.21 432.828 18 2.91211 2 0.0150725
371 567656 3076.23 434.476 19 3.14746 2 0.0158981
372 564260 2930.66 434.093 19 3.12598 2 0.0152406
373 299171 2795.32 435.076 18 3.33594 2 0.0165263
374 164610 2924.7 940.922 17 3.47266 3 0.0162964
375 1.09379e+06 5144.42 958.006 20 3.81152 3 0.0180622
376 4.25015e+06 13982.7 995.918 22 4.26367 3 0.0186263
377 1.09206e+06 7657.22 1634.95 20 4.57031 4 0.0192913
378 4.24897e+06 14215.7 1749.6 22 5.0752 4 0.020123
379 3.36261e+07 63921.2 1791.02 25 5.33105 4 0.021241
380 1.34301e+08 199953 2834.58 27 6.08203 5 0.0239265
381 2.68512e+08 969663 5737.72 28 8.04004 7 0.0302192
382 5.36966e+08 2.8809e+06 8308.63 29 8.99902 9 0.0318645
383 2.68516e+08 1.16898e+06 7457.75 28 8.71387 8 0.031815
384 1.07383e+09 2.29306e+06 7619.6 30 8.70117 8 0.0319456
385 1.07384e+09 2.43871e+06 6268.36 30 8.26367 8 0.0322374
386 2.6852e+08 1.20911e+06 7073.47 28 8.43555 8 0.0325336
387 1.07384e+09 5.74081e+06 5836.42 30 8.21875 7 0.0321277
388 2.14758e+09 5.12978e+06 6594.41 31 8.57617 8 0.0332636
389 1.07385e+09 2.10864e+06 5681.8 30 8.31836 7 0.0330686
390 4.29508e+09 7.20955e+06 6915.1 32 8.51074 8 0.0324744
391 2.14758e+09 4.98183e+06 6571.63 31 8.57129 8 0.0323271
392 1.07384e+09 3.75804e+06 6409.96 30 8.19727 8 0.0331017
393 4.29508e+09 6.16614e+06 5357.41 32 8.03027 7 0.0322135
394 8.59005e+09 1.20198e+07 6850.26 33 8.45117 8 0.0334869
395 2.14759e+09 1.25261e+07 7175.96 31 8.99902 8 0.0341946
396 4.29508e+09 1.15801e+07 5454.88 32 7.90723 7 0.0313571
397 4.29507e+09 1.40345e+07 7980.3 32 9.26953 9 0.0352359
398 4.29509e+09 1.23267e+07 7476.26 32 9.04102 8 0.0339111
399 2.14759e+09 1.14304e+07 7704.53 31 9.25488 8 0.0349271
400 4.29508e+09 1.78995e+07 9536.79 32 9.65332 9 0.0357004
401 4.29507e+09 1.32006e+07 8970.24 32 9.49512 9 0.0342637
402 1.37439e+11 1.77153e+08 9651.76 37 9.9043 9 0.0354978
403 8.59005e+09 4.07187e+07 11573.9 33 10.2549 10 0.0378539
404 4.29507e+09 2.41679e+07 10472 32 10.2568 10 0.0393223
405 1.718e+10 6.33814e+07 9394.74 34 10.0508 9 0.0384036
406 1.37439e+11 1.77093e+08 11528.4 37 10.3691 10 0.0383039
407 8.59006e+09 2.09444e+07 8308.63 33 9.34961 9 0.0372949
408 1.718e+10 4.71311e+07 7557.96 34 9.2002 8 0.0373103
409 4.29508e+09 1.5898e+07 6232.54 32 8.74805 8 0.0364457
410 8.59004e+09 2.97244e+07 8138.65 33 9.20996 9 0.0374412
411 4.29507e+09 1.72693e+07 7415.68 32 9.06348 9 0.0382113
412 3.43599e+10 8.55212e+07 7439.11 35 9.23242 8 0.0363688
413 1.718e+10 5.31178e+07 8983.16 34 10.0029 9 0.0379612
414 1.718e+10 5.42326e+07 8970.24 34 9.70117 9 0.0386072
415 4.29509e+09 2.77379e+07 9629.02 32 10.0459 9 0.0377436
416 2.14758e+09 1.10231e+07 9394.74 31 9.78906 9 0.0380204
417 4.29508e+09 2.12542e+07 9478.13 32 9.96094 9 0.0378946
418 2.74878e+11 3.17041e+08 8918.33 38 9.71191 9 0.0371211
419 3.43599e+10 5.87024e+07 10337.1 35 10.3584 10 0.0379274
420 8.59006e+09 3.96447e+07 9072.88 33 9.88477 9 0.0380236
421 4.29508e+09 3.06887e+07 9346.44 32 9.87402 9 0.0374877
422 4.29507e+09 2.82917e+07 9478.13 32 9.93066 9 0.0373109
423 2.14759e+09 1.79966e+07 9719.16 31 9.9248 9 0.0377838
424 1.37439e+11 1.6624e+08 9513.42 37 10.1533 9 0.0391584
425 8.59005e+09 3.89116e+07 6491.28 33 9.2207 8 0.0386674
426 1.718e+10 3.41808e+07 8336.67 34 9.625 9 0.0379927
427 1.718e+10 5.78059e+07 9194.25 34 10.0801 10 0.0403373
428 3.43599e+10 7.53044e+07 7439.11 35 9.53809 8 0.0383805
429 8.59005e+09 2.09473e+07 9034.58 33 9.91992 9 0.0358401
430 4.29508e+09 3.69874e+07 10472 32 10.3018 10 0.0375788
431 6.87196e+10 1.17114e+08 10076.1 36 10.2744 9 0.0397359
432 8.59005e+09 4.4413e+07 9752.4 33 10.375 9 0.0383097
433 1.718e+10 4.50492e+07 9796.23 34 10.126 9 0.0427168
434 4.29508e+09 3.52705e+07 12279.6 32 11.1348 10 0.0401614
435 8.59005e+09 4.46368e+07 11344.3 33 10.7002 10 0.0389017
436 1.718e+10 1.07717e+08 11390.7 34 10.5342 10 0.0389252
437 1.718e+10 6.14396e+07 13837 34 11.1104 11 0.0412262
438 8.59005e+09 5.29619e+07 15135.8 33 11.4375 11 0.0414271
439 1.718e+10 7.23603e+07 12320.3 34 11.1924 10 0.0397789
440 6.87196e+10 1.13686e+08 12293.2 36 11.4277 10 0.0426049
441 3.43599e+10 1.08024e+08 15568 35 11.9863 11 0.0435452
442 1.718e+10 1.03663e+08 12698.6 34 11.6357 11 0.0424977
443 1.37439e+11 2.30773e+08 14629.5 37 11.8115 11 0.0448206
444 3.43599e+10 1.39675e+08 18901.5 35 12.334 12 0.0433248
445 6.87196e+10 2.35613e+08 20386.9 36 13.0361 12 0.0450407
446 1.37439e+11 2.59971e+08 16703.6 37 12.4805 12 0.0442889
447 3.43599e+10 1.10985e+08 19509.6 35 12.5312 12 0.0450116
448 1.37439e+11 4.52783e+08 18714.1 37 12.6826 12 0.043792
449 6.87196e+10 2.79799e+08 14911.8 36 12.1953 11 0.0437017
450 6.87196e+10 2.45203e+08 17184.9 36 12.4385 12 0.0440732
451 3.43599e+10 1.45899e+08 15304.6 35 12.0869 11 0.043093
452 1.37439e+11 2.89097e+08 15486.6 37 12.2207 11 0.042682
453 2.74878e+11 7.31201e+08 15304.6 38 12.2031 11 0.0427241
454 3.43599e+10 1.83881e+08 20295.1 35 12.7812 12 0.043114
455 5.49756e+11 7.79609e+08 19706.2 39 12.7031 12 0.0443997
456 6.87196e+10 3.80341e+08 15759.9 36 12.3135 11 0.0454958
457 5.49756e+11 1.12183e+09 15535.5 39 12.3096 11 0.0404753
458 1.37439e+11 4.17549e+08 15568 37 12.0439 11 0.0415014
459 5.49756e+11 2.00417e+09 14557.8 39 12.0986 11 0.0432543
460 5.49756e+11 1.17656e+09 11203.7 39 11.1123 10 0.0409181
461 1.37439e+11 7.52776e+08 15135.8 37 12.3643 11 0.0436746
462 5.49756e+11 1.86134e+09 11558.8 39 11.2812 10 0.0441414
463 2.74878e+11 8.61665e+08 11558.8 38 11.3271 10 0.0404248
464 2.74878e+11 7.70017e+08 12141.5 38 11.5293 10 0.0406648
465 8.79609e+12 9.34962e+09 14467.6 43 12.0859 11 0.0408187
466 5.49756e+11 2.2919e+09 9674.36 39 11.5674 9 0.0412719
467 5.49756e+11 3.56897e+09 12710 39 12.2686 10 0.0434103
468 1.37439e+11 9.41023e+08 12622.1 37 12.125 10 0.042293
469 3.51844e+13 3.96615e+10 14894.4 45 12.7607 11 0.043325
470 2.74878e+11 1.21691e+09 15135.8 38 12.3154 11 0.0423954
471 1.09951e+12 1.43524e+09 11649.1 40 10.9893 10 0.0401263
472 2.74878e+11 1.26505e+09 12141.5 38 11.4209 10 0.0418014
473 2.19902e+12 3.47941e+09 10218.1 41 11.2363 10 0.039148
474 8.79609e+12 1.05824e+10 11589 43 11.373 10 0.0419765
475 1.09951e+12 2.71008e+09 9617.6 40 11.0742 9 0.0404838
476 4.39805e+12 6.9371e+09 9442.57 42 11.1152 9 0.0439885
477 5.49756e+11 2.59058e+09 9223.72 39 10.9268 9 0.0425637
478 1.09951e+12 4.80585e+09 9161.33 40 10.7617 9 0.0426328
479 5.49756e+11 2.56465e+09 9796.23 39 10.96 9 0.0417574
480 4.39805e+12 7.64851e+09 10132.4 42 11.29 10 0.0428732
481 8.79609e+12 1.34957e+10 12000.3 43 12.083 10 0.043985
482 1.09951e+12 3.97701e+09 9674.36 40 11.3848 9 0.0424796
483 8.79609e+12 1.29268e+10 8706.8 43 10.3311 9 0.0404722
484 4.39805e+12 1.02807e+10 11649.1 42 11.5947 10 0.0437023
485 1.09951e+12 3.23265e+09 11124.7 40 11.9219 10 0.0443625
486 4.39805e+12 7.23469e+09 11782.8 42 12.0527 10 0.0445221
487 1.09951e+12 4.09055e+09 15015.8 40 13.1279 11 0.0471635
488 1.09951e+12 7.73021e+09 15437.3 40 13.6494 11 0.0472241
489 1.75922e+13 2.74259e+10 18672.1 44 13.4062 12 0.0475824
490 1.09951e+12 5.48439e+09 24657.2 40 14.4756 13 0.0490417
491 1.09951e+12 9.49082e+09 20033.2 40 13.9844 12 0.0486986
492 5.49756e+11 3.44127e+09 26212.1 39 14.6055 13 0.0509027
493 2.19902e+12 8.18962e+09 19938 41 14.25 12 0.0481554
494 1.09951e+12 6.21467e+09 26257.2 40 14.9336 13 0.0515159
495 4.39805e+12 1.31652e+10 20146.3 42 14.252 12 0.0491401
496 2.19902e+12 7.25834e+09 20477.9 41 14.1338 12 0.0503595
497 1.09951e+12 7.18149e+09 19861.3 40 14.0283 12 0.0496397
498 2.19902e+12 8.96431e+09 19370.1 41 13.6348 12 0.0487013
499 2.19902e+12 1.27098e+10 19390.1 41 13.8828 12 0.0509579
500 4.39805e+12 2.15649e+10 15502.9 42 13.5088 11 0.0484959
501 1.75922e+13 3.71207e+10 19784 44 13.9912 12 0.0486505
502 1.09951e+12 5.21359e+09 16749.8 40 13.5439 12 0.0471693
503 1.09951e+12 7.44168e+09 15033 40 12.9629 11 0.0459067
504 1.09951e+12 5.88322e+09 20441.6 40 13.8906 12 0.0495615
505 2.19902e+12 4.16397e+09 13099.5 41 12.5596 11 0.0475314
506 8.79609e+12 1.39728e+10 12660 43 12.8027 10 0.0472133
507 4.39805e+12 9.84037e+09 20033.2 42 14.1289 12 0.0494303
508 8.79609e+12 2.51478e+10 20405.2 43 14.2246 12 0.0482924
509 4.39805e+12 1.64712e+10 18839.3 42 13.916 12 0.0480364
510 2.19902e+12 1.43797e+10 20639.1 41 14.9707 12 0.0514584
511 4.39805e+12 1.88643e+10 27299 42 15.0693 13 0.0502035
512 2.19902e+12 1.2602e+10 25661.3 41 14.9834 13 0.0489553
513 8.79609e+12 3.00963e+10 21579.5 43 14.5723 12 0.0481707
514 8.79609e+12 1.79027e+10 20033.2 43 14.1133 12 0.0464906
515 8.79609e+12 2.95122e+10 27984.8 43 15.0762 13 0.0492788
516 8.79609e+12 2.69793e+10 27627.6 43 15.2256 13 0.0492497
517 2.19902e+12 1.07543e+10 27024.8 41 15.0947 13 0.0497824
518 1.75922e+13 3.69464e+10 27748.2 44 15.2881 13 0.049276
519 1.1259e+15 1.14158e+12 27173.2 50 15.2822 13 0.0497244
520 8.79609e+12 2.20101e+10 38690.9 43 16.0518 14 0.0510306
521 3.51844e+13 6.24279e+10 37631.3 45 15.2598 14 0.0479866
522 2.19902e+12 1.25181e+10 27965.3 41 15.0322 13 0.0465792
523 8.79609e+12 3.16301e+10 27788 43 15.2402 13 0.0489019
524 1.75922e+13 5.14773e+10 27688.1 44 14.8896 13 0.0476666
525 7.03687e+13 1.11158e+11 27402.7 46 14.9688 13 0.0485334
526 1.75922e+13 5.19484e+10 27152.1 44 14.6523 13 0.046663
527 4.39805e+12 1.94373e+10 27402.7 42 14.9297 13 0.0502133
528 8.79609e+12 3.33814e+10 38597.6 43 15.9121 14 0.0498746
529 8.79609e+12 2.20578e+10 34452.9 43 15.1465 14 0.0505074
530 1.75922e+13 4.78505e+10 38049.1 44 15.6729 14 0.0494993
531 8.79609e+12 1.69384e+10 38737.3 43 15.5977 14 0.0508831
532 1.75922e+13 5.45802e+10 38527.2 44 15.7979 14 0.0505518
533 7.03687e+13 1.27488e+11 37878.3 46 15.9814 14 0.0512009
534 1.75922e+13 3.10171e+10 38714.1 44 15.9219 14 0.0503875
535 1.75922e+13 5.40956e+10 38480 44 15.9414 14 0.0516712
536 4.39805e+12 1.56634e+10 37705.8 42 15.6709 14 0.0505457
537 4.39805e+12 2.07085e+10 38145.9 42 15.833 14 0.0500341
538 7.03687e+13 1.0834e+11 27728.2 46 15.082 13 0.049612
539 8.79609e+12 2.78999e+10 56832.5 43 16.1846 15 0.0528774
540 4.39805e+12 2.15807e+10 26480.7 42 14.8672 13 0.0482308
541 7.03687e+13 7.62095e+10 27003.5 46 14.6992 13 0.0487112
542 7.03687e+13 1.33737e+11 56492.8 46 16.375 15 0.0525475
543 8.79609e+12 5.67322e+10 58658.8 43 17.0713 15 0.0553126
544 1.40737e+14 4.45767e+11 94291.1 47 17.7227 16 0.0584803
545 7.03687e+13 1.1479e+11 58530.7 46 16.6045 15 0.0551679
546 2.19902e+12 1.95165e+10 27926.2 41 15.0859 13 0.0506479
547 4.39805e+12 3.21772e+10 38266.1 42 15.792 14 0.0535881
548 8.79609e+12 4.39077e+10 58735.1 43 16.6738 15 0.0586103
549 1.75922e+13 8.93816e+10 58530.7 44 16.8955 15 0.0560061
550 1.75922e+13 5.99144e+10 56090.3 44 16.0107 15 0.0538509
551 7.03687e+13 9.04652e+10 55711 46 15.7295 15 0.05154
552 3.51844e+13 8.96678e+10 161601 45 17.7744 17 0.0587943
553 3.51844e+13 1.5304e+11 160798 45 17.9355 17 0.0586086
554 7.03687e+13 1.08771e+11 59086.2 46 16.8828 15 0.0553453
555 1.75922e+13 9.6864e+10 94726.4 44 17.6309 16 0.0576744
556 3.51844e+13 1.54514e+11 91760.2 45 16.9805 16 0.0561664
557 8.79609e+12 5.62885e+10 58427.5 43 16.7842 15 0.0566787
558 1.40737e+14 4.03079e+11 92620 47 17.375 16 0.0612049
559 3.51844e+13 2.10991e+11 164393 45 18.2266 17 0.0621325
560 7.03687e+13 2.33454e+11 162885 46 18.1514 17 0.0619305
561 1.40737e+14 2.28967e+11 93936.3 47 17.5117 16 0.0619145
562 1.1259e+15 1.35715e+12 93332.5 50 17.5586 16 0.0603746
563 3.51844e+13 1.43237e+11 58735.1 45 17.1543 15 0.0606088
564 3.51844e+13 1.58458e+11 57901.6 45 16.9893 15 0.0604097
565 1.40737e+14 3.7221e+11 56119.3 47 16.9805 15 0.0621874
566 7.03687e+13 2.35134e+11 91598.3 46 17.2314 16 0.0618276
567 2.81475e+14 7.08921e+11 92367.8 48 17.1104 16 0.0614021
568 1.75922e+13 1.24642e+11 91468.2 44 17.1055 16 0.0630164
569 3.51844e+13 2.42945e+11 54173.5 45 16.915 15 0.0624238
570 2.81475e+14 5.25946e+11 57111.9 48 16.666 15 0.0590938
571 1.40737e+14 3.00008e+11 160194 47 17.8828 17 0.0643029
572 2.81475e+14 4.10807e+11 92209 48 17.25 16 0.0629556
573 1.40737e+14 4.58058e+11 94291.1 47 17.9453 16 0.0677657
574 1.75922e+13 1.02681e+11 36107.3 44 15.8486 14 0.059921
575 1.40737e+14 4.97376e+11 37203.6 47 16.1377 14 0.0595324
576 5.6295e+14 8.61703e+11 57056.3 49 16.9346 15 0.0614263
577 7.03687e+13 2.60411e+11 28139 46 15.2686 13 0.0582743
578 1.1259e+15 1.2681e+12 34847.6 50 15.3945 14 0.0567343
579 1.1259e+15 1.44956e+12 56003.3 50 16.9941 15 0.0633593
580 2.2518e+15 2.68109e+12 159870 51 18.2881 17 0.0675922
581 5.6295e+14 9.16275e+11 162182 49 18.7393 17 0.0672608
582 5.6295e+14 8.37144e+11 94261.7 49 17.9746 16 0.0671797
583 2.81475e+14 7.32141e+11 56003.3 48 17.2812 15 0.0660063
584 2.81475e+14 9.8624e+11 38456.4 48 16.6211 14 0.0616676
585 5.6295e+14 1.05425e+12 294151 49 18.6494 18 0.0703466
586 7.03687e+13 2.98151e+11 56492.8 46 17.3086 15 0.0654533
587 5.6295e+14 7.8899e+11 89320.5 49 17.9043 16 0.0701754
588 2.81475e+14 4.48284e+11 162619 48 18.5156 17 0.0690643
589 1.40737e+14 4.50337e+11 92994.1 47 17.6865 16 0.0689632
590 1.1259e+15 1.9891e+12 92081.5 50 17.8281 16 0.0649496
591 2.81475e+14 6.47111e+11 56578.2 48 16.9961 15 0.0641664
592 5.6295e+14 1.4121e+12 57111.9 49 16.8467 15 0.0641075
593 1.40737e+14 7.09318e+11 37305.1 47 16.1787 14 0.0637794
594 1.40737e+14 7.52268e+11 26613.2 47 16.085 13 0.0618635
595 1.1259e+15 2.34174e+12 55974.2 50 16.8271 15 0.0614865
596 1.1259e+15 1.53369e+12 94783.7 50 17.8662 16 0.0642871
597 3.51844e+13 1.83192e+11 54664 45 16.4854 15 0.0613973
598 1.80144e+16 1.78582e+13 92049.5 54 17.0674 16 0.0630264
599 7.03687e+13 3.85053e+11 161115 46 18.3369 17 0.0666781
600 1.40737e+14 3.2495e+11 160194 47 17.8818 17 0.065318
601 1.1259e+15 2.0718e+12 298472 50 18.9717 18 0.0680008
602 5.6295e+14 2.17255e+12 161876 49 18.416 17 0.0668888
603 1.40737e+14 5.46484e+11 94783.7 47 18.0684 16 0.0676233
604 2.2518e+15 4.48233e+12 58008.1 51 17.5352 15 0.0641564
605 1.1259e+15 2.66628e+12 55296.6 50 17.2393 15 0.0633704
606 4.5036e+15 6.58785e+12 54633.6 52 16.9541 15 0.0628071
607 2.81475e+14 1.64409e+12 158956 48 18.7441 17 0.0695877
608 5.6295e+14 1.34418e+12 159177 49 18.5576 17 0.0690624
609 5.76461e+17 6.3602e+14 295823 59 19.3271 18 0.0722075
610 2.2518e+15 4.25433e+12 164946 51 19.2031 17 0.0743951
611 5.6295e+14 1.14734e+12 92304.4 49 17.9922 16 0.0698021
612 2.81475e+14 1.27769e+12 37431.3 48 17.25 14 0.0667009
613 1.40737e+14 5.25959e+11 91206.6 47 17.6934 16 0.0653923
614 2.81475e+14 9.71419e+11 92177.2 48 17.6992 16 0.0650097
615 2.81475e+14 8.88739e+11 293713 48 19.1426 18 0.071986
616 2.81475e+14 1.147e+12 160834 48 18.4199 17 0.0703728
617 2.2518e+15 3.72364e+12 92745.2 51 18.2197 16 0.0711329
618 2.81475e+14 1.10654e+12 160939 48 18.4893 17 0.07093
619 4.5036e+15 7.97914e+12 295401 52 19.3271 18 0.0762778
620 5.6295e+14 1.1516e+12 94495.4 49 18.4775 16 0.0715349
621 9.0072e+15 1.42693e+13 91468.2 53 18.0293 16 0.0718301
622 4.5036e+15 7.45715e+12 155752 52 18.7812 17 0.0712608
623 1.1259e+15 3.18232e+12 1.08253e+06 50 20.6465 20 0.0815336
624 5.6295e+14 2.00838e+12 296616 49 19.9189 18 0.0753544
625 5.6295e+14 2.58654e+12 160194 49 18.6748 17 0.0742491
626 9.0072e+15 1.45681e+13 294780 53 19.7969 18 0.0770279
627 4.5036e+15 6.60847e+12 295092 52 20.0156 18 0.0774984
628 2.2518e+15 1.27081e+13 554938 51 20.4512 19 0.079442
629 7.20576e+16 8.97066e+13 293633 56 20.0469 18 0.0796214
630 3.60288e+16 1.5168e+14 1.08785e+06 55 21.7725 20 0.0859536
631 2.8823e+17 3.38488e+14 296988 58 20.9209 18 0.0846048
632 1.44115e+17 1.85495e+14 36583.8 57 18.3115 14 0.083432
633 1.80144e+16 5.93969e+13 34452.9 54 18.0107 14 0.0750623
634 1.80144e+16 6.44185e+13 25915.9 54 17.7168 13 0.0770655
635 1.15292e+18 1.34045e+15 54111.7 60 18.0615 15 0.0768794
636 7.20576e+16 1.08758e+14 38073.4 56 17.4639 14 0.0758507
637 1.80144e+16 3.30136e+13 37406.1 54 17.5869 14 0.0734245
638 1.15292e+18 1.18829e+15 90308.8 60 19.2891 16 0.0801278
639 4.5036e+15 2.15578e+13 33995.6 52 17.8662 14 0.0804927
640 1.44115e+17 1.9788e+14 35098.6 57 17.832 14 0.0822296
641 7.20576e+16 8.92554e+13 88484.7 56 19.5059 16 0.082328
642 1.44115e+17 1.71282e+14 159942 57 19.8506 17 0.0888998
643 1.80144e+16 5.2456e+13 55945.1 54 18.5947 15 0.0844587
644 7.20576e+16 1.01538e+14 54296.8 56 18.5322 15 0.0806928
645 7.20576e+16 1.85676e+14 296766 56 21.1416 18 0.0907756
646 7.20576e+16 1.54897e+14 293952 56 20.6152 18 0.0860299
647 3.60288e+16 9.93355e+13 158174 55 20.0029 17 0.0860479
648 7.20576e+16 1.84661e+14 164885 56 20.4297 17 0.0854521
649 2.8823e+17 4.24282e+14 555493 58 20.6846 19 0.0874909
650 1.80144e+16 1.2938e+14 161150 54 20.5977 17 0.0892897
651 7.20576e+16 1.55002e+14 554098 56 21.3057 19 0.0930792
652 1.44115e+17 3.11346e+14 294071 57 21.3018 18 0.0909597
653 5.76461e+17 7.9388e+14 293190 59 20.4551 18 0.0875287
654 9.22337e+18 9.13069e+15 560206 63 21.7539 19 0.0932703
655 5.76461e+17 7.03934e+14 157034 59 20.3789 17 0.108106
656 2.8823e+17 4.40554e+14 154077 58 20.6494 17 0.111831
657 7.20576e+16 3.34423e+14 286359 56 21.4336 18 0.113987
658 1.44115e+17 2.8083e+14 296542 57 22.0137 18 0.112555
659 2.30584e+18 2.74465e+15 4.23488e+06 61 23.6113 22 0.105683
660 7.20576e+16 4.54369e+14 8.44231e+06 56 23.9727 23 0.102134
661 2.30584e+18 2.88487e+15 2.13696e+06 61 22.8066 21 0.0982045
662 1.44115e+17 3.1362e+14 1.08882e+06 57 22.5312 20 0.0985334
663 3.60288e+16 1.69633e+14 2.13737e+06 55 22.4424 21 0.0943185
664 2.8823e+17 7.18318e+14 1.08891e+06 58 22.1543 20 0.0938902
665 2.8823e+17 4.50693e+14 558557 58 21.8691 19 0.0929546
666 2.8823e+17 4.30214e+14 8.44248e+06 58 23.4658 23 0.0982978
667 5.76461e+17 1.23924e+15 4.24169e+06 59 23.5332 22 0.0993378
668 2.8823e+17 4.13228e+14 4.24217e+06 58 22.7012 22 0.0977043
669 1.44115e+17 2.43678e+14 4.23039e+06 57 23.0293 22 0.0973967
670 4.61169e+18 4.77954e+15 8.44236e+06 62 23.7354 23 0.100929
671 1.44115e+17 3.41919e+14 2.13979e+06 57 22.6104 21 0.0997767
672 2.8823e+17 5.50186e+14 4.23728e+06 58 23.3516 22 0.10883
673 4.61169e+18 4.59387e+15 8.43458e+06 62 23.3545 23 0.0986518
674 9.22337e+18 9.5365e+15 6.71736e+07 63 25.0967 26 0.113614
675 9.22337e+18 1.22409e+16 5.36939e+08 63 26.2266 29 0.112542
676 1.15292e+18 1.61752e+15 2.14304e+06 60 23.2305 21 0.111116
677 2.30584e+18 5.53899e+15 4.23207e+06 61 23.4561 22 0.109302
678 4.61169e+18 7.78377e+15 560419 62 22.0918 19 0.108028
679 1.15292e+18 2.91077e+15 1.34289e+08 60 25.9297 27 0.117488
680 2.30584e+18 5.21127e+15 8.43928e+06 61 24.25 23 0.110838
681 4.61169e+18 1.43043e+16 1.68355e+07 62 24.832 24 0.107092
682 4.61169e+18 7.88424e+15 2.13585e+06 62 23.0039 21 0.103196
683 7.3787e+19 8.88291e+16 290501 66 21.8896 18 0.100919
684 1.84467e+19 3.32601e+16 281616 64 21.0469 18 0.0947758
685 3.68935e+19 3.95938e+16 157455 65 20.6816 17 0.0920414
686 9.22337e+18 3.67354e+16 53044.2 63 19.2441 15 0.0895343
687 1.84467e+19 2.19937e+16 37101.6 64 18.6201 14 0.0910599
688 5.76461e+17 2.6998e+15 89732.4 59 20.085 16 0.0956159
689 7.3787e+19 7.5548e+16 35264.8 66 18.8818 14 0.0877923
690 1.84467e+19 2.18627e+16 17500.3 64 17.666 12 0.0851824
691 2.8823e+17 6.85312e+14 36000.1 58 18.4072 14 0.0871722
692 4.61169e+18 1.01148e+16 19489.7 62 17.6631 12 0.0812894
693 2.36118e+21 2.38406e+18 11045.2 71 15.7764 10 0.0756118
694 4.61169e+18 7.79489e+15 7760.61 62 14.5352 9 0.0747352
695 2.30584e+18 4.40173e+15 16726.7 61 16.2695 12 0.0780626
696 9.22337e+18 1.18983e+16 14859.4 63 16.9746 11 0.0828305
697 9.22337e+18 1.19183e+16 10997.1 63 15.9932 10 0.076201
698 4.61169e+18 7.81469e+15 12860 62 16.7686 11 0.0798259
699 4.61169e+18 1.00657e+16 13139.2 62 16.7871 11 0.0812207
700 7.3787e+19 7.93752e+16 16236.2 66 17.29 12 0.0853028
701 3.77789e+22 3.81259e+19 19086.7 75 17.6035 12 0.0868144
702 2.95148e+20 3.14024e+17 18418.1 68 18.0137 12 0.0951386
703 6.04463e+23 5.91298e+20 17611.9 79 17.9512 12 0.0962402
704 9.44473e+21 1.95452e+19 4430.35 73 14.4502 7 0.0835403
705 1.88895e+22 1.9122e+19 8800.09 74 16.875 9 0.089222
706 2.36118e+21 2.77849e+18 5915.33 71 14.4932 8 0.0837931
707 1.84467e+19 3.72857e+16 5307.39 64 14.0205 7 0.0812521
708 5.90296e+20 6.20739e+17 6951.94 69 15.0605 9 0.0806845
709 1.47574e+20 2.04929e+17 16819.1 67 17.4297 12 0.090515
710 9.44473e+21 9.3826e+18 23809.8 73 18.8057 13 0.0903905
711 2.36118e+21 2.76852e+18 92557.1 71 20.4736 16 0.100979
712 1.47574e+20 2.47909e+17 84578.4 67 19.875 16 0.0993664
713 4.72237e+21 4.66158e+18 83280.5 72 19.1992 16 0.0979301
714 7.3787e+19 2.03596e+17 89561.2 66 19.8838 16 0.100286
715 1.88895e+22 1.88793e+19 156065 74 20.6768 17 0.107064
716 1.88895e+22 2.47821e+19 90810.3 74 21.0342 16 0.107073
717 3.02231e+23 3.0487e+20 1.08377e+06 78 23.3994 20 0.116037
718 1.47574e+20 3.75933e+17 290797 67 21.4688 18 0.106049
719 3.77789e+22 3.98432e+19 288088 75 21.0664 18 0.110248
720 6.1897e+26 6.09487e+23 549173 89 22.1572 19 0.114868
721 2.36118e+21 6.94355e+18 1.08446e+06 71 22.8906 20 0.115127
722 2.36118e+21 3.06705e+18 295478 71 20.7266 18 0.107047
723 4.72237e+21 5.10077e+18 2.11685e+06 72 22.999 21 0.114725
724 4.95176e+27 4.83668e+24 2.13727e+06 92 24.3555 21 0.124892
725 7.55579e+22 9.75762e+19 1.08808e+06 76 23.5469 20 0.127758
726 4.72237e+21 1.88561e+19 1.08076e+06 72 22.7432 20 0.123078
727 1.88895e+22 3.21455e+19 553011 74 22.5303 19 0.116726
728 4.8357e+24 5.91835e+21 1.08228e+06 82 22.8525 20 0.122687
729 1.88895e+22 3.80993e+19 543474 74 22.0176 19 0.11554
730 1.9807e+28 1.93629e+25 551862 94 22.0127 19 0.115623
731 4.8357e+24 5.94666e+21 2.12978e+06 82 23.6914 21 0.126521
732 3.77789e+22 8.49331e+19 2.135e+06 75 24.1289 21 0.126514
733 6.04463e+23 6.29143e+20 1.08086e+06 79 23.0371 20 0.125296
734 3.86856e+25 3.78588e+22 1.08147e+06 85 22.1777 20 0.115954
735 3.77789e+22 4.90588e+19 1.07042e+06 75 21.6855 20 0.11952
736 7.55579e+22 1.48557e+20 292047 76 20.4951 18 0.109639
737 3.02231e+23 3.98044e+20 1.07439e+06 78 21.9619 20 0.120168
738 3.09485e+26 3.02693e+23 553011 88 20.6816 19 0.109823
739 1.51116e+23 1.53048e+20 560419 77 22.207 19 0.115556
740 3.86856e+25 3.79298e+22 291633 85 20.7061 18 0.113265
741 3.02231e+23 3.35233e+20 555216 78 22.124 19 0.116317
742 4.8357e+24 4.89394e+21 553343 82 21.9971 19 0.114011
743 7.55579e+22 8.10819e+19 1.08243e+06 76 22.6699 20 0.121704
744 2.41785e+24 2.58824e+21 2.1295e+06 81 23.5127 21 0.123146
745 3.77789e+22 6.88067e+19 1.07854e+06 75 21.8105 20 0.121997
746 3.02231e+23 2.96961e+20 1.06907e+06 78 21.8359 20 0.122801
747 6.1897e+26 6.04584e+23 1.08724e+06 89 23.0244 20 0.127606
748 2.41785e+24 2.36224e+21 549766 81 21.1836 19 0.113904
749 9.44473e+21 1.99199e+19 554752 73 21.8252 19 0.121337
750 6.04463e+23 5.96168e+20 553580 79 21.6875 19 0.118438
751 3.09485e+26 4.54086e+23 2.12373e+06 88 23.5801 21 0.123989
752 7.92282e+28 8.23623e+25 1.08667e+06 96 24.0146 20 0.126609
753 3.02231e+23 3.01157e+20 89698.2 78 21.2588 16 0.11663
754 9.67141e+24 1.07309e+22 548676 83 22.8828 19 0.123342
755 2.47588e+27 2.41914e+24 2.13943e+06 91 24.5527 21 0.128522
756 6.1897e+26 6.05724e+23 1.08923e+06 89 24.2383 20 0.131038
757 7.55579e+22 1.27951e+20 1.0752e+06 76 23.4512 20 0.131985
758 9.67141e+24 1.22958e+22 556408 83 22.916 19 0.121878
759 2.41785e+24 2.83525e+21 1.07606e+06 81 23.0449 20 0.122034
760 3.02231e+23 3.444e+20 33966.9 78 19.5293 14 0.120818
761 7.92282e+28 7.74918e+25 159616 96 22.4033 17 0.117531
762 1.54743e+26 1.7992e+23 553532 87 24.252 19 0.123266
763 2.47588e+27 2.49705e+24 4.23711e+06 91 25.3965 22 0.134109
764 6.1897e+26 6.09989e+23 8.44163e+06 89 26.1035 23 0.132043
765 9.67141e+24 1.48113e+22 1.08112e+06 83 24.5469 20 0.130031
766 1.9807e+28 2.42157e+25 2.12768e+06 94 24.3809 21 0.13425
767 1.51116e+23 3.38618e+20 1.08288e+06 77 24.4443 20 0.127632
768 2.41785e+24 3.11943e+21 8.43728e+06 81 26.5303 23 0.134694
769 7.92282e+28 7.74575e+25 4.24201e+06 96 25.2246 22 0.127307
770 7.92282e+28 7.73716e+25 4.23733e+06 96 24.793 22 0.123467
771 3.09485e+26 3.09589e+23 1.6822e+07 88 26.835 24 0.142465
772 7.92282e+28 2.32158e+26 556862 96 23.1113 19 0.131004
773 7.92282e+28 8.25641e+25 1.08263e+06 96 24.3701 20 0.124992
774 3.86856e+25 4.93723e+22 1.08845e+06 85 25.1641 20 0.128376
775 7.92282e+28 1.54749e+26 152110 96 23.4805 17 0.127393
776 3.09485e+26 4.75241e+23 4.22919e+06 88 25.3994 22 0.129362
777 3.09485e+26 3.30293e+23 158511 88 23.7734 17 0.124869
778 7.73713e+25 1.39566e+23 1.08328e+06 86 24.5078 20 0.124129
779 2.47588e+27 2.4278e+24 1.68236e+07 91 26.625 24 0.132187
780 7.92282e+28 7.75447e+25 88484.7 96 22.0381 16 0.114219
781 7.92282e+28 1.65172e+26 283626 96 23.5146 18 0.12579
782 7.92282e+28 7.74544e+25 158623 96 22.8496 17 0.135653
783 7.92282e+28 1.59586e+26 160122 96 22.5684 17 0.114485
784 7.92282e+28 9.67149e+25 91272.2 96 21.543 16 0.116617
785 9.67141e+24 1.03e+22 150853 83 20.9424 17 0.105369
786 7.92282e+28 1.55967e+26 160939 96 23.0693 17 0.114086
787 7.92282e+28 7.74053e+25 556089 96 23.9883 19 0.122152
788 7.92282e+28 8.53367e+25 289735 96 24.7002 18 0.128184
789 1.23794e+27 1.4431e+24 159104 90 23.167 17 0.121539
790 9.90352e+27 2.34883e+25 86034.6 93 22.083 16 0.121028
791 7.92282e+28 3.09717e+26 289649 96 22.8047 18 0.114553
792 1.23794e+27 2.4204e+24 152110 90 21.793 17 0.115005
793 3.86856e+25 4.00642e+22 289305 85 22.5029 18 0.115164
794 7.92282e+28 1.56363e+26 155830 96 21.9434 17 0.115711
795 4.95176e+27 1.40588e+25 89595.5 92 21.8525 16 0.119954
796 7.92282e+28 7.89287e+25 89698.2 96 20.627 16 0.109238
797 1.93428e+25 3.66642e+22 155869 84 22.6836 17 0.121956
798 7.92282e+28 2.33327e+26 548277 96 23.5576 19 0.124688
799 3.09485e+26 3.70997e+23 90677.2 88 22.5762 16 0.12359
800 1.93428e+25 1.92126e+22 35865.5 84 19.75 14 0.120015
801 1.54743e+26 1.51887e+23 91075 87 22.0977 16 0.116587
802 3.86856e+25 4.93635e+22 87346.4 85 21.4453 16 0.115038
803 3.86856e+25 3.77945e+22 289348 85 22.0674 18 0.11658
804 1.54743e+26 1.8525e+23 8.4275e+06 87 26.5166 23 0.139202
805 7.92282e+28 7.79873e+25 556952 96 23.7363 19 0.127889
806 3.86856e+25 4.53107e+22 1.08567e+06 85 24.9141 20 0.133276
807 4.95176e+27 4.97755e+24 2.12836e+06 92 25.0352 21 0.127098
808 3.96141e+28 4.85669e+25 1.68207e+07 95 27.2246 24 0.137226
809 7.92282e+28 1.74423e+26 8.42569e+06 96 26.4404 23 0.13985
810 6.1897e+26 8.52463e+23 157759 89 22.8389 17 0.12055
811 1.93428e+25 2.13221e+22 553863 84 22.6221 19 0.116809
812 7.92282e+28 7.86691e+25 290077 96 23.4033 18 0.115382
813 6.1897e+26 6.87474e+23 563472 89 23.7676 19 0.121982
814 7.92282e+28 1.17286e+26 155436 96 21.9863 17 0.112471
815 3.09485e+26 3.02658e+23 91370.3 88 21.7656 16 0.11019
816 2.41785e+24 7.01796e+21 4.2427e+06 81 25.7969 22 0.131085
817 1.9807e+28 1.93506e+25 290416 94 23.6035 18 0.11915
818 2.47588e+27 2.47485e+24 4.23762e+06 91 25.8838 22 0.128507
819 2.41785e+24 2.91314e+21 4.23027e+06 81 25.4082 22 0.125375
820 1.93428e+25 2.03879e+22 289133 84 22.5498 18 0.113521
821 4.8357e+24 7.17823e+21 550062 82 23.2422 19 0.117682
822 6.1897e+26 6.82242e+23 557088 89 24.0215 19 0.122172
823 1.20893e+24 1.50873e+21 557088 80 23.2666 19 0.12145
824 7.55579e+22 1.94235e+20 35015.2 76 20.4131 14 0.105788
825 9.67141e+24 1.03e+22 4.23171e+06 83 24.2109 22 0.123025
826 2.47588e+27 3.02952e+24 5.36937e+08 91 28.3916 29 0.145752
827 7.92282e+28 7.8072e+25 1.0738e+09 96 29.6211 30 0.145686
828 1.9807e+28 1.93527e+25 5.3694e+08 94 29.4053 29 0.144916
829 7.73713e+25 1.07625e+23 1.34276e+08 86 28.3965 27 0.142057
830 7.92282e+28 1.93544e+26 2.12848e+06 96 25.1836 21 0.131852
831 7.92282e+28 1.54818e+26 1.68245e+07 96 26.9189 24 0.141098
832 2.47588e+27 2.43303e+24 85516 91 21.6064 16 0.111786
833 1.20893e+24 2.74577e+21 155119 80 23.208 17 0.12313
834 3.96141e+28 3.89979e+25 551039 95 24.6094 19 0.131818
835 7.92282e+28 9.85703e+25 1.07181e+06 96 25.4609 20 0.136922
836 1.54743e+26 1.81954e+23 554238 87 23.9492 19 0.129543
837 1.93428e+25 6.22374e+22 2.13862e+06 84 26.001 21 0.133462
838 3.09485e+26 3.07926e+23 557938 88 24.3389 19 0.140383
839 1.9807e+28 2.17852e+25 560377 94 25.1074 19 0.136932
840 7.92282e+28 7.87127e+25 4.22785e+06 96 25.9951 22 0.134853
841 2.47588e+27 3.25759e+24 3.36077e+07 91 28.5889 25 0.148015
842 7.92282e+28 7.73739e+25 4.22556e+06 96 26.1992 22 0.137272
843 7.92282e+28 1.548e+26 5.36952e+08 96 29.9443 29 0.158201
844 7.92282e+28 1.16795e+26 6.71633e+07 96 28.7012 26 0.152738
845 2.47588e+27 4.02458e+24 1.07382e+09 91 30.3359 30 0.162855
846 1.54743e+26 1.72416e+23 2.14755e+09 87 30.1689 31 0.156275
847 7.92282e+28 8.80549e+25 6.71654e+07 96 28.7861 26 0.149777
848 7.92282e+28 9.80791e+25 1.6822e+07 96 27.5303 24 0.146526
849 6.1897e+26 9.11907e+23 2.12865e+06 89 25.4131 21 0.131093
850 7.92282e+28 8.55188e+25 2.68492e+08 96 29.332 28 0.149762
851 7.92282e+28 7.85917e+25 1.34274e+08 96 27.8555 27 0.144484
852 3.96141e+28 3.86873e+25 8.43433e+06 95 27.1582 23 0.143204
853 2.47588e+27 2.75861e+24 30092.6 91 22.4189 14 0.121609
854 6.1897e+26 7.78905e+23 3.36083e+07 89 27.3682 25 0.139551
855 7.92282e+28 7.7416e+25 1.68289e+07 96 27.3369 24 0.142268
856 4.95176e+27 4.98809e+24 1.34268e+08 92 28.4639 27 0.145288
857 9.90352e+27 9.67448e+24 2.14754e+09 93 30.6553 31 0.149077
858 7.92282e+28 8.7066e+25 2.68495e+08 96 29.3574 28 0.155814
859 7.92282e+28 9.7022e+25 555815 96 24.9307 19 0.130044
860 7.92282e+28 7.98295e+25 159616 96 23.8828 17 0.125053
861 2.41785e+24 2.44138e+21 30752.5 81 19.3496 14 0.105218
862 1.93428e+25 2.13741e+22 18693.1 84 18.4316 12 0.0990422
863 1.20893e+24 2.75286e+21 31556.8 80 19.2646 14 0.0988565
864 7.92282e+28 7.79869e+25 87310.4 96 22.8516 16 0.11396
865 7.73713e+25 8.1528e+22 18963.5 86 20.2939 12 0.106856
866 1.23794e+27 1.61373e+24 15129.9 90 20.3359 12 0.109943
867 7.92282e+28 1.55103e+26 155079 96 23.5576 17 0.12282
868 9.90352e+27 2.16201e+25 156880 93 22.8916 17 0.118412
869 3.09485e+26 4.3867e+23 157264 88 23.2725 17 0.122246
870 1.23794e+27 1.22524e+24 282930 90 23.5938 18 0.1199
871 9.90352e+27 1.21055e+25 6.71563e+07 93 27.4297 26 0.134903
872 4.95176e+27 5.63035e+24 2.13675e+06 92 25.1484 21 0.130186
873 1.9807e+28 1.95211e+25 8.43055e+06 94 25.9629 23 0.130509
874 2.47588e+27 2.42188e+24 8.44038e+06 91 26.5674 23 0.134545
875 6.1897e+26 6.81843e+23 53203.1 89 22.2637 15 0.114334
876 1.23794e+27 1.99831e+24 160939 90 23.7051 17 0.121055
877 9.90352e+27 1.99601e+25 556771 93 24.3154 19 0.124499
878 1.54743e+26 1.97031e+23 1.08009e+06 87 24.6338 20 0.12676
879 1.23794e+27 1.29019e+24 3.35998e+07 90 26.626 25 0.140299
880 4.95176e+27 8.27711e+24 1.0738e+09 92 30.9902 30 0.151683
881 4.95176e+27 5.17486e+24 8.4298e+06 92 26.6338 23 0.140845
882 7.92282e+28 7.74586e+25 2.68514e+08 96 29.5625 28 0.149855
883 7.92282e+28 8.34287e+25 2.68486e+08 96 28.9346 28 0.144297
884 7.92282e+28 8.71398e+25 3.36063e+07 96 28.6377 25 0.146837
885 1.9807e+28 1.93917e+25 5.36941e+08 94 30.292 29 0.153059
886 7.92282e+28 7.8601e+25 1.34265e+08 96 29.457 27 0.153194
887 7.92282e+28 1.16158e+26 6.7169e+07 96 28.6533 26 0.145146
888 9.90352e+27 1.60575e+25 2.14754e+09 93 31.5391 31 0.160105
889 9.90352e+27 9.89919e+24 2.14756e+09 93 31.9717 31 0.156365
890 9.90352e+27 1.09131e+25 1.718e+10 93 33.3428 34 0.161874
891 1.54743e+26 1.96792e+23 1.718e+10 87 32.1729 34 0.163396
892 2.47588e+27 6.69615e+24 1.37439e+11 91 34.665 37 0.174463
893 1.9807e+28 1.97216e+25 1.718e+10 94 32.5713 34 0.15855
894 3.09485e+26 3.28436e+23 1.71799e+10 88 33.1729 34 0.162484
895 3.86856e+25 4.34834e+22 3.43598e+10 85 34.041 35 0.169282
896 2.47588e+27 2.49724e+24 3.43598e+10 91 33.3408 35 0.16378
897 7.92282e+28 7.86195e+25 1.37439e+11 96 35.3115 37 0.172652
898 7.92282e+28 8.30976e+25 2.74878e+11 96 35.5039 38 0.176378
899 6.1897e+26 1.06364e+24 5.49756e+11 89 36.0732 39 0.174939
900 7.92282e+28 7.73786e+25 6.87196e+10 96 34.6787 36 0.169861
901 7.92282e+28 8.10082e+25 6.87196e+10 96 34.7451 36 0.167581
902 1.54743e+26 1.71203e+23 6.87196e+10 87 33.5566 36 0.162573
903 4.8357e+24 8.64944e+21 3.43598e+10 82 33.7451 35 0.162343
904 1.9807e+28 2.4822e+25 8.59003e+09 94 32.1484 33 0.159794
905 3.09485e+26 3.88046e+23 8.59003e+09 88 32.5195 33 0.157684
906 1.54743e+26 4.47493e+23 3.43598e+10 87 33.2354 35 0.163635
907 7.92282e+28 1.00393e+26 3.43599e+10 96 33.4648 35 0.164307
908 7.92282e+28 7.9018e+25 8.59003e+09 96 32.6602 33 0.158925
909 1.23794e+27 2.80157e+24 8.59001e+09 90 32.791 33 0.165222
910 9.67141e+24 9.92e+21 1.07382e+09 83 30.5156 30 0.147996
911 1.54743e+26 1.60447e+23 2.74878e+11 87 35.1631 38 0.173663
912 3.09485e+26 3.07145e+23 2.74878e+11 88 35.7676 38 0.168676
913 3.09485e+26 3.92247e+23 5.49756e+11 88 36.1309 39 0.171986
914 7.73713e+25 7.66347e+22 6.87196e+10 86 33.9736 36 0.162068
915 1.23794e+27 1.29255e+24 1.34282e+08 90 29.1396 27 0.147274
916 9.67141e+24 1.94347e+22 82505.2 83 23.8896 16 0.120243
917 7.92282e+28 7.86231e+25 4.29505e+09 96 32.2627 32 0.15121
918 9.90352e+27 9.68694e+24 1.37439e+11 93 34.8066 37 0.164172
919 9.67141e+24 1.93635e+22 1.718e+10 83 31.5088 34 0.152783
920 4.95176e+27 5.29391e+24 2.74878e+11 92 34.1719 38 0.161585
921 7.92282e+28 7.7424e+25 5.36952e+08 96 29.6152 29 0.14672
922 6.1897e+26 1.29352e+24 5.49756e+11 89 35.7773 39 0.17364
923 7.73713e+25 1.42618e+23 1.37439e+11 86 34.4678 37 0.1679
924 3.09485e+26 4.84343e+23 6.87196e+10 88 33.6211 36 0.167303
925 7.92282e+28 7.929e+25 2.74878e+11 96 36.3027 38 0.177612
926 7.92282e+28 2.01388e+26 6.87196e+10 96 35.7402 36 0.172797
927 7.92282e+28 7.82705e+25 3.43598e+10 96 34.3037 35 0.170707
928 4.95176e+27 6.48989e+24 1.37439e+11 92 35.6855 37 0.170812
929 7.92282e+28 8.36644e+25 6.87196e+10 96 34.7168 36 0.164817
930 7.92282e+28 1.58298e+26 2.74878e+11 96 36.7334 38 0.179691
931 7.92282e+28 1.5607e+26 1.37439e+11 96 36.2148 37 0.176748
932 7.92282e+28 1.03859e+26 3.43598e+10 96 34.5967 35 0.168505
933 1.9807e+28 2.55657e+25 8.59003e+09 94 34.04 33 0.16797
934 7.92282e+28 3.93079e+26 1.07382e+09 96 33.0371 30 0.162321
935 9.90352e+27 3.8012e+25 5.36939e+08 93 31.9424 29 0.157664
936 2.47588e+27 3.80746e+24 1.3427e+08 91 29.0098 27 0.146201
937 7.92282e+28 8.68121e+25 4.29504e+09 96 33.2422 32 0.164387
938 1.54743e+26 2.07678e+23 5.36944e+08 87 30.6592 29 0.153658
939 7.92282e+28 8.37955e+25 2.68498e+08 96 30.7939 28 0.15376
940 7.92282e+28 8.0431e+25 1.34275e+08 96 30.1318 27 0.159259
941 7.92282e+28 4.6478e+26 4.29505e+09 96 34.9453 32 0.173388
942 7.92282e+28 3.03165e+26 5.36922e+08 96 32.1162 29 0.181329
943 7.92282e+28 2.77027e+26 1.34283e+08 96 30.5508 27 0.151933
944 7.92282e+28 4.54047e+26 2.14756e+09 96 33.4463 31 0.170062
945 7.92282e+28 3.78862e+26 2.14757e+09 96 34.2822 31 0.175432
946 7.92282e+28 1.74539e+26 5.36937e+08 96 32.8057 29 0.17674
947 7.92282e+28 4.34371e+26 1.71799e+10 96 35.6113 34 0.185112
948 7.92282e+28 4.27174e+26 1.34279e+08 96 31.6094 27 0.162346
949 7.92282e+28 3.30625e+26 1.34278e+08 96 30.7754 27 0.158374
950 7.92282e+28 2.88276e+26 2.68504e+08 96 32.1533 28 0.160962
951 7.92282e+28 4.16237e+26 5.36921e+08 96 31.6357 29 0.166758
952 7.92282e+28 3.49345e+26 5.36948e+08 96 32.4316 29 0.162419
953 7.92282e+28 4.48702e+26 6.71616e+07 96 30.2646 26 0.150614
954 7.92282e+28 3.86448e+26 2.68496e+08 96 31.877 28 0.167241
955 7.92282e+28 4.04699e+26 2.685e+08 96 31.1484 28 0.164266
956 7.92282e+28 7.92562e+26 1.68352e+07 96 29.0264 24 0.166687
957 7.92282e+28 5.82797e+26 8.43627e+06 96 28.7061 23 0.15837
958 7.92282e+28 8.10017e+26 1.68246e+07 96 29.4111 24 0.15166
959 7.92282e+28 6.16859e+26 8.43963e+06 96 28.6455 23 0.147945
960 7.92282e+28 3.79587e+26 3.35956e+07 96 29.4746 25 0.1572
961 7.92282e+28 5.83472e+26 8.4264e+06 96 29.1172 23 0.151404
962 7.92282e+28 7.09802e+26 6.71561e+07 96 30.7402 26 0.159318
963 7.92282e+28 7.57805e+26 6.71696e+07 96 31.5986 26 0.159928
964 7.92282e+28 5.94069e+26 1.68229e+07 96 29.6006 24 0.155864
965 7.92282e+28 5.81937e+26 1.68249e+07 96 29.6289 24 0.148742
966 7.92282e+28 4.5524e+26 8.43205e+06 96 28.7676 23 0.146522
967 7.92282e+28 9.48541e+26 1.68245e+07 96 28.9199 24 0.155919
968 7.92282e+28 3.66713e+26 4.23447e+06 96 27.8105 22 0.152096
969 7.92282e+28 6.77556e+26 8.42718e+06 96 28.9561 23 0.151996
970 7.92282e+28 4.45936e+26 2.13012e+06 96 27.3008 21 0.14592
971 7.92282e+28 2.65002e+26 1.08303e+06 96 25.8496 20 0.137751
972 7.92282e+28 4.66682e+26 1.68188e+07 96 28.8008 24 0.153075
973 7.92282e+28 6.92216e+26 4.23534e+06 96 27.9023 22 0.142173
974 7.92282e+28 6.8701e+26 1.08167e+06 96 25.6621 20 0.131686
975 3.16913e+29 1.10642e+27 4.23739e+06 98 27.8477 22 0.139742
976 7.92282e+28 6.48695e+26 8.4464e+06 96 28.9902 23 0.145482
977 7.92282e+28 5.34831e+26 4.23728e+06 96 27.4629 22 0.155903
978 7.92282e+28 6.40918e+26 8.42782e+06 96 28.7363 23 0.150748
979 7.92282e+28 5.96446e+26 4.24642e+06 96 28.5049 22 0.149413
980 7.92282e+28 5.83378e+26 1.08086e+06 96 26.6289 20 0.146089
981 7.92282e+28 1.03749e+27 2.13267e+06 96 27.6055 21 0.157687
982 7.92282e+28 6.64093e+26 558027 96 24.7227 19 0.13996
983 7.92282e+28 3.13519e+26 1.0861e+06 96 26.0576 20 0.149727
984 7.92282e+28 5.83246e+26 4.23081e+06 96 26.6445 22 0.139234
985 7.92282e+28 7.04622e+26 4.22127e+06 96 26.2217 22 0.136302
986 7.92282e+28 7.62719e+26 4.23557e+06 96 27.6201 22 0.13648
987 7.92282e+28 4.43308e+26 2.14367e+06 96 27.458 21 0.14431
988 7.92282e+28 8.99364e+26 4.24153e+06 96 27.501 22 0.147529
989 7.92282e+28 5.96925e+26 4.23313e+06 96 27.5449 22 0.149124
990 7.92282e+28 9.00089e+26 3.35971e+07 96 29.3066 25 0.143879
991 7.92282e+28 1.20932e+27 8.43193e+06 96 28.8975 23 0.159282
992 7.92282e+28 1.32908e+27 8.42339e+06 96 28.4795 23 0.143183
993 7.92282e+28 7.93885e+26 1.68283e+07 96 30.0586 24 0.149551
994 7.92282e+28 1.28513e+27 1.68196e+07 96 29.7822 24 0.167086
995 7.92282e+28 1.33509e+27 1.68147e+07 96 29.6523 24 0.158031
996 7.92282e+28 1.19471e+27 1.68285e+07 96 29.8037 24 0.164458
997 7.92282e+28 1.02051e+27 4.23435e+06 96 28.5771 22 0.161771
998 7.92282e+28 1.46469e+27 1.68241e+07 96 29.9473 24 0.163079
999 7.92282e+28 1.25497e+27 8.42346e+06 96 29.3125 23 0.155421
1000 7.92282e+28 1.54904e+27 3.36062e+07 96 29.6758 25 0.152318
1001 7.92282e+28 1.27254e+27 8.4284e+06 96 28.0918 23 0.14748
1002 7.92282e+28 1.58071e+27 4.2343e+06 96 28.5029 22 0.146264
1003 7.92282e+28 1.53091e+27 8.43567e+06 96 28.7295 23 0.145238
1004 7.92282e+28 1.24714e+27 4.23307e+06 96 27.7559 22 0.139805
1005 7.92282e+28 9.51896e+26 4.23313e+06 96 28.333 22 0.142505
1006 7.92282e+28 1.97183e+27 2.12831e+06 96 27.6943 21 0.138241
1007 7.92282e+28 1.78123e+27 8.42246e+06 96 29.0771 23 0.151652
1008 7.92282e+28 1.68097e+27 1.68218e+07 96 30.2861 24 0.147932
1009 7.92282e+28 1.0378e+27 1.68123e+07 96 29.0029 24 0.150855
1010 7.92282e+28 1.68925e+27 2.13173e+06 96 27.4463 21 0.147434
1011 7.92282e+28 1.64326e+27 8.43093e+06 96 28.9961 23 0.143413
1012 7.92282e+28 1.08405e+27 3.36133e+07 96 29.2998 25 0.156298
1013 7.92282e+28 1.38156e+27 1.68137e+07 96 28.6357 24 0.144865
1014 7.92282e+28 1.77064e+27 3.36065e+07 96 29.7334 25 0.149112
1015 7.92282e+28 8.41503e+26 8.43261e+06 96 29.123 23 0.151782
1016 7.92282e+28 9.61732e+26 6.71628e+07 96 30.6152 26 0.14934
1017 7.92282e+28 1.27397e+27 3.36089e+07 96 30.8564 25 0.161291
1018 7.92282e+28 1.35132e+27 3.36022e+07 96 30.2275 25 0.153424
1019 7.92282e+28 1.3411e+27 3.36089e+07 96 29.4297 25 0.144132
1020 7.92282e+28 1.91636e+27 1.68255e+07 96 30.4629 24 0.15257
1021 7.92282e+28 7.76013e+26 6.71654e+07 96 30.8711 26 0.155221
1022 7.92282e+28 1.75163e+27 6.71724e+07 96 31.6729 26 0.155674
1023 7.92282e+28 2.01776e+27 6.71604e+07 96 31.4678 26 0.156361
1024 7.92282e+28 1.52261e+27 1.68287e+07 96 29.6436 24 0.147455
1025 7.92282e+28 1.70883e+27 1.68144e+07 96 30.0225 24 0.156081
1026 7.92282e+28 1.7501e+27 1.68151e+07 96 29.6367 24 0.152977
1027 7.92282e+28 1.69953e+27 8.42653e+06 96 29.4834 23 0.142473
1028 7.92282e+28 2.56318e+27 8.43458e+06 96 29.9023 23 0.150002
1029 7.92282e+28 2.10511e+27 3.36096e+07 96 31.668 25 0.155067
1030 7.92282e+28 1.963e+27 6.71605e+07 96 30.6377 26 0.159427
1031 7.92282e+28 2.67264e+27 1.34267e+08 96 32.1074 27 0.163637
1032 7.92282e+28 2.39124e+27 6.71741e+07 96 31.9736 26 0.164063
1033 7.92282e+28 2.56313e+27 6.71727e+07 96 31.7188 26 0.164236
1034 7.92282e+28 2.11245e+27 1.68232e+07 96 30.2148 24 0.153065
1035 7.92282e+28 1.6118e+27 1.68208e+07 96 30.4268 24 0.169464
1036 7.92282e+28 2.13767e+27 3.35987e+07 96 30.4561 25 0.156717
1037 7.92282e+28 1.93541e+27 8.43137e+06 96 29.748 23 0.155723
1038 7.92282e+28 2.12367e+27 8.4347e+06 96 30.5996 23 0.166024
1039 7.92282e+28 2.20904e+27 3.36069e+07 96 30.6006 25 0.160621
1040 7.92282e+28 2.86375e+27 6.71604e+07 96 31.4775 26 0.173471
1041 7.92282e+28 2.71862e+27 2.68482e+08 96 32.4258 28 0.168155
1042 7.92282e+28 2.44376e+27 1.34268e+08 96 32.8779 27 0.16215
1043 7.92282e+28 2.22374e+27 3.36069e+07 96 30.7881 25 0.159965
1044 7.92282e+28 2.60371e+27 1.34265e+08 96 31.9189 27 0.163482
1045 7.92282e+28 1.98698e+27 8.43261e+06 96 31.1572 23 0.16372
1046 7.92282e+28 2.33292e+27 2.68509e+08 96 32.7031 28 0.165099
1047 7.92282e+28 2.77909e+27 1.34276e+08 96 32.3213 27 0.163791
1048 7.92282e+28 3.18024e+27 5.36933e+08 96 33.9502 29 0.171556
1049 7.92282e+28 3.72175e+27 1.68088e+07 96 31.8926 24 0.164982
1050 7.92282e+28 2.39429e+27 2.685e+08 96 33.1133 28 0.164775
1051 7.92282e+28 2.45518e+27 8.42186e+06 96 29.9316 23 0.16248
1052 7.92282e+28 2.4849e+27 1.34268e+08 96 32.1309 27 0.16575
1053 7.92282e+28 2.9408e+27 6.71578e+07 96 31.9209 26 0.15659
1054 7.92282e+28 2.39422e+27 2.68507e+08 96 32.792 28 0.161803
1055 7.92282e+28 2.99265e+27 1.34284e+08 96 33.1006 27 0.170087
1056 7.92282e+28 2.93523e+27 6.71734e+07 96 32.3457 26 0.163232
1057 7.92282e+28 2.52609e+27 5.36938e+08 96 33.2402 29 0.171728
1058 7.92282e+28 2.47188e+27 5.36942e+08 96 33.5029 29 0.170794
1059 7.92282e+28 2.94821e+27 1.34277e+08 96 32.6553 27 0.160866
1060 7.92282e+28 2.68812e+27 6.71672e+07 96 32.1777 26 0.162505
1061 7.92282e+28 3.25333e+27 2.68503e+08 96 33.6084 28 0.16817
1062 7.92282e+28 2.51692e+27 2.68488e+08 96 32.4736 28 0.16586
1063 7.92282e+28 2.58678e+27 2.685e+08 96 34.251 28 0.173837
1064 7.92282e+28 3.1328e+27 5.36939e+08 96 33.4502 29 0.164095
1065 7.92282e+28 3.6433e+27 4.29504e+09 96 35.9121 32 0.179286
1066 7.92282e+28 3.04929e+27 2.14755e+09 96 34.5488 31 0.182653
1067 7.92282e+28 3.25284e+27 2.14756e+09 96 34.7109 31 0.172706
1068 7.92282e+28 3.83743e+27 2.14756e+09 96 35.5898 31 0.177172
1069 7.92282e+28 3.8616e+27 2.14753e+09 96 35.0361 31 0.177573
1070 7.92282e+28 3.26707e+27 1.0738e+09 96 34.624 30 0.193687
1071 7.92282e+28 2.9826e+27 8.59002e+09 96 36.0605 33 0.183107
1072 7.92282e+28 3.12133e+27 5.36941e+08 96 34.1143 29 0.176387
1073 7.92282e+28 2.95681e+27 5.36945e+08 96 34.5635 29 0.176032
1074 7.92282e+28 3.59786e+27 4.29505e+09 96 35.4912 32 0.179815
1075 7.92282e+28 2.71753e+27 1.07381e+09 96 34.1123 30 0.183339
1076 7.92282e+28 3.54714e+27 2.14756e+09 96 34.9238 31 0.174485
1077 7.92282e+28 2.53782e+27 4.29502e+09 96 35.1328 32 0.1781
1078 7.92282e+28 3.75755e+27 3.43598e+10 96 37.5322 35 0.191754
1079 7.92282e+28 3.36761e+27 3.43598e+10 96 38.1426 35 0.191469
1080 7.92282e+28 4.02101e+27 4.29504e+09 96 35.5039 32 0.179661
1081 7.92282e+28 2.73442e+27 8.58999e+09 96 35.6084 33 0.183744
1082 7.92282e+28 3.27047e+27 4.29507e+09 96 36.3213 32 0.189332
1083 7.92282e+28 3.00604e+27 1.71799e+10 96 37.0605 34 0.183437
1084 7.92282e+28 3.57093e+27 1.718e+10 96 36.6465 34 0.186721
1085 7.92282e+28 3.70452e+27 1.71799e+10 96 36.8574 34 0.182243
1086 7.92282e+28 3.00461e+27 3.43598e+10 96 37.3193 35 0.185022
1087 7.92282e+28 4.27579e+27 4.29502e+09 96 36.2646 32 0.183664
1088 7.92282e+28 3.99135e+27 1.718e+10 96 36.5879 34 0.187309
1089 7.92282e+28 2.76212e+27 4.29505e+09 96 35.0342 32 0.17836
1090 7.92282e+28 3.53861e+27 2.14757e+09 96 35.709 31 0.181119
1091 7.92282e+28 3.84518e+27 4.29502e+09 96 35.9561 32 0.182139
1092 7.92282e+28 4.10365e+27 4.29504e+09 96 36.1914 32 0.187287
1093 7.92282e+28 3.39776e+27 2.14755e+09 96 35.2871 31 0.178219
1094 7.92282e+28 4.34496e+27 1.71799e+10 96 36.9111 34 0.186015
1095 7.92282e+28 4.29429e+27 5.36959e+08 96 35.5918 29 0.185675
1096 7.92282e+28 3.59506e+27 4.29504e+09 96 35.9883 32 0.17889
1097 7.92282e+28 3.65782e+27 1.718e+10 96 37.0557 34 0.185864
1098 7.92282e+28 4.58842e+27 8.59003e+09 96 37.4707 33 0.186083
1099 7.92282e+28 4.42098e+27 1.71799e+10 96 37.7881 34 0.195515
1100 7.92282e+28 4.60151e+27 6.87195e+10 96 39.1328 36 0.194554
1101 1.58456e+29 4.08412e+27 1.718e+10 97 37.8965 34 0.19018
1102 7.92282e+28 3.43488e+27 6.87196e+10 96 39.3096 36 0.197073
1103 7.92282e+28 4.05997e+27 3.43598e+10 96 38.3369 35 0.19413
1104 7.92282e+28 5.00765e+27 1.37439e+11 96 40.8301 37 0.202734
1105 7.92282e+28 3.80783e+27 6.87196e+10 96 39.21 36 0.197316
1106 7.92282e+28 4.94794e+27 1.37439e+11 96 40.6709 37 0.204445
1107 7.92282e+28 3.93526e+27 3.43598e+10 96 39.5469 35 0.20374
1108 7.92282e+28 5.47665e+27 6.87195e+10 96 40.6465 36 0.203447
1109 7.92282e+28 5.93206e+27 6.87195e+10 96 40.374 36 0.20336
1110 7.92282e+28 4.91106e+27 1.37439e+11 96 40.8721 37 0.198963
1111 7.92282e+28 4.90744e+27 1.37439e+11 96 40.5078 37 0.208645
1112 7.92282e+28 4.66876e+27 2.74878e+11 96 40.6543 38 0.205223
1113 7.92282e+28 4.96843e+27 5.49756e+11 96 41.6631 39 0.209078
1114 7.92282e+28 4.54991e+27 1.37439e+11 96 40.6416 37 0.199967
1115 7.92282e+28 4.71632e+27 1.37439e+11 96 40.8125 37 0.199956
1116 7.92282e+28 5.17106e+27 5.49756e+11 96 42.5127 39 0.206776
1117 7.92282e+28 5.2777e+27 2.74878e+11 96 41.5459 38 0.207952
1118 7.92282e+28 4.6881e+27 2.74878e+11 96 41.4248 38 0.208537
1119 7.92282e+28 4.65504e+27 1.09951e+12 96 42.4814 40 0.218508
1120 1.58456e+29 4.23952e+27 1.09951e+12 97 41.6191 40 0.20198
1121 7.92282e+28 5.64561e+27 2.19902e+12 96 42.7861 41 0.211157
1122 7.92282e+28 4.56301e+27 5.49756e+11 96 41.1064 39 0.206425
1123 7.92282e+28 5.8648e+27 5.49756e+11 96 42.9941 39 0.211501
1124 7.92282e+28 5.33919e+27 8.79609e+12 96 44.1875 43 0.216351
1125 7.92282e+28 5.07024e+27 1.09951e+12 96 42.4688 40 0.213803
1126 7.92282e+28 5.48415e+27 1.09951e+12 96 42.8936 40 0.213777
1127 7.92282e+28 6.30799e+27 2.19902e+12 96 42.6543 41 0.209075
1128 7.92282e+28 6.06341e+27 4.39805e+12 96 43.9492 42 0.215575
1129 7.92282e+28 5.56649e+27 1.09951e+12 96 43.0879 40 0.208285
1130 7.92282e+28 6.51973e+27 1.09951e+12 96 42.8965 40 0.211667
1131 7.92282e+28 7.3012e+27 2.19902e+12 96 44.8936 41 0.225966
1132 7.92282e+28 7.08552e+27 2.19902e+12 96 44.6885 41 0.218443
1133 1.58456e+29 6.40129e+27 4.39805e+12 97 44.5059 42 0.218346
1134 7.92282e+28 5.68081e+27 1.09951e+12 96 43.373 40 0.219689
1135 1.58456e+29 7.13085e+27 2.74878e+11 97 42.7344 38 0.213925
1136 7.92282e+28 6.72993e+27 1.09951e+12 96 43.7842 40 0.217104
1137 7.92282e+28 6.05253e+27 1.75922e+13 96 45.3066 44 0.22486
1138 7.92282e+28 7.14529e+27 4.39805e+12 96 44.29 42 0.221264
1139 7.92282e+28 6.35512e+27 2.19902e+12 96 44.0283 41 0.213446
1140 7.92282e+28 6.30616e+27 2.19902e+12 96 44.75 41 0.219876
1141 7.92282e+28 5.48301e+27 1.75922e+13 96 44.9795 44 0.220089
1142 7.92282e+28 5.55532e+27 1.09951e+12 96 43.1621 40 0.216641
1143 1.58456e+29 5.42612e+27 2.74878e+11 97 41.9297 38 0.209252
1144 7.92282e+28 5.04293e+27 2.19902e+12 96 42.9395 41 0.20845
1145 7.92282e+28 5.58539e+27 5.49756e+11 96 42.5547 39 0.209966
1146 7.92282e+28 5.62927e+27 5.49756e+11 96 42.0254 39 0.21168
1147 7.92282e+28 5.58432e+27 8.79609e+12 96 43.792 43 0.210815
1148 7.92282e+28 6.36233e+27 7.03687e+13 96 45.7246 46 0.228781
1149 7.92282e+28 5.97798e+27 8.79609e+12 96 44.4189 43 0.216077
1150 7.92282e+28 5.50043e+27 1.09951e+12 96 42.5625 40 0.221032
1151 7.92282e+28 6.97244e+27 1.75922e+13 96 45.5605 44 0.219839
1152 7.92282e+28 6.02428e+27 4.39805e+12 96 44.8701 42 0.227946
1153 7.92282e+28 6.07285e+27 8.79609e+12 96 45.0771 43 0.227647
1154 7.92282e+28 5.72347e+27 2.19902e+12 96 43.8242 41 0.220344
1155 7.92282e+28 6.60223e+27 8.79609e+12 96 44.2539 43 0.22165
1156 7.92282e+28 7.15122e+27 4.39805e+12 96 44.7754 42 0.220097
1157 7.92282e+28 6.43785e+27 2.19902e+12 96 43.7305 41 0.218263
1158 7.92282e+28 7.34785e+27 2.19902e+12 96 44.6016 41 0.222894
1159 7.92282e+28 6.84761e+27 2.19902e+12 96 43.4434 41 0.215839
1160 7.92282e+28 5.59739e+27 1.75922e+13 96 44.5352 44 0.225793
1161 7.92282e+28 6.95418e+27 3.51844e+13 96 45.8916 45 0.223522
1162 7.92282e+28 6.04646e+27 8.79609e+12 96 45.0537 43 0.227153
1163 7.92282e+28 6.38655e+27 1.75922e+13 96 45.6475 44 0.221246
1164 7.92282e+28 6.63537e+27 8.79609e+12 96 43.9824 43 0.21565
1165 7.92282e+28 6.94323e+27 2.19902e+12 96 44.5918 41 0.220598
1166 7.92282e+28 6.28069e+27 1.75922e+13 96 45.7607 44 0.254599
1167 7.92282e+28 6.27415e+27 1.75922e+13 96 46.1953 44 0.226064
1168 7.92282e+28 8.39753e+27 3.51844e+13 96 46.165 45 0.226104
1169 7.92282e+28 8.18737e+27 3.51844e+13 96 47.1338 45 0.240981
1170 7.92282e+28 6.55801e+27 1.75922e+13 96 45.9053 44 0.225274
1171 7.92282e+28 7.84049e+27 1.40737e+14 96 47.6836 47 0.243176
1172 7.92282e+28 6.8051e+27 8.79609e+12 96 45.3867 43 0.231292
1173 7.92282e+28 6.52924e+27 1.75922e+13 96 45.4365 44 0.228247
1174 7.92282e+28 6.84569e+27 4.39805e+12 96 44.9697 42 0.218776
1175 7.92282e+28 6.87742e+27 4.39805e+12 96 45.2725 42 0.225195
1176 7.92282e+28 6.95444e+27 3.51844e+13 96 46.0332 45 0.223995
1177 7.92282e+28 7.43911e+27 4.39805e+12 96 44.4268 42 0.216494
1178 7.92282e+28 7.87792e+27 1.75922e+13 96 46.8311 44 0.232071
1179 7.92282e+28 7.58685e+27 4.39805e+12 96 45.4053 42 0.222954
1180 7.92282e+28 7.09953e+27 3.51844e+13 96 46.166 45 0.227884
1181 7.92282e+28 7.49627e+27 7.03687e+13 96 46.8838 46 0.2274
1182 7.92282e+28 6.49464e+27 2.19902e+12 96 44.5039 41 0.220503
1183 7.92282e+28 6.92317e+27 4.39805e+12 96 44.4824 42 0.223991
1184 7.92282e+28 6.63779e+27 4.39805e+12 96 44.4863 42 0.216608
1185 7.92282e+28 7.43183e+27 4.39805e+12 96 44.7822 42 0.221475
1186 7.92282e+28 8.38013e+27 4.39805e+12 96 45.8027 42 0.226816
1187 7.92282e+28 7.27728e+27 4.39805e+12 96 44.0293 42 0.223702
1188 7.92282e+28 7.0737e+27 1.09951e+12 96 42.9629 40 0.213065
1189 7.92282e+28 8.45919e+27 2.19902e+12 96 45.2773 41 0.224572
1190 7.92282e+28 6.97187e+27 8.79609e+12 96 46.2109 43 0.229061
1191 7.92282e+28 7.40825e+27 5.49756e+11 96 42.8047 39 0.214289
1192 7.92282e+28 7.18693e+27 2.19902e+12 96 43.8359 41 0.221353
1193 7.92282e+28 7.31614e+27 3.51844e+13 96 45.3857 45 0.222017
1194 7.92282e+28 8.59062e+27 1.75922e+13 96 45.8418 44 0.233939
1195 7.92282e+28 7.665e+27 2.19902e+12 96 44.7969 41 0.225948
1196 7.92282e+28 7.7662e+27 7.03687e+13 96 46.1104 46 0.241775
1197 7.92282e+28 7.79673e+27 4.39805e+12 96 45.2314 42 0.223452
1198 7.92282e+28 7.46996e+27 1.75922e+13 96 45.4873 44 0.227124
1199 7.92282e+28 7.73698e+27 1.75922e+13 96 45.2402 44 0.222711
1200 7.92282e+28 8.64638e+27 1.75922e+13 96 46.0938 44 0.226528
1201 7.92282e+28 9.95372e+27 7.03687e+13 96 48.0479 46 0.237483
1202 7.92282e+28 9.10433e+27 7.03687e+13 96 47.8945 46 0.238499
1203 7.92282e+28 8.90121e+27 4.39805e+12 96 45.1279 42 0.225867
1204 7.92282e+28 8.90636e+27 7.03687e+13 96 47.8945 46 0.234566
1205 7.92282e+28 9.4109e+27 1.40737e+14 96 48.7891 47 0.237928
1206 7.92282e+28 1.02304e+28 1.75922e+13 96 47.082 44 0.232888
1207 7.92282e+28 7.92429e+27 7.03687e+13 96 47.5957 46 0.241521
1208 7.92282e+28 1.01872e+28 3.51844e+13 96 47.6396 45 0.232747
1209 7.92282e+28 9.52558e+27 7.03687e+13 96 47.376 46 0.23685
1210 7.92282e+28 9.73184e+27 7.03687e+13 96 48.0439 46 0.235023
1211 7.92282e+28 9.32629e+27 1.40737e+14 96 48.0127 47 0.233186
1212 7.92282e+28 8.45192e+27 8.79609e+12 96 45.6025 43 0.223172
1213 7.92282e+28 9.58511e+27 1.1259e+15 96 48.9775 50 0.238037
1214 1.58456e+29 9.70434e+27 2.2518e+15 97 49.4023 51 0.239626
1215 7.92282e+28 7.5025e+27 7.03687e+13 96 47.2607 46 0.233652
1216 7.92282e+28 8.06934e+27 3.51844e+13 96 46.8545 45 0.229802
1217 7.92282e+28 7.5926e+27 1.40737e+14 96 47.8516 47 0.23259
1218 7.92282e+28 9.16124e+27 5.6295e+14 96 49.0088 49 0.235783
1219 7.92282e+28 9.87796e+27 2.2518e+15 96 50.2754 51 0.245758
1220 7.92282e+28 7.96115e+27 2.81475e+14 96 48.3242 48 0.240355
1221 1.58456e+29 9.89703e+27 1.1259e+15 97 49.4453 50 0.246588
1222 7.92282e+28 9.38745e+27 5.6295e+14 96 49.5605 49 0.239434
1223 1.58456e+29 9.52343e+27 1.1259e+15 97 50.334 50 0.255019
1224 7.92282e+28 8.18915e+27 5.6295e+14 96 48.8184 49 0.238862
1225 7.92282e+28 9.62665e+27 7.03687e+13 96 48.002 46 0.238135
1226 7.92282e+28 9.89071e+27 5.6295e+14 96 49.1211 49 0.243912
1227 7.92282e+28 1.09302e+28 2.2518e+15 96 49.7373 51 0.243292
1228 7.92282e+28 1.03984e+28 1.80144e+16 96 51.3438 54 0.243316
1229 7.92282e+28 1.04687e+28 2.81475e+14 96 49.1729 48 0.238966
1230 7.92282e+28 1.11276e+28 1.40737e+14 96 49.6123 47 0.240076
1231 7.92282e+28 9.71225e+27 1.40737e+14 96 47.9541 47 0.236435
1232 7.92282e+28 9.62807e+27 2.81475e+14 96 48.915 48 0.242795
1233 7.92282e+28 1.00473e+28 5.6295e+14 96 49.3398 49 0.237417
1234 3.16913e+29 1.13294e+28 1.1259e+15 98 50.2188 50 0.240659
1235 7.92282e+28 1.03e+28 2.81475e+14 96 49.2256 48 0.242607
1236 7.92282e+28 1.12635e+28 4.5036e+15 96 50.832 52 0.240905
1237 7.92282e+28 1.1455e+28 1.1259e+15 96 50.4805 50 0.242439
1238 7.92282e+28 1.10177e+28 1.40737e+14 96 48.2783 47 0.240108
1239 7.92282e+28 1.09994e+28 2.81475e+14 96 50.377 48 0.253436
1240 7.92282e+28 1.2572e+28 9.0072e+15 96 51.458 53 0.265087
1241 7.92282e+28 1.22567e+28 2.81475e+14 96 49.5518 48 0.253136
1242 7.92282e+28 1.19723e+28 4.5036e+15 96 50.6367 52 0.243102
1243 7.92282e+28 1.10834e+28 9.0072e+15 96 51.0703 53 0.247577
1244 7.92282e+28 1.15104e+28 5.6295e+14 96 50.5039 49 0.262904
1245 7.92282e+28 1.22171e+28 9.0072e+15 96 51.1211 53 0.24649
1246 7.92282e+28 1.13027e+28 3.60288e+16 96 51.75 55 0.244381
1247 7.92282e+28 1.03685e+28 1.1259e+15 96 49.6318 50 0.238407
1248 7.92282e+28 1.02994e+28 7.03687e+13 96 49.1592 46 0.23687
1249 7.92282e+28 9.96727e+27 1.1259e+15 96 49.6641 50 0.24585
1250 7.92282e+28 1.01997e+28 1.1259e+15 96 50.6484 50 0.249015
1251 7.92282e+28 1.06012e+28 9.0072e+15 96 50.9502 53 0.248986
1252 7.92282e+28 9.7111e+27 1.1259e+15 96 48.8242 50 0.246927
1253 7.92282e+28 1.10015e+28 1.1259e+15 96 49.9541 50 0.245284
1254 7.92282e+28 9.8873e+27 5.6295e+14 96 48.9277 49 0.250883
1255 3.16913e+29 1.03214e+28 5.6295e+14 98 48.7568 49 0.237199
1256 7.92282e+28 9.62848e+27 1.40737e+14 96 47.8369 47 0.229653
1257 7.92282e+28 1.01114e+28 5.6295e+14 96 48.748 49 0.240374
1258 7.92282e+28 1.20066e+28 2.2518e+15 96 50.5742 51 0.242755
1259 7.92282e+28 1.12002e+28 1.1259e+15 96 49.9541 50 0.243305
1260 7.92282e+28 1.10124e+28 2.2518e+15 96 50.1064 51 0.2404
1261 7.92282e+28 1.14835e+28 2.2518e+15 96 50.4551 51 0.251392
1262 7.92282e+28 1.05501e+28 2.81475e+14 96 49.542 48 0.248935
1263 7.92282e+28 1.09467e+28 4.5036e+15 96 50.9316 52 0.24966
1264 7.92282e+28 1.05937e+28 1.1259e+15 96 50.3936 50 0.242527
1265 7.92282e+28 1.01134e+28 1.1259e+15 96 49.3809 50 0.247128
1266 3.16913e+29 1.03525e+28 1.1259e+15 98 49.1758 50 0.246618
1267 7.92282e+28 1.12837e+28 2.2518e+15 96 50.3174 51 0.253605
1268 7.92282e+28 1.15445e+28 1.1259e+15 96 49.8018 50 0.239902
1269 7.92282e+28 1.0819e+28 1.1259e+15 96 50.0742 50 0.246426
1270 7.92282e+28 1.18942e+28 1.1259e+15 96 50.3535 50 0.23963
1271 7.92282e+28 1.10652e+28 2.2518e+15 96 49.6504 51 0.238397
1272 7.92282e+28 1.01291e+28 1.40737e+14 96 49.7178 47 0.238849
1273 7.92282e+28 1.16717e+28 9.0072e+15 96 51.3965 53 0.245928
1274 7.92282e+28 1.1248e+28 1.1259e+15 96 49.7031 50 0.248348
1275 7.92282e+28 1.13685e+28 4.5036e+15 96 49.5469 52 0.235313
1276 7.92282e+28 1.02004e+28 5.6295e+14 96 48.5332 49 0.237319
1277 7.92282e+28 1.03748e+28 1.1259e+15 96 49.4805 50 0.240413
1278 7.92282e+28 1.06695e+28 2.81475e+14 96 49.125 48 0.240099
1279 7.92282e+28 1.23381e+28 4.5036e+15 96 51.2881 52 0.249672
1280 7.92282e+28 1.12116e+28 5.6295e+14 96 49.4854 49 0.243434
1281 7.92282e+28 1.08877e+28 5.6295e+14 96 49.877 49 0.249488
1282 7.92282e+28 1.16196e+28 1.80144e+16 96 51.8311 54 0.245731
1283 7.92282e+28 1.07101e+28 1.1259e+15 96 49.8145 50 0.252859
1284 7.92282e+28 1.11301e+28 1.1259e+15 96 49.75 50 0.260545
1285 7.92282e+28 1.18741e+28 2.2518e+15 96 50.2236 51 0.254244
1286 7.92282e+28 1.16483e+28 4.5036e+15 96 50.834 52 0.242637
1287 7.92282e+28 1.05109e+28 2.2518e+15 96 49.7617 51 0.253074
1288 7.92282e+28 1.35753e+28 9.0072e+15 96 51.6455 53 0.251056
1289 7.92282e+28 1.31086e+28 1.1259e+15 96 50.5752 50 0.252933
1290 7.92282e+28 1.12867e+28 2.81475e+14 96 49.7588 48 0.236279
1291 1.58456e+29 1.36917e+28 2.2518e+15 97 50.459 51 0.263498
1292 7.92282e+28 1.22183e+28 5.6295e+14 96 49.4648 49 0.247423
1293 3.16913e+29 1.32353e+28 5.6295e+14 98 50.457 49 0.248103
1294 7.92282e+28 1.27397e+28 2.81475e+14 96 49.7598 48 0.240966
1295 7.92282e+28 1.23588e+28 5.6295e+14 96 49.1377 49 0.243561
1296 7.92282e+28 1.20535e+28 1.40737e+14 96 49.8076 47 0.248543
1297 7.92282e+28 1.16391e+28 1.40737e+14 96 49.2363 47 0.276855
1298 7.92282e+28 1.21976e+28 3.60288e+16 96 51.9717 55 0.250956
1299 7.92282e+28 1.23042e+28 4.5036e+15 96 50.4912 52 0.275113
1300 3.16913e+29 1.21238e+28 1.40737e+14 98 49.0166 47 0.24306
1301 7.92282e+28 1.29957e+28 1.1259e+15 96 50.8242 50 0.247717
1302 7.92282e+28 1.28807e+28 5.6295e+14 96 49.5781 49 0.249619
1303 7.92282e+28 1.05135e+28 5.6295e+14 96 48.9316 49 0.239436
1304 7.92282e+28 1.23486e+28 2.2518e+15 96 51.168 51 0.260606
1305 7.92282e+28 1.37014e+28 4.5036e+15 96 51.7021 52 0.247903
1306 7.92282e+28 1.29743e+28 4.5036e+15 96 51.248 52 0.252387
1307 7.92282e+28 1.31934e+28 3.60288e+16 96 52.0771 55 0.255883
1308 7.92282e+28 1.50161e+28 1.80144e+16 96 52.1816 54 0.255889
1309 7.92282e+28 1.24257e+28 4.5036e+15 96 51.7529 52 0.254718
1310 7.92282e+28 1.20767e+28 1.80144e+16 96 51.833 54 0.26663
1311 7.92282e+28 1.30468e+28 4.5036e+15 96 50.6855 52 0.241183
1312 7.92282e+28 1.20456e+28 9.0072e+15 96 50.9609 53 0.249732
1313 7.92282e+28 1.34953e+28 9.0072e+15 96 52.2578 53 0.252221
1314 7.92282e+28 1.5454e+28 2.8823e+17 96 53.8936 58 0.258661
1315 7.92282e+28 1.23546e+28 4.5036e+15 96 51.0244 52 0.251719
1316 7.92282e+28 1.28199e+28 9.0072e+15 96 51.5547 53 0.247432
1317 7.92282e+28 1.31021e+28 9.0072e+15 96 51.6338 53 0.250718
1318 7.92282e+28 1.34602e+28 3.60288e+16 96 52.2363 55 0.260284
1319 7.92282e+28 1.41269e+28 7.20576e+16 96 51.7402 56 0.257138
1320 7.92282e+28 1.39996e+28 1.44115e+17 96 53.416 57 0.258095
1321 7.92282e+28 1.46912e+28 2.8823e+17 96 54.2979 58 0.258489
1322 7.92282e+28 1.36402e+28 4.5036e+15 96 51.3643 52 0.25243
1323 7.92282e+28 1.26253e+28 7.20576e+16 96 53.4541 56 0.259266
1324 7.92282e+28 1.52798e+28 9.0072e+15 96 53.1465 53 0.252598
1325 7.92282e+28 1.53181e+28 7.20576e+16 96 54.2227 56 0.255913
1326 7.92282e+28 1.41406e+28 2.8823e+17 96 53.3242 58 0.257093
1327 7.92282e+28 1.40309e+28 1.44115e+17 96 52.5098 57 0.248129
1328 7.92282e+28 1.47468e+28 2.8823e+17 96 54.0928 58 0.257445
1329 7.92282e+28 1.53097e+28 2.8823e+17 96 54.2607 58 0.258652
1330 7.92282e+28 1.42771e+28 2.8823e+17 96 54.3574 58 0.275434
1331 7.92282e+28 1.2817e+28 3.60288e+16 96 53.3721 55 0.254297
1332 7.92282e+28 1.32302e+28 9.0072e+15 96 52.1621 53 0.248011
1333 7.92282e+28 1.45665e+28 3.60288e+16 96 52.8232 55 0.250009
1334 7.92282e+28 1.45423e+28 7.20576e+16 96 53.4414 56 0.256015
1335 7.92282e+28 1.41508e+28 3.60288e+16 96 53.3779 55 0.254268
1336 7.92282e+28 1.48392e+28 1.15292e+18 96 54.0342 60 0.256683
1337 7.92282e+28 1.35254e+28 1.80144e+16 96 52.498 54 0.247755
1338 7.92282e+28 1.35684e+28 1.1259e+15 96 50.5176 50 0.247343
1339 7.92282e+28 1.35315e+28 1.80144e+16 96 52.0928 54 0.255861
1340 7.92282e+28 1.35246e+28 9.0072e+15 96 52.5547 53 0.247458
1341 7.92282e+28 1.33634e+28 7.20576e+16 96 52.9678 56 0.251111
1342 7.92282e+28 1.27146e+28 4.5036e+15 96 51.5273 52 0.247261
1343 7.92282e+28 1.36674e+28 1.80144e+16 96 51.877 54 0.25354
1344 7.92282e+28 1.32338e+28 9.0072e+15 96 52.6934 53 0.250704
1345 7.92282e+28 1.48969e+28 7.20576e+16 96 53.2139 56 0.2539
1346 7.92282e+28 1.48144e+28 1.44115e+17 96 53.207 57 0.259573
1347 7.92282e+28 1.31287e+28 3.60288e+16 96 52.9678 55 0.259715
1348 7.92282e+28 1.45637e+28 2.8823e+17 96 53.3057 58 0.260574
1349 7.92282e+28 1.55513e+28 7.20576e+16 96 53.5752 56 0.259356
1350 7.92282e+28 1.28873e+28 1.80144e+16 96 52.3174 54 0.25175
1351 7.92282e+28 1.22923e+28 1.44115e+17 96 52.5312 57 0.261248
1352 7.92282e+28 1.42737e+28 1.44115e+17 96 53.127 57 0.257366
1353 7.92282e+28 1.46967e+28 1.44115e+17 96 52.3428 57 0.256267
1354 7.92282e+28 1.43491e+28 3.60288e+16 96 51.6768 55 0.249355
1355 7.92282e+28 1.47036e+28 3.60288e+16 96 52.4375 55 0.255593
1356 7.92282e+28 1.57734e+28 2.8823e+17 96 53.7373 58 0.259762
1357 7.92282e+28 1.59519e+28 3.60288e+16 96 53.709 55 0.25879
1358 7.92282e+28 1.55328e+28 7.20576e+16 96 52.5684 56 0.254634
1359 7.92282e+28 1.46185e+28 5.76461e+17 96 53.9766 59 0.257722
1360 7.92282e+28 1.41097e+28 1.44115e+17 96 52.8564 57 0.258765
1361 7.92282e+28 1.44005e+28 3.60288e+16 96 52.585 55 0.253375
1362 7.92282e+28 1.38407e+28 2.8823e+17 96 53.6875 58 0.252353
1363 7.92282e+28 1.47467e+28 9.0072e+15 96 51.459 53 0.249421
1364 7.92282e+28 1.33407e+28 9.0072e+15 96 51.5449 53 0.255274
1365 7.92282e+28 1.45194e+28 1.80144e+16 96 52.5586 54 0.250113
1366 7.92282e+28 1.52949e+28 3.60288e+16 96 53.3994 55 0.258237
1367 7.92282e+28 1.4212e+28 3.60288e+16 96 53.2012 55 0.255141
1368 7.92282e+28 1.39654e+28 1.80144e+16 96 51.9873 54 0.254373
1369 7.92282e+28 1.40359e+28 2.8823e+17 96 53.9131 58 0.256953
1370 1.58456e+29 1.62799e+28 1.15292e+18 97 55.6152 60 0.270582
1371 7.92282e+28 1.6426e+28 4.61169e+18 96 55.5361 62 0.267991
1372 7.92282e+28 1.50283e+28 3.60288e+16 96 53.0225 55 0.262192
1373 7.92282e+28 1.39344e+28 5.76461e+17 96 54.6426 59 0.259661
1374 7.92282e+28 1.48899e+28 3.60288e+16 96 52.6816 55 0.248327
1375 7.92282e+28 1.54921e+28 2.8823e+17 96 53.8867 58 0.255929
1376 3.16913e+29 1.52887e+28 7.20576e+16 98 54.0078 56 0.265869
1377 7.92282e+28 1.42256e+28 1.80144e+16 96 51.7568 54 0.245492
1378 7.92282e+28 1.45835e+28 7.20576e+16 96 53.2148 56 0.254973
1379 7.92282e+28 1.63081e+28 2.8823e+17 96 54.6143 58 0.260092
1380 7.92282e+28 1.63954e+28 1.15292e+18 96 55.2812 60 0.264027
1381 7.92282e+28 1.70809e+28 1.44115e+17 96 53.8877 57 0.255271
1382 7.92282e+28 1.73495e+28 2.30584e+18 96 54.7646 61 0.266321
1383 7.92282e+28 1.71345e+28 2.30584e+18 96 55.3027 61 0.26366
1384 7.92282e+28 1.62893e+28 2.8823e+17 96 54.5449 58 0.258325
1385 7.92282e+28 1.65215e+28 7.20576e+16 96 53.7441 56 0.258349
1386 7.92282e+28 1.62154e+28 1.44115e+17 96 54.4033 57 0.257012
1387 1.58456e+29 1.64074e+28 1.44115e+17 97 54.2305 57 0.261657
1388 7.92282e+28 1.78712e+28 1.15292e+18 96 55.2744 60 0.261738
1389 7.92282e+28 1.75312e+28 2.8823e+17 96 54.3252 58 0.265679
1390 7.92282e+28 1.71236e+28 2.8823e+17 96 54.6367 58 0.256133
1391 7.92282e+28 1.72952e+28 3.68935e+19 96 56.2256 65 0.263825
1392 7.92282e+28 1.62119e+28 2.8823e+17 96 54.3896 58 0.261104
1393 7.92282e+28 1.70461e+28 1.44115e+17 96 54.7285 57 0.268197
1394 7.92282e+28 1.66801e+28 2.30584e+18 96 54.7129 61 0.257505
1395 7.92282e+28 1.50838e+28 5.76461e+17 96 54.3281 59 0.256649
1396 7.92282e+28 1.63917e+28 7.20576e+16 96 53.2969 56 0.253864
1397 7.92282e+28 1.53212e+28 1.80144e+16 96 52.665 54 0.254004
1398 7.92282e+28 1.67777e+28 7.20576e+16 96 53.0596 56 0.268488
1399 7.92282e+28 1.62259e+28 5.76461e+17 96 54.5918 59 0.26501
1400 7.92282e+28 1.63073e+28 1.15292e+18 96 55.3027 60 0.268143
1401 7.92282e+28 1.66443e+28 1.44115e+17 96 54.0957 57 0.267385
1402 7.92282e+28 1.73284e+28 2.8823e+17 96 53.7246 58 0.260115
1403 7.92282e+28 1.68354e+28 4.61169e+18 96 55.9131 62 0.265705
1404 7.92282e+28 1.74733e+28 2.8823e+17 96 54.1436 58 0.261568
1405 7.92282e+28 1.72417e+28 5.76461e+17 96 53.5107 59 0.256428
1406 7.92282e+28 1.71351e+28 2.8823e+17 96 53.8066 58 0.255496
1407 3.16913e+29 1.62534e+28 5.76461e+17 98 54.8799 59 0.265078
1408 7.92282e+28 1.80162e+28 7.20576e+16 96 54.0986 56 0.257677
1409 7.92282e+28 1.66585e+28 1.15292e+18 96 54.0498 60 0.256453
1410 7.92282e+28 1.48306e+28 7.20576e+16 96 53.3076 56 0.256668
1411 7.92282e+28 1.40404e+28 1.44115e+17 96 53.4102 57 0.256263
1412 7.92282e+28 1.47788e+28 2.8823e+17 96 53.1885 58 0.249811
1413 7.92282e+28 1.71074e+28 1.44115e+17 96 53.668 57 0.252838
1414 7.92282e+28 1.42999e+28 1.80144e+16 96 51.4131 54 0.248612
1415 7.92282e+28 1.64976e+28 1.44115e+17 96 52.8916 57 0.255767
1416 7.92282e+28 1.64578e+28 1.15292e+18 96 53.9629 60 0.257004
1417 7.92282e+28 1.52023e+28 1.80144e+16 96 52.4258 54 0.253169
1418 3.16913e+29 1.82682e+28 4.61169e+18 98 54.5098 62 0.257872
1419 7.92282e+28 1.8197e+28 5.76461e+17 96 54.5488 59 0.264346
1420 7.92282e+28 1.7586e+28 2.30584e+18 96 55.9521 61 0.264334
1421 7.92282e+28 1.74184e+28 1.44115e+17 96 53.5996 57 0.258197
1422 7.92282e+28 1.8301e+28 1.44115e+17 96 54.3213 57 0.25843
1423 7.92282e+28 1.79569e+28 5.76461e+17 96 54.6201 59 0.259614
1424 7.92282e+28 1.70814e+28 2.8823e+17 96 54.6787 58 0.256488
1425 7.92282e+28 1.64691e+28 7.20576e+16 96 52.2695 56 0.256347
1426 1.58456e+29 1.64941e+28 2.8823e+17 97 52.8828 58 0.251234
1427 7.92282e+28 1.77861e+28 2.30584e+18 96 54.8867 61 0.275161
1428 3.16913e+29 1.73284e+28 5.76461e+17 98 53.6455 59 0.254
1429 7.92282e+28 1.6421e+28 1.15292e+18 96 54.1768 60 0.260489
1430 7.92282e+28 1.6611e+28 1.44115e+17 96 53.8496 57 0.257934
1431 7.92282e+28 1.82893e+28 9.22337e+18 96 55.3594 63 0.260536
1432 7.92282e+28 1.91663e+28 4.61169e+18 96 55.0049 62 0.263786
1433 7.92282e+28 1.85376e+28 1.84467e+19 96 55.5068 64 0.25952
1434 3.16913e+29 1.7125e+28 5.76461e+17 98 53.3643 59 0.25369
1435 7.92282e+28 1.8821e+28 2.30584e+18 96 55.2881 61 0.257698
1436 7.92282e+28 1.78111e+28 2.8823e+17 96 54.5674 58 0.253087
1437 7.92282e+28 1.95233e+28 3.68935e+19 96 56.2969 65 0.265959
1438 3.16913e+29 1.88842e+28 7.3787e+19 98 57.1494 66 0.272479
1439 7.92282e+28 1.8463e+28 2.8823e+17 96 54.374 58 0.260124
1440 7.92282e+28 1.74306e+28 7.20576e+16 96 52.751 56 0.249176
1441 3.16913e+29 1.84392e+28 2.8823e+17 98 54.8438 58 0.272128
1442 7.92282e+28 1.83179e+28 7.20576e+16 96 53.9307 56 0.261058
1443 7.92282e+28 1.79855e+28 9.22337e+18 96 55.8096 63 0.267469
1444 7.92282e+28 2.11767e+28 1.84467e+19 96 56.251 64 0.265118
1445 7.92282e+28 2.05788e+28 1.15292e+18 96 54.2607 60 0.258791
1446 7.92282e+28 1.88837e+28 1.44115e+17 96 55.04 57 0.260221
1447 3.16913e+29 1.96005e+28 9.22337e+18 98 56.0244 63 0.270892
1448 7.92282e+28 1.92079e+28 4.61169e+18 96 55.0557 62 0.270802
1449 7.92282e+28 1.95179e+28 1.15292e+18 96 55.6064 60 0.271817
1450 7.92282e+28 1.96126e+28 5.76461e+17 96 56.0605 59 0.276254
1451 7.92282e+28 1.89913e+28 2.30584e+18 96 55.3652 61 0.263827
1452 7.92282e+28 1.82808e+28 1.44115e+17 96 53.7139 57 0.260502
1453 7.92282e+28 1.9448e+28 4.61169e+18 96 55.1484 62 0.264784
1454 7.92282e+28 1.89834e+28 3.68935e+19 96 55.7314 65 0.268206
1455 7.92282e+28 1.97319e+28 7.3787e+19 96 57.0674 66 0.269827
1456 7.92282e+28 1.78141e+28 4.61169e+18 96 55.0273 62 0.258203
1457 1.58456e+29 1.92214e+28 9.22337e+18 97 55.8301 63 0.261135
1458 7.92282e+28 1.79075e+28 2.8823e+17 96 54.1768 58 0.26398
1459 7.92282e+28 1.8283e+28 4.61169e+18 96 55.7354 62 0.264917
1460 7.92282e+28 1.8469e+28 2.30584e+18 96 56.1045 61 0.275948
1461 7.92282e+28 1.92423e+28 5.76461e+17 96 54.9102 59 0.281759
1462 3.16913e+29 2.03024e+28 3.68935e+19 98 56.8965 65 0.276427
1463 3.16913e+29 1.87816e+28 1.84467e+19 98 55.9072 64 0.283759
1464 7.92282e+28 2.06615e+28 2.95148e+20 96 59.1514 68 0.276328
1465 7.92282e+28 1.87909e+28 9.22337e+18 96 56.2217 63 0.266073
1466 7.92282e+28 1.85868e+28 3.68935e+19 96 57.0645 65 0.268605
1467 7.92282e+28 1.85802e+28 3.68935e+19 96 55.7676 65 0.261177
1468 7.92282e+28 1.7465e+28 1.84467e+19 96 55.9375 64 0.269408
1469 7.92282e+28 1.83396e+28 1.84467e+19 96 56.1562 64 0.26538
1470 7.92282e+28 1.81983e+28 1.84467e+19 96 56.085 64 0.269523
1471 7.92282e+28 1.89971e+28 4.61169e+18 96 55.3496 62 0.261513
1472 7.92282e+28 1.96759e+28 9.22337e+18 96 55.8604 63 0.263805
1473 7.92282e+28 1.85365e+28 4.61169e+18 96 56.2939 62 0.269527
1474 7.92282e+28 1.91349e+28 1.84467e+19 96 56.1396 64 0.27103
1475 7.92282e+28 1.75078e+28 4.61169e+18 96 55.2461 62 0.270556
1476 3.16913e+29 1.94333e+28 7.3787e+19 98 57.0137 66 0.271674
1477 7.92282e+28 1.88284e+28 1.84467e+19 96 56.376 64 0.267665
1478 7.92282e+28 1.87228e+28 1.84467e+19 96 56.7109 64 0.268315
1479 7.92282e+28 2.07343e+28 1.47574e+20 96 57.541 67 0.284464
1480 7.92282e+28 1.87085e+28 1.47574e+20 96 57.1211 67 0.281981
1481 7.92282e+28 1.94169e+28 2.30584e+18 96 55.748 61 0.297402
1482 1.58456e+29 2.25221e+28 1.18059e+21 97 58.1191 70 0.294787
1483 7.92282e+28 1.96247e+28 5.90296e+20 96 57.8281 69 0.30238
1484 7.92282e+28 1.96071e+28 9.22337e+18 96 57.0088 63 0.287636
1485 7.92282e+28 2.10848e+28 5.90296e+20 96 57.7393 69 0.286651
1486 7.92282e+28 1.9938e+28 7.3787e+19 96 57.2031 66 0.278853
1487 7.92282e+28 1.98735e+28 1.84467e+19 96 56.7939 64 0.275121
1488 1.58456e+29 1.94935e+28 7.3787e+19 97 57.3838 66 0.305764
1489 7.92282e+28 2.07628e+28 5.90296e+20 96 58.1328 69 0.283758
1490 7.92282e+28 2.09062e+28 1.18059e+21 96 57.54 70 0.280029
1491 7.92282e+28 2.10887e+28 7.3787e+19 96 56.4004 66 0.270963
1492 7.92282e+28 2.28774e+28 1.18059e+21 96 58.6582 70 0.282419
1493 7.92282e+28 2.11777e+28 1.18059e+21 96 58.5332 70 0.29531
1494 7.92282e+28 2.08653e+28 1.18059e+21 96 57.8086 70 0.279439
1495 7.92282e+28 2.06381e+28 1.47574e+20 96 58.1484 67 0.288787
1496 3.16913e+29 2.06872e+28 3.68935e+19 98 56.6582 65 0.2826
1497 7.92282e+28 2.17424e+28 2.95148e+20 96 57.8721 68 0.295078
1498 7.92282e+28 2.07398e+28 1.15292e+18 96 56.2236 60 0.277198
1499 7.92282e+28 2.09521e+28 3.68935e+19 96 56.6826 65 0.277411
