349.099
0 434.818 7.55738 4 2 0.0302734 0 0.010958
1 111.937 8.29523 4 1 0.0390625 0 0.0106069
2 435.117 9.07374 4 2 0.0429688 0 0.0107023
3 435.151 8.76332 5 2 0.0400391 0 0.010733
4 110.371 9.12705 5 1 0.0449219 0 0.0107654
5 435.149 9.79761 5 2 0.046875 0 0.0110344
6 109.829 8.92876 5 1 0.0400391 0 0.0109653
7 435.127 9.17267 5 2 0.0390625 0 0.011035
8 435.151 10.2648 5 2 0.0478516 0 0.0110262
9 435.149 9.12528 5 2 0.0390625 0 0.0110457
10 434.954 8.8031 5 2 0.0351562 0 0.0110846
11 435.117 10.997 6 2 0.0537109 0 0.0111769
12 434.954 11.5131 5 2 0.0595703 0 0.0112988
13 435.151 10.1257 6 2 0.0439453 0 0.0111863
14 435.149 10.0422 6 2 0.0449219 0 0.0111076
15 435.151 12.6693 6 2 0.0683594 0 0.0117434
16 434.639 10.2282 6 2 0.046875 0 0.0114126
17 110.903 10.437 6 1 0.0488281 0 0.0113466
18 1011.78 11.1795 6 3 0.0478516 0 0.0111776
19 435.127 10.0178 6 2 0.0458984 0 0.0111687
20 435.127 10.241 6 2 0.0458984 0 0.0112328
21 434.954 10.6488 6 2 0.0498047 0 0.0113294
22 435.149 11.3565 6 2 0.0537109 0 0.0113843
23 435.076 12.6353 6 2 0.0664062 0 0.0114138
24 435.151 11.4758 6 2 0.0556641 0 0.0113672
25 435.127 11.781 6 2 0.0537109 0 0.0116211
26 1011.78 14.8604 6 3 0.0791016 0 0.0114905
27 434.954 11.7085 6 2 0.0605469 0 0.0113729
28 435.149 11 6 2 0.0507812 0 0.0114272
29 435.127 11.9377 6 2 0.0595703 0 0.0113718
30 435.127 12.1298 6 2 0.0595703 0 0.0113546
31 435.149 11.3496 6 2 0.0527344 0 0.0114708
32 435.053 12.7058 6 2 0.0654297 0 0.0115311
33 435.149 12.5231 6 2 0.0605469 0 0.0115259
34 435.127 14.959 6 2 0.0830078 0 0.0113983
35 435.127 12.0065 6 2 0.0585938 0 0.0114846
36 112.934 11.919 6 1 0.0595703 0 0.0116446
37 434.954 12.8864 6 2 0.0654297 0 0.0115656
38 1011.78 14.6397 6 3 0.0683594 0 0.0116734
39 435.053 12.2568 6 2 0.0566406 0 0.0115969
40 435.149 14.794 6 2 0.0683594 0 0.0116414
41 435.151 13.0371 6 2 0.0605469 0 0.0117347
42 435.053 13.3352 6 2 0.0703125 0 0.0117444
43 435.127 13.4374 6 2 0.0644531 0 0.0117192
44 435.151 15.8608 6 2 0.0839844 0 0.0117371
45 435.127 14.0667 6 2 0.0712891 0 0.0119029
46 435.149 12.3552 6 2 0.0576172 0 0.0118119
47 435.053 14.2983 6 2 0.0761719 0 0.0117019
48 109.829 11.9439 6 1 0.0585938 0 0.0117176
49 435.151 10.9582 6 2 0.0458984 0 0.0117269
50 435.149 15.1502 7 2 0.0761719 0 0.0118654
51 435.149 14.28 6 2 0.0791016 0 0.011782
52 435.053 13.002 7 2 0.0644531 0 0.0121091
53 435.149 15.0572 6 2 0.078125 0 0.011699
54 435.151 13.2357 6 2 0.0673828 0 0.0116503
55 1011.31 16.5362 7 3 0.0869141 0 0.0118986
56 435.127 14.33 7 2 0.0732422 0 0.0118772
57 435.149 13.4998 7 2 0.0634766 0 0.0118297
58 434.954 12.7076 7 2 0.0625 0 0.0118255
59 435.149 13.9311 7 2 0.0664062 0 0.011889
60 435.117 13.9153 7 2 0.0703125 0 0.0119625
61 435.149 14.0022 7 2 0.0732422 0 0.0119956
62 435.127 13.413 7 2 0.0595703 0 0.0118864
63 435.149 15.0383 7 2 0.078125 0 0.0120178
64 434.818 12.5975 7 2 0.0605469 0 0.0119914
65 435.151 13.7972 7 2 0.0683594 0 0.0120205
66 435.151 15.1621 7 2 0.0800781 0 0.0118578
67 1008.92 14.4533 7 3 0.0664062 0 0.0119232
68 435.151 15.0713 7 2 0.0771484 0 0.0118776
69 435.149 14.3676 7 2 0.0712891 0 0.0120184
70 435.149 13.8279 7 2 0.0712891 0 0.0118151
71 435.149 12.478 7 2 0.0605469 0 0.0118093
72 435.117 13.8165 7 2 0.0722656 0 0.0119431
73 435.149 15.2118 7 2 0.0771484 0 0.0119284
74 435.053 14.3696 7 2 0.0751953 0 0.0118817
75 435.127 13.9254 7 2 0.0625 0 0.0119396
76 435.151 14.9103 7 2 0.0722656 0 0.0120119
77 435.053 12.792 7 2 0.0605469 0 0.0117804
78 435.151 12.8279 7 2 0.0566406 0 0.0119629
79 110.371 12.1681 7 1 0.0576172 0 0.0118847
80 435.053 13.891 7 2 0.0732422 0 0.0118573
81 435.127 14.261 7 2 0.0712891 0 0.0120379
82 110.903 12.053 7 1 0.0576172 0 0.0118542
83 435.127 14.099 7 2 0.0732422 0 0.0119219
84 435.151 15.8793 7 2 0.0859375 0 0.0121288
85 434.639 14.2841 7 2 0.0761719 0 0.0120939
86 435.127 14.8439 7 2 0.0771484 0 0.0120534
87 435.053 15.9227 7 2 0.0820312 0 0.012026
88 435.149 17.1552 7 2 0.09375 0 0.0120891
89 434.954 13.5699 7 2 0.0644531 0 0.0120961
90 435.149 16.5338 7 2 0.0839844 0 0.0120717
91 435.151 14.8646 7 2 0.0751953 0 0.0121095
92 435.127 13.9115 7 2 0.0712891 0 0.0119839
93 435.127 14.3028 7 2 0.0703125 0 0.011974
94 435.151 13.9713 7 2 0.0673828 0 0.0119842
95 435.151 14.0216 7 2 0.0625 0 0.0119869
96 435.149 14.4491 7 2 0.0742188 0 0.0120319
97 435.149 13.6404 7 2 0.0683594 0 0.0119908
98 435.149 13.9242 7 2 0.0693359 0 0.0123543
99 1008.92 15.4342 8 3 0.0761719 0 0.0120373
100 435.053 14.8736 8 2 0.0732422 0 0.0120769
101 435.151 14.8309 7 2 0.0742188 0 0.0118993
102 110.371 12.5407 7 1 0.0605469 0 0.0119062
103 1009.59 18.6091 7 3 0.0976562 0 0.0120141
104 435.127 14.4906 8 2 0.0703125 0 0.0119628
105 435.149 16.5018 8 2 0.0888672 0 0.0125253
106 1008.92 17.929 8 3 0.0888672 0 0.0121348
107 435.117 14.6447 8 2 0.0761719 0 0.0120809
108 435.151 15.9477 8 2 0.0761719 0 0.0121913
109 435.127 15.8179 8 2 0.0800781 0 0.012228
110 1009.59 20.2312 8 3 0.110352 0 0.0123781
111 435.151 16.8616 8 2 0.0869141 0 0.0122091
112 435.127 17.7084 8 2 0.0957031 0 0.0122831
113 435.151 15.3561 8 2 0.0751953 0 0.0121257
114 435.151 19.0787 8 2 0.108398 0 0.0121938
115 110.371 13.8567 8 1 0.0712891 0 0.0121812
116 435.149 15.6443 8 2 0.0800781 0 0.0124341
117 435.151 19.8086 8 2 0.108398 0 0.0124936
118 435.151 16.3978 8 2 0.0791016 0 0.012476
119 435.151 17.8411 8 2 0.0966797 0 0.012397
120 435.117 16.0438 8 2 0.0849609 0 0.0124189
121 435.151 19.8593 8 2 0.108398 0 0.0124936
122 435.149 14.7625 8 2 0.0664062 0 0.0122751
123 435.149 16.2354 8 2 0.0869141 0 0.0127447
124 435.151 18.239 8 2 0.0986328 0 0.0123249
125 1011.31 19.4646 8 3 0.104492 0 0.0125647
126 435.151 17.7185 8 2 0.0966797 0 0.0124916
127 435.127 19.6057 8 2 0.112305 0 0.0127811
128 435.151 20.4169 8 2 0.113281 0 0.0123609
129 435.149 19.0891 8 2 0.103516 0 0.0125113
130 435.149 19.6386 8 2 0.109375 0 0.0126248
131 435.149 18.5686 8 2 0.103516 0 0.0125191
132 435.151 18.5572 8 2 0.100586 0 0.0124532
133 435.127 20.4967 9 2 0.110352 0 0.0127156
134 1011.31 23.3519 8 3 0.130859 0 0.0126052
135 435.151 24.5595 9 2 0.141602 0 0.012776
136 435.149 22.9573 9 2 0.136719 0 0.0128296
137 435.127 21.5158 9 2 0.128906 0 0.0131027
138 435.127 20.6218 9 2 0.118164 0 0.0129932
139 435.149 23.408 9 2 0.125977 0 0.0131601
140 435.127 24.8951 9 2 0.148438 0 0.0133621
141 435.151 28.8529 9 2 0.174805 0 0.013375
142 435.149 29.1417 9 2 0.189453 0 0.0133721
143 1012.18 25.6318 9 3 0.154297 0 0.0136421
144 435.149 30.9806 9 2 0.195312 0 0.0134462
145 1843.9 33.3378 9 4 0.196289 0 0.0138815
146 435.149 32.5326 9 2 0.201172 0 0.0136207
147 435.151 30.3557 9 2 0.191406 0 0.0135869
148 1011.31 33.8839 9 3 0.199219 0 0.013658
149 1008.92 35.8366 9 3 0.223633 0 0.0135397
150 1009.59 32.7424 9 3 0.201172 0 0.0140802
151 435.151 31.191 9 2 0.197266 0 0.013632
152 1008.92 32.9862 9 3 0.204102 0 0.0135884
153 435.151 34.2896 9 2 0.225586 0 0.0136513
154 435.151 35.6364 9 2 0.22168 0 0.0135999
155 1010.21 34.43 9 3 0.219727 0 0.0140117
156 435.151 33.0056 9 2 0.197266 0 0.0136039
157 1008.92 35.5796 9 3 0.220703 0 0.0138586
158 435.151 35.0635 9 2 0.226562 0 0.0138371
159 1012.52 32.7986 9 3 0.212891 0 0.0137604
160 1010.21 34.8292 9 3 0.220703 0 0.013715
161 1011.31 34.315 9 3 0.21582 0 0.0135316
162 1011.31 34.1441 9 3 0.216797 0 0.0138138
163 1011.31 36.6372 10 3 0.227539 0 0.0138459
164 1009.59 38.3068 9 3 0.236328 0 0.0137678
165 435.151 35.4603 9 2 0.217773 0 0.014284
166 1008.92 34.7 10 3 0.224609 0 0.0138072
167 1010.21 35.6706 9 3 0.213867 0 0.0137366
168 1010.21 41.7339 9 3 0.256836 0 0.0137093
169 435.151 37.6963 9 2 0.243164 0 0.01371
170 1009.59 42.844 11 3 0.267578 0 0.0138617
171 435.151 39.988 9 2 0.255859 0 0.013844
172 1007.46 37.6765 10 3 0.243164 0 0.0141726
173 1827.51 38.4826 9 4 0.249023 0 0.0136909
174 1008.92 40.8652 9 3 0.263672 0 0.0137537
175 435.151 38.5215 11 2 0.255859 0 0.0140365
176 995.918 45.0685 11 3 0.288086 0 0.013925
177 1009.59 42.4934 11 3 0.270508 0 0.0139063
178 1009.59 41.5044 10 3 0.260742 0 0.0138507
179 1010.21 42.7773 11 3 0.275391 0 0.0141496
180 1011.78 43.792 12 3 0.283203 0 0.0143567
181 435.151 42.7758 11 2 0.269531 0 0.0141163
182 1009.59 42.1954 12 3 0.276367 0 0.0142046
183 435.151 39.8116 11 2 0.265625 0 0.0139486
184 1010.79 46.9307 11 3 0.292969 0 0.013916
185 435.151 44.3087 11 2 0.289062 0 0.0145449
186 1834.62 47.6914 11 4 0.298828 0 0.0140894
187 1010.21 46.1147 12 3 0.30957 0 0.0141075
188 1011.78 44.88 10 3 0.28125 0 0.0139299
189 1008.92 44.0624 11 3 0.282227 0 0.014177
190 1008.92 39.7042 11 3 0.261719 0 0.0139913
191 1012.18 44.5761 12 3 0.289062 0 0.0140809
192 1008.92 43.8934 10 3 0.270508 0 0.0140153
193 1009.59 39.4652 11 3 0.258789 0 0.0140421
194 1843.9 46.2748 10 4 0.28418 0 0.0141332
195 1008.92 47.7433 12 3 0.300781 0 0.0141351
196 1008.92 41.7086 11 3 0.27832 0 0.0141443
197 1008.92 45.3883 11 3 0.291016 0 0.0141518
198 435.151 43.9926 12 2 0.292969 0 0.0143454
199 1010.79 46.9175 11 3 0.288086 0 0.0141517
200 1010.21 42.619 12 3 0.28125 0 0.0146634
201 1008.92 45.437 12 3 0.291016 0 0.0143294
202 435.151 44.0117 12 2 0.296875 0 0.014344
203 1007.46 41.259 11 3 0.268555 0 0.0142865
204 435.151 41.635 12 2 0.263672 0 0.0143658
205 1845.26 45.6915 11 4 0.27832 0 0.0144774
206 1843.9 42.5042 12 4 0.272461 0 0.0143813
207 1008.92 46.2411 12 3 0.286133 0 0.0144554
208 435.151 42.9536 11 2 0.27832 0 0.0145589
209 1012.77 48.4173 13 3 0.305664 0 0.0146555
210 1011.78 44.5398 11 3 0.290039 0 0.0146504
211 1823.71 49.2467 12 4 0.304688 0 0.0146348
212 1010.21 47.1518 13 3 0.302734 0 0.0147227
213 1004.1 44.923 12 3 0.289062 0 0.0147374
214 1008.21 52.1337 13 3 0.332031 0 0.0149053
215 1008.92 48.8092 13 3 0.307617 0 0.0149614
216 1008.92 59.1212 13 3 0.358398 0 0.0151991
217 1005.85 49.2527 13 3 0.328125 0 0.0151554
218 1004.1 54.1565 13 3 0.336914 0 0.0149271
219 1815.68 60.0341 13 4 0.375 0 0.0153625
220 1011.78 54.5338 13 3 0.333008 0 0.0153676
221 1843.9 55.5787 13 4 0.328125 0 0.0154288
222 1009.59 61.2652 15 3 0.382812 0 0.0158993
223 435.151 54.1396 13 2 0.352539 0 0.0156089
224 1008.21 52.4759 13 3 0.344727 0 0.0154324
225 1005.85 56.1934 13 3 0.337891 0 0.0157198
226 1815.68 60.9138 15 4 0.361328 0 0.0162762
227 1010.21 56.4313 15 3 0.34082 0 0.0159257
228 1010.21 58.6431 14 3 0.353516 0 0.0160065
229 1008.92 63.3147 15 3 0.384766 0 0.0160364
230 1831.15 56.2359 15 4 0.337891 0 0.0161945
231 1010.21 67.147 15 3 0.402344 0 0.0168065
232 1793.4 59.6207 15 4 0.370117 0 0.0161836
233 1831.15 55.6514 15 4 0.335938 0 0.0159066
234 1008.21 68.2222 15 3 0.411133 0 0.0163291
235 1836.29 62.5726 15 4 0.375977 0 0.0161769
236 1007.46 60.2798 15 3 0.384766 0 0.0161113
237 1007.46 63.538 17 3 0.404297 0 0.0164149
238 1012.18 66.9954 15 3 0.412109 0 0.016364
239 1834.62 66.0374 16 4 0.394531 0 0.0164033
240 1007.46 61.8246 15 3 0.37793 0 0.0164061
241 1842.49 69.7508 16 4 0.40332 0 0.0164421
242 1010.79 68.3723 17 3 0.417969 0 0.0164845
243 1010.21 66.9511 17 3 0.412109 0 0.0166175
244 1839.49 72.8705 16 4 0.426758 0 0.0163781
245 2909.97 70.8688 17 5 0.415039 0 0.0168961
246 1005.85 67.2968 17 3 0.425781 0 0.0173924
247 1005.85 69.8528 17 3 0.411133 0 0.017149
248 1008.92 72.3744 17 3 0.446289 0 0.0168528
249 1012.52 74.0034 17 3 0.435547 0 0.0171896
250 1842.49 69.3311 17 4 0.419922 0 0.0170766
251 1823.71 74.6131 17 4 0.443359 0 0.0169153
252 1005.85 73.5024 17 3 0.431641 0 0.0175221
253 1819.76 79.35 17 4 0.458984 0 0.0173682
254 1011.78 73.8291 17 3 0.439453 0 0.0172522
255 1839.49 76.0344 17 4 0.439453 0 0.017206
256 1004.1 75.1694 17 3 0.457031 0 0.016958
257 1008.92 86.3965 19 3 0.480469 0 0.0175952
258 1817.74 83.2173 17 4 0.478516 0 0.0174931
259 1802.66 80.2324 17 4 0.446289 0 0.0171531
260 1842.49 77.3802 18 4 0.459961 0 0.0180071
261 1773.62 79.0947 17 4 0.46875 0 0.0173052
262 1841.02 88.1785 18 4 0.488281 0 0.0177196
263 1842.49 85.5899 17 4 0.46582 0 0.0174402
264 1827.51 84.3086 19 4 0.49707 0 0.0180759
265 1815.68 83.2738 18 4 0.483398 0 0.017835
266 1010.21 84.5365 19 3 0.480469 0 0.0180573
267 1008.92 90.6168 19 3 0.517578 0 0.0179263
268 1007.46 84.3229 19 3 0.486328 0 0.0180872
269 1811.47 88.5417 19 4 0.505859 0 0.0179864
270 1007.46 85.3132 19 3 0.505859 0 0.0183034
271 1006.68 87.4262 19 3 0.495117 0 0.0181078
272 1841.02 91.0743 19 4 0.511719 0 0.0181817
273 1831.15 93.8399 19 4 0.507812 0 0.0191155
274 1831.15 76.038 19 4 0.445312 0 0.017995
275 1841.02 95.8276 19 4 0.53125 0 0.0185025
276 1831.15 92.8644 19 4 0.507812 0 0.0185828
277 1823.71 89.49 19 4 0.508789 0 0.0190018
278 1004.99 80.0781 19 3 0.469727 0 0.0186072
279 1823.71 84.0516 19 4 0.46875 0 0.0184162
280 1819.76 93.8544 21 4 0.523438 0 0.01897
281 1813.59 91.4212 21 4 0.511719 0 0.0194462
282 2912.97 96.5691 21 5 0.518555 0 0.0191749
283 4298.58 97.0539 22 6 0.540039 0 0.0192837
284 1836.29 90.6073 21 4 0.510742 0 0.0191571
285 2881.17 106.025 21 5 0.548828 0 0.0199573
286 1841.02 97.5244 19 4 0.519531 0 0.0189759
287 1823.71 94.4846 21 4 0.514648 0 0.0193437
288 1831.15 106.652 25 4 0.572266 0 0.0197037
289 1821.75 99.8362 21 4 0.522461 0 0.0202978
290 1811.47 95.6943 25 4 0.547852 0 0.0200498
291 2906.93 106.913 22 5 0.557617 0 0.0203559
292 1567.99 89.6817 23 4 0.508789 0 0.0212505
293 1821.75 102.719 23 4 0.533203 0 0.0216937
294 1831.15 102.058 29 4 0.56543 0 0.0210079
295 4257.05 108.131 28 6 0.551758 0 0.0217146
296 1699.8 99.7106 24 4 0.524414 0 0.0219955
297 2924.51 101.02 27 5 0.532227 0 0.0223152
298 1831.15 106.879 37 4 0.55957 0 0.0219891
299 1012.52 99.0873 25 3 0.518555 0 0.0226088
300 1831.15 104.153 25 4 0.519531 0 0.0232235
301 1831.15 102.494 25 4 0.509766 0 0.0240055
302 2778.96 106.629 37 5 0.536133 0 0.0242172
303 4176.45 109.174 30 6 0.532227 0 0.0237546
304 5942.32 131.011 101 7 0.567383 0 0.026239
305 4150.74 116.378 61 6 0.532227 0 0.0257614
306 1832.91 114.592 101 4 0.547852 0 0.0252509
307 1786.17 101.471 33 4 0.493164 0 0.0256381
308 1831.15 101.779 101 4 0.503906 0 0.0279933
309 1007.46 107.248 101 3 0.53125 0 0.0261204
310 1746.82 109.31 101 4 0.547852 0 0.0262033
311 5601.59 121.955 101 7 0.545898 0 0.0261158
312 2819.22 117.165 101 5 0.555664 0 0.0272914
313 1815.68 101.077 101 4 0.503906 0 0.0269591
314 2705.11 111.705 101 5 0.518555 0 0.028074
315 2795.37 121.314 101 5 0.556641 0 0.0295733
316 2863.89 106.042 101 5 0.50293 0 0.0273359
317 1827.51 113.58 101 4 0.550781 0 0.0290918
318 2845.8 109.356 101 5 0.501953 0 0.0273588
319 2356.82 116.165 101 5 0.527344 0 0.0296176
320 2811.38 120.669 101 5 0.532227 0 0.0299199
321 5315.79 122.8 101 7 0.549805 0 0.0296361
322 1831.15 115.551 101 4 0.511719 0 0.028946
323 5744.56 116.739 101 7 0.513672 0 0.0300804
324 1843.9 125.096 101 4 0.568359 0 0.0299195
325 2826.95 121.628 101 5 0.553711 0 0.0289643
326 2903.85 118.479 101 5 0.515625 0 0.0301693
327 2894.36 123.068 101 5 0.553711 0 0.0323784
328 2918.83 120.138 101 5 0.520508 0 0.0306188
329 2932.65 124.904 101 5 0.544922 0 0.030309
330 4145.5 116.184 101 6 0.525391 0 0.029586
331 2870.9 131.434 101 5 0.561523 0 0.0321961
332 2870.9 119.13 101 5 0.52832 0 0.0301803
333 4201.3 132.742 101 6 0.586914 0 0.0306183
334 4257.05 123.606 101 6 0.538086 0 0.0308319
335 2686.83 128.951 101 5 0.579102 0 0.0307901
336 1831.15 128.318 101 4 0.560547 0 0.0294006
337 1821.75 121.812 101 4 0.542969 0 0.0300026
338 4317.3 124.161 101 6 0.555664 0 0.0306344
339 2918.83 117.96 101 5 0.540039 0 0.030412
340 1813.59 116.15 101 4 0.551758 0 0.0301199
341 5703.02 124.231 101 7 0.563477 0 0.0298087
342 4155.95 130.293 101 6 0.575195 0 0.0298216
343 2945.09 122.834 101 5 0.561523 0 0.0289722
344 2897.56 130.429 101 5 0.573242 0 0.0310308
345 2811.38 121.617 101 5 0.5625 0 0.0300325
346 2774.8 137.576 101 5 0.62207 0 0.0310091
347 2900.72 133.864 101 5 0.612305 0 0.0310393
348 5737.72 136.52 101 7 0.595703 0 0.0293264
349 1834.62 131.031 101 4 0.607422 0 0.0293104
350 4282.57 137.667 101 6 0.577148 0 0.0298348
351 2826.95 135.331 101 5 0.616211 0 0.0307211
352 1825.63 139.695 101 4 0.613281 0 0.0293961
353 2705.11 132.003 101 5 0.576172 0 0.030214
354 4040.28 136.37 101 6 0.587891 0 0.0294142
355 2897.56 133.293 101 5 0.575195 0 0.0309368
356 2819.22 136.399 101 5 0.620117 0 0.0294917
357 3658.56 133.811 101 6 0.591797 0 0.0308991
358 2897.56 136.948 101 5 0.605469 0 0.0303567
359 1819.76 135.253 101 4 0.614258 0 0.0305103
360 5710.03 148.157 101 7 0.637695 0 0.0304414
361 1827.51 138.594 101 4 0.637695 0 0.0306483
362 4181.49 154.571 101 6 0.639648 0 0.030904
363 2921.69 156.507 101 5 0.664062 0 0.0300803
364 4150.74 156.215 101 6 0.667969 0 0.0304626
365 12127.6 173.416 101 10 0.705078 0 0.0310247
366 13039.8 159.541 101 10 0.666992 0 0.0302183
367 5751.36 170.585 101 7 0.702148 0 0.0299642
368 7382.45 185.389 105 8 0.785156 1 0.0302707
369 4870.34 167.803 101 7 0.72168 0 0.0290693
370 4282.57 181.293 101 6 0.725586 0 0.0307764
371 4171.38 161.402 101 6 0.702148 0 0.0302194
372 2842.09 162.478 101 5 0.707031 0 0.0310411
373 5810.94 193.896 104.312 7 0.775391 1 0.0317176
374 4068.96 190.441 101 6 0.744141 0 0.0309389
375 4243.67 197.737 101 6 0.786133 0 0.0319746
376 7256.07 228.631 106.93 8 0.854492 1 0.0322899
377 9944.99 198.737 101 9 0.763672 0 0.0314293
378 7334.42 216.742 106.306 8 0.831055 1 0.0328452
379 12771.5 211.195 101 10 0.758789 0 0.0314196
380 7457.75 206.159 106.93 8 0.827148 1 0.0312553
381 4206.17 205.06 105.663 6 0.805664 1 0.0325693
382 10190.3 223.542 106.306 9 0.84375 1 0.0322432
383 19390.1 261.743 106.306 12 0.876953 1 0.0334551
384 3931.8 242.099 109.275 6 0.930664 1 0.0320594
385 12293.2 245.739 106.93 10 0.900391 1 0.0318406
386 5548.69 247.363 107.538 7 0.916992 1 0.0327114
387 5638.51 229.193 109.275 7 0.890625 1 0.0326964
388 15186.7 253.058 106.93 11 0.895508 1 0.0332691
389 7636.89 258.082 110.371 8 0.958008 1 0.0334854
390 12071.3 263.287 109.275 10 0.952148 1 0.0349327
391 9594.67 277.71 109.829 9 0.970703 1 0.0361263
392 7737.41 299.727 108.13 8 0.984375 1 0.0343074
393 9560.04 306.408 110.903 9 1.03125 1 0.0360676
394 9297.69 287.354 111.425 9 1.01172 1 0.0350563
395 27131 328.744 110.371 13 1.0498 1 0.034353
396 58911.7 385.283 112.44 15 1.12891 1 0.0367697
397 12660 340.49 111.937 10 1.07031 1 0.0388029
398 12155.5 345.182 112.934 10 1.12988 1 0.0384709
399 20883.6 357.869 113.419 12 1.15137 1 0.0376825
400 9406.74 367.022 111.937 9 1.1543 1 0.0387734
401 5778.21 373.242 112.44 7 1.15527 1 0.0404888
402 12155.5 391.401 113.897 10 1.19922 1 0.0423457
403 11856 444.286 112.44 10 1.26074 1 0.0416454
404 9571.62 386.509 114.366 9 1.19629 1 0.0411808
405 14789.2 484.076 115.282 11 1.33203 1 0.0417341
406 15453.8 400.279 111.937 11 1.16992 1 0.0427
407 3.36229e+07 33245.9 115.729 25 1.26172 1 0.0437244
408 1.09325e+06 2048.61 136.482 20 1.7207 1 0.0481482
409 8.45078e+06 11923 138.573 23 2.1123 1 0.0539653
410 8.44326e+06 13771.9 352.773 23 2.21582 2 0.0555594
411 3.36222e+07 56436.5 420.239 25 2.58887 2 0.0592818
412 3.36197e+07 69477 414.37 25 2.93945 2 0.0650391
413 6.71821e+07 100986 433.384 26 3.37402 2 0.0684399
414 5.36961e+08 590976 777.51 29 3.65039 3 0.0710662
415 4.24786e+06 9984.24 433.114 22 3.40234 2 0.068581
416 1.68373e+07 31085 435 24 3.42773 2 0.0717712
417 8.45155e+06 27724 821.48 23 3.6377 3 0.0714083
418 3.36217e+07 64069 782.522 25 3.6123 3 0.0724884
419 5.36963e+08 540538 736.337 29 3.58105 3 0.0717574
420 1.68415e+07 37242.3 782.522 24 3.60352 3 0.0732746
421 1.6846e+07 37745.5 754.581 24 3.47559 3 0.0733523
422 6.71859e+07 128632 434.476 26 3.43555 2 0.071971
423 1.07384e+09 1.15288e+06 712.372 30 3.66797 3 0.0746439
424 3.36231e+07 49289.6 830.89 25 3.80859 3 0.0733763
425 4.24469e+06 11721.2 882.207 22 3.77441 3 0.0733896
426 2.68525e+08 552704 777.51 28 3.94434 3 0.0780703
427 1.68378e+07 50146.2 951.342 24 4.18457 3 0.0748311
428 1.34299e+08 147416 918.682 27 4.07812 3 0.0752344
429 1.34293e+08 173984 912.851 27 4.29004 3 0.0806057
430 6.71858e+07 108349 797.372 26 3.86914 3 0.07249
431 1.34305e+08 179391 940.922 27 4.22559 3 0.0754644
432 1.6844e+07 102819 980.754 24 4.75977 3 0.0856797
433 1.34299e+08 402844 947.923 27 4.37012 3 0.0811575
434 1.34301e+08 213162 975.061 27 4.5166 3 0.0838781
435 3.3623e+07 122801 807.113 25 4.33887 3 0.085376
436 6.71729e+07 151218 983.489 26 4.66309 3 0.0861959
437 6.71801e+07 143834 982.131 26 4.83691 3 0.0857026
438 2.68521e+08 448464 954.703 28 4.5625 3 0.0867085
439 6.71844e+07 245324 939.138 26 4.43164 3 0.0796782
440 2.6852e+08 519459 956.362 28 4.50098 3 0.0817143
441 1.34299e+08 444701 976.512 27 5.1084 3 0.0946708
442 5.36968e+08 1.33245e+06 940.922 29 5.08691 3 0.0994718
443 2.14759e+09 5.29341e+06 994.777 31 5.35645 3 0.102894
444 1.07385e+09 2.61009e+06 1461.16 30 5.70898 4 0.107257
445 8.59005e+09 8.89403e+06 964.432 33 5.39844 3 0.104279
446 5.36967e+08 1.76887e+06 959.636 29 5.40137 3 0.105021
447 1.718e+10 1.84964e+07 1416.82 34 5.99707 4 0.108881
448 2.14758e+09 2.83343e+06 984.827 31 5.52441 3 0.109504
449 1.34301e+08 1.01966e+06 1645.07 27 5.91992 4 0.111741
450 5.3697e+08 1.98472e+06 1272.22 29 5.75684 4 0.10922
451 1.07384e+09 3.72918e+06 970.606 30 5.7168 3 0.108634
452 1.07382e+09 3.23309e+06 947.923 30 5.35449 3 0.103634
453 4.29508e+09 1.25437e+07 954.703 32 5.31152 3 0.105852
454 1.07384e+09 3.72924e+06 992.422 30 5.93164 3 0.109471
455 2.14758e+09 3.43004e+06 1617.8 31 5.76465 4 0.105832
456 2.1476e+09 7.76919e+06 973.593 31 5.52539 3 0.102616
457 2.14759e+09 4.27328e+06 1684.18 31 6.02539 4 0.107424
458 1.718e+10 2.55363e+07 1586.07 34 5.93555 4 0.108027
459 2.14758e+09 7.55158e+06 2714.12 31 6.84863 5 0.111506
460 4.29509e+09 1.33675e+07 2090.46 32 6.5166 5 0.110888
461 1.07384e+09 4.32354e+06 1614.33 30 6.26465 4 0.109691
462 1.718e+10 2.57787e+07 1749.6 34 6.67285 4 0.115335
463 8.59005e+09 1.05392e+07 2157.81 33 6.50684 5 0.11148
464 4.29507e+09 7.67076e+06 966 32 5.87598 3 0.111768
465 2.14758e+09 6.84712e+06 1628.13 31 6.18066 4 0.112154
466 1.07384e+09 4.58754e+06 2585.91 30 6.89746 5 0.11286
467 1.718e+10 1.95402e+07 2639.78 34 6.81641 5 0.11423
468 6.87196e+10 7.62731e+07 1964.61 36 6.98926 5 0.121369
469 1.718e+10 2.68716e+07 2322.76 34 7.20508 5 0.128098
470 4.29507e+09 1.25037e+07 2151.74 32 7.40723 5 0.130432
471 4.29508e+09 9.64571e+06 2175.93 32 6.97656 5 0.124028
472 2.14759e+09 1.02686e+07 2002.82 31 6.91699 5 0.122577
473 6.87196e+10 9.47533e+07 2407.01 36 7.24316 5 0.126193
474 8.59006e+09 2.66604e+07 2084.28 33 7.37402 5 0.127258
475 3.43599e+10 7.08332e+07 3198.28 35 7.9248 6 0.132765
476 8.59004e+09 2.14164e+07 2753.63 33 7.63672 5 0.128253
477 1.718e+10 3.15271e+07 2791.31 34 7.48926 5 0.125383
478 4.29508e+09 1.51621e+07 3848.83 32 8.29395 6 0.137275
479 1.718e+10 2.93128e+07 4022.75 34 8.73438 6 0.137705
480 3.43599e+10 8.84745e+07 2790.97 35 8.01953 6 0.126024
481 8.59006e+09 3.56221e+07 2503.93 33 7.34277 5 0.1222
482 4.29508e+09 1.68581e+07 2649.34 32 7.55762 5 0.123203
483 2.14759e+09 7.85979e+06 2223.75 31 7.04785 5 0.114922
484 2.19902e+12 2.21802e+09 2853.13 41 7.84473 5 0.126923
485 6.87196e+10 1.02281e+08 2691.43 36 7.51562 5 0.129596
486 8.59005e+09 4.45964e+07 2795.37 33 8.04395 5 0.138321
487 1.37439e+11 1.86787e+08 3222.21 37 8.18848 6 0.138606
488 1.718e+10 4.37097e+07 3769.12 34 8.07422 6 0.136507
489 1.718e+10 2.7008e+07 2121.25 34 7.33398 5 0.132602
490 8.59005e+09 3.10636e+07 1776.18 33 6.9834 4 0.126311
491 1.718e+10 4.99357e+07 2826.95 34 7.95801 5 0.136199
492 1.718e+10 7.51018e+07 2727.49 34 7.60547 5 0.134078
493 1.718e+10 4.09463e+07 2736.29 34 7.46777 5 0.129591
494 1.07384e+09 1.16292e+07 2634.97 30 7.42969 5 0.132573
495 1.09951e+12 1.42103e+09 2590.9 40 7.39355 5 0.130403
496 1.718e+10 3.56692e+07 2634.97 34 7.48438 5 0.126485
497 6.87196e+10 1.49233e+08 2770.61 36 7.82031 5 0.1321
498 5.49756e+11 6.55825e+08 4620.2 39 8.99121 7 0.147927
499 1.37439e+11 2.38175e+08 5438.88 37 9.55664 7 0.155387
500 6.87196e+10 1.75037e+08 5265.08 36 9.57324 7 0.152574
501 1.718e+10 8.18688e+07 7031.77 34 10.1299 8 0.160274
502 6.87196e+10 1.25712e+08 7922.13 36 10.5537 9 0.162348
503 3.43599e+10 8.85243e+07 6220.56 35 9.70898 8 0.150798
504 1.718e+10 9.34391e+07 5594.12 34 9.67969 7 0.151793
505 8.59005e+09 7.1004e+07 5790.24 33 9.59473 8 0.149051
506 1.37439e+11 2.3208e+08 5298.97 37 9.25391 7 0.146464
507 2.74878e+11 6.60927e+08 6232.54 38 9.67676 8 0.152176
508 6.87196e+10 2.02091e+08 7247.41 36 10.1953 9 0.157639
509 1.37439e+11 2.44648e+08 7031.77 37 10.1758 8 0.159234
510 1.718e+10 1.05309e+08 5727.07 34 9.59473 8 0.153556
511 6.87196e+10 1.38184e+08 5563.94 36 9.53125 7 0.150523
512 3.43599e+10 9.09983e+07 4161.64 35 8.97949 7 0.142516
513 3.43599e+10 1.1377e+08 4040.28 35 8.98242 6 0.146029
514 6.87196e+10 1.47523e+08 5248 36 9.06445 7 0.145086
515 8.59005e+09 4.55272e+07 4794.62 33 8.94629 7 0.142732
516 3.43599e+10 1.64824e+08 4954.15 35 9.06641 7 0.141769
517 1.718e+10 9.4544e+07 3968.82 34 8.91699 6 0.140931
518 6.87196e+10 1.5129e+08 5018.29 36 9.10449 7 0.146831
519 6.87196e+10 1.31958e+08 5422.79 36 9.2207 7 0.145599
520 3.43599e+10 9.08915e+07 4010.94 35 8.81934 6 0.139451
521 8.59006e+09 8.50057e+07 4450.6 33 9.10742 7 0.142003
522 5.49756e+11 6.21953e+08 3630.2 39 8.41211 6 0.133324
523 6.87196e+10 1.39984e+08 5902.9 36 9.47852 8 0.145286
524 3.43599e+10 2.08867e+08 6525.84 35 9.70801 8 0.14468
525 1.718e+10 7.30427e+07 5196.23 34 9.13281 7 0.138121
526 6.87196e+10 1.47455e+08 5282.07 36 9.14453 7 0.14017
527 1.718e+10 8.11177e+07 6806.59 34 9.32617 8 0.14146
528 6.87196e+10 1.23561e+08 4963.37 36 8.79688 7 0.135009
529 6.87196e+10 1.32618e+08 2811.38 36 7.88672 5 0.124853
530 1.718e+10 6.12918e+07 2830.78 34 7.91406 5 0.130243
531 1.718e+10 7.0517e+07 4196.4 34 8.54004 6 0.138877
532 6.87196e+10 2.09553e+08 4907.77 36 8.65918 7 0.135683
533 1.718e+10 5.72076e+07 3769.12 34 8.27637 6 0.133757
534 1.37439e+11 1.73373e+08 4063.27 37 8.64551 6 0.139296
535 1.37439e+11 2.40957e+08 3842.3 37 8.26562 6 0.134357
536 1.09951e+12 1.23451e+09 5204.92 40 9.48438 7 0.146876
537 1.37439e+11 2.9185e+08 5422.79 37 9.81348 7 0.150633
538 1.37439e+11 3.61672e+08 7391.97 37 10.5986 8 0.160427
539 5.49756e+11 7.46179e+08 7052.67 39 10.2305 8 0.15235
540 5.49756e+11 1.08305e+09 6795.62 39 10.0479 8 0.152947
541 3.43599e+10 1.57813e+08 7512.9 35 10.4795 8 0.156226
542 2.74878e+11 5.43586e+08 7042.23 38 10.2109 8 0.152813
543 6.87196e+10 2.49618e+08 5638.51 36 9.94531 7 0.151541
544 2.74878e+11 8.8778e+08 6904.35 38 10.2861 8 0.153821
545 6.87196e+10 3.95734e+08 8839.72 36 11.167 9 0.165641
546 5.49756e+11 1.14575e+09 8585.21 39 11.2471 9 0.16595
547 5.49756e+11 1.36152e+09 9358.56 39 11.2627 9 0.167031
548 6.87196e+10 4.32159e+08 9501.69 36 11.4727 9 0.172526
549 5.49756e+11 9.71884e+08 9021.76 39 11.04 9 0.165322
550 1.37439e+11 5.26324e+08 7256.07 37 10.7236 8 0.165031
551 1.37439e+11 5.05278e+08 9583.16 37 11.3311 9 0.172622
552 6.87196e+10 3.6131e+08 9513.42 36 11.252 9 0.171097
553 5.49756e+11 1.45518e+09 10819.2 39 11.2715 10 0.169605
554 2.74878e+11 1.15691e+09 12000.3 38 11.7705 10 0.175664
555 2.74878e+11 6.77698e+08 9358.56 38 11.1514 9 0.16486
556 5.49756e+11 1.13152e+09 7584.59 39 10.6113 8 0.163954
557 6.87196e+10 5.25118e+08 12265.9 36 11.9873 10 0.18175
558 2.74878e+11 8.06036e+08 9406.74 38 11.4111 9 0.176365
559 2.19902e+12 2.56873e+09 9198.85 41 11.1641 9 0.173538
560 2.74878e+11 7.4032e+08 12453.9 38 12.2256 10 0.188694
561 2.74878e+11 7.14423e+08 11797.5 38 11.5479 10 0.179573
562 1.09951e+12 2.31347e+09 11971.7 40 12.2793 10 0.192739
563 2.74878e+11 1.15718e+09 14736.2 38 12.5713 11 0.184397
564 2.74878e+11 6.48006e+08 9161.33 38 11.3965 9 0.176876
565 4.39805e+12 5.54151e+09 12685.1 42 12.1904 10 0.183922
566 5.49756e+11 1.65873e+09 13336 39 12.2139 11 0.182069
567 1.09951e+12 3.9518e+09 11604.1 40 12.1963 10 0.184081
568 2.19902e+12 3.07577e+09 8706.8 41 11.498 9 0.175708
569 5.49756e+11 2.71358e+09 9346.44 39 11.8604 9 0.185138
570 2.19902e+12 4.53834e+09 9047.37 41 11.5303 9 0.183397
571 5.49756e+11 2.48951e+09 7521.98 39 10.9951 8 0.174419
572 1.09951e+12 2.3071e+09 6594.41 40 11.0107 8 0.175353
573 1.09951e+12 2.61907e+09 5446.9 40 10.6885 7 0.172135
574 4.39805e+12 6.0746e+09 4140.56 42 9.68262 7 0.159917
575 5.49756e+11 2.20646e+09 5790.24 39 10.7324 8 0.172923
576 2.19902e+12 3.19078e+09 6650.99 41 10.6562 8 0.163179
577 2.74878e+11 1.26248e+09 5977.25 38 10.6016 8 0.165125
578 4.39805e+12 7.68202e+09 7429.74 42 11.2061 8 0.172181
579 1.09951e+12 3.91134e+09 7849 40 11.2471 9 0.172675
580 7.03687e+13 7.39303e+10 7372.91 46 10.9717 8 0.169737
581 4.39805e+12 8.54715e+09 10948.9 42 12.085 10 0.183959
582 4.39805e+12 1.2723e+10 7494.65 42 11.4971 8 0.175941
583 4.39805e+12 1.47215e+10 7536.73 42 11.4307 9 0.177939
584 2.19902e+12 6.85582e+09 8970.24 41 11.5996 9 0.177788
585 1.09951e+12 5.69375e+09 7476.26 40 11.1182 8 0.171325
586 1.09951e+12 4.34407e+09 6124.09 40 10.5508 8 0.162821
587 2.19902e+12 9.34169e+09 7104.48 41 10.8398 8 0.168008
588 1.09951e+12 4.80266e+09 7641.71 40 11.1348 9 0.172596
589 4.39805e+12 9.17761e+09 7216.23 42 10.8262 8 0.168829
590 1.09951e+12 6.60121e+09 8224.01 40 11.2041 9 0.175836
591 4.39805e+12 8.37631e+09 8224.01 42 11.1768 9 0.175008
592 2.74878e+11 2.29305e+09 8447.99 38 10.9531 9 0.170821
593 8.79609e+12 1.17593e+10 8110.04 43 10.8193 9 0.171951
594 2.19902e+12 5.47884e+09 6707.04 41 10.4932 8 0.161183
595 1.09951e+12 4.47153e+09 5751.36 40 10.1553 7 0.159876
596 1.09951e+12 5.00198e+09 7324.72 40 10.7168 8 0.166301
597 4.39805e+12 1.16673e+10 7262.79 42 10.6406 9 0.163361
598 2.19902e+12 3.60727e+09 7363.33 41 10.9512 8 0.167425
599 3.51844e+13 4.8165e+10 8023.72 45 11.0039 9 0.167446
600 2.19902e+12 6.76896e+09 8530.59 41 10.9697 9 0.170201
601 7.03687e+13 7.19173e+10 9334.3 46 11.3721 9 0.175732
602 8.79609e+12 1.53068e+10 9072.88 43 10.6523 9 0.160645
603 4.39805e+12 8.22662e+09 7305.25 42 10.0811 8 0.156973
604 2.19902e+12 5.90008e+09 5379.09 41 9.5332 8 0.156358
605 1.09951e+12 7.99835e+09 7363.33 40 10.7061 8 0.170599
606 1.09951e+12 2.469e+09 6374.81 40 9.99414 8 0.166755
607 2.19902e+12 7.16241e+09 7155.67 41 10.3203 8 0.171184
608 5.49756e+11 3.56674e+09 6456.55 39 10.3193 8 0.167088
609 4.39805e+12 8.99651e+09 6628.42 42 10.5264 8 0.163688
610 1.75922e+13 1.81115e+10 6136.21 44 9.84668 8 0.158371
611 2.19902e+12 4.55506e+09 9394.74 41 10.7197 9 0.173949
612 4.39805e+12 5.59248e+09 7628.26 42 10.3779 8 0.165407
613 1.40737e+14 1.99802e+11 16216.2 47 13.7881 11 0.206086
614 1.40737e+14 1.66922e+11 7262.79 47 11.2861 9 0.181617
615 1.75922e+13 3.3563e+10 11753.3 44 12.7324 10 0.197539
616 4.39805e+12 1.72818e+10 9008.92 42 11.6738 9 0.181563
617 4.39805e+12 1.75201e+10 11812.1 42 12.9648 10 0.196379
618 7.03687e+13 1.01187e+11 14789.2 46 13.8311 11 0.207513
619 5.6295e+14 6.99353e+11 12506.4 49 13.2979 10 0.198973
620 8.79609e+12 4.45122e+10 20052.1 43 14.8545 12 0.221836
621 3.51844e+13 6.07767e+10 18460.7 45 14.2441 12 0.212753
622 1.40737e+14 1.83781e+11 37606.4 47 16.3477 14 0.238871
623 1.75922e+13 6.02984e+10 27088.6 44 15.9473 13 0.236517
624 1.40737e+14 2.94394e+11 19549.2 47 14.7139 12 0.216248
625 7.03687e+13 1.27526e+11 18396.8 46 14.5791 12 0.211587
626 1.75922e+13 5.781e+10 13741.9 44 13.9326 11 0.208378
627 1.40737e+14 2.11755e+11 16749.8 47 14.248 12 0.213644
628 7.03687e+13 9.56515e+10 17920.9 46 14.7031 12 0.221301
629 2.81475e+14 3.58206e+11 17589.6 48 14.293 12 0.217128
630 1.40737e+14 2.67658e+11 22592.3 47 15.3271 13 0.234423
631 1.75922e+13 6.86327e+10 25661.3 44 15.2188 13 0.234124
632 3.51844e+13 1.05461e+11 22934.1 45 15.3574 13 0.233992
633 8.79609e+12 4.20494e+10 18942.9 43 14.9248 12 0.230706
634 1.75922e+13 5.02664e+10 16703.6 44 14.3535 12 0.221556
635 1.75922e+13 4.64781e+10 23401.1 44 14.7598 13 0.227588
636 1.75922e+13 3.32349e+10 13549.9 44 13.3691 11 0.207105
637 2.19902e+12 1.07244e+10 15220.6 41 13.9141 11 0.215042
638 2.19902e+12 1.30059e+10 17162.2 41 13.8594 12 0.211441
639 1.40737e+14 1.55448e+11 17656.3 47 14.1572 12 0.219408
640 3.51844e+13 5.73507e+10 11108.9 45 12.7373 10 0.202838
641 7.03687e+13 1.06429e+11 10753.8 46 12.9775 10 0.208238
642 8.79609e+12 3.25701e+10 12583.9 43 13.3672 10 0.211285
643 3.51844e+13 1.06189e+11 10076.1 45 12.8223 9 0.200409
644 2.81475e+14 3.11174e+11 8773.55 48 12.082 9 0.189516
645 4.39805e+12 1.18215e+10 6617.1 42 10.8486 8 0.177394
646 8.79609e+12 1.98331e+10 7295.47 43 11.0117 8 0.18296
647 1.75922e+13 6.06714e+10 10786.6 44 12.5039 10 0.198384
648 3.51844e+13 7.17003e+10 10387.9 45 12.3906 10 0.195738
649 1.75922e+13 4.6491e+10 7391.97 44 11.3242 8 0.181296
650 8.79609e+12 3.16828e+10 10218.1 43 12.4531 10 0.199682
651 4.39805e+12 2.14721e+10 12085.4 42 12.8789 10 0.196612
652 8.79609e+12 2.85925e+10 10981.1 43 12.8877 10 0.200791
653 3.51844e+13 5.0897e+10 10387.9 45 12.8076 10 0.20335
654 8.79609e+12 4.80157e+10 11313.2 43 13.2451 10 0.213787
655 1.75922e+13 8.28214e+10 13059.8 44 14.3984 11 0.231324
656 3.51844e+13 1.62166e+11 11297.1 45 13.9873 11 0.226286
657 7.03687e+13 1.81779e+11 10605.4 46 13.5586 10 0.223611
658 3.51844e+13 7.27666e+10 10851.8 45 13.417 10 0.223598
659 2.2518e+15 2.49019e+12 10555.5 51 13.8779 10 0.22947
660 1.75922e+13 1.43839e+11 9478.13 44 13.6279 9 0.229614
661 5.6295e+14 7.134e+11 9959.56 49 13.5459 10 0.228486
662 3.51844e+13 1.31373e+11 9248.49 45 13.6689 9 0.232402
663 7.03687e+13 3.81575e+11 10132.4 46 13.2842 10 0.230228
664 1.1259e+15 1.97158e+12 10884.2 50 13.6777 10 0.23226
665 1.40737e+14 3.55726e+11 10455.2 47 13.79 10 0.232932
666 2.81475e+14 7.25963e+11 11077.1 48 14.3135 10 0.244491
667 5.6295e+14 9.99131e+11 10235.2 49 13.5576 10 0.233855
668 1.40737e+14 2.19264e+11 11203.7 47 13.7783 10 0.237146
669 1.40737e+14 5.68288e+11 8124.35 47 12.4658 9 0.219392
670 2.81475e+14 4.10615e+11 7566.81 48 12.2783 9 0.216402
671 2.81475e+14 6.61385e+11 7775.38 48 12.75 9 0.226932
672 2.81475e+14 7.41313e+11 7892.94 48 12.6504 9 0.223486
673 1.40737e+14 2.99917e+11 8434.15 47 12.6338 9 0.221117
674 4.5036e+15 4.97579e+12 9924.74 52 12.9502 10 0.225837
675 2.81475e+14 9.20471e+11 10721 48 13.7725 10 0.240063
676 1.40737e+14 4.18869e+11 12071.3 47 14.332 10 0.2431
677 5.6295e+14 8.1796e+11 10201 49 13.7266 10 0.239708
678 2.81475e+14 9.35632e+11 10505.5 48 14.207 10 0.247896
679 2.2518e+15 3.83783e+12 7671.55 51 13.001 9 0.230631
680 1.80144e+16 1.92847e+13 10555.5 54 13.9668 10 0.240969
681 2.81475e+14 8.09648e+11 12556.3 48 14.4932 11 0.250538
682 1.40737e+14 5.20052e+11 9976.93 47 13.1748 10 0.231138
683 1.40737e+14 4.25701e+11 8129.04 47 12.2842 10 0.212886
684 9.0072e+15 9.0438e+12 7491.47 53 12.5029 9 0.219003
685 1.40737e+14 5.57818e+11 8252.3 47 13.1602 9 0.225371
686 4.5036e+15 7.71866e+12 8447.99 52 13.4727 9 0.228433
687 1.80144e+16 2.95304e+13 6773.61 54 12.6182 8 0.217769
688 5.6295e+14 1.24704e+12 7485.47 49 12.041 8 0.212349
689 2.2518e+15 2.68816e+12 5964.9 51 11.0273 8 0.203473
690 5.6295e+14 7.11586e+11 6936.22 49 11.5059 9 0.206306
691 1.80144e+16 1.94465e+13 7819.61 54 12.0781 9 0.212816
692 2.2518e+15 2.49203e+12 7429.74 51 11.4512 8 0.206044
693 2.81475e+14 8.95597e+11 8009.27 48 12.7168 9 0.220933
694 2.81475e+14 6.41314e+11 6026.48 48 11.707 8 0.206644
695 2.2518e+15 2.7557e+12 5009.19 51 11.1016 7 0.192337
696 1.1259e+15 2.11128e+12 8009.27 50 12.7334 9 0.214569
697 1.40737e+14 7.62938e+11 10235.2 47 13.8242 10 0.231108
698 9.0072e+15 9.10652e+12 8406.41 53 12.584 9 0.215594
699 2.81475e+14 1.33392e+12 10011.6 48 13.7266 10 0.228902
700 2.2518e+15 4.79899e+12 7439.11 51 13.3945 8 0.228172
701 9.22337e+18 9.16907e+15 7936.71 63 13.5322 9 0.23236
702 4.5036e+15 1.26906e+13 8224.01 52 13.5117 9 0.238414
703 1.80144e+16 2.2903e+13 7849 54 13.0684 9 0.231379
704 9.0072e+15 1.49358e+13 7092.64 53 13.002 9 0.231124
705 2.2518e+15 3.54021e+12 9393.32 51 13.5439 10 0.239103
706 4.5036e+15 8.06943e+12 10455.2 52 14.4014 10 0.251643
707 2.2518e+15 3.6028e+12 9714.23 51 13.9141 10 0.245712
708 1.80144e+16 2.31289e+13 7922.13 54 12.833 9 0.234418
709 9.0072e+15 2.62301e+13 7980.3 53 13.9541 9 0.249616
710 4.5036e+15 1.13631e+13 8052.57 52 13.5674 9 0.24161
711 1.80144e+16 4.2395e+13 5752.38 54 12.7295 8 0.226428
712 9.0072e+15 1.23984e+13 5989.58 53 12.4912 8 0.223354
713 1.1259e+15 3.26909e+12 5287.04 50 11.8682 8 0.214556
714 2.81475e+14 1.18559e+12 4804.14 48 12.0039 7 0.218689
715 1.1259e+15 2.99859e+12 6537.32 50 12.5479 8 0.221165
716 5.6295e+14 3.33392e+12 6063.21 49 12.5967 8 0.225297
717 2.2518e+15 6.30604e+12 6634.57 51 13.335 9 0.233799
718 5.6295e+14 1.78922e+12 7293.5 49 13.5693 9 0.235504
719 4.5036e+15 5.9435e+12 6256.44 52 12.21 8 0.215808
720 1.1259e+15 4.757e+12 6594.41 50 12.5312 8 0.225218
721 4.5036e+15 7.09416e+12 4870.34 52 11.2686 7 0.209878
722 4.5036e+15 1.12865e+13 7092.64 52 13.001 9 0.236748
723 4.5036e+15 1.44857e+13 5790.24 52 12.3271 8 0.229331
724 1.44115e+17 1.4609e+14 5087.37 57 11.9922 8 0.221244
725 3.60288e+16 5.65655e+13 4775.51 55 11.3896 7 0.220122
726 2.2518e+15 3.46398e+12 5349.14 51 11.082 7 0.211323
727 3.60288e+16 3.74195e+13 5840.48 55 12.1895 8 0.232579
728 4.5036e+15 5.43905e+12 3842.3 52 11.126 6 0.215534
729 2.2518e+15 5.11398e+12 3999.03 51 11.5801 6 0.218209
730 9.0072e+15 1.49973e+13 4832.62 53 12.2031 7 0.228756
731 5.6295e+14 2.10696e+12 3987.02 49 10.5596 6 0.20091
732 1.40737e+14 7.45157e+11 4450.6 47 11.3564 7 0.215653
733 1.1259e+15 3.15759e+12 3370.8 50 11.0029 6 0.213698
734 1.44115e+17 1.58056e+14 4410.03 57 11.4346 7 0.21856
735 2.8823e+17 3.17603e+14 3109.51 58 9.91699 6 0.196754
736 5.76461e+17 6.29579e+14 4151.11 59 10.8486 7 0.212391
737 1.44115e+17 1.94167e+14 2969.22 57 11.1055 6 0.216435
738 1.44115e+17 2.57458e+14 2644.57 57 10.2979 5 0.205815
739 1.80144e+16 3.36097e+13 3277.55 54 11.0107 6 0.218627
740 1.80144e+16 4.98062e+13 3528.8 54 10.6875 6 0.211174
741 4.61169e+18 4.80048e+15 3182.26 62 11.0801 6 0.216462
742 1.15292e+18 1.2611e+15 2935.68 60 10.9541 6 0.215279
743 3.60288e+16 5.63967e+13 2807.41 55 10.2754 5 0.202533
744 1.15292e+18 1.24551e+15 3755.56 60 11.6533 6 0.224947
745 2.8823e+17 3.79003e+14 5790.24 58 12.7227 8 0.242919
746 5.76461e+17 7.57985e+14 7236.2 59 13.6104 8 0.252261
747 7.20576e+16 2.38798e+14 7354.73 56 14.6709 9 0.270154
748 1.15292e+18 1.21772e+15 7671.55 60 14.5059 9 0.265726
749 5.76461e+17 7.77385e+14 6456.55 59 13.7031 8 0.260063
750 2.8823e+17 6.72253e+14 4234.96 58 12.707 7 0.241782
751 9.0072e+15 4.49312e+13 5579.09 53 12.5234 7 0.236548
752 1.44115e+17 2.30161e+14 6196.55 57 12.7939 8 0.240302
753 3.60288e+16 9.7053e+13 5890.45 55 12.6152 8 0.236272
754 2.8823e+17 5.4745e+14 7400.46 58 13.6055 9 0.254544
755 1.80144e+16 5.25873e+13 5637.95 54 12.8408 8 0.242045
756 5.76461e+17 7.71667e+14 4560.86 59 12.0371 7 0.226278
757 1.15292e+18 1.34435e+15 6050.99 60 12.3604 8 0.232215
758 2.8823e+17 4.99724e+14 7907.55 58 13.7725 9 0.261917
759 2.8823e+17 4.63664e+14 7154.75 58 13.998 9 0.260791
760 1.15292e+18 1.35381e+15 7760.61 60 14.3242 9 0.264313
761 2.8823e+17 1.07441e+15 9212.44 58 14.7861 10 0.275316
762 1.15292e+18 2.30322e+15 8557.94 60 14.5127 9 0.270377
763 1.44115e+17 2.2905e+14 8974.62 57 14.4521 10 0.270264
764 9.22337e+18 9.89705e+15 7965.79 63 13.4883 9 0.251548
765 9.22337e+18 1.54614e+16 3068.63 63 12.124 6 0.230455
766 5.76461e+17 8.76446e+14 4530.98 59 12.2363 7 0.232291
767 5.76461e+17 1.0799e+15 7566.81 59 13.3887 9 0.24927
768 1.44115e+17 3.58764e+14 7566.81 57 12.8008 9 0.243777
769 1.15292e+18 1.23704e+15 10438.4 60 14.2383 10 0.265819
770 7.20576e+16 3.80904e+14 17048.4 56 15.8945 12 0.288415
771 2.8823e+17 3.38899e+14 12268.7 58 14.5693 11 0.263184
772 9.22337e+18 1.02236e+16 12556.3 63 15.1357 11 0.27445
773 2.30584e+18 4.88842e+15 12697.5 61 15.418 10 0.282385
774 5.76461e+17 7.37605e+14 7849 59 13.5762 9 0.252188
775 2.30584e+18 3.11221e+15 10638.5 61 15.2041 10 0.280622
776 1.80144e+16 6.286e+13 10132.4 54 13.668 10 0.259631
777 7.20576e+16 1.19703e+14 9976.93 56 14.0195 10 0.262578
778 4.61169e+18 4.86585e+15 9802.29 62 13.166 10 0.244572
779 1.44115e+17 2.54258e+14 7581.83 57 13.0195 9 0.249719
780 5.76461e+17 8.97877e+14 9198.85 59 14.1826 9 0.263467
781 5.76461e+17 6.33047e+14 8773.55 59 13.6055 9 0.255645
782 5.76461e+17 1.68098e+15 10438.4 59 14.6582 10 0.272798
783 5.76461e+17 1.0092e+15 8892.22 59 13.7344 9 0.257832
784 4.61169e+18 5.64047e+15 10421.6 62 15.2363 10 0.275139
785 1.44115e+17 4.71937e+14 17298.1 57 17.0518 12 0.300872
786 5.76461e+17 9.80301e+14 12211 59 15.7471 10 0.282118
787 2.30584e+18 7.36342e+15 9872.38 61 15.4678 10 0.280169
788 1.84467e+19 1.81962e+16 8181.42 64 13.79 9 0.248269
789 2.8823e+17 8.07357e+14 7745.81 58 13.667 9 0.25299
790 4.61169e+18 4.8604e+15 6468.14 62 13.0459 8 0.240756
791 7.20576e+16 2.67239e+14 8800.09 56 14.4131 9 0.266195
792 2.8823e+17 8.15537e+14 7246.15 58 13.3916 8 0.24383
793 4.61169e+18 5.22224e+15 4851.52 62 12.3096 7 0.22804
794 2.8823e+17 4.54321e+14 7878.31 58 13.6006 9 0.25138
795 2.8823e+17 4.35092e+14 6525.84 58 13.4141 8 0.247326
796 1.44115e+17 3.75588e+14 10900.4 57 15.1465 10 0.27271
797 2.8823e+17 3.9843e+14 15453.8 58 16.3467 11 0.292035
798 1.44115e+17 4.74839e+14 13178.7 57 15.4854 11 0.27918
799 2.30584e+18 3.59997e+15 10438.4 61 15.002 10 0.275423
800 2.30584e+18 2.46601e+15 12351.3 61 15.6064 11 0.281962
801 5.76461e+17 1.00149e+15 12739.1 59 15.9463 11 0.289893
802 5.76461e+17 1.22305e+15 12920.2 59 16.4258 11 0.296479
803 3.60288e+16 1.05742e+14 13530.5 55 16.4277 11 0.292075
804 2.30584e+18 2.60147e+15 17920.9 61 16.6592 12 0.296924
805 7.20576e+16 1.5026e+14 22380 56 16.3086 13 0.29497
806 1.44115e+17 4.09069e+14 18566.8 57 16.6748 12 0.2963
807 1.80144e+16 4.52677e+13 13414.1 54 15.4102 11 0.275303
808 1.80144e+16 6.13294e+13 13912.7 54 15.4688 11 0.275577
809 2.95148e+20 2.92816e+17 13257.5 68 15.4385 11 0.273213
810 7.20576e+16 2.21834e+14 21435.1 56 16.5078 13 0.295714
811 1.15292e+18 1.59857e+15 17942.8 60 16.3047 12 0.290662
812 1.15292e+18 1.41737e+15 13588.4 60 16.0322 11 0.285113
813 1.47574e+20 1.44508e+17 16657.2 67 16.3604 12 0.294567
814 1.44115e+17 1.79503e+14 12474.5 57 15.1787 11 0.273615
815 1.44115e+17 1.61685e+14 8652.99 57 14.0967 9 0.261825
816 2.30584e+18 2.8844e+15 8900.84 61 13.5996 10 0.252335
817 1.44115e+17 2.1963e+14 8357.82 57 14.1562 10 0.261957
818 1.15292e+18 2.5915e+15 10371 60 14.7666 10 0.266204
819 2.8823e+17 3.49315e+14 23220.4 58 16.5264 13 0.293577
820 7.20576e+16 4.07176e+14 11634.1 56 15.2549 10 0.275196
821 1.44115e+17 2.53393e+14 9924.74 57 14.6426 10 0.266175
822 1.44115e+17 4.12085e+14 13472.4 57 15.792 11 0.28566
823 7.20576e+16 2.18275e+14 10671.6 56 14.2754 10 0.259441
824 4.61169e+18 6.02854e+15 10201 62 14.6699 10 0.269953
825 2.8823e+17 4.00939e+14 13158.9 58 15.4395 11 0.276473
826 1.44115e+17 1.66476e+14 11885.1 57 14.6807 10 0.262789
827 2.8823e+17 4.48167e+14 10971.8 58 14.8037 11 0.272871
828 5.76461e+17 6.1964e+14 10421.6 59 14.2598 10 0.269446
829 2.30584e+18 3.98478e+15 12739.1 61 14.3877 11 0.26525
830 9.22337e+18 9.39656e+15 12960.2 63 14.6963 11 0.269037
831 7.20576e+16 1.58274e+14 14593.7 56 15.3916 11 0.28117
832 2.8823e+17 3.5531e+14 14006.7 58 15.1523 11 0.279128
833 2.8823e+17 6.40605e+14 13277.2 58 14.9521 11 0.274427
834 3.60288e+16 1.16616e+14 12102.6 55 14.3535 11 0.268159
835 3.60288e+16 7.99266e+13 10671.6 55 14.8076 10 0.27651
836 1.44115e+17 2.36948e+14 13039.9 57 14.8994 11 0.277451
837 1.44115e+17 2.12203e+14 10505.5 57 13.4795 10 0.251623
838 1.44115e+17 1.57824e+14 11703.2 57 13.7529 11 0.255752
839 1.44115e+17 6.52227e+14 15632.5 57 15.3799 11 0.281115
840 2.8823e+17 3.09637e+14 13893.8 58 14.7305 11 0.27048
841 5.76461e+17 8.97822e+14 15900.4 59 15.6719 11 0.285871
842 9.0072e+15 4.35105e+13 15453.8 53 15.1836 11 0.282189
843 7.20576e+16 2.77511e+14 13119.4 56 14.8896 11 0.281333
844 3.60288e+16 1.12681e+14 10235.2 55 14.1924 10 0.26929
845 1.44115e+17 1.69439e+14 14285.2 57 15.335 11 0.27991
846 2.30584e+18 2.51069e+15 10132.4 61 15.2412 10 0.277424
847 4.61169e+18 4.74853e+15 14963.9 62 16.5078 11 0.298311
848 7.20576e+16 1.70267e+14 13588.4 56 15.7061 11 0.289989
849 5.76461e+17 1.79164e+15 11344.3 59 14.6465 10 0.274597
850 5.76461e+17 1.07124e+15 9819.84 59 13.873 10 0.258291
851 3.60288e+16 1.08706e+14 11037.2 55 14.4346 11 0.267968
852 2.30584e+18 4.34051e+15 13277.2 61 14.7812 11 0.272605
853 2.8823e+17 6.27849e+14 9661.17 58 13.5732 10 0.257195
854 4.61169e+18 9.72468e+15 13039.9 62 14.7275 11 0.27366
855 2.30584e+18 3.0419e+15 10201 61 14.2041 10 0.261282
856 1.15292e+18 1.38285e+15 8693.38 60 13.8389 9 0.262282
857 9.22337e+18 1.05653e+16 17567.3 63 16.4551 12 0.304956
858 3.68935e+19 3.63875e+16 11573.9 65 15.4521 10 0.292935
859 2.30584e+18 3.76984e+15 8138.65 61 14.3271 9 0.275313
860 1.84467e+19 1.88362e+16 8970.24 64 14.0225 9 0.268846
861 1.44115e+17 6.77907e+14 10183.9 57 15.0615 10 0.282496
862 2.8823e+17 6.1637e+14 9924.74 58 14.998 10 0.279676
863 5.76461e+17 2.05396e+15 11753.3 59 16.4268 10 0.30141
864 2.8823e+17 4.77187e+14 9625.7 58 14.7266 10 0.278579
865 1.15292e+18 1.65599e+15 10993.6 60 14.9863 11 0.277473
866 2.30584e+18 2.97219e+15 12637.7 61 16.1055 11 0.294686
867 1.15292e+18 1.93214e+15 13020 60 15.959 11 0.295215
868 5.90296e+20 5.76851e+17 11528.4 69 14.6494 10 0.273792
869 1.18059e+21 1.15307e+18 17433.1 70 16.3662 12 0.289275
870 9.22337e+18 1.07724e+16 11956.3 63 15.0137 11 0.274846
871 2.8823e+17 5.22186e+14 7551.78 58 13.2402 9 0.246688
872 1.15292e+18 1.71895e+15 9393.32 60 13.9375 10 0.254281
873 1.84467e+19 2.71401e+16 10303.2 64 14.3848 10 0.261924
874 1.15292e+18 1.55998e+15 9465.16 60 13.751 10 0.248779
875 2.8823e+17 7.0932e+14 12123.5 58 14.9766 11 0.268862
876 7.20576e+16 1.67219e+14 12268.7 56 14.7002 11 0.26814
877 7.20576e+16 3.15e+14 7907.55 56 13.9248 9 0.251895
878 5.76461e+17 1.21434e+15 10472 59 14.0342 10 0.254589
879 1.15292e+18 1.3774e+15 7686.44 60 13.4756 9 0.252895
880 2.30584e+18 2.45329e+15 11841.4 61 14.6377 10 0.266677
881 1.15292e+18 2.74222e+15 12576.7 60 15.9717 11 0.288579
882 5.76461e+17 1.71356e+15 14211.5 59 16.1436 11 0.284354
883 4.61169e+18 4.62209e+15 7965.79 62 13.7549 9 0.252343
884 9.22337e+18 9.84225e+15 24900.7 63 18.2852 13 0.315928
885 7.20576e+16 2.99409e+14 36160.7 56 18.791 14 0.332365
886 9.22337e+18 9.21132e+15 23733.7 63 17.7715 13 0.318057
887 5.76461e+17 9.07773e+14 52724.4 59 19.3555 15 0.348529
888 4.61169e+18 5.09318e+15 90510.2 62 20.207 16 0.357756
889 1.15292e+18 2.14843e+15 32765.8 60 18.7324 14 0.343389
890 3.68935e+19 3.64122e+16 19529.4 65 18.0029 12 0.330202
891 1.44115e+17 6.96462e+14 21843.2 57 17.7656 13 0.331214
892 2.30584e+18 4.49125e+15 19025.2 61 17.7139 12 0.329938
893 4.61169e+18 4.7895e+15 32884.7 62 18.3154 14 0.335429
894 2.30584e+18 3.77768e+15 89113 61 20.5391 16 0.370822
895 1.84467e+19 1.87333e+16 152483 64 20.1221 17 0.359467
896 1.15292e+18 2.55379e+15 289991 60 21.2529 18 0.376994
897 2.30584e+18 3.72389e+15 162080 61 20.7051 17 0.369672
898 1.15292e+18 2.18503e+15 157797 60 20.8135 17 0.368421
899 9.22337e+18 1.84241e+16 160194 63 20.7979 17 0.367486
900 9.22337e+18 9.32723e+15 37829.2 63 18.7178 14 0.335837
901 2.8823e+17 7.40041e+14 88025.5 58 19.6133 16 0.34736
902 4.61169e+18 7.68007e+15 52788.6 62 18.7627 15 0.330178
903 2.8823e+17 5.14381e+14 89113 58 19.2666 16 0.338367
904 3.60288e+16 2.51239e+14 52756.5 55 18.8008 15 0.331109
905 5.76461e+17 1.43946e+15 33298 59 17.8203 14 0.316984
906 3.68935e+19 3.6392e+16 55057.2 65 17.9385 15 0.315372
907 1.84467e+19 2.29327e+16 51979.4 64 17.9766 15 0.319124
908 2.30584e+18 4.00068e+15 50180.1 61 17.7666 15 0.318096
909 1.15292e+18 2.43995e+15 55740.4 60 18.457 15 0.327928
910 1.84467e+19 2.04283e+16 36293.8 64 17.2559 14 0.309321
911 1.15292e+18 3.3553e+15 23194.5 60 17.3975 13 0.313832
912 1.44115e+17 4.08533e+14 16819.1 57 16.9834 12 0.302568
913 3.60288e+16 1.99047e+14 17855.1 55 16.084 12 0.287744
914 2.8823e+17 4.10568e+14 19208.8 58 16.2744 12 0.290512
915 5.76461e+17 8.0278e+14 14963.9 59 15.6934 11 0.286299
916 2.8823e+17 5.01363e+14 15437.3 58 15.4424 11 0.281728
917 3.60288e+16 6.90307e+13 16979.8 55 15.3477 12 0.277063
918 2.8823e+17 4.18392e+14 10183.9 58 14.4004 10 0.265394
919 1.44115e+17 3.39515e+14 12206.6 57 14.6045 11 0.270139
920 1.44115e+17 1.69996e+14 11344.3 57 13.8359 10 0.258793
921 5.76461e+17 7.96459e+14 16517.6 59 15.6826 12 0.279427
922 1.15292e+18 1.48124e+15 16956.9 60 15.4443 12 0.283929
923 1.15292e+18 1.21333e+15 35292.4 60 17.5312 14 0.313263
924 2.30584e+18 3.0864e+15 32825.3 61 17.8701 14 0.321076
925 1.44115e+17 2.04517e+14 51486.4 57 17.6797 15 0.309896
926 5.76461e+17 1.04011e+15 27361.3 59 17.5156 13 0.307115
927 3.60288e+16 9.73657e+13 18587.9 55 15.9268 12 0.284768
928 1.15292e+18 2.33291e+15 12880.1 60 15.1377 11 0.277258
929 5.76461e+17 9.9018e+14 12453.9 59 14.9199 10 0.27859
930 1.44115e+17 4.56309e+14 15502.9 57 15.6836 11 0.286575
931 5.76461e+17 1.04861e+15 10354.1 59 14.79 10 0.270266
932 3.60288e+16 1.21782e+14 11977.3 55 14.415 11 0.267499
933 9.22337e+18 9.03683e+15 9285.43 63 13.8096 9 0.253377
934 1.80144e+16 6.95734e+13 14665.2 54 14.9004 11 0.274133
935 2.30584e+18 3.39407e+15 9696.57 61 13.8574 10 0.255277
936 1.15292e+18 1.43809e+15 9606.16 60 14.3408 9 0.265331
937 2.30584e+18 2.26796e+15 8503.14 61 13.7812 9 0.258408
938 2.8823e+17 6.24613e+14 11340.1 58 15.2031 11 0.280051
939 7.20576e+16 1.47908e+14 10166.7 56 14.2188 10 0.263263
940 5.76461e+17 1.19602e+15 7415.68 59 13.5615 9 0.252509
941 2.8823e+17 3.85186e+14 9047.37 58 13.9932 9 0.258086
942 2.8823e+17 6.89027e+14 9802.29 58 14.5615 10 0.265763
943 4.61169e+18 6.24314e+15 8584.23 62 13.7422 10 0.253052
944 2.30584e+18 7.01289e+15 6634.57 61 13.2578 9 0.24794
945 1.44115e+17 4.14613e+14 7521.66 57 13.5986 9 0.250733
946 1.44115e+17 4.42258e+14 6172.47 57 13.6982 8 0.254546
947 2.8823e+17 4.72056e+14 6014.2 58 12.8496 8 0.237916
948 3.68935e+19 4.08485e+16 9123.58 65 13.707 9 0.251963
949 4.61169e+18 4.67469e+15 6001.9 62 12.668 8 0.24089
950 1.84467e+19 5.09904e+16 10638.5 64 15.5498 10 0.288175
951 5.76461e+17 1.21116e+15 5072.52 59 13.248 7 0.248632
952 1.84467e+19 2.39126e+16 6662.24 64 13.9492 8 0.26119
953 5.76461e+17 1.18571e+15 6571.63 59 13.6738 8 0.259439
954 2.95148e+20 2.91319e+17 6806.59 68 13.7432 8 0.260654
955 2.30584e+18 3.37869e+15 16610.8 61 16.2705 12 0.295232
956 2.8823e+17 1.19578e+15 16564.2 58 16.7812 12 0.30876
957 1.15292e+18 1.5158e+15 9594.67 60 14.7158 9 0.265599
958 5.76461e+17 1.70662e+15 22005.2 59 16.7041 13 0.296184
959 2.95148e+20 2.91939e+17 15712.4 68 16.042 12 0.285741
960 1.47574e+20 1.45634e+17 7139.25 67 14.4932 9 0.276657
961 3.68935e+19 3.68898e+16 2757.91 65 12.1777 5 0.238495
962 1.47574e+20 1.63428e+17 3182.26 67 12.042 6 0.24483
963 9.22337e+18 9.92871e+15 3861.83 63 12.9697 6 0.258866
964 1.84467e+19 2.07932e+16 6825.76 64 13.6143 9 0.273139
965 3.77789e+22 3.69032e+19 10704.6 75 15.1328 10 0.29398
966 9.22337e+18 1.01964e+16 17589.6 63 16.7334 12 0.311773
967 1.84467e+19 3.90986e+16 11447.5 64 14.9336 11 0.285946
968 7.3787e+19 7.38689e+16 12144.3 66 16.0723 11 0.302716
969 9.22337e+18 1.23272e+16 17722.8 63 17.5918 12 0.320526
970 1.15292e+18 2.15841e+15 16494.3 60 17.2109 12 0.312465
971 1.15292e+18 1.9175e+15 17656.3 60 17.1572 12 0.313519
972 4.61169e+18 8.744e+15 31862.4 62 18.6689 14 0.339668
973 7.3787e+19 1.09663e+17 33909.2 66 18.7285 14 0.336487
974 7.3787e+19 1.64476e+17 34424.5 66 19.3008 14 0.341808
975 4.61169e+18 9.19149e+15 24087.1 62 18.625 13 0.331391
976 1.15292e+18 2.56372e+15 24900.7 60 18.6084 13 0.337674
977 1.15292e+18 4.41187e+15 34139.2 60 19.2656 14 0.342277
978 1.84467e+19 1.91368e+16 49736.9 64 18.8135 15 0.335389
979 2.30584e+18 3.6621e+15 38875.5 61 19.0254 14 0.341761
980 1.47574e+20 1.45512e+17 55828.3 67 20.5088 15 0.362875
981 7.3787e+19 1.04915e+17 36160.7 66 19.8115 14 0.356922
982 5.76461e+17 2.47281e+15 16610.8 59 17.5635 12 0.322771
983 5.90296e+20 5.84128e+17 15736.4 69 17.3438 12 0.315727
984 9.22337e+18 1.82902e+16 32556.8 63 17.7441 14 0.32951
985 4.61169e+18 1.64916e+16 22618.7 62 17.5645 13 0.325839
986 2.30584e+18 4.7313e+15 23936.2 61 17.4688 13 0.320806
987 5.76461e+17 2.45457e+15 34367.6 59 18.5957 14 0.336617
988 2.30584e+18 4.54785e+15 25869.9 61 17.5703 13 0.320153
989 5.76461e+17 1.71329e+15 25520.9 59 18.25 13 0.334345
990 4.61169e+18 5.76111e+15 23116.6 62 17.5117 13 0.317215
991 4.61169e+18 7.61325e+15 17275.5 62 17.6055 12 0.325098
992 4.61169e+18 8.15789e+15 16353.8 62 17.292 12 0.322837
993 9.22337e+18 2.57125e+16 23529.5 63 18.4189 13 0.339275
994 3.68935e+19 7.48198e+16 24754.9 65 18.8701 13 0.346229
995 1.15292e+18 2.49381e+15 33793.6 60 19.291 14 0.356056
996 9.22337e+18 1.63721e+16 49565.5 63 19.6211 15 0.35565
997 7.3787e+19 1.09428e+17 84691.7 66 19.332 16 0.347711
998 1.47574e+20 1.46891e+17 90876.6 67 20.0127 16 0.354413
999 1.84467e+19 2.9936e+16 1.09062e+06 64 23.0635 20 0.401773
1000 2.95148e+20 5.85685e+17 558248 68 22.4346 19 0.397054
1001 3.68935e+19 7.82544e+16 553296 65 22.4736 19 0.401135
1002 2.30584e+18 6.3053e+15 556636 61 22.5352 19 0.398373
1003 1.84467e+19 4.06423e+16 556997 64 22.5879 19 0.401502
1004 7.3787e+19 1.40165e+17 558601 66 22.2969 19 0.38681
1005 2.95148e+20 3.43643e+17 297684 68 22.4668 18 0.390825
1006 1.84467e+19 3.91854e+16 4.23682e+06 64 24.2051 22 0.413177
1007 9.22337e+18 3.2137e+16 560759 63 23.3936 19 0.409813
1008 1.47574e+20 1.55388e+17 558513 67 22.2598 19 0.382611
1009 1.47574e+20 1.51437e+17 4.2418e+06 67 24.1064 22 0.420279
1010 3.68935e+19 5.58398e+16 1.08343e+06 65 23.0293 20 0.394669
1011 3.68935e+19 6.86481e+16 289735 65 21.7588 18 0.380258
1012 4.61169e+18 1.80129e+16 158734 62 21.3867 17 0.372856
1013 3.68935e+19 9.93959e+16 293833 65 21.3838 18 0.369895
1014 3.77789e+22 3.69004e+19 289778 75 20.4951 18 0.350957
1015 3.68935e+19 6.02081e+16 161773 65 20.9961 17 0.381542
1016 2.95148e+20 2.90713e+17 57605.7 68 19.6914 15 0.359028
1017 3.68935e+19 4.10315e+16 88554.9 65 20.0615 16 0.370107
1018 2.36118e+21 2.39707e+18 56407.1 71 19.4941 15 0.360951
1019 7.3787e+19 1.08181e+17 19045.7 66 19.1133 12 0.36048
1020 1.47574e+20 2.40158e+17 17410.7 67 18.6807 12 0.343194
1021 3.68935e+19 5.91166e+16 88308.6 65 20.1797 16 0.360348
1022 9.22337e+18 3.87032e+16 58323.6 63 20.0352 15 0.367891
1023 2.30584e+18 9.52709e+15 56521.3 61 19.9287 15 0.361139
1024 3.68935e+19 4.61769e+16 37229 65 19.4482 14 0.354675
1025 9.22337e+18 2.73887e+16 24608.1 63 18.8457 13 0.338848
1026 5.90296e+20 6.33463e+17 293472 69 21.5 18 0.381766
1027 7.3787e+19 8.76958e+16 37481.5 66 19.5137 14 0.354901
1028 1.88895e+22 1.8523e+19 6850.26 74 16.3428 8 0.302163
1029 1.18059e+21 1.17745e+18 12014.6 70 17.085 10 0.310329
1030 1.84467e+19 8.02699e+16 25497.4 64 18.2314 13 0.328461
1031 5.90296e+20 1.30369e+18 19025.2 69 18.626 12 0.335488
1032 7.3787e+19 1.0032e+17 90975.9 66 19.2666 16 0.34412
1033 1.47574e+20 1.77406e+17 6571.63 67 16.6055 8 0.300995
1034 2.95148e+20 2.94667e+17 26302.1 68 18.4121 13 0.327651
1035 3.68935e+19 5.67972e+16 158399 65 20.2324 17 0.358694
1036 4.72237e+21 4.62483e+18 91468.2 72 19.4971 16 0.34584
1037 7.3787e+19 1.20977e+17 1.08533e+06 66 22.292 20 0.39926
1038 5.90296e+20 5.81149e+17 161876 69 21.0469 17 0.377373
1039 3.68935e+19 9.68141e+16 2.14433e+06 65 22.8096 21 0.410917
1040 1.15292e+18 3.76644e+15 154880 60 20.1621 17 0.353262
1041 9.22337e+18 2.86776e+16 159361 63 19.9209 17 0.350626
1042 1.84467e+19 2.99029e+16 57084.1 64 19.2354 15 0.337759
1043 2.95148e+20 3.01886e+17 1.08639e+06 68 22.2324 20 0.388618
1044 7.3787e+19 9.36871e+16 1.6837e+07 66 24.626 24 0.427785
1045 1.84467e+19 2.38856e+16 1.08519e+06 64 22.7432 20 0.389522
1046 3.68935e+19 5.72913e+16 560717 65 22.3584 19 0.394833
1047 4.61169e+18 6.67478e+15 2.13862e+06 62 23.6748 21 0.414754
1048 7.3787e+19 7.66341e+16 8.43817e+06 66 23.8945 23 0.418668
1049 2.36118e+21 2.69176e+18 6.71722e+07 71 24.5928 26 0.434859
1050 7.3787e+19 1.42533e+17 1.68339e+07 66 24.5645 24 0.437559
1051 1.18059e+21 1.19492e+18 8.44571e+06 70 24.4551 23 0.423514
1052 4.72237e+21 4.77762e+18 2.13913e+06 72 23.3242 21 0.410965
1053 1.47574e+20 1.99954e+17 296391 67 21.9814 18 0.385677
1054 1.47574e+20 2.8863e+17 294309 67 21.9365 18 0.390754
1055 3.68935e+19 4.86569e+16 158734 65 20.748 17 0.370856
1056 1.84467e+19 3.97744e+16 161428 64 20.6406 17 0.368665
1057 1.84467e+19 4.48881e+16 159761 64 20.6182 17 0.367693
1058 4.72237e+21 4.70644e+18 162317 72 21.3691 17 0.382252
1059 1.47574e+20 2.29365e+17 9008.92 67 17.4316 9 0.321531
1060 7.3787e+19 1.15748e+17 12165.1 66 17.6436 11 0.326546
1061 1.47574e+20 1.94618e+17 13931.6 67 18.542 11 0.340921
1062 9.22337e+18 1.78393e+16 7626.77 63 16.6543 9 0.311001
1063 3.68935e+19 4.30936e+16 12597.1 65 17.2939 11 0.315844
1064 1.18059e+21 1.16872e+18 7671.55 70 17.1406 9 0.317941
1065 6.04463e+23 5.90395e+20 31280 79 19.9424 14 0.368993
1066 5.90296e+20 6.15093e+17 22986.4 69 19.2256 13 0.356875
1067 2.30584e+18 5.77429e+15 19309.8 61 19.5898 12 0.364426
1068 9.22337e+18 1.74662e+16 14539.8 63 18.9092 11 0.358277
1069 2.36118e+21 2.4399e+18 22618.7 71 18.7861 13 0.347517
1070 7.3787e+19 9.57762e+16 93363 66 20.0361 16 0.366492
1071 7.3787e+19 7.6271e+16 23220.4 66 18.3594 13 0.333374
1072 9.22337e+18 2.19643e+16 20276.6 63 18.4297 12 0.336996
1073 1.18059e+21 1.15948e+18 25213.1 70 17.9365 13 0.331067
1074 3.68935e+19 5.11874e+16 11167.5 65 16.6963 11 0.320447
1075 4.61169e+18 1.37777e+16 33356.7 62 18.3232 14 0.344153
1076 4.72237e+21 4.77772e+18 36999 72 18.8223 14 0.356103
1077 4.72237e+21 9.92116e+18 18268.2 72 18.8086 12 0.353798
1078 1.47574e+20 2.73048e+17 18289.7 67 18.7607 12 0.353302
1079 2.36118e+21 2.83051e+18 8471.32 71 16.9639 10 0.323503
1080 1.84467e+19 2.68133e+16 24062.1 64 18.5361 13 0.340149
1081 5.90296e+20 6.49844e+17 17920.9 69 17.8711 12 0.333941
1082 1.47574e+20 1.77854e+17 55974.2 67 19.1963 15 0.353384
1083 7.3787e+19 2.50051e+17 35811.5 66 19.1758 14 0.353556
1084 2.30584e+18 6.92954e+15 18609 61 18.0713 12 0.335076
1085 4.72237e+21 4.78114e+18 10721 72 17.3291 10 0.323548
1086 5.90296e+20 7.88229e+17 92431 69 20.751 16 0.384862
1087 3.02231e+23 2.95812e+20 35730.2 78 19.8135 14 0.364923
1088 1.88895e+22 1.88994e+19 53519 74 19.6758 15 0.368531
1089 7.55579e+22 7.47017e+19 14193 76 17.9951 11 0.342832
1090 1.18059e+21 1.29037e+18 22512.8 70 18.8525 13 0.352379
1091 1.47574e+20 2.17517e+17 18160.4 67 18.3027 12 0.352171
1092 5.90296e+20 6.13137e+17 12779.5 69 16.8457 11 0.323085
1093 2.36118e+21 2.89059e+18 21870.3 71 18.3047 13 0.345554
1094 1.47574e+20 3.13654e+17 33966.9 67 18.8135 14 0.356132
1095 2.95148e+20 3.26252e+17 12678.3 68 16.7852 11 0.321902
1096 9.67141e+24 9.45412e+21 37780 83 19.8555 14 0.370101
1097 7.3787e+19 9.31064e+16 54173.5 66 20.0264 15 0.374934
1098 3.68935e+19 6.21006e+16 158660 65 21.4795 17 0.396736
1099 3.68935e+19 6.81925e+16 288088 65 21.2012 18 0.388777
1100 2.36118e+21 2.67098e+18 158436 71 20.7051 17 0.381648
1101 7.55579e+22 7.62143e+19 94983 76 19.6914 16 0.358755
1102 1.18059e+21 1.49578e+18 91856.9 70 20.6631 16 0.384081
1103 2.95148e+20 3.38421e+17 31984 68 18.6504 14 0.347094
1104 7.55579e+22 7.64455e+19 34139.2 76 19.7041 14 0.367223
1105 1.47574e+20 4.28378e+17 562910 67 22.9023 19 0.416934
1106 2.95148e+20 5.1351e+17 90876.6 68 21.127 16 0.385575
1107 1.47574e+20 2.08463e+17 89766.5 67 19.999 16 0.369035
1108 1.18059e+21 2.68945e+18 288916 70 21.4775 18 0.393039
1109 9.44473e+21 1.11953e+19 91304.9 73 20.1436 16 0.37035
1110 7.3787e+19 3.48552e+17 554098 66 22.4561 19 0.410904
1111 2.95148e+20 3.98738e+17 298295 68 21.9004 18 0.404795
1112 1.88895e+22 1.86051e+19 3.36125e+07 74 25.6104 25 0.463311
1113 5.90296e+20 1.86041e+18 3.36024e+07 69 26.0908 25 0.477366
1114 3.77789e+22 3.75351e+19 1.08743e+06 75 23.8359 20 0.437117
1115 4.72237e+21 7.46258e+18 293673 72 22.7256 18 0.415219
1116 1.88895e+22 2.00673e+19 89834.7 74 21.2139 16 0.39388
1117 1.47574e+20 2.39229e+17 561764 67 22.8818 19 0.417833
1118 2.36118e+21 2.92649e+18 2.14054e+06 71 24.5918 21 0.452881
1119 4.72237e+21 4.73769e+18 289391 72 22.4238 18 0.422838
1120 1.47574e+20 5.3257e+17 4.23522e+06 67 24.2451 22 0.446705
1121 1.88895e+22 2.46476e+19 556636 74 22.6611 19 0.420707
1122 2.36118e+21 2.39234e+18 1.08436e+06 71 23.2422 20 0.428036
1123 7.55579e+22 7.87314e+19 158660 76 21.6572 17 0.402996
1124 5.90296e+20 6.61788e+17 23759.1 69 19.4473 13 0.365655
1125 1.18059e+21 1.9148e+18 52820.6 70 20.0146 15 0.374782
1126 1.18059e+21 1.40803e+18 14449.5 70 18.2148 11 0.34308
1127 1.88895e+22 3.86493e+19 18482 74 19.0098 12 0.360799
1128 7.3787e+19 1.19232e+17 14736.2 66 17.6914 11 0.34311
1129 7.3787e+19 1.81539e+17 18008.4 66 18.1172 12 0.347254
1130 5.90296e+20 7.6434e+17 23168.6 69 18.4512 13 0.349498
1131 2.36118e+21 2.59958e+18 18482 71 17.8418 12 0.33838
1132 1.18059e+21 2.46967e+18 24754.9 70 18.3965 13 0.354895
1133 4.8357e+24 4.73195e+21 87883.3 82 20.4443 16 0.379201
1134 4.72237e+21 9.34847e+18 35730.2 72 19.3154 14 0.366647
1135 9.22337e+18 2.94396e+16 33909.2 63 18.8682 14 0.363781
1136 7.55579e+22 7.38485e+19 54204.4 76 19.6035 15 0.369448
1137 9.44473e+21 1.10818e+19 88167.3 73 19.8652 16 0.371152
1138 1.18059e+21 2.05911e+18 289176 70 21.4912 18 0.400731
1139 1.20893e+24 1.18234e+21 161532 80 21.415 17 0.394197
1140 3.77789e+22 6.04578e+19 296467 75 21.7998 18 0.404299
1141 1.18059e+21 2.57039e+18 156494 70 22.0127 17 0.407802
1142 3.77789e+22 3.75089e+19 49393.5 75 19.8809 15 0.372695
1143 2.41785e+24 2.36656e+21 157759 81 21.6924 17 0.403288
1144 1.88895e+22 1.86395e+19 31923.2 74 18.3359 14 0.341817
1145 1.18059e+21 1.51183e+18 87454.2 70 20.4209 16 0.383479
1146 3.77789e+22 3.92837e+19 155948 75 20.5723 17 0.378859
1147 5.90296e+20 1.07571e+18 89286 69 20.9844 16 0.387505
1148 5.90296e+20 7.51254e+17 158324 69 21.9004 17 0.399111
1149 7.55579e+22 7.38866e+19 559604 76 22.4453 19 0.413256
1150 4.72237e+21 5.58739e+18 89078.3 72 20.8076 16 0.385978
1151 5.90296e+20 7.64222e+17 92272.6 69 20.7812 16 0.383871
1152 5.90296e+20 7.90941e+17 37152.7 69 19.2988 14 0.35466
1153 1.18059e+21 1.1622e+18 160551 70 21.2979 17 0.387654
1154 4.72237e+21 5.25804e+18 293633 72 22.4297 18 0.413929
1155 3.68935e+19 1.54879e+17 36947.6 65 19.4297 14 0.36263
1156 7.55579e+22 7.43209e+19 157607 76 21.3125 17 0.389809
1157 1.47574e+20 3.02969e+17 555539 67 22.7373 19 0.416696
1158 4.72237e+21 9.33082e+18 290586 72 22.1963 18 0.404258
1159 7.3787e+19 1.36526e+17 153101 66 20.2891 17 0.379973
1160 3.77789e+22 4.21606e+19 158212 75 21.4258 17 0.399069
1161 3.77789e+22 5.74844e+19 291300 75 23.0342 18 0.431068
1162 2.36118e+21 4.20008e+18 293231 71 23.2266 18 0.430941
1163 2.36118e+21 5.6563e+18 286895 71 22.9902 18 0.423316
1164 1.88895e+22 3.16185e+19 57028.4 74 19.9795 15 0.374108
1165 3.77789e+22 3.82554e+19 87954.4 75 20.5576 16 0.382528
1166 1.51116e+23 1.48444e+20 561306 77 24.1309 19 0.439444
1167 2.95148e+20 5.98691e+17 1.08822e+06 68 24.4873 20 0.440073
1168 4.72237e+21 9.41889e+18 2.13989e+06 72 24.5537 21 0.440126
1169 4.72237e+21 8.46896e+18 1.08387e+06 72 24.207 20 0.437248
1170 7.55579e+22 7.83924e+19 2.14064e+06 76 25.6758 21 0.463307
1171 1.18059e+21 3.32315e+18 2.13959e+06 70 25.541 21 0.462094
1172 1.88895e+22 2.03437e+19 159942 74 22.6396 17 0.422045
1173 1.88895e+22 3.19653e+19 556726 74 24.1406 19 0.453405
1174 1.88895e+22 2.8252e+19 88025.5 74 20.8076 16 0.3984
1175 9.67141e+24 1.42866e+22 1.0849e+06 83 25.0039 20 0.461445
1176 1.54743e+26 1.51902e+23 1.68274e+07 87 27.2607 24 0.50008
1177 1.88895e+22 6.91564e+19 8.44635e+06 74 27.3135 23 0.499095
1178 1.51116e+23 1.91899e+20 292907 77 23.1416 18 0.430358
1179 7.55579e+22 8.77212e+19 562012 76 23.4775 19 0.429364
1180 6.04463e+23 6.14032e+20 1.08441e+06 79 24.0205 20 0.434004
1181 1.51116e+23 1.54426e+20 2.13831e+06 77 24.1934 21 0.429886
1182 7.55579e+22 8.90647e+19 2.14266e+06 76 25.3047 21 0.466283
1183 6.04463e+23 7.63133e+20 296877 79 22.8301 18 0.421838
1184 1.88895e+22 7.87156e+19 292006 74 22.3984 18 0.408516
1185 3.77789e+22 4.69952e+19 293311 75 22.6875 18 0.413572
1186 9.44473e+21 2.23348e+19 2.1428e+06 73 24.5186 21 0.441186
1187 1.51116e+23 1.52826e+20 555906 77 23.2432 19 0.420639
1188 3.02231e+23 3.0422e+20 555906 78 22.998 19 0.414152
1189 1.51116e+23 2.7928e+20 292335 77 22.1494 18 0.406446
1190 1.51116e+23 1.5779e+20 161807 77 21.7266 17 0.394085
1191 9.44473e+21 2.05257e+19 295092 73 22.082 18 0.398327
1192 3.02231e+23 3.42108e+20 293713 78 22.8652 18 0.416313
1193 1.88895e+22 3.77028e+19 1.09102e+06 74 24.5303 20 0.444467
1194 1.20893e+24 1.19344e+21 1.08682e+06 80 24.0693 20 0.434148
1195 2.41785e+24 2.53252e+21 562870 81 23.3623 19 0.427774
1196 7.92282e+28 7.73715e+25 293392 96 22.5977 18 0.417418
1197 1.93428e+25 1.91988e+22 152235 84 20.8623 17 0.389064
1198 3.02231e+23 3.02017e+20 34566.2 78 19.623 14 0.381456
1199 1.88895e+22 2.95555e+19 22592.3 74 18.0166 13 0.347159
1200 7.55579e+22 1.10502e+20 89008.9 76 19.7666 16 0.361844
1201 2.41785e+24 2.78656e+21 25984.7 81 19.0078 13 0.352357
1202 1.51116e+23 1.57452e+20 56916.7 77 18.8828 15 0.34552
1203 7.73713e+25 7.55721e+22 159942 86 20.665 17 0.377837
1204 1.20893e+24 1.30825e+21 92049.5 80 19.9238 16 0.359132
1205 1.20893e+24 2.04083e+21 158174 80 21.1045 17 0.375359
1206 4.8357e+24 5.05707e+21 91824.7 82 19.8389 16 0.361453
1207 1.51116e+23 1.6649e+20 94553.4 77 19.3428 16 0.345861
1208 3.86856e+25 3.7794e+22 162619 85 20.6973 17 0.370329
1209 3.02231e+23 3.72413e+20 90443.2 78 20.5127 16 0.368683
1210 7.92282e+28 7.76739e+25 160515 96 21.1758 17 0.378163
1211 7.92282e+28 7.73907e+25 92431 96 21.5166 16 0.389555
1212 2.41785e+24 3.33712e+21 559604 81 23.0752 19 0.430277
1213 1.54743e+26 1.57766e+23 288916 87 21.6572 18 0.404599
1214 9.67141e+24 9.45945e+21 291091 83 22.4072 18 0.422352
1215 7.73713e+25 7.92114e+22 560377 86 22.8223 19 0.426349
1216 3.09485e+26 3.02445e+23 561971 88 22.6094 19 0.411077
1217 4.95176e+27 4.83576e+24 293633 92 21.3662 18 0.385873
1218 9.90352e+27 9.69539e+24 1.08558e+06 93 23.6738 20 0.422943
1219 6.1897e+26 6.04529e+23 295670 89 22.5996 18 0.409835
1220 7.92282e+28 7.73713e+25 1.08417e+06 96 23.2881 20 0.416566
1221 1.93428e+25 1.93568e+22 1.08941e+06 84 23.1982 20 0.412817
1222 7.92282e+28 7.73903e+25 1.08601e+06 96 23.1855 20 0.413647
1223 1.51116e+23 2.13268e+20 161010 77 21.3037 17 0.373853
1224 1.47574e+20 2.41055e+17 292499 67 21.3936 18 0.388241
1225 1.23794e+27 1.20894e+24 293513 90 21.7109 18 0.387703
1226 1.18059e+21 1.96747e+18 160515 70 20.8174 17 0.367535
1227 7.92282e+28 7.73713e+25 160408 96 20.9316 17 0.367389
1228 2.41785e+24 2.47802e+21 160904 81 21.5596 17 0.386463
1229 7.55579e+22 1.39786e+20 562218 76 23.6436 19 0.42315
1230 1.20893e+24 1.18422e+21 294190 80 21.9814 18 0.392729
1231 1.93428e+25 2.36518e+22 560505 84 22.4492 19 0.406181
1232 3.77789e+22 6.77312e+19 159177 75 21.0684 17 0.371889
1233 2.36118e+21 4.3085e+18 160086 71 20.8691 17 0.369101
1234 1.54743e+26 1.56734e+23 288044 87 21.1533 18 0.37707
1235 1.88895e+22 3.97183e+19 292335 74 21.1914 18 0.374786
1236 1.88895e+22 1.97498e+19 293029 74 21.5195 18 0.381696
1237 2.95148e+20 5.77854e+17 552963 68 21.3701 19 0.381737
1238 4.8357e+24 4.72632e+21 1.08639e+06 82 22.5186 20 0.399531
1239 1.18059e+21 2.66059e+18 288916 70 21.3271 18 0.390174
1240 2.41785e+24 2.46073e+21 156026 81 21.4668 17 0.386258
1241 1.20893e+24 1.20814e+21 289520 80 21.4492 18 0.395787
1242 3.77789e+22 4.45633e+19 294780 75 22.5312 18 0.418287
1243 3.02231e+23 3.93112e+20 4.2411e+06 78 24.5127 22 0.448872
1244 3.77789e+22 5.85939e+19 559777 75 22.5059 19 0.419992
1245 2.36118e+21 4.69513e+18 1.68335e+07 71 25.8164 24 0.470372
1246 1.88895e+22 3.87804e+19 160834 74 22.1914 17 0.410109
1247 3.02231e+23 4.60526e+20 8.44015e+06 78 25.4619 23 0.464551
1248 1.88895e+22 2.31362e+19 2.13392e+06 74 23.7607 21 0.429085
1249 1.18059e+21 2.15094e+18 2.14681e+06 70 24.126 21 0.440219
1250 9.44473e+21 1.13383e+19 561096 73 22.9795 19 0.419499
1251 3.77789e+22 4.24967e+19 555169 75 21.9893 19 0.405047
1252 1.18059e+21 2.0811e+18 554659 70 22.2051 19 0.407792
1253 2.36118e+21 3.95186e+18 89766.5 71 19.9961 16 0.366805
1254 3.77789e+22 4.28893e+19 159652 75 20.3994 17 0.374457
1255 3.86856e+25 3.78765e+22 162046 85 21.2715 17 0.393261
1256 3.02231e+23 3.02931e+20 154640 78 20.8398 17 0.384419
1257 3.02231e+23 3.45157e+20 2.13381e+06 78 23.6494 21 0.435118
1258 2.41785e+24 2.39763e+21 4.24174e+06 81 23.8467 22 0.436809
1259 3.77789e+22 5.92248e+19 1.68318e+07 75 24.9639 24 0.455439
1260 3.77789e+22 6.01172e+19 2.14271e+06 75 23.1504 21 0.427618
1261 1.51116e+23 1.58369e+20 1.08208e+06 77 22.5996 20 0.416126
1262 1.20893e+24 1.20298e+21 8.44101e+06 80 24.9004 23 0.456144
1263 7.55579e+22 8.78155e+19 3.36107e+07 76 25.7793 25 0.471138
1264 3.02231e+23 3.0824e+20 1.68375e+07 78 25.209 24 0.459931
1265 2.36118e+21 6.63103e+18 1.68303e+07 71 25.0977 24 0.449389
1266 1.18059e+21 2.73477e+18 1.68332e+07 70 24.6895 24 0.446102
1267 9.44473e+21 1.32923e+19 3.36228e+07 73 25.6621 25 0.460835
1268 2.41785e+24 2.44294e+21 3.3607e+07 81 25.543 25 0.463191
1269 1.51116e+23 3.0252e+20 1.34285e+08 77 26.8975 27 0.486545
1270 2.36118e+21 3.88498e+18 1.6827e+07 71 24.4102 24 0.439502
1271 1.18059e+21 4.0793e+18 1.68272e+07 70 24.0801 24 0.429037
1272 5.90296e+20 1.31443e+18 1.09408e+06 69 22.4062 20 0.400488
1273 2.36118e+21 7.48731e+18 2.14139e+06 71 23.2012 21 0.416245
1274 9.67141e+24 9.46328e+21 4.23585e+06 83 22.7812 22 0.411825
1275 3.86856e+25 3.79592e+22 1.68376e+07 85 26.0908 24 0.478852
1276 9.67141e+24 9.64871e+21 3.36021e+07 83 26.0264 25 0.472422
1277 1.20893e+24 1.32052e+21 1.08995e+06 80 24.4941 20 0.452332
1278 2.41785e+24 2.82002e+21 3.36076e+07 81 26.1338 25 0.479423
1279 7.92282e+28 7.73727e+25 1.08672e+06 96 24.7734 20 0.457609
1280 3.02231e+23 6.15015e+20 296013 78 23.0361 18 0.424149
1281 7.92282e+28 7.73727e+25 2.13938e+06 96 25.8174 21 0.469606
1282 4.8357e+24 4.84967e+21 6.71761e+07 82 28.1572 26 0.515026
1283 1.54743e+26 1.73558e+23 3.36099e+07 87 27.5674 25 0.515338
1284 4.95176e+27 5.44079e+24 2.14099e+06 92 26.0977 21 0.493289
1285 7.92282e+28 8.10763e+25 1.68353e+07 96 27.8115 24 0.524034
1286 9.90352e+27 2.48808e+25 3.36127e+07 93 28.4736 25 0.534263
1287 7.92282e+28 8.52407e+25 2.13664e+06 96 25.8564 21 0.493213
1288 7.92282e+28 7.92668e+25 1.3427e+08 96 28.1875 27 0.534572
1289 7.92282e+28 1.55068e+26 1.34263e+08 96 28.9023 27 0.544351
1290 6.1897e+26 6.19289e+23 4.23313e+06 89 26.252 22 0.500206
1291 7.92282e+28 7.75246e+25 1.0862e+06 96 25.9082 20 0.493696
1292 9.67141e+24 1.21393e+22 163115 83 22.7568 17 0.427858
1293 4.95176e+27 4.84045e+24 555077 92 23.9404 19 0.462167
1294 4.95176e+27 7.94349e+24 1.68326e+07 92 25.9609 24 0.495204
1295 9.90352e+27 9.68377e+24 1.08538e+06 93 23.6465 20 0.449687
1296 1.20893e+24 3.99839e+21 1.34274e+08 80 26.8643 27 0.50284
1297 3.09485e+26 3.04253e+23 1.68334e+07 88 25.1797 24 0.469336
1298 1.9807e+28 1.93928e+25 1.68288e+07 94 25.6318 24 0.473242
1299 7.92282e+28 7.73975e+25 3.36131e+07 96 26.3848 25 0.489847
1300 7.92282e+28 7.73717e+25 2.13365e+06 96 23.7871 21 0.432582
1301 7.55579e+22 1.70784e+20 8.43341e+06 76 24.1777 23 0.444776
1302 7.92282e+28 7.73793e+25 8.43329e+06 96 24.249 23 0.441019
1303 1.93428e+25 1.94657e+22 8.43945e+06 84 24.6367 23 0.449749
1304 7.92282e+28 2.32266e+26 4.23874e+06 96 23.4072 22 0.420751
1305 6.1897e+26 6.09365e+23 1.07979e+06 89 21.8994 20 0.401378
1306 6.04463e+23 9.12882e+20 4.23951e+06 79 23.2529 22 0.430458
1307 2.41785e+24 5.3616e+21 4.24286e+06 81 23.7568 22 0.434546
1308 1.51116e+23 2.06962e+20 2.13836e+06 77 22.665 21 0.414806
1309 1.23794e+27 1.81343e+24 2.14034e+06 90 23.5 21 0.425265
1310 1.51116e+23 2.15329e+20 3.36054e+07 77 24.9883 25 0.455418
1311 3.09485e+26 3.03512e+23 561723 88 22.6162 19 0.41027
1312 6.04463e+23 6.13401e+20 1.6834e+07 79 24.3975 24 0.444368
1313 7.92282e+28 7.73714e+25 1.09146e+06 96 23.2275 20 0.430376
1314 4.8357e+24 4.84785e+21 4.23823e+06 82 23.8467 22 0.442632
1315 7.73713e+25 7.6744e+22 292947 86 20.96 18 0.376566
1316 1.20893e+24 1.21586e+21 2.14129e+06 80 22.8418 21 0.419615
1317 1.23794e+27 1.20943e+24 560801 90 21.4141 19 0.391373
1318 1.93428e+25 1.89143e+22 288873 84 19.9316 18 0.378401
1319 3.77789e+22 5.87661e+19 89902.8 75 18.8691 16 0.344435
1320 7.92282e+28 7.76735e+25 158548 96 19.9111 17 0.359635
1321 1.9807e+28 1.9343e+25 294348 94 21.4336 18 0.394705
1322 7.92282e+28 7.73716e+25 294975 96 20.1172 18 0.369386
1323 1.18059e+21 4.28035e+18 1.08426e+06 70 20.4238 20 0.374877
1324 1.20893e+24 1.2864e+21 291425 80 19.7178 18 0.363938
1325 6.04463e+23 6.00797e+20 554425 79 20.3584 19 0.376282
1326 3.02231e+23 2.97586e+20 286583 78 19.9805 18 0.365948
1327 3.02231e+23 4.67799e+20 8.44066e+06 78 23.8604 23 0.435911
1328 1.9807e+28 1.93434e+25 4.24438e+06 94 23.3135 22 0.420266
1329 6.1897e+26 7.55716e+23 4.2389e+06 89 23.332 22 0.429444
1330 1.93428e+25 1.91586e+22 558248 84 20.918 19 0.38033
1331 1.51116e+23 3.42829e+20 1.08572e+06 77 21.9756 20 0.410535
1332 3.09485e+26 3.78105e+23 1.07984e+06 88 21.751 20 0.401083
1333 3.09485e+26 3.0361e+23 4.24329e+06 88 23.8975 22 0.441777
1334 7.92282e+28 7.79762e+25 4.23733e+06 96 23.1396 22 0.41949
1335 3.09485e+26 3.0259e+23 1.08601e+06 88 21.1523 20 0.387682
1336 3.02231e+23 7.48634e+20 2.14009e+06 78 22.5791 21 0.415249
1337 3.77789e+22 3.75819e+19 2.143e+06 75 22.9414 21 0.418498
1338 2.36118e+21 4.20675e+18 4.23907e+06 71 23.1641 22 0.418256
1339 2.36118e+21 3.96546e+18 4.23951e+06 71 23.3447 22 0.423491
1340 7.55579e+22 1.33934e+20 4.24485e+06 76 23.6719 22 0.433929
1341 7.92282e+28 1.54743e+26 1.08658e+06 96 21.6387 20 0.398268
1342 3.77789e+22 3.87894e+19 560035 75 21.3574 19 0.390322
1343 4.8357e+24 4.72517e+21 160904 82 19.2129 17 0.351247
1344 7.73713e+25 8.03184e+22 289003 86 19.9453 18 0.363721
1345 3.09485e+26 3.02233e+23 557178 88 21.4707 19 0.388793
1346 6.04463e+23 5.92411e+20 159470 79 18.9219 17 0.343489
1347 3.02231e+23 4.43366e+20 554238 78 20.7539 19 0.377236
1348 7.55579e+22 1.22931e+20 1.07025e+06 76 21.7266 20 0.398366
1349 1.18059e+21 1.69023e+18 560801 70 21.3164 19 0.388105
1350 1.88895e+22 2.38588e+19 1.08298e+06 74 22.0615 20 0.40372
1351 1.51116e+23 1.7283e+20 4.22375e+06 77 23.8242 22 0.43278
1352 3.77789e+22 8.64843e+19 3.36155e+07 75 25.9639 25 0.480084
1353 7.55579e+22 1.96665e+20 4.24255e+06 76 24.0566 22 0.441445
1354 6.1897e+26 6.04467e+23 8.44298e+06 89 23.5107 23 0.428305
1355 3.77789e+22 6.60954e+19 557133 75 21.2529 19 0.388075
1356 5.90296e+20 3.03283e+18 2.13948e+06 69 22.6885 21 0.424417
1357 4.8357e+24 4.72512e+21 555631 82 21.418 19 0.395464
1358 7.73713e+25 7.57592e+22 1.68318e+07 86 25.2666 24 0.465862
1359 7.92282e+28 7.7373e+25 1.07968e+06 96 21.5645 20 0.404397
1360 9.67141e+24 1.20525e+22 1.08891e+06 83 22.9756 20 0.42564
1361 3.02231e+23 3.92216e+20 558160 78 21.2637 19 0.399376
1362 3.02231e+23 3.00822e+20 163986 78 19.999 17 0.38244
1363 7.55579e+22 9.11964e+19 1.68257e+07 76 24.3613 24 0.457533
1364 1.9807e+28 1.9343e+25 3.36056e+07 94 26.6953 25 0.507318
1365 1.23794e+27 1.36016e+24 4.23574e+06 90 25.3252 22 0.480359
1366 1.20893e+24 1.88689e+21 1.68228e+07 80 25.4102 24 0.474179
1367 3.86856e+25 4.73775e+22 2.14314e+06 85 24.791 21 0.463293
1368 9.67141e+24 1.21718e+22 294230 83 22.7842 18 0.433951
1369 6.1897e+26 6.81642e+23 1.08407e+06 89 24.2334 20 0.459102
1370 7.92282e+28 7.85804e+25 1.08519e+06 96 24.8125 20 0.472193
1371 7.92282e+28 7.8005e+25 4.23003e+06 96 26.9775 22 0.518226
1372 4.8357e+24 6.98995e+21 4.22766e+06 82 25.7783 22 0.489168
1373 4.95176e+27 7.27836e+24 4.23212e+06 92 26.1699 22 0.499201
1374 1.23794e+27 1.26804e+24 2.13887e+06 90 24.8984 21 0.474435
1375 1.9807e+28 1.95852e+25 1.09e+06 94 25.6016 20 0.495988
1376 3.09485e+26 3.02949e+23 554659 88 24.8096 19 0.470115
1377 7.73713e+25 1.1417e+23 552055 86 24.2725 19 0.46635
1378 7.92282e+28 1.64738e+26 2.13943e+06 96 25.6943 21 0.481435
1379 1.23794e+27 1.37903e+24 155791 90 22.6133 17 0.432385
1380 9.90352e+27 1.93478e+25 2.13569e+06 93 24.7715 21 0.477842
1381 7.92282e+28 1.55955e+26 1.08529e+06 96 24.5557 20 0.462446
1382 7.92282e+28 1.5539e+26 554798 96 23.6904 19 0.449694
1383 9.90352e+27 2.05554e+25 1.08015e+06 93 23.7949 20 0.453155
1384 7.92282e+28 8.10126e+25 560377 96 23.5918 19 0.448131
1385 7.92282e+28 8.10054e+25 289735 96 22.5 18 0.433026
1386 7.92282e+28 7.75331e+25 92807.7 96 21.5859 16 0.407195
1387 7.92282e+28 1.94049e+26 1.68252e+07 96 27.0762 24 0.510548
1388 9.90352e+27 9.70989e+24 296127 93 23.3281 18 0.439237
1389 7.92282e+28 9.95862e+25 161704 96 22.4648 17 0.423551
1390 1.54743e+26 1.63401e+23 292047 87 22.1494 18 0.410297
1391 9.67141e+24 1.94295e+22 1.09076e+06 83 24.6416 20 0.45375
1392 7.92282e+28 2.32116e+26 1.0849e+06 96 24.1914 20 0.441931
1393 7.92282e+28 1.54744e+26 561681 96 23.7266 19 0.442476
1394 7.92282e+28 8.22838e+25 555447 96 23.457 19 0.443459
1395 4.95176e+27 6.14001e+24 2.13451e+06 92 24.9082 21 0.475468
1396 7.92282e+28 1.72624e+26 559127 96 24.4102 19 0.471707
1397 7.92282e+28 1.17285e+26 91304.9 96 22.5576 16 0.438246
1398 7.92282e+28 1.59884e+26 55740.4 96 21.3438 15 0.40948
1399 1.23794e+27 1.29563e+24 22512.8 90 19.5674 13 0.383182
1400 7.92282e+28 1.70472e+26 295594 96 23.8867 18 0.462701
1401 1.23794e+27 1.89321e+24 1.07953e+06 90 25.1016 20 0.479153
1402 3.09485e+26 3.12407e+23 153672 88 22.1064 17 0.421643
1403 1.9807e+28 2.90737e+25 288612 94 22.3799 18 0.428464
1404 7.92282e+28 2.32813e+26 287781 96 23.9014 18 0.467585
1405 9.90352e+27 9.83548e+24 152152 93 22.9229 17 0.448977
1406 7.92282e+28 8.70459e+25 155673 96 22.0303 17 0.420888
1407 7.92282e+28 7.78262e+25 57028.4 96 20.2422 15 0.398218
1408 7.92282e+28 1.60945e+26 1.08157e+06 96 25.3477 20 0.477969
1409 4.95176e+27 5.29667e+24 1.08162e+06 92 24.7891 20 0.471845
1410 7.92282e+28 7.73954e+25 53613.2 96 20.2666 15 0.392994
1411 3.09485e+26 4.59048e+23 159214 88 21.8945 17 0.425182
1412 9.90352e+27 9.69106e+24 156143 93 21.7617 17 0.42454
1413 3.96141e+28 3.92949e+25 33851.5 95 19.2617 14 0.376929
1414 7.92282e+28 1.22121e+26 557715 96 23.584 19 0.460152
1415 7.92282e+28 2.41795e+26 55296.6 96 20.3125 15 0.398332
1416 3.96141e+28 3.982e+25 556545 95 22.7656 19 0.448939
1417 7.92282e+28 1.74238e+26 4.23699e+06 96 25.9121 22 0.494957
1418 7.92282e+28 7.7867e+25 560078 96 24.4111 19 0.469255
1419 7.92282e+28 7.88223e+25 292006 96 22.7832 18 0.447432
1420 3.09485e+26 4.60128e+23 4.24088e+06 88 26.8545 22 0.52013
1421 7.92282e+28 1.15606e+26 3.36073e+07 96 27.3037 25 0.514933
1422 7.92282e+28 3.97843e+26 8.44197e+06 96 27.6504 23 0.52991
1423 7.92282e+28 2.01826e+26 1.68235e+07 96 27.2441 24 0.517511
1424 4.95176e+27 8.49224e+24 8.43922e+06 92 26.8428 23 0.517425
1425 4.95176e+27 1.09869e+25 8.42431e+06 92 26.8848 23 0.51339
1426 7.92282e+28 2.56929e+26 8.43787e+06 96 26.9111 23 0.517844
1427 7.92282e+28 8.02744e+25 2.13473e+06 96 25.1377 21 0.485544
1428 7.92282e+28 9.50357e+25 558071 96 23.4951 19 0.464017
1429 6.1897e+26 6.72374e+23 2.14433e+06 89 25.1465 21 0.486771
1430 7.92282e+28 9.92123e+25 4.2362e+06 96 26.2725 22 0.505421
1431 7.92282e+28 7.84378e+25 6.71671e+07 96 28.6855 26 0.54388
1432 7.92282e+28 2.39449e+26 8.44864e+06 96 26.8965 23 0.511052
1433 1.23794e+27 2.08725e+24 4.23476e+06 90 25.6562 22 0.486896
1434 7.92282e+28 2.46742e+26 4.23733e+06 96 25.5391 22 0.482604
1435 1.9807e+28 2.69145e+25 1.08682e+06 94 24.4502 20 0.464532
1436 7.92282e+28 8.0479e+25 8.4391e+06 96 26.3184 23 0.496578
1437 7.92282e+28 1.06446e+26 6.71718e+07 96 27.8438 26 0.527986
1438 7.92282e+28 2.03427e+26 3.36203e+07 96 27.3662 25 0.519722
1439 7.92282e+28 2.5183e+26 3.36058e+07 96 26.8691 25 0.504986
1440 7.92282e+28 1.77799e+26 3.36101e+07 96 26.6348 25 0.49947
1441 7.92282e+28 1.62386e+26 1.68292e+07 96 26.0322 24 0.485253
1442 7.92282e+28 3.34889e+26 3.36169e+07 96 26.792 25 0.501133
1443 7.92282e+28 2.3299e+26 4.24126e+06 96 25.4189 22 0.47902
1444 7.92282e+28 2.36668e+26 8.43494e+06 96 24.3916 23 0.459082
1445 7.92282e+28 3.53202e+26 1.68312e+07 96 26.1064 24 0.490199
1446 7.92282e+28 1.57237e+26 3.36083e+07 96 26.3252 25 0.496269
1447 7.92282e+28 1.96167e+26 3.3607e+07 96 26.542 25 0.501824
1448 7.92282e+28 4.06237e+26 1.68336e+07 96 26.0537 24 0.496107
1449 7.92282e+28 1.68044e+26 1.68323e+07 96 25.6934 24 0.487151
1450 7.92282e+28 2.35188e+26 1.34273e+08 96 28.1533 27 0.523739
1451 7.92282e+28 3.10876e+26 4.24602e+06 96 25.3252 22 0.475299
1452 7.92282e+28 2.44422e+26 1.68245e+07 96 26.5332 24 0.506792
1453 7.92282e+28 2.49327e+26 1.34282e+08 96 29.2578 27 0.555131
1454 7.92282e+28 2.45497e+26 2.13392e+06 96 25.0547 21 0.479361
1455 7.92282e+28 4.69706e+26 8.43746e+06 96 26.3359 23 0.498904
1456 7.92282e+28 2.959e+26 4.23962e+06 96 25.7842 22 0.491193
1457 7.92282e+28 9.22524e+25 1.3428e+08 96 29.292 27 0.547256
1458 7.92282e+28 2.87964e+26 1.34265e+08 96 29.084 27 0.552951
1459 7.92282e+28 2.4148e+26 1.68317e+07 96 26.1973 24 0.506199
1460 7.92282e+28 3.48928e+26 3.36036e+07 96 26.9463 25 0.51811
1461 7.92282e+28 2.27328e+26 1.68321e+07 96 26.8506 24 0.509366
1462 7.92282e+28 2.05697e+26 8.43957e+06 96 27.043 23 0.509402
1463 7.92282e+28 3.58055e+26 3.36124e+07 96 28.0723 25 0.531358
1464 7.92282e+28 1.64522e+26 6.71679e+07 96 27.4219 26 0.522563
1465 7.92282e+28 1.33818e+26 1.34285e+08 96 29.5254 27 0.564225
1466 7.92282e+28 1.99953e+26 2.68505e+08 96 29.6631 28 0.559002
1467 7.92282e+28 3.30076e+26 8.43055e+06 96 26.6074 23 0.507668
1468 7.92282e+28 1.0276e+26 3.3616e+07 96 28.291 25 0.53666
1469 7.92282e+28 2.49505e+26 1.34279e+08 96 29.3564 27 0.562773
1470 7.92282e+28 3.17588e+26 1.68271e+07 96 27.4209 24 0.527146
1471 7.92282e+28 4.9629e+26 1.68282e+07 96 28.0625 24 0.539595
1472 7.92282e+28 1.77329e+26 1.089e+06 96 25.3301 20 0.493929
1473 7.92282e+28 1.03564e+26 3.36154e+07 96 28.2285 25 0.527773
1474 7.92282e+28 4.37552e+26 5.36946e+08 96 30.9893 29 0.584263
1475 7.92282e+28 8.50192e+25 3.36143e+07 96 28.6709 25 0.544031
1476 7.92282e+28 4.04451e+26 6.7175e+07 96 29.417 26 0.559587
1477 7.92282e+28 4.68511e+26 3.36064e+07 96 28.4639 25 0.538588
1478 7.92282e+28 1.68978e+26 3.36074e+07 96 27.3906 25 0.52024
1479 7.92282e+28 3.24511e+26 1.6824e+07 96 27.125 24 0.502622
1480 7.92282e+28 4.70486e+26 4.24072e+06 96 26.6816 22 0.506863
1481 7.92282e+28 5.46059e+26 4.23705e+06 96 25.9961 22 0.485776
1482 7.92282e+28 3.3881e+26 1.68297e+07 96 27.3223 24 0.509928
1483 9.90352e+27 1.47024e+25 4.23499e+06 93 24.542 22 0.465098
1484 7.92282e+28 8.07439e+25 1.68274e+07 96 26.5996 24 0.49738
1485 7.92282e+28 2.73399e+26 8.43137e+06 96 25.8984 23 0.482249
1486 7.92282e+28 5.51935e+26 3.36158e+07 96 28.0244 25 0.525787
1487 7.92282e+28 8.15946e+26 1.6823e+07 96 27.4746 24 0.524377
1488 7.92282e+28 3.15032e+26 1.68275e+07 96 26.7451 24 0.514563
1489 7.92282e+28 3.78159e+26 1.68287e+07 96 27.665 24 0.525035
1490 7.92282e+28 1.65956e+26 1.68263e+07 96 27.3096 24 0.518716
1491 7.92282e+28 4.06504e+26 6.71729e+07 96 29.7139 26 0.565307
1492 7.92282e+28 7.29342e+26 1.68361e+07 96 27.8203 24 0.526639
1493 7.92282e+28 2.5041e+26 6.71587e+07 96 28.6631 26 0.535317
1494 7.92282e+28 2.52725e+26 3.3612e+07 96 28.6885 25 0.549645
1495 7.92282e+28 5.72228e+26 1.68297e+07 96 27.291 24 0.529789
1496 7.92282e+28 6.30199e+26 2.14064e+06 96 25.3232 21 0.489489
1497 7.92282e+28 2.55247e+26 8.4374e+06 96 25.9824 23 0.505439
1498 7.92282e+28 1.65419e+26 8.43212e+06 96 25.2686 23 0.489204
1499 7.92282e+28 2.99757e+26 2.13943e+06 96 25.1484 21 0.488263
