533.56
0 435.127 8.53917 4 2 0.0390625 0 0.0105587
1 110.371 8.30745 4 1 0.0390625 0 0.0105805
2 435.151 10.4981 5 2 0.0556641 0 0.0108046
3 435.127 10.2348 5 2 0.0488281 0 0.0108124
4 434.902 10.3675 5 2 0.0527344 0 0.0110553
5 435.151 10.7816 5 2 0.0449219 0 0.0111047
6 435.053 10.6932 5 2 0.0507812 0 0.0111335
7 435 9.30271 5 2 0.0380859 0 0.0111723
8 434.954 10.6003 5 2 0.0498047 0 0.0111221
9 434.954 10.6326 5 2 0.0517578 0 0.0113272
10 434.818 10.8085 5 2 0.0507812 0 0.0116358
11 435.151 11.836 5 2 0.0634766 0 0.0111526
12 435.127 10.551 5 2 0.0517578 0 0.0109455
13 435.149 10.7271 5 2 0.0537109 0 0.011114
14 434.818 11.5922 5 2 0.0576172 0 0.0111385
15 435.149 11.2951 6 2 0.0537109 0 0.011183
16 435.149 11.3427 6 2 0.0537109 0 0.0112888
17 435.117 11.6537 6 2 0.0576172 0 0.0112402
18 435.151 9.98814 6 2 0.0419922 0 0.0112735
19 435.151 11.383 6 2 0.0566406 0 0.0114484
20 434.954 11.8854 6 2 0.0615234 0 0.0112397
21 435.053 10.5783 6 2 0.0498047 0 0.0112702
22 435.149 10.8407 6 2 0.0478516 0 0.0114832
23 435.127 12.5336 6 2 0.0615234 0 0.0117623
24 434.954 11.5856 6 2 0.0537109 0 0.0115824
25 435.117 14.9671 6 2 0.0839844 0 0.0113698
26 435.053 13.0587 6 2 0.0644531 0 0.0115423
27 435.149 11.3455 6 2 0.0527344 0 0.0115826
28 111.937 10.7746 6 1 0.0527344 0 0.0113372
29 435.149 12.4176 6 2 0.0644531 0 0.0114757
30 434.639 11.7257 6 2 0.0576172 0 0.0115656
31 435.151 11.7867 6 2 0.0546875 0 0.0115351
32 435.151 11.1856 6 2 0.046875 0 0.0116449
33 435.151 12.2363 6 2 0.0566406 0 0.0116298
34 435.117 13.822 6 2 0.0703125 0 0.0119199
35 435.117 12.5184 6 2 0.0566406 0 0.0116359
36 1841.02 14.2338 6 4 0.0664062 0 0.0117013
37 435.127 12.7879 6 2 0.0625 0 0.0117469
38 435.127 11.6564 6 2 0.0517578 0 0.0116039
39 435.127 11.4049 6 2 0.0527344 0 0.0116704
40 434.818 11.922 6 2 0.0576172 0 0.0116266
41 435.127 13.5629 6 2 0.0693359 0 0.0118302
42 435.149 14.0371 6 2 0.0712891 0 0.0116504
43 434.412 11.7955 6 2 0.0546875 0 0.011732
44 111.937 12.357 6 1 0.0634766 0 0.0116923
45 434.639 11.2695 6 2 0.0488281 0 0.0117464
46 435.127 14.8443 6 2 0.0761719 0 0.01173
47 435.151 13.6197 6 2 0.0703125 0 0.0118271
48 435.127 14.9929 7 2 0.0830078 0 0.0118297
49 1011.31 14.3584 7 3 0.0644531 0 0.0120879
50 435.151 13.5128 7 2 0.0625 0 0.011893
51 435.149 15.2009 7 2 0.0751953 0 0.0119831
52 435.076 13.017 6 2 0.0644531 0 0.0117799
53 435.053 13.2554 7 2 0.0664062 0 0.01178
54 435.151 14.9416 7 2 0.0732422 0 0.011797
55 435.151 13.2566 7 2 0.0654297 0 0.0118448
56 435.149 14.509 7 2 0.0742188 0 0.0119257
57 435.127 14.3197 7 2 0.0771484 0 0.0118581
58 435.127 14.2662 7 2 0.0732422 0 0.0118771
59 435.127 14.0523 7 2 0.0693359 0 0.0119859
60 1009.59 14.8004 7 3 0.0654297 0 0.0119307
61 435.151 15.6265 7 2 0.0820312 0 0.012522
62 435.151 13.7917 7 2 0.0664062 0 0.0120861
63 435.149 18.1979 7 2 0.100586 0 0.0120834
64 435.127 15.3072 7 2 0.0742188 0 0.0120353
65 435.149 16.2332 7 2 0.0898438 0 0.0120394
66 435.117 16.3808 7 2 0.09375 0 0.012111
67 435.151 14.6155 7 2 0.0742188 0 0.0120719
68 435.151 13.8239 7 2 0.0673828 0 0.0120098
69 435.151 14.9679 7 2 0.0761719 0 0.012172
70 435.127 15.6689 7 2 0.0830078 0 0.012543
71 1008.92 17.1561 8 3 0.09375 0 0.0122903
72 435.149 14.712 7 2 0.078125 0 0.0121165
73 435.149 16.528 8 2 0.0839844 0 0.0121797
74 435.149 18.501 8 2 0.106445 0 0.0123011
75 435.151 15.9343 8 2 0.0810547 0 0.0124066
76 435.151 17.8163 8 2 0.0917969 0 0.0128629
77 1009.59 16.8811 7 3 0.0917969 0 0.0122513
78 435.127 16.3688 8 2 0.0820312 0 0.0123467
79 435.149 15.9771 8 2 0.0859375 0 0.0123197
80 435.151 16.8301 8 2 0.0878906 0 0.0127281
81 1008.92 19.0509 8 3 0.0996094 0 0.0124513
82 435.127 15.7191 8 2 0.0820312 0 0.0123928
83 435.151 16.8856 8 2 0.0927734 0 0.0123405
84 435.151 19.1714 8 2 0.104492 0 0.0124771
85 435.149 17.5372 8 2 0.0849609 0 0.0123751
86 435.151 19.4056 8 2 0.112305 0 0.0123521
87 1010.21 20.112 8 3 0.107422 0 0.0124727
88 435.151 17.0278 8 2 0.0898438 0 0.0125323
89 435.151 18.536 8 2 0.100586 0 0.012481
90 435.151 17.1438 8 2 0.0908203 0 0.0124576
91 435.149 17.0106 8 2 0.0917969 0 0.0123838
92 435.151 21.608 8 2 0.120117 0 0.0125376
93 1008.92 22.1825 8 3 0.130859 0 0.012541
94 435.151 20.1096 8 2 0.112305 0 0.01258
95 435.151 23.4771 8 2 0.134766 0 0.0129287
96 435.151 25.3089 8 2 0.150391 0 0.0127332
97 1011.31 22.7793 8 3 0.138672 0 0.0126411
98 1009.59 22.3 8 3 0.125977 0 0.0128435
99 435.151 21.3374 8 2 0.129883 0 0.012743
100 435.151 19.7774 8 2 0.106445 0 0.0125621
101 1008.92 22.5499 8 3 0.129883 0 0.0127812
102 1009.59 23.8926 8 3 0.130859 0 0.0128548
103 435.127 22.3188 8 2 0.12793 0 0.0128652
104 1010.21 25.4422 9 3 0.146484 0 0.0130009
105 1012.18 23.7157 9 3 0.136719 0 0.0127859
106 1011.78 25.586 9 3 0.146484 0 0.01279
107 435.151 21.9945 8 2 0.12793 0 0.0129689
108 435.151 23.1971 9 2 0.138672 0 0.0136068
109 1010.21 23.9325 9 3 0.139648 0 0.0131562
110 435.151 26.9908 9 2 0.166016 0 0.0134082
111 435.149 22.4058 9 2 0.135742 0 0.0136599
112 1008.92 26.9928 9 3 0.157227 0 0.0132477
113 1011.31 30.3345 9 3 0.181641 0 0.0131716
114 435.151 27.5708 9 2 0.170898 0 0.0130368
115 1005.85 26.3823 9 3 0.151367 0 0.0130748
116 435.151 24.1216 9 2 0.142578 0 0.0130717
117 1008.92 25.9339 9 3 0.147461 0 0.0131369
118 435.151 26.0806 9 2 0.15918 0 0.0131236
119 1010.21 26.4527 9 3 0.151367 0 0.0131679
120 1008.92 28.3999 9 3 0.165039 0 0.01396
121 1843.9 28.7475 9 4 0.158203 0 0.0130735
122 1007.46 24.8581 9 3 0.146484 0 0.0130875
123 435.151 27.2852 9 2 0.15918 0 0.0135116
124 1009.59 28.2688 9 3 0.167969 0 0.01306
125 435.151 30.0661 9 2 0.175781 0 0.013187
126 435.149 29.7433 9 2 0.186523 0 0.0132927
127 1008.92 31.0742 9 3 0.181641 0 0.0131261
128 1008.92 31.3347 9 3 0.19043 0 0.0132209
129 435.151 31.1293 9 2 0.192383 0 0.013453
130 1010.21 28.9226 9 3 0.170898 0 0.0133687
131 1009.59 30.7872 9 3 0.1875 0 0.0133359
132 1011.31 32.9045 9 3 0.197266 0 0.0134238
133 435.149 28.9629 9 2 0.183594 0 0.0134386
134 1009.59 30.5371 9 3 0.192383 0 0.0134916
135 1012.18 29.0568 9 3 0.178711 0 0.0135162
136 435.151 32.0527 9 2 0.208008 0 0.0137263
137 1010.79 33.7492 9 3 0.201172 0 0.0136544
138 435.149 30.4612 9 2 0.192383 0 0.0136027
139 435.151 34.0993 9 2 0.204102 0 0.0136261
140 435.151 33.7029 9 2 0.21582 0 0.0136611
141 1009.59 38.1636 9 3 0.225586 0 0.0137739
142 1008.92 31.7295 9 3 0.188477 0 0.0135917
143 435.151 34.9399 9 2 0.217773 0 0.0136373
144 1008.92 36.2765 9 3 0.224609 0 0.013741
145 435.151 32.8802 9 2 0.208008 0 0.0137568
146 435.149 32.3226 9 2 0.210938 0 0.0136141
147 435.151 34.5742 9 2 0.222656 0 0.0136355
148 1011.31 35.6907 9 3 0.220703 0 0.013701
149 435.151 35.5051 9 2 0.233398 0 0.013719
150 1008.92 36.4911 9 3 0.232422 0 0.0137613
151 1008.21 33.285 9 3 0.21582 0 0.013649
152 1007.46 38.1909 9 3 0.246094 0 0.0138994
153 1009.59 36.8339 9 3 0.230469 0 0.0138499
154 435.151 34.7245 9 2 0.222656 0 0.013741
155 435.151 37.0042 9 2 0.243164 0 0.0139753
156 1845.26 40.5592 9 4 0.245117 0 0.0137562
157 435.151 38.217 9 2 0.246094 0 0.0136626
158 435.151 37.3809 10 2 0.248047 0 0.0138588
159 1011.31 41.1156 10 3 0.253906 0 0.0138427
160 1012.52 45.3231 10 3 0.273438 0 0.0139611
161 435.151 39.8036 10 2 0.266602 0 0.014036
162 1010.21 39.2099 10 3 0.258789 0 0.0139973
163 1009.59 40.0689 9 3 0.251953 0 0.0139146
164 435.151 37.4292 10 2 0.25293 0 0.0139446
165 1011.31 42.6031 10 3 0.270508 0 0.014019
166 1010.79 40.0802 10 3 0.249023 0 0.013974
167 1008.21 41.0844 10 3 0.264648 0 0.0140317
168 1011.78 38.7743 10 3 0.249023 0 0.0139845
169 1011.31 50.239 11 3 0.313477 0 0.0140068
170 435.151 45.0279 10 2 0.300781 0 0.0139825
171 1010.21 42.6128 11 3 0.283203 0 0.0145144
172 435.151 41.0786 10 2 0.263672 0 0.0139827
173 435.151 41.1442 10 2 0.269531 0 0.0140297
174 435.151 40.1848 10 2 0.260742 0 0.0141175
175 1843.9 44.9562 11 4 0.28418 0 0.0139793
176 1009.59 43.9464 11 3 0.286133 0 0.0141623
177 1010.79 39.9996 11 3 0.24707 0 0.0140638
178 1009.59 44.8034 10 3 0.285156 0 0.0140073
179 1010.21 46.8553 11 3 0.298828 0 0.0141038
180 435.151 39.9955 10 2 0.261719 0 0.0139301
181 435.151 41.9473 11 2 0.273438 0 0.0140709
182 1009.59 45.4262 11 3 0.295898 0 0.0140455
183 1009.59 44.9392 11 3 0.291016 0 0.0142348
184 1010.21 45.2104 11 3 0.286133 0 0.0141122
185 1008.92 42.043 10 3 0.268555 0 0.0140653
186 1011.31 45.7792 11 3 0.298828 0 0.0140642
187 1011.31 47.9206 11 3 0.294922 0 0.014122
188 1010.21 43.7996 11 3 0.285156 0 0.0140769
189 435.151 43.336 11 2 0.283203 0 0.0141125
190 1008.92 48.7593 11 3 0.313477 0 0.0140834
191 435.151 42.2342 11 2 0.283203 0 0.0141006
192 1008.92 45.5339 11 3 0.292969 0 0.0142427
193 435.151 45.4417 11 2 0.305664 0 0.0142548
194 1009.59 41.193 11 3 0.257812 0 0.0141267
195 1008.92 45.8955 11 3 0.311523 0 0.0141541
196 1008.92 43.4163 11 3 0.289062 0 0.0142369
197 1843.9 46.5912 11 4 0.294922 0 0.014295
198 1011.31 45.6373 11 3 0.289062 0 0.014183
199 1008.92 48.4609 11 3 0.31543 0 0.0145798
200 1008.92 48.0632 11 3 0.319336 0 0.0141593
201 1010.79 49.4289 12 3 0.327148 0 0.0142181
202 1008.92 48.1762 11 3 0.302734 0 0.0142059
203 435.151 46.7884 11 2 0.311523 0 0.0141569
204 1011.78 52.4577 11 3 0.326172 0 0.0143862
205 1008.92 51.4793 12 3 0.34082 0 0.014347
206 1012.18 53.009 12 3 0.339844 0 0.0143696
207 1011.31 47.9193 11 3 0.314453 0 0.0144716
208 1010.21 49.4273 11 3 0.314453 0 0.0143455
209 1008.92 42.3115 12 3 0.283203 0 0.0144242
210 1010.79 46.7091 12 3 0.301758 0 0.0146586
211 1008.92 50.5606 12 3 0.330078 0 0.014442
212 1009.59 45.5215 12 3 0.297852 0 0.0145348
213 435.151 49.2614 12 2 0.333008 0 0.0144585
214 1010.21 48.7672 12 3 0.316406 0 0.0144806
215 435.151 48.253 12 2 0.30957 0 0.0145901
216 1011.31 48.2804 11 3 0.313477 0 0.0142961
217 1011.31 51.5652 12 3 0.311523 0 0.0145104
218 435.151 42.7751 12 2 0.291016 0 0.0145922
219 1011.78 50.1323 12 3 0.321289 0 0.0146479
220 435.151 47.4488 12 2 0.318359 0 0.0146007
221 1009.59 52.6443 12 3 0.335938 0 0.0147303
222 1010.79 51.2037 12 3 0.319336 0 0.0150304
223 1008.92 52.247 13 3 0.348633 0 0.0147968
224 1011.31 49.974 13 3 0.321289 0 0.0148319
225 1012.18 51.0612 13 3 0.327148 0 0.0149119
226 1011.31 48.8493 13 3 0.31543 0 0.0147728
227 1008.92 49.1223 13 3 0.310547 0 0.0148544
228 1008.92 46.8368 13 3 0.300781 0 0.0149941
229 1008.92 54.5843 13 3 0.351562 0 0.0151242
230 1011.31 47.4802 13 3 0.3125 0 0.0149979
231 1010.21 52.2118 13 3 0.339844 0 0.0150855
232 1008.92 57.2311 13 3 0.356445 0 0.0156166
233 1011.31 50.5482 13 3 0.322266 0 0.0153262
234 1011.31 56.8841 13 3 0.350586 0 0.0153451
235 1007.46 51.5034 13 3 0.321289 0 0.015444
236 1008.92 56.9163 13 3 0.350586 0 0.0154389
237 1008.21 55.2296 13 3 0.34082 0 0.0156503
238 1010.79 60.4472 13 3 0.368164 0 0.015561
239 1007.46 51.1064 13 3 0.332031 0 0.0156531
240 1008.92 56.2949 13 3 0.348633 0 0.0154128
241 1011.31 56.4224 13 3 0.350586 0 0.0155411
242 1011.31 60.0223 14 3 0.365234 0 0.0160231
243 1006.68 56.9524 14 3 0.362305 0 0.0161296
244 1008.21 53.8927 14 3 0.342773 0 0.0158619
245 1008.92 53.3569 14 3 0.328125 0 0.0157866
246 1005.85 54.495 15 3 0.354492 0 0.0167575
247 1843.9 59.5282 14 4 0.345703 0 0.0166231
248 1843.9 55.2361 14 4 0.342773 0 0.0162238
249 1008.92 64.5322 15 3 0.396484 0 0.0163629
250 995.918 59.8979 15 3 0.375 0 0.0167362
251 1845.26 67.9518 15 4 0.40625 0 0.016505
252 1842.49 60.2441 15 4 0.349609 0 0.0164676
253 1827.51 60.7559 15 4 0.370117 0 0.0167133
254 2903.85 59.0684 15 5 0.350586 0 0.0172567
255 1831.15 63.0524 16 4 0.369141 0 0.0174517
256 1008.92 64.2141 15 3 0.391602 0 0.0168293
257 1007.46 62.9224 15 3 0.378906 0 0.0172344
258 1007.46 74.7593 17 3 0.43457 0 0.0175528
259 1009.59 66.3141 16 3 0.384766 0 0.0171335
260 1010.21 66.3141 17 3 0.389648 0 0.0179177
261 1011.31 72.3763 17 3 0.407227 0 0.0178012
262 1007.46 63.0677 16 3 0.371094 0 0.017346
263 1836.29 74.2996 17 4 0.418945 0 0.0175918
264 1821.75 71.6276 17 4 0.40918 0 0.0177422
265 1831.15 80.0916 17 4 0.444336 0 0.0179441
266 1793.4 71.1734 19 4 0.416992 0 0.0183678
267 1008.21 69.1781 17 3 0.398438 0 0.0184388
268 1813.59 66.7917 17 4 0.387695 0 0.0183847
269 2856.74 78.6109 19 5 0.439453 0 0.0184622
270 4265.75 79.0225 19 6 0.431641 0 0.0185126
271 1009.59 66.0329 19 3 0.392578 0 0.0187103
272 1837.92 75.2507 21 4 0.439453 0 0.0191461
273 1829.35 74.579 21 4 0.419922 0 0.0189256
274 2921.69 86.4123 21 5 0.454102 0 0.0195304
275 1831.15 83.4907 23 4 0.463867 0 0.0196864
276 1757.8 79.7624 21 4 0.445312 0 0.0196382
277 1791.02 77.7792 22 4 0.442383 0 0.0201685
278 1793.4 82.5846 22 4 0.432617 0 0.0201847
279 1834.62 89.4144 23 4 0.467773 0 0.0206686
280 1010.21 84.4602 26 3 0.46875 0 0.0207075
281 1010.79 82.2571 25 3 0.453125 0 0.0208514
282 1804.91 85.4576 26 4 0.456055 0 0.0212263
283 1825.63 83.6379 25 4 0.446289 0 0.0211934
284 1783.71 89.1232 29 4 0.46875 0 0.021862
285 1827.51 88.7104 26 4 0.455078 0 0.022475
286 1827.51 94.4608 33 4 0.506836 0 0.0230458
287 1831.15 101.101 31 4 0.506836 0 0.0231958
288 2912.97 97.4416 36 5 0.511719 0 0.0237713
289 1811.47 94.7665 34 4 0.50293 0 0.0236274
290 1007.46 96.2194 32 3 0.503906 0 0.0231886
291 1006.68 95.7371 42 3 0.532227 0 0.023611
292 1827.51 94.5467 35 4 0.489258 0 0.0239905
293 1831.15 90.9655 39 4 0.505859 0 0.0240545
294 2803.43 108.689 39 5 0.554688 0 0.0242721
295 1827.51 111.658 35 4 0.546875 0 0.0244305
296 1773.62 106.461 42 4 0.544922 0 0.0246454
297 1811.47 104.539 39 4 0.539062 0 0.0252416
298 1786.17 113.515 43 4 0.573242 0 0.025367
299 1821.75 107.721 38 4 0.545898 0 0.0256703
300 2863.89 100.276 39 5 0.516602 0 0.0251396
301 1791.02 108.751 47 4 0.555664 0 0.026104
302 1002.23 100.826 44 3 0.535156 0 0.026176
303 1006.68 100.074 37 3 0.507812 0 0.0259282
304 1819.76 114.975 45 4 0.570312 0 0.0263958
305 1827.51 109.737 51 4 0.557617 0 0.0267927
306 2891.12 109.13 47 5 0.547852 0 0.0280361
307 2842.09 114.781 49 5 0.56543 0 0.0269607
308 1836.29 108.041 43 4 0.53418 0 0.0266345
309 1809.31 112.721 47 4 0.55957 0 0.0269478
310 2863.89 109.633 48 5 0.542969 0 0.0279312
311 1008.92 106.049 53 3 0.561523 0 0.0271535
312 2884.52 121.57 53 5 0.604492 0 0.0272612
313 4107.95 116.408 50 6 0.574219 0 0.0271729
314 1807.12 110.105 47 4 0.533203 0 0.0277345
315 4261.42 130.309 66 6 0.625977 0 0.0290788
316 1841.02 117.451 51 4 0.588867 0 0.028488
317 1702.88 111.671 52 4 0.564453 0 0.0285275
318 1827.51 125.473 54 4 0.609375 0 0.0285305
319 1800.39 123.155 62 4 0.59668 0 0.0300394
320 1813.59 117.91 53 4 0.569336 0 0.0288977
321 1839.49 116.447 53 4 0.571289 0 0.0288972
322 1817.74 122.882 54 4 0.586914 0 0.0295428
323 1811.47 123.33 53 4 0.583008 0 0.0284333
324 1817.74 110.67 50 4 0.549805 0 0.029763
325 1788.61 121.26 101 4 0.600586 0 0.0298436
326 1809.31 117.713 54 4 0.5625 0 0.0303669
327 1819.76 108.762 76 4 0.558594 0 0.0295702
328 2860.33 120.332 76 5 0.566406 0 0.030285
329 1004.99 104.028 54 3 0.523438 0 0.0300699
330 1773.62 119.783 101 4 0.569336 0 0.0310574
331 2823.1 119.834 101 5 0.575195 0 0.0302832
332 1823.71 112.68 60 4 0.560547 0 0.0291291
333 1791.02 123.062 101 4 0.59668 0 0.0309361
334 1800.39 114.62 54 4 0.553711 0 0.0302356
335 1821.75 107.19 68 4 0.532227 0 0.0303792
336 2811.38 116.14 101 5 0.552734 0 0.0307709
337 1804.91 122.93 101 4 0.582031 0 0.0320873
338 2605.75 126.543 101 5 0.601562 0 0.0316522
339 1802.66 114.93 101 4 0.558594 0 0.0312688
340 1746.82 120.76 101 4 0.564453 0 0.0311319
341 1798.09 120.609 101 4 0.571289 0 0.0316441
342 1807.12 127.035 101 4 0.595703 0 0.0313324
343 1834.62 122.463 101 4 0.580078 0 0.0308095
344 1843.9 121.746 101 4 0.591797 0 0.030454
345 2799.41 126.97 101 5 0.584961 0 0.0310134
346 2731.9 119.049 68 5 0.547852 0 0.0316944
347 1825.63 124.183 101 4 0.583984 0 0.0321645
348 1819.76 122.676 101 4 0.597656 0 0.0321898
349 2842.09 126.523 101 5 0.578125 0 0.0317693
350 2849.48 117.745 101 5 0.577148 0 0.0311119
351 1776.18 118.373 101 4 0.576172 0 0.0309782
352 2912.97 126.544 101 5 0.610352 0 0.0313415
353 1827.51 125.248 101 4 0.608398 0 0.0319907
354 1823.71 117.965 101 4 0.586914 0 0.0303162
355 1800.39 123.45 67 4 0.580078 0 0.030141
356 2887.84 123.988 101 5 0.576172 0 0.0304957
357 1819.76 118.073 101 4 0.589844 0 0.0307215
358 1781.23 122.497 101 4 0.591797 0 0.0302796
359 1821.75 120.842 62 4 0.56543 0 0.0301373
360 1819.76 136.538 101 4 0.625 0 0.0309212
361 1008.92 115.994 101 3 0.573242 0 0.0309822
362 1786.17 123.198 101 4 0.587891 0 0.0315066
363 1815.68 125.752 101 4 0.602539 0 0.0313407
364 2900.72 134.265 101 5 0.62207 0 0.0301503
365 1010.79 116.87 101 3 0.583984 0 0.0295918
366 1834.62 134.69 101 4 0.612305 0 0.031081
367 1827.51 123.166 101 4 0.584961 0 0.0299626
368 2842.09 127.138 101 5 0.595703 0 0.0310642
369 1811.47 127.888 101 4 0.615234 0 0.0313886
370 2856.74 129.341 101 5 0.617188 0 0.0299127
371 1807.12 129.88 101 4 0.600586 0 0.0300823
372 2903.85 133.976 101 5 0.639648 0 0.0309989
373 2807.41 135.972 101 5 0.636719 0 0.0303308
374 1815.68 123.402 101 4 0.621094 0 0.0295749
375 1843.9 135.53 101 4 0.642578 0 0.0306417
376 1821.75 126.739 101 4 0.625 0 0.0293971
377 1802.66 130.084 101 4 0.625 0 0.0297678
378 1841.02 122.574 101 4 0.624023 0 0.0285281
379 2915.92 145.771 101 5 0.686523 0 0.0290503
380 1837.92 142.26 101 4 0.674805 0 0.028808
381 1823.71 130.131 101 4 0.633789 0 0.029429
382 3550.8 131.708 72 6 0.621094 0 0.0292822
383 4286.66 147.489 101 6 0.676758 0 0.0302858
384 2770.61 130.507 101 5 0.641602 0 0.0294427
385 1813.59 125.569 101 4 0.632812 0 0.0294824
386 4265.75 129.47 101 6 0.637695 0 0.0297405
387 1817.74 132.87 101 4 0.62793 0 0.0320567
388 2823.1 133.931 101 5 0.648438 0 0.0308358
389 3855.34 134.297 101 6 0.640625 0 0.0299491
390 2903.85 144.315 101 5 0.674805 0 0.0302743
391 1821.75 132.055 101 4 0.632812 0 0.0304064
392 4107.95 134.792 105.663 6 0.667969 1 0.0301455
393 2838.35 142.61 101 5 0.675781 0 0.0292422
394 1825.63 129.721 101 4 0.636719 0 0.0293165
395 1831.15 131.91 101 4 0.649414 0 0.0309034
396 2897.56 137.559 101 5 0.661133 0 0.0309519
397 1827.51 136.821 101 4 0.660156 0 0.029437
398 2918.83 146.233 101 5 0.65918 0 0.0310051
399 1813.59 126.179 101 4 0.619141 0 0.030405
400 2894.36 137.706 105.663 5 0.670898 1 0.0322137
401 1813.59 129.711 101 4 0.655273 0 0.0297538
402 2870.9 148.792 101 5 0.689453 0 0.0298822
403 1825.63 136.746 107.538 4 0.685547 1 0.0288232
404 1802.66 132.818 101 4 0.650391 0 0.0288025
405 2856.74 133.907 105 5 0.666992 1 0.028927
406 1821.75 128.057 101 4 0.646484 0 0.0286749
407 1821.75 122.798 101 4 0.613281 0 0.0288383
408 2909.97 135.346 101 5 0.661133 0 0.0295769
409 1800.39 136.667 101 4 0.639648 0 0.0302131
410 2390.4 134.466 101 5 0.654297 0 0.0299465
411 2842.09 125.104 101 5 0.633789 0 0.0307202
412 1811.47 143.085 104.312 4 0.689453 1 0.0309154
413 4248.17 135.606 101 6 0.650391 0 0.029224
414 2815.31 140.814 101 5 0.677734 0 0.0303682
415 1831.15 140.361 107.538 4 0.69043 1 0.0294443
416 1832.91 130.451 101 4 0.655273 0 0.0292332
417 1846.55 136.421 101 4 0.65918 0 0.0288429
418 2157.81 149.11 107.538 5 0.710938 1 0.029879
419 2887.84 141.85 107.538 5 0.688477 1 0.029505
420 1841.02 148.768 101 4 0.68457 0 0.0294741
421 2845.8 153.943 106.306 5 0.712891 1 0.0298973
422 2884.52 150.208 107.538 5 0.71875 1 0.0285478
423 4124.23 144.177 107.538 6 0.707031 1 0.029416
424 2897.56 149.277 108.13 5 0.727539 1 0.0290789
425 2932.65 142.34 101 5 0.6875 0 0.0298344
426 1834.62 142.613 101 4 0.686523 0 0.0295635
427 2842.09 138.295 105 5 0.673828 1 0.029901
428 1827.51 141.785 107.538 4 0.707031 1 0.0284971
429 1836.29 145.772 105.663 4 0.698242 1 0.029698
430 1811.47 138.372 107.538 4 0.697266 1 0.0291691
431 1760.49 132.418 103.594 4 0.671875 1 0.0291114
432 1817.74 137.846 105.663 4 0.68457 1 0.0282709
433 1821.75 137.778 101 4 0.661133 0 0.0278796
434 2757.91 128.632 106.306 5 0.662109 1 0.0284721
435 4161.13 133.154 106.306 6 0.666992 1 0.028682
436 2909.97 139.865 106.306 5 0.689453 1 0.0291006
437 2897.56 142.621 105.663 5 0.68457 1 0.0287256
438 1843.9 135.138 101 4 0.65625 0 0.0278766
439 1811.47 134.616 101 4 0.666016 0 0.0287142
440 2745.01 127.126 101 5 0.647461 0 0.0282708
441 4206.17 147.136 106.93 6 0.700195 1 0.029561
442 2929.99 145.001 109.275 5 0.716797 1 0.0298376
443 2894.36 144.3 109.829 5 0.717773 1 0.0301304
444 2949.62 140.073 101 5 0.666016 0 0.0294701
445 2770.61 156.944 101 5 0.71875 0 0.0293171
446 1802.66 146.404 107.538 4 0.712891 1 0.0297497
447 1829.35 144.737 107.538 4 0.711914 1 0.0301083
448 9583.16 165.691 106.93 9 0.735352 1 0.0308781
449 1832.91 139.831 101 4 0.673828 0 0.0298046
450 5315.79 170.233 107.538 7 0.75293 1 0.0312589
451 7485.47 163.465 108.13 8 0.746094 1 0.0301217
452 2276.62 143.786 101 5 0.68457 0 0.0313262
453 4294.66 157.802 108.709 6 0.74707 1 0.0297574
454 2787.22 149.147 105 5 0.706055 1 0.0302696
455 5502.26 162.522 106.306 7 0.730469 1 0.0297985
456 2644.57 145.979 106.306 5 0.708008 1 0.0299665
457 4040.28 147.642 107.538 6 0.710938 1 0.0303296
458 2874.36 172.182 108.709 5 0.780273 1 0.0310348
459 5879.4 150.596 101 7 0.671875 0 0.0315712
460 4649.65 174.352 101 7 0.734375 0 0.032158
461 1843.9 144.306 101 4 0.686523 0 0.0321549
462 5349.14 175.038 106.306 7 0.749023 1 0.0328524
463 7363.33 195.429 108.709 8 0.80957 1 0.0327702
464 5830.11 190.015 101 7 0.753906 0 0.0344766
465 7391.97 192.788 109.275 8 0.805664 1 0.0348927
466 18095.4 224.927 108.709 12 0.838867 1 0.0360938
467 20202.3 244.623 106.93 12 0.854492 1 0.0385587
468 12197.1 272.393 109.829 10 0.9375 1 0.039563
469 9198.85 300.408 110.903 9 0.982422 1 0.0399474
470 12771.5 338.866 109.275 10 0.994141 1 0.0441092
471 26098.8 536.994 113.897 13 1.24609 1 0.0485395
472 161359 888.653 119.071 17 1.53613 1 0.0541758
473 93995.8 1121.75 137.17 16 1.89453 1 0.0578987
474 91370.3 1429.43 137.796 16 2.18848 1 0.0610755
475 95291.9 2019.87 415.057 16 2.73828 2 0.0645066
476 2.14769e+06 8572.15 430.799 21 3.09082 2 0.0661919
477 4.25006e+06 15759.9 665.619 22 3.71094 3 0.0764764
478 1.34297e+08 248967 964.432 27 4.6084 3 0.0808586
479 3.36224e+07 97590.9 1705.93 25 5.33594 4 0.0871042
480 1.07384e+09 1.47542e+06 1771.04 30 6.04883 4 0.0960838
481 5.36963e+08 886056 3906.66 29 7.01562 6 0.110957
482 4.29509e+09 4.40906e+06 5502.26 32 7.81641 7 0.123805
483 2.68526e+08 678093 3919.27 28 7.10059 6 0.104965
484 1.34296e+08 441326 2787.22 27 6.68359 5 0.0994134
485 6.71872e+07 299763 2770.61 26 6.58789 5 0.0995135
486 6.71839e+07 388908 2575.89 26 6.19141 5 0.0941687
487 2.68521e+08 653218 2749.33 28 6.66211 5 0.0991756
488 1.07384e+09 1.62735e+06 2815.31 30 6.56543 5 0.100724
489 2.14759e+09 3.45079e+06 4016.86 31 7.46582 6 0.113619
490 1.07384e+09 2.19127e+06 6795.62 30 8.67578 8 0.126487
491 4.29508e+09 8.81603e+06 5623.83 32 8.46777 7 0.12391
492 1.718e+10 2.05497e+07 5422.79 34 8.26172 7 0.122077
493 2.14759e+09 3.96271e+06 3980.98 31 7.77539 6 0.117062
494 4.29508e+09 1.01871e+07 4057.57 32 8.13379 6 0.118965
495 8.59005e+09 1.16086e+07 4972.57 33 8.2373 7 0.118908
496 8.59006e+09 2.2351e+07 4171.38 33 8.64746 6 0.12239
497 4.29507e+09 8.75817e+06 4191.47 32 8.47656 6 0.123223
498 4.29509e+09 8.1134e+06 4034.46 32 8.10938 6 0.118547
499 1.718e+10 5.14314e+07 4040.28 34 8.29199 6 0.122027
500 1.37439e+11 1.90042e+08 3938.03 37 8.24121 6 0.123884
501 4.29507e+09 1.92079e+07 5213.58 32 8.94238 7 0.135702
502 8.59006e+09 3.61177e+07 5438.88 33 9.07324 7 0.133726
503 5.49756e+11 5.85766e+08 3974.91 39 8.4043 6 0.128311
504 2.74878e+11 4.11538e+08 6936.52 38 9.95605 8 0.149707
505 1.718e+10 6.49074e+07 4530.98 34 8.76465 7 0.138249
506 3.43599e+10 1.20291e+08 4040.28 35 8.91992 6 0.143126
507 6.87196e+10 1.45635e+08 5398.45 36 9.26367 7 0.142843
508 6.87196e+10 9.31785e+07 6861.13 36 9.88281 8 0.145915
509 1.37439e+11 2.22102e+08 7566.87 37 10.5254 8 0.14966
510 8.79609e+12 1.09126e+10 8280.5 43 10.6357 9 0.153338
511 6.87196e+10 2.10667e+08 9785.33 36 10.834 9 0.150703
512 6.87196e+10 2.88354e+08 11986 36 11.3418 10 0.1557
513 1.37439e+11 3.93091e+08 9123.58 37 10.959 9 0.155195
514 1.09951e+12 2.538e+09 11797.5 40 11.3086 10 0.159442
515 2.74878e+11 5.54274e+08 9892.72 38 11.165 9 0.165104
516 5.49756e+11 9.69733e+08 19249.3 39 12.4111 12 0.179725
517 2.74878e+11 8.29202e+08 14611.6 38 11.8135 11 0.175997
518 5.49756e+11 1.02854e+09 15664.6 39 12.0771 11 0.177214
519 1.37439e+11 4.72445e+08 14859.4 37 12.0635 11 0.180444
520 7.03687e+13 7.02455e+10 12622.1 46 12.0684 10 0.175594
521 7.03687e+13 7.33763e+10 11971.7 46 11.2676 10 0.173014
522 1.75922e+13 3.32425e+10 19745.2 44 12.6426 12 0.187674
523 1.1259e+15 1.11311e+12 19208.8 50 12.4121 12 0.183676
524 1.40737e+14 1.4756e+11 23885.7 47 13.0635 13 0.194356
525 1.09951e+12 2.2576e+09 24706.1 40 13.3164 13 0.196684
526 2.19902e+12 2.78008e+09 15616.4 41 12.583 11 0.18581
527 3.51844e+13 3.93991e+10 24262.1 45 13.1572 13 0.197388
528 8.79609e+12 9.35857e+09 20033.2 43 12.8945 12 0.19484
529 3.51844e+13 3.79484e+10 13761 45 12.2559 11 0.191382
530 4.39805e+12 5.29495e+09 9297.69 42 11.3477 9 0.177687
531 4.39805e+12 7.95322e+09 9148.78 42 10.8984 9 0.174073
532 8.79609e+12 1.0743e+10 9466.31 43 11.8203 9 0.181886
533 1.09951e+12 3.89485e+09 15404.3 40 12.7441 11 0.19607
534 1.75922e+13 2.02472e+10 15237.4 44 12.5303 11 0.19038
535 1.09951e+12 3.29887e+09 13549.9 40 12.5029 11 0.18925
536 5.6295e+14 5.55021e+11 18587.9 49 13.0908 12 0.202736
537 3.51844e+13 3.88213e+10 19410.1 45 13.0879 12 0.202268
538 2.19902e+12 8.7315e+09 26279.7 41 13.749 13 0.207868
539 7.03687e+13 8.0245e+10 19842 46 13.2324 12 0.204445
540 4.39805e+12 1.58778e+10 25165.4 42 13.5195 13 0.208845
541 2.19902e+12 9.54325e+09 22776.8 41 13.4697 13 0.208684
542 1.75922e+13 5.44975e+10 17298.1 44 13.3281 12 0.207155
543 1.40737e+14 2.94105e+11 22300 47 13.7363 13 0.20753
544 1.09951e+12 3.53994e+09 15135.8 40 12.5146 11 0.194793
545 4.39805e+12 1.13791e+10 15015.8 42 12.7119 11 0.198305
546 1.75922e+13 3.25912e+10 19995.2 44 13.2402 12 0.201447
547 2.19902e+12 5.24404e+09 27109.8 41 13.5732 13 0.200988
548 3.51844e+13 8.25107e+10 15502.9 45 12.8887 11 0.194874
549 8.79609e+12 1.30781e+10 11406.1 43 11.7139 10 0.177715
550 2.19902e+12 4.79703e+09 11971.7 41 11.7568 10 0.179749
551 3.51844e+13 4.24405e+10 12279.6 45 12.2803 10 0.186165
552 1.75922e+13 4.08253e+10 15551.8 44 12.5967 11 0.189004
553 3.51844e+13 3.98457e+10 15271.1 45 12.501 11 0.183887
554 8.79609e+12 1.72531e+10 26414 43 13.8105 13 0.202599
555 1.40737e+14 1.52421e+11 20146.3 47 13.3037 12 0.199674
556 3.51844e+13 3.94665e+10 12113.5 45 12.1025 10 0.184479
557 4.39805e+12 7.97304e+09 19066.2 42 13.0107 12 0.19029
558 4.39805e+12 8.96091e+09 15404.3 42 12.6533 11 0.187371
559 5.6295e+14 5.72291e+11 15237.4 49 12.499 11 0.190123
560 2.81475e+14 3.12161e+11 12028.8 48 11.8701 10 0.183012
561 2.19902e+12 3.34179e+09 9223.72 41 11.4424 9 0.176083
562 1.40737e+14 3.1559e+11 11093 47 11.9375 10 0.182918
563 7.03687e+13 1.61661e+11 12127.6 46 12.0059 10 0.182325
564 8.79609e+12 1.07312e+10 9370.65 43 11.3213 9 0.179201
565 4.39805e+12 1.05532e+10 11282 42 11.5293 10 0.17402
566 1.75922e+13 1.96161e+10 8639.48 44 10.9932 9 0.170164
567 8.79609e+12 1.08598e+10 10622 43 11.459 10 0.178557
568 5.49756e+11 2.75884e+09 9708.01 39 11.5127 9 0.185423
569 1.75922e+13 2.85022e+10 11513.2 44 11.9707 10 0.189241
570 4.39805e+12 8.94706e+09 17545 42 12.9238 12 0.191961
571 8.79609e+12 1.99772e+10 10183.9 43 11.7412 10 0.183883
572 3.51844e+13 7.44938e+10 9161.33 45 11.2139 9 0.181182
573 4.39805e+12 8.27951e+09 4944.91 42 10.2871 7 0.172826
574 1.40737e+14 1.39408e+11 7226.23 47 11.1426 8 0.178726
575 7.03687e+13 1.15706e+11 7344.08 46 11.8223 8 0.182332
576 2.19902e+12 7.71938e+09 9807.1 41 12.043 9 0.185832
577 2.2518e+15 4.40767e+12 11528.4 51 12.4551 10 0.194452
578 1.75922e+13 6.14368e+10 6968.48 44 11.0098 8 0.174964
579 8.79609e+12 1.52605e+10 7226.23 43 11.3848 8 0.179682
580 8.79609e+12 1.68259e+10 5390.29 43 10.2686 7 0.161956
581 1.1259e+15 1.11194e+12 6795.62 50 10.7754 8 0.173188
582 7.03687e+13 1.06598e+11 8666.47 46 11.459 9 0.18564
583 8.79609e+12 1.38338e+10 9763.41 43 12.0771 9 0.195471
584 2.2518e+15 2.5179e+12 14118.8 51 12.9092 11 0.205142
585 3.51844e+13 4.09307e+10 11219.4 45 11.9756 10 0.197976
586 2.2518e+15 4.00922e+12 12506.4 51 12.5967 10 0.203156
587 2.81475e+14 5.82251e+11 13277.2 48 12.6758 11 0.205393
588 2.19902e+12 4.15096e+09 15951.7 41 12.7314 12 0.206654
589 4.5036e+15 4.61607e+12 20514 52 13.5391 12 0.213087
590 5.6295e+14 7.69576e+11 52337.3 49 14.4697 15 0.223761
591 1.75922e+13 5.69897e+10 37927.3 44 14.5615 14 0.226322
592 2.81475e+14 3.9146e+11 36818.4 48 14.4844 14 0.226675
593 2.81475e+14 4.41652e+11 58582.1 48 14.8223 15 0.23408
594 8.79609e+12 2.1067e+10 38218.1 43 14.6562 14 0.227549
595 1.40737e+14 2.1708e+11 27748.2 47 14.2979 13 0.228371
596 1.80144e+16 1.8243e+13 56032.3 54 14.5332 15 0.227677
597 1.80144e+16 1.76873e+13 20477.9 54 13.2969 12 0.21428
598 3.51844e+13 1.1741e+11 36426.1 45 14.1182 14 0.226903
599 1.1259e+15 1.36452e+12 37730.6 50 14.4248 14 0.231552
600 9.0072e+15 9.00572e+12 36346.8 53 13.916 14 0.220418
601 7.20576e+16 7.0729e+13 38921.3 56 14.3809 14 0.221905
602 2.2518e+15 2.65703e+12 163083 51 16.6338 17 0.249238
603 2.2518e+15 2.96242e+12 57415.1 51 14.9316 15 0.230401
604 1.75922e+13 4.08177e+10 91206.6 44 15.5293 16 0.231014
605 3.60288e+16 3.59004e+13 37024.7 55 14.626 14 0.222836
606 4.5036e+15 4.64155e+12 93484.8 52 15.8799 16 0.239198
607 3.51844e+13 1.28828e+11 91727.9 45 15.46 16 0.233351
608 2.81475e+14 4.16607e+11 90710.5 48 15.2148 16 0.230411
609 1.40737e+14 3.19621e+11 54603.1 47 14.9902 15 0.225678
610 4.5036e+15 4.93901e+12 18922.2 52 14.0693 12 0.212349
611 1.40737e+14 1.5554e+11 38829.6 47 14.7412 14 0.222136
612 1.80144e+16 1.77281e+13 17678.5 54 13.9375 12 0.204666
613 5.6295e+14 6.34513e+11 38690.9 49 15.0127 14 0.214418
614 1.40737e+14 2.41654e+11 92431 47 15.8691 16 0.231826
615 1.1259e+15 1.84326e+12 58760.5 50 15.377 15 0.22438
616 2.81475e+14 6.23824e+11 37481.5 48 14.833 14 0.218518
617 1.1259e+15 1.35668e+12 38921.3 50 14.8428 14 0.218989
618 2.2518e+15 3.37026e+12 58087.5 51 15.627 15 0.233894
619 5.6295e+14 8.5656e+11 92807.7 49 15.6035 16 0.233472
620 9.0072e+15 9.58229e+12 161045 53 16.7051 17 0.245175
621 2.2518e+15 2.50757e+12 36999 51 15.0547 14 0.221754
622 2.81475e+14 4.74827e+11 18860 48 13.9482 12 0.207624
623 1.40737e+14 6.2773e+11 35838.5 47 14.9844 14 0.22622
624 5.6295e+14 1.73572e+12 16657.2 49 13.917 12 0.209642
625 2.81475e+14 9.62037e+11 34452.9 48 14.6572 14 0.220441
626 2.81475e+14 5.03643e+11 26324.5 48 14.6094 13 0.222172
627 2.2518e+15 2.76916e+12 91435.6 51 15.9355 16 0.235204
628 2.81475e+14 3.97792e+11 15015.8 48 13.4912 11 0.204704
629 5.6295e+14 1.847e+12 56492.8 49 15.7139 15 0.236663
630 1.40737e+14 3.3023e+11 54603.1 47 15.3311 15 0.227155
631 4.5036e+15 5.05663e+12 20146.3 52 13.9434 12 0.21045
632 4.5036e+15 4.68132e+12 56719.8 52 15.5176 15 0.235356
633 1.1259e+15 2.83952e+12 89458.2 50 16.3936 16 0.250218
634 2.2518e+15 6.50455e+12 57000.5 51 16.4053 15 0.250588
635 2.2518e+15 6.17727e+12 38266.1 51 16.1699 14 0.245153
636 1.44115e+17 1.42826e+14 25869.9 57 15 13 0.234072
637 9.0072e+15 2.03316e+13 20674.5 53 14.0498 12 0.22225
638 5.6295e+14 1.49609e+12 19803.4 49 14.6338 12 0.232655
639 1.80144e+16 1.76804e+13 19066.2 54 14.1572 12 0.226899
640 2.81475e+14 7.37768e+11 9817.93 48 13.1357 9 0.203636
641 1.80144e+16 1.77561e+13 15152.8 54 13.8691 11 0.217391
642 1.1259e+15 1.38503e+12 15220.6 50 13.4873 11 0.217152
643 5.6295e+14 6.09229e+11 9763.41 49 12.6123 9 0.199343
644 2.81475e+14 3.84496e+11 11124.7 48 12.5957 10 0.205591
645 7.03687e+13 1.58497e+11 7094.17 46 11.6572 8 0.196118
646 8.79609e+12 3.54505e+10 9334.3 43 12.3447 9 0.204629
647 3.60288e+16 3.73435e+13 9211.3 55 12.4512 9 0.203215
648 4.5036e+15 4.73156e+12 8996.05 52 12.7764 9 0.211235
649 1.1259e+15 2.96406e+12 12127.6 50 13.8652 10 0.226133
650 2.81475e+14 5.01768e+11 18880.8 48 14.3379 12 0.229771
651 4.5036e+15 4.51269e+12 14789.2 52 13.4971 11 0.217427
652 1.40737e+14 1.87243e+11 9334.3 47 12.9707 9 0.21802
653 3.60288e+16 3.55778e+13 7531.03 55 11.9648 8 0.199585
654 4.5036e+15 4.80441e+12 7216.23 52 12.292 8 0.208043
655 1.1259e+15 2.17374e+12 8406.41 50 12.6719 9 0.211453
656 2.2518e+15 2.63758e+12 10421.6 51 12.8672 10 0.214307
657 5.76461e+17 7.14312e+14 11528.4 59 13.1729 10 0.218085
658 1.80144e+16 2.17385e+13 11914.1 54 13.4795 10 0.220282
659 1.80144e+16 3.14204e+13 9752.4 54 13.1338 9 0.213557
660 7.20576e+16 1.67503e+14 10900.4 56 13.501 10 0.222139
661 4.5036e+15 1.04231e+13 11297.6 52 13.4453 10 0.213705
662 1.15292e+18 1.1337e+15 9161.33 60 13.1289 9 0.209584
663 5.76461e+17 5.70096e+14 9674.36 59 12.9814 9 0.200633
664 9.0072e+15 1.12254e+13 13893.8 53 14.0107 11 0.221101
665 9.0072e+15 1.52605e+13 9478.13 53 13.8164 9 0.22349
666 4.61169e+18 4.51379e+15 11589 62 13.9795 10 0.224097
667 2.8823e+17 3.7422e+14 11753.3 58 14.293 10 0.23157
668 2.2518e+15 3.86546e+12 5324.16 51 11.873 7 0.193601
669 3.60288e+16 5.05518e+13 6491.28 55 12.2646 8 0.201996
670 7.20576e+16 1.13296e+14 8652.99 56 13.3027 9 0.219128
671 1.80144e+16 2.31545e+13 11250.8 54 14.084 10 0.226145
672 2.2518e+15 5.061e+12 11406.1 51 13.3525 10 0.21506
673 3.60288e+16 3.9051e+13 12747 55 14.0449 10 0.222313
674 1.15292e+18 1.13848e+15 14700.8 60 14.3799 11 0.22906
675 5.6295e+14 1.30106e+12 7165.83 49 12.583 8 0.205232
676 2.30584e+18 2.41288e+15 7636.89 61 12.7549 8 0.212774
677 1.15292e+18 1.16252e+15 24973.2 60 15.2207 13 0.244033
678 2.8823e+17 3.68309e+14 18332.6 58 14.8789 12 0.237534
679 7.20576e+16 7.65169e+13 11619.1 56 13.5615 10 0.220078
680 2.30584e+18 2.28892e+15 19529.4 61 15.0938 12 0.239322
681 3.60288e+16 5.48315e+13 15584.2 55 14.7881 11 0.236145
682 2.2518e+15 7.27113e+12 15568 51 15.0283 11 0.246439
683 7.20576e+16 8.63575e+13 12467.1 56 14.4648 10 0.232371
684 7.20576e+16 8.15481e+13 19168.2 56 15.9062 12 0.255733
685 1.44115e+17 2.2874e+14 56435.7 57 16.6807 15 0.264653
686 2.8823e+17 3.0964e+14 91009 58 16.5518 16 0.257129
687 2.8823e+17 2.8346e+14 159177 58 17.0996 17 0.268445
688 1.80144e+16 2.02502e+13 57551.4 54 16.8828 15 0.272889
689 1.80144e+16 2.93568e+13 18672.1 54 15.2988 12 0.244215
690 5.6295e+14 2.54195e+12 24730.5 49 15.6426 13 0.250914
691 1.80144e+16 4.16426e+13 24949 54 15.3906 13 0.249895
692 5.6295e+14 8.73297e+11 35484.8 49 15.1025 14 0.245243
693 4.5036e+15 5.87719e+12 24852.2 52 14.7627 13 0.243043
694 1.80144e+16 2.23903e+13 17002.7 54 14.5244 12 0.237331
695 7.20576e+16 7.48766e+13 14929.2 56 14.4609 11 0.235573
696 2.2518e+15 4.76486e+12 25754.3 51 15.0859 13 0.255023
697 1.80144e+16 2.82754e+13 20052.1 54 14.7393 12 0.248379
698 7.20576e+16 1.09178e+14 18203.6 56 14.7852 12 0.250828
699 7.20576e+16 1.04735e+14 15287.8 56 14.0166 11 0.239705
700 2.8823e+17 3.60016e+14 19469.9 58 14.5605 12 0.249658
701 9.22337e+18 9.04783e+15 25984.7 63 15.3721 13 0.258057
702 1.80144e+16 2.53503e+13 23911 54 14.8936 13 0.24881
703 2.2518e+15 4.7784e+12 14025.5 51 14.0303 11 0.233309
704 5.76461e+17 5.68797e+14 16979.8 59 14.6299 12 0.242687
705 4.5036e+15 1.25305e+13 11708.8 52 14.2021 10 0.23505
706 1.80144e+16 5.55777e+13 8944.33 54 13.0693 9 0.219254
707 7.20576e+16 1.28421e+14 9148.78 56 13.0977 9 0.224025
708 1.80144e+16 2.74781e+13 18776.8 54 14.4932 12 0.240312
709 3.60288e+16 6.16764e+13 19147.9 55 14.75 12 0.24574
710 1.80144e+16 1.99006e+13 90376 54 17.2461 16 0.284712
711 7.20576e+16 1.22306e+14 158585 56 18.2461 17 0.304783
712 1.44115e+17 4.50465e+14 292335 57 18.4609 18 0.301405
713 7.20576e+16 1.6266e+14 553011 56 19.1934 19 0.315524
714 1.80144e+16 5.85825e+13 161045 54 18.1465 17 0.297175
715 1.44115e+17 2.89675e+14 291509 57 18.4365 18 0.300955
716 2.8823e+17 8.0444e+14 162752 58 18.2578 17 0.302141
717 3.60288e+16 1.0171e+14 297099 55 18.3301 18 0.300709
718 9.0072e+15 1.95374e+13 155633 53 17.5205 17 0.287522
719 2.30584e+18 2.28483e+15 90743.8 61 17.0586 16 0.285857
720 1.15292e+18 1.20764e+15 58113.9 60 17.332 15 0.279294
721 3.60288e+16 1.2419e+14 32286.5 55 16.4521 14 0.261822
722 4.61169e+18 4.605e+15 57469.7 62 16.542 15 0.265493
723 9.22337e+18 9.01689e+15 160763 63 17.543 17 0.279158
724 2.8823e+17 4.19168e+14 92557.1 58 17.5938 16 0.280284
725 7.20576e+16 1.27059e+14 159870 56 18.1758 17 0.289668
726 4.61169e+18 4.57908e+15 92620 62 17.9893 16 0.285719
727 2.8823e+17 2.92444e+14 9085.59 58 13.8447 9 0.214795
728 2.8823e+17 2.91855e+14 53894.5 58 17.1172 15 0.270244
729 5.76461e+17 6.33634e+14 562748 59 19.1914 19 0.308058
730 3.60288e+16 4.98025e+13 91630.7 55 17.7197 16 0.279411
731 4.61169e+18 4.67567e+15 160515 62 17.6318 17 0.282536
732 2.30584e+18 3.51041e+15 560547 61 18.5762 19 0.296904
733 1.44115e+17 1.66795e+14 37406.1 57 16.4473 14 0.263251
734 9.0072e+15 1.30757e+13 90342.4 53 16.8721 16 0.268612
735 7.20576e+16 1.33147e+14 296051 56 17.8389 18 0.281018
736 5.76461e+17 5.86991e+14 163050 59 17.5264 17 0.280764
737 7.20576e+16 1.017e+14 158249 56 17.3848 17 0.281411
738 2.2518e+15 8.30207e+12 155830 51 16.9111 17 0.271353
739 2.95148e+20 2.88375e+17 92113.4 68 17.1289 16 0.272135
740 2.30584e+18 2.41171e+15 2.14333e+06 61 19.8984 21 0.312545
741 1.44115e+17 3.01347e+14 2.14144e+06 57 20.1084 21 0.319805
742 4.61169e+18 4.91734e+15 1.09106e+06 62 19.8164 20 0.318332
743 9.22337e+18 9.72912e+15 559344 63 19.998 19 0.322053
744 2.8823e+17 7.86288e+14 287604 58 19.0205 18 0.29565
745 2.30584e+18 2.51515e+15 160939 61 18.499 17 0.295639
746 2.30584e+18 2.45879e+15 297937 61 18.8271 18 0.301106
747 1.15292e+18 1.54808e+15 294975 60 19.3086 18 0.315112
748 4.61169e+18 6.28626e+15 2.13627e+06 62 20.376 21 0.335302
749 1.15292e+18 2.71653e+15 1.08973e+06 60 20.3887 20 0.337246
750 9.22337e+18 1.05075e+16 297025 63 19.4229 18 0.318972
751 5.76461e+17 1.77945e+15 2.13664e+06 59 20.4766 21 0.3373
752 1.15292e+18 1.27967e+15 1.08533e+06 60 19.9561 20 0.327429
753 2.30584e+18 3.65856e+15 2.14357e+06 61 21.4688 21 0.348574
754 1.84467e+19 2.1802e+16 4.24044e+06 64 21.1074 22 0.340165
755 1.47574e+20 1.46849e+17 4.24505e+06 67 20.7988 22 0.339405
756 7.20576e+16 1.06073e+14 291091 56 18.6709 18 0.307646
757 2.8823e+17 9.02294e+14 560206 58 19.3223 19 0.319081
758 2.30584e+18 2.82069e+15 4.24339e+06 61 20.6846 22 0.331277
759 1.47574e+20 1.45343e+17 4.24083e+06 67 20.5518 22 0.336189
760 4.61169e+18 6.061e+15 4.24443e+06 62 21.0615 22 0.344706
761 1.15292e+18 1.53556e+15 1.09076e+06 60 19.6484 20 0.320277
762 5.76461e+17 1.08713e+15 160337 59 18.1543 17 0.301457
763 1.15292e+18 1.6419e+15 35594.1 60 16.6797 14 0.282329
764 2.8823e+17 7.10886e+14 1.08905e+06 58 19.9316 20 0.324926
765 1.15292e+18 2.31046e+15 298754 60 18.6318 18 0.300927
766 1.15292e+18 1.42799e+15 293753 60 18.3135 18 0.30659
767 2.8823e+17 6.28778e+14 2.14489e+06 58 20.1504 21 0.329191
768 2.8823e+17 5.33591e+14 561096 58 18.8574 19 0.306867
769 3.68935e+19 3.83502e+16 4.24077e+06 65 20.1982 22 0.331516
770 2.8823e+17 3.54348e+14 4.2435e+06 58 20.5205 22 0.328585
771 4.61169e+18 5.22218e+15 8.44219e+06 62 21.8975 23 0.355162
772 1.44115e+17 4.56965e+14 3.36139e+07 57 22.7295 25 0.373552
773 1.44115e+17 5.63238e+14 8.4464e+06 57 21.2412 23 0.353748
774 3.68935e+19 4.201e+16 4.24185e+06 65 20.4248 22 0.339888
775 2.30584e+18 4.08168e+15 8.44698e+06 61 21.2666 23 0.350927
776 2.95148e+20 2.9077e+17 8.44392e+06 68 21.4678 23 0.351366
777 1.47574e+20 1.5068e+17 1.68378e+07 67 22.4736 24 0.365291
778 2.95148e+20 2.964e+17 3.36175e+07 68 23.2041 25 0.369648
779 2.30584e+18 2.63313e+15 6.71746e+07 61 23.7129 26 0.379013
780 9.22337e+18 1.23708e+16 8.44337e+06 63 21.5957 23 0.347362
781 4.61169e+18 1.24139e+16 3.36105e+07 62 22.6748 25 0.36634
782 4.72237e+21 4.61939e+18 8.44089e+06 72 21.6689 23 0.34711
783 4.61169e+18 1.21655e+16 1.08804e+06 62 20.4658 20 0.332422
784 1.18059e+21 1.19295e+18 560717 70 19.8008 19 0.32031
785 2.8823e+17 1.12019e+15 1.09245e+06 58 20.3926 20 0.329129
786 4.61169e+18 1.04479e+16 565487 62 19.6602 19 0.317591
787 1.84467e+19 1.99035e+16 2.14343e+06 64 20.9795 21 0.338496
788 2.8823e+17 1.45604e+15 8.43716e+06 58 21.8164 23 0.350234
789 5.76461e+17 1.1586e+15 1.0862e+06 59 20.082 20 0.322922
790 7.3787e+19 7.40306e+16 1.08905e+06 66 20.3154 20 0.328626
791 2.36118e+21 3.51075e+18 4.24546e+06 71 21.7393 22 0.348023
792 5.90296e+20 6.9138e+17 2.13851e+06 69 20.3311 21 0.330763
793 1.47574e+20 1.47118e+17 4.24526e+06 67 21.2441 22 0.344943
794 1.18059e+21 1.15409e+18 562789 70 19.0674 19 0.327029
795 4.61169e+18 8.84066e+15 58061 62 18.1221 15 0.313944
796 3.68935e+19 3.69499e+16 563232 65 19.2012 19 0.322077
797 5.76461e+17 7.16499e+14 93117.6 59 18.7998 16 0.305249
798 7.3787e+19 7.65375e+16 2.13989e+06 66 20.3252 21 0.326074
799 2.95148e+20 2.89736e+17 8.44566e+06 68 22.0938 23 0.359672
800 9.22337e+18 1.01159e+16 293069 63 19.3486 18 0.316508
801 2.8823e+17 6.99521e+14 87847.7 58 17.5635 16 0.284625
802 1.15292e+18 1.75981e+15 160834 60 18.6016 17 0.298683
803 1.18059e+21 1.21974e+18 1.09031e+06 70 20.2305 20 0.329449
804 3.77789e+22 3.71952e+19 1.08946e+06 75 19.5889 20 0.326021
805 1.47574e+20 1.61078e+17 6.71707e+07 67 23.4297 26 0.386754
806 9.22337e+18 2.22081e+16 3.362e+07 63 23.3467 25 0.380043
807 1.15292e+18 1.95444e+15 1.68314e+07 60 21.916 24 0.358751
808 1.15292e+18 4.06378e+15 3.36218e+07 60 23.4121 25 0.382592
809 9.22337e+18 2.11582e+16 6.71674e+07 63 24.0977 26 0.390509
810 1.15292e+18 2.1055e+15 3.36154e+07 60 23.0986 25 0.37289
811 2.30584e+18 5.75768e+15 1.34285e+08 61 23.6953 27 0.383285
812 4.61169e+18 5.68981e+15 4.24196e+06 62 20.8818 22 0.34909
813 4.61169e+18 1.38692e+16 3.36214e+07 62 23.3887 25 0.381488
814 9.22337e+18 1.90951e+16 3.36192e+07 63 23.6289 25 0.385469
815 7.3787e+19 1.61112e+17 3.36148e+07 66 23.1055 25 0.375619
816 1.47574e+20 1.80737e+17 1.68407e+07 67 23.1816 24 0.372544
817 1.51116e+23 1.47582e+20 3.36177e+07 77 23.9326 25 0.387975
818 9.22337e+18 1.50726e+16 2.68507e+08 63 25.6855 28 0.420468
819 1.18059e+21 1.19834e+18 1.34291e+08 70 25.626 27 0.416589
820 9.22337e+18 2.36326e+16 2.68514e+08 63 25.6455 28 0.417891
821 1.84467e+19 2.10213e+16 6.71759e+07 64 24.4219 26 0.396394
822 3.68935e+19 5.52314e+16 2.68505e+08 65 25.4053 28 0.411619
823 4.61169e+18 5.50528e+15 1.34286e+08 62 24.5557 27 0.400793
824 2.8823e+17 1.08177e+15 2.6852e+08 58 26.5771 28 0.428697
825 7.3787e+19 7.40511e+16 1.34293e+08 66 25.1113 27 0.405743
826 1.47574e+20 1.56392e+17 3.36141e+07 67 23.3359 25 0.381833
827 5.90296e+20 6.72566e+17 1.68377e+07 69 23.46 24 0.385901
828 5.90296e+20 8.71553e+17 1.68369e+07 69 22.9521 24 0.380586
829 2.30584e+18 8.74209e+15 3.36165e+07 61 23.5703 25 0.387049
830 5.90296e+20 5.85161e+17 1.68375e+07 69 22.8838 24 0.370962
831 1.15292e+18 3.27351e+15 6.71665e+07 60 24.0449 26 0.390553
832 1.84467e+19 4.00983e+16 6.71773e+07 64 24.9043 26 0.40565
833 1.84467e+19 2.93891e+16 3.36245e+07 64 23.4434 25 0.378498
834 6.04463e+23 5.90321e+20 3.36099e+07 79 23.6787 25 0.385409
835 1.47574e+20 2.08062e+17 6.71771e+07 67 24.7305 26 0.404835
836 3.68935e+19 7.46593e+16 3.36167e+07 65 23.668 25 0.386355
837 1.18059e+21 1.3015e+18 1.68414e+07 70 23.4844 24 0.380648
838 1.47574e+20 1.95186e+17 8.43764e+06 67 21.8467 23 0.358009
839 1.23794e+27 1.20893e+24 1.68338e+07 90 22.748 24 0.372495
840 4.72237e+21 4.65779e+18 6.71674e+07 72 23.9814 26 0.401839
841 1.47574e+20 1.59748e+17 1.68353e+07 67 22.3994 24 0.369857
842 1.84467e+19 2.72433e+16 1.68401e+07 64 22.8623 24 0.38457
843 2.95148e+20 3.8359e+17 3.36115e+07 68 23.4326 25 0.395176
844 5.90296e+20 1.33479e+18 3.36166e+07 69 23.416 25 0.392923
845 9.22337e+18 1.75781e+16 6.71795e+07 63 25.0449 26 0.417394
846 2.95148e+20 3.53605e+17 2.68506e+08 68 25.9131 28 0.433875
847 7.3787e+19 1.69291e+17 1.34291e+08 66 25.4424 27 0.426688
848 2.95148e+20 3.00852e+17 2.68508e+08 68 26.252 28 0.440477
849 4.72237e+21 5.24467e+18 2.68509e+08 72 26.6357 28 0.437388
850 1.47574e+20 3.34587e+17 5.36953e+08 67 27.4004 29 0.44768
851 1.88895e+22 1.97946e+19 1.07383e+09 74 28.1113 30 0.459732
852 5.90296e+20 6.67867e+17 5.36954e+08 69 26.9805 29 0.438033
853 7.3787e+19 1.23672e+17 5.3696e+08 66 28.0264 29 0.452721
854 4.61169e+18 1.20225e+16 5.36953e+08 62 26.7031 29 0.433815
855 9.22337e+18 1.77222e+16 1.34293e+08 63 25.3125 27 0.412971
856 1.15292e+18 3.2254e+15 2.68508e+08 60 26.0596 28 0.419047
857 4.72237e+21 5.78815e+18 5.36959e+08 72 27.0215 29 0.439857
858 7.3787e+19 1.38079e+17 5.36948e+08 66 26.0156 29 0.421209
859 5.90296e+20 7.32023e+17 1.07384e+09 69 28.1689 30 0.453068
860 9.22337e+18 1.47963e+16 5.36949e+08 63 26.208 29 0.418221
861 2.36118e+21 3.26372e+18 2.14758e+09 71 28.4639 31 0.465628
862 4.61169e+18 3.47192e+16 1.07383e+09 62 27.2617 30 0.441587
863 3.77789e+22 3.75104e+19 2.68517e+08 75 25.7637 28 0.423248
864 7.55579e+22 8.80242e+19 5.36955e+08 76 26.3057 29 0.446396
865 5.90296e+20 1.81662e+18 5.36946e+08 69 25.1592 29 0.438287
866 5.90296e+20 6.55834e+17 5.36955e+08 69 25.5967 29 0.44051
867 3.68935e+19 9.34292e+16 6.71826e+07 65 23.002 26 0.40146
868 1.88895e+22 1.91846e+19 1.68331e+07 74 21.9775 24 0.380196
869 7.3787e+19 7.62923e+16 3.36139e+07 66 22.1904 25 0.384397
870 1.18059e+21 1.48712e+18 2.14124e+06 70 20.8164 21 0.366998
871 1.47574e+20 2.06228e+17 8.44259e+06 67 21.8682 23 0.385327
872 4.72237e+21 4.69842e+18 8.43249e+06 72 20.6807 23 0.36439
873 3.68935e+19 5.63522e+16 2.14357e+06 65 20.5156 21 0.368788
874 4.72237e+21 4.8528e+18 1.68243e+07 72 21.083 24 0.373374
875 3.77789e+22 4.22627e+19 1.68354e+07 75 21.7686 24 0.390469
876 1.47574e+20 3.80688e+17 297283 67 19.5566 18 0.352735
877 2.36118e+21 3.28349e+18 1.08986e+06 71 19.4766 20 0.342307
878 1.20893e+24 1.18064e+21 91272.2 80 18.4912 16 0.32978
879 4.61169e+18 8.73714e+15 1.08558e+06 62 19.3633 20 0.347844
880 1.51116e+23 1.4758e+20 152895 77 18.5615 17 0.337165
881 2.41785e+24 2.38052e+21 8.43986e+06 81 21.3975 23 0.38012
882 1.88895e+22 1.85473e+19 8.43805e+06 74 20.9609 23 0.374818
883 4.8357e+24 4.79682e+21 6.71765e+07 82 23.8662 26 0.415204
884 4.72237e+21 7.85681e+18 5.36949e+08 72 26.5498 29 0.462514
885 6.04463e+23 6.65515e+20 2.68512e+08 79 25.7188 28 0.444052
886 3.77789e+22 7.4104e+19 2.68514e+08 75 26.0156 28 0.445889
887 1.88895e+22 4.4232e+19 1.34291e+08 74 24.4277 27 0.425946
888 3.09485e+26 3.02539e+23 1.34279e+08 88 24.8428 27 0.424594
889 2.36118e+21 3.18553e+18 1.68324e+07 71 22.7607 24 0.396177
890 7.55579e+22 1.55402e+20 1.34289e+08 76 24.2617 27 0.423185
891 3.02231e+23 3.10472e+20 3.36036e+07 78 22.8271 25 0.406648
892 2.36118e+21 4.1474e+18 1.34293e+08 71 25.3447 27 0.435538
893 2.41785e+24 2.36178e+21 1.34288e+08 81 24.8105 27 0.42451
894 2.36118e+21 4.90892e+18 2.68505e+08 71 26.3096 28 0.449496
895 7.55579e+22 7.95959e+19 5.36939e+08 76 27.4092 29 0.464469
896 6.04463e+23 5.97941e+20 6.71698e+07 79 23.4033 26 0.412002
897 3.77789e+22 4.27399e+19 2.68512e+08 75 26.1963 28 0.448184
898 3.86856e+25 3.80854e+22 5.36955e+08 85 28.2627 29 0.48115
899 1.88895e+22 3.21481e+19 5.36953e+08 74 27.7637 29 0.479121
900 7.73713e+25 7.61515e+22 1.07383e+09 86 28.4766 30 0.486935
901 6.04463e+23 5.99166e+20 5.36959e+08 79 27.9463 29 0.477138
902 9.67141e+24 1.00386e+22 5.36954e+08 83 28.4336 29 0.476914
903 1.18059e+21 3.58895e+18 1.07382e+09 70 28.6904 30 0.495135
904 6.1897e+26 6.0447e+23 5.36944e+08 89 27.1074 29 0.476209
905 4.8357e+24 4.88465e+21 5.3695e+08 82 27.3467 29 0.47091
906 1.51116e+23 1.49332e+20 5.36947e+08 77 27.9033 29 0.472515
907 3.77789e+22 6.52642e+19 1.07383e+09 75 28.7373 30 0.487044
908 1.93428e+25 1.89579e+22 2.14756e+09 84 28.834 31 0.491375
909 3.02231e+23 3.74149e+20 8.59002e+09 78 30.71 33 0.530331
910 3.09485e+26 3.78166e+23 5.36953e+08 88 28.3398 29 0.478297
911 7.92282e+28 7.76747e+25 1.07382e+09 96 28.3096 30 0.480454
912 1.20893e+24 1.3014e+21 2.14757e+09 80 28.9863 31 0.481199
913 4.95176e+27 4.83578e+24 8.59002e+09 92 29.8662 33 0.507086
914 1.20893e+24 1.26714e+21 4.29505e+09 80 30.1055 32 0.512415
915 7.92282e+28 7.7977e+25 2.14758e+09 96 30.1367 31 0.517098
916 9.67141e+24 1.00488e+22 8.59002e+09 83 31.7002 33 0.547095
917 7.92282e+28 7.73713e+25 2.14757e+09 96 29.8623 31 0.509165
918 1.88895e+22 4.68028e+19 4.29507e+09 74 31.1406 32 0.531874
919 1.20893e+24 1.18136e+21 2.14756e+09 80 30.2598 31 0.51606
920 3.02231e+23 3.43016e+20 2.14757e+09 78 29.751 31 0.505251
921 9.67141e+24 1.00779e+22 4.29506e+09 83 30.6152 32 0.52402
922 4.95176e+27 4.83644e+24 4.29506e+09 92 30.7363 32 0.527509
923 1.51116e+23 1.52053e+20 8.59003e+09 77 31.0293 33 0.535442
924 7.92282e+28 7.75227e+25 1.07383e+09 96 28.7021 30 0.502077
925 3.02231e+23 3.65731e+20 4.29506e+09 78 30.0439 32 0.515472
926 1.51116e+23 5.676e+20 2.14757e+09 77 30.2617 31 0.525118
927 1.93428e+25 2.09271e+22 2.14757e+09 84 29.627 31 0.516822
928 1.93428e+25 2.40723e+22 8.59004e+09 84 31.751 33 0.547649
929 1.54743e+26 1.53801e+23 2.14757e+09 87 29.0156 31 0.497956
930 6.1897e+26 6.24545e+23 2.14758e+09 89 29.5684 31 0.504753
931 2.47588e+27 2.58789e+24 2.14758e+09 91 28.4668 31 0.498662
932 1.20893e+24 3.55579e+21 4.29506e+09 80 29.2744 32 0.511787
933 7.92282e+28 7.85815e+25 5.36957e+08 96 26.5713 29 0.470582
934 1.54743e+26 1.51217e+23 1.07383e+09 87 27.3516 30 0.474883
935 9.67141e+24 1.0651e+22 8.59003e+09 83 30.6992 33 0.529109
936 7.73713e+25 7.61228e+22 1.718e+10 86 31.4541 34 0.549196
937 7.73713e+25 9.45419e+22 4.29506e+09 86 30.3262 32 0.515848
938 9.67141e+24 9.59494e+21 2.14758e+09 83 29.5879 31 0.503886
939 7.92282e+28 7.73727e+25 1.718e+10 96 31.418 34 0.539289
940 2.41785e+24 3.6363e+21 4.29506e+09 81 29.2822 32 0.498567
941 1.93428e+25 1.92055e+22 1.07382e+09 84 28.0967 30 0.484716
942 9.67141e+24 2.50972e+22 6.71812e+07 83 25.8965 26 0.455685
943 2.41785e+24 3.10615e+21 1.07382e+09 81 28.5254 30 0.491488
944 1.93428e+25 1.90071e+22 4.29507e+09 84 30.5459 32 0.525782
945 7.92282e+28 7.75225e+25 1.718e+10 96 32.0986 34 0.54866
946 4.95176e+27 4.8429e+24 8.59004e+09 92 30.6943 33 0.526628
947 6.1897e+26 6.43503e+23 8.59003e+09 89 31.0107 33 0.531906
948 1.93428e+25 2.02589e+22 1.718e+10 84 32.3398 34 0.556943
949 7.92282e+28 7.73716e+25 4.29507e+09 96 30.542 32 0.52071
950 1.51116e+23 1.77168e+20 4.29507e+09 77 30.626 32 0.524373
951 6.04463e+23 6.41941e+20 4.29505e+09 79 29.3799 32 0.504978
952 6.1897e+26 6.44651e+23 8.59003e+09 89 30.5068 33 0.517942
953 2.41785e+24 4.80867e+21 8.59004e+09 81 31.0137 33 0.535963
954 4.8357e+24 4.78961e+21 2.14758e+09 82 29.3711 31 0.502605
955 1.93428e+25 1.89338e+22 5.36956e+08 84 27.4043 29 0.475584
956 3.02231e+23 3.70569e+20 5.36954e+08 78 26.9951 29 0.469455
957 1.54743e+26 1.65314e+23 1.07382e+09 87 28.6455 30 0.49737
958 3.02231e+23 3.00735e+20 1.07382e+09 78 26.8604 30 0.46963
959 7.55579e+22 1.72754e+20 2.14757e+09 76 27.9912 31 0.485596
960 3.09485e+26 3.41344e+23 1.07383e+09 88 27.9922 30 0.485878
961 9.44473e+21 2.08067e+19 1.07384e+09 73 28.4121 30 0.492349
962 3.02231e+23 4.29987e+20 1.07382e+09 78 27.5469 30 0.475232
963 7.92282e+28 7.7374e+25 1.07383e+09 96 28.5303 30 0.499341
964 7.92282e+28 7.73743e+25 1.07383e+09 96 29.2295 30 0.503828
965 4.72237e+21 1.18407e+19 5.36948e+08 72 28.4775 29 0.480578
966 1.9807e+28 3.86859e+25 1.34288e+08 94 26.6719 27 0.446209
967 9.44473e+21 1.2402e+19 1.34293e+08 73 26.9102 27 0.463247
968 3.77789e+22 8.20675e+19 5.36946e+08 75 27.8848 29 0.476926
969 9.44473e+21 1.32089e+19 6.71782e+07 73 25.54 26 0.436089
970 3.09485e+26 3.02246e+23 5.36943e+08 88 27.6533 29 0.472865
971 2.36118e+21 6.45868e+18 2.14756e+09 71 28.9287 31 0.481024
972 3.02231e+23 4.5934e+20 5.36943e+08 78 27.0908 29 0.460393
973 1.88895e+22 3.08192e+19 5.36947e+08 74 27.2568 29 0.46836
974 9.44473e+21 9.49812e+18 2.68512e+08 73 26.4463 28 0.457022
975 1.20893e+24 1.18766e+21 5.36954e+08 80 27.6025 29 0.48867
976 1.20893e+24 1.26282e+21 1.07381e+09 80 27.5449 30 0.489383
977 2.41785e+24 2.42822e+21 5.3695e+08 81 27.6377 29 0.489129
978 4.95176e+27 5.18403e+24 1.07383e+09 92 27.9395 30 0.501623
979 7.92282e+28 7.79782e+25 1.68346e+07 96 24.0801 24 0.427698
980 1.51116e+23 2.57772e+20 1.68329e+07 77 24.6914 24 0.446272
981 1.20893e+24 1.37275e+21 6.71674e+07 80 25.3086 26 0.460672
982 7.92282e+28 1.54791e+26 6.7169e+07 96 25.6016 26 0.469938
983 1.51116e+23 2.00248e+20 6.71743e+07 77 24.79 26 0.453855
984 9.90352e+27 9.67158e+24 3.36105e+07 93 24.8789 25 0.453662
985 6.04463e+23 9.00387e+20 8.43734e+06 79 24.5576 23 0.450182
986 3.09485e+26 3.12356e+23 1.34278e+08 88 26.1035 27 0.476667
987 2.41785e+24 3.10293e+21 1.07381e+09 81 27.8936 30 0.50141
988 4.8357e+24 5.64937e+21 1.07383e+09 82 28.7197 30 0.514959
989 7.92282e+28 7.73743e+25 1.07384e+09 96 29.4814 30 0.528551
990 2.41785e+24 3.57344e+21 1.07383e+09 81 28.4189 30 0.520561
991 3.77789e+22 1.00651e+20 2.14756e+09 75 27.6484 31 0.507859
992 1.23794e+27 1.21017e+24 5.36955e+08 90 28.3203 29 0.51661
993 7.92282e+28 7.73714e+25 8.59004e+09 96 31.2236 33 0.573795
994 7.92282e+28 7.86203e+25 1.718e+10 96 31.3428 34 0.584656
995 1.9807e+28 1.93476e+25 5.36952e+08 94 27.1562 29 0.499196
996 1.54743e+26 1.51169e+23 2.68509e+08 87 27.2852 28 0.495719
997 3.86856e+25 3.81103e+22 4.29506e+09 85 28.8623 32 0.536821
998 1.51116e+23 2.46548e+20 1.07382e+09 77 28.0488 30 0.511174
999 9.67141e+24 9.45077e+21 1.34282e+08 83 25.6504 27 0.46279
1000 7.92282e+28 7.7402e+25 2.14757e+09 96 28.7305 31 0.530488
1001 1.54743e+26 1.51471e+23 4.29504e+09 87 29.1826 32 0.542148
1002 1.20893e+24 2.52575e+21 8.59002e+09 80 29.29 33 0.547319
1003 7.92282e+28 7.79947e+25 2.14758e+09 96 28.8633 31 0.540629
1004 7.92282e+28 7.73743e+25 2.14758e+09 96 29.1299 31 0.541671
1005 1.93428e+25 2.858e+22 8.59003e+09 84 29.6045 33 0.552037
1006 3.09485e+26 3.07e+23 1.07382e+09 88 28.4326 30 0.535928
1007 7.92282e+28 7.7374e+25 1.34292e+08 96 27.708 27 0.520923
1008 7.92282e+28 7.73714e+25 4.29505e+09 96 29.917 32 0.557904
1009 7.73713e+25 7.72698e+22 8.59002e+09 86 30.8359 33 0.574727
1010 7.92282e+28 7.82126e+25 8.59002e+09 96 31.2998 33 0.583108
1011 3.96141e+28 3.86861e+25 3.43598e+10 95 32.252 35 0.603244
1012 7.92282e+28 7.73716e+25 2.68508e+08 96 27.376 28 0.499993
1013 7.92282e+28 7.73713e+25 1.68338e+07 96 25.2646 24 0.454105
1014 7.92282e+28 1.54746e+26 1.07382e+09 96 28.6855 30 0.519702
1015 7.92282e+28 7.73732e+25 1.07383e+09 96 28.8516 30 0.532232
1016 7.92282e+28 7.74468e+25 2.68507e+08 96 26.668 28 0.489451
1017 3.02231e+23 4.18124e+20 1.34278e+08 78 26.2432 27 0.488942
1018 7.92282e+28 7.75263e+25 1.07381e+09 96 27.7881 30 0.512255
1019 1.20893e+24 1.82467e+21 8.59004e+09 80 30.7979 33 0.572385
1020 1.20893e+24 1.83892e+21 3.43598e+10 80 32.3506 35 0.591012
1021 9.90352e+27 9.67142e+24 5.36951e+08 93 28.417 29 0.522036
1022 6.04463e+23 9.63279e+20 4.29505e+09 79 31.0947 32 0.572741
1023 3.02231e+23 5.61987e+20 4.29507e+09 78 31.1006 32 0.570263
1024 7.92282e+28 7.9794e+25 2.14757e+09 96 30.0508 31 0.552459
1025 2.47588e+27 2.45692e+24 2.14757e+09 91 29.7461 31 0.550181
1026 7.92282e+28 7.73721e+25 4.29506e+09 96 29.915 32 0.551371
1027 3.86856e+25 4.73095e+22 8.59003e+09 85 30.9131 33 0.570277
1028 1.93428e+25 1.92068e+22 1.718e+10 84 31.6885 34 0.587855
1029 7.73713e+25 7.57227e+22 4.29506e+09 86 29.8564 32 0.55633
1030 4.95176e+27 4.83829e+24 1.07381e+09 92 28.5381 30 0.53167
1031 7.92282e+28 7.7374e+25 4.29504e+09 96 29.8301 32 0.555041
1032 7.73713e+25 7.85528e+22 1.718e+10 86 30.4424 34 0.566414
1033 1.20893e+24 1.65172e+21 8.59003e+09 80 30.7773 33 0.570034
1034 9.90352e+27 9.74886e+24 1.718e+10 93 31.083 34 0.571489
1035 3.86856e+25 7.59189e+22 4.29505e+09 85 29.8408 32 0.544344
1036 3.09485e+26 3.79072e+23 4.29505e+09 88 30.3223 32 0.5494
1037 7.92282e+28 8.22192e+25 1.07383e+09 96 29.7178 30 0.537999
1038 4.8357e+24 5.05972e+21 1.07381e+09 82 28.6475 30 0.519
1039 9.44473e+21 3.30481e+19 2.68513e+08 73 26.9727 28 0.485307
1040 9.67141e+24 1.23957e+22 1.3429e+08 83 26.3906 27 0.479398
1041 7.92282e+28 7.7372e+25 1.34287e+08 96 26.7793 27 0.484172
1042 9.67141e+24 1.02222e+22 3.36182e+07 83 26.4961 25 0.479662
1043 7.92282e+28 8.22095e+25 2.68503e+08 96 26.7705 28 0.486054
1044 4.8357e+24 7.54817e+21 2.14755e+09 82 28.9443 31 0.526636
1045 6.1897e+26 9.06808e+23 5.3694e+08 89 27.2539 29 0.495318
1046 3.09485e+26 3.02239e+23 5.36936e+08 88 27.3086 29 0.501973
1047 2.41785e+24 2.52221e+21 3.36134e+07 81 25.0986 25 0.47299
1048 4.8357e+24 5.97497e+21 2.68501e+08 82 27.834 28 0.518247
1049 6.1897e+26 6.04598e+23 5.36936e+08 89 27.8701 29 0.510793
1050 4.95176e+27 5.3087e+24 1.07382e+09 92 28.7705 30 0.535205
1051 7.55579e+22 1.28195e+20 1.34278e+08 76 26.4619 27 0.483924
1052 1.20893e+24 1.221e+21 5.36943e+08 80 27.4121 29 0.506746
1053 9.44473e+21 2.45861e+19 2.68502e+08 73 27.2734 28 0.506064
1054 1.51116e+23 1.7408e+20 1.34281e+08 77 26.5371 27 0.482854
1055 7.55579e+22 1.19683e+20 1.34284e+08 76 27.0381 27 0.491597
1056 1.88895e+22 3.03348e+19 5.36946e+08 74 27.668 29 0.510563
1057 2.41785e+24 2.36576e+21 6.71681e+07 81 26.4629 26 0.486558
1058 3.09485e+26 3.02839e+23 2.68515e+08 88 27.5938 28 0.507519
1059 1.88895e+22 5.89657e+19 2.68504e+08 74 26.7666 28 0.489425
1060 3.86856e+25 3.83839e+22 1.34291e+08 85 26.2031 27 0.475749
1061 1.20893e+24 1.18773e+21 5.36944e+08 80 27.1191 29 0.490997
1062 1.23794e+27 1.21163e+24 5.36951e+08 90 28.8701 29 0.52162
1063 2.47588e+27 2.56938e+24 1.07382e+09 91 29.0234 30 0.523365
1064 7.73713e+25 7.57993e+22 2.14757e+09 86 30.2266 31 0.549001
1065 7.92282e+28 8.22074e+25 8.59001e+09 96 30.2939 33 0.558409
1066 7.92282e+28 1.54745e+26 1.07383e+09 96 28.5088 30 0.523531
1067 7.92282e+28 9.67171e+25 2.14757e+09 96 29.5869 31 0.541832
1068 1.20893e+24 2.04213e+21 2.14756e+09 80 29.2656 31 0.540809
1069 2.41785e+24 6.01343e+21 5.36959e+08 81 28.1484 29 0.516138
1070 3.96141e+28 4.14914e+25 5.3695e+08 95 27.8779 29 0.516506
1071 1.20893e+24 2.59903e+21 8.59003e+09 80 31.6201 33 0.576861
1072 7.92282e+28 7.76362e+25 4.29505e+09 96 30.8359 32 0.561154
1073 6.04463e+23 1.53719e+21 1.07383e+09 79 29.3994 30 0.530799
1074 4.8357e+24 7.30161e+21 2.14758e+09 82 29.8867 31 0.539473
1075 7.92282e+28 7.9192e+25 4.29507e+09 96 31.4004 32 0.581937
1076 7.92282e+28 1.54756e+26 8.59003e+09 96 31.3496 33 0.569373
1077 7.92282e+28 7.73784e+25 4.29506e+09 96 31.1709 32 0.568832
1078 7.92282e+28 1.06691e+26 1.718e+10 96 33.1367 34 0.603522
1079 1.54743e+26 1.57756e+23 1.718e+10 87 31.8682 34 0.5867
1080 7.92282e+28 1.16145e+26 1.718e+10 96 32.0742 34 0.581392
1081 7.92282e+28 7.98306e+25 1.718e+10 96 31.9434 34 0.582556
1082 7.92282e+28 1.56104e+26 8.59004e+09 96 31.3799 33 0.568224
1083 7.92282e+28 1.59583e+26 3.43598e+10 96 33.3125 35 0.607549
1084 7.92282e+28 1.55248e+26 8.59004e+09 96 31.9785 33 0.579726
1085 7.92282e+28 9.73335e+25 8.59003e+09 96 31.041 33 0.566313
1086 9.67141e+24 1.00921e+22 1.09168e+06 83 24.8105 20 0.449932
1087 1.54743e+26 3.53154e+23 8.59002e+09 87 31.2197 33 0.56903
1088 2.47588e+27 4.30975e+24 2.68506e+08 91 28.2021 28 0.511783
1089 7.92282e+28 3.86976e+26 1.71799e+10 96 32.4824 34 0.597114
1090 7.92282e+28 3.10393e+26 8.59001e+09 96 31.1914 33 0.567134
1091 7.92282e+28 2.32156e+26 1.71799e+10 96 32.3223 34 0.592164
1092 7.92282e+28 1.86186e+26 8.59003e+09 96 31.9004 33 0.58511
1093 7.92282e+28 2.56293e+26 1.718e+10 96 32.3584 34 0.589329
1094 7.92282e+28 3.15616e+26 4.29505e+09 96 31.3643 32 0.57922
1095 7.92282e+28 5.99795e+26 8.59005e+09 96 32.46 33 0.59696
1096 7.92282e+28 2.50311e+26 8.59004e+09 96 31.3848 33 0.578596
1097 7.92282e+28 1.55993e+26 5.36948e+08 96 29.79 29 0.548168
1098 7.92282e+28 1.62082e+26 2.14758e+09 96 30.791 31 0.568526
1099 7.92282e+28 2.3387e+26 8.59003e+09 96 31.7812 33 0.582449
1100 7.92282e+28 2.34856e+26 8.59004e+09 96 32.457 33 0.594851
1101 7.92282e+28 2.35756e+26 4.29506e+09 96 31.3096 32 0.580485
1102 7.92282e+28 3.24197e+26 2.14757e+09 96 30.4795 31 0.56673
1103 7.92282e+28 4.15906e+26 4.29507e+09 96 32.0742 32 0.593076
1104 7.92282e+28 1.67211e+26 2.14756e+09 96 30.252 31 0.560189
1105 7.92282e+28 2.13212e+26 4.29507e+09 96 31.0625 32 0.571785
1106 7.92282e+28 8.79615e+25 2.14757e+09 96 30.9248 31 0.5635
1107 7.92282e+28 3.5378e+26 1.718e+10 96 32.7207 34 0.609965
1108 7.92282e+28 3.94836e+26 8.59002e+09 96 31.9336 33 0.590391
1109 7.92282e+28 4.07411e+26 2.14757e+09 96 30.1875 31 0.558584
1110 7.92282e+28 3.91022e+26 4.29507e+09 96 32.0254 32 0.600863
1111 7.92282e+28 4.2756e+26 4.29504e+09 96 30.6367 32 0.574275
1112 7.92282e+28 6.82902e+26 4.29505e+09 96 31.3262 32 0.584799
1113 7.92282e+28 7.95196e+26 4.29506e+09 96 31.5654 32 0.583618
1114 7.92282e+28 3.48949e+26 5.36944e+08 96 29.127 29 0.550573
1115 7.92282e+28 3.40255e+26 4.29505e+09 96 31.1133 32 0.5831
1116 7.92282e+28 5.67107e+26 8.59005e+09 96 32.0566 33 0.601141
1117 7.92282e+28 5.05361e+26 1.718e+10 96 32.4463 34 0.604036
1118 7.92282e+28 2.46275e+26 3.43598e+10 96 32.583 35 0.606664
1119 7.92282e+28 9.23437e+25 3.43598e+10 96 32.584 35 0.602351
1120 7.92282e+28 1.98752e+26 2.74878e+11 96 35.5439 38 0.6623
1121 7.92282e+28 6.4865e+26 3.43598e+10 96 33.4707 35 0.624536
1122 7.92282e+28 3.99461e+26 3.43598e+10 96 32.9648 35 0.61371
1123 7.92282e+28 4.80517e+26 3.43599e+10 96 33.5986 35 0.624044
1124 7.92282e+28 5.4746e+26 8.59003e+09 96 31.498 33 0.579889
1125 7.92282e+28 5.81151e+26 8.59e+09 96 31.9795 33 0.588981
1126 7.92282e+28 3.11204e+26 8.59004e+09 96 32.2578 33 0.601495
1127 7.92282e+28 7.90411e+25 1.718e+10 96 32.3535 34 0.603382
1128 7.92282e+28 3.02648e+26 2.74878e+11 96 35.4932 38 0.667218
1129 7.92282e+28 2.52226e+26 3.43598e+10 96 32.832 35 0.609141
1130 7.92282e+28 3.14079e+26 1.09951e+12 96 36.2402 40 0.675425
1131 7.92282e+28 5.44548e+26 8.59004e+09 96 32.3115 33 0.610641
1132 7.92282e+28 7.49826e+26 1.37439e+11 96 34.7227 37 0.650528
1133 7.92282e+28 2.45852e+26 3.43598e+10 96 32.6514 35 0.610678
1134 7.92282e+28 1.56872e+26 8.59004e+09 96 32.2266 33 0.607283
1135 7.92282e+28 5.22679e+26 3.43598e+10 96 33.3486 35 0.61806
1136 7.92282e+28 3.968e+26 8.59003e+09 96 33.4277 33 0.627052
1137 7.92282e+28 3.29107e+26 8.59004e+09 96 32.8115 33 0.612446
1138 7.92282e+28 5.49265e+26 8.59002e+09 96 32.4727 33 0.611547
1139 7.92282e+28 5.7353e+26 8.59002e+09 96 32.5439 33 0.614962
1140 7.92282e+28 7.12296e+26 3.43599e+10 96 33.4766 35 0.626703
1141 7.92282e+28 3.88249e+26 8.59004e+09 96 32.9365 33 0.616791
1142 7.92282e+28 5.35641e+26 3.43598e+10 96 33.4023 35 0.618431
1143 7.92282e+28 4.74074e+26 2.74878e+11 96 34.2314 38 0.635193
1144 7.92282e+28 3.9933e+26 8.59002e+09 96 32.8809 33 0.619575
1145 7.92282e+28 6.4002e+26 3.43599e+10 96 34.4609 35 0.646393
1146 7.92282e+28 6.59501e+26 3.43598e+10 96 33.9561 35 0.635633
1147 7.92282e+28 7.20195e+26 1.718e+10 96 33.0176 34 0.620534
1148 7.92282e+28 4.94464e+26 3.43598e+10 96 33.2422 35 0.626243
1149 7.92282e+28 4.80165e+26 6.87196e+10 96 33.542 36 0.634755
1150 7.92282e+28 7.44186e+26 1.718e+10 96 33.8672 34 0.638894
1151 7.92282e+28 3.20024e+26 8.59004e+09 96 32.6992 33 0.61932
1152 7.92282e+28 6.44417e+26 6.87196e+10 96 34.5908 36 0.653991
1153 7.92282e+28 4.74956e+26 2.14757e+09 96 31.7852 31 0.603998
1154 7.92282e+28 5.25067e+26 4.29504e+09 96 32.1289 32 0.612143
1155 7.92282e+28 4.87266e+26 1.718e+10 96 32.9912 34 0.628024
1156 7.92282e+28 5.46462e+26 4.29505e+09 96 31.9443 32 0.605036
1157 7.92282e+28 3.79703e+26 1.07383e+09 96 30.4688 30 0.575069
1158 7.92282e+28 5.77291e+26 8.59002e+09 96 31.9727 33 0.604713
1159 7.92282e+28 6.43194e+26 4.29505e+09 96 32.2559 32 0.609265
1160 7.92282e+28 2.34563e+26 8.59002e+09 96 32.0488 33 0.607185
1161 7.92282e+28 4.27612e+26 4.29505e+09 96 31.8516 32 0.601326
1162 7.92282e+28 1.3786e+26 2.14757e+09 96 30.6279 31 0.575374
1163 7.92282e+28 3.93935e+26 6.87196e+10 96 33.79 36 0.632958
1164 1.58456e+29 5.68417e+26 2.74878e+11 97 34.9912 38 0.664301
1165 7.92282e+28 1.76915e+26 1.37439e+11 96 34.2715 37 0.646115
1166 7.92282e+28 4.64647e+26 1.37439e+11 96 34.9277 37 0.654985
1167 1.23794e+27 2.7089e+24 3.43598e+10 90 33.709 35 0.635863
1168 7.92282e+28 2.52542e+26 1.37439e+11 96 35.6523 37 0.667252
1169 9.90352e+27 2.81446e+25 1.718e+10 93 33.541 34 0.63252
1170 7.92282e+28 2.43147e+26 3.43599e+10 96 33.6074 35 0.632545
1171 1.58456e+29 3.16232e+26 1.37439e+11 97 35.4316 37 0.665866
1172 7.92282e+28 3.36642e+26 3.43598e+10 96 33.4863 35 0.644199
1173 7.92282e+28 9.80274e+25 6.87196e+10 96 34.0303 36 0.657706
1174 4.95176e+27 7.43622e+24 2.74878e+11 92 36.3291 38 0.686937
1175 7.92282e+28 7.10754e+26 2.74878e+11 96 35.2998 38 0.651412
1176 7.92282e+28 7.81104e+26 1.718e+10 96 33.5615 34 0.62212
1177 7.92282e+28 5.53825e+26 6.87196e+10 96 35.125 36 0.651854
1178 1.58456e+29 6.65298e+26 2.74878e+11 97 35.0947 38 0.656109
1179 7.92282e+28 3.24942e+26 6.87196e+10 96 34.5283 36 0.646479
1180 7.92282e+28 5.45734e+26 6.87196e+10 96 34.207 36 0.639097
1181 7.92282e+28 4.72065e+26 1.718e+10 96 33.6943 34 0.633921
1182 7.92282e+28 2.53899e+26 1.718e+10 96 33.6875 34 0.624982
1183 7.92282e+28 3.55014e+26 3.43598e+10 96 34.5078 35 0.648167
1184 7.92282e+28 1.82027e+26 3.43598e+10 96 33.8916 35 0.633991
1185 7.92282e+28 4.71592e+26 4.29508e+09 96 32.4424 32 0.616013
1186 7.92282e+28 5.55164e+26 2.14758e+09 96 31.5264 31 0.593992
1187 7.92282e+28 7.93691e+26 8.59002e+09 96 32.5391 33 0.61231
1188 7.92282e+28 3.19632e+26 1.718e+10 96 32.6104 34 0.618264
1189 7.92282e+28 3.2409e+26 1.718e+10 96 32.873 34 0.617322
1190 7.92282e+28 9.491e+26 1.718e+10 96 34.5488 34 0.648194
1191 7.92282e+28 9.82376e+25 1.71799e+10 96 33.3086 34 0.626805
1192 7.92282e+28 3.15158e+26 6.87196e+10 96 35.3369 36 0.668945
1193 7.92282e+28 2.12856e+26 2.74878e+11 96 36.4072 38 0.683728
1194 7.92282e+28 1.58733e+26 1.09951e+12 96 37.4316 40 0.701451
1195 7.92282e+28 2.41988e+26 2.74878e+11 96 36.748 38 0.689442
1196 7.92282e+28 3.95987e+26 2.74878e+11 96 36.8535 38 0.69199
1197 7.92282e+28 5.86637e+26 2.74878e+11 96 35.8682 38 0.685595
1198 7.92282e+28 6.30893e+26 2.74878e+11 96 36.1172 38 0.684722
1199 7.92282e+28 5.46558e+26 1.37439e+11 96 35.0498 37 0.675657
1200 7.92282e+28 4.66371e+26 6.87196e+10 96 34.7129 36 0.667164
1201 7.92282e+28 3.11528e+26 1.37439e+11 96 35.082 37 0.677383
1202 7.92282e+28 3.89556e+26 5.49756e+11 96 36.6641 39 0.702315
1203 7.92282e+28 2.33556e+26 1.37439e+11 96 35.6299 37 0.679797
1204 7.92282e+28 5.44647e+26 2.74878e+11 96 36.8301 38 0.709814
1205 7.92282e+28 4.854e+26 5.49756e+11 96 37.3359 39 0.731153
1206 7.92282e+28 5.98688e+26 2.74878e+11 96 36.0947 38 0.701616
1207 7.92282e+28 3.92913e+26 1.37439e+11 96 34.4883 37 0.666785
1208 7.92282e+28 3.93776e+26 2.74878e+11 96 35.9551 38 0.700461
1209 7.92282e+28 6.89469e+26 1.09951e+12 96 37.3623 40 0.723848
1210 7.92282e+28 4.16739e+26 1.37439e+11 96 36.3359 37 0.71326
1211 7.92282e+28 8.11153e+26 2.74878e+11 96 38.2432 38 0.746989
1212 7.92282e+28 1.02946e+27 2.74878e+11 96 37.4072 38 0.733682
1213 7.92282e+28 5.30896e+26 2.74878e+11 96 37.1885 38 0.725851
1214 7.92282e+28 2.64582e+26 1.37439e+11 96 36.0459 37 0.702371
1215 7.92282e+28 7.16465e+26 5.49756e+11 96 38.0723 39 0.746354
1216 7.92282e+28 6.32086e+26 6.87196e+10 96 35.5205 36 0.70208
1217 7.92282e+28 3.42257e+26 2.74878e+11 96 36.3174 38 0.7203
1218 7.92282e+28 4.25029e+26 6.87196e+10 96 35.2461 36 0.693114
1219 7.92282e+28 8.75913e+26 1.37439e+11 96 35.1094 37 0.695315
1220 7.92282e+28 1.83976e+26 3.43598e+10 96 34.1553 35 0.669804
1221 7.92282e+28 6.19908e+26 6.87196e+10 96 35.4014 36 0.700011
1222 7.92282e+28 1.97868e+26 1.718e+10 96 33.9434 34 0.679425
1223 7.92282e+28 3.25003e+26 1.09951e+12 96 38.0479 40 0.75705
1224 7.92282e+28 8.22852e+26 2.74878e+11 96 37.5283 38 0.73124
1225 7.92282e+28 5.44635e+26 2.74878e+11 96 36.3613 38 0.716365
1226 3.96141e+28 5.18129e+25 5.49756e+11 95 37.5928 39 0.733404
1227 7.92282e+28 7.36264e+26 2.19902e+12 96 39.4346 41 0.78147
1228 7.92282e+28 4.66076e+26 4.39805e+12 96 39.2998 42 0.772089
1229 7.92282e+28 1.44442e+26 1.09951e+12 96 37.2119 40 0.724872
1230 7.92282e+28 3.61031e+26 1.75922e+13 96 42.0791 44 0.830057
1231 7.92282e+28 2.05009e+26 4.39805e+12 96 40.749 42 0.794632
1232 7.92282e+28 3.92895e+26 8.79609e+12 96 41.2227 43 0.811574
1233 7.92282e+28 2.16015e+26 2.74878e+11 96 36.4854 38 0.719413
1234 7.92282e+28 6.37666e+26 2.74878e+11 96 37.8848 38 0.740859
1235 7.92282e+28 4.62516e+26 2.19902e+12 96 39.6865 41 0.78462
1236 7.92282e+28 2.87661e+26 8.79609e+12 96 41.0293 43 0.810902
1237 7.92282e+28 9.27957e+26 8.79609e+12 96 40.9404 43 0.807594
1238 3.16913e+29 7.9992e+26 1.09951e+12 98 38.1367 40 0.753451
1239 7.92282e+28 6.29131e+26 4.39805e+12 96 39.9775 42 0.790782
1240 7.92282e+28 6.10678e+26 1.09951e+12 96 38.5947 40 0.761085
1241 7.92282e+28 7.43077e+26 4.39805e+12 96 39.6953 42 0.783274
1242 7.92282e+28 4.13018e+26 2.19902e+12 96 39.707 41 0.789457
1243 7.92282e+28 1.1868e+27 1.75922e+13 96 42.0635 44 0.830158
1244 7.92282e+28 4.44479e+26 4.39805e+12 96 40.8066 42 0.812765
1245 7.92282e+28 4.84726e+26 1.75922e+13 96 41.2646 44 0.821262
1246 7.92282e+28 1.00103e+27 4.39805e+12 96 40.9805 42 0.817663
1247 7.92282e+28 1.04115e+27 8.79609e+12 96 40.7412 43 0.813147
1248 7.92282e+28 6.3137e+26 3.51844e+13 96 41.7568 45 0.825817
1249 7.92282e+28 1.18327e+27 1.75922e+13 96 42.6133 44 0.846335
1250 7.92282e+28 6.09992e+26 1.09951e+12 96 39.4541 40 0.782872
1251 7.92282e+28 4.65613e+26 2.19902e+12 96 39.4277 41 0.782843
1252 7.92282e+28 5.93297e+26 8.79609e+12 96 41.0078 43 0.816321
1253 7.92282e+28 9.96212e+26 4.39805e+12 96 41.0791 42 0.829652
1254 7.92282e+28 6.14453e+26 2.19902e+12 96 40.3691 41 0.809886
1255 1.58456e+29 8.73161e+26 1.09951e+12 97 39.2412 40 0.790483
1256 7.92282e+28 5.01083e+26 8.79609e+12 96 40.8604 43 0.810968
1257 3.16913e+29 8.52272e+26 4.39805e+12 98 40.0254 42 0.794974
1258 7.92282e+28 6.36939e+26 4.39805e+12 96 39.5176 42 0.789043
1259 7.92282e+28 5.58572e+26 2.19902e+12 96 39.6738 41 0.786007
1260 7.92282e+28 5.47551e+26 1.09951e+12 96 38.9023 40 0.773534
1261 7.92282e+28 6.54427e+26 2.19902e+12 96 39.4072 41 0.779974
1262 7.92282e+28 7.40179e+26 5.49756e+11 96 37.708 39 0.740931
1263 7.92282e+28 1.00578e+27 2.19902e+12 96 39.7354 41 0.792414
1264 7.92282e+28 8.33418e+26 5.49756e+11 96 37.5576 39 0.751221
1265 7.92282e+28 5.72223e+26 2.19902e+12 96 39.5996 41 0.774318
1266 7.92282e+28 5.85476e+26 1.09951e+12 96 39.0713 40 0.763757
1267 7.92282e+28 1.18401e+27 4.39805e+12 96 41.1426 42 0.811916
1268 7.92282e+28 7.07206e+26 8.79609e+12 96 40.415 43 0.79503
1269 7.92282e+28 1.0411e+27 8.79609e+12 96 40.5557 43 0.803624
1270 7.92282e+28 7.09498e+26 8.79609e+12 96 40.2822 43 0.791428
1271 7.92282e+28 1.15261e+27 4.39805e+12 96 39.7715 42 0.792673
1272 1.58456e+29 9.68456e+26 4.39805e+12 97 39.4688 42 0.779971
1273 7.92282e+28 9.05655e+26 8.79609e+12 96 41.6406 43 0.82034
1274 7.92282e+28 3.95629e+26 8.79609e+12 96 40.1846 43 0.81199
1275 7.92282e+28 1.49107e+27 1.75922e+13 96 41.334 44 0.818884
1276 7.92282e+28 1.19029e+27 4.39805e+12 96 38.9473 42 0.772537
1277 7.92282e+28 1.62278e+27 8.79609e+12 96 40.6992 43 0.811684
1278 7.92282e+28 5.96576e+26 2.19902e+12 96 39.1846 41 0.78982
1279 3.16913e+29 1.20081e+27 4.39805e+12 98 39.8213 42 0.801605
1280 7.92282e+28 1.56591e+27 8.79609e+12 96 41.1553 43 0.819876
1281 7.92282e+28 1.58779e+27 8.79609e+12 96 42.0361 43 0.846175
1282 3.16913e+29 1.20422e+27 4.39805e+12 98 40.5762 42 0.814457
1283 7.92282e+28 1.36787e+27 4.39805e+12 96 40.4902 42 0.820009
1284 7.92282e+28 1.2114e+27 4.39805e+12 96 40.5439 42 0.821516
1285 7.92282e+28 1.68503e+27 4.39805e+12 96 39.9229 42 0.80652
1286 7.92282e+28 1.68133e+27 4.39805e+12 96 40.0996 42 0.815146
1287 7.92282e+28 1.76198e+27 2.19902e+12 96 39.5332 41 0.799196
1288 7.92282e+28 2.28097e+27 1.75922e+13 96 42.4453 44 0.861333
1289 7.92282e+28 2.45422e+27 2.19902e+12 96 40.5586 41 0.828061
1290 7.92282e+28 1.55363e+27 1.75922e+13 96 41.0215 44 0.83516
1291 7.92282e+28 1.45605e+27 1.09951e+12 96 39.7393 40 0.806834
1292 7.92282e+28 1.91385e+27 2.19902e+12 96 39.7236 41 0.810912
1293 7.92282e+28 1.72845e+27 1.09951e+12 96 39.7344 40 0.813536
1294 7.92282e+28 2.09919e+27 2.19902e+12 96 40.7031 41 0.829924
1295 7.92282e+28 1.88707e+27 5.49756e+11 96 39.2334 39 0.79765
1296 7.92282e+28 1.65575e+27 1.09951e+12 96 39.1562 40 0.799356
1297 7.92282e+28 2.07757e+27 2.19902e+12 96 40.8213 41 0.840283
1298 7.92282e+28 2.53187e+27 2.19902e+12 96 40.9062 41 0.834745
1299 7.92282e+28 2.62134e+27 4.39805e+12 96 41.4365 42 0.845655
1300 7.92282e+28 1.35298e+27 2.74878e+11 96 37.791 38 0.780495
1301 7.92282e+28 2.16439e+27 1.09951e+12 96 40.5059 40 0.832866
1302 7.92282e+28 1.39289e+27 2.19902e+12 96 40.0537 41 0.830144
1303 7.92282e+28 1.1604e+27 5.49756e+11 96 39.0195 39 0.813704
1304 7.92282e+28 1.46982e+27 5.49756e+11 96 38.1445 39 0.793071
1305 7.92282e+28 2.11821e+27 2.74878e+11 96 39.0928 38 0.808688
1306 3.16913e+29 2.3448e+27 1.09951e+12 98 39.9854 40 0.817599
1307 7.92282e+28 2.34923e+27 5.49756e+11 96 38.9961 39 0.796452
1308 7.92282e+28 2.07679e+27 1.09951e+12 96 40.04 40 0.826946
1309 7.92282e+28 2.276e+27 1.09951e+12 96 39.6543 40 0.81431
1310 7.92282e+28 1.86823e+27 1.09951e+12 96 39.8291 40 0.820756
1311 7.92282e+28 1.23204e+27 5.49756e+11 96 39.2461 39 0.805912
1312 7.92282e+28 1.87696e+27 2.74878e+11 96 38.3428 38 0.787268
1313 7.92282e+28 1.75498e+27 4.39805e+12 96 40.0742 42 0.817586
1314 7.92282e+28 1.83524e+27 1.09951e+12 96 39.6348 40 0.813809
1315 7.92282e+28 1.49975e+27 2.74878e+11 96 38.6631 38 0.792818
1316 7.92282e+28 1.74369e+27 2.74878e+11 96 37.8545 38 0.768564
1317 7.92282e+28 2.12185e+27 2.74878e+11 96 38.8271 38 0.803556
1318 7.92282e+28 1.33408e+27 1.37439e+11 96 37.3428 37 0.765935
1319 7.92282e+28 2.09493e+27 6.87196e+10 96 38.1494 36 0.781821
1320 7.92282e+28 1.85143e+27 5.49756e+11 96 39.668 39 0.817286
1321 7.92282e+28 1.63519e+27 1.09951e+12 96 39.7793 40 0.823504
1322 7.92282e+28 1.44849e+27 4.39805e+12 96 39.8564 42 0.826101
1323 7.92282e+28 1.87783e+27 1.09951e+12 96 39.3447 40 0.805207
1324 7.92282e+28 1.64174e+27 1.37439e+11 96 38.8721 37 0.789404
1325 7.92282e+28 2.03636e+27 2.74878e+11 96 38.6699 38 0.793556
1326 7.92282e+28 1.98681e+27 2.74878e+11 96 39.332 38 0.803823
1327 7.92282e+28 1.45369e+27 6.87196e+10 96 37.3818 36 0.766152
1328 7.92282e+28 2.4367e+27 1.37439e+11 96 37.959 37 0.797343
1329 7.92282e+28 1.13199e+27 1.37439e+11 96 36.8223 37 0.790202
1330 7.92282e+28 1.80226e+27 2.74878e+11 96 38.2881 38 0.794004
1331 7.92282e+28 1.9522e+27 2.74878e+11 96 38.6387 38 0.799104
1332 7.92282e+28 2.36782e+27 5.49756e+11 96 38.5596 39 0.79556
1333 7.92282e+28 1.56523e+27 1.37439e+11 96 38.2373 37 0.785542
1334 7.92282e+28 1.57583e+27 2.74878e+11 96 39.1426 38 0.807662
1335 7.92282e+28 1.58257e+27 5.49756e+11 96 38.4951 39 0.80245
1336 7.92282e+28 2.47352e+27 1.09951e+12 96 40.1572 40 0.837124
1337 3.16913e+29 2.65571e+27 2.74878e+11 98 39.3623 38 0.806618
1338 1.58456e+29 2.20933e+27 2.74878e+11 97 38.4004 38 0.792587
1339 7.92282e+28 1.08835e+27 1.37439e+11 96 37.6035 37 0.790588
1340 7.92282e+28 1.07223e+27 2.74878e+11 96 37.4785 38 0.773689
1341 7.92282e+28 2.1701e+27 1.37439e+11 96 38.2236 37 0.791285
1342 7.92282e+28 2.48224e+27 5.49756e+11 96 38.876 39 0.795833
1343 7.92282e+28 2.19415e+27 6.87196e+10 96 37.4277 36 0.772449
1344 7.92282e+28 1.77949e+27 2.74878e+11 96 38.8906 38 0.793821
1345 7.92282e+28 1.49241e+27 5.49756e+11 96 38.1367 39 0.78428
1346 7.92282e+28 1.08722e+27 2.74878e+11 96 38.2451 38 0.792359
1347 1.58456e+29 2.06079e+27 1.37439e+11 97 37.3271 37 0.770013
1348 7.92282e+28 1.95617e+27 5.49756e+11 96 38.8281 39 0.79788
1349 7.92282e+28 1.8441e+27 2.74878e+11 96 38.2383 38 0.787161
1350 7.92282e+28 2.28846e+27 1.09951e+12 96 40.1084 40 0.820528
1351 7.92282e+28 2.06974e+27 5.49756e+11 96 39.3447 39 0.809723
1352 7.92282e+28 1.98038e+27 1.09951e+12 96 38.9092 40 0.794968
1353 7.92282e+28 1.84718e+27 2.74878e+11 96 38.5674 38 0.789488
1354 7.92282e+28 1.48237e+27 1.37439e+11 96 37.9961 37 0.779079
1355 7.92282e+28 2.31632e+27 1.09951e+12 96 40.6416 40 0.833306
1356 7.92282e+28 1.94754e+27 1.09951e+12 96 39.4824 40 0.810131
1357 7.92282e+28 2.01326e+27 5.49756e+11 96 39.8857 39 0.808552
1358 7.92282e+28 2.00166e+27 1.37439e+11 96 38.7061 37 0.794649
1359 7.92282e+28 1.84142e+27 2.74878e+11 96 39.2959 38 0.803882
1360 7.92282e+28 1.12717e+27 1.37439e+11 96 37.0049 37 0.761517
1361 7.92282e+28 1.68469e+27 5.49756e+11 96 40.2812 39 0.823464
1362 7.92282e+28 1.39849e+27 1.37439e+11 96 38.4707 37 0.794102
1363 7.92282e+28 1.78056e+27 5.49756e+11 96 39.417 39 0.81089
1364 7.92282e+28 2.09454e+27 5.49756e+11 96 38.8633 39 0.795214
1365 7.92282e+28 1.91548e+27 2.74878e+11 96 39.2217 38 0.797666
1366 7.92282e+28 2.22303e+27 1.09951e+12 96 39.9609 40 0.818999
1367 7.92282e+28 1.81658e+27 4.39805e+12 96 40.2959 42 0.832014
1368 7.92282e+28 1.74697e+27 1.09951e+12 96 40.1641 40 0.823266
1369 7.92282e+28 2.12274e+27 2.74878e+11 96 39.7236 38 0.805319
1370 7.92282e+28 2.1635e+27 5.49756e+11 96 39.4365 39 0.809213
1371 7.92282e+28 1.98947e+27 1.09951e+12 96 41.0967 40 0.837829
1372 7.92282e+28 1.03898e+27 2.74878e+11 96 38.2168 38 0.777394
1373 7.92282e+28 2.24796e+27 1.09951e+12 96 40.1748 40 0.820044
1374 7.92282e+28 2.75307e+27 1.09951e+12 96 39.9902 40 0.811808
1375 7.92282e+28 1.6746e+27 6.87196e+10 96 37.373 36 0.762175
1376 7.92282e+28 2.08161e+27 5.49756e+11 96 39.3271 39 0.812752
1377 7.92282e+28 1.95318e+27 1.09951e+12 96 39.4023 40 0.813356
1378 7.92282e+28 2.08092e+27 1.09951e+12 96 40.6699 40 0.82986
1379 7.92282e+28 1.84299e+27 2.19902e+12 96 40.2607 41 0.83047
1380 7.92282e+28 2.14051e+27 2.19902e+12 96 40.9541 41 0.839524
1381 1.58456e+29 2.06534e+27 2.19902e+12 97 40.7061 41 0.839637
1382 7.92282e+28 2.41377e+27 2.19902e+12 96 40.9326 41 0.850038
1383 7.92282e+28 1.77836e+27 4.39805e+12 96 40.7109 42 0.837689
1384 3.16913e+29 2.66223e+27 2.19902e+12 98 40.4395 41 0.828363
1385 7.92282e+28 1.7043e+27 2.74878e+11 96 38.5557 38 0.797027
1386 7.92282e+28 3.1232e+27 1.09951e+12 96 40.3535 40 0.831244
1387 7.92282e+28 1.85033e+27 5.49756e+11 96 39.335 39 0.815894
1388 7.92282e+28 2.21773e+27 2.74878e+11 96 39.3301 38 0.806044
1389 3.16913e+29 2.66562e+27 5.49756e+11 98 39.5791 39 0.816893
1390 7.92282e+28 2.58606e+27 1.09951e+12 96 40.5254 40 0.840474
1391 7.92282e+28 1.67464e+27 1.37439e+11 96 38.2344 37 0.786413
1392 7.92282e+28 1.67672e+27 2.74878e+11 96 39.083 38 0.807586
1393 7.92282e+28 2.12573e+27 6.87196e+10 96 37.624 36 0.78006
1394 7.92282e+28 2.01231e+27 1.09951e+12 96 39.7109 40 0.826534
1395 7.92282e+28 1.48673e+27 1.09951e+12 96 39.9316 40 0.828009
1396 7.92282e+28 2.37129e+27 4.39805e+12 96 40.6855 42 0.83945
1397 7.92282e+28 2.23689e+27 2.19902e+12 96 40.1104 41 0.825155
1398 3.16913e+29 2.49515e+27 1.09951e+12 98 38.9492 40 0.806385
1399 7.92282e+28 1.49967e+27 4.39805e+12 96 40.2051 42 0.831798
1400 7.92282e+28 2.88551e+27 2.19902e+12 96 40.9971 41 0.848132
1401 7.92282e+28 1.65212e+27 1.09951e+12 96 39.6621 40 0.822336
1402 7.92282e+28 2.4835e+27 5.49756e+11 96 39.4736 39 0.81812
1403 7.92282e+28 1.92124e+27 5.49756e+11 96 39.0605 39 0.812362
1404 7.92282e+28 2.35917e+27 2.19902e+12 96 40.709 41 0.83559
1405 7.92282e+28 2.20967e+27 1.09951e+12 96 40.3691 40 0.844996
1406 7.92282e+28 2.61191e+27 2.19902e+12 96 40.0859 41 0.834481
1407 7.92282e+28 2.04487e+27 2.19902e+12 96 40.7568 41 0.844571
1408 3.16913e+29 2.1589e+27 2.19902e+12 98 40.5498 41 0.838771
1409 7.92282e+28 2.01927e+27 8.79609e+12 96 41.3408 43 0.867569
1410 7.92282e+28 2.69222e+27 4.39805e+12 96 41.8955 42 0.869508
1411 1.58456e+29 2.35567e+27 5.49756e+11 97 39.1104 39 0.814618
1412 7.92282e+28 2.0961e+27 5.49756e+11 96 39.5615 39 0.830879
1413 7.92282e+28 1.88443e+27 1.09951e+12 96 40.125 40 0.835765
1414 1.58456e+29 2.31236e+27 2.74878e+11 97 39.7764 38 0.826299
1415 7.92282e+28 1.98046e+27 5.49756e+11 96 39.5537 39 0.821873
1416 7.92282e+28 2.52298e+27 2.74878e+11 96 38.5439 38 0.801993
1417 1.58456e+29 2.53346e+27 5.49756e+11 97 39.1729 39 0.824359
1418 7.92282e+28 2.27816e+27 2.19902e+12 96 40.5186 41 0.84039
1419 7.92282e+28 2.93717e+27 2.19902e+12 96 41.0273 41 0.850846
1420 7.92282e+28 2.16974e+27 1.09951e+12 96 40.5508 40 0.84304
1421 7.92282e+28 2.44771e+27 5.49756e+11 96 40.3486 39 0.851102
1422 7.92282e+28 2.32239e+27 4.39805e+12 96 40.8477 42 0.852586
1423 7.92282e+28 2.7453e+27 2.19902e+12 96 40.8643 41 0.851045
1424 7.92282e+28 3.26283e+27 4.39805e+12 96 42.4258 42 0.887977
1425 7.92282e+28 2.8808e+27 1.09951e+12 96 41.5 40 0.86528
1426 7.92282e+28 3.28562e+27 4.39805e+12 96 42.0049 42 0.87699
1427 7.92282e+28 3.56511e+27 8.79609e+12 96 42.7422 43 0.893564
1428 7.92282e+28 3.78148e+27 8.79609e+12 96 42.127 43 0.873748
1429 3.16913e+29 3.25377e+27 5.49756e+11 98 40.165 39 0.841466
1430 7.92282e+28 3.02225e+27 1.09951e+12 96 41.1162 40 0.860499
1431 7.92282e+28 2.76658e+27 2.19902e+12 96 41.3896 41 0.858497
1432 7.92282e+28 2.7826e+27 8.79609e+12 96 42.626 43 0.887689
1433 7.92282e+28 3.51722e+27 8.79609e+12 96 42.2783 43 0.878917
1434 7.92282e+28 3.17952e+27 2.19902e+12 96 41.4238 41 0.866347
1435 7.92282e+28 3.14063e+27 3.51844e+13 96 44.1143 45 0.910604
1436 7.92282e+28 2.83269e+27 1.75922e+13 96 43.0605 44 0.896393
1437 1.58456e+29 3.74535e+27 4.39805e+12 97 41.8193 42 0.87412
1438 1.58456e+29 3.3198e+27 1.75922e+13 97 43.0342 44 0.89833
1439 7.92282e+28 4.08647e+27 4.39805e+12 96 43.2617 42 0.8967
1440 7.92282e+28 2.96671e+27 2.19902e+12 96 42.0684 41 0.8829
1441 7.92282e+28 2.86666e+27 2.19902e+12 96 41.9043 41 0.872881
1442 7.92282e+28 3.28121e+27 1.09951e+12 96 41.3418 40 0.855458
1443 7.92282e+28 3.05446e+27 2.19902e+12 96 41.7002 41 0.867655
1444 7.92282e+28 2.41681e+27 1.75922e+13 96 42.2461 44 0.883437
1445 1.58456e+29 2.53358e+27 4.39805e+12 97 41.3584 42 0.860723
1446 1.58456e+29 3.01793e+27 2.19902e+12 97 41.792 41 0.8746
1447 7.92282e+28 2.77877e+27 4.39805e+12 96 41.5625 42 0.865033
1448 7.92282e+28 2.96146e+27 1.09951e+12 96 41.1572 40 0.858381
1449 7.92282e+28 2.40549e+27 1.09951e+12 96 40.5537 40 0.845151
1450 7.92282e+28 2.83633e+27 4.39805e+12 96 41.1572 42 0.856264
1451 7.92282e+28 3.09686e+27 2.19902e+12 96 41.3799 41 0.860134
1452 7.92282e+28 3.45486e+27 5.49756e+11 96 40.9004 39 0.849965
1453 7.92282e+28 3.0169e+27 4.39805e+12 96 41.7393 42 0.864601
1454 7.92282e+28 2.62574e+27 2.74878e+11 96 40.3643 38 0.844417
1455 7.92282e+28 3.34311e+27 4.39805e+12 96 41.917 42 0.866709
1456 7.92282e+28 2.72368e+27 1.09951e+12 96 39.8008 40 0.841058
1457 7.92282e+28 2.02255e+27 1.09951e+12 96 39.5771 40 0.829332
1458 7.92282e+28 2.68097e+27 8.79609e+12 96 42.4482 43 0.879736
1459 7.92282e+28 2.54564e+27 2.74878e+11 96 39.9004 38 0.832092
1460 7.92282e+28 3.28522e+27 2.74878e+11 96 39.6973 38 0.82785
1461 1.58456e+29 2.53164e+27 5.49756e+11 97 39.7764 39 0.829796
1462 7.92282e+28 2.46109e+27 5.49756e+11 96 39.9834 39 0.831836
1463 3.16913e+29 2.34529e+27 8.79609e+12 98 41.0723 43 0.850639
1464 7.92282e+28 1.86895e+27 5.49756e+11 96 39.4004 39 0.822502
1465 7.92282e+28 2.63027e+27 2.19902e+12 96 41.2002 41 0.859937
1466 7.92282e+28 2.72722e+27 1.09951e+12 96 40.3145 40 0.837785
1467 7.92282e+28 2.82851e+27 4.39805e+12 96 40.1602 42 0.833621
1468 1.58456e+29 2.43647e+27 5.49756e+11 97 40.0254 39 0.835417
1469 3.16913e+29 2.70907e+27 4.39805e+12 98 41.5615 42 0.870761
1470 7.92282e+28 2.55291e+27 4.39805e+12 96 41.9805 42 0.862848
1471 7.92282e+28 2.53444e+27 5.49756e+11 96 39.6777 39 0.833814
1472 7.92282e+28 1.9098e+27 1.09951e+12 96 40.3418 40 0.841095
1473 7.92282e+28 2.68775e+27 5.49756e+11 96 39.8496 39 0.834034
1474 7.92282e+28 2.52425e+27 1.09951e+12 96 40.3252 40 0.83632
1475 7.92282e+28 1.9808e+27 1.09951e+12 96 39.0752 40 0.816959
1476 7.92282e+28 3.10062e+27 4.39805e+12 96 41.1621 42 0.854686
1477 7.92282e+28 2.50897e+27 4.39805e+12 96 41.0908 42 0.868282
1478 7.92282e+28 2.54981e+27 2.19902e+12 96 40.7607 41 0.835919
1479 7.92282e+28 2.24994e+27 5.49756e+11 96 39.834 39 0.825273
1480 7.92282e+28 2.16613e+27 1.09951e+12 96 39.8086 40 0.828385
1481 7.92282e+28 2.67393e+27 1.09951e+12 96 39.9727 40 0.830809
1482 3.16913e+29 3.22583e+27 5.49756e+11 98 39.582 39 0.824979
1483 7.92282e+28 2.87627e+27 1.09951e+12 96 39.6875 40 0.827414
1484 7.92282e+28 2.28199e+27 4.39805e+12 96 41.4219 42 0.859075
1485 7.92282e+28 2.85382e+27 2.19902e+12 96 41.3193 41 0.850041
1486 7.92282e+28 2.58573e+27 1.09951e+12 96 40.3027 40 0.841899
1487 7.92282e+28 2.00103e+27 2.74878e+11 96 39.249 38 0.814094
1488 7.92282e+28 2.93532e+27 1.37439e+11 96 39.0449 37 0.810544
1489 7.92282e+28 2.71734e+27 1.37439e+11 96 38.8506 37 0.804541
1490 7.92282e+28 2.89911e+27 2.74878e+11 96 39.5391 38 0.825864
1491 7.92282e+28 2.29525e+27 4.39805e+12 96 41.248 42 0.8595
1492 7.92282e+28 2.80504e+27 4.39805e+12 96 41.5088 42 0.861929
1493 7.92282e+28 2.62479e+27 1.09951e+12 96 40.1738 40 0.830781
1494 7.92282e+28 3.02796e+27 2.74878e+11 96 40.2559 38 0.83459
1495 7.92282e+28 2.56644e+27 5.49756e+11 96 39.4473 39 0.817196
1496 7.92282e+28 2.57543e+27 4.39805e+12 96 40.8057 42 0.853691
1497 7.92282e+28 2.88776e+27 2.19902e+12 96 41.4814 41 0.860269
1498 7.92282e+28 2.5898e+27 4.39805e+12 96 41.3867 42 0.861091
1499 7.92282e+28 2.50002e+27 2.19902e+12 96 41.7646 41 0.860982
