233.035
0 435.076 8.0402 4 2 0.0361328 0 0.00465825
1 434.954 9.16825 4 2 0.0439453 0 0.00429487
2 112.44 8.99797 5 1 0.0429688 0 0.00429006
3 435.117 9.42628 5 2 0.0429688 0 0.00431279
4 110.903 9.11427 5 1 0.0419922 0 0.00431531
5 435.053 9.08556 5 2 0.0390625 0 0.004298
6 434.954 9.67268 5 2 0.0449219 0 0.00428118
7 434.954 10.1044 5 2 0.0478516 0 0.0042761
8 435.151 11.4968 5 2 0.0498047 0 0.00438942
9 435.149 10.6468 5 2 0.0478516 0 0.00444972
10 435.053 11.6262 5 2 0.0585938 0 0.00430768
11 111.425 8.927 5 1 0.0371094 0 0.00441417
12 110.371 10.7283 5 1 0.0556641 0 0.00439492
13 435.149 10.7138 6 2 0.0488281 0 0.00434538
14 434.954 12.5726 6 2 0.0693359 0 0.00434293
15 435.053 11.3133 5 2 0.0595703 0 0.00436843
16 435.151 11.6884 6 2 0.0585938 0 0.00440899
17 435.151 11.2888 6 2 0.0517578 0 0.00433976
18 112.934 10.8097 6 1 0.0546875 0 0.00435931
19 435.127 12.9707 6 2 0.0654297 0 0.0043973
20 435.117 10.6526 6 2 0.0488281 0 0.00437326
21 434.902 11.6826 6 2 0.0585938 0 0.00434218
22 434.902 10.0977 6 2 0.0439453 0 0.00434549
23 434.954 10.9221 6 2 0.0537109 0 0.00435082
24 109.829 10.9596 6 1 0.0566406 0 0.00447139
25 435.151 11.6998 6 2 0.0566406 0 0.00435486
26 435.149 12.4703 6 2 0.0566406 0 0.00435707
27 435.151 10.1645 6 2 0.0419922 0 0.00444284
28 435.149 12.343 6 2 0.0605469 0 0.00445437
29 1011.78 13.0049 6 3 0.0605469 0 0.00439735
30 435.076 12.6295 6 2 0.0644531 0 0.00442847
31 113.419 11.2405 6 1 0.0566406 0 0.00436026
32 435.151 12.9376 6 2 0.0605469 0 0.00451123
33 435.151 12.137 6 2 0.0566406 0 0.00446402
34 435.151 14.3503 6 2 0.0703125 0 0.00442909
35 435.149 14.5184 6 2 0.0751953 0 0.00444949
36 435.127 14.7481 6 2 0.0732422 0 0.00445385
37 435.149 14.6198 6 2 0.078125 0 0.00449431
38 435.117 13.8902 6 2 0.0712891 0 0.00447276
39 434.639 13.4977 7 2 0.0693359 0 0.00449912
40 435.149 15.9613 7 2 0.0820312 0 0.00458644
41 435.149 13.5609 7 2 0.0654297 0 0.00454148
42 435.127 16.4178 7 2 0.0830078 0 0.00466713
43 435.149 15.2806 7 2 0.0771484 0 0.00470208
44 435.149 18.3346 8 2 0.103516 0 0.00462752
45 1008.92 17.3724 7 3 0.0898438 0 0.00462426
46 435.149 15.1801 7 2 0.0712891 0 0.00455716
47 1851.86 18.3094 8 4 0.0917969 0 0.00459366
48 434.818 16.3725 7 2 0.0888672 0 0.00457728
49 435.149 18.2357 8 2 0.0996094 0 0.00461627
50 435.151 19.6334 8 2 0.105469 0 0.0046666
51 435.149 16.9369 8 2 0.0869141 0 0.00462464
52 435.151 18.0331 8 2 0.0996094 0 0.00468042
53 435.151 21.2611 8 2 0.124023 0 0.00470062
54 435.149 21.0369 8 2 0.119141 0 0.00485549
55 1009.59 22.7818 8 3 0.126953 0 0.0048594
56 1010.79 24.3202 8 3 0.140625 0 0.00492763
57 435.127 22.2694 8 2 0.132812 0 0.00487335
58 435.149 22.7775 8 2 0.136719 0 0.00489187
59 435.127 23.864 9 2 0.149414 0 0.00478757
60 1011.31 25.192 9 3 0.15332 0 0.00477405
61 435.151 25.984 9 2 0.167969 0 0.00474635
62 1010.21 24.1032 9 3 0.137695 0 0.00478168
63 1009.59 27.0557 9 3 0.155273 0 0.00479358
64 435.151 24.355 9 2 0.148438 0 0.00471309
65 1012.18 29.2552 9 3 0.182617 0 0.00485554
66 435.151 26.2367 9 2 0.152344 0 0.0048669
67 1009.59 27.3205 9 3 0.163086 0 0.00478504
68 1008.92 26.3485 9 3 0.150391 0 0.0047859
69 435.151 26.4218 9 2 0.166992 0 0.00481351
70 1010.21 28.3988 9 3 0.167969 0 0.00479394
71 1007.46 28.0248 9 3 0.170898 0 0.00477352
72 1010.21 29.3855 9 3 0.178711 0 0.0048304
73 1008.92 30.6327 9 3 0.195312 0 0.0048464
74 435.151 27.3641 9 2 0.164062 0 0.00485514
75 435.151 32.1089 9 2 0.200195 0 0.00481034
76 1011.31 32.1741 9 3 0.195312 0 0.00482693
77 435.151 31.6684 9 2 0.195312 0 0.00489657
78 1011.31 30.6248 9 3 0.186523 0 0.00489494
79 1008.92 30.9249 9 3 0.194336 0 0.004822
80 1008.92 33.9681 9 3 0.204102 0 0.00484252
81 1011.78 31.0749 9 3 0.188477 0 0.00482973
82 435.151 30.7871 9 2 0.204102 0 0.00491423
83 1845.26 37.8223 9 4 0.238281 0 0.00484893
84 435.151 32.1566 9 2 0.205078 0 0.0048646
85 1008.92 34.1076 9 3 0.223633 0 0.0048284
86 435.151 34.9527 9 2 0.226562 0 0.00488235
87 1009.59 36.6018 9 3 0.228516 0 0.00485092
88 1011.78 36.3726 9 3 0.232422 0 0.00506551
89 1011.31 35.1244 9 3 0.219727 0 0.00497161
90 1007.46 35.742 9 3 0.235352 0 0.00497595
91 435.151 34.5142 9 2 0.222656 0 0.00493622
92 1009.59 34.6398 9 3 0.220703 0 0.00497318
93 435.151 32.5872 9 2 0.211914 0 0.00496613
94 1012.18 36.8075 9 3 0.231445 0 0.00497504
95 1008.92 34.2283 9 3 0.224609 0 0.00499781
96 1008.21 38.088 9 3 0.242188 0 0.00502605
97 435.151 37.8294 9 2 0.250977 0 0.00507075
98 1008.92 41.6134 9 3 0.260742 0 0.0050945
99 1839.49 41.0654 9 4 0.253906 0 0.00502397
100 1009.59 40.4352 9 3 0.246094 0 0.0049871
101 435.151 40.6983 9 2 0.268555 0 0.00502696
102 1008.92 39.7377 9 3 0.249023 0 0.00507577
103 1008.92 37.9473 9 3 0.238281 0 0.00501239
104 1008.92 40.7491 10 3 0.275391 0 0.00507673
105 1009.59 40.3614 9 3 0.262695 0 0.00498937
106 435.151 34.4991 9 2 0.223633 0 0.00501778
107 435.151 38.6201 9 2 0.25293 0 0.00506054
108 1009.59 39.5129 9 3 0.259766 0 0.00505576
109 1008.92 38.4482 9 3 0.249023 0 0.00500245
110 1010.21 37.5692 10 3 0.245117 0 0.00499737
111 1009.59 40.0332 9 3 0.261719 0 0.00503555
112 1011.31 39.8026 9 3 0.251953 0 0.00505696
113 1008.92 42.764 10 3 0.283203 0 0.00506264
114 1012.18 39.2839 10 3 0.255859 0 0.00506972
115 1012.18 43.8658 11 3 0.282227 0 0.00507652
116 435.151 41.8345 9 2 0.285156 0 0.00510652
117 1011.78 42.7312 9 3 0.275391 0 0.00502572
118 1011.31 45.7271 9 3 0.282227 0 0.00504421
119 1010.21 40.5042 10 3 0.264648 0 0.00507021
120 435.151 42.5786 11 2 0.275391 0 0.00511111
121 1012.18 40.5848 9 3 0.256836 0 0.00513106
122 1011.78 43.0402 11 3 0.288086 0 0.00510974
123 1843.9 43.0902 11 4 0.267578 0 0.00514867
124 435.151 42.2813 11 2 0.290039 0 0.00510473
125 435.151 42.2059 10 2 0.270508 0 0.00509777
126 435.151 43.9274 11 2 0.291016 0 0.00508023
127 1008.92 41.282 10 3 0.273438 0 0.0052086
128 1010.21 41.7723 10 3 0.264648 0 0.005133
129 1009.59 42.0988 10 3 0.271484 0 0.00524064
130 435.149 41.7483 11 2 0.27832 0 0.00511835
131 1011.31 45.9301 10 3 0.288086 0 0.0050694
132 1010.79 41.4527 11 3 0.270508 0 0.00515274
133 435.151 42.8149 11 2 0.27832 0 0.00521018
134 1008.92 44.4806 10 3 0.283203 0 0.00507277
135 435.151 41.8821 11 2 0.291016 0 0.00505371
136 1010.21 43.6812 11 3 0.280273 0 0.00514184
137 1008.92 40.0241 10 3 0.264648 0 0.00513455
138 1009.59 42.0865 11 3 0.273438 0 0.00513769
139 1009.59 44.7537 11 3 0.283203 0 0.00529481
140 1005.85 46.5257 11 3 0.305664 0 0.00513542
141 1008.92 47.8467 11 3 0.303711 0 0.00512847
142 435.151 41.3298 11 2 0.282227 0 0.00516244
143 435.151 43.6074 11 2 0.275391 0 0.00516154
144 1009.59 50.2955 11 3 0.323242 0 0.00516797
145 435.151 44.2156 11 2 0.293945 0 0.00514154
146 1010.21 45.6653 12 3 0.302734 0 0.00521067
147 1011.31 43.9229 10 3 0.279297 0 0.00513771
148 435.149 41.597 12 2 0.276367 0 0.00515879
149 1843.9 48.4896 12 4 0.319336 0 0.00518665
150 1008.92 42.4935 11 3 0.276367 0 0.00536597
151 1845.26 47.8521 12 4 0.307617 0 0.00523371
152 1009.59 47.1248 12 3 0.292969 0 0.00515871
153 1011.31 46.1904 12 3 0.291992 0 0.00521339
154 435.151 43.3444 11 2 0.296875 0 0.00518875
155 1009.59 45.5525 12 3 0.296875 0 0.00523828
156 1011.78 45.9329 12 3 0.294922 0 0.00519859
157 1008.92 45.5337 12 3 0.292969 0 0.00520712
158 435.151 46.352 12 2 0.301758 0 0.0053048
159 1010.79 49.4848 12 3 0.303711 0 0.00548069
160 1011.31 50.7568 12 3 0.322266 0 0.00521436
161 1011.31 45.8819 12 3 0.280273 0 0.00518183
162 1008.92 46.0825 12 3 0.298828 0 0.00514663
163 1009.59 45.5615 12 3 0.305664 0 0.0052737
164 435.149 43.3826 12 2 0.290039 0 0.00520663
165 1010.79 47.3156 12 3 0.313477 0 0.00523836
166 1008.92 50.6638 12 3 0.326172 0 0.00524644
167 435.151 43.0412 11 2 0.279297 0 0.00521696
168 1011.31 44.7761 12 3 0.295898 0 0.0053255
169 1011.31 44.2741 12 3 0.288086 0 0.00529039
170 1009.59 46.6072 13 3 0.307617 0 0.00524429
171 1008.92 49.2629 13 3 0.328125 0 0.00529808
172 1011.31 43.2751 12 3 0.279297 0 0.00521791
173 435.151 46.6031 12 2 0.304688 0 0.00527288
174 435.151 47.1324 13 2 0.313477 0 0.00532058
175 1008.92 48.6836 12 3 0.289062 0 0.00535437
176 1009.59 47.6234 12 3 0.300781 0 0.00537526
177 1011.31 51.1957 12 3 0.320312 0 0.00534558
178 435.151 47.7361 13 2 0.310547 0 0.00540059
179 1008.92 53.359 13 3 0.344727 0 0.00544061
180 1011.78 52.7786 13 3 0.336914 0 0.00547609
181 1008.92 47.2038 13 3 0.305664 0 0.00542937
182 1011.31 48.5252 13 3 0.302734 0 0.00542018
183 435.151 44.4727 13 2 0.292969 0 0.00533876
184 1011.31 45.7424 13 3 0.291992 0 0.00549266
185 1008.92 55.1698 13 3 0.333984 0 0.00546965
186 1011.78 49.4004 13 3 0.305664 0 0.0055403
187 435.151 44.2005 13 2 0.285156 0 0.00546728
188 1009.59 51.52 13 3 0.325195 0 0.00566767
189 1009.59 52.5668 13 3 0.325195 0 0.00568703
190 1004.1 49.5818 13 3 0.306641 0 0.00566858
191 994.777 50.8616 13 3 0.305664 0 0.00586146
192 1012.18 53.926 13 3 0.313477 0 0.00569823
193 1832.91 46.178 13 4 0.277344 0 0.00578037
194 1007.46 48.816 13 3 0.304688 0 0.00562423
195 1836.29 44.4065 13 4 0.258789 0 0.005755
196 1771.04 61.5388 14 4 0.362305 0 0.00594546
197 1003.18 50.5473 14 3 0.30957 0 0.00607989
198 1008.21 61.5582 15 3 0.355469 0 0.00622041
199 1004.99 46.5614 14 3 0.269531 0 0.00610377
200 435.151 50.1347 14 2 0.297852 0 0.00590586
201 1001.24 47.8686 14 3 0.282227 0 0.0063343
202 2897.56 62.3193 15 5 0.34082 0 0.00646382
203 1007.46 57.358 16 3 0.328125 0 0.00654815
204 998.128 53.1328 16 3 0.3125 0 0.00630354
205 1755.09 60.293 15 4 0.337891 0 0.00646841
206 1829.35 57.2841 15 4 0.317383 0 0.00632459
207 997.036 53.3589 16 3 0.306641 0 0.00638437
208 1004.99 58.6903 17 3 0.333984 0 0.00662569
209 1008.92 58.3546 17 3 0.331055 0 0.00642098
210 1815.68 62.2495 17 4 0.338867 0 0.00674445
211 1012.18 58.9807 17 3 0.344727 0 0.00680789
212 1755.09 61.3091 18 4 0.344727 0 0.0065428
213 997.036 63.496 19 3 0.354492 0 0.00699039
214 1003.18 63.1673 19 3 0.342773 0 0.0070711
215 1010.21 72.1515 20 3 0.37207 0 0.00750075
216 1783.71 67.1662 19 4 0.352539 0 0.00738278
217 1003.18 72.7884 20 3 0.385742 0 0.00688849
218 1786.17 71.8927 23 4 0.391602 0 0.00714655
219 1793.4 64.2737 22 4 0.357422 0 0.00695984
220 1738.37 72.8186 22 4 0.381836 0 0.00715577
221 1005.85 71.4473 23 3 0.380859 0 0.0071527
222 1005.85 79.4537 24 3 0.414062 0 0.00750279
223 1000.23 75.2592 23 3 0.386719 0 0.00748288
224 1819.76 90.8988 25 4 0.456055 0 0.00747484
225 1793.4 86.7605 24 4 0.439453 0 0.00769718
226 1813.59 84.9094 25 4 0.414062 0 0.00767236
227 1006.68 80.6818 26 3 0.401367 0 0.00771851
228 1005.85 78.7529 29 3 0.413086 0 0.00784004
229 1755.09 91.9096 33 4 0.466797 0 0.0081266
230 1008.92 86.6281 30 3 0.4375 0 0.00848054
231 1802.66 85.3468 31 4 0.426758 0 0.00859239
232 1802.66 91.9655 33 4 0.44043 0 0.00859089
233 1827.51 100.654 36 4 0.47168 0 0.00897366
234 4243.67 98.676 34 6 0.459961 0 0.0090601
235 1763.17 91.7055 36 4 0.447266 0 0.00891881
236 1793.4 93.2096 39 4 0.458008 0 0.00875927
237 2807.41 103.452 36 5 0.476562 0 0.00894878
238 3956.58 101.77 36 6 0.477539 0 0.00895592
239 1795.76 95.545 36 4 0.44043 0 0.00896718
240 2906.93 110.866 47 5 0.510742 0 0.00944673
241 9136.19 99.8541 36 9 0.439453 0 0.00960091
242 2691.43 117.948 46 5 0.507812 0 0.00936588
243 1795.76 105.194 45 4 0.484375 0 0.00971964
244 2663.54 102.096 46 5 0.467773 0 0.00987422
245 5609.03 121.179 60 7 0.520508 0 0.0101615
246 2705.11 106.742 47 5 0.46582 0 0.0100292
247 1788.61 105.069 49 4 0.444336 0 0.0111326
248 2714.12 116.596 101 5 0.520508 0 0.0120051
249 1768.44 110.169 101 4 0.5 0 0.0110288
250 2727.49 116.206 101 5 0.503906 0 0.0103526
251 2894.36 110.357 101 5 0.489258 0 0.011542
252 3735.08 121.405 101 6 0.518555 0 0.0119958
253 5616.45 131.435 101 7 0.536133 0 0.0109925
254 2691.43 119.208 101 5 0.504883 0 0.012274
255 5438.88 132.926 101 7 0.573242 0 0.0122804
256 2856.74 131.941 101 5 0.558594 0 0.0114499
257 4096.95 131.179 101 6 0.533203 0 0.0117997
258 4274.26 142.322 101 6 0.570312 0 0.0123414
259 9198.85 163.572 101 9 0.611328 0 0.0114573
260 5222.21 153.086 101 7 0.613281 0 0.0121259
261 9394.74 161.846 101 9 0.614258 0 0.0119254
262 9478.13 177.318 101 9 0.660156 0 0.0117577
263 7155.67 182.602 101 8 0.675781 0 0.0112293
264 7353.72 188.33 101 8 0.68457 0 0.0118584
265 16230.8 229.134 101 11 0.758789 0 0.0121007
266 4520.99 191.997 101 7 0.737305 0 0.0120416
267 6099.79 234.832 101 8 0.817383 0 0.0124302
268 6904.35 229.674 105 8 0.825195 1 0.0122451
269 5717 237.879 101 7 0.858398 0 0.0125661
270 7324.72 256.579 104.312 8 0.862305 1 0.0126749
271 19667.2 332.941 101 12 0.927734 0 0.0124425
272 27003.5 330.596 101 13 0.939453 0 0.0119411
273 12252.2 391.811 106.93 10 1.08496 1 0.0126351
274 8110.04 375.147 109.275 9 1.09473 1 0.0126916
275 297612 712.496 112.44 18 1.24121 1 0.0132088
276 565032 2547.13 118.675 19 1.86133 1 0.0142847
277 560632 3892.53 138.03 19 2.47559 1 0.0155771
278 6.71825e+07 82116.1 419.622 26 3.36621 2 0.0183848
279 4.24627e+06 34411.1 1004.99 22 5.13574 3 0.0255225
280 4.24747e+06 55666.9 1809.31 22 6.1543 4 0.0262557
281 1.68338e+07 57643.4 2288.23 24 6.17969 5 0.0261585
282 1.68392e+07 84938.3 2826.95 24 6.51465 5 0.0263966
283 1.68455e+07 85991.7 3735.08 24 6.87695 6 0.0284251
284 1.34301e+08 243355 2766.4 27 6.86621 5 0.0301686
285 2.68517e+08 624705 4176.45 28 7.33008 6 0.0291578
286 6.71901e+07 280924 3679.65 26 7.07129 6 0.0290694
287 1.07383e+09 1.39607e+06 3893.96 30 7.22754 6 0.029109
288 5.36968e+08 1.74293e+06 2682.21 29 6.68359 5 0.0284303
289 1.34298e+08 426464 1813.59 27 6.24121 4 0.0272698
290 6.71849e+07 243407 2762.17 26 6.83203 5 0.0285741
291 4.29507e+09 4.57644e+06 2795.37 32 6.77051 5 0.0287623
292 2.14758e+09 6.40411e+06 5256.55 31 7.96387 7 0.0318278
293 2.68531e+08 1.91572e+06 4746.72 28 7.8418 7 0.0315838
294 6.87196e+10 7.76647e+07 5298.97 36 7.98633 7 0.0318997
295 5.36966e+08 2.73182e+06 5571.53 29 8.3877 7 0.0329554
296 2.1476e+09 8.89939e+06 4389.66 31 7.97266 7 0.0312485
297 8.59006e+09 2.21673e+07 5586.62 33 8.25293 7 0.0297752
298 1.718e+10 2.25439e+07 5533.32 34 8.3252 7 0.0321895
299 2.14759e+09 9.26785e+06 7236.2 31 8.90039 8 0.0320769
300 4.29507e+09 5.87464e+06 5365.67 32 8.08984 7 0.0305002
301 4.29508e+09 1.17023e+07 5502.26 32 8.11621 7 0.0313631
302 3.43599e+10 4.77695e+07 7236.2 35 8.65137 8 0.0313107
303 4.29507e+09 7.56538e+06 5890.45 32 8.31641 8 0.0309042
304 8.59006e+09 1.14249e+07 4659.43 33 7.9668 7 0.0300357
305 1.07383e+09 3.27902e+06 4860.94 30 7.68359 7 0.0300605
306 2.14759e+09 5.65893e+06 3987.02 31 7.74902 6 0.0291521
307 8.59005e+09 2.20352e+07 5486.57 33 7.97461 7 0.0291894
308 1.718e+10 3.97937e+07 5187.53 34 8.03125 7 0.0302171
309 4.29509e+09 8.91127e+06 4166.27 32 7.7334 6 0.0298509
310 3.43599e+10 5.52916e+07 4010.94 35 7.85449 6 0.0307735
311 8.59006e+09 1.66869e+07 4935.66 33 7.94043 7 0.0282694
312 4.29508e+09 7.71441e+06 2867.41 32 7.43457 5 0.0291459
313 4.29508e+09 8.43136e+06 2288.23 32 6.71777 5 0.0278484
314 4.29508e+09 1.36805e+07 2682.21 32 7.33496 5 0.0298219
315 1.37439e+11 1.49936e+08 5379.09 37 8.57031 8 0.0327514
316 1.37439e+11 1.57942e+08 3476.9 37 7.84473 6 0.0326363
317 2.14759e+09 1.52255e+07 5470.78 31 8.74512 7 0.0336448
318 3.43599e+10 5.22324e+07 5430.85 35 8.74219 7 0.0340466
319 3.43599e+10 6.1664e+07 5462.84 35 8.83301 7 0.0346253
320 8.59005e+09 2.05278e+07 3893.96 33 8.06738 6 0.0310309
321 1.718e+10 3.18215e+07 3166.19 34 8.12402 6 0.0317135
322 2.74878e+11 3.91562e+08 5414.7 38 8.8457 7 0.0338375
323 1.718e+10 6.31945e+07 5161.3 34 8.71582 7 0.0323196
324 1.37439e+11 1.56382e+08 4785.07 37 8.8457 7 0.0344643
325 3.43599e+10 1.20259e+08 5248 35 8.80957 7 0.0350567
326 1.718e+10 5.94467e+07 3855.34 34 8.30273 6 0.0335976
327 2.74878e+11 3.03564e+08 5161.3 38 8.76465 7 0.0349547
328 1.09951e+12 1.31993e+09 5187.53 40 8.88574 7 0.0365188
329 5.49756e+11 1.00506e+09 5196.23 39 9.17871 7 0.0378504
330 6.87196e+10 2.79329e+08 5752.38 36 9.75 8 0.0398721
331 2.19902e+12 4.7916e+09 6136.21 41 9.91406 8 0.0399763
332 2.74878e+11 1.17781e+09 6850.26 38 9.90625 8 0.0411098
333 2.74878e+11 1.32474e+09 6979.09 38 9.70508 8 0.0418672
334 3.51844e+13 3.46688e+10 6491.28 45 9.875 8 0.0424102
335 2.19902e+12 2.69363e+09 6762.57 41 9.98535 8 0.0414224
336 2.19902e+12 3.59389e+09 5688.91 41 9.46582 7 0.038778
337 1.09951e+12 1.82e+09 4080.24 40 8.88867 6 0.0367193
338 8.79609e+12 9.36496e+09 4130 43 8.59082 7 0.0374555
339 5.49756e+11 8.95098e+08 4727.44 39 8.63184 7 0.0351857
340 1.09951e+12 2.37128e+09 5290.53 40 9.05664 7 0.0360403
341 5.49756e+11 1.1138e+09 3881.17 39 8.43457 6 0.0370035
342 8.79609e+12 9.28877e+09 3950.42 43 8.21777 6 0.0375121
343 1.09951e+12 2.66027e+09 3950.42 40 8.42871 6 0.0343537
344 2.19902e+12 2.53378e+09 6026.48 41 9.29785 8 0.0372845
345 2.19902e+12 4.12552e+09 7246.15 41 10.6191 8 0.0410808
346 1.09951e+12 2.29989e+09 8167.18 40 10.7354 9 0.0468631
347 1.09951e+12 3.5761e+09 7232 40 10.4004 9 0.0436784
348 8.79609e+12 1.40957e+10 7295.47 43 11.1104 8 0.0472261
349 1.75922e+13 2.21849e+10 14806.8 44 12.5283 11 0.0497329
350 1.09951e+12 2.42304e+09 8720.2 40 11.1035 9 0.0442806
351 2.19902e+12 5.49517e+09 7549.02 41 11.0518 8 0.0476683
352 1.09951e+12 4.00489e+09 9339.24 40 11.4766 10 0.0467209
353 3.51844e+13 5.24054e+10 9767.12 45 11.3975 10 0.0478737
354 1.40737e+14 1.85413e+11 19066.2 47 13.9131 12 0.05524
355 3.51844e+13 5.54183e+10 26939.2 45 14.877 13 0.0612804
356 2.81475e+14 3.55824e+11 26458.5 48 14.8682 13 0.0631932
357 7.03687e+13 1.68839e+11 17877.1 46 13.7939 12 0.0610062
358 2.81475e+14 3.89055e+11 24924.9 48 14.4707 13 0.0658882
359 8.79609e+12 3.64544e+10 18482 43 14.0234 12 0.0606956
360 5.6295e+14 8.35646e+11 19842 49 13.7354 12 0.0654837
361 7.03687e+13 1.29145e+11 39057.6 46 15.7949 14 0.0621189
362 2.81475e+14 7.53408e+11 32226.1 48 14.9248 14 0.0656698
363 2.2518e+15 2.93347e+12 19549.2 51 14.1865 12 0.0594954
364 1.75922e+13 6.18069e+10 18073.7 44 13.1895 12 0.0591237
365 4.5036e+15 4.711e+12 16470.9 52 13.0195 12 0.0562103
366 2.81475e+14 9.70492e+11 55445.3 48 15.7559 15 0.0635422
367 2.81475e+14 1.12232e+12 33502.9 48 15.1318 14 0.0625505
368 5.6295e+14 6.63642e+11 26635.2 49 14.6973 13 0.0616522
369 1.1259e+15 1.6326e+12 11899.6 50 13.7148 10 0.0596571
370 7.03687e+13 2.95002e+11 34139.2 46 15.3711 14 0.0620721
371 4.5036e+15 4.97964e+12 88554.9 52 15.8672 16 0.0642098
372 1.40737e+14 4.03058e+11 57874.9 47 16.1055 15 0.065772
373 5.6295e+14 6.28121e+11 20146.3 49 14.6406 12 0.0606253
374 1.40737e+14 4.29344e+11 160622 47 17.3359 17 0.0671345
375 2.81475e+14 1.0475e+12 294190 48 17.7451 18 0.0693594
376 9.0072e+15 9.04931e+12 293472 53 17.9551 18 0.0736151
377 2.81475e+14 6.87396e+11 294506 48 18.3838 18 0.0733691
378 2.81475e+14 7.20123e+11 158362 48 17.5137 17 0.0683666
379 1.44115e+17 1.4362e+14 160014 57 17.3389 17 0.0718191
380 2.81475e+14 8.75073e+11 557357 48 19.0762 19 0.0746839
381 5.6295e+14 2.19875e+12 290162 49 17.6973 18 0.071927
382 4.5036e+15 6.68443e+12 92963.1 52 16.7344 16 0.0699684
383 4.5036e+15 1.02697e+13 158436 52 17.9443 17 0.072736
384 1.80144e+16 3.35291e+13 158771 54 17.8896 17 0.0742651
385 2.81475e+14 1.28347e+12 26766.3 48 15.3096 13 0.0736241
386 5.6295e+14 8.37246e+11 86876.4 49 16.2656 16 0.0769051
387 1.80144e+16 1.88355e+13 17855.1 54 14.2061 12 0.0702493
388 1.44115e+17 1.49891e+14 34622.7 57 15.668 14 0.0656022
389 4.5036e+15 7.25991e+12 160657 52 17.9717 17 0.0727986
390 4.5036e+15 1.0467e+13 157379 52 17.752 17 0.0761786
391 1.1259e+15 2.92445e+12 154359 50 17.21 17 0.0748559
392 5.6295e+14 8.03495e+11 88343.9 49 15.9004 16 0.0737908
393 1.80144e+16 3.03077e+13 92588.6 54 16.8613 16 0.0715451
394 1.1259e+15 2.63155e+12 89595.5 50 16.4277 16 0.0707808
395 4.5036e+15 5.0371e+12 38337.8 52 15.9766 14 0.074212
396 1.1259e+15 3.0684e+12 37531.6 50 15.5166 14 0.0666638
397 9.0072e+15 1.17072e+13 55177.1 53 16.4287 15 0.0729302
398 2.2518e+15 7.47662e+12 93666.4 51 17.624 16 0.0726807
399 1.1259e+15 4.60687e+12 35347.5 50 16.252 14 0.076072
400 4.5036e+15 7.59691e+12 57277.8 52 16.8643 15 0.071795
401 1.44115e+17 1.69354e+14 88939.4 57 17.582 16 0.0715206
402 9.0072e+15 1.29968e+13 92838.8 53 17.6289 16 0.0794804
403 2.2518e+15 7.50369e+12 90510.2 51 17.3555 16 0.0707646
404 7.20576e+16 8.47884e+13 53832.2 56 16.5928 15 0.0748539
405 1.80144e+16 2.62984e+13 89008.9 54 17.29 16 0.0767729
406 1.80144e+16 4.79035e+13 89595.5 54 17.1807 16 0.0723659
407 7.20576e+16 1.4439e+14 161010 56 18.1172 17 0.075174
408 7.20576e+16 1.35294e+14 92113.4 56 17.8037 16 0.0742625
409 9.0072e+15 2.21147e+13 158174 53 17.7227 17 0.0738678
410 9.0072e+15 1.43785e+13 56663.2 53 16.4883 15 0.0745502
411 4.5036e+15 8.29141e+12 89664 52 17.2109 16 0.0717501
412 4.5036e+15 6.91325e+12 89868.8 52 16.668 16 0.0759557
413 1.80144e+16 3.37552e+13 55296.6 54 16.7842 15 0.0736501
414 9.0072e+15 1.242e+13 36792.4 53 16.0293 14 0.0710431
415 9.0072e+15 1.14035e+13 17522.7 53 14.3779 12 0.0645077
416 9.0072e+15 1.69037e+13 55326.4 53 16.4434 15 0.0761168
417 1.44115e+17 1.693e+14 24137.3 57 14.8643 13 0.0691631
418 7.20576e+16 7.07879e+13 27088.6 56 14.9697 13 0.0719643
419 9.0072e+15 1.41142e+13 86255.5 53 17.1924 16 0.0741208
420 2.2518e+15 5.25265e+12 52692.3 51 16.2568 15 0.0898834
421 2.2518e+15 3.88273e+12 52240 51 16.7812 15 0.0816135
422 4.5036e+15 7.81096e+12 35892.5 52 15.6436 14 0.0712665
423 9.0072e+15 1.42924e+13 56521.3 53 16.9746 15 0.073531
424 7.20576e+16 1.15955e+14 91889.1 56 17.251 16 0.070699
425 3.60288e+16 4.16407e+13 86803.7 55 17.1279 16 0.0767368
426 9.0072e+15 1.45508e+13 86328.9 53 16.4805 16 0.073306
427 2.2518e+15 5.01241e+12 157910 51 18.0928 17 0.0796853
428 3.60288e+16 4.62138e+13 160265 55 18.043 17 0.0753844
429 9.0072e+15 1.62562e+13 92901 53 17.6357 16 0.0704115
430 2.30584e+18 2.26211e+15 158993 61 17.7793 17 0.0765571
431 4.5036e+15 6.77941e+12 14911.8 52 14.1582 11 0.0732976
432 2.2518e+15 4.74475e+12 38667.6 51 16.4238 14 0.0669688
433 4.5036e+15 1.40532e+13 37330.4 52 16.3037 14 0.0674085
434 2.2518e+15 4.5859e+12 55504.6 51 16.877 15 0.0719705
435 4.5036e+15 9.52415e+12 35648.6 52 16.2969 14 0.0728322
436 4.5036e+15 1.09491e+13 17877.1 52 14.8086 12 0.0679815
437 9.0072e+15 1.6087e+13 18566.8 53 15.4775 12 0.0707688
438 5.76461e+17 5.77944e+14 36636.1 59 16.3467 14 0.0673331
439 4.5036e+15 5.79932e+12 157455 52 18.0107 17 0.0731463
440 1.80144e+16 1.93388e+13 90409.6 54 17.3164 16 0.0699516
441 3.60288e+16 4.37637e+13 35973.3 55 16.5703 14 0.06981
442 1.80144e+16 2.5216e+13 22486.3 54 15.4111 13 0.0717923
443 1.44115e+17 1.47125e+14 24754.9 57 16.0664 13 0.0725326
444 9.0072e+15 1.73364e+13 24706.1 53 15.251 13 0.0688691
445 1.1259e+15 2.44125e+12 32765.8 50 15.7607 14 0.0729837
446 7.20576e+16 7.20111e+13 27067.4 56 16.0469 13 0.0698929
447 4.5036e+15 1.13389e+13 22881.8 52 15.5957 13 0.0670833
448 5.76461e+17 5.70707e+14 35457.4 59 15.8086 14 0.0701373
449 1.80144e+16 4.4553e+13 59548.1 54 16.9766 15 0.071211
450 9.0072e+15 2.42364e+13 57111.9 53 17.2432 15 0.07489
451 1.44115e+17 2.09896e+14 33415.2 57 16.4346 14 0.075114
452 1.44115e+17 1.67235e+14 56804.4 57 17.6748 15 0.0777161
453 3.60288e+16 4.61386e+13 36214 55 16.6143 14 0.0761859
454 4.61169e+18 4.60632e+15 53707.2 62 17.2227 15 0.0731587
455 2.8823e+17 8.53661e+14 2.13659e+06 58 21.3623 21 0.0846213
456 2.8823e+17 6.07473e+14 561473 58 20.5225 19 0.0833645
457 3.60288e+16 1.44855e+14 2.1429e+06 55 21.2227 21 0.0835679
458 9.0072e+15 3.71043e+13 2.13212e+06 53 21.1094 21 0.0819321
459 3.60288e+16 1.18624e+14 2.14099e+06 55 21.2031 21 0.0841057
460 9.22337e+18 9.53023e+15 1.08766e+06 63 20.7158 20 0.0832676
461 2.8823e+17 3.83985e+14 296051 58 20.3369 18 0.0797739
462 7.20576e+16 2.45282e+14 1.08648e+06 56 21.1719 20 0.0836619
463 1.44115e+17 2.61255e+14 559083 57 19.8789 19 0.0774505
464 4.61169e+18 4.82343e+15 2.13923e+06 62 21.0596 21 0.0826936
465 1.15292e+18 2.55057e+15 2.14014e+06 60 22.0928 21 0.0875184
466 9.22337e+18 1.43186e+16 559474 63 20.3066 19 0.0832885
467 1.84467e+19 3.34497e+16 2.14124e+06 64 22.5156 21 0.0984303
468 1.84467e+19 1.99734e+16 295440 64 20.0869 18 0.0832547
469 9.22337e+18 1.48807e+16 4.23654e+06 63 22.751 22 0.0954125
470 1.15292e+18 2.38993e+15 2.14271e+06 60 22.0605 21 0.090656
471 1.84467e+19 1.99954e+16 155357 64 19.6465 17 0.0846619
472 7.3787e+19 9.40727e+16 161841 66 20.3027 17 0.0871714
473 9.22337e+18 2.1951e+16 2.14134e+06 63 22.6514 21 0.0977147
474 1.84467e+19 5.99366e+16 4.24255e+06 64 22.7578 22 0.0975343
475 7.3787e+19 7.88244e+16 2.14261e+06 66 22.1006 21 0.09604
476 4.61169e+18 1.11923e+16 1.08504e+06 62 21.3428 20 0.0915597
477 4.61169e+18 1.04479e+16 563272 62 20.3682 19 0.0929875
478 3.68935e+19 3.75121e+16 2.13537e+06 65 21.3018 21 0.098581
479 9.22337e+18 2.11977e+16 2.13882e+06 63 22.4443 21 0.100311
480 4.72237e+21 4.61302e+18 159834 72 20.0117 17 0.0945665
481 1.84467e+19 3.35083e+16 161428 64 20.7119 17 0.0965136
482 9.22337e+18 2.61072e+16 556590 63 20.9824 19 0.0968027
483 4.61169e+18 7.98775e+15 297099 62 20.3818 18 0.0865781
484 4.61169e+18 5.99356e+15 157034 62 19.4199 17 0.0836679
485 1.18059e+21 1.16068e+18 159177 70 19.7334 17 0.0883473
486 3.68935e+19 4.75801e+16 160408 65 20.6621 17 0.0919681
487 3.77789e+22 3.80689e+19 289133 75 20.7773 18 0.0977778
488 4.61169e+18 1.1238e+16 15325.3 62 17.6582 12 0.0848516
489 7.3787e+19 8.49521e+16 54846.1 66 19.3867 15 0.0934901
490 4.61169e+18 1.04642e+16 34139.2 62 18.6299 14 0.0878395
491 1.15292e+18 2.56114e+15 92209 60 20.1436 16 0.0940281
492 2.95148e+20 2.89103e+17 33677.6 68 19.1514 14 0.0882767
493 4.61169e+18 5.73209e+15 89423.8 62 20.5859 16 0.0990619
494 5.76461e+17 2.49222e+15 35566.8 59 19.1328 14 0.0891861
495 1.15292e+18 1.29752e+15 26212.1 60 18.3369 13 0.0854329
496 9.22337e+18 1.04185e+16 86071.5 63 19.7148 16 0.0912701
497 2.8823e+17 1.1406e+15 34396.1 58 18.5898 14 0.0874773
498 3.60288e+16 1.07797e+14 15118.7 55 16.2266 11 0.0799944
499 1.84467e+19 2.08334e+16 32105.2 64 18.377 14 0.091134
500 3.68935e+19 4.7309e+16 53675.9 65 19.2529 15 0.0944609
501 4.61169e+18 8.98251e+15 20577 62 16.9736 13 0.0863579
502 9.22337e+18 1.08681e+16 48420.4 63 17.7314 15 0.0867271
503 1.47574e+20 1.48008e+17 285955 67 20.1973 18 0.0938564
504 1.15292e+18 2.07687e+15 151652 60 19.6201 17 0.0974839
505 2.30584e+18 3.76623e+15 85960.8 61 19.0527 16 0.095887
506 1.15292e+18 4.47701e+15 32226.1 60 17.958 14 0.0920964
507 3.68935e+19 5.25209e+16 51519.5 65 18.7129 15 0.0913153
508 5.76461e+17 2.15132e+15 52109.9 59 19.0498 15 0.0903026
509 3.68935e+19 3.91698e+16 51684.3 65 18.7686 15 0.0926482
510 3.68935e+19 6.05133e+16 89732.4 65 20.1719 16 0.0938425
511 9.22337e+18 1.46211e+16 91435.6 63 20.1855 16 0.0933569
512 1.15292e+18 5.27109e+15 291675 60 21.3164 18 0.09672
513 1.84467e+19 3.87714e+16 87057.6 64 19.8008 16 0.0939384
514 2.30584e+18 6.06652e+15 157569 61 20.4404 17 0.099196
515 9.22337e+18 1.54969e+16 54450.3 63 18.8711 15 0.0932459
516 1.15292e+18 2.6648e+15 56177.1 60 19.2754 15 0.0936215
517 9.22337e+18 2.50197e+16 155830 63 20.2461 17 0.0966046
518 9.22337e+18 1.86962e+16 157226 63 20.0498 17 0.0948407
519 5.90296e+20 6.49542e+17 153183 69 19.3613 17 0.0956958
520 5.90296e+20 5.82714e+17 90975.9 69 19.4043 16 0.0899833
521 5.90296e+20 7.34521e+17 290923 69 21.0166 18 0.0980592
522 4.61169e+18 6.64416e+15 288656 62 20.3096 18 0.101084
523 1.47574e+20 1.52712e+17 33502.9 67 18.1699 14 0.0939184
524 1.18059e+21 1.15983e+18 558864 70 21.8975 19 0.105017
525 1.84467e+19 6.56382e+16 292130 64 20.4541 18 0.0991102
526 7.55579e+22 7.44544e+19 556636 76 20.9883 19 0.100499
527 1.88895e+22 1.84607e+19 558337 74 20.8633 19 0.0977875
528 3.68935e+19 5.25053e+16 293352 65 20.124 18 0.0980718
529 1.18059e+21 1.15875e+18 83164.8 70 19.3164 16 0.100172
530 1.20893e+24 1.1806e+21 158956 80 19.2617 17 0.097519
531 3.68935e+19 6.42525e+16 36187.4 65 17.9746 14 0.088962
532 3.02231e+23 4.428e+20 23116.6 78 17.3975 13 0.0838371
533 2.95148e+20 3.83626e+17 51453.4 68 18.0586 15 0.0869326
534 1.84467e+19 4.59876e+16 18203.6 64 16.6504 12 0.0870142
535 3.68935e+19 6.61309e+16 24803.6 65 17.127 13 0.0864171
536 3.68935e+19 7.72961e+16 33532.1 65 17.2578 14 0.0877084
537 9.22337e+18 1.34248e+16 21870.3 63 17.2646 13 0.0863306
538 2.95148e+20 2.91593e+17 33619.5 68 17.8789 14 0.0889709
539 1.84467e+19 4.35697e+16 155515 64 19.8496 17 0.0960806
540 5.90296e+20 6.54751e+17 56464.2 69 18.9824 15 0.0944592
541 9.22337e+18 1.30703e+16 31125.5 63 18.877 14 0.0912631
542 3.68935e+19 1.17365e+17 15592 65 17.3535 12 0.0914001
543 9.22337e+18 1.74387e+16 34847.6 63 18.6221 14 0.0915202
544 3.02231e+23 2.95265e+20 26700.9 78 18.585 13 0.09436
545 3.68935e+19 8.76536e+16 86108.3 65 19.7314 16 0.102397
546 1.84467e+19 2.402e+16 28225.1 64 18.0664 14 0.09147
547 1.84467e+19 5.48086e+16 32616.6 64 18.6191 14 0.0970866
548 1.18059e+21 1.35943e+18 22539.3 70 17.8955 13 0.0941261
549 1.84467e+19 3.55579e+16 295823 64 20.1875 18 0.104071
550 1.47574e+20 2.64765e+17 290374 67 20.3613 18 0.103116
551 2.30584e+18 5.18245e+15 154880 61 19.123 17 0.104551
552 9.22337e+18 1.26736e+16 49599.8 63 18.4717 15 0.0981517
553 4.61169e+18 8.15911e+15 34763.4 62 17.8457 14 0.0983624
554 5.90296e+20 5.86606e+17 53361.4 69 18.459 15 0.0959454
555 2.95148e+20 5.87673e+17 88238 68 19.9521 16 0.102757
556 3.68935e+19 9.20383e+16 19127.5 65 17.5049 12 0.0880854
557 1.84467e+19 4.44814e+16 158548 64 19.8535 17 0.0960218
558 7.3787e+19 7.30499e+16 85849.9 66 19.3311 16 0.0951488
559 1.47574e+20 1.80789e+17 294111 67 21.6729 18 0.10273
560 4.61169e+18 1.39137e+16 55504.6 62 19.1221 15 0.0954067
561 7.3787e+19 1.02271e+17 90610.5 66 19.627 16 0.0978367
562 4.61169e+18 1.02339e+16 88025.5 62 18.7959 16 0.0957635
563 3.68935e+19 5.31787e+16 51585.5 65 18.6406 15 0.0962635
564 1.47574e+20 1.59371e+17 34424.5 67 18.7949 14 0.0956301
565 5.90296e+20 5.80325e+17 34959.4 69 18.4541 14 0.09757
566 1.84467e+19 2.11266e+16 88800 64 19.7568 16 0.0986893
567 1.84467e+19 3.27468e+16 81878.9 64 19.1074 16 0.0958471
568 5.90296e+20 6.87707e+17 54204.4 69 19.333 15 0.0977835
569 2.30584e+18 8.46543e+15 53329.8 61 18.8896 15 0.0945989
570 3.68935e+19 7.74621e+16 52109.9 65 18.8945 15 0.09656
571 2.95148e+20 3.24946e+17 18246.7 68 16.5332 12 0.08966
572 4.72237e+21 4.7333e+18 25045.5 72 17.8574 13 0.08967
573 1.15292e+18 2.44443e+15 37681 60 19.3496 14 0.0922975
574 1.84467e+19 2.18305e+16 23986.6 64 18.6328 13 0.0936485
575 4.61169e+18 7.31793e+15 18460.7 62 17.1348 12 0.086087
576 9.22337e+18 1.22081e+16 35429.9 63 19.6934 14 0.0932274
577 3.68935e+19 7.11121e+16 34452.9 65 19.0869 14 0.0925615
578 3.02231e+23 2.95188e+20 31094.5 78 19.0391 14 0.0944328
579 4.61169e+18 1.58158e+16 291091 62 21.6133 18 0.107695
580 4.61169e+18 1.0546e+16 155633 62 20.6475 17 0.107995
581 3.68935e+19 6.91935e+16 4.23784e+06 65 23.7832 22 0.116337
582 1.47574e+20 2.31402e+17 3.36075e+07 67 24.6963 25 0.123422
583 1.18059e+21 1.18168e+18 3.36091e+07 70 25.126 25 0.121518
584 1.84467e+19 5.38799e+16 6.71653e+07 64 26.04 26 0.131826
585 4.72237e+21 8.10278e+18 1.68282e+07 72 24.7812 24 0.125254
586 3.68935e+19 9.20709e+16 1.34295e+08 65 26.7344 27 0.132755
587 9.22337e+18 3.09874e+16 3.36051e+07 63 24.7197 25 0.130277
588 4.61169e+18 1.60152e+16 4.23654e+06 62 23.8486 22 0.123703
589 7.55579e+22 1.15844e+20 1.68163e+07 76 24.0703 24 0.11817
590 1.84467e+19 5.33232e+16 2.14144e+06 64 23.4062 21 0.119108
591 7.3787e+19 1.04788e+17 1.07384e+06 66 22.4902 20 0.114034
592 7.3787e+19 1.27205e+17 1.68278e+07 66 24.5254 24 0.121039
593 3.68935e+19 5.58771e+16 1.34279e+08 65 26.2324 27 0.132548
594 2.95148e+20 6.12016e+17 2.68493e+08 68 26.9297 28 0.132694
595 5.90296e+20 6.45349e+17 1.0738e+09 69 27.2881 30 0.13752
596 9.44473e+21 9.26785e+18 4.29505e+09 73 29.251 32 0.145619
597 3.77789e+22 3.70028e+19 4.29507e+09 75 28.8789 32 0.141131
598 2.41785e+24 2.36167e+21 4.29505e+09 81 28.917 32 0.139358
599 5.90296e+20 7.97175e+17 4.29506e+09 69 28.3418 32 0.136603
600 5.90296e+20 6.86084e+17 2.14757e+09 69 27.249 31 0.134774
601 9.44473e+21 1.87387e+19 1.0738e+09 73 26.5889 30 0.12777
602 2.41785e+24 2.36132e+21 1.07382e+09 81 26.624 30 0.126101
603 4.72237e+21 4.77624e+18 2.14756e+09 72 27.3037 31 0.127271
604 1.88895e+22 2.00213e+19 2.68515e+08 74 25.5752 28 0.120531
605 6.04463e+23 5.90382e+20 1.07382e+09 79 27.3613 30 0.128346
606 1.18059e+21 2.18062e+18 6.71715e+07 70 26.5469 26 0.133136
607 2.36118e+21 3.73521e+18 1.34272e+08 71 25.792 27 0.123027
608 2.36118e+21 2.54638e+18 3.36044e+07 71 25.3125 25 0.118225
609 1.18059e+21 1.95263e+18 4.29505e+09 70 28.8789 32 0.139447
610 4.72237e+21 4.72914e+18 2.14755e+09 72 27.9971 31 0.14084
611 4.72237e+21 1.10735e+19 5.36924e+08 72 27.5254 29 0.139133
612 3.77789e+22 5.83471e+19 2.14755e+09 75 28.418 31 0.137216
613 1.20893e+24 1.1827e+21 2.685e+08 80 27.084 28 0.13593
614 7.55579e+22 8.21598e+19 2.14756e+09 76 28.9717 31 0.144041
615 5.90296e+20 2.50866e+18 5.36932e+08 69 27.374 29 0.137158
616 5.90296e+20 1.44347e+18 2.68494e+08 69 26.4395 28 0.133857
617 1.51116e+23 1.48461e+20 8.43341e+06 77 25.251 23 0.129121
618 7.55579e+22 7.95015e+19 5.36949e+08 76 27.9189 29 0.139921
619 9.67141e+24 9.51963e+21 6.71617e+07 83 26.2061 26 0.133845
620 5.90296e+20 1.52179e+18 2.1287e+06 69 24.1562 21 0.124241
621 1.18059e+21 3.19237e+18 8.43124e+06 70 24.5781 23 0.123451
622 4.72237e+21 5.21134e+18 4.23045e+06 72 24.3105 22 0.133146
623 2.95148e+20 1.34611e+18 2.68502e+08 68 27.3994 28 0.139225
624 4.72237e+21 9.84081e+18 6.71559e+07 72 26.4961 26 0.135122
625 1.20893e+24 1.29413e+21 3.36102e+07 80 26.0645 25 0.131015
626 9.44473e+21 2.10997e+19 2.68504e+08 73 28.0605 28 0.137326
627 1.88895e+22 2.59752e+19 4.2323e+06 74 25.3066 22 0.127599
628 1.88895e+22 1.93187e+19 6.71581e+07 74 25.7168 26 0.130944
629 4.72237e+21 5.41087e+18 4.23957e+06 72 24.8418 22 0.139915
630 2.47588e+27 2.41785e+24 2.12802e+06 91 23.9258 21 0.122856
631 7.55579e+22 8.2704e+19 1.07382e+09 76 28.2764 30 0.144094
632 7.55579e+22 8.27876e+19 1.68276e+07 76 25.9766 24 0.137315
633 2.36118e+21 4.68685e+18 1.68254e+07 71 25.2422 24 0.133361
634 9.44473e+21 1.46811e+19 8.43663e+06 73 25.3154 23 0.130706
635 1.51116e+23 3.89276e+20 5.36931e+08 77 27.3076 29 0.13704
636 1.88895e+22 2.93447e+19 2.68498e+08 74 27.1729 28 0.146767
637 9.44473e+21 1.29395e+19 2.14756e+09 73 28.8838 31 0.152856
638 3.02231e+23 7.46954e+20 8.59003e+09 78 30.3184 33 0.15235
639 1.51116e+23 2.31531e+20 2.14754e+09 77 28.6016 31 0.143871
640 9.44473e+21 1.17147e+19 2.68497e+08 73 27.3906 28 0.14416
641 9.44473e+21 1.80928e+19 2.68505e+08 73 27.21 28 0.146768
642 6.1897e+26 6.04586e+23 5.36919e+08 89 28.1787 29 0.142562
643 1.88895e+22 2.48023e+19 6.71625e+07 74 26.2852 26 0.136167
644 1.93428e+25 1.88997e+22 5.36947e+08 84 28.3076 29 0.143126
645 2.36118e+21 3.08579e+18 5.36944e+08 71 28.3623 29 0.146674
646 2.41785e+24 2.39969e+21 2.68504e+08 81 27.0068 28 0.141092
647 7.55579e+22 1.21706e+20 4.29506e+09 76 30.6484 32 0.152276
648 1.9807e+28 1.9343e+25 1.07382e+09 94 28.8828 30 0.148244
649 3.02231e+23 3.5377e+20 4.29504e+09 78 29.4727 32 0.146743
650 2.47588e+27 2.41817e+24 5.36932e+08 91 28.0479 29 0.144265
651 9.44473e+21 1.8627e+19 1.07381e+09 73 28.8848 30 0.147087
652 4.72237e+21 1.43438e+19 4.29506e+09 72 29.665 32 0.145634
653 6.04463e+23 6.73042e+20 1.0738e+09 79 28.9502 30 0.142041
654 3.77789e+22 4.74651e+19 8.59001e+09 75 30.1602 33 0.148566
655 1.88895e+22 4.75021e+19 4.29504e+09 74 29.0352 32 0.150281
656 3.77789e+22 4.85214e+19 1.0738e+09 75 27.9717 30 0.140744
657 3.77789e+22 3.95549e+19 2.68502e+08 75 27.6846 28 0.141
658 1.88895e+22 5.15632e+19 2.68502e+08 74 28.0566 28 0.140409
659 7.55579e+22 8.53918e+19 5.3694e+08 76 28.8086 29 0.15092
660 3.02231e+23 4.81122e+20 2.14757e+09 78 30.0098 31 0.157866
661 3.86856e+25 3.78334e+22 5.36939e+08 85 28.752 29 0.155223
662 2.41785e+24 2.87399e+21 2.14755e+09 81 29.5039 31 0.160278
663 1.20893e+24 2.59555e+21 4.29503e+09 80 31.0029 32 0.16656
664 7.92282e+28 7.7375e+25 5.36929e+08 96 28.6533 29 0.155275
665 1.20893e+24 1.96597e+21 1.07381e+09 80 29.9131 30 0.157159
666 7.55579e+22 1.27703e+20 8.59001e+09 76 31.002 33 0.157545
667 1.88895e+22 5.89614e+19 4.29506e+09 74 31.0674 32 0.160055
668 6.04463e+23 9.72994e+20 5.36937e+08 79 28.293 29 0.149282
669 3.77789e+22 7.92195e+19 5.36931e+08 75 28.2705 29 0.147553
670 1.93428e+25 2.37394e+22 2.68498e+08 84 28.624 28 0.150766
671 1.93428e+25 2.5869e+22 1.34277e+08 84 28.5566 27 0.149735
672 6.1897e+26 6.10381e+23 3.35988e+07 89 27.4404 25 0.142431
673 4.95176e+27 4.83755e+24 4.29506e+09 92 30.75 32 0.15602
674 7.55579e+22 1.82737e+20 6.87196e+10 76 33.4287 36 0.168566
675 1.51116e+23 3.44715e+20 3.43598e+10 77 32.1006 35 0.170541
676 7.55579e+22 1.86229e+20 1.718e+10 76 32.1475 34 0.164558
677 6.04463e+23 8.56734e+20 8.59e+09 79 30.9287 33 0.161477
678 7.92282e+28 7.79764e+25 1.718e+10 96 31.1084 34 0.166516
679 4.8357e+24 4.82046e+21 6.87196e+10 82 33.0586 36 0.173998
680 1.20893e+24 2.68837e+21 1.37439e+11 80 33.8066 37 0.173121
681 4.8357e+24 6.01812e+21 2.14754e+09 82 30.5635 31 0.155875
682 7.92282e+28 7.73793e+25 4.29506e+09 96 30.5566 32 0.160013
683 3.02231e+23 4.45474e+20 1.07381e+09 78 28.2998 30 0.151411
684 2.41785e+24 2.58725e+21 4.29505e+09 81 30.6475 32 0.161042
685 2.47588e+27 2.41861e+24 1.37439e+11 91 33.7422 37 0.170523
686 4.95176e+27 4.83753e+24 6.87196e+10 92 34.5459 36 0.17856
687 1.54743e+26 1.92631e+23 2.6849e+08 87 31.0732 28 0.165316
688 1.23794e+27 1.36414e+24 5.36926e+08 90 30.7549 29 0.16141
689 1.93428e+25 1.94983e+22 3.35696e+07 84 28.1973 25 0.156463
690 7.73713e+25 7.84025e+22 4.22779e+06 86 26.6572 22 0.154267
691 3.09485e+26 3.3645e+23 5.36938e+08 88 31.4805 29 0.172184
692 1.9807e+28 2.3209e+25 1.0738e+09 94 32.7783 30 0.178295
693 2.47588e+27 2.43463e+24 1.34268e+08 91 31.5908 27 0.172096
694 1.23794e+27 1.9672e+24 1.3428e+08 90 31.999 27 0.173256
695 1.23794e+27 1.21163e+24 1.0804e+06 90 28.1553 20 0.158393
696 7.92282e+28 7.77251e+25 1.34268e+08 96 31.7637 27 0.163317
697 7.92282e+28 1.19655e+26 1.0738e+09 96 32.8574 30 0.172262
698 7.92282e+28 3.17537e+26 4.29503e+09 96 34.5039 32 0.184354
699 7.92282e+28 1.38763e+26 6.71604e+07 96 30.9404 26 0.165466
700 7.92282e+28 2.33332e+26 3.36027e+07 96 31.6133 25 0.170024
701 7.92282e+28 2.34272e+26 3.36034e+07 96 31.5049 25 0.168992
702 6.1897e+26 8.43729e+23 1.68196e+07 89 29.8984 24 0.159935
703 7.92282e+28 9.67457e+25 8.43518e+06 96 29.9746 23 0.163563
704 4.95176e+27 5.75174e+24 2.68481e+08 92 31.3359 28 0.173646
705 7.92282e+28 9.68831e+25 3.35984e+07 96 29.9033 25 0.165448
706 7.92282e+28 1.57151e+26 1.07381e+09 96 32.7861 30 0.171468
707 7.92282e+28 1.07247e+26 5.3692e+08 96 31.4053 29 0.17458
708 7.92282e+28 7.74839e+25 5.36927e+08 96 31.6797 29 0.184622
709 7.92282e+28 1.12701e+26 5.36927e+08 96 33.2256 29 0.178376
710 7.92282e+28 3.24306e+26 8.59002e+09 96 34.7803 33 0.191613
711 3.96141e+28 4.67537e+25 2.68495e+08 95 31.9531 28 0.170141
712 7.92282e+28 8.28688e+25 2.14755e+09 96 33.7998 31 0.178739
713 3.09485e+26 7.00496e+23 1.68242e+07 88 29.8359 24 0.166147
714 1.54743e+26 3.30166e+23 5.36939e+08 87 31.8818 29 0.165527
715 7.92282e+28 2.32931e+26 6.71732e+07 96 30.8584 26 0.169035
716 1.9807e+28 2.93445e+25 2.68485e+08 94 30.9629 28 0.165144
717 7.92282e+28 7.86003e+25 1.34259e+08 96 30.9453 27 0.172597
718 7.92282e+28 1.7561e+26 4.23962e+06 96 29.3398 22 0.164978
719 7.92282e+28 1.14918e+26 2.12099e+06 96 28.0752 21 0.153124
720 7.92282e+28 8.4941e+25 291091 96 25.5879 18 0.144088
721 7.92282e+28 1.09655e+26 4.21162e+06 96 27.2451 22 0.155706
722 7.92282e+28 7.84428e+25 8.42549e+06 96 29.3447 23 0.163567
723 7.92282e+28 1.98065e+26 288176 96 24.6426 18 0.150513
724 7.92282e+28 1.6564e+26 159287 96 23.5762 17 0.131385
725 7.92282e+28 3.98067e+26 1.07384e+06 96 26.4512 20 0.153631
726 1.9807e+28 4.90619e+25 2.13601e+06 94 26.3701 21 0.15091
727 1.9807e+28 3.63537e+25 552773 94 25.9131 19 0.14506
728 7.92282e+28 1.67308e+26 2.12916e+06 96 27.9434 21 0.153169
729 2.47588e+27 4.89372e+24 2.13558e+06 91 27.6904 21 0.154466
730 7.92282e+28 8.56757e+25 2.12722e+06 96 27.7734 21 0.151069
731 7.92282e+28 3.39278e+26 8.42992e+06 96 29.2393 23 0.158523
732 7.92282e+28 2.58368e+26 4.23773e+06 96 28.5029 22 0.162292
733 7.92282e+28 7.8392e+25 2.12653e+06 96 27.2773 21 0.159027
734 7.92282e+28 7.9493e+25 8.42705e+06 96 28.6201 23 0.159587
735 7.92282e+28 3.99648e+26 4.23762e+06 96 28.8672 22 0.155506
736 7.92282e+28 1.78994e+26 1.08066e+06 96 27.3867 20 0.148047
737 3.96141e+28 5.95699e+25 1.07616e+06 95 25.4609 20 0.144944
738 7.92282e+28 6.43277e+26 1.68161e+07 96 29.3027 24 0.162062
739 7.92282e+28 6.60195e+26 2.13836e+06 96 28.8525 21 0.156882
740 7.92282e+28 1.74959e+26 1.68254e+07 96 29.4111 24 0.171625
741 7.92282e+28 2.55634e+26 8.42582e+06 96 29.084 23 0.162368
742 7.92282e+28 5.6973e+26 1.68125e+07 96 28.6494 24 0.153644
743 7.92282e+28 3.25784e+26 1.68247e+07 96 29.3242 24 0.159462
744 7.92282e+28 2.69421e+26 4.23336e+06 96 28.2178 22 0.153929
745 7.92282e+28 6.36165e+26 2.13184e+06 96 28.4092 21 0.158812
746 7.92282e+28 5.10719e+26 4.2172e+06 96 27.748 22 0.152271
747 7.92282e+28 2.71357e+26 8.43243e+06 96 28.9434 23 0.155998
748 7.92282e+28 3.22355e+26 156687 96 24.9219 17 0.137171
749 7.92282e+28 4.25176e+26 3.36065e+07 96 29.9551 25 0.159272
750 7.92282e+28 2.74508e+26 8.42711e+06 96 28.4697 23 0.150523
751 7.92282e+28 2.52805e+26 550649 96 26.4092 19 0.1495
752 7.92282e+28 1.56367e+26 4.23818e+06 96 27.9746 22 0.156085
753 7.92282e+28 2.47939e+26 555860 96 27.0303 19 0.147344
754 7.92282e+28 2.45472e+26 1.07937e+06 96 27.3691 20 0.150232
755 7.92282e+28 5.90592e+26 1.07401e+06 96 26.5811 20 0.15675
756 7.92282e+28 2.88251e+26 2.12349e+06 96 27.4766 21 0.146259
757 7.92282e+28 3.14054e+26 1.07953e+06 96 26.749 20 0.147729
758 7.92282e+28 7.02517e+26 8.41679e+06 96 28.8545 23 0.159524
759 7.92282e+28 3.96569e+26 1.68201e+07 96 29.2158 24 0.154714
760 7.92282e+28 6.69279e+26 8.42471e+06 96 29.2207 23 0.159943
761 7.92282e+28 5.74527e+26 4.22456e+06 96 28.6777 22 0.155654
762 7.92282e+28 2.64107e+26 550209 96 26.3281 19 0.146016
763 7.92282e+28 5.22972e+26 1.08193e+06 96 27.7295 20 0.145218
764 7.92282e+28 4.36212e+26 1.08213e+06 96 27.1602 20 0.148306
765 7.92282e+28 5.80814e+26 1.08283e+06 96 27.6162 20 0.15285
766 7.92282e+28 7.04986e+26 1.07198e+06 96 26.9229 20 0.144305
767 7.92282e+28 6.80214e+26 2.13994e+06 96 29.1162 21 0.154036
768 7.92282e+28 4.5945e+26 2.12739e+06 96 28.9238 21 0.159185
769 7.92282e+28 4.78361e+26 554285 96 26.8232 19 0.145889
770 7.92282e+28 9.39154e+26 8.42398e+06 96 31.0605 23 0.165094
771 7.92282e+28 6.41247e+26 8.42878e+06 96 30.501 23 0.166177
772 7.92282e+28 6.41682e+26 2.12848e+06 96 29.208 21 0.157467
773 7.92282e+28 6.8101e+26 4.23117e+06 96 29.3545 22 0.154238
774 7.92282e+28 7.34466e+26 4.23277e+06 96 29.168 22 0.15736
775 7.92282e+28 5.99346e+26 8.42897e+06 96 30.165 23 0.166657
776 7.92282e+28 1.08695e+27 4.20932e+06 96 30.0908 22 0.157785
777 7.92282e+28 1.0298e+27 554705 96 27.9785 19 0.155817
778 7.92282e+28 9.79527e+26 1.08538e+06 96 28.9287 20 0.154831
779 7.92282e+28 7.95097e+26 1.08193e+06 96 28.6709 20 0.156417
780 7.92282e+28 8.14101e+26 1.07142e+06 96 27.7344 20 0.151431
781 7.92282e+28 7.20081e+26 1.08519e+06 96 28.5371 20 0.153778
782 7.92282e+28 8.07329e+26 547524 96 27.8398 19 0.155058
783 7.92282e+28 1.28493e+27 4.22637e+06 96 29.3936 22 0.167197
784 7.92282e+28 9.01184e+26 1.07916e+06 96 27.9648 20 0.154109
785 7.92282e+28 1.7333e+27 8.42379e+06 96 30.7139 23 0.166662
786 7.92282e+28 1.06049e+27 8.42827e+06 96 30.2314 23 0.177101
787 7.92282e+28 1.03564e+27 547625 96 28.1025 19 0.153556
788 7.92282e+28 1.11798e+27 2.12933e+06 96 29.0615 21 0.159757
789 7.92282e+28 1.00878e+27 2.13012e+06 96 28.8135 21 0.156307
790 7.92282e+28 1.2488e+27 8.42992e+06 96 29.9971 23 0.164993
791 7.92282e+28 1.4081e+27 2.13706e+06 96 30.0908 21 0.165454
792 7.92282e+28 1.46159e+27 1.07126e+06 96 28.3379 20 0.161219
793 7.92282e+28 8.1041e+26 4.22723e+06 96 29.1475 22 0.160497
794 7.92282e+28 1.38662e+27 1.68169e+07 96 30.374 24 0.164964
795 7.92282e+28 1.11807e+27 1.68214e+07 96 30.4922 24 0.166561
796 7.92282e+28 1.02898e+27 6.71764e+07 96 31.5029 26 0.169467
797 7.92282e+28 5.92893e+26 3.35979e+07 96 31.3984 25 0.171573
798 7.92282e+28 9.81274e+26 4.23511e+06 96 28.833 22 0.158713
799 7.92282e+28 1.03319e+27 3.35938e+07 96 30.5918 25 0.167142
800 7.92282e+28 1.37776e+27 3.36022e+07 96 31.2451 25 0.177509
801 7.92282e+28 9.1946e+26 8.40766e+06 96 29.9961 23 0.165429
802 7.92282e+28 1.2707e+27 1.08387e+06 96 28.8115 20 0.158466
803 7.92282e+28 1.12969e+27 4.22693e+06 96 28.7764 22 0.17106
804 7.92282e+28 1.5286e+27 4.21621e+06 96 29.6846 22 0.164308
805 7.92282e+28 1.31145e+27 2.12531e+06 96 29.1973 21 0.162919
806 7.92282e+28 1.40185e+27 1.0803e+06 96 29.3809 20 0.161015
807 7.92282e+28 1.41339e+27 4.23236e+06 96 30.959 22 0.171979
808 7.92282e+28 1.49992e+27 3.35931e+07 96 31.0234 25 0.17731
809 7.92282e+28 1.83687e+27 8.42782e+06 96 30.3799 23 0.168483
810 7.92282e+28 9.63331e+26 4.24137e+06 96 29.2227 22 0.168756
811 7.92282e+28 3.37621e+26 2.13195e+06 96 29.2021 21 0.177728
812 7.92282e+28 1.51523e+27 4.23951e+06 96 30.9365 22 0.176202
813 7.92282e+28 1.17266e+27 5.36923e+08 96 32.2686 29 0.185079
814 7.92282e+28 1.59954e+27 6.71621e+07 96 32.7676 26 0.185236
815 7.92282e+28 1.46503e+27 6.71372e+07 96 31.3975 26 0.179572
816 7.92282e+28 1.8203e+27 1.6812e+07 96 30.9883 24 0.187565
817 7.92282e+28 1.77937e+27 6.71503e+07 96 31.4863 26 0.180841
818 7.92282e+28 1.24705e+27 3.35842e+07 96 30.8496 25 0.184249
819 7.92282e+28 1.48481e+27 1.68039e+07 96 30.3359 24 0.174942
820 7.92282e+28 1.12676e+27 2.13084e+06 96 28.7861 21 0.16062
821 7.92282e+28 1.76501e+27 4.23301e+06 96 30.3027 22 0.172452
822 7.92282e+28 1.03879e+27 1.68117e+07 96 30.0547 24 0.168162
823 7.92282e+28 1.63171e+27 2.13669e+06 96 30.5117 21 0.174194
824 7.92282e+28 1.02778e+27 3.35967e+07 96 30.917 25 0.166235
825 7.92282e+28 1.40523e+27 3.36008e+07 96 31.5469 25 0.174115
826 7.92282e+28 1.12033e+27 8.43243e+06 96 30.9365 23 0.169452
827 7.92282e+28 1.76406e+27 1.08268e+06 96 29.1885 20 0.198292
828 7.92282e+28 1.79964e+27 2.12865e+06 96 29.5537 21 0.163676
829 7.92282e+28 1.50634e+27 2.12882e+06 96 29.5322 21 0.170887
830 7.92282e+28 1.44627e+27 4.23289e+06 96 29.2227 22 0.169495
831 7.92282e+28 1.22026e+27 8.41822e+06 96 29.6992 23 0.164098
832 7.92282e+28 1.16965e+27 2.13084e+06 96 28.4766 21 0.159641
833 7.92282e+28 1.37517e+27 4.23395e+06 96 29.7451 22 0.17853
834 7.92282e+28 2.76702e+27 1.68298e+07 96 31.1904 24 0.19347
835 7.92282e+28 2.80155e+27 6.71577e+07 96 32.1348 26 0.182401
836 7.92282e+28 2.69044e+27 1.6824e+07 96 31.3848 24 0.175222
837 7.92282e+28 2.75529e+27 3.35916e+07 96 31.4092 25 0.173639
838 7.92282e+28 3.73241e+27 5.36933e+08 96 35.6162 29 0.187478
839 7.92282e+28 4.21378e+27 2.14754e+09 96 36.8945 31 0.191697
840 7.92282e+28 5.04625e+27 2.14755e+09 96 36.6543 31 0.192465
841 7.92282e+28 4.22032e+27 5.36943e+08 96 36.3438 29 0.190345
842 7.92282e+28 5.32561e+27 8.59001e+09 96 38.4385 33 0.208518
843 7.92282e+28 4.92336e+27 1.07381e+09 96 36.9893 30 0.197786
844 7.92282e+28 4.22116e+27 5.36936e+08 96 35.5645 29 0.190488
845 7.92282e+28 3.62241e+27 5.36933e+08 96 36.1172 29 0.193721
846 7.92282e+28 3.8304e+27 5.3693e+08 96 35.4404 29 0.192024
847 7.92282e+28 4.82502e+27 2.14755e+09 96 36.7695 31 0.198532
848 7.92282e+28 3.50853e+27 1.07382e+09 96 36.1875 30 0.192401
849 7.92282e+28 4.18975e+27 5.36933e+08 96 36.9453 29 0.199239
850 7.92282e+28 4.32977e+27 5.36936e+08 96 36.2754 29 0.196732
851 7.92282e+28 3.01415e+27 4.29504e+09 96 36.3047 32 0.196989
852 7.92282e+28 4.14446e+27 5.3692e+08 96 36.0283 29 0.196046
853 7.92282e+28 3.96692e+27 1.07381e+09 96 36.0244 30 0.193104
854 7.92282e+28 3.22933e+27 5.36924e+08 96 35.0488 29 0.187911
855 7.92282e+28 3.91273e+27 2.68506e+08 96 34.4268 28 0.183493
856 7.92282e+28 3.1115e+27 1.07381e+09 96 36.3662 30 0.198587
857 7.92282e+28 3.82116e+27 2.68488e+08 96 34.96 28 0.192696
858 7.92282e+28 3.69428e+27 2.68487e+08 96 34.4707 28 0.191356
859 7.92282e+28 3.30386e+27 2.68499e+08 96 34.3672 28 0.188574
860 7.92282e+28 3.23152e+27 6.71577e+07 96 34.1582 26 0.187106
861 7.92282e+28 3.43618e+27 2.68497e+08 96 35.3721 28 0.18764
862 7.92282e+28 3.60342e+27 1.34283e+08 96 34.6299 27 0.189657
863 7.92282e+28 3.11358e+27 1.07381e+09 96 35.9434 30 0.194933
864 7.92282e+28 3.69896e+27 1.0738e+09 96 36.1514 30 0.195422
865 7.92282e+28 3.5987e+27 5.3695e+08 96 35.7109 29 0.186245
866 7.92282e+28 3.17024e+27 2.14755e+09 96 36.251 31 0.195767
867 7.92282e+28 3.39245e+27 1.07378e+09 96 35.6475 30 0.1869
868 7.92282e+28 2.12049e+27 1.07379e+09 96 34.8545 30 0.185752
869 7.92282e+28 3.29524e+27 1.07378e+09 96 35.7119 30 0.191718
870 7.92282e+28 3.01265e+27 1.3426e+08 96 33.7998 27 0.187103
871 7.92282e+28 3.39291e+27 2.14757e+09 96 36.6621 31 0.194412
872 7.92282e+28 3.04738e+27 4.29503e+09 96 36.2441 32 0.195956
873 7.92282e+28 3.32326e+27 5.36915e+08 96 34.4854 29 0.18685
874 7.92282e+28 3.09158e+27 1.34264e+08 96 33.6953 27 0.179221
875 7.92282e+28 2.38266e+27 1.34252e+08 96 33.7305 27 0.183292
876 7.92282e+28 3.45811e+27 2.68492e+08 96 34.793 28 0.192284
877 7.92282e+28 3.73722e+27 2.14754e+09 96 35.6133 31 0.192829
878 7.92282e+28 2.96228e+27 1.07379e+09 96 34.9746 30 0.192694
879 7.92282e+28 2.72882e+27 5.36905e+08 96 34.1201 29 0.194541
880 7.92282e+28 3.52491e+27 5.36944e+08 96 35.5605 29 0.187175
881 7.92282e+28 3.66228e+27 2.68491e+08 96 34.6494 28 0.186082
882 7.92282e+28 2.75019e+27 1.0738e+09 96 35.0439 30 0.185238
883 7.92282e+28 2.86122e+27 4.29503e+09 96 36.0332 32 0.191966
884 7.92282e+28 2.30445e+27 5.36934e+08 96 34.9268 29 0.193606
885 7.92282e+28 3.33166e+27 4.29503e+09 96 37.2656 32 0.197618
886 7.92282e+28 3.30656e+27 5.36911e+08 96 35.5459 29 0.190429
887 7.92282e+28 2.81826e+27 4.29504e+09 96 36.4512 32 0.189907
888 7.92282e+28 2.21792e+27 2.68485e+08 96 34.7197 28 0.184283
889 7.92282e+28 2.9958e+27 1.07381e+09 96 35.0146 30 0.192115
890 7.92282e+28 2.46774e+27 8.59002e+09 96 36.335 33 0.191577
891 7.92282e+28 2.43996e+27 4.29502e+09 96 35.9473 32 0.191699
892 7.92282e+28 3.508e+27 4.29503e+09 96 36.5244 32 0.194565
893 7.92282e+28 3.46833e+27 8.59e+09 96 37.1982 33 0.199406
894 7.92282e+28 2.81629e+27 2.14754e+09 96 35.9199 31 0.186215
895 7.92282e+28 2.83255e+27 1.0738e+09 96 35.8223 30 0.192947
896 7.92282e+28 2.45359e+27 1.0738e+09 96 34.8164 30 0.186656
897 7.92282e+28 2.51724e+27 2.14757e+09 96 35.3125 31 0.191634
898 7.92282e+28 1.97256e+27 1.0738e+09 96 34.4824 30 0.183928
899 7.92282e+28 2.65377e+27 2.14755e+09 96 35.75 31 0.187369
900 7.92282e+28 2.60699e+27 1.0738e+09 96 34.8281 30 0.185262
901 7.92282e+28 2.80075e+27 4.29503e+09 96 35.8447 32 0.19676
902 7.92282e+28 2.6547e+27 2.14753e+09 96 34.8965 31 0.192079
903 7.92282e+28 3.3124e+27 2.68492e+08 96 34.4346 28 0.179188
904 7.92282e+28 2.19592e+27 1.68221e+07 96 31.8936 24 0.173664
905 7.92282e+28 1.88901e+27 2.14756e+09 96 34.7822 31 0.184252
906 7.92282e+28 2.90711e+27 1.07382e+09 96 35.9219 30 0.20327
907 7.92282e+28 2.67763e+27 1.0738e+09 96 34.9961 30 0.186704
908 7.92282e+28 2.14004e+27 2.68507e+08 96 33.7324 28 0.187253
909 7.92282e+28 2.76642e+27 1.07381e+09 96 34.5928 30 0.192273
910 7.92282e+28 2.33055e+27 5.3691e+08 96 34.3369 29 0.191328
911 7.92282e+28 2.10576e+27 5.36927e+08 96 34.6084 29 0.182924
912 7.92282e+28 2.7339e+27 5.36924e+08 96 34.3047 29 0.192967
913 7.92282e+28 3.20862e+27 5.36932e+08 96 34.9746 29 0.188522
914 7.92282e+28 2.48802e+27 4.29504e+09 96 35.5791 32 0.187029
915 7.92282e+28 2.60027e+27 2.68495e+08 96 34.0225 28 0.185307
916 7.92282e+28 2.41288e+27 5.36939e+08 96 34.6709 29 0.185034
917 7.92282e+28 2.3741e+27 2.14755e+09 96 34.7744 31 0.183826
918 7.92282e+28 2.03531e+27 5.36926e+08 96 33.7559 29 0.184225
919 7.92282e+28 2.49824e+27 5.36948e+08 96 34.6211 29 0.185553
920 7.92282e+28 2.31626e+27 2.14756e+09 96 35.1455 31 0.184431
921 7.92282e+28 2.59993e+27 2.68499e+08 96 34.0938 28 0.188737
922 7.92282e+28 1.7394e+27 2.68496e+08 96 33.5713 28 0.181081
923 7.92282e+28 2.08871e+27 5.36931e+08 96 34.0801 29 0.178198
924 7.92282e+28 2.56161e+27 4.29504e+09 96 35.7822 32 0.188969
925 7.92282e+28 3.45152e+27 1.0738e+09 96 35.0615 30 0.186358
926 7.92282e+28 2.96763e+27 4.29502e+09 96 35.6094 32 0.189748
927 7.92282e+28 3.02221e+27 5.36933e+08 96 34.5771 29 0.180983
928 7.92282e+28 3.15447e+27 4.29503e+09 96 36.1055 32 0.194165
929 7.92282e+28 2.63025e+27 6.71671e+07 96 33.4209 26 0.179131
930 7.92282e+28 3.35515e+27 1.07382e+09 96 35.0781 30 0.189588
931 7.92282e+28 2.7082e+27 2.14754e+09 96 35.6172 31 0.189676
932 7.92282e+28 3.34627e+27 5.36922e+08 96 35.3193 29 0.185535
933 7.92282e+28 3.31118e+27 4.29504e+09 96 36.1514 32 0.195143
934 7.92282e+28 2.27421e+27 4.29504e+09 96 36.001 32 0.199133
935 7.92282e+28 2.44593e+27 2.14756e+09 96 34.5078 31 0.189028
936 7.92282e+28 2.28445e+27 1.07382e+09 96 34.7549 30 0.186949
937 7.92282e+28 2.71919e+27 2.14755e+09 96 35.2803 31 0.19171
938 7.92282e+28 1.96326e+27 2.14755e+09 96 34.8057 31 0.185317
939 7.92282e+28 2.96875e+27 8.59001e+09 96 35.5938 33 0.192131
940 7.92282e+28 1.80203e+27 5.36929e+08 96 34.3359 29 0.186067
941 7.92282e+28 2.61279e+27 1.0738e+09 96 34.9551 30 0.18942
942 7.92282e+28 3.17158e+27 1.0738e+09 96 34.8369 30 0.195272
943 7.92282e+28 2.6583e+27 8.59003e+09 96 36.6592 33 0.19355
944 7.92282e+28 3.14175e+27 8.59003e+09 96 36.375 33 0.19112
945 7.92282e+28 3.11055e+27 8.59003e+09 96 36.9102 33 0.194916
946 7.92282e+28 2.70675e+27 1.718e+10 96 37.3721 34 0.197463
947 7.92282e+28 3.58299e+27 1.71799e+10 96 37.3467 34 0.204983
948 7.92282e+28 3.40652e+27 1.718e+10 96 37.1582 34 0.202136
949 7.92282e+28 3.29458e+27 3.43598e+10 96 38.4736 35 0.206407
950 7.92282e+28 3.70292e+27 3.43598e+10 96 38.5293 35 0.205885
951 7.92282e+28 3.8267e+27 3.43599e+10 96 39.1182 35 0.205282
952 7.92282e+28 4.12633e+27 1.71799e+10 96 37.9219 34 0.197528
953 7.92282e+28 2.86887e+27 3.43598e+10 96 38.3018 35 0.199275
954 7.92282e+28 3.94712e+27 1.718e+10 96 38.4014 34 0.207098
955 7.92282e+28 4.80995e+27 3.43598e+10 96 39.4551 35 0.20805
956 7.92282e+28 4.26403e+27 3.43598e+10 96 38.5977 35 0.202807
957 7.92282e+28 4.08663e+27 3.43598e+10 96 38.4307 35 0.206034
958 7.92282e+28 4.11559e+27 4.29506e+09 96 37.5752 32 0.20086
959 7.92282e+28 4.73248e+27 8.59004e+09 96 38.4443 33 0.211112
960 7.92282e+28 3.45454e+27 1.71799e+10 96 37.665 34 0.2006
961 7.92282e+28 3.57918e+27 1.71799e+10 96 37.9082 34 0.210435
962 7.92282e+28 3.58554e+27 8.59002e+09 96 37.6152 33 0.197029
963 7.92282e+28 3.88445e+27 2.14756e+09 96 36.4404 31 0.192633
964 7.92282e+28 4.94929e+27 1.71799e+10 96 37.374 34 0.194795
965 7.92282e+28 3.86681e+27 4.29503e+09 96 36.2998 32 0.19461
966 7.92282e+28 3.59099e+27 2.14757e+09 96 35.9375 31 0.191976
967 7.92282e+28 4.79235e+27 4.29504e+09 96 36.9287 32 0.200363
968 7.92282e+28 4.83623e+27 8.59001e+09 96 37.752 33 0.19603
969 7.92282e+28 4.92551e+27 1.718e+10 96 38.0352 34 0.196482
970 7.92282e+28 4.13494e+27 1.71799e+10 96 37.5449 34 0.197804
971 7.92282e+28 3.1049e+27 3.43598e+10 96 37.9453 35 0.20115
972 7.92282e+28 4.89472e+27 1.718e+10 96 38.8975 34 0.21303
973 7.92282e+28 3.99401e+27 1.71799e+10 96 38.3105 34 0.197657
974 7.92282e+28 3.72218e+27 6.87195e+10 96 39.1104 36 0.203992
975 7.92282e+28 4.49946e+27 1.71799e+10 96 38.043 34 0.205666
976 7.92282e+28 5.04374e+27 3.43598e+10 96 39.2705 35 0.213109
977 7.92282e+28 4.70993e+27 1.718e+10 96 38.7344 34 0.200716
978 7.92282e+28 4.5192e+27 3.43598e+10 96 38.7178 35 0.205699
979 7.92282e+28 5.26257e+27 1.71799e+10 96 38.832 34 0.209208
980 7.92282e+28 4.9324e+27 6.87195e+10 96 40.0977 36 0.21323
981 7.92282e+28 5.17635e+27 1.718e+10 96 39.0303 34 0.207463
982 7.92282e+28 5.56261e+27 3.43598e+10 96 39.9258 35 0.206095
983 7.92282e+28 4.02726e+27 3.43598e+10 96 39.1758 35 0.205931
984 7.92282e+28 4.62814e+27 6.87196e+10 96 40.3896 36 0.218582
985 7.92282e+28 6.21648e+27 2.74878e+11 96 41.9795 38 0.214467
986 7.92282e+28 4.99171e+27 1.37439e+11 96 41.5957 37 0.215143
987 7.92282e+28 4.77937e+27 6.87196e+10 96 41.2383 36 0.225252
988 7.92282e+28 4.90371e+27 1.37439e+11 96 41.2822 37 0.215629
989 7.92282e+28 4.80336e+27 3.43598e+10 96 39.7041 35 0.214534
990 7.92282e+28 5.59612e+27 2.74878e+11 96 42.5342 38 0.232444
991 7.92282e+28 6.10481e+27 1.37439e+11 96 41.3027 37 0.212456
992 7.92282e+28 6.29625e+27 6.87196e+10 96 41.0029 36 0.21485
993 7.92282e+28 6.81997e+27 6.87196e+10 96 41.3975 36 0.217656
994 7.92282e+28 6.23973e+27 6.87196e+10 96 41.2607 36 0.212633
995 7.92282e+28 5.08884e+27 6.87196e+10 96 40.1143 36 0.21139
996 7.92282e+28 5.84175e+27 6.87196e+10 96 40.9092 36 0.215987
997 7.92282e+28 6.29531e+27 3.43598e+10 96 40.1709 35 0.210411
998 1.58456e+29 7.01305e+27 6.87196e+10 97 41.3379 36 0.219381
999 7.92282e+28 4.87091e+27 3.43598e+10 96 40.0439 35 0.215982
1000 7.92282e+28 5.69163e+27 6.87195e+10 96 40.2275 36 0.207801
1001 7.92282e+28 6.33652e+27 6.87196e+10 96 40.4912 36 0.214848
1002 7.92282e+28 6.1575e+27 3.43598e+10 96 39.9902 35 0.223632
1003 7.92282e+28 5.03626e+27 6.87195e+10 96 40.2969 36 0.213077
1004 7.92282e+28 6.69309e+27 5.49756e+11 96 42.2178 39 0.217109
1005 7.92282e+28 7.66452e+27 1.37439e+11 96 42.3623 37 0.222893
1006 7.92282e+28 6.79429e+27 1.37439e+11 96 41.1865 37 0.219514
1007 7.92282e+28 6.66816e+27 5.49756e+11 96 43.0879 39 0.225637
1008 7.92282e+28 6.07185e+27 1.09951e+12 96 43.2285 40 0.223818
1009 7.92282e+28 6.0546e+27 1.37439e+11 96 41.9355 37 0.220294
1010 7.92282e+28 6.49789e+27 5.49756e+11 96 43.3369 39 0.22876
1011 7.92282e+28 7.1486e+27 1.37439e+11 96 42.8906 37 0.229052
1012 7.92282e+28 6.82232e+27 1.37439e+11 96 42.6807 37 0.218858
1013 7.92282e+28 8.72709e+27 8.79609e+12 96 45.7588 43 0.241344
1014 7.92282e+28 8.37251e+27 1.09951e+12 96 43.9209 40 0.238003
1015 7.92282e+28 7.17659e+27 1.09951e+12 96 43.6572 40 0.227138
1016 7.92282e+28 7.51998e+27 4.39805e+12 96 45.6523 42 0.236169
1017 7.92282e+28 8.52707e+27 2.19902e+12 96 44.9287 41 0.24708
1018 7.92282e+28 6.7471e+27 1.37439e+11 96 42.3252 37 0.220335
1019 7.92282e+28 8.36922e+27 1.09951e+12 96 45.041 40 0.237548
1020 7.92282e+28 7.48275e+27 4.39805e+12 96 44.4404 42 0.228391
1021 7.92282e+28 8.03612e+27 2.19902e+12 96 44.1104 41 0.229037
1022 7.92282e+28 6.97649e+27 2.74878e+11 96 42.668 38 0.218303
1023 7.92282e+28 7.90407e+27 6.87196e+10 96 42.4707 36 0.217696
1024 7.92282e+28 6.63972e+27 6.87196e+10 96 41.3496 36 0.220151
1025 7.92282e+28 8.12015e+27 2.74878e+11 96 43.6357 38 0.229717
1026 7.92282e+28 7.60086e+27 1.37439e+11 96 42.54 37 0.23808
1027 7.92282e+28 7.06569e+27 1.37439e+11 96 42.7471 37 0.220535
1028 7.92282e+28 7.47203e+27 1.37439e+11 96 42.4336 37 0.228752
1029 7.92282e+28 7.83123e+27 5.49756e+11 96 43.2803 39 0.225372
1030 7.92282e+28 7.78278e+27 1.09951e+12 96 44.1494 40 0.237564
1031 7.92282e+28 9.14539e+27 2.19902e+12 96 45.2666 41 0.232781
1032 7.92282e+28 9.41936e+27 1.09951e+12 96 44.5918 40 0.236001
1033 7.92282e+28 8.76775e+27 1.09951e+12 96 44.668 40 0.23147
1034 7.92282e+28 7.93062e+27 5.49756e+11 96 44.167 39 0.230335
1035 1.58456e+29 8.10801e+27 1.37439e+11 97 43.2109 37 0.222841
1036 7.92282e+28 7.41759e+27 1.37439e+11 96 43.168 37 0.23028
1037 7.92282e+28 7.726e+27 2.19902e+12 96 44.5225 41 0.227676
1038 7.92282e+28 6.69226e+27 5.49756e+11 96 43.0469 39 0.225051
1039 7.92282e+28 7.60311e+27 3.51844e+13 96 45.7383 45 0.234801
1040 7.92282e+28 8.04733e+27 7.03687e+13 96 45.4609 46 0.235099
1041 7.92282e+28 7.75689e+27 8.79609e+12 96 45.4053 43 0.236246
1042 7.92282e+28 7.54917e+27 4.39805e+12 96 44.8525 42 0.232585
1043 7.92282e+28 7.58908e+27 4.39805e+12 96 45.0479 42 0.253737
1044 7.92282e+28 6.49621e+27 1.75922e+13 96 45.7598 44 0.238234
1045 7.92282e+28 8.05642e+27 5.49756e+11 96 44.2949 39 0.227818
1046 7.92282e+28 7.23365e+27 2.74878e+11 96 43.4102 38 0.239459
1047 7.92282e+28 6.78561e+27 2.19902e+12 96 44.4902 41 0.234118
1048 7.92282e+28 8.09828e+27 4.39805e+12 96 45.0273 42 0.234345
1049 7.92282e+28 6.78791e+27 7.03687e+13 96 45.4941 46 0.236373
1050 7.92282e+28 9.0301e+27 3.51844e+13 96 46.79 45 0.239447
1051 7.92282e+28 9.04572e+27 1.75922e+13 96 45.9209 44 0.235421
1052 7.92282e+28 8.24113e+27 1.40737e+14 96 46.5596 47 0.24204
1053 7.92282e+28 8.12195e+27 2.19902e+12 96 44.334 41 0.231269
1054 7.92282e+28 7.72258e+27 7.03687e+13 96 46.7393 46 0.237986
1055 7.92282e+28 9.77891e+27 7.03687e+13 96 47.3965 46 0.249448
1056 7.92282e+28 9.50011e+27 2.19902e+12 96 44.4531 41 0.233079
1057 7.92282e+28 1.02045e+28 1.75922e+13 96 47.7744 44 0.248712
1058 7.92282e+28 9.78571e+27 1.75922e+13 96 45.8633 44 0.239077
1059 7.92282e+28 9.18963e+27 4.39805e+12 96 45.6914 42 0.240402
1060 7.92282e+28 8.76398e+27 3.51844e+13 96 46.6533 45 0.238879
1061 7.92282e+28 8.17057e+27 1.40737e+14 96 47.1133 47 0.244039
1062 7.92282e+28 8.52764e+27 4.39805e+12 96 46.2148 42 0.241935
1063 7.92282e+28 9.46245e+27 1.1259e+15 96 48.0137 50 0.247132
1064 7.92282e+28 9.49144e+27 1.40737e+14 96 47.21 47 0.239199
1065 7.92282e+28 8.81138e+27 3.51844e+13 96 46.1084 45 0.2451
1066 7.92282e+28 8.21374e+27 1.75922e+13 96 45.6514 44 0.238359
1067 7.92282e+28 8.64072e+27 8.79609e+12 96 45.9658 43 0.234748
1068 7.92282e+28 8.77104e+27 1.09951e+12 96 45.1992 40 0.239263
1069 7.92282e+28 7.94044e+27 1.75922e+13 96 45.7168 44 0.23353
1070 7.92282e+28 8.36506e+27 2.19902e+12 96 44.5732 41 0.238314
1071 7.92282e+28 7.15382e+27 4.39805e+12 96 44.7471 42 0.236964
1072 7.92282e+28 8.48199e+27 7.03687e+13 96 46.8232 46 0.248986
1073 7.92282e+28 8.82491e+27 7.03687e+13 96 46.5088 46 0.242983
1074 7.92282e+28 9.28428e+27 5.6295e+14 96 47.1855 49 0.252913
1075 7.92282e+28 8.57932e+27 3.51844e+13 96 47.0234 45 0.247612
1076 7.92282e+28 9.99358e+27 1.40737e+14 96 47.584 47 0.246677
1077 7.92282e+28 9.24167e+27 1.40737e+14 96 48.042 47 0.249272
1078 7.92282e+28 9.03683e+27 8.79609e+12 96 46.9492 43 0.247818
1079 7.92282e+28 9.87516e+27 7.03687e+13 96 47.2139 46 0.2473
1080 7.92282e+28 1.08736e+28 5.6295e+14 96 48.2725 49 0.246744
1081 7.92282e+28 1.01131e+28 7.03687e+13 96 48.1152 46 0.24422
1082 7.92282e+28 8.77102e+27 1.75922e+13 96 46.2539 44 0.243676
1083 7.92282e+28 8.90669e+27 3.51844e+13 96 47.0908 45 0.241557
1084 7.92282e+28 9.61034e+27 7.03687e+13 96 46.4014 46 0.239966
1085 7.92282e+28 8.59538e+27 2.81475e+14 96 47.6777 48 0.250218
1086 7.92282e+28 1.0528e+28 3.51844e+13 96 46.8682 45 0.244239
1087 7.92282e+28 9.97242e+27 5.6295e+14 96 48.0234 49 0.260744
1088 7.92282e+28 8.68862e+27 1.1259e+15 96 48.6084 50 0.256795
1089 7.92282e+28 9.28534e+27 5.6295e+14 96 47.793 49 0.254769
1090 7.92282e+28 8.65171e+27 1.1259e+15 96 47.7725 50 0.243892
1091 7.92282e+28 9.97399e+27 5.6295e+14 96 48.0459 49 0.24357
1092 7.92282e+28 8.41831e+27 4.39805e+12 96 46.0811 42 0.23916
1093 7.92282e+28 7.95155e+27 1.1259e+15 96 48.0234 50 0.241909
1094 7.92282e+28 8.45597e+27 1.40737e+14 96 47.8457 47 0.25354
1095 7.92282e+28 8.53663e+27 5.6295e+14 96 47.8232 49 0.254549
1096 7.92282e+28 7.97605e+27 2.81475e+14 96 47.2666 48 0.248687
1097 7.92282e+28 9.55511e+27 3.51844e+13 96 47.3975 45 0.256557
1098 7.92282e+28 9.51006e+27 7.03687e+13 96 47.3223 46 0.243663
1099 7.92282e+28 8.81023e+27 2.81475e+14 96 47.252 48 0.248973
1100 7.92282e+28 9.36272e+27 2.2518e+15 96 48.9775 51 0.261368
1101 7.92282e+28 1.0068e+28 1.80144e+16 96 50.168 54 0.263157
1102 7.92282e+28 9.96012e+27 1.1259e+15 96 49.0508 50 0.258498
1103 7.92282e+28 1.08518e+28 2.81475e+14 96 48.3252 48 0.253241
1104 7.92282e+28 9.7308e+27 2.81475e+14 96 48.6289 48 0.260079
1105 7.92282e+28 1.0663e+28 2.2518e+15 96 49.6055 51 0.253747
1106 7.92282e+28 1.02243e+28 1.80144e+16 96 50.5449 54 0.262917
1107 7.92282e+28 1.16331e+28 1.80144e+16 96 50.2236 54 0.255509
1108 7.92282e+28 1.0349e+28 2.2518e+15 96 49.2861 51 0.25889
1109 7.92282e+28 1.11203e+28 4.5036e+15 96 49.9873 52 0.257199
1110 7.92282e+28 1.11124e+28 1.1259e+15 96 48.7383 50 0.255851
1111 7.92282e+28 1.02051e+28 2.2518e+15 96 49.125 51 0.249076
1112 7.92282e+28 1.08831e+28 9.0072e+15 96 50.6328 53 0.26252
1113 7.92282e+28 1.09256e+28 4.5036e+15 96 49.3438 52 0.259362
1114 7.92282e+28 1.1727e+28 1.80144e+16 96 49.8926 54 0.262506
1115 7.92282e+28 1.18835e+28 1.80144e+16 96 50.6338 54 0.25664
1116 7.92282e+28 1.14373e+28 1.80144e+16 96 50.5947 54 0.25823
1117 7.92282e+28 1.15148e+28 7.20576e+16 96 51.126 56 0.256402
1118 7.92282e+28 1.25784e+28 3.60288e+16 96 49.9238 55 0.258686
1119 7.92282e+28 1.26554e+28 2.30584e+18 96 53.373 61 0.274381
1120 7.92282e+28 1.164e+28 2.8823e+17 96 51.9258 58 0.288224
1121 7.92282e+28 1.25818e+28 1.44115e+17 96 52.5498 57 0.274009
1122 7.92282e+28 1.29634e+28 1.80144e+16 96 50.5186 54 0.266635
1123 7.92282e+28 1.21747e+28 4.5036e+15 96 50.1221 52 0.261687
1124 7.92282e+28 1.23814e+28 3.60288e+16 96 50.9854 55 0.268322
1125 7.92282e+28 1.15743e+28 3.60288e+16 96 50.8125 55 0.255295
1126 7.92282e+28 1.17341e+28 5.76461e+17 96 52.8867 59 0.276043
1127 7.92282e+28 1.12607e+28 1.80144e+16 96 50.3623 54 0.255451
1128 7.92282e+28 1.21941e+28 4.5036e+15 96 50.832 52 0.275646
1129 7.92282e+28 1.11422e+28 4.5036e+15 96 49.7656 52 0.264797
1130 7.92282e+28 1.23224e+28 9.0072e+15 96 49.9844 53 0.255993
1131 7.92282e+28 1.14852e+28 3.60288e+16 96 50.583 55 0.258242
1132 7.92282e+28 1.19223e+28 5.6295e+14 96 49.8418 49 0.257598
1133 7.92282e+28 1.29662e+28 4.5036e+15 96 49.3447 52 0.262531
1134 7.92282e+28 1.26504e+28 3.60288e+16 96 51.3369 55 0.260643
1135 3.16913e+29 1.44404e+28 2.30584e+18 98 53.1807 61 0.274331
1136 7.92282e+28 1.17506e+28 1.44115e+17 96 51.5986 57 0.27551
1137 7.92282e+28 1.31043e+28 7.20576e+16 96 51.9883 56 0.267671
1138 7.92282e+28 1.18771e+28 7.20576e+16 96 51.3154 56 0.261386
1139 7.92282e+28 1.30546e+28 1.44115e+17 96 51.7139 57 0.266577
1140 7.92282e+28 1.39853e+28 1.15292e+18 96 52.998 60 0.271499
1141 7.92282e+28 1.2237e+28 1.44115e+17 96 51.2998 57 0.263932
1142 7.92282e+28 1.18583e+28 2.30584e+18 96 52.8506 61 0.268087
1143 7.92282e+28 1.34125e+28 1.15292e+18 96 52.458 60 0.277367
1144 7.92282e+28 1.24144e+28 7.20576e+16 96 51.8115 56 0.2674
1145 7.92282e+28 1.36807e+28 1.44115e+17 96 51.8838 57 0.269718
1146 7.92282e+28 1.4023e+28 1.44115e+17 96 52.2764 57 0.264188
1147 7.92282e+28 1.25123e+28 1.44115e+17 96 51.5586 57 0.271869
1148 7.92282e+28 1.21996e+28 3.60288e+16 96 51.4121 55 0.260164
1149 7.92282e+28 1.20511e+28 4.61169e+18 96 53.3154 62 0.279914
1150 7.92282e+28 1.23171e+28 7.20576e+16 96 51.3936 56 0.26633
1151 7.92282e+28 1.43389e+28 1.15292e+18 96 53.376 60 0.281293
1152 7.92282e+28 1.30732e+28 3.60288e+16 96 50.6514 55 0.26215
1153 7.92282e+28 1.42152e+28 9.0072e+15 96 51.4385 53 0.263619
1154 7.92282e+28 1.28359e+28 2.30584e+18 96 53.0166 61 0.273759
1155 7.92282e+28 1.34609e+28 7.20576e+16 96 51.0273 56 0.258699
1156 3.16913e+29 1.49496e+28 3.60288e+16 98 51.7246 55 0.263741
1157 7.92282e+28 1.4111e+28 4.5036e+15 96 51.1191 52 0.25905
1158 7.92282e+28 1.3843e+28 1.44115e+17 96 52.0254 57 0.265681
1159 7.92282e+28 1.37367e+28 2.8823e+17 96 51.9258 58 0.264159
1160 7.92282e+28 1.55363e+28 1.15292e+18 96 52.9844 60 0.270291
1161 7.92282e+28 1.48248e+28 7.20576e+16 96 52.626 56 0.275212
1162 7.92282e+28 1.46376e+28 3.60288e+16 96 51.2666 55 0.259999
1163 7.92282e+28 1.31683e+28 2.8823e+17 96 52.5908 58 0.272543
1164 7.92282e+28 1.43055e+28 4.61169e+18 96 53.4658 62 0.270049
1165 7.92282e+28 1.4415e+28 1.15292e+18 96 53.3232 60 0.273185
1166 7.92282e+28 1.48114e+28 2.8823e+17 96 52.6836 58 0.269755
1167 7.92282e+28 1.5315e+28 1.15292e+18 96 53.5234 60 0.27065
1168 7.92282e+28 1.52019e+28 4.61169e+18 96 53.6289 62 0.276469
1169 7.92282e+28 1.34159e+28 2.30584e+18 96 52.8506 61 0.272628
1170 7.92282e+28 1.49551e+28 2.30584e+18 96 54.1084 61 0.278267
1171 7.92282e+28 1.33326e+28 2.8823e+17 96 52.0371 58 0.265496
1172 7.92282e+28 1.43617e+28 4.61169e+18 96 53.8545 62 0.275662
1173 7.92282e+28 1.57409e+28 1.15292e+18 96 53.0938 60 0.269364
1174 3.16913e+29 1.56561e+28 1.84467e+19 98 55.4307 64 0.285644
1175 7.92282e+28 1.47152e+28 5.76461e+17 96 53.5371 59 0.271522
1176 7.92282e+28 1.46046e+28 5.76461e+17 96 53.3262 59 0.272344
1177 7.92282e+28 1.39151e+28 2.30584e+18 96 53.5918 61 0.276152
1178 7.92282e+28 1.40618e+28 1.15292e+18 96 53.1709 60 0.278066
1179 7.92282e+28 1.40471e+28 4.61169e+18 96 53.4727 62 0.278628
1180 7.92282e+28 1.43772e+28 2.8823e+17 96 52.2559 58 0.264158
1181 7.92282e+28 1.52009e+28 4.61169e+18 96 54.1611 62 0.276888
1182 7.92282e+28 1.24029e+28 7.20576e+16 96 51.3467 56 0.265699
1183 1.58456e+29 1.41007e+28 2.8823e+17 97 52.7773 58 0.274769
1184 7.92282e+28 1.37189e+28 1.44115e+17 96 51.9551 57 0.274175
1185 7.92282e+28 1.44842e+28 2.8823e+17 96 52.4697 58 0.292657
1186 7.92282e+28 1.40272e+28 4.61169e+18 96 54.2314 62 0.279056
1187 7.92282e+28 1.39641e+28 1.15292e+18 96 52.8613 60 0.290343
1188 7.92282e+28 1.56537e+28 2.8823e+17 96 52.2295 58 0.280899
1189 7.92282e+28 1.30392e+28 1.44115e+17 96 52.4229 57 0.273157
1190 7.92282e+28 1.45759e+28 5.76461e+17 96 52.4785 59 0.279805
1191 1.58456e+29 1.39809e+28 2.30584e+18 97 53.5264 61 0.279122
1192 7.92282e+28 1.51487e+28 4.61169e+18 96 53.7168 62 0.284569
1193 1.58456e+29 1.74857e+28 7.3787e+19 97 55.6211 66 0.292289
1194 7.92282e+28 1.669e+28 1.84467e+19 96 54.0459 64 0.27608
1195 7.92282e+28 1.66517e+28 3.68935e+19 96 54.749 65 0.285764
1196 7.92282e+28 1.68486e+28 2.30584e+18 96 53.2734 61 0.280878
1197 7.92282e+28 1.72455e+28 7.3787e+19 96 54.4199 66 0.286555
1198 7.92282e+28 1.74497e+28 9.22337e+18 96 54.4229 63 0.291762
1199 7.92282e+28 1.77304e+28 2.95148e+20 96 55.2207 68 0.301722
1200 3.16913e+29 1.79695e+28 2.95148e+20 98 55.1875 68 0.28762
1201 7.92282e+28 1.90255e+28 7.3787e+19 96 55.041 66 0.287334
1202 7.92282e+28 1.80584e+28 1.15292e+18 96 53.6465 60 0.28005
1203 7.92282e+28 1.76363e+28 7.3787e+19 96 55.2812 66 0.289162
1204 7.92282e+28 1.72065e+28 7.3787e+19 96 55.3604 66 0.28912
1205 3.16913e+29 1.81432e+28 3.68935e+19 98 55.1025 65 0.28532
1206 7.92282e+28 1.7729e+28 9.22337e+18 96 54.3506 63 0.277999
1207 7.92282e+28 1.77025e+28 7.3787e+19 96 55.0869 66 0.321035
1208 7.92282e+28 1.64905e+28 1.47574e+20 96 55.6836 67 0.29383
1209 7.92282e+28 1.714e+28 1.47574e+20 96 55.8145 67 0.283021
1210 7.92282e+28 1.76995e+28 9.22337e+18 96 54.0293 63 0.279615
1211 7.92282e+28 1.83318e+28 9.22337e+18 96 55.2656 63 0.277092
1212 7.92282e+28 1.85346e+28 5.90296e+20 96 56.167 69 0.3015
1213 7.92282e+28 1.79561e+28 7.3787e+19 96 54.9824 66 0.286709
1214 7.92282e+28 1.74909e+28 3.68935e+19 96 55.207 65 0.289823
1215 7.92282e+28 1.61123e+28 2.8823e+17 96 53.2705 58 0.284795
1216 7.92282e+28 1.65921e+28 9.22337e+18 96 54.3945 63 0.280905
1217 7.92282e+28 1.6987e+28 1.47574e+20 96 55.5254 67 0.288788
1218 7.92282e+28 1.8835e+28 9.22337e+18 96 54.4414 63 0.27252
1219 7.92282e+28 1.83068e+28 5.90296e+20 96 56.2539 69 0.292023
1220 7.92282e+28 1.92711e+28 1.18059e+21 96 57.4668 70 0.298224
1221 7.92282e+28 1.8498e+28 1.47574e+20 96 55.2979 67 0.294964
1222 7.92282e+28 1.91428e+28 3.68935e+19 96 55.1289 65 0.287881
1223 7.92282e+28 1.8512e+28 1.47574e+20 96 55.2373 67 0.287166
1224 7.92282e+28 1.72581e+28 9.22337e+18 96 54.9531 63 0.283858
1225 7.92282e+28 1.70806e+28 4.61169e+18 96 54.5479 62 0.2872
1226 7.92282e+28 1.67078e+28 1.47574e+20 96 54.9668 67 0.284542
1227 7.92282e+28 1.65604e+28 1.15292e+18 96 52.499 60 0.281182
1228 7.92282e+28 1.65472e+28 7.3787e+19 96 55.9287 66 0.292352
1229 7.92282e+28 1.8284e+28 9.22337e+18 96 54.7588 63 0.289675
1230 7.92282e+28 1.75343e+28 1.84467e+19 96 55.0928 64 0.289166
1231 7.92282e+28 1.89594e+28 5.76461e+17 96 53.9404 59 0.281913
1232 7.92282e+28 1.82165e+28 1.84467e+19 96 54.5664 64 0.290893
1233 7.92282e+28 1.76424e+28 3.68935e+19 96 54.5693 65 0.297029
1234 7.92282e+28 1.92028e+28 2.95148e+20 96 55.9824 68 0.289407
1235 7.92282e+28 1.87177e+28 1.47574e+20 96 55.9336 67 0.285324
1236 7.92282e+28 1.79973e+28 7.3787e+19 96 54.4365 66 0.298694
1237 7.92282e+28 1.87007e+28 1.18059e+21 96 56.2939 70 0.284901
1238 7.92282e+28 1.91382e+28 5.90296e+20 96 55.6523 69 0.294893
1239 7.92282e+28 1.94853e+28 2.95148e+20 96 55.9502 68 0.294909
1240 7.92282e+28 2.03766e+28 2.95148e+20 96 56.0869 68 0.299109
1241 7.92282e+28 1.98239e+28 2.95148e+20 96 56.835 68 0.290811
1242 7.92282e+28 1.8468e+28 1.47574e+20 96 54.9463 67 0.303986
1243 7.92282e+28 1.98206e+28 2.36118e+21 96 57.0137 71 0.299659
1244 7.92282e+28 1.97885e+28 5.90296e+20 96 56.0996 69 0.285066
1245 7.92282e+28 1.793e+28 1.47574e+20 96 55.292 67 0.294519
1246 7.92282e+28 1.96766e+28 7.3787e+19 96 55.4258 66 0.282084
1247 7.92282e+28 1.9558e+28 5.90296e+20 96 56.1367 69 0.296566
1248 7.92282e+28 1.84287e+28 2.95148e+20 96 56.1582 68 0.300324
1249 7.92282e+28 1.96939e+28 3.68935e+19 96 55.0811 65 0.282509
1250 7.92282e+28 1.92736e+28 1.18059e+21 96 55.5547 70 0.281416
1251 7.92282e+28 1.8042e+28 2.95148e+20 96 55.375 68 0.28542
1252 7.92282e+28 1.99572e+28 7.3787e+19 96 55.4092 66 0.300209
1253 7.92282e+28 1.88578e+28 4.61169e+18 96 54.5645 62 0.297238
1254 7.92282e+28 1.88933e+28 1.47574e+20 96 55.5166 67 0.304263
1255 7.92282e+28 1.89348e+28 1.47574e+20 96 55.6934 67 0.280215
1256 7.92282e+28 1.78652e+28 4.61169e+18 96 53.9404 62 0.270929
1257 7.92282e+28 2.01979e+28 5.90296e+20 96 56.4414 69 0.283743
1258 7.92282e+28 1.93205e+28 4.72237e+21 96 56.4756 72 0.303008
1259 7.92282e+28 1.98775e+28 4.72237e+21 96 57.2744 72 0.307503
1260 7.92282e+28 2.00776e+28 5.90296e+20 96 56.1113 69 0.291539
1261 7.92282e+28 2.07088e+28 5.90296e+20 96 56.5645 69 0.297372
1262 7.92282e+28 1.928e+28 7.3787e+19 96 55.5273 66 0.298932
1263 7.92282e+28 2.05779e+28 2.36118e+21 96 57.3867 71 0.292187
1264 3.16913e+29 1.99978e+28 1.18059e+21 98 56.4453 70 0.284775
1265 7.92282e+28 1.9069e+28 7.3787e+19 96 55.1318 66 0.294766
1266 7.92282e+28 1.96273e+28 2.30584e+18 96 54.3984 61 0.296958
1267 7.92282e+28 1.82423e+28 7.3787e+19 96 54.4678 66 0.289992
1268 7.92282e+28 1.9488e+28 2.95148e+20 96 55.7637 68 0.286499
1269 7.92282e+28 1.99687e+28 3.68935e+19 96 55.582 65 0.29113
1270 1.58456e+29 1.93265e+28 9.22337e+18 97 54.2705 63 0.284367
1271 1.58456e+29 1.89865e+28 2.95148e+20 97 55.9951 68 0.293787
1272 7.92282e+28 1.88644e+28 1.47574e+20 96 55.1406 67 0.296554
1273 7.92282e+28 1.84628e+28 1.18059e+21 96 55.3408 70 0.281398
1274 7.92282e+28 1.99021e+28 2.95148e+20 96 55.4355 68 0.304145
1275 7.92282e+28 2.09808e+28 2.36118e+21 96 56.7734 71 0.287454
1276 7.92282e+28 2.01726e+28 1.18059e+21 96 56.834 70 0.293668
1277 7.92282e+28 2.06534e+28 2.36118e+21 96 55.5938 71 0.28486
1278 7.92282e+28 2.04842e+28 1.47574e+20 96 56.2168 67 0.297168
1279 7.92282e+28 2.11737e+28 2.36118e+21 96 57.1113 71 0.293527
1280 7.92282e+28 2.18639e+28 2.36118e+21 96 56.2891 71 0.284854
1281 7.92282e+28 2.06923e+28 4.72237e+21 96 57.0449 72 0.297818
1282 7.92282e+28 2.06509e+28 2.36118e+21 96 56.9619 71 0.299408
1283 7.92282e+28 2.10855e+28 5.90296e+20 96 55.6367 69 0.291377
1284 7.92282e+28 2.12452e+28 1.18059e+21 96 56.8428 70 0.29477
1285 7.92282e+28 2.1585e+28 1.18059e+21 96 57.2822 70 0.292506
1286 7.92282e+28 2.01049e+28 5.90296e+20 96 56.4629 69 0.302035
1287 1.58456e+29 2.02415e+28 1.18059e+21 97 55.7178 70 0.293356
1288 7.92282e+28 2.15344e+28 1.18059e+21 96 57.0234 70 0.287755
1289 7.92282e+28 2.00393e+28 2.36118e+21 96 56.7236 71 0.291496
1290 7.92282e+28 2.08262e+28 4.72237e+21 96 57.1758 72 0.28983
1291 7.92282e+28 2.11977e+28 1.47574e+20 96 55.6689 67 0.291051
1292 1.58456e+29 2.09602e+28 5.90296e+20 97 55.8291 69 0.292733
1293 7.92282e+28 1.88731e+28 7.3787e+19 96 55.668 66 0.292532
1294 7.92282e+28 2.03062e+28 2.95148e+20 96 55.792 68 0.295437
1295 1.58456e+29 2.08319e+28 1.47574e+20 97 55.7471 67 0.282678
1296 7.92282e+28 2.09603e+28 7.3787e+19 96 55.7197 66 0.285673
1297 7.92282e+28 2.08439e+28 2.95148e+20 96 56.2158 68 0.295106
1298 7.92282e+28 1.88886e+28 5.90296e+20 96 56.4639 69 0.289876
1299 7.92282e+28 1.97929e+28 2.95148e+20 96 56.0518 68 0.293247
1300 7.92282e+28 1.95019e+28 2.95148e+20 96 55.4785 68 0.285643
1301 7.92282e+28 1.96487e+28 1.47574e+20 96 55.4434 67 0.286144
1302 7.92282e+28 2.10971e+28 2.36118e+21 96 57.2021 71 0.296305
1303 7.92282e+28 2.01824e+28 5.90296e+20 96 55.3643 69 0.28446
1304 7.92282e+28 1.9638e+28 4.72237e+21 96 56.9951 72 0.296827
1305 7.92282e+28 2.10322e+28 1.47574e+20 96 56.2598 67 0.297245
1306 7.92282e+28 1.87302e+28 1.15292e+18 96 54.3125 60 0.283166
1307 7.92282e+28 2.0354e+28 5.90296e+20 96 55.5781 69 0.293628
1308 7.92282e+28 2.02179e+28 5.90296e+20 96 56.6621 69 0.293767
1309 7.92282e+28 2.01195e+28 5.90296e+20 96 54.6035 69 0.280362
1310 7.92282e+28 2.12392e+28 2.95148e+20 96 56.042 68 0.285229
1311 7.92282e+28 2.11208e+28 2.36118e+21 96 56.1514 71 0.288831
1312 7.92282e+28 2.02105e+28 2.95148e+20 96 55.5381 68 0.279008
1313 7.92282e+28 2.04864e+28 1.47574e+20 96 55.8008 67 0.285797
1314 7.92282e+28 1.94969e+28 4.61169e+18 96 54.3281 62 0.27716
1315 7.92282e+28 2.10417e+28 2.36118e+21 96 56.5996 71 0.283984
1316 7.92282e+28 2.06147e+28 2.95148e+20 96 55.4209 68 0.279757
1317 7.92282e+28 2.17928e+28 4.72237e+21 96 56.5342 72 0.292246
1318 1.58456e+29 2.03602e+28 4.72237e+21 97 58.0234 72 0.291659
1319 7.92282e+28 2.09473e+28 5.90296e+20 96 56.4697 69 0.291427
1320 7.92282e+28 2.14714e+28 2.36118e+21 96 56.6592 71 0.291662
1321 7.92282e+28 2.23661e+28 2.36118e+21 96 56.8428 71 0.289106
1322 7.92282e+28 1.93831e+28 9.22337e+18 96 55.0498 63 0.279919
1323 7.92282e+28 1.98134e+28 4.61169e+18 96 54.2217 62 0.283066
1324 7.92282e+28 1.88057e+28 9.22337e+18 96 54.6104 63 0.27857
1325 7.92282e+28 2.02164e+28 7.3787e+19 96 55.2334 66 0.278277
1326 7.92282e+28 1.9169e+28 1.84467e+19 96 55.1357 64 0.286599
1327 7.92282e+28 2.00724e+28 1.84467e+19 96 55.1152 64 0.279861
1328 7.92282e+28 1.98595e+28 2.36118e+21 96 55.7881 71 0.280783
1329 7.92282e+28 2.00495e+28 5.90296e+20 96 55.4766 69 0.286759
1330 7.92282e+28 1.95806e+28 1.18059e+21 96 56.2246 70 0.284349
1331 7.92282e+28 1.96677e+28 1.47574e+20 96 54.5264 67 0.283462
1332 3.16913e+29 2.21988e+28 1.18059e+21 98 57.1523 70 0.289501
1333 7.92282e+28 1.93025e+28 1.18059e+21 96 55.7773 70 0.284227
1334 7.92282e+28 2.01685e+28 3.68935e+19 96 55.3262 65 0.2829
1335 1.58456e+29 1.99912e+28 2.95148e+20 97 55.7412 68 0.310586
1336 1.58456e+29 2.08807e+28 3.68935e+19 97 53.6533 65 0.277306
1337 7.92282e+28 2.1019e+28 2.95148e+20 96 55.5576 68 0.294322
1338 7.92282e+28 2.05412e+28 5.90296e+20 96 55.7354 69 0.285936
1339 7.92282e+28 2.09585e+28 2.36118e+21 96 56.3672 71 0.296208
1340 7.92282e+28 2.0606e+28 1.84467e+19 96 55.1729 64 0.304128
1341 7.92282e+28 2.1286e+28 2.36118e+21 96 57.5928 71 0.301294
1342 7.92282e+28 2.09925e+28 1.18059e+21 96 56.3496 70 0.297719
1343 7.92282e+28 1.92167e+28 1.18059e+21 96 56.1602 70 0.299227
1344 7.92282e+28 2.01506e+28 2.95148e+20 96 56.4541 68 0.296998
1345 3.16913e+29 2.05833e+28 4.72237e+21 98 57.0176 72 0.300111
1346 7.92282e+28 2.08136e+28 2.36118e+21 96 57.2637 71 0.287252
1347 7.92282e+28 2.19726e+28 4.72237e+21 96 57.5 72 0.291855
1348 1.58456e+29 2.11963e+28 1.47574e+20 97 55.3037 67 0.282593
1349 7.92282e+28 2.14103e+28 2.36118e+21 96 56.0908 71 0.291781
1350 7.92282e+28 1.8944e+28 1.47574e+20 96 55.2158 67 0.280603
1351 7.92282e+28 2.15793e+28 5.90296e+20 96 56.0371 69 0.290266
1352 7.92282e+28 2.11289e+28 2.36118e+21 96 56.7949 71 0.292836
1353 7.92282e+28 2.02604e+28 1.47574e+20 96 55.2842 67 0.276564
1354 7.92282e+28 2.04206e+28 4.61169e+18 96 54.8574 62 0.275537
1355 7.92282e+28 2.01113e+28 2.36118e+21 96 56.6982 71 0.285875
1356 7.92282e+28 2.11462e+28 4.72237e+21 96 57.0107 72 0.288745
1357 7.92282e+28 2.09479e+28 1.18059e+21 96 57.3682 70 0.287325
1358 7.92282e+28 2.00904e+28 4.72237e+21 96 56.8438 72 0.291739
1359 7.92282e+28 2.16037e+28 1.18059e+21 96 56.2754 70 0.286512
1360 7.92282e+28 2.1499e+28 9.44473e+21 96 57.9023 73 0.291192
1361 7.92282e+28 2.22204e+28 9.44473e+21 96 57.123 73 0.307115
1362 7.92282e+28 2.23394e+28 2.36118e+21 96 56.7373 71 0.286294
1363 7.92282e+28 2.10983e+28 1.18059e+21 96 55.9482 70 0.293543
1364 3.16913e+29 2.15044e+28 1.18059e+21 98 56.8037 70 0.310792
1365 7.92282e+28 2.20511e+28 2.36118e+21 96 57.127 71 0.289006
1366 7.92282e+28 2.24687e+28 2.95148e+20 96 56.2227 68 0.292621
1367 7.92282e+28 2.17368e+28 2.95148e+20 96 55.9316 68 0.291004
1368 7.92282e+28 2.031e+28 2.95148e+20 96 55.4414 68 0.296121
1369 3.16913e+29 2.09118e+28 1.47574e+20 98 55.6943 67 0.295538
1370 7.92282e+28 2.16724e+28 4.72237e+21 96 56.957 72 0.307557
1371 7.92282e+28 2.1286e+28 1.18059e+21 96 56.8418 70 0.295774
1372 7.92282e+28 2.03735e+28 1.47574e+20 96 55.5391 67 0.304508
1373 7.92282e+28 2.10164e+28 1.84467e+19 96 55.21 64 0.286703
1374 7.92282e+28 2.07575e+28 3.68935e+19 96 55.29 65 0.285873
1375 7.92282e+28 2.01958e+28 4.72237e+21 96 57.3877 72 0.29387
1376 1.58456e+29 2.13721e+28 1.47574e+20 97 56.1514 67 0.288047
1377 7.92282e+28 2.10928e+28 1.18059e+21 96 56.1455 70 0.295149
1378 7.92282e+28 1.96096e+28 1.47574e+20 96 55.2217 67 0.284249
1379 7.92282e+28 2.13649e+28 4.72237e+21 96 57.2422 72 0.297057
1380 7.92282e+28 2.09176e+28 5.90296e+20 96 56.5352 69 0.292575
1381 7.92282e+28 2.16184e+28 5.90296e+20 96 56.8105 69 0.301327
1382 7.92282e+28 2.07685e+28 2.95148e+20 96 55.3135 68 0.291473
1383 7.92282e+28 2.12431e+28 9.44473e+21 96 57.8154 73 0.304619
1384 7.92282e+28 2.09763e+28 2.36118e+21 96 56.6055 71 0.293041
1385 7.92282e+28 2.21034e+28 1.18059e+21 96 56.7646 70 0.28577
1386 7.92282e+28 2.19312e+28 9.44473e+21 96 57.127 73 0.286949
1387 7.92282e+28 2.13455e+28 1.18059e+21 96 56.3408 70 0.290217
1388 1.58456e+29 2.09063e+28 7.3787e+19 97 54.9814 66 0.282994
1389 7.92282e+28 2.13848e+28 2.36118e+21 96 56.1748 71 0.302639
1390 7.92282e+28 2.18632e+28 2.36118e+21 96 57.2285 71 0.292915
1391 7.92282e+28 2.24636e+28 9.44473e+21 96 56.8408 73 0.295908
1392 7.92282e+28 2.00084e+28 1.47574e+20 96 55.3496 67 0.292239
1393 3.16913e+29 2.24186e+28 9.44473e+21 98 56.8008 73 0.288921
1394 7.92282e+28 2.20124e+28 1.47574e+20 96 55.4639 67 0.299432
1395 1.58456e+29 2.23634e+28 4.72237e+21 97 57.5918 72 0.305883
1396 7.92282e+28 2.27972e+28 4.72237e+21 96 56.9199 72 0.290107
1397 7.92282e+28 2.28995e+28 4.72237e+21 96 57.1416 72 0.302783
1398 7.92282e+28 2.32438e+28 1.18059e+21 96 56.2119 70 0.302383
1399 7.92282e+28 2.11064e+28 2.36118e+21 96 56.8877 71 0.290875
1400 7.92282e+28 2.06175e+28 5.90296e+20 96 55.3311 69 0.279376
1401 7.92282e+28 2.12746e+28 1.18059e+21 96 56.3682 70 0.293993
1402 7.92282e+28 2.23445e+28 5.90296e+20 96 56.9922 69 0.289479
1403 7.92282e+28 2.22235e+28 2.36118e+21 96 56.4248 71 0.298174
1404 7.92282e+28 2.2374e+28 9.44473e+21 96 56.4609 73 0.28347
1405 7.92282e+28 2.12818e+28 4.72237e+21 96 56.9053 72 0.309634
1406 7.92282e+28 2.34402e+28 4.72237e+21 96 57.5205 72 0.288579
1407 7.92282e+28 2.30736e+28 4.72237e+21 96 57.2119 72 0.293897
1408 7.92282e+28 2.24243e+28 4.72237e+21 96 57.2646 72 0.296976
1409 7.92282e+28 2.27498e+28 2.36118e+21 96 56.4883 71 0.307534
1410 7.92282e+28 2.25344e+28 4.72237e+21 96 57.0566 72 0.288598
1411 7.92282e+28 2.24173e+28 5.90296e+20 96 57.0166 69 0.300867
1412 3.16913e+29 2.34891e+28 9.44473e+21 98 57.8076 73 0.302881
1413 7.92282e+28 2.36546e+28 1.88895e+22 96 57.7061 74 0.2932
1414 7.92282e+28 2.36371e+28 1.88895e+22 96 57.3887 74 0.298299
1415 7.92282e+28 2.31924e+28 2.36118e+21 96 56.8457 71 0.292409
1416 3.16913e+29 2.21984e+28 9.44473e+21 98 57.041 73 0.298627
1417 7.92282e+28 2.25379e+28 5.90296e+20 96 56.0088 69 0.293536
1418 7.92282e+28 2.16537e+28 9.44473e+21 96 57.1123 73 0.297353
1419 7.92282e+28 2.2431e+28 1.88895e+22 96 58.0576 74 0.295024
1420 7.92282e+28 2.38473e+28 4.72237e+21 96 56.9541 72 0.283196
1421 7.92282e+28 2.32496e+28 3.77789e+22 96 58.1943 75 0.296026
1422 7.92282e+28 2.42042e+28 4.72237e+21 96 57.0889 72 0.288875
1423 3.16913e+29 2.22486e+28 9.44473e+21 98 58.0176 73 0.302912
1424 1.58456e+29 2.425e+28 5.90296e+20 97 56.2334 69 0.292182
1425 7.92282e+28 2.38008e+28 3.77789e+22 96 58.1777 75 0.29687
1426 7.92282e+28 2.34637e+28 9.44473e+21 96 57.5303 73 0.301625
1427 7.92282e+28 2.46681e+28 4.72237e+21 96 56.3018 72 0.288797
1428 7.92282e+28 2.24353e+28 9.44473e+21 96 57.3125 73 0.287201
1429 7.92282e+28 2.29377e+28 4.72237e+21 96 56.4717 72 0.30076
1430 7.92282e+28 2.39524e+28 4.72237e+21 96 57.3242 72 0.295393
1431 7.92282e+28 2.26131e+28 9.44473e+21 96 57.8672 73 0.306767
1432 7.92282e+28 2.36983e+28 1.18059e+21 96 56.1211 70 0.288755
1433 7.92282e+28 2.16145e+28 5.90296e+20 96 56.1045 69 0.283805
1434 7.92282e+28 2.33285e+28 2.36118e+21 96 57.1709 71 0.293395
1435 7.92282e+28 2.24694e+28 4.72237e+21 96 57.3682 72 0.295449
1436 3.16913e+29 2.28668e+28 4.72237e+21 98 57.4932 72 0.295297
1437 7.92282e+28 2.53875e+28 9.44473e+21 96 56.6865 73 0.291084
1438 7.92282e+28 2.33494e+28 9.44473e+21 96 57.4385 73 0.298272
1439 1.58456e+29 2.47225e+28 1.88895e+22 97 58.4072 74 0.307314
1440 7.92282e+28 2.42242e+28 9.44473e+21 96 57.5596 73 0.290959
1441 7.92282e+28 2.28535e+28 4.72237e+21 96 56.5537 72 0.295374
1442 7.92282e+28 2.34296e+28 1.88895e+22 96 58.5801 74 0.30765
1443 7.92282e+28 2.08759e+28 9.44473e+21 96 57.8584 73 0.307478
1444 7.92282e+28 2.33272e+28 1.88895e+22 96 58.1318 74 0.301895
1445 7.92282e+28 2.29021e+28 4.72237e+21 96 57.1348 72 0.30212
1446 7.92282e+28 2.18461e+28 4.72237e+21 96 56.1211 72 0.282253
1447 1.58456e+29 2.2919e+28 4.72237e+21 97 57.7793 72 0.289464
1448 3.16913e+29 2.32551e+28 4.72237e+21 98 57.4229 72 0.294856
1449 3.16913e+29 2.45803e+28 1.88895e+22 98 58.0137 74 0.300435
1450 7.92282e+28 2.44361e+28 9.44473e+21 96 58.0566 73 0.293436
1451 7.92282e+28 2.38421e+28 9.44473e+21 96 57.5801 73 0.291409
1452 7.92282e+28 2.35694e+28 4.72237e+21 96 56.9424 72 0.284441
1453 7.92282e+28 2.28657e+28 4.72237e+21 96 57.0459 72 0.290127
1454 7.92282e+28 2.2789e+28 4.72237e+21 96 57.3223 72 0.298831
1455 7.92282e+28 2.26531e+28 1.88895e+22 96 57.2295 74 0.290202
1456 7.92282e+28 2.23949e+28 4.72237e+21 96 57.6572 72 0.288696
1457 7.92282e+28 2.30153e+28 1.88895e+22 96 56.9209 74 0.293562
1458 7.92282e+28 2.3142e+28 1.88895e+22 96 58.5264 74 0.29677
1459 1.58456e+29 2.21952e+28 4.72237e+21 97 57.001 72 0.302599
1460 7.92282e+28 2.22155e+28 4.72237e+21 96 57.1191 72 0.297601
1461 7.92282e+28 2.34961e+28 9.44473e+21 96 58.3242 73 0.296857
1462 7.92282e+28 2.37342e+28 1.88895e+22 96 58.1816 74 0.304073
1463 7.92282e+28 2.32195e+28 9.44473e+21 96 58.1758 73 0.287414
1464 7.92282e+28 2.34436e+28 1.88895e+22 96 58.8818 74 0.298772
1465 7.92282e+28 2.39949e+28 9.44473e+21 96 57.9258 73 0.294127
1466 7.92282e+28 2.35032e+28 9.44473e+21 96 58.208 73 0.296171
1467 3.16913e+29 2.30558e+28 2.36118e+21 98 58.1709 71 0.295148
1468 7.92282e+28 2.37823e+28 9.44473e+21 96 58.6992 73 0.295852
1469 7.92282e+28 2.41888e+28 1.88895e+22 96 58.5547 74 0.291892
1470 1.58456e+29 2.3936e+28 9.44473e+21 97 57.7686 73 0.301532
1471 7.92282e+28 2.33071e+28 4.72237e+21 96 57.8818 72 0.301639
1472 7.92282e+28 2.44851e+28 3.77789e+22 96 59.3271 75 0.308534
1473 7.92282e+28 2.19633e+28 4.72237e+21 96 57.0439 72 0.306703
1474 7.92282e+28 2.3863e+28 1.88895e+22 96 58.2656 74 0.298516
1475 7.92282e+28 2.16608e+28 1.88895e+22 96 57.541 74 0.299396
1476 7.92282e+28 2.2562e+28 4.72237e+21 96 57.1025 72 0.301026
1477 7.92282e+28 2.36285e+28 1.88895e+22 96 58.6035 74 0.306094
1478 3.16913e+29 2.41033e+28 3.77789e+22 98 59.3281 75 0.316532
1479 7.92282e+28 2.51652e+28 7.55579e+22 96 58.8125 76 0.305405
1480 7.92282e+28 2.39249e+28 9.44473e+21 96 56.8818 73 0.292483
1481 7.92282e+28 2.35602e+28 4.72237e+21 96 57.04 72 0.308985
1482 1.58456e+29 2.44215e+28 1.88895e+22 97 57.5918 74 0.301038
1483 7.92282e+28 2.46645e+28 1.88895e+22 96 59.2412 74 0.301611
1484 7.92282e+28 2.35148e+28 1.88895e+22 96 58.0078 74 0.291253
1485 7.92282e+28 2.37845e+28 1.88895e+22 96 58.1377 74 0.294273
1486 7.92282e+28 2.30055e+28 1.88895e+22 96 58.0586 74 0.318385
1487 7.92282e+28 2.4579e+28 1.88895e+22 96 57.0293 74 0.283472
1488 7.92282e+28 2.33782e+28 4.72237e+21 96 58.3008 72 0.305514
1489 7.92282e+28 2.40445e+28 3.77789e+22 96 58.9033 75 0.306468
1490 7.92282e+28 2.34506e+28 1.88895e+22 96 58.2734 74 0.30408
1491 7.92282e+28 2.25096e+28 3.77789e+22 96 59.3027 75 0.298138
1492 7.92282e+28 2.3958e+28 2.36118e+21 96 57.0244 71 0.288094
1493 7.92282e+28 2.31237e+28 9.44473e+21 96 58.5049 73 0.300901
1494 7.92282e+28 2.28837e+28 5.90296e+20 96 57.0264 69 0.324139
1495 7.92282e+28 2.30409e+28 3.77789e+22 96 57.7822 75 0.294127
1496 3.16913e+29 2.34291e+28 1.88895e+22 98 57.9824 74 0.296601
1497 7.92282e+28 2.22329e+28 4.72237e+21 96 56.9453 72 0.307558
1498 7.92282e+28 2.35106e+28 3.77789e+22 96 59.0889 75 0.298765
1499 7.92282e+28 2.40458e+28 3.77789e+22 96 59.0205 75 0.300818
