223.535
0 110.903 7.91138 4 1 0.0380859 0 0.010438
1 435.151 10.528 4 2 0.0507812 0 0.0107925
2 435.053 8.83977 5 2 0.0390625 0 0.0107346
3 435.151 9.4427 5 2 0.0429688 0 0.0108287
4 435.149 8.67997 4 2 0.0332031 0 0.0106011
5 435.151 10.1067 5 2 0.0488281 0 0.0109607
6 109.829 8.8135 5 1 0.0390625 0 0.0113497
7 435.151 10.2142 5 2 0.046875 0 0.0112292
8 434.639 9.88339 5 2 0.0478516 0 0.0109092
9 434.412 9.30321 5 2 0.0410156 0 0.0110105
10 109.829 7.78069 5 1 0.0283203 0 0.0110403
11 434.639 10.4026 5 2 0.0517578 0 0.0110803
12 434.954 10.7817 5 2 0.0527344 0 0.0111265
13 435.117 9.29275 5 2 0.0400391 0 0.0113638
14 434.639 9.69232 5 2 0.0439453 0 0.0112742
15 434.954 12.1995 5 2 0.0615234 0 0.011424
16 110.903 9.59501 5 1 0.0429688 0 0.0112301
17 435.117 10.7785 6 2 0.0527344 0 0.011347
18 435.053 10.3025 6 2 0.0478516 0 0.0112291
19 434.954 11.3998 6 2 0.0585938 0 0.0112192
20 434.818 10.9049 5 2 0.0517578 0 0.0112047
21 435.127 11.1486 6 2 0.0537109 0 0.0112159
22 435.151 10.4402 5 2 0.0507812 0 0.0111531
23 434.639 10.3012 6 2 0.0478516 0 0.0112381
24 435.053 12.9172 6 2 0.0664062 0 0.0112773
25 434.954 11.6118 6 2 0.0576172 0 0.0113365
26 434.818 12.8838 6 2 0.0693359 0 0.0113439
27 435.149 11.6905 6 2 0.0576172 0 0.0113725
28 1006.68 11.6125 6 3 0.0556641 0 0.0112751
29 435.151 12.5625 6 2 0.0644531 0 0.0112058
30 1010.21 13.1092 6 3 0.0615234 0 0.0114298
31 435.117 12.1135 6 2 0.0605469 0 0.0117454
32 435.127 11.7074 6 2 0.0556641 0 0.0113081
33 435.053 11.6537 6 2 0.0556641 0 0.0114368
34 435.151 12.3992 6 2 0.0576172 0 0.0114945
35 435.149 11.9579 6 2 0.0605469 0 0.0114885
36 434.639 11.2067 6 2 0.0527344 0 0.0114758
37 435.149 13.5931 6 2 0.0683594 0 0.0114649
38 435.149 12.692 6 2 0.0566406 0 0.0116626
39 435.149 11.9114 6 2 0.0576172 0 0.0115387
40 435.127 13.0492 6 2 0.0634766 0 0.0116625
41 435.053 10.9552 6 2 0.0498047 0 0.0118523
42 435.149 10.583 6 2 0.0458984 0 0.0115685
43 435.127 11.4091 6 2 0.0537109 0 0.0113838
44 435.053 14.1164 6 2 0.0771484 0 0.0115233
45 435.151 12.0363 6 2 0.0585938 0 0.0114932
46 435.151 13.7335 6 2 0.0712891 0 0.0114511
47 1008.92 14.274 6 3 0.0732422 0 0.0115519
48 434.639 13.0513 6 2 0.0673828 0 0.0119447
49 435.053 13.8585 6 2 0.0693359 0 0.0117034
50 435.053 12.0704 6 2 0.0566406 0 0.0116089
51 435.151 13.354 6 2 0.0664062 0 0.0117444
52 435.149 15.9112 6 2 0.0830078 0 0.0119265
53 435.151 12.8931 6 2 0.0615234 0 0.0118594
54 435.151 13.3345 7 2 0.0625 0 0.0119575
55 435.151 12.8784 6 2 0.0595703 0 0.0118604
56 435.076 14.4001 7 2 0.0732422 0 0.0118924
57 435.127 16.3109 7 2 0.0869141 0 0.011909
58 110.903 12.443 7 1 0.0605469 0 0.0123764
59 435.076 13.2682 7 2 0.0673828 0 0.011857
60 435.053 14.4732 7 2 0.0732422 0 0.011989
61 435.149 13.0218 7 2 0.0585938 0 0.0120609
62 435.127 15.0354 7 2 0.0810547 0 0.0120434
63 435.151 13.7109 7 2 0.0664062 0 0.0125085
64 435.117 14.0947 7 2 0.0742188 0 0.0119701
65 435.127 13.9124 7 2 0.0683594 0 0.0118937
66 110.371 13.32 7 1 0.0683594 0 0.0119669
67 435.151 14.0324 7 2 0.0683594 0 0.0119649
68 435.127 15.5492 7 2 0.0830078 0 0.0120461
69 435.053 15.0429 7 2 0.078125 0 0.012016
70 435.149 14.5159 7 2 0.0742188 0 0.0120739
71 435.151 14.9684 7 2 0.078125 0 0.0121566
72 435.151 13.5153 7 2 0.0673828 0 0.0120826
73 435.151 15.3995 8 2 0.0800781 0 0.0121056
74 435.151 15.1346 7 2 0.0761719 0 0.0120703
75 435.149 14.8828 8 2 0.0761719 0 0.0121572
76 112.934 12.9445 7 1 0.0615234 0 0.0122032
77 435.151 16.2237 7 2 0.0869141 0 0.0120761
78 435.127 13.1043 7 2 0.0615234 0 0.0119844
79 435.151 17.0425 7 2 0.0908203 0 0.0120566
80 435.053 14.7133 7 2 0.0742188 0 0.0120401
81 435.127 17.4015 8 2 0.09375 0 0.01234
82 435.149 14.1185 7 2 0.0693359 0 0.0121509
83 435.127 16.2333 8 2 0.0839844 0 0.0121669
84 435.149 15.994 8 2 0.0820312 0 0.0122663
85 435.151 15.6922 8 2 0.0761719 0 0.0123394
86 435.151 15.7778 8 2 0.0830078 0 0.0121539
87 435.127 16.9748 8 2 0.0898438 0 0.0122487
88 435.127 15.4663 8 2 0.0761719 0 0.0123166
89 435.149 16.7215 8 2 0.0917969 0 0.0122653
90 435.151 16.74 8 2 0.0820312 0 0.0121343
91 434.954 15.1649 8 2 0.078125 0 0.0122458
92 1008.92 16.2404 8 3 0.0810547 0 0.0122975
93 435.127 14.8466 8 2 0.0751953 0 0.0121974
94 1010.79 17.234 8 3 0.0859375 0 0.0123594
95 435.127 16.3167 8 2 0.0820312 0 0.0122838
96 435.053 16.0875 8 2 0.0839844 0 0.0125041
97 435.151 16.2989 8 2 0.0878906 0 0.0124319
98 435.149 17.6142 8 2 0.0957031 0 0.0123161
99 435.151 16.6857 8 2 0.0888672 0 0.0123927
100 435.151 18.8218 8 2 0.0927734 0 0.0123898
101 435.117 16.771 8 2 0.0878906 0 0.0124477
102 435.053 17.1982 8 2 0.0947266 0 0.0125616
103 435.127 18.057 8 2 0.0957031 0 0.0123891
104 435.127 17.5589 8 2 0.0986328 0 0.012307
105 435.151 21.0117 8 2 0.120117 0 0.0124689
106 435.127 19.4454 8 2 0.106445 0 0.0129293
107 435.127 15.6063 8 2 0.0810547 0 0.0123522
108 1008.92 18.969 8 3 0.0986328 0 0.0125386
109 435.151 19.82 8 2 0.102539 0 0.0124531
110 435.151 17.8945 8 2 0.0957031 0 0.0126523
111 435.151 20.6846 9 2 0.108398 0 0.0128171
112 435.151 16.4829 8 2 0.0771484 0 0.0126112
113 435.149 17.2368 9 2 0.0849609 0 0.0128826
114 1011.31 20.3688 9 3 0.112305 0 0.0128114
115 435.151 19.7064 8 2 0.101562 0 0.0127719
116 435.127 21.5013 8 2 0.123047 0 0.0130214
117 1011.31 19.1872 8 3 0.0986328 0 0.0127169
118 435.127 18.8463 9 2 0.0996094 0 0.012889
119 435.151 21.2818 9 2 0.12207 0 0.0127006
120 435.151 23.3194 9 2 0.131836 0 0.0129708
121 435.151 19.9478 9 2 0.107422 0 0.0128838
122 1846.55 22.816 9 4 0.121094 0 0.0129798
123 1011.31 22.3461 9 3 0.125 0 0.013057
124 435.151 17.5842 9 2 0.0888672 0 0.0130563
125 1011.31 23.0863 9 3 0.12793 0 0.01345
126 435.053 19.0628 9 2 0.108398 0 0.0128584
127 435.149 20.7277 9 2 0.116211 0 0.0128695
128 435.149 19.9331 9 2 0.103516 0 0.0128937
129 435.127 18.9218 9 2 0.0957031 0 0.0129933
130 435.117 20.7884 9 2 0.118164 0 0.0130344
131 435.151 22.8676 9 2 0.132812 0 0.0129211
132 435.151 25.5906 9 2 0.143555 0 0.0131798
133 435.151 24.7533 9 2 0.142578 0 0.0131157
134 435.127 22.3855 9 2 0.125 0 0.0129843
135 1008.92 23.3302 9 3 0.134766 0 0.0131664
136 1008.92 24.4986 9 3 0.135742 0 0.0132992
137 1008.92 22.4954 9 3 0.124023 0 0.0131747
138 435.151 21.9215 9 2 0.124023 0 0.0130937
139 1008.92 27.3397 9 3 0.15918 0 0.0132164
140 1012.52 29.0282 9 3 0.166016 0 0.0132219
141 1008.92 28.417 9 3 0.170898 0 0.0133006
142 435.151 28.0566 9 2 0.163086 0 0.0134651
143 1009.59 30.9504 9 3 0.173828 0 0.0132164
144 435.151 27.8413 9 2 0.164062 0 0.0134849
145 435.151 28.3803 9 2 0.181641 0 0.0131904
146 435.151 29.1328 9 2 0.177734 0 0.0131754
147 1011.78 31.907 9 3 0.200195 0 0.0141994
148 1008.92 30.6581 9 3 0.191406 0 0.0134977
149 1008.92 29.9829 9 3 0.177734 0 0.0134071
150 435.151 31.3812 9 2 0.196289 0 0.0135706
151 1012.77 31.6102 9 3 0.188477 0 0.0133615
152 435.127 28.6798 9 2 0.178711 0 0.013403
153 435.151 32.9479 9 2 0.208984 0 0.0136916
154 435.151 32.0792 9 2 0.205078 0 0.0133292
155 435.151 30.106 9 2 0.185547 0 0.0134956
156 435.151 28.5991 9 2 0.180664 0 0.013598
157 1009.59 31.5168 9 3 0.192383 0 0.0135607
158 435.151 32.3999 9 2 0.208984 0 0.0140604
159 435.151 31.305 9 2 0.195312 0 0.0135324
160 435.151 38.5613 9 2 0.236328 0 0.0137773
161 435.151 29.4511 9 2 0.179688 0 0.0135546
162 1008.92 32.1535 9 3 0.185547 0 0.0136285
163 1008.92 34.9955 9 3 0.211914 0 0.0140313
164 1005.85 37.539 9 3 0.233398 0 0.0137233
165 1843.9 37.01 9 4 0.224609 0 0.0137317
166 435.151 34.155 9 2 0.22168 0 0.0137501
167 435.151 34.469 9 2 0.220703 0 0.0137059
168 435.151 34.3169 9 2 0.21875 0 0.0137388
169 1845.26 35.629 9 4 0.208984 0 0.0136795
170 1008.92 39.9847 9 3 0.245117 0 0.0138392
171 1011.31 39.7033 9 3 0.239258 0 0.0138475
172 1008.92 35.242 9 3 0.228516 0 0.0137519
173 1009.59 35.4452 9 3 0.228516 0 0.0139899
174 1008.92 39.8392 9 3 0.24707 0 0.0139159
175 1008.92 39.4017 10 3 0.260742 0 0.0140169
176 435.151 34.0233 9 2 0.213867 0 0.0139153
177 1010.79 35.7498 9 3 0.231445 0 0.0138637
178 1010.79 39.2914 10 3 0.24707 0 0.0140263
179 1008.92 42.7932 9 3 0.276367 0 0.0143829
180 1008.92 36.8971 9 3 0.238281 0 0.0144212
181 1008.92 39.8699 9 3 0.253906 0 0.0144707
182 435.151 39.4854 10 2 0.253906 0 0.0141002
183 435.151 39.9496 10 2 0.259766 0 0.0140038
184 1009.59 38.7673 9 3 0.245117 0 0.0139948
185 1010.21 41.968 9 3 0.267578 0 0.0139285
186 1011.31 41.6624 9 3 0.260742 0 0.0142011
187 435.127 39.1612 11 2 0.263672 0 0.0140661
188 1008.92 41.9478 11 3 0.273438 0 0.0140969
189 1010.21 40.3864 9 3 0.258789 0 0.0139947
190 435.151 41.7808 9 2 0.261719 0 0.0139884
191 1009.59 41.7739 10 3 0.262695 0 0.0142258
192 1008.92 44.2117 9 3 0.280273 0 0.0143055
193 1009.59 45.3676 10 3 0.270508 0 0.0139909
194 435.149 38.2651 10 2 0.24707 0 0.0140767
195 435.151 43.0479 11 2 0.273438 0 0.014091
196 1008.92 34.9353 9 3 0.222656 0 0.0140161
197 1011.31 42.8235 9 3 0.269531 0 0.0140674
198 435.151 43.6035 11 2 0.291992 0 0.0142032
199 435.151 40.5797 9 2 0.254883 0 0.0140379
200 435.149 43.0806 11 2 0.294922 0 0.0142167
201 1009.59 43.2386 11 3 0.282227 0 0.0141255
202 1012.18 48.9307 11 3 0.308594 0 0.0143019
203 1011.31 44.8802 10 3 0.283203 0 0.0142761
204 1008.92 44.9469 11 3 0.304688 0 0.0141305
205 1008.92 46.7349 11 3 0.305664 0 0.0142077
206 1009.59 41.9401 10 3 0.265625 0 0.014705
207 1008.92 40.8495 9 3 0.264648 0 0.0143275
208 1012.18 42.8969 10 3 0.262695 0 0.0141015
209 435.149 47.2703 11 2 0.317383 0 0.0144159
210 435.151 42.4918 11 2 0.282227 0 0.0141645
211 1008.92 44.7991 12 3 0.28125 0 0.0147807
212 1008.92 44.1176 11 3 0.274414 0 0.0142431
213 1008.92 45.4725 11 3 0.294922 0 0.0141079
214 435.151 45.1141 11 2 0.291016 0 0.014132
215 435.151 42.3782 11 2 0.28125 0 0.0141542
216 1008.92 47.3912 12 3 0.305664 0 0.0143796
217 1011.31 48.0503 11 3 0.306641 0 0.0142611
218 1008.92 38.4519 11 3 0.259766 0 0.0141449
219 1010.79 43.0848 11 3 0.277344 0 0.0141243
220 1011.31 48.0406 10 3 0.306641 0 0.0141786
221 1008.92 46.4911 11 3 0.307617 0 0.0141946
222 435.151 46.2029 11 2 0.3125 0 0.0141336
223 435.151 42.8766 11 2 0.275391 0 0.0141365
224 1011.31 48.8691 11 3 0.302734 0 0.0143073
225 435.151 42.6784 11 2 0.282227 0 0.0141889
226 1845.26 48.5769 11 4 0.304688 0 0.0142376
227 1008.92 41.8329 11 3 0.277344 0 0.014218
228 1011.31 43.8968 11 3 0.28125 0 0.0142842
229 435.151 46.4801 11 2 0.302734 0 0.0142323
230 1008.92 50.5462 12 3 0.314453 0 0.014266
231 1848.92 46.3763 11 4 0.290039 0 0.0142979
232 1011.31 45.513 12 3 0.288086 0 0.0144468
233 1010.79 45.2497 11 3 0.290039 0 0.0143015
234 1008.92 50.1654 13 3 0.328125 0 0.0143679
235 1008.92 45.4952 10 3 0.288086 0 0.0141754
236 1011.31 45.0385 12 3 0.291992 0 0.014402
237 1011.78 49.92 11 3 0.304688 0 0.0148835
238 1008.92 41.9081 11 3 0.268555 0 0.0143607
239 1009.59 48.9441 11 3 0.31543 0 0.014278
240 1008.92 45.123 12 3 0.297852 0 0.0142852
241 1008.92 45.5757 11 3 0.290039 0 0.0142233
242 1011.31 49.2944 12 3 0.316406 0 0.0143879
243 1009.59 46.1632 12 3 0.303711 0 0.0143707
244 1008.92 45.9477 12 3 0.300781 0 0.0143302
245 1010.21 47.7214 12 3 0.321289 0 0.0143662
246 435.151 48.4041 13 2 0.31543 0 0.0148248
247 435.151 45.8404 12 2 0.292969 0 0.0144109
248 1010.21 46.906 12 3 0.299805 0 0.0143475
249 435.151 50.482 12 2 0.331055 0 0.014393
250 1009.59 43.6998 11 3 0.277344 0 0.0142735
251 1011.31 46.5319 11 3 0.279297 0 0.0148249
252 1008.92 46.2042 12 3 0.298828 0 0.0145211
253 1011.31 48.1763 12 3 0.3125 0 0.014301
254 1011.31 50.5191 12 3 0.330078 0 0.0143157
255 1843.9 53.7059 13 4 0.339844 0 0.0145155
256 1011.78 51.0241 13 3 0.333008 0 0.0144979
257 1008.92 49.0342 12 3 0.299805 0 0.0144417
258 1011.31 50.0789 12 3 0.328125 0 0.0143077
259 2951.77 50.2691 12 5 0.306641 0 0.0144356
260 435.151 44.4002 12 2 0.294922 0 0.0143656
261 1011.31 48.0414 12 3 0.31543 0 0.0144818
262 1011.31 55.2467 13 3 0.352539 0 0.014506
263 1008.92 48.8108 12 3 0.325195 0 0.01447
264 1011.31 57.5768 13 3 0.354492 0 0.0144627
265 1008.92 48.873 11 3 0.314453 0 0.0141928
266 1008.92 46.6891 12 3 0.322266 0 0.0144639
267 1009.59 51.531 13 3 0.333984 0 0.0149132
268 1008.92 50.8912 13 3 0.332031 0 0.0144687
269 1010.21 54.2789 13 3 0.357422 0 0.0144997
270 1009.59 45.0714 12 3 0.287109 0 0.0143557
271 1011.31 47.865 13 3 0.317383 0 0.0149986
272 1008.92 51.3243 13 3 0.333984 0 0.0144973
273 1008.92 50.3289 12 3 0.320312 0 0.0143503
274 1011.31 46.7663 13 3 0.314453 0 0.0144858
275 1845.26 55.2374 13 4 0.358398 0 0.0145647
276 1009.59 48.7271 12 3 0.319336 0 0.0144961
277 1009.59 49.3856 12 3 0.320312 0 0.0143903
278 435.151 48.5033 13 2 0.333008 0 0.0147195
279 1843.9 48.4092 13 4 0.314453 0 0.0145312
280 1009.59 50.9631 13 3 0.317383 0 0.0143777
281 435.151 48.8489 12 2 0.326172 0 0.0144436
282 1008.92 50.3817 13 3 0.324219 0 0.0147916
283 1009.59 50.6075 13 3 0.323242 0 0.0145314
284 1008.92 48.1748 13 3 0.30957 0 0.0143314
285 435.151 50.5213 13 2 0.344727 0 0.0144729
286 435.151 48.0128 13 2 0.333008 0 0.0143713
287 435.151 48.9167 13 2 0.324219 0 0.0143984
288 1008.92 53.1802 13 3 0.339844 0 0.0144323
289 1008.92 50.9474 13 3 0.338867 0 0.0143044
290 1011.31 50.5912 12 3 0.323242 0 0.0143933
291 435.149 51.4266 13 2 0.341797 0 0.0144868
292 1008.92 53.2139 13 3 0.348633 0 0.0143051
293 1008.92 51.7473 13 3 0.335938 0 0.0143986
294 435.151 43.1311 13 2 0.295898 0 0.0144947
295 435.151 54.7446 13 2 0.356445 0 0.0144137
296 1008.92 50.7489 13 3 0.314453 0 0.0146305
297 1008.92 48.983 13 3 0.323242 0 0.014434
298 435.151 47.4248 13 2 0.317383 0 0.0144401
299 1008.92 48.3564 13 3 0.321289 0 0.0144241
300 1008.92 51.1342 13 3 0.342773 0 0.0147349
301 1012.18 50.4143 13 3 0.329102 0 0.0146522
302 1008.92 54.1838 13 3 0.353516 0 0.0144551
303 1008.92 52.8985 13 3 0.34668 0 0.0146213
304 435.151 46.3159 12 2 0.304688 0 0.0143437
305 1011.31 55.5415 13 3 0.350586 0 0.0145562
306 1011.31 48.5971 13 3 0.30957 0 0.0144496
307 1011.31 55.6032 13 3 0.363281 0 0.0144469
308 1009.59 51.7302 13 3 0.335938 0 0.0145923
309 1008.92 49.5078 13 3 0.332031 0 0.0148454
310 1011.31 46.9383 13 3 0.3125 0 0.0144088
311 1008.92 49.2375 13 3 0.333008 0 0.0144077
312 1008.92 50.6578 13 3 0.336914 0 0.0144505
313 1008.21 53.5722 13 3 0.357422 0 0.0144843
314 1008.92 47.7835 13 3 0.323242 0 0.0146569
315 1843.9 55.322 13 4 0.349609 0 0.0145963
316 1008.92 51.2463 13 3 0.335938 0 0.0144003
317 1008.92 54.2497 13 3 0.345703 0 0.0145029
318 1008.92 49.285 13 3 0.321289 0 0.0145568
319 1843.9 53.3889 13 4 0.334961 0 0.0144782
320 435.151 53.3262 13 2 0.357422 0 0.0144543
321 435.151 50.2864 13 2 0.34082 0 0.014495
322 1008.92 48.8527 13 3 0.324219 0 0.0143686
323 1008.92 49.9539 13 3 0.328125 0 0.0146451
324 1009.59 52.9985 13 3 0.352539 0 0.0144838
325 1008.92 49.7299 13 3 0.325195 0 0.0145808
326 1011.31 47.1068 12 3 0.310547 0 0.0148163
327 435.151 50.0828 13 2 0.326172 0 0.0149252
328 1008.92 48.5801 13 3 0.333008 0 0.0144812
329 1009.59 50.756 13 3 0.319336 0 0.014409
330 1008.92 48.157 13 3 0.313477 0 0.0145858
331 435.151 50.456 13 2 0.337891 0 0.0145734
332 1011.31 48.4134 13 3 0.319336 0 0.0144957
333 1008.92 54.977 13 3 0.357422 0 0.014502
334 1011.31 53.0663 13 3 0.341797 0 0.0144977
335 1011.31 54.2732 13 3 0.34375 0 0.01503
336 1008.92 46.5013 13 3 0.299805 0 0.0144355
337 1008.92 51.1039 13 3 0.331055 0 0.0144552
338 1008.92 53.1013 13 3 0.336914 0 0.0145114
339 1011.31 52.0862 13 3 0.327148 0 0.01444
340 1008.92 50.2957 13 3 0.330078 0 0.0145492
341 1011.31 51.7808 13 3 0.344727 0 0.0145519
342 1011.78 47.8338 13 3 0.323242 0 0.0145035
343 1008.92 48.0764 13 3 0.310547 0 0.0150745
344 1008.92 50.5192 12 3 0.320312 0 0.0144371
345 1008.92 54.5917 13 3 0.350586 0 0.0145474
346 1011.31 50.7897 13 3 0.322266 0 0.014497
347 1848.92 51.7716 13 4 0.334961 0 0.0145568
348 1012.18 50.8881 13 3 0.321289 0 0.0145311
349 435.149 51.2864 13 2 0.347656 0 0.0146508
350 1008.21 48.9862 13 3 0.323242 0 0.0146609
351 1008.92 50.5243 13 3 0.323242 0 0.014624
352 1843.9 53.7605 13 4 0.348633 0 0.0145679
353 1843.9 53.4594 13 4 0.331055 0 0.0145777
354 1011.31 50.8679 13 3 0.336914 0 0.0145637
355 435.151 45.6031 13 2 0.3125 0 0.0144785
356 1011.31 50.4387 13 3 0.347656 0 0.0145578
357 1008.92 56.936 13 3 0.361328 0 0.0144518
358 1843.9 50.4295 13 4 0.324219 0 0.0145175
359 1009.59 48.9673 13 3 0.316406 0 0.0145184
360 1011.31 50.7104 13 3 0.331055 0 0.0149981
361 1011.31 51.2853 13 3 0.339844 0 0.0145604
362 435.151 48.0009 13 2 0.31543 0 0.0145038
363 1010.21 53.9713 13 3 0.339844 0 0.0145792
364 1008.92 48.7619 13 3 0.31543 0 0.0143807
365 1011.78 49.5584 13 3 0.321289 0 0.0146504
366 1008.92 48.3841 13 3 0.317383 0 0.0145392
367 435.151 46.9658 13 2 0.317383 0 0.0146342
368 1011.31 52.1451 13 3 0.336914 0 0.014544
369 1008.92 50.2941 13 3 0.332031 0 0.0145509
370 1011.31 46.8085 13 3 0.314453 0 0.0145468
371 1011.78 53.211 13 3 0.353516 0 0.0144994
372 1011.31 51.0471 13 3 0.320312 0 0.0150147
373 1008.92 48.0213 13 3 0.319336 0 0.0148513
374 1011.31 49.8915 13 3 0.332031 0 0.0145505
375 1011.31 59.5797 13 3 0.375 0 0.0145962
376 435.151 44.6055 13 2 0.304688 0 0.0147949
377 1009.59 44.8233 13 3 0.297852 0 0.014408
378 1008.92 52.7732 13 3 0.349609 0 0.0145956
379 1011.31 53.6759 13 3 0.345703 0 0.0147836
380 1011.31 50.5812 13 3 0.336914 0 0.0145857
381 1011.31 51.5077 13 3 0.352539 0 0.0147716
382 1008.92 52.6375 13 3 0.34082 0 0.0145238
383 1008.92 49.3801 13 3 0.320312 0 0.0144708
384 1011.31 46.5676 13 3 0.306641 0 0.0144172
385 1843.9 49.4744 13 4 0.329102 0 0.0145443
386 435.151 49.6539 13 2 0.332031 0 0.0145931
387 1843.9 51.2712 13 4 0.342773 0 0.014602
388 1008.92 52.6647 13 3 0.339844 0 0.014543
389 1008.92 52.2653 13 3 0.342773 0 0.0145326
390 435.151 50.5759 13 2 0.333008 0 0.0145801
391 1010.21 52.1288 13 3 0.331055 0 0.0146685
392 1008.92 53.6956 13 3 0.348633 0 0.0145186
393 1008.92 48.7701 13 3 0.335938 0 0.0145088
394 435.151 51.3388 13 2 0.34082 0 0.0146564
395 1843.9 61.4012 13 4 0.378906 0 0.0145702
396 1011.31 56.3886 13 3 0.366211 0 0.0146132
397 1008.92 51.6077 13 3 0.34668 0 0.0146124
398 1008.92 48.7985 13 3 0.325195 0 0.0146323
399 1009.59 52.1351 13 3 0.337891 0 0.0146295
400 1011.31 53.6416 13 3 0.364258 0 0.0144995
401 1011.78 52.1043 13 3 0.333984 0 0.0145465
402 1008.92 57.1813 13 3 0.371094 0 0.0146684
403 435.151 48.7844 13 2 0.328125 0 0.014599
404 1009.59 53.2863 13 3 0.34668 0 0.0145585
405 1008.92 50.7025 13 3 0.34375 0 0.0145363
406 1011.31 49.7488 13 3 0.323242 0 0.0144507
407 1008.92 52.9098 13 3 0.349609 0 0.0145945
408 1008.92 51.5717 13 3 0.332031 0 0.0147193
409 1008.92 51.9544 13 3 0.339844 0 0.0145965
410 1008.92 47.6631 13 3 0.305664 0 0.0145152
411 435.151 48.378 13 2 0.329102 0 0.0145031
412 435.151 50.0321 13 2 0.348633 0 0.0145282
413 1011.31 54.036 13 3 0.353516 0 0.0146251
414 435.151 49.1225 13 2 0.320312 0 0.0148734
415 1010.21 50.2433 13 3 0.333008 0 0.0146427
416 1011.31 49.4322 13 3 0.317383 0 0.0146746
417 1008.92 48.8892 13 3 0.313477 0 0.0146411
418 1008.92 51.9114 13 3 0.338867 0 0.0146262
419 1843.9 55.0595 13 4 0.331055 0 0.0154685
420 1008.92 51.277 13 3 0.344727 0 0.0146806
421 435.151 51.2678 13 2 0.337891 0 0.0145148
422 1008.92 52.525 13 3 0.335938 0 0.0146199
423 1011.31 48.2845 13 3 0.318359 0 0.0146551
424 1843.9 51.7036 13 4 0.339844 0 0.0147091
425 1008.92 50.5797 13 3 0.324219 0 0.0146634
426 435.151 50.5305 13 2 0.34082 0 0.014557
427 1008.92 51.8628 13 3 0.338867 0 0.0147418
428 1008.92 54.9066 13 3 0.356445 0 0.0151895
429 1010.21 50.1726 13 3 0.318359 0 0.0145909
430 1008.92 48.6921 13 3 0.3125 0 0.0145998
431 1843.9 51.005 13 4 0.333984 0 0.0147893
432 1011.31 51.3153 13 3 0.336914 0 0.0146278
433 1011.31 56.1561 13 3 0.34668 0 0.0146255
434 1008.92 46.4376 13 3 0.313477 0 0.0146851
435 1011.31 54.1982 13 3 0.349609 0 0.014696
436 1008.92 52.8733 13 3 0.336914 0 0.0146353
437 1009.59 54.1557 13 3 0.34668 0 0.0147221
438 1008.92 53.7068 13 3 0.345703 0 0.0146503
439 1009.59 52.4765 13 3 0.351562 0 0.0145953
440 1008.92 51.2205 13 3 0.328125 0 0.0147197
441 1008.92 50.3731 13 3 0.333008 0 0.0147465
442 1008.92 53.404 13 3 0.355469 0 0.0148094
443 1009.59 52.8811 13 3 0.338867 0 0.0146801
444 1009.59 52.4322 13 3 0.342773 0 0.0147273
445 1011.31 58.3894 13 3 0.364258 0 0.0147572
446 1011.31 51.1705 13 3 0.337891 0 0.0145311
447 1008.92 51.2165 13 3 0.337891 0 0.014707
448 435.151 52.0974 13 2 0.353516 0 0.0148822
449 1011.31 57.05 13 3 0.342773 0 0.0152471
450 1008.92 50.406 13 3 0.329102 0 0.0147527
451 435.151 52.7213 13 2 0.341797 0 0.0147075
452 1823.71 50.6004 13 4 0.331055 0 0.015023
453 435.127 48.1297 13 2 0.322266 0 0.0146454
454 1007.46 51.3011 13 3 0.34375 0 0.0146417
455 1008.92 52.9213 13 3 0.349609 0 0.0147661
456 1009.59 51.2686 13 3 0.337891 0 0.0146911
457 1843.9 50.4261 13 4 0.325195 0 0.0146888
458 435.151 49.8762 13 2 0.333008 0 0.0147173
459 1011.31 53.6286 13 3 0.341797 0 0.0146651
460 1011.31 51.2624 13 3 0.34375 0 0.0147707
461 1008.92 54.7511 13 3 0.351562 0 0.0147985
462 1008.92 57.6401 13 3 0.356445 0 0.0147992
463 1002.23 54.5021 13 3 0.347656 0 0.014818
464 1846.55 51.5121 13 4 0.314453 0 0.0148685
465 1008.92 56.8021 13 3 0.360352 0 0.014728
466 1008.92 48.7134 13 3 0.320312 0 0.0147264
467 1011.31 47.8969 13 3 0.316406 0 0.0146456
468 1011.31 45.8906 13 3 0.306641 0 0.015259
469 1008.92 46.6896 13 3 0.30957 0 0.0146629
470 1008.92 54.215 13 3 0.334961 0 0.0147858
471 1008.92 49.2203 13 3 0.330078 0 0.0147044
472 435.151 48.3363 13 2 0.324219 0 0.0147658
473 1011.31 50.5171 13 3 0.329102 0 0.0148518
474 1008.92 56.18 13 3 0.356445 0 0.0146825
475 1843.9 57.6936 13 4 0.356445 0 0.014827
476 1012.52 51.9933 13 3 0.352539 0 0.0149045
477 1007.46 54.4782 13 3 0.352539 0 0.0149663
478 1008.92 54.458 13 3 0.349609 0 0.0148013
479 1798.09 49.7119 13 4 0.325195 0 0.0150604
480 1000.23 51.5506 13 3 0.338867 0 0.0149227
481 1012.18 56.7953 13 3 0.362305 0 0.0149669
482 4270.03 61.0932 13 6 0.385742 0 0.0150231
483 1011.31 57.9571 13 3 0.354492 0 0.0151304
484 1005.85 56.5091 13 3 0.361328 0 0.0151313
485 1008.92 54.6842 13 3 0.359375 0 0.0152873
486 435.151 53.3722 13 2 0.345703 0 0.0151044
487 1843.9 63.3142 13 4 0.400391 0 0.015434
488 1831.15 59.3946 13 4 0.354492 0 0.0154083
489 1007.46 57.7367 13 3 0.368164 0 0.0155728
490 1011.78 61.5843 13 3 0.379883 0 0.0155615
491 1007.46 58.054 13 3 0.371094 0 0.0156608
492 1009.59 63.0211 13 3 0.375977 0 0.015864
493 1008.92 59.8626 13 3 0.364258 0 0.0159348
494 1834.62 66.6272 15 4 0.400391 0 0.0163556
495 1008.92 66.4708 15 3 0.405273 0 0.0168052
496 1008.92 71.577 15 3 0.424805 0 0.0165856
497 1010.21 61.46 15 3 0.374023 0 0.0164135
498 1837.92 62.3809 15 4 0.355469 0 0.0167199
499 1007.46 64.9021 15 3 0.388672 0 0.0169465
500 1819.76 65.6333 15 4 0.408203 0 0.0175623
501 2940.29 77.2622 16 5 0.447266 0 0.0171932
502 1009.59 69.7237 17 3 0.428711 0 0.0172362
503 1821.75 72.1178 17 4 0.418945 0 0.0173801
504 1836.29 75.8408 17 4 0.448242 0 0.0175616
505 1837.92 76.5733 17 4 0.448242 0 0.0176279
506 1841.02 78.6924 17 4 0.442383 0 0.0180667
507 1010.79 81.5548 21 3 0.484375 0 0.0185639
508 1829.35 81.0101 19 4 0.464844 0 0.0182003
509 2912.97 89.1902 19 5 0.472656 0 0.0184361
510 1008.92 80.8593 21 3 0.456055 0 0.0187392
511 2870.9 85.1187 20 5 0.474609 0 0.0185241
512 1804.91 83.6837 21 4 0.452148 0 0.0189332
513 1010.79 75.4609 19 3 0.431641 0 0.019028
514 1007.46 77.6576 21 3 0.455078 0 0.0188864
515 1807.12 74.4179 19 4 0.407227 0 0.0188217
516 1000.23 72.9604 21 3 0.422852 0 0.0197137
517 1831.15 95.9151 25 4 0.526367 0 0.0196268
518 1839.49 92.1877 21 4 0.479492 0 0.0201677
519 1815.68 90.0934 23 4 0.498047 0 0.0198255
520 1768.44 95.3912 23 4 0.50293 0 0.0200229
521 1819.76 84.7803 21 4 0.455078 0 0.0203112
522 1825.63 86.346 25 4 0.486328 0 0.0205745
523 1819.76 81.6546 22 4 0.439453 0 0.0199119
524 2894.36 91.7413 25 5 0.495117 0 0.020557
525 2912.97 96.3059 23 5 0.494141 0 0.0207924
526 1005.85 88.907 25 3 0.501953 0 0.0206543
527 1008.92 89.5452 26 3 0.505859 0 0.0213218
528 1006.68 92.0669 27 3 0.503906 0 0.0216659
529 1004.99 88.9804 27 3 0.493164 0 0.0215171
530 1837.92 93.0218 28 4 0.503906 0 0.0219365
531 1825.63 96.6435 29 4 0.52832 0 0.0215182
532 2867.41 100.144 27 5 0.496094 0 0.0219959
533 1827.51 95.8633 29 4 0.5 0 0.022462
534 1827.51 94.4692 31 4 0.526367 0 0.0223759
535 1815.68 98.7226 28 4 0.517578 0 0.0225453
536 2870.9 106.577 31 5 0.535156 0 0.0229149
537 1819.76 98.7984 31 4 0.520508 0 0.0225402
538 2935.25 96.5272 33 5 0.516602 0 0.0229333
539 1005.85 92.3869 32 3 0.50293 0 0.0230782
540 2856.74 100.185 32 5 0.500977 0 0.0234516
541 1793.4 103.904 35 4 0.549805 0 0.0238256
542 1837.92 109.277 35 4 0.56543 0 0.0237295
543 1829.35 94.0873 35 4 0.496094 0 0.0242684
544 1793.4 102.916 36 4 0.543945 0 0.0247146
545 1809.31 96.4092 37 4 0.520508 0 0.0236857
546 2877.78 115.931 41 5 0.583008 0 0.0242521
547 1815.68 106.354 37 4 0.535156 0 0.0242484
548 1811.47 112.194 49 4 0.59375 0 0.0250569
549 1811.47 115.022 49 4 0.610352 0 0.0246223
550 1823.71 107.236 37 4 0.541992 0 0.0245983
551 1819.76 104.965 44 4 0.542969 0 0.0260742
552 1827.51 111.189 41 4 0.556641 0 0.025113
553 1004.99 97.0256 40 3 0.515625 0 0.0252906
554 1827.51 109.042 44 4 0.545898 0 0.0256021
555 2849.48 123.824 49 5 0.598633 0 0.0263249
556 1819.76 115.042 46 4 0.578125 0 0.0265181
557 1832.91 101.632 41 4 0.518555 0 0.025412
558 1007.46 101.311 44 3 0.539062 0 0.0261446
559 1802.66 115.708 44 4 0.574219 0 0.0258241
560 2860.33 111.098 47 5 0.569336 0 0.0256879
561 1773.62 112.369 46 4 0.577148 0 0.0254952
562 2819.22 110.862 46 5 0.577148 0 0.025182
563 1821.75 108.297 45 4 0.551758 0 0.0258959
564 1829.35 110.679 49 4 0.578125 0 0.0258671
565 2795.37 121.912 51 5 0.615234 0 0.0252662
566 4239.12 122.307 51 6 0.594727 0 0.025912
567 2819.22 107.495 46 5 0.56543 0 0.0252161
568 2891.12 132.461 49 5 0.635742 0 0.0258646
569 1778.72 111.983 48 4 0.573242 0 0.0260077
570 2870.9 124.959 50 5 0.612305 0 0.026586
571 4091.41 124.34 50 6 0.603516 0 0.0261847
572 2921.69 117.86 52 5 0.59668 0 0.0268538
573 4252.63 123.337 53 6 0.624023 0 0.0260391
574 1831.15 113.723 48 4 0.567383 0 0.0271267
575 1788.61 110.5 52 4 0.584961 0 0.0269529
576 1815.68 122.925 54 4 0.620117 0 0.0277543
577 1811.47 140.614 62 4 0.670898 0 0.0278913
578 1791.02 121.033 54 4 0.621094 0 0.0277297
579 2891.12 132.519 69 5 0.65918 0 0.0271978
580 1829.35 135.577 57 4 0.651367 0 0.0274575
581 1788.61 119.99 54 4 0.621094 0 0.0277919
582 1836.29 125.921 60 4 0.637695 0 0.0282661
583 2799.41 123.87 53 5 0.620117 0 0.0269249
584 1815.68 132.443 64 4 0.646484 0 0.0273782
585 2842.09 127.13 53 5 0.630859 0 0.0272803
586 1823.71 128.84 53 4 0.630859 0 0.0275846
587 1791.02 121.917 51 4 0.612305 0 0.027883
588 2949.62 129.823 53 5 0.62207 0 0.0277995
589 1819.76 118.121 104.312 4 0.632812 1 0.0274478
590 1815.68 137.092 101 4 0.68457 0 0.02827
591 1815.68 126.868 71 4 0.648438 0 0.0280416
592 2351.18 126.209 52 5 0.612305 0 0.0276173
593 1827.51 125.434 71 4 0.638672 0 0.0276386
594 2921.69 134.01 66 5 0.651367 0 0.0279863
595 1783.71 132.41 101 4 0.666992 0 0.0280776
596 1825.63 132.901 65 4 0.655273 0 0.0280686
597 2870.9 131.272 101 5 0.660156 0 0.0281792
598 1834.62 126.453 68 4 0.640625 0 0.028417
599 1834.62 137.362 102.835 4 0.678711 1 0.0285848
600 2803.43 128.762 75 5 0.648438 0 0.0279283
601 2894.36 139.532 107.538 5 0.693359 1 0.0275302
602 2585.91 132.741 62 5 0.640625 0 0.0279396
603 2912.97 144.155 109.829 5 0.723633 1 0.0284861
604 1832.91 138.415 107.538 4 0.696289 1 0.0288198
605 1819.76 131.76 76 4 0.662109 0 0.0278595
606 2770.61 152.687 101 5 0.709961 0 0.0284957
607 2856.74 141.839 75 5 0.676758 0 0.0281822
608 2940.29 138.45 76 5 0.673828 0 0.0277992
609 1798.09 143.535 108.13 4 0.717773 1 0.02776
610 2887.84 129.22 101 5 0.65625 0 0.0279495
611 2891.12 123.49 64 5 0.628906 0 0.0275086
612 1841.02 142.226 101 4 0.688477 0 0.0275599
613 2870.9 154.242 109.275 5 0.746094 1 0.0275941
614 4140.23 143.173 108.709 6 0.711914 1 0.0278217
615 2826.95 132.144 108.709 5 0.682617 1 0.0277879
616 2870.9 146.605 107.538 5 0.708984 1 0.0276218
617 2860.33 138.288 107.538 5 0.691406 1 0.025917
618 3601.57 135.332 101 6 0.669922 0 0.0272239
619 2863.89 138.263 105.663 5 0.688477 1 0.0270145
620 2842.09 140.881 67 5 0.668945 0 0.0272239
621 2877.78 130.282 76 5 0.647461 0 0.0271337
622 1815.68 137.416 106.93 4 0.689453 1 0.0281002
623 1007.46 129.793 107.538 3 0.675781 1 0.0284668
624 2826.95 167.126 109.829 5 0.776367 1 0.0283788
625 2877.78 135.287 108.709 5 0.686523 1 0.0284847
626 2906.93 149.897 109.829 5 0.735352 1 0.0285393
627 2874.36 155.381 108.709 5 0.730469 1 0.0282063
628 2927.27 146.978 74 5 0.685547 0 0.0286363
629 4068.96 153.262 109.829 6 0.743164 1 0.0289621
630 2884.52 136.314 107.538 5 0.680664 1 0.0286862
631 2924.51 150.314 107.538 5 0.712891 1 0.0283694
632 2753.63 138.152 108.709 5 0.702148 1 0.027012
633 2770.61 136.718 101 5 0.669922 0 0.0271905
634 1819.76 138.728 109.829 4 0.71582 1 0.0274569
635 6871.97 151.994 106.93 8 0.711914 1 0.0282947
636 4298.58 149.787 76 6 0.688477 0 0.0278075
637 2811.38 147.872 109.829 5 0.725586 1 0.0271754
638 2849.48 149.82 106.93 5 0.711914 1 0.0284212
639 1815.68 137.329 107.538 4 0.688477 1 0.0280055
640 2897.56 132.357 107.538 5 0.675781 1 0.0282171
641 2766.4 164.258 109.829 5 0.780273 1 0.0282046
642 2887.84 122.081 101 5 0.637695 0 0.0282112
643 2915.92 159.893 109.275 5 0.740234 1 0.0287666
644 1845.26 140.673 105.663 4 0.681641 1 0.0282558
645 4171.38 141.131 105.663 6 0.683594 1 0.0282805
646 1815.68 135.033 105.663 4 0.670898 1 0.0276731
647 2887.84 131.948 101 5 0.661133 0 0.0281475
648 2884.52 145.848 107.538 5 0.712891 1 0.0277576
649 2921.69 146.792 107.538 5 0.71582 1 0.0285959
650 2811.38 133.739 104.312 5 0.668945 1 0.0274063
651 2891.12 161.733 107.538 5 0.742188 1 0.0276602
652 2856.74 147.255 107.538 5 0.709961 1 0.0277706
653 1817.74 150.392 107.538 4 0.717773 1 0.0278039
654 2811.38 160.724 108.709 5 0.74707 1 0.0283946
655 1809.31 145.611 109.829 4 0.738281 1 0.0290459
656 3293.24 152.728 109.275 6 0.741211 1 0.0295502
657 2867.41 157.685 108.13 5 0.736328 1 0.0291665
658 4080.24 158.237 101 6 0.71582 0 0.0295387
659 2900.72 153.3 107.538 5 0.722656 1 0.0310599
660 8996.05 168.482 108.709 9 0.751953 1 0.0305884
661 4028.62 174.213 109.829 6 0.777344 1 0.0315278
662 3741.93 171.601 105.663 6 0.75293 1 0.0315528
663 2842.09 171.728 108.709 5 0.772461 1 0.0302221
664 9285.43 208.325 110.371 9 0.856445 1 0.0328403
665 4282.57 211.87 111.425 6 0.863281 1 0.0343837
666 4248.17 212.664 109.829 6 0.861328 1 0.0341173
667 7654.03 217.766 111.937 8 0.879883 1 0.0344536
668 7512.9 222.112 109.275 8 0.865234 1 0.0341624
669 9223.72 249.453 111.937 9 0.931641 1 0.0351339
670 20692.2 315.301 110.903 12 0.999023 1 0.0367851
671 57981.5 323.863 110.903 15 0.995117 1 0.0369504
672 94926.3 509.818 114.828 16 1.2041 1 0.0387779
673 94726.4 776.383 115.282 16 1.44336 1 0.039413
674 564687 1689.86 119.847 19 1.7793 1 0.0428488
675 58349.6 1495.95 137.553 15 2.26367 1 0.0462367
676 2.14609e+06 4521.29 426.375 21 2.83105 2 0.0492608
677 299377 2868.17 433.114 18 3.11133 2 0.0497851
678 1.09449e+06 4549.87 434.902 20 3.40137 2 0.0522132
679 3.36242e+07 36776.5 435.117 25 3.49121 2 0.050652
680 564416 4937.87 882.207 19 3.55664 3 0.0525643
681 4.25198e+06 8698.9 777.51 22 3.49512 3 0.0524124
682 1.68423e+07 20106.5 951.342 24 3.5918 3 0.0538943
683 565674 4343.03 953.029 19 3.69336 3 0.0551388
684 298009 4173.81 953.029 18 3.69141 3 0.0547444
685 296914 3538.09 875.798 18 3.62305 3 0.0547786
686 1.09321e+06 6041.34 956.362 20 3.78027 3 0.0556869
687 1.09346e+06 5443.44 961.25 20 3.71094 3 0.0538614
688 298719 3962.63 973.593 18 3.90332 3 0.054347
689 1.68418e+07 20092.7 935.531 24 3.68359 3 0.0548914
690 4.25006e+06 9531.69 980.754 22 4.02051 3 0.058345
691 4.2495e+06 12839.1 975.061 22 4.12598 3 0.0602287
692 1.09645e+06 5803.9 953.029 20 3.82715 3 0.0575157
693 300772 5872.58 982.131 18 4.11426 3 0.058595
694 1.093e+06 6753.73 947.923 20 3.78223 3 0.0572341
695 565898 5818.92 975.061 19 3.9668 3 0.0571407
696 2.14864e+06 11704 962.849 21 3.82422 3 0.0570982
697 6.71813e+07 82101.6 970.606 26 3.97559 3 0.0570801
698 2.14826e+06 8342.64 967.552 21 4.01562 3 0.058784
699 4.24801e+06 11498.7 972.108 22 4.11426 3 0.0588883
700 2.14721e+06 9436.95 969.087 21 4.15234 3 0.0599251
701 4.25075e+06 21007.6 991.21 22 4.37793 3 0.0626016
702 8.44661e+06 13273.5 944.449 23 3.85547 3 0.057168
703 8.44838e+06 21347 966 23 4.1084 3 0.0620666
704 8.44935e+06 26506.7 982.131 23 4.52148 3 0.0670543
705 3.36253e+07 44064.4 1530.88 25 4.55859 4 0.0669204
706 4.25034e+06 19831 966 22 4.13867 3 0.0624894
707 4.24607e+06 19325.2 1687.34 22 4.70117 4 0.0688163
708 8.44592e+06 35911.5 1504.2 23 4.87012 4 0.0712042
709 6.71857e+07 97651.1 1298.52 26 4.64453 4 0.0694174
710 2.68523e+08 271577 982.131 28 4.40723 3 0.0649262
711 6.71903e+07 213491 1696.71 26 4.99414 4 0.0696895
712 3.3623e+07 82124.7 1596.77 25 4.82324 4 0.0692073
713 1.34298e+08 242614 1699.8 27 4.94727 4 0.0684523
714 3.36257e+07 125564 1732.64 25 5.24023 4 0.0737179
715 1.34303e+08 180080 1708.97 27 5.07715 4 0.0711628
716 1.34288e+08 166268 1420.9 27 4.82324 4 0.0657281
717 3.36263e+07 71592.5 1677.82 25 4.87305 4 0.066521
718 8.44879e+06 37605.3 1011.78 23 4.83887 3 0.0668388
719 6.71812e+07 112830 1744.03 26 5.32715 4 0.0700867
720 8.44975e+06 41489.2 1645.07 23 5.16309 4 0.070144
721 6.71865e+07 286554 1746.82 26 5.44434 4 0.075636
722 1.07385e+09 1.30544e+06 1752.35 30 5.37305 4 0.0740242
723 3.36228e+07 142161 1720.96 25 5.43164 4 0.0735812
724 2.68514e+08 472054 1720.96 28 5.43457 4 0.0734492
725 4.29508e+09 4.39724e+06 2560.74 32 5.81152 5 0.0764793
726 5.36961e+08 731205 2439.84 29 6.10938 5 0.0850607
727 2.14759e+09 3.10012e+06 2696.01 31 6.49219 5 0.0909659
728 5.36958e+08 1.02882e+06 2700.57 29 6.56055 5 0.0906932
729 6.71734e+07 223324 2705.11 26 6.17383 5 0.0856705
730 2.68525e+08 772580 2718.6 28 6.56445 5 0.0919418
731 6.7189e+07 297253 2803.43 26 6.66602 5 0.0935435
732 1.07384e+09 2.18955e+06 2787.22 30 6.53223 5 0.0893175
733 2.68518e+08 673666 3925.55 28 7.04395 6 0.0979352
734 1.34301e+08 758850 3956.58 27 7.15332 6 0.101195
735 8.59006e+09 8.98861e+06 4046.07 33 7.06543 6 0.098099
736 4.29508e+09 4.95159e+06 4034.46 32 7.08887 6 0.0982735
737 1.718e+10 2.00418e+07 4016.86 34 7.34863 6 0.10073
738 1.34301e+08 595452 3919.27 27 6.95801 6 0.0960218
739 8.59006e+09 9.05636e+06 2863.89 33 6.81543 5 0.0947609
740 5.36956e+08 1.02717e+06 2795.37 29 6.37207 5 0.0920664
741 2.74878e+11 2.71362e+08 2783.1 38 6.55469 5 0.0944017
742 2.68511e+08 352805 2649.34 28 5.98535 5 0.0900774
743 1.34297e+08 350377 2770.61 27 6.32812 5 0.0927165
744 8.59005e+09 9.08851e+06 2570.86 33 5.91797 5 0.0898411
745 5.36965e+08 900206 1476.97 29 5.28125 4 0.0925393
746 2.68522e+08 421513 2339.85 28 5.89453 5 0.0906504
747 1.07384e+09 1.42825e+06 2845.8 30 6.42285 5 0.0914999
748 5.36972e+08 1.33141e+06 2791.31 29 6.52637 5 0.0939311
749 2.68521e+08 649016 2727.49 28 6.3418 5 0.0910375
750 5.3696e+08 1.35224e+06 2620.44 29 6.13086 5 0.0908176
751 6.71841e+07 312435 2736.29 26 6.21777 5 0.0920299
752 1.07384e+09 2.17759e+06 2819.22 30 6.70605 5 0.0964971
753 4.29507e+09 7.10648e+06 2783.1 32 6.63672 5 0.0962438
754 1.34296e+08 349403 2709.62 27 6.40918 5 0.093727
755 2.68525e+08 995629 3944.23 28 6.89258 6 0.100574
756 2.14759e+09 2.84316e+06 2770.61 31 6.72852 5 0.100244
757 1.07384e+09 2.1726e+06 2731.9 30 6.4707 5 0.0956734
758 1.34303e+08 591828 2803.43 27 6.55664 5 0.0950398
759 1.34295e+08 633703 2677.57 27 6.23145 5 0.0949685
760 1.34297e+08 511592 2757.91 27 6.46191 5 0.0969258
761 1.07385e+09 1.5982e+06 3316.66 30 6.50684 6 0.0973419
762 8.59005e+09 1.46666e+07 2634.97 33 6.36523 5 0.0986227
763 3.43599e+10 3.44884e+07 2778.96 35 6.77734 5 0.104832
764 2.68512e+08 718063 3887.57 28 6.69531 6 0.103691
765 5.3696e+08 1.23693e+06 2654.09 29 6.33789 5 0.0991032
766 1.34298e+08 669390 2749.33 27 6.58398 5 0.104913
767 3.43599e+10 3.66816e+07 1815.68 35 6.35547 4 0.102897
768 1.07384e+09 2.59154e+06 2762.17 30 7.05957 5 0.112115
769 5.36955e+08 1.02152e+06 3906.66 29 7.04785 6 0.109471
770 5.36967e+08 2.21712e+06 3802.68 29 7.02148 6 0.109593
771 1.34298e+08 842545 3944.23 27 7.22461 6 0.113001
772 2.14758e+09 3.73375e+06 3565.39 31 7.02246 6 0.113795
773 1.718e+10 1.84658e+07 4954.15 34 7.58008 7 0.117501
774 2.68518e+08 1.03959e+06 5470.78 28 8.0332 7 0.121844
775 2.14758e+09 6.85321e+06 6762.57 31 8.48828 8 0.126748
776 1.07384e+09 2.93301e+06 6936.52 30 8.73926 8 0.130929
777 8.59006e+09 1.50743e+07 6433.29 33 8.23145 8 0.124483
778 2.68522e+08 1.57754e+06 5398.45 28 7.88672 7 0.120067
779 3.43599e+10 7.71146e+07 5315.79 35 7.95312 7 0.122037
780 1.718e+10 1.92221e+07 5273.59 34 8.06348 7 0.12304
781 2.14757e+09 3.94749e+06 7052.67 31 8.78125 8 0.134764
782 3.43599e+10 5.11772e+07 7135.27 35 8.69531 8 0.131393
783 1.07384e+09 3.70622e+06 6707.04 30 8.5791 8 0.128078
784 1.07384e+09 3.82619e+06 5036.45 30 7.9502 7 0.11783
785 1.07384e+09 3.34337e+06 6172.47 30 8.44141 8 0.126484
786 1.07384e+09 3.90082e+06 5196.23 30 8.05762 7 0.12324
787 1.07384e+09 5.21283e+06 4889.09 30 7.89551 7 0.12253
788 4.29508e+09 7.56615e+06 3999.03 32 7.62207 6 0.116262
789 4.29507e+09 6.21364e+06 6740.42 32 8.47168 8 0.127602
790 2.14758e+09 4.08399e+06 5502.26 31 8.56738 7 0.128343
791 1.718e+10 2.33324e+07 5307.39 34 8.03125 7 0.122357
792 6.87196e+10 8.84479e+07 5430.85 36 8.27051 7 0.126115
793 1.718e+10 5.73222e+07 5594.12 34 8.69336 7 0.13043
794 8.59004e+09 1.37125e+07 6605.76 33 8.51367 8 0.127929
795 2.14759e+09 4.76773e+06 5478.69 31 8.66406 7 0.131501
796 1.07384e+09 3.1519e+06 5390.29 30 8.34375 7 0.124795
797 1.37439e+11 1.36894e+08 5018.29 37 7.8916 7 0.119013
798 2.68522e+08 1.07979e+06 5438.88 28 8.26367 7 0.122865
799 5.36963e+08 1.97961e+06 4091.41 29 7.84863 6 0.118771
800 1.07383e+09 3.33856e+06 5072.52 30 8.0752 7 0.12304
801 1.718e+10 2.41199e+07 5273.59 34 8.16992 7 0.126035
802 1.718e+10 4.36056e+07 5494.43 34 8.42871 7 0.126982
803 8.59005e+09 1.23721e+07 6525.84 33 8.58887 8 0.131773
804 1.718e+10 3.09015e+07 3874.74 34 7.72754 6 0.123517
805 1.07384e+09 2.51704e+06 3881.17 30 7.4873 6 0.122064
806 8.59004e+09 1.87692e+07 5290.53 33 8.20801 7 0.127242
807 1.37439e+11 1.67368e+08 4124.23 37 8.25488 6 0.128863
808 8.59005e+09 1.024e+07 2791.31 33 7.30762 5 0.123009
809 1.718e+10 1.98808e+07 2682.21 34 7.03906 5 0.11836
810 8.59005e+09 1.52187e+07 2630.15 33 6.82617 5 0.1142
811 2.14758e+09 7.93404e+06 3601.57 31 7.56934 6 0.121218
812 8.59005e+09 1.33749e+07 3938.03 33 7.82129 6 0.125399
813 2.14759e+09 6.391e+06 3644.42 31 7.41895 6 0.117165
814 2.14758e+09 4.8208e+06 5081.49 31 7.85742 7 0.124921
815 6.87196e+10 8.20509e+07 3900.32 36 7.44922 6 0.116759
816 2.14759e+09 5.68969e+06 5117.16 31 7.90039 7 0.120842
817 3.43599e+10 5.82868e+07 3868.3 35 7.71875 6 0.117964
818 5.3696e+08 1.27228e+06 3919.27 29 7.37109 6 0.116301
819 4.29508e+09 7.57726e+06 3950.42 32 7.52051 6 0.116869
820 8.59006e+09 1.71993e+07 3912.98 33 7.70312 6 0.116841
821 1.37439e+11 1.38517e+08 3893.96 37 7.49609 6 0.110304
822 1.718e+10 2.54444e+07 5063.53 34 7.98633 7 0.120823
823 8.59005e+09 9.59073e+06 4022.75 33 7.60254 6 0.119019
824 4.29507e+09 8.20282e+06 5161.3 32 8.31641 7 0.127982
825 3.43599e+10 7.41148e+07 5315.79 35 8.48438 7 0.128722
826 8.59004e+09 1.93372e+07 4649.65 33 8.08496 7 0.121982
827 5.36966e+08 2.36646e+06 5454.88 29 8.13574 7 0.121958
828 1.07383e+09 3.83679e+06 4727.44 30 7.65234 7 0.117533
829 1.07384e+09 3.3453e+06 5204.92 30 7.97949 7 0.119192
830 8.59005e+09 1.71897e+07 5290.53 33 8.13867 7 0.121351
831 1.07384e+09 3.38452e+06 5462.84 30 8.05957 7 0.122704
832 1.07384e+09 2.74916e+06 5187.53 30 8.09082 7 0.11988
833 8.59005e+09 2.33765e+07 5510.07 33 8.37109 7 0.125054
834 8.59005e+09 1.53025e+07 5571.53 33 8.77637 7 0.128059
835 6.87196e+10 8.99597e+07 5108.27 36 8.33008 7 0.128623
836 2.19902e+12 2.18166e+09 6806.59 41 9.21973 8 0.13916
837 2.19902e+12 2.22728e+09 7353.72 41 9.62402 8 0.145416
838 8.59005e+09 3.48826e+07 7000.23 33 9.17188 8 0.143595
839 3.43599e+10 5.93736e+07 8516.87 35 9.8623 9 0.148913
840 6.87196e+10 1.71607e+08 8706.8 36 9.99609 9 0.155506
841 6.87196e+10 2.25757e+08 9060.14 36 9.99707 9 0.152115
842 2.74878e+11 3.66837e+08 8639.48 38 9.89844 9 0.149783
843 1.718e+10 4.75535e+07 9730.28 34 10.3604 9 0.154098
844 8.59006e+09 4.2755e+07 9334.3 33 10.2891 9 0.152411
845 1.09951e+12 1.17622e+09 9198.85 40 10.3037 9 0.150602
846 3.43599e+10 4.49738e+07 7083.83 35 9.25684 8 0.13895
847 6.87196e+10 1.62871e+08 5390.29 36 8.3291 7 0.131322
848 5.49756e+11 5.9697e+08 6925.82 39 9.08398 8 0.137388
849 3.43599e+10 1.05968e+08 7052.67 35 9.61621 8 0.146841
850 6.87196e+10 2.3107e+08 7581.83 36 9.97266 9 0.15179
851 1.718e+10 4.11676e+07 7125.03 34 9.34961 8 0.146532
852 2.74878e+11 6.10507e+08 8038.16 38 9.86914 9 0.150224
853 1.718e+10 5.27911e+07 8879.13 34 9.78027 9 0.150128
854 2.74878e+11 4.46929e+08 8557.94 38 10.0635 9 0.151684
855 6.87196e+10 1.51152e+08 8364.63 36 10.1074 9 0.154417
856 2.74878e+11 3.80864e+08 8475.61 38 10.0283 9 0.151816
857 1.718e+10 8.83506e+07 8813.32 34 10.1719 9 0.156121
858 3.43599e+10 1.17309e+08 9123.58 35 10.123 9 0.152519
859 1.37439e+11 3.68024e+08 9198.85 37 10.6201 9 0.155988
860 6.87196e+10 1.54606e+08 8918.33 36 9.99316 9 0.149251
861 3.43599e+10 8.61007e+07 7344.08 35 9.63965 8 0.143506
862 3.43599e+10 8.67205e+07 6904.35 35 9.0332 8 0.141221
863 6.87196e+10 1.12887e+08 9260.83 36 10.3213 9 0.15182
864 3.43599e+10 9.17693e+07 11235.1 35 10.6699 10 0.155528
865 6.87196e+10 1.42772e+08 9161.33 36 10.4053 9 0.152663
866 3.43599e+10 1.24124e+08 7610.9 35 9.50488 8 0.142891
867 3.43599e+10 1.43461e+08 7216.23 35 9.49219 8 0.142911
868 2.19902e+12 2.4239e+09 9285.43 41 10.875 9 0.15862
869 4.39805e+12 4.36037e+09 11573.9 42 11.0254 10 0.156714
870 6.87196e+10 9.17915e+07 9110.94 36 9.79883 9 0.141735
871 6.87196e+10 1.79553e+08 6762.57 36 9.14453 8 0.133559
872 3.43599e+10 7.3036e+07 5307.39 35 8.68359 7 0.128673
873 3.43599e+10 1.08189e+08 5517.84 35 9.08691 7 0.13907
874 5.49756e+11 6.31358e+08 6684.68 39 9.2666 8 0.136911
875 5.49756e+11 6.4376e+08 6444.93 39 9.42969 8 0.141025
876 6.87196e+10 1.90682e+08 5873.39 36 9.52832 7 0.136751
877 6.87196e+10 1.78149e+08 5478.69 36 9.28223 7 0.135642
878 3.43599e+10 8.14145e+07 7285.66 35 9.89746 8 0.141901
879 1.718e+10 8.21497e+07 7000.23 34 9.58008 8 0.137195
880 6.87196e+10 1.80757e+08 5315.79 36 9.26562 7 0.135593
881 3.43599e+10 1.77716e+08 7063.08 35 9.48242 8 0.13789
882 1.37439e+11 3.11536e+08 9309.92 37 10.3809 9 0.147727
883 6.87196e+10 1.34416e+08 6650.99 36 9.6875 8 0.138612
884 6.87196e+10 1.52753e+08 10916.6 36 10.9375 10 0.151283
885 2.74878e+11 3.7178e+08 9594.67 38 10.9121 9 0.149267
886 6.87196e+10 1.59804e+08 12506.4 36 11.3428 10 0.152638
887 2.74878e+11 3.90908e+08 10320.2 38 10.8438 10 0.149399
888 2.74878e+11 4.76592e+08 15220.6 38 12.0479 11 0.160805
889 5.49756e+11 1.13943e+09 14575.8 39 11.8135 11 0.158655
890 1.718e+10 1.30624e+08 14394.9 34 11.7754 11 0.155091
891 2.74878e+11 6.17042e+08 11528.4 38 11.1592 10 0.149083
892 1.37439e+11 3.89718e+08 12028.8 37 11.5332 10 0.156601
893 2.19902e+12 2.2378e+09 11543.6 41 11.0166 10 0.14928
894 6.87196e+10 2.23457e+08 16172.2 36 12.3643 11 0.164139
895 1.37439e+11 2.78109e+08 12293.2 37 11.6045 10 0.155768
896 3.43599e+10 1.11679e+08 12440.7 35 11.7217 10 0.157578
897 1.37439e+11 5.09852e+08 10753.8 37 11.1582 10 0.151586
898 5.49756e+11 1.47025e+09 14303.5 39 11.9746 11 0.162836
899 1.09951e+12 1.893e+09 14449.5 40 11.9121 11 0.164131
900 2.19902e+12 2.56292e+09 14718.5 41 12.0889 11 0.166535
901 4.39805e+12 5.09813e+09 25800.6 42 13.3242 13 0.17919
902 5.49756e+11 2.81987e+09 19706.2 39 13.3076 12 0.175784
903 2.74878e+11 1.08835e+09 19410.1 38 12.9727 12 0.177552
904 2.19902e+12 2.55901e+09 19229.1 41 12.8691 12 0.175822
905 6.87196e+10 4.90878e+08 24949 36 13.4951 13 0.179571
906 1.09951e+12 1.41326e+09 15220.6 40 12.5127 11 0.167678
907 1.37439e+11 7.6632e+08 26436.2 37 13.6777 13 0.179374
908 5.49756e+11 8.22703e+08 20727.4 39 12.9766 12 0.171996
909 1.37439e+11 4.47928e+08 37050.4 37 14.1328 14 0.185379
910 5.49756e+11 8.07743e+08 36583.8 39 13.5078 14 0.180233
911 2.74878e+11 7.39556e+08 36000.1 38 14.0391 14 0.185776
912 2.74878e+11 1.58592e+09 38409.1 38 14.5029 14 0.194064
913 1.37439e+11 3.17122e+08 25892.9 37 13.4922 13 0.180445
914 5.49756e+11 9.67055e+08 26569.2 39 13.7148 13 0.182493
915 6.87196e+10 2.70407e+08 25093.5 36 13.4795 13 0.184173
916 1.37439e+11 2.66643e+08 19249.3 37 13.2246 12 0.181463
917 5.49756e+11 1.27855e+09 19745.2 39 12.9277 12 0.18323
918 6.87196e+10 3.16227e+08 25614.6 36 13.4033 13 0.191825
919 2.74878e+11 4.34915e+08 26635.2 38 13.6084 13 0.193513
920 2.74878e+11 5.62929e+08 26257.2 38 13.5293 13 0.18665
921 6.87196e+10 1.69105e+08 19289.7 36 12.6836 12 0.180402
922 1.37439e+11 3.648e+08 19469.9 37 12.834 12 0.179269
923 1.37439e+11 3.39528e+08 18839.3 37 12.7832 12 0.179028
924 3.43599e+10 1.67529e+08 14557.8 35 12.2539 11 0.172045
925 1.37439e+11 3.93872e+08 15084.5 37 11.9482 11 0.168789
926 6.87196e+10 2.90607e+08 18182 36 12.3994 12 0.173508
927 1.09951e+12 1.69362e+09 18984.1 40 12.4287 12 0.176485
928 3.43599e+10 2.05954e+08 18860 35 12.3623 12 0.179438
929 1.37439e+11 3.4798e+08 16094.3 37 12.0342 12 0.172571
930 2.74878e+11 4.8503e+08 19390.1 38 12.4697 12 0.177388
931 1.37439e+11 2.68319e+08 14946.6 37 12.1904 11 0.17698
932 1.37439e+11 2.99188e+08 15632.5 37 12.0918 11 0.174952
933 1.37439e+11 2.93596e+08 19147.9 37 12.7041 12 0.180583
934 2.74878e+11 3.74526e+08 20202.3 38 12.8857 12 0.181298
935 2.74878e+11 9.10744e+08 20495.9 38 12.9561 12 0.181824
936 2.74878e+11 4.72315e+08 18651.1 38 12.2451 12 0.173478
937 2.19902e+12 2.34821e+09 15354.6 41 12.2842 11 0.171167
938 5.49756e+11 9.73998e+08 14266.8 39 11.7676 11 0.166553
939 6.87196e+10 1.38391e+08 12127.6 36 11.7559 10 0.165695
940 5.49756e+11 7.26723e+08 15084.5 39 12.1299 11 0.166092
941 4.39805e+12 4.40775e+09 15084.5 42 11.8496 11 0.163347
942 5.49756e+11 1.03568e+09 12320.3 39 11.3867 10 0.160371
943 1.718e+10 9.69159e+07 9430.66 34 10.54 9 0.147005
944 1.718e+10 6.84686e+07 11986 34 11.3477 10 0.156612
945 6.87196e+10 2.23757e+08 10286.2 36 11.0137 10 0.152608
946 2.19902e+12 2.73211e+09 11558.8 41 11.6973 10 0.159013
947 6.87196e+10 2.4439e+08 11723.6 36 11.3086 10 0.152641
948 3.43599e+10 1.15237e+08 9236.12 35 10.6436 9 0.149633
949 1.718e+10 8.43424e+07 10286.2 34 10.8467 10 0.148075
950 6.87196e+10 3.34663e+08 11543.6 36 11.1631 10 0.151153
951 6.87196e+10 2.97769e+08 11942.9 36 11.4707 10 0.153352
952 1.37439e+11 2.67631e+08 15050.2 37 11.6748 11 0.157109
953 3.43599e+10 1.84025e+08 14266.8 35 11.8535 11 0.160328
954 2.19902e+12 2.84033e+09 14593.7 41 11.7529 11 0.161096
955 2.19902e+12 2.81564e+09 15084.5 41 12.084 11 0.1647
956 1.09951e+12 1.33355e+09 26480.7 40 13.624 13 0.184302
957 1.09951e+12 1.23836e+09 19568.9 40 13.0449 12 0.181312
958 1.09951e+12 2.06723e+09 22193.1 40 13.0488 13 0.179701
959 1.37439e+11 3.08671e+08 19568.9 37 12.5391 12 0.173626
960 1.09951e+12 1.25657e+09 15486.6 40 12.1123 11 0.167769
961 5.49756e+11 1.18318e+09 24162.3 39 12.9629 13 0.183881
962 2.19902e+12 2.88133e+09 19509.6 41 12.5234 12 0.179529
963 2.74878e+11 8.5889e+08 36214 38 14.3809 14 0.197282
964 2.74878e+11 9.37871e+08 36947.6 38 14.4248 14 0.19544
965 1.37439e+11 5.16431e+08 26212.1 37 13.582 13 0.18896
966 1.37439e+11 6.66959e+08 25379.5 37 13.5713 13 0.183418
967 1.37439e+11 8.93716e+08 25869.9 37 13.877 13 0.189227
968 5.49756e+11 8.94075e+08 19249.3 39 13.1777 12 0.183
969 2.74878e+11 8.16284e+08 20313.5 38 13.4707 12 0.181365
970 2.19902e+12 3.88954e+09 25426.7 41 14.1592 13 0.192543
971 1.09951e+12 3.56365e+09 36478.8 40 14.8467 14 0.199809
972 1.09951e+12 2.01793e+09 35946.4 40 14.1484 14 0.19454
973 8.79609e+12 9.80096e+09 36947.6 43 14.5293 14 0.196741
974 2.74878e+11 1.06557e+09 92113.4 38 15.7354 16 0.210355
975 4.39805e+12 6.31428e+09 56349.8 42 15.127 15 0.20868
976 4.39805e+12 5.52498e+09 92776.5 42 15.6377 16 0.209765
977 2.81475e+14 2.95113e+11 36107.3 48 14.6729 14 0.210956
978 4.39805e+12 6.24251e+09 294269 42 16.8193 18 0.223624
979 7.03687e+13 7.17087e+10 162114 46 16.5869 17 0.220149
980 1.09951e+12 3.45164e+09 163795 40 17.1006 17 0.223804
981 1.09951e+12 2.73556e+09 93545.5 40 15.8535 16 0.213692
982 4.39805e+12 1.14104e+10 91565.8 42 15.4229 16 0.20382
983 1.75922e+13 6.34176e+10 161841 44 16.3115 17 0.215613
984 2.74878e+11 1.94372e+09 93117.6 38 15.9678 16 0.213342
985 3.51844e+13 4.78057e+10 162418 45 16.5566 17 0.221833
986 2.19902e+12 4.71589e+09 296051 41 16.6865 18 0.219084
987 3.51844e+13 3.77484e+10 93816.7 45 15.4697 16 0.210487
988 1.75922e+13 2.72986e+10 299136 44 17.5615 18 0.232928
989 3.51844e+13 7.69587e+10 296051 45 17.1182 18 0.227359
990 2.81475e+14 2.89291e+11 297539 48 17.0527 18 0.226424
991 1.75922e+13 3.42283e+10 560590 44 17.5312 19 0.226965
992 7.03687e+13 9.44571e+10 292253 46 16.8916 18 0.225854
993 1.75922e+13 2.40491e+10 297099 44 17.3848 18 0.232584
994 1.75922e+13 3.06428e+10 562054 44 17.6709 19 0.234788
995 1.75922e+13 2.58338e+10 1.08475e+06 44 17.8457 20 0.238137
996 4.39805e+12 1.37235e+10 297901 42 16.8896 18 0.227409
997 8.79609e+12 1.3831e+10 161428 43 16.4219 17 0.219093
998 1.40737e+14 1.45084e+11 563868 47 17.8262 19 0.241106
999 7.03687e+13 8.28141e+10 1.09224e+06 46 18.9355 20 0.255605
1000 3.51844e+13 5.00663e+10 562259 45 17.3184 19 0.232213
1001 3.51844e+13 4.97835e+10 297612 45 17.3184 18 0.231651
1002 8.79609e+12 2.13777e+10 562054 43 17.5088 19 0.235737
1003 7.03687e+13 8.28139e+10 561264 46 17.3613 19 0.230429
1004 3.51844e+13 4.79097e+10 564879 45 18.0752 19 0.24033
1005 4.39805e+12 1.85862e+10 560249 42 17.04 19 0.226135
1006 1.75922e+13 3.07028e+10 562423 44 17.4258 19 0.23184
1007 2.81475e+14 3.02145e+11 563789 48 17.5625 19 0.235488
1008 2.19902e+12 1.16204e+10 1.09292e+06 41 19.1094 20 0.254556
1009 1.75922e+13 4.26379e+10 561930 44 17.0986 19 0.230864
1010 7.03687e+13 9.74216e+10 297356 46 16.8838 18 0.226456
1011 4.39805e+12 1.5022e+10 564104 42 17.832 19 0.238813
1012 2.19902e+12 9.74071e+09 297684 41 16.5664 18 0.221874
1013 2.19902e+12 1.26547e+10 562991 41 17.5264 19 0.23746
1014 2.19902e+12 1.14933e+10 298754 41 16.7998 18 0.227646
1015 4.5036e+15 4.45923e+12 559214 52 17.6963 19 0.238985
1016 8.79609e+12 4.40995e+10 1.09098e+06 43 18.9258 20 0.247981
1017 1.75922e+13 2.93319e+10 296728 44 16.9941 18 0.22604
1018 2.19902e+12 1.07529e+10 564494 41 18.3027 19 0.238213
1019 7.03687e+13 9.68287e+10 562259 46 17.5244 19 0.229833
1020 2.19902e+12 5.76775e+09 296051 41 16.5977 18 0.217836
1021 8.79609e+12 2.25504e+10 158511 43 15.8496 17 0.210214
1022 4.39805e+12 9.40101e+09 92113.4 42 14.915 16 0.199121
1023 7.03687e+13 1.34258e+11 93332.5 46 15.5322 16 0.207917
1024 8.79609e+12 1.11771e+10 162114 43 15.6533 17 0.209594
1025 1.09951e+12 5.95653e+09 296203 40 16.7871 18 0.222176
1026 3.51844e+13 3.89624e+10 161324 45 15.7578 17 0.213946
1027 2.19902e+12 6.96301e+09 562382 41 18.0361 19 0.239566
1028 8.79609e+12 1.52814e+10 161497 43 15.792 17 0.215303
1029 5.49756e+11 3.77648e+09 94726.4 39 15.8047 16 0.215757
1030 4.39805e+12 9.96331e+09 94437.2 42 15.9609 16 0.216807
1031 2.19902e+12 4.26575e+09 160230 41 15.0625 17 0.210307
1032 1.75922e+13 3.30711e+10 94378.9 44 15.6104 16 0.211012
1033 1.75922e+13 2.66968e+10 94408.1 44 15.5049 16 0.204143
1034 1.75922e+13 2.39944e+10 295670 44 16.6553 18 0.220994
1035 3.51844e+13 4.8407e+10 294663 45 16.5928 18 0.221454
1036 4.39805e+12 6.71611e+09 297973 42 17.1631 18 0.225669
1037 8.79609e+12 2.10465e+10 560970 43 17.4053 19 0.233318
1038 2.19902e+12 8.34274e+09 558248 41 17.3379 19 0.233212
1039 8.79609e+12 1.49858e+10 295247 43 16.7021 18 0.22831
1040 9.0072e+15 8.8406e+12 562789 53 17.8779 19 0.236736
1041 1.75922e+13 2.0396e+10 297684 44 17.168 18 0.234108
1042 7.03687e+13 9.07325e+10 563152 46 17.8857 19 0.238011
1043 1.75922e+13 2.40861e+10 563591 44 18.043 19 0.2376
1044 3.51844e+13 6.08336e+10 296013 45 16.7139 18 0.220516
1045 8.79609e+12 1.10352e+10 161978 43 15.9912 17 0.215743
1046 7.03687e+13 8.54633e+10 298188 46 17.2998 18 0.225965
1047 1.40737e+14 1.86259e+11 296691 47 16.9395 18 0.226552
1048 1.75922e+13 4.64828e+10 562341 44 17.9707 19 0.243802
1049 1.1259e+15 1.46714e+12 560206 50 17.2832 19 0.238378
1050 7.03687e+13 1.72392e+11 296579 46 16.9834 18 0.234821
1051 1.75922e+13 3.64566e+10 161219 44 16.2998 17 0.228376
1052 1.40737e+14 1.86825e+11 561681 47 17.752 19 0.241343
1053 7.03687e+13 2.09687e+11 565786 46 17.877 19 0.240822
1054 8.79609e+12 2.2043e+10 1.08658e+06 43 18.0361 20 0.244192
1055 3.51844e+13 6.97803e+10 1.08868e+06 45 18.2705 20 0.248266
1056 1.75922e+13 4.61493e+10 562910 44 18.0869 19 0.246049
1057 1.75922e+13 6.23745e+10 562259 44 18.0186 19 0.247045
1058 2.81475e+14 3.28404e+11 561930 48 18.0664 19 0.247784
1059 2.81475e+14 6.99908e+11 94291.1 48 15.9893 16 0.226951
1060 2.81475e+14 2.90741e+11 297062 48 17.4053 18 0.240319
1061 2.81475e+14 3.26783e+11 1.09031e+06 48 18.9434 20 0.254656
1062 1.75922e+13 5.12946e+10 1.08822e+06 44 18.2246 20 0.238793
1063 4.5036e+15 4.42437e+12 296127 52 16.8525 18 0.231339
1064 9.0072e+15 8.91855e+12 2.14419e+06 53 20.1143 21 0.26287
1065 1.1259e+15 1.89403e+12 4.24276e+06 50 21.2705 22 0.277975
1066 2.81475e+14 3.48677e+11 1.08986e+06 48 18.8633 20 0.2546
1067 9.0072e+15 8.93195e+12 4.24066e+06 53 20.2119 22 0.267107
1068 2.81475e+14 2.9835e+11 2.14414e+06 48 20.2354 21 0.263115
1069 3.51844e+13 6.53236e+10 2.14338e+06 45 20.0186 21 0.260536
1070 1.40737e+14 1.50237e+11 1.09228e+06 47 19.5361 20 0.253056
1071 7.03687e+13 9.16719e+10 1.09224e+06 46 19.0508 20 0.245788
1072 7.03687e+13 1.23099e+11 2.14522e+06 46 20.4443 21 0.268933
1073 8.79609e+12 2.73958e+10 1.09219e+06 43 19.3828 20 0.254741
1074 4.5036e+15 4.58471e+12 1.094e+06 52 19.6025 20 0.25775
1075 3.51844e+13 5.74076e+10 1.09198e+06 45 19.2451 20 0.258616
1076 2.81475e+14 2.99258e+11 2.14395e+06 48 19.9053 21 0.265533
1077 7.03687e+13 1.21452e+11 2.14212e+06 46 19.9893 21 0.266661
1078 2.81475e+14 3.62991e+11 1.09181e+06 48 18.8955 20 0.249764
1079 4.39805e+12 2.67108e+10 562951 42 17.9834 19 0.234552
1080 7.03687e+13 1.05037e+11 1.09296e+06 46 19.1914 20 0.249266
1081 1.75922e+13 9.32415e+10 1.09283e+06 44 19.6973 20 0.264294
1082 2.81475e+14 3.1564e+11 1.08896e+06 48 18.9238 20 0.254374
1083 3.51844e+13 1.13699e+11 562095 45 18.1074 19 0.244694
1084 2.81475e+14 3.28889e+11 562748 48 17.8467 19 0.243064
1085 1.75922e+13 5.53129e+10 1.08896e+06 44 18.6797 20 0.253959
1086 2.81475e+14 3.80991e+11 563551 48 18.3008 19 0.250351
1087 2.81475e+14 3.01517e+11 2.13908e+06 48 19.9424 21 0.26233
1088 5.6295e+14 8.63504e+11 1.09111e+06 49 19.6426 20 0.269303
1089 7.03687e+13 1.5765e+11 1.09206e+06 46 19.7188 20 0.271811
1090 4.5036e+15 4.74745e+12 562095 52 18.5508 19 0.254331
1091 5.6295e+14 9.3762e+11 562545 49 18.6572 19 0.267222
1092 2.81475e+14 5.09189e+11 563789 48 18.5771 19 0.270154
1093 1.75922e+13 6.45881e+10 163795 44 16.9346 17 0.25292
1094 7.03687e+13 1.21852e+11 160014 46 16.2266 17 0.241551
1095 1.40737e+14 2.58157e+11 560462 47 17.8193 19 0.256738
1096 5.6295e+14 6.81216e+11 564026 49 18.5264 19 0.263269
1097 1.40737e+14 2.45903e+11 1.08845e+06 47 18.5713 20 0.258756
1098 5.6295e+14 1.3471e+12 297539 49 17.6055 18 0.247948
1099 1.40737e+14 1.88588e+11 560717 47 17.9893 19 0.252191
1100 5.6295e+14 1.09138e+12 560928 49 18.1475 19 0.251256
1101 2.81475e+14 3.70003e+11 559992 48 18.0703 19 0.253027
1102 1.75922e+13 6.304e+10 556545 44 18.1064 19 0.252864
1103 3.51844e+13 1.10663e+11 563232 45 18.3408 19 0.258412
1104 1.1259e+15 1.29682e+12 161185 50 16.7178 17 0.237013
1105 7.03687e+13 2.17794e+11 560121 46 18.248 19 0.262033
1106 3.51844e+13 1.07899e+11 294702 45 17.6152 18 0.253258
1107 3.51844e+13 8.54912e+10 163763 45 17.1123 17 0.248622
1108 2.81475e+14 3.18434e+11 560674 48 18.2764 19 0.263528
1109 1.40737e+14 4.772e+11 1.08995e+06 47 19.4297 20 0.283207
1110 5.6295e+14 9.36603e+11 560121 49 17.9189 19 0.262816
1111 5.6295e+14 8.90276e+11 1.08357e+06 49 18.9824 20 0.281393
1112 1.75922e+13 5.12436e+10 561431 44 18.4883 19 0.270341
1113 8.79609e+12 3.74243e+10 297829 43 17.541 18 0.258001
1114 3.51844e+13 9.54604e+10 297430 45 17.8135 18 0.257963
1115 3.51844e+13 1.21335e+11 562012 45 17.8281 19 0.254317
1116 2.2518e+15 2.37932e+12 93545.5 51 16.4814 16 0.243735
1117 1.15292e+18 1.12655e+15 1.08986e+06 60 19.5645 20 0.283068
1118 2.2518e+15 3.92295e+12 2.14371e+06 51 20.666 21 0.298933
1119 1.40737e+14 3.54962e+11 1.09338e+06 47 20.0244 20 0.289974
1120 5.6295e+14 6.71237e+11 1.09437e+06 49 19.7441 20 0.282628
1121 1.40737e+14 2.83009e+11 2.14134e+06 47 20.3037 21 0.295222
1122 2.81475e+14 3.46674e+11 1.08909e+06 48 19.1162 20 0.281255
1123 7.20576e+16 7.04773e+13 298366 56 17.5244 18 0.253022
1124 2.81475e+14 4.86291e+11 1.08743e+06 48 19.2109 20 0.285821
1125 1.80144e+16 1.79372e+13 562259 54 18.6387 19 0.277771
1126 3.51844e+13 7.24238e+10 1.08663e+06 45 18.917 20 0.298359
1127 5.6295e+14 6.36753e+11 563591 49 18.6104 19 0.287379
1128 7.03687e+13 1.90574e+11 1.08562e+06 46 18.7363 20 0.278672
1129 7.03687e+13 1.31293e+11 1.08995e+06 46 18.8096 20 0.273597
1130 5.6295e+14 8.4071e+11 559257 49 18.0039 19 0.257552
1131 1.40737e+14 1.65538e+11 1.0878e+06 47 18.7373 20 0.270894
1132 1.1259e+15 1.50494e+12 1.08873e+06 50 18.8281 20 0.277538
1133 1.40737e+14 2.47027e+11 1.08705e+06 47 18.8311 20 0.276069
1134 3.51844e+13 1.58466e+11 562218 45 18.6826 19 0.270836
1135 2.81475e+14 4.58412e+11 563112 48 18.5186 19 0.268818
1136 1.84467e+19 1.80146e+16 1.09172e+06 64 19.9043 20 0.286998
1137 7.03687e+13 1.38034e+11 1.0904e+06 46 20.0625 20 0.302159
1138 1.80144e+16 3.61023e+13 2.14009e+06 54 20.4502 21 0.305762
1139 2.2518e+15 3.10334e+12 2.14242e+06 51 20.8359 21 0.303722
1140 9.0072e+15 9.05502e+12 2.13685e+06 53 19.7295 21 0.293623
1141 5.6295e+14 1.17452e+12 2.13892e+06 49 20.2461 21 0.294183
1142 1.1259e+15 2.96489e+12 2.14304e+06 50 20.7949 21 0.309745
1143 1.1259e+15 2.16877e+12 1.08946e+06 50 19.8701 20 0.297401
1144 2.81475e+14 5.23126e+11 2.14069e+06 48 20.6338 21 0.308424
1145 2.81475e+14 5.91588e+11 1.09258e+06 48 20.4189 20 0.305128
1146 7.03687e+13 1.95205e+11 2.14357e+06 46 20.9434 21 0.311426
1147 5.6295e+14 1.50348e+12 2.14104e+06 49 20.5098 21 0.298562
1148 9.0072e+15 1.86038e+13 2.14362e+06 53 20.7129 21 0.300188
1149 7.03687e+13 2.49535e+11 2.13979e+06 46 20.2803 21 0.302828
1150 1.1259e+15 1.56372e+12 1.09111e+06 50 20.0977 20 0.294008
1151 1.44115e+17 1.42175e+14 2.13964e+06 57 20.6211 21 0.299271
1152 2.2518e+15 3.0974e+12 1.09045e+06 51 19.8438 20 0.289172
1153 2.81475e+14 5.63317e+11 1.09258e+06 48 20.1875 20 0.292285
1154 2.81475e+14 8.00487e+11 2.14309e+06 48 20.8965 21 0.301427
1155 2.81475e+14 8.26183e+11 1.09111e+06 48 19.9824 20 0.290193
1156 5.6295e+14 9.98623e+11 1.08719e+06 49 19.2119 20 0.280095
1157 2.2518e+15 2.82329e+12 2.14217e+06 51 20.5361 21 0.292978
1158 2.81475e+14 4.96669e+11 2.14295e+06 48 21.0293 21 0.304364
1159 5.6295e+14 1.06319e+12 2.14114e+06 49 20.0059 21 0.284563
1160 1.80144e+16 2.46072e+13 2.14558e+06 54 20.9561 21 0.300457
1161 1.40737e+14 4.28945e+11 2.1448e+06 47 21.3926 21 0.306649
1162 3.60288e+16 3.59379e+13 2.13826e+06 55 20.0713 21 0.28954
1163 2.8823e+17 2.86306e+14 2.14074e+06 58 20.5176 21 0.291633
1164 4.5036e+15 5.90009e+12 2.14114e+06 52 20.9912 21 0.286892
1165 2.81475e+14 8.24779e+11 1.08794e+06 48 19.6943 20 0.276644
1166 7.20576e+16 7.07715e+13 1.09172e+06 56 20.1289 20 0.287195
1167 2.2518e+15 3.26537e+12 2.1428e+06 51 20.6982 21 0.286522
1168 3.60288e+16 3.8011e+13 1.09124e+06 55 19.8301 20 0.28401
1169 1.80144e+16 2.42375e+13 1.08896e+06 54 19.6143 20 0.282505
1170 1.1259e+15 2.89384e+12 297136 50 18.5049 18 0.269749
1171 5.76461e+17 5.70722e+14 1.08845e+06 59 20.3477 20 0.29198
1172 4.5036e+15 1.63003e+13 2.13779e+06 52 20.708 21 0.307794
1173 7.20576e+16 9.41292e+13 1.08928e+06 56 20.0918 20 0.300195
1174 7.20576e+16 1.25881e+14 2.14531e+06 56 21.2617 21 0.319714
1175 4.5036e+15 9.26888e+12 2.14014e+06 52 21.0352 21 0.311592
1176 9.0072e+15 1.59181e+13 1.08836e+06 53 20.042 20 0.299472
1177 9.0072e+15 2.44647e+13 2.143e+06 53 20.8408 21 0.307133
1178 7.20576e+16 1.10746e+14 1.09058e+06 56 20.543 20 0.305825
1179 1.44115e+17 1.41912e+14 2.14333e+06 57 20.9805 21 0.310194
1180 2.8823e+17 4.68075e+14 2.14188e+06 58 21.707 21 0.330413
1181 3.60288e+16 6.19638e+13 2.14079e+06 55 20.9541 21 0.315731
1182 1.1259e+15 3.09493e+12 2.14217e+06 50 21.0654 21 0.320232
1183 1.80144e+16 2.608e+13 2.14069e+06 54 20.8672 21 0.315538
1184 1.15292e+18 1.12888e+15 555952 60 18.7637 19 0.292756
1185 5.76461e+17 5.65527e+14 92049.5 59 16.6582 16 0.257751
1186 1.44115e+17 1.63049e+14 2.14328e+06 57 21 21 0.318774
1187 4.5036e+15 1.79448e+13 2.13923e+06 52 20.7588 21 0.322511
1188 3.60288e+16 8.03534e+13 294467 55 18.8037 18 0.292279
1189 1.44115e+17 3.21184e+14 560505 57 19.4111 19 0.298542
1190 9.0072e+15 2.43265e+13 563829 53 19.9609 19 0.309299
1191 1.15292e+18 1.15777e+15 560547 60 19.1104 19 0.294711
1192 1.80144e+16 3.52443e+13 4.24017e+06 54 21.7607 22 0.329642
1193 9.0072e+15 1.34524e+13 1.0862e+06 53 20.1934 20 0.313294
1194 1.44115e+17 2.18644e+14 563591 57 20.377 19 0.310272
1195 3.60288e+16 4.34383e+13 1.08776e+06 55 20.5488 20 0.317761
1196 3.60288e+16 8.63834e+13 2.14089e+06 55 21.2959 21 0.328526
1197 1.80144e+16 6.77016e+13 1.09477e+06 54 20.7842 20 0.322946
1198 1.80144e+16 3.09883e+13 561054 54 19.7256 19 0.310309
1199 2.2518e+15 6.48403e+12 1.0849e+06 51 19.9365 20 0.31157
1200 1.80144e+16 6.40381e+13 564571 54 19.71 19 0.304289
1201 2.8823e+17 2.83449e+14 562586 58 19.6143 19 0.306994
1202 1.80144e+16 4.36398e+13 156803 54 17.75 17 0.268607
1203 1.15292e+18 1.13695e+15 560419 60 19.4326 19 0.299012
1204 1.80144e+16 2.29588e+13 4.23528e+06 54 21.1455 22 0.328901
1205 5.76461e+17 6.67578e+14 1.09321e+06 59 20.7168 20 0.319797
1206 5.76461e+17 8.53848e+14 2.14581e+06 59 21.2422 21 0.327019
1207 5.76461e+17 6.40783e+14 2.14295e+06 59 21.2969 21 0.329506
1208 9.0072e+15 2.90923e+13 1.09076e+06 53 20.6592 20 0.318832
1209 1.80144e+16 4.28166e+13 1.08923e+06 54 20.0693 20 0.306993
1210 3.60288e+16 4.67346e+13 563031 55 19.5557 19 0.305848
1211 5.76461e+17 5.76771e+14 2.13933e+06 59 20.7842 21 0.318776
1212 1.80144e+16 4.09005e+13 4.2448e+06 54 22.0039 22 0.336503
1213 7.20576e+16 1.03094e+14 2.14338e+06 56 21.2314 21 0.325834
1214 7.20576e+16 8.16059e+13 4.24397e+06 56 21.7383 22 0.330251
1215 7.20576e+16 1.42214e+14 8.44146e+06 56 22.4883 23 0.338401
1216 1.80144e+16 4.32769e+13 2.14089e+06 54 20.4941 21 0.30892
1217 1.80144e+16 5.26276e+13 2.14246e+06 54 20.7773 21 0.313076
1218 1.1259e+15 7.90177e+12 295747 50 19.1074 18 0.287737
1219 1.15292e+18 1.30445e+15 1.08868e+06 60 20.0195 20 0.299849
1220 1.44115e+17 1.88811e+14 2.13989e+06 57 20.6484 21 0.310395
1221 7.20576e+16 1.15895e+14 4.24418e+06 56 22.1699 22 0.335225
1222 9.22337e+18 9.05536e+15 561806 63 20.1855 19 0.308668
1223 1.80144e+16 3.66734e+13 1.0878e+06 54 20.2432 20 0.308687
1224 7.20576e+16 1.35074e+14 1.08905e+06 56 20.624 20 0.312091
1225 9.22337e+18 9.04404e+15 562748 63 20.1074 19 0.309227
1226 7.20576e+16 1.49034e+14 2.14232e+06 56 21.4854 21 0.328246
1227 1.80144e+16 6.19966e+13 2.14319e+06 54 21.418 21 0.328189
1228 9.22337e+18 9.07606e+15 1.08529e+06 63 20.623 20 0.31669
1229 1.15292e+18 1.74343e+15 562991 60 20.8447 19 0.323215
1230 1.44115e+17 2.6283e+14 565032 57 20.0508 19 0.310874
1231 2.30584e+18 2.40428e+15 297025 61 19.793 18 0.305644
1232 2.30584e+18 2.31639e+15 2.14114e+06 61 21.415 21 0.329184
1233 7.20576e+16 1.61454e+14 8.44512e+06 56 22.7119 23 0.345215
1234 1.44115e+17 3.82293e+14 4.24443e+06 57 22.2109 22 0.3383
1235 1.84467e+19 1.89438e+16 8.44135e+06 64 22.7441 23 0.342164
1236 2.8823e+17 2.97417e+14 4.24207e+06 58 22.1582 22 0.339462
1237 1.44115e+17 1.87172e+14 3.36144e+07 57 23.1602 25 0.345503
1238 2.8823e+17 4.30825e+14 4.24433e+06 58 22.1504 22 0.330423
1239 3.68935e+19 3.85275e+16 4.24521e+06 65 21.7861 22 0.332027
1240 2.30584e+18 3.06589e+15 8.43939e+06 61 21.9648 23 0.329579
1241 2.8823e+17 4.38857e+14 2.14183e+06 58 21.1143 21 0.317992
1242 1.80144e+16 5.26112e+13 1.08836e+06 54 20.5078 20 0.309573
1243 5.76461e+17 1.23123e+15 558996 59 20.2549 19 0.307771
1244 7.20576e+16 1.10961e+14 561306 56 19.6445 19 0.2956
1245 2.8823e+17 4.21775e+14 2.13867e+06 58 21.2012 21 0.32013
1246 1.84467e+19 1.8269e+16 1.09133e+06 64 20.6035 20 0.313946
1247 1.15292e+18 2.07292e+15 1.09219e+06 60 20.3389 20 0.307752
1248 3.60288e+16 8.40391e+13 563112 55 19.4551 19 0.292671
1249 2.8823e+17 3.14568e+14 296203 58 19.5283 18 0.292535
1250 3.68935e+19 3.61435e+16 295401 65 19.1719 18 0.286489
1251 2.30584e+18 4.3703e+15 8.4427e+06 61 22.5215 23 0.343252
1252 1.15292e+18 1.86553e+15 1.09461e+06 60 21.1162 20 0.321561
1253 5.76461e+17 1.20725e+15 8.44163e+06 59 23.1426 23 0.351414
1254 2.30584e+18 3.63458e+15 8.44709e+06 61 23.3105 23 0.356581
1255 1.15292e+18 1.42228e+15 3.36134e+07 60 23.6885 25 0.359579
1256 9.0072e+15 2.90398e+13 2.14395e+06 53 21.3975 21 0.326819
1257 2.30584e+18 3.40127e+15 4.24854e+06 61 22.3193 22 0.339045
1258 5.76461e+17 1.04091e+15 8.44386e+06 59 22.9092 23 0.348653
1259 1.84467e+19 1.84785e+16 8.44275e+06 64 22.9609 23 0.348168
1260 1.15292e+18 2.17331e+15 1.68346e+07 60 23.1504 24 0.351473
1261 1.44115e+17 3.89689e+14 1.6839e+07 57 23.6367 24 0.361307
1262 7.20576e+16 1.72579e+14 8.44281e+06 56 22.5391 23 0.342572
1263 1.44115e+17 2.51812e+14 4.24318e+06 57 21.624 22 0.330593
1264 1.18059e+21 1.15335e+18 4.24776e+06 70 22.4033 22 0.343234
1265 3.68935e+19 3.68299e+16 8.44287e+06 65 22.7637 23 0.349276
1266 2.95148e+20 2.90794e+17 1.68172e+07 68 22.8623 24 0.347347
1267 3.60288e+16 8.99351e+13 1.68431e+07 55 23.3027 24 0.35521
1268 2.8823e+17 9.36155e+14 1.68296e+07 58 23.1475 24 0.351863
1269 7.20576e+16 2.00881e+14 2.14114e+06 56 21.0752 21 0.32418
1270 1.80144e+16 1.04665e+14 4.23835e+06 54 21.8457 22 0.336656
1271 4.61169e+18 4.63143e+15 2.14285e+06 62 20.9512 21 0.318834
1272 1.80144e+16 7.72441e+13 8.44348e+06 54 22.4932 23 0.344194
1273 1.44115e+17 1.83399e+14 4.24495e+06 57 21.5254 22 0.331317
1274 4.61169e+18 6.7933e+15 296840 62 19.6152 18 0.306093
1275 1.15292e+18 1.59774e+15 560590 60 19.9297 19 0.307506
1276 4.61169e+18 4.89884e+15 4.24281e+06 62 21.6201 22 0.337174
1277 2.30584e+18 5.10534e+15 4.24702e+06 61 22.1748 22 0.343064
1278 1.47574e+20 1.49105e+17 1.08831e+06 67 20.793 20 0.330808
1279 1.88895e+22 1.84504e+19 4.24281e+06 74 22.3008 22 0.348487
1280 1.15292e+18 3.33948e+15 2.14242e+06 60 21.583 21 0.333574
1281 3.77789e+22 3.68937e+19 2.1464e+06 75 21.9492 21 0.336672
1282 2.8823e+17 8.58785e+14 4.24115e+06 58 22.2324 22 0.34253
1283 2.30584e+18 4.07201e+15 2.14338e+06 61 22.0557 21 0.342012
1284 1.15292e+18 2.49929e+15 8.43986e+06 60 22.7051 23 0.350006
1285 9.22337e+18 9.34906e+15 4.24712e+06 63 23.0889 22 0.357235
1286 9.22337e+18 1.18475e+16 3.36166e+07 63 24.8057 25 0.380221
1287 9.22337e+18 1.05896e+16 3.36147e+07 63 24.3027 25 0.372567
1288 2.30584e+18 6.14916e+15 3.36173e+07 61 24.3184 25 0.37514
1289 2.8823e+17 7.93426e+14 3.36175e+07 58 24.1582 25 0.369399
1290 9.22337e+18 9.46461e+15 8.43945e+06 63 22.6133 23 0.343641
1291 1.44115e+17 2.25588e+14 1.0942e+06 57 21.3711 20 0.331192
1292 1.47574e+20 1.48392e+17 1.6833e+07 67 23.2588 24 0.35689
1293 4.61169e+18 9.83128e+15 3.36156e+07 62 24.9062 25 0.381354
1294 2.30584e+18 4.50516e+15 3.36129e+07 61 24.5771 25 0.37625
1295 3.68935e+19 8.2076e+16 8.44259e+06 65 22.9082 23 0.352009
1296 5.76461e+17 1.13715e+15 2.13763e+06 59 22.0039 21 0.340452
1297 2.30584e+18 2.6483e+15 1.68329e+07 61 23.9648 24 0.366749
1298 1.84467e+19 2.74393e+16 8.43823e+06 64 22.6162 23 0.349258
1299 7.20576e+16 2.3767e+14 8.43536e+06 56 21.8203 23 0.340171
1300 2.30584e+18 6.02224e+15 4.24677e+06 61 22.6592 22 0.348268
1301 4.61169e+18 5.39877e+15 1.68316e+07 62 23.9131 24 0.367432
1302 1.15292e+18 1.78201e+15 3.3619e+07 60 24.5811 25 0.37719
1303 4.61169e+18 5.27438e+15 3.36179e+07 62 24.4844 25 0.374008
1304 4.61169e+18 5.8032e+15 3.36196e+07 62 24.7373 25 0.378551
1305 7.3787e+19 7.28952e+16 3.36159e+07 66 24.3662 25 0.375302
1306 5.76461e+17 1.36189e+15 1.68368e+07 59 24.1689 24 0.366361
1307 1.15292e+18 1.28367e+15 1.6834e+07 60 23.5068 24 0.360426
1308 1.84467e+19 2.97611e+16 3.36085e+07 64 23.9248 25 0.371505
1309 1.15292e+18 1.71273e+15 8.43506e+06 60 22.2734 23 0.349792
1310 2.36118e+21 2.31102e+18 2.14069e+06 71 21.9736 21 0.350962
1311 1.84467e+19 1.82995e+16 1.08715e+06 64 20.7783 20 0.32166
1312 2.8823e+17 1.38471e+15 8.44298e+06 58 23.416 23 0.364018
1313 3.68935e+19 3.74457e+16 4.24055e+06 65 22.1396 22 0.349978
1314 1.15292e+18 3.7797e+15 8.43934e+06 60 23.3555 23 0.37018
1315 9.22337e+18 1.11478e+16 8.44157e+06 63 22.79 23 0.363163
1316 2.95148e+20 2.92507e+17 3.36151e+07 68 24.4268 25 0.390305
1317 1.84467e+19 2.01989e+16 1.68358e+07 64 24.5205 24 0.389147
1318 1.84467e+19 2.32532e+16 3.36109e+07 64 23.7832 25 0.374639
1319 7.3787e+19 7.4772e+16 4.23951e+06 66 22.3369 22 0.354794
1320 1.84467e+19 4.42942e+16 3.36208e+07 64 24.418 25 0.385315
1321 2.8823e+17 6.14192e+14 1.08353e+06 58 20.7656 20 0.334394
1322 2.30584e+18 5.25108e+15 2.1448e+06 61 21.7656 21 0.348604
1323 4.61169e+18 7.67425e+15 1.68351e+07 62 23.6416 24 0.376526
1324 4.61169e+18 4.82408e+15 8.4449e+06 62 22.8809 23 0.364151
1325 4.61169e+18 6.83311e+15 8.43686e+06 62 23.2158 23 0.369955
1326 1.51116e+23 1.47647e+20 4.24233e+06 77 22.6289 22 0.364953
1327 1.18059e+21 1.16471e+18 8.44463e+06 70 23.8887 23 0.38726
1328 9.22337e+18 1.02209e+16 1.6834e+07 63 24.4355 24 0.397692
1329 9.22337e+18 2.09217e+16 4.24066e+06 63 22.7256 22 0.372495
1330 2.30584e+18 5.07749e+15 4.24061e+06 61 22.7012 22 0.374774
1331 5.76461e+17 1.29876e+15 1.68301e+07 59 23.3535 24 0.383361
1332 1.15292e+18 6.38213e+15 2.14328e+06 60 22.4111 21 0.365895
1333 1.15292e+18 2.4717e+15 4.23818e+06 60 22.4502 22 0.366838
1334 5.90296e+20 5.86286e+17 1.08658e+06 69 21.0176 20 0.354513
1335 9.22337e+18 9.84993e+15 1.09137e+06 63 21.3008 20 0.358898
1336 1.47574e+20 1.46766e+17 4.24637e+06 67 23.3691 22 0.377698
1337 4.61169e+18 7.95298e+15 8.44242e+06 62 23.5059 23 0.376203
1338 2.8823e+17 8.10216e+14 2.13558e+06 58 21.6025 21 0.345585
1339 4.61169e+18 5.39786e+15 4.23829e+06 62 22.2461 22 0.357573
1340 1.18059e+21 1.29731e+18 2.14357e+06 70 22.0664 21 0.356322
1341 7.3787e+19 1.4702e+17 4.24297e+06 66 23.0947 22 0.377641
1342 1.84467e+19 2.2128e+16 1.68357e+07 64 24.6191 24 0.394022
1343 2.30584e+18 3.96322e+15 4.24006e+06 61 22.3096 22 0.359964
1344 4.61169e+18 8.81696e+15 8.44624e+06 62 23.4609 23 0.373804
1345 1.88895e+22 1.84482e+19 3.36077e+07 74 24.1455 25 0.387818
1346 1.84467e+19 1.86963e+16 3.36141e+07 64 23.7227 25 0.384409
1347 9.22337e+18 1.63077e+16 3.36144e+07 63 24.6533 25 0.390466
1348 4.61169e+18 7.17475e+15 1.68267e+07 62 23.7158 24 0.376749
1349 1.44115e+17 5.09813e+14 1.68296e+07 57 23.1445 24 0.364426
1350 2.30584e+18 5.09193e+15 4.24806e+06 61 23.0654 22 0.36275
1351 7.3787e+19 8.18284e+16 1.68374e+07 66 23.9434 24 0.373493
1352 2.95148e+20 3.25011e+17 4.245e+06 68 23.0967 22 0.362899
1353 1.47574e+20 2.26488e+17 8.43963e+06 67 23.1445 23 0.37286
1354 1.84467e+19 2.02876e+16 1.68318e+07 64 24.3496 24 0.395079
1355 1.47574e+20 1.58774e+17 1.68235e+07 67 24.2461 24 0.402553
1356 1.18059e+21 1.20831e+18 4.2419e+06 70 23.1748 22 0.390284
1357 3.68935e+19 4.77002e+16 6.71745e+07 65 25.8496 26 0.428275
1358 2.36118e+21 2.40913e+18 8.43823e+06 71 23.7529 23 0.398086
1359 1.47574e+20 2.75316e+17 1.34289e+08 67 27.0889 27 0.449393
1360 7.55579e+22 7.39536e+19 1.34291e+08 76 27.1445 27 0.4523
1361 1.47574e+20 3.71592e+17 2.68507e+08 67 27.4678 28 0.463168
1362 2.95148e+20 3.11297e+17 1.34285e+08 68 26.8604 27 0.446253
1363 2.95148e+20 3.22884e+17 3.36165e+07 68 25.7461 25 0.436416
1364 1.47574e+20 1.86082e+17 2.68508e+08 67 27.6465 28 0.459556
1365 2.95148e+20 3.23046e+17 6.71649e+07 68 26.3311 26 0.438451
1366 2.95148e+20 7.69272e+17 8.43905e+06 68 24.0293 23 0.405228
1367 4.72237e+21 7.02918e+18 6.71698e+07 72 25.749 26 0.428088
1368 1.88895e+22 1.9467e+19 6.71727e+07 74 26.3496 26 0.435948
1369 3.77789e+22 3.71768e+19 1.34299e+08 75 27.7051 27 0.462853
1370 1.47574e+20 2.94224e+17 3.36149e+07 67 25.0459 25 0.423254
1371 2.36118e+21 2.36694e+18 3.36175e+07 71 25.5303 25 0.426198
1372 1.84467e+19 8.04738e+16 3.36181e+07 64 26.5156 25 0.443336
1373 1.84467e+19 6.6436e+16 1.68361e+07 64 24.9062 24 0.418308
1374 2.36118e+21 2.61308e+18 3.36157e+07 71 25.4297 25 0.428474
1375 1.47574e+20 2.09526e+17 6.71724e+07 67 25.7822 26 0.428895
1376 2.95148e+20 4.10117e+17 6.7181e+07 68 26.0361 26 0.427894
1377 1.18059e+21 1.16675e+18 1.34283e+08 70 26.2373 27 0.433004
1378 3.68935e+19 1.17059e+17 5.36952e+08 65 27.9844 29 0.463602
1379 1.88895e+22 1.84649e+19 6.71736e+07 74 26.3818 26 0.437937
1380 1.47574e+20 2.54673e+17 2.68508e+08 67 26.9209 28 0.444913
1381 4.61169e+18 2.6678e+16 1.68292e+07 62 24.6172 24 0.407588
1382 7.3787e+19 1.19797e+17 3.36135e+07 66 24.626 25 0.409764
1383 1.47574e+20 1.72552e+17 3.3606e+07 67 24.9004 25 0.411749
1384 1.47574e+20 1.72343e+17 3.36174e+07 67 24.8936 25 0.41137
1385 1.88895e+22 1.87555e+19 6.71752e+07 74 26.0332 26 0.433946
1386 1.18059e+21 1.38708e+18 3.36163e+07 70 25.5088 25 0.424234
1387 5.90296e+20 6.69535e+17 1.34285e+08 69 26.751 27 0.435911
1388 7.3787e+19 1.51217e+17 2.14348e+06 66 23.0918 21 0.379255
1389 9.44473e+21 9.43964e+18 2.14054e+06 73 22.9824 21 0.37931
1390 3.02231e+23 2.96165e+20 3.36117e+07 78 24.8398 25 0.411681
1391 4.72237e+21 5.32037e+18 2.14357e+06 72 23.2666 21 0.383766
1392 7.3787e+19 1.61298e+17 1.0912e+06 66 22.2314 20 0.364791
1393 1.18059e+21 1.54744e+18 2.13727e+06 70 22.3545 21 0.374465
1394 7.3787e+19 1.84563e+17 2.13815e+06 66 22.3701 21 0.370721
1395 1.18059e+21 1.95118e+18 4.24158e+06 70 23.8096 22 0.398417
1396 1.47574e+20 2.97655e+17 3.36073e+07 67 25.0156 25 0.418311
1397 2.95148e+20 3.73208e+17 6.71752e+07 68 25.7041 26 0.427232
1398 1.18059e+21 1.1918e+18 6.71671e+07 70 25.4424 26 0.418185
1399 2.95148e+20 4.29205e+17 2.68513e+08 68 27.209 28 0.445381
1400 3.68935e+19 8.34984e+16 2.68514e+08 65 27.0156 28 0.438222
1401 2.95148e+20 3.91837e+17 1.34287e+08 68 25.6445 27 0.425364
1402 2.36118e+21 2.37105e+18 6.7178e+07 71 25.6553 26 0.418214
1403 5.90296e+20 7.08396e+17 2.685e+08 69 26.3838 28 0.431725
1404 1.84467e+19 5.2717e+16 3.36227e+07 64 25.293 25 0.412086
1405 2.95148e+20 4.52789e+17 3.36123e+07 68 25.041 25 0.408981
1406 9.44473e+21 2.42282e+19 3.36117e+07 73 24.7158 25 0.405431
1407 2.36118e+21 4.93599e+18 2.68512e+08 71 27.5391 28 0.45033
1408 7.3787e+19 1.13668e+17 1.34283e+08 66 25.4814 27 0.421807
1409 1.18059e+21 1.4589e+18 2.68506e+08 70 26.9766 28 0.447643
1410 5.90296e+20 1.31548e+18 3.3618e+07 69 25.8896 25 0.425678
1411 1.47574e+20 2.16844e+17 3.36158e+07 67 25.1416 25 0.417773
1412 2.95148e+20 1.03805e+18 6.71807e+07 68 26.6553 26 0.442108
1413 9.44473e+21 1.07845e+19 8.44106e+06 73 23.376 23 0.390211
1414 9.44473e+21 9.43379e+18 1.68324e+07 73 24.9424 24 0.429039
1415 3.77789e+22 3.993e+19 3.36237e+07 75 25.749 25 0.441909
1416 9.44473e+21 9.53314e+18 8.44264e+06 73 23.9287 23 0.412354
1417 1.18059e+21 1.54896e+18 8.43968e+06 70 24.6709 23 0.424619
1418 2.95148e+20 3.76559e+17 556636 68 21.21 19 0.377125
1419 4.72237e+21 4.6608e+18 3.36056e+07 72 24.2725 25 0.417421
1420 1.18059e+21 1.65749e+18 6.71697e+07 70 25.6045 26 0.444205
1421 5.90296e+20 8.08592e+17 1.34282e+08 69 26.292 27 0.452295
1422 1.88895e+22 1.8918e+19 1.34287e+08 74 26.2852 27 0.449462
1423 2.36118e+21 2.70281e+18 1.34282e+08 71 25.417 27 0.437477
1424 1.88895e+22 1.96576e+19 6.71725e+07 74 25.7793 26 0.440523
1425 5.90296e+20 1.12063e+18 2.68511e+08 69 27.3711 28 0.462804
1426 5.90296e+20 7.7728e+17 6.71723e+07 69 25.5039 26 0.427551
1427 2.36118e+21 2.57718e+18 3.36103e+07 71 25.0518 25 0.432566
1428 5.90296e+20 1.21164e+18 6.71724e+07 69 26.0615 26 0.446381
1429 4.72237e+21 6.66823e+18 1.68287e+07 72 24.4912 24 0.418847
1430 2.95148e+20 5.40692e+17 3.36124e+07 68 24.6592 25 0.425345
1431 2.95148e+20 5.14521e+17 1.68205e+07 68 24.668 24 0.421494
1432 5.90296e+20 7.47348e+17 8.44342e+06 69 24.1289 23 0.413127
1433 2.36118e+21 2.36243e+18 3.36115e+07 71 24.8291 25 0.419366
1434 4.72237e+21 5.7598e+18 1.68333e+07 72 25.3496 24 0.431579
1435 2.95148e+20 6.09323e+17 3.36156e+07 68 26.208 25 0.452494
1436 2.95148e+20 6.5026e+17 1.68304e+07 68 24.6934 24 0.424085
1437 9.44473e+21 2.02983e+19 3.36131e+07 73 25.7637 25 0.438289
1438 2.95148e+20 1.0658e+18 1.68254e+07 68 24.2217 24 0.40887
1439 2.36118e+21 2.53422e+18 3.36064e+07 71 25.0244 25 0.42309
1440 7.3787e+19 1.15746e+17 8.43561e+06 66 23.5459 23 0.412319
1441 9.22337e+18 2.70393e+16 3.36062e+07 63 24.8223 25 0.423311
1442 9.44473e+21 9.3762e+18 8.43663e+06 73 23.5674 23 0.410302
1443 1.18059e+21 1.43557e+18 2.68509e+08 70 27.584 28 0.465832
1444 1.47574e+20 4.0077e+17 1.34287e+08 67 26.9307 27 0.455543
1445 9.44473e+21 1.098e+19 1.3428e+08 73 26.9307 27 0.458736
1446 4.72237e+21 7.19394e+18 1.3428e+08 72 27.3057 27 0.468225
1447 9.44473e+21 1.53714e+19 1.34294e+08 73 27.083 27 0.460782
1448 5.90296e+20 3.01047e+18 1.34271e+08 69 27.0273 27 0.461114
1449 1.18059e+21 4.35288e+18 1.34291e+08 70 26.9521 27 0.464158
1450 4.72237e+21 8.09571e+18 1.68371e+07 72 24.8115 24 0.423495
1451 2.41785e+24 3.54391e+21 1.34287e+08 81 27.084 27 0.462335
1452 5.90296e+20 1.96146e+18 6.71711e+07 69 26.5879 26 0.459886
1453 3.77789e+22 3.76594e+19 3.36146e+07 75 25.8047 25 0.440026
1454 5.90296e+20 7.23804e+17 4.24001e+06 69 23.6846 22 0.405198
1455 1.51116e+23 1.56983e+20 8.42672e+06 77 24.0967 23 0.42247
1456 5.90296e+20 1.45124e+18 3.36086e+07 69 25.3037 25 0.442879
1457 5.90296e+20 2.20509e+18 3.36153e+07 69 25.7031 25 0.444056
1458 1.54743e+26 1.60589e+23 6.71714e+07 87 25.9736 26 0.45375
1459 9.44473e+21 1.00075e+19 4.23648e+06 73 23.7129 22 0.423531
1460 7.55579e+22 7.45755e+19 551717 76 21.7549 19 0.38195
1461 2.36118e+21 5.55564e+18 4.2379e+06 71 23.8623 22 0.423363
1462 1.47574e+20 2.10548e+17 4.23879e+06 67 23.333 22 0.417726
1463 1.88895e+22 2.89915e+19 1.08596e+06 74 22.3691 20 0.399955
1464 2.36118e+21 2.98004e+18 2.14276e+06 71 23.4512 21 0.415083
1465 7.3787e+19 2.41491e+17 4.23248e+06 66 23.7061 22 0.417248
1466 7.3787e+19 1.71283e+17 8.43834e+06 66 24.0537 23 0.420473
1467 5.90296e+20 1.36655e+18 556454 69 21.7998 19 0.386402
1468 1.47574e+20 2.6129e+17 562012 67 21.2021 19 0.376739
1469 5.90296e+20 9.6908e+17 4.23626e+06 69 23.6738 22 0.413516
1470 2.95148e+20 3.7703e+17 1.08634e+06 68 23.0322 20 0.406091
1471 2.95148e+20 5.99541e+17 558292 68 22.0762 19 0.386139
1472 9.44473e+21 1.39562e+19 1.08804e+06 73 22.9395 20 0.400689
1473 5.90296e+20 1.91924e+18 1.08318e+06 69 22.7812 20 0.403002
1474 4.72237e+21 4.80507e+18 1.0848e+06 72 22.3096 20 0.392057
1475 1.88895e+22 1.98548e+19 3.3609e+07 74 25.1719 25 0.440442
1476 9.44473e+21 9.91174e+18 1.68282e+07 73 24.9043 24 0.439102
1477 2.36118e+21 4.17598e+18 8.43036e+06 71 24.3408 23 0.437044
1478 5.90296e+20 1.29623e+18 8.4398e+06 69 24.6191 23 0.427602
1479 1.20893e+24 1.18594e+21 1.68318e+07 80 25.2393 24 0.441659
1480 9.44473e+21 9.75905e+18 2.13617e+06 73 23.0312 21 0.412531
1481 1.88895e+22 2.31987e+19 8.43341e+06 74 24.4268 23 0.436771
1482 2.36118e+21 2.36575e+18 4.23745e+06 71 23.9717 22 0.430274
1483 5.90296e+20 7.29859e+17 1.68315e+07 69 24.8008 24 0.445218
1484 5.90296e+20 9.25034e+17 295517 69 22.2012 18 0.41169
1485 3.02231e+23 2.95883e+20 4.23694e+06 78 24.0732 22 0.431004
1486 9.44473e+21 1.21009e+19 3.36175e+07 73 26.1377 25 0.464295
1487 2.36118e+21 4.55275e+18 4.2449e+06 71 24.5234 22 0.435874
1488 5.90296e+20 1.70668e+18 8.43603e+06 69 24.9092 23 0.44296
1489 9.44473e+21 1.44773e+19 8.43669e+06 73 24.7764 23 0.437152
1490 7.55579e+22 7.49581e+19 3.36099e+07 76 26.1582 25 0.453694
1491 1.88895e+22 2.10069e+19 3.36125e+07 74 26.0264 25 0.45607
1492 9.44473e+21 1.43221e+19 6.71643e+07 73 26.6221 26 0.458396
1493 7.55579e+22 7.85609e+19 2.68511e+08 76 27.4482 28 0.475784
1494 1.47574e+20 4.01617e+17 3.36146e+07 67 25.9258 25 0.456475
1495 1.18059e+21 1.72021e+18 8.43893e+06 70 24.6465 23 0.429592
1496 2.95148e+20 6.44772e+17 1.68299e+07 68 24.4961 24 0.424338
1497 1.18059e+21 2.49735e+18 2.14153e+06 70 23.2715 21 0.403649
1498 9.44473e+21 1.01573e+19 4.24044e+06 73 24.1055 22 0.417776
1499 1.47574e+20 6.02437e+17 6.71719e+07 67 26.1338 26 0.446685
