636.239
0 112.934 7.72614 4 1 0.0351562 0 0.010641
1 109.275 8.38998 4 1 0.0380859 0 0.0107305
2 434.639 7.82272 5 2 0.0302734 0 0.0107294
3 434.639 10.3351 5 2 0.0517578 0 0.0110055
4 434.954 10.1786 5 2 0.0478516 0 0.0110115
5 111.937 9.39871 5 1 0.0429688 0 0.0111308
6 114.828 8.76852 5 1 0.0390625 0 0.0109646
7 434.476 10.3344 5 2 0.0498047 0 0.0111828
8 111.937 10.153 5 1 0.0488281 0 0.0112216
9 435.151 11.3727 5 2 0.0498047 0 0.0114589
10 435.053 11.1916 5 2 0.0458984 0 0.0117943
11 434.954 12.7515 6 2 0.0517578 0 0.0121097
12 434.954 13.576 6 2 0.0605469 0 0.0126492
13 435.076 15.3278 6 2 0.0595703 0 0.013943
14 1010.79 19.5087 6 3 0.0712891 0 0.0142967
15 435.076 23.0853 7 2 0.0693359 0 0.0175731
16 435.149 31.463 8 2 0.078125 0 0.0218073
17 435.151 42.9051 9 2 0.0791016 0 0.0280194
18 435.127 58.5595 22 2 0.107422 0 0.0355306
19 1004.99 65.7163 101 3 0.0986328 0 0.0402932
20 837.857 66.8689 101 3 0.0976562 0 0.0430697
21 435.151 65.7724 101 2 0.0712891 0 0.0421925
22 435.151 72.2165 101 2 0.0839844 0 0.0455448
23 991.21 71.4549 101 3 0.0878906 0 0.0457275
24 435.151 72.5056 101 2 0.0888672 0 0.0457122
25 1012.18 74.2559 101 3 0.109375 0 0.0451149
26 1012.18 71.6403 101 3 0.0820312 0 0.045149
27 1004.1 73.6402 101 3 0.0996094 0 0.0448464
28 991.21 73.2946 101 3 0.0791016 0 0.0470446
29 987.443 76.4481 101 3 0.0898438 0 0.046693
30 435.127 74.712 101 2 0.0859375 0 0.0469914
31 1004.99 78.235 101 3 0.0976562 0 0.0467493
32 1783.71 78.6046 101 4 0.0957031 0 0.0485608
33 435.151 72.0295 101 2 0.0693359 0 0.0465818
34 435.151 75.4484 101 2 0.0869141 0 0.0476613
35 435.151 75.8538 101 2 0.0917969 0 0.0473104
36 1011.31 76.3344 101 3 0.0898438 0 0.0479097
37 993.611 81.4773 101 3 0.106445 0 0.0490032
38 435.151 76.4419 101 2 0.0810547 0 0.0481105
39 435.151 78.0654 101 2 0.0917969 0 0.0499272
40 435.151 83.0523 101 2 0.0917969 0 0.0516004
41 1009.59 82.1462 101 3 0.0947266 0 0.0504308
42 435.127 78.2304 101 2 0.0927734 0 0.0488977
43 435.151 80.1739 101 2 0.0996094 0 0.049465
44 435.053 77.1149 101 2 0.0800781 0 0.0497211
45 435.127 82.2506 101 2 0.09375 0 0.0511446
46 1004.1 79.7741 101 3 0.101562 0 0.0482615
47 435.149 80.5382 101 2 0.0947266 0 0.0508198
48 435.117 79.3383 101 2 0.0751953 0 0.0505978
49 988.72 83.972 101 3 0.09375 0 0.0507069
50 1003.18 81.7865 101 3 0.110352 0 0.0491354
51 435.149 78.2946 101 2 0.0839844 0 0.0492796
52 979.358 83.5644 101 3 0.0869141 0 0.0527048
53 435.151 82.0232 101 2 0.0947266 0 0.0514513
54 435.151 83.3312 101 2 0.111328 0 0.0497186
55 1011.31 84.1184 101 3 0.0966797 0 0.0524668
56 435.149 84.7879 101 2 0.111328 0 0.0508763
57 986.145 84.5856 101 3 0.105469 0 0.0516486
58 435.149 81.797 101 2 0.078125 0 0.051761
59 1010.79 85.1995 101 3 0.107422 0 0.0499168
60 435.076 83.57 101 2 0.105469 0 0.0513654
61 1012.18 84.226 101 3 0.114258 0 0.0492702
62 435.151 81.6461 101 2 0.0976562 0 0.0497432
63 988.72 84.7523 101 3 0.107422 0 0.0511872
64 434.902 83.9365 101 2 0.0966797 0 0.0518914
65 435.149 84.9935 101 2 0.108398 0 0.0529989
66 435.053 84.9317 101 2 0.102539 0 0.0522559
67 435.149 80.9044 101 2 0.0917969 0 0.0513923
68 434.902 79.7902 101 2 0.0830078 0 0.0514316
69 1819.76 90.7497 101 4 0.119141 0 0.0514479
70 1008.21 85.854 101 3 0.112305 0 0.0521597
71 959.636 85.3248 101 3 0.0986328 0 0.0513629
72 435.151 86.0161 101 2 0.103516 0 0.0526025
73 983.489 87.2745 101 3 0.0947266 0 0.0547742
74 435.151 86.8403 101 2 0.105469 0 0.0538308
75 1005.85 86.8035 101 3 0.0986328 0 0.0531779
76 976.512 88.468 101 3 0.102539 0 0.0543484
77 435 86.5544 101 2 0.0927734 0 0.0537379
78 435.151 84.718 101 2 0.106445 0 0.0520461
79 967.552 87.862 101 3 0.105469 0 0.0549845
80 435.127 86.5785 101 2 0.112305 0 0.0526875
81 977.944 88.9658 101 3 0.124023 0 0.0524444
82 966 86.3666 101 3 0.0898438 0 0.0535586
83 1003.18 87.0496 101 3 0.107422 0 0.0525018
84 809.528 88.8227 101 3 0.109375 0 0.0547571
85 998.128 89.0355 101 3 0.107422 0 0.0547514
86 435.117 84.4039 101 2 0.118164 0 0.0503988
87 746.805 84.3405 101 3 0.116211 0 0.0518345
88 435.117 84.7962 101 2 0.0957031 0 0.0523205
89 435.149 85.0726 101 2 0.0957031 0 0.05364
90 989.976 87.2805 101 3 0.103516 0 0.0537079
91 979.358 87.6106 101 3 0.108398 0 0.0530162
92 992.422 88.2233 101 3 0.104492 0 0.0536003
93 435.149 84.9367 101 2 0.0947266 0 0.0531192
94 860.502 86.6479 101 3 0.0976562 0 0.052853
95 942.692 88.5171 101 3 0.102539 0 0.0538337
96 435.149 91.1694 101 2 0.125 0 0.053645
97 1011.78 92.5765 101 3 0.123047 0 0.0538322
98 986.145 90.6045 101 3 0.111328 0 0.0545811
99 964.432 90.3587 101 3 0.130859 0 0.0537683
100 1002.23 89.0227 101 3 0.115234 0 0.0537763
101 1815.68 88.4171 101 4 0.104492 0 0.0543272
102 954.703 88.9354 101 3 0.119141 0 0.0523508
103 435.151 87.9424 101 2 0.0966797 0 0.0542576
104 1811.47 88.0447 101 4 0.12207 0 0.0532941
105 1006.68 87.2174 101 3 0.0976562 0 0.0534101
106 1005.85 89.4608 101 3 0.111328 0 0.0543453
107 1661.63 88.4298 101 4 0.101562 0 0.0542292
108 940.922 87.4974 101 3 0.112305 0 0.0536415
109 1823.71 87.1306 101 4 0.108398 0 0.0525904
110 916.75 89.4553 101 3 0.131836 0 0.053257
111 1000.23 88.7819 101 3 0.0986328 0 0.0537597
112 1005.85 87.1459 101 3 0.0976562 0 0.0548005
113 987.443 88.5825 101 3 0.128906 0 0.053014
114 1002.23 89.0827 101 3 0.118164 0 0.0540275
115 823.846 89.1969 101 3 0.113281 0 0.0533727
116 995.918 89.0404 101 3 0.108398 0 0.0539494
117 989.976 90.9971 101 3 0.126953 0 0.0535038
118 1837.92 90.0412 101 4 0.131836 0 0.0522144
119 1752.35 91.5112 101 4 0.104492 0 0.0546447
120 435.151 89.8943 101 2 0.12793 0 0.0535306
121 1002.23 92.8047 101 3 0.129883 0 0.054828
122 1004.99 89.9195 101 3 0.108398 0 0.0543358
123 435.149 87.7956 101 2 0.09375 0 0.0544242
124 972.108 90.8668 101 3 0.0927734 0 0.0569653
125 1011.31 92.4055 101 3 0.130859 0 0.0551179
126 1720.96 90.0102 101 4 0.0947266 0 0.0564304
127 435.127 90.7628 101 2 0.0927734 0 0.0585669
128 1008.21 93.2318 101 3 0.110352 0 0.0565093
129 1008.21 94.2136 101 3 0.115234 0 0.0572957
130 1012.18 94.0254 101 3 0.117188 0 0.057292
131 435.149 90.1044 101 2 0.110352 0 0.0551213
132 733.702 89.6348 101 3 0.100586 0 0.0554421
133 862.715 91.6435 101 3 0.117188 0 0.0551793
134 435.151 92.1951 101 2 0.124023 0 0.0553946
135 1005.85 92.7659 101 3 0.113281 0 0.0559236
136 947.923 98.1614 101 3 0.135742 0 0.0572441
137 1519.52 93.6181 101 4 0.115234 0 0.0561199
138 1003.18 96.7698 101 3 0.125977 0 0.0560612
139 1000.23 92.9802 101 3 0.125 0 0.0560299
140 435.149 91.9845 101 2 0.128906 0 0.0540947
141 1004.1 91.9997 101 3 0.102539 0 0.056007
142 435.117 89.1002 101 2 0.0898438 0 0.0564255
143 2745.01 99.3022 101 5 0.124023 0 0.0571462
144 992.422 98.3672 101 3 0.130859 0 0.0572542
145 964.432 92.7531 101 3 0.0966797 0 0.0580841
146 2894.36 101.756 101 5 0.132812 0 0.0582626
147 951.342 94.063 101 3 0.114258 0 0.0579237
148 1006.68 95.2852 101 3 0.117188 0 0.0564051
149 989.976 92.3541 101 3 0.121094 0 0.0566102
150 976.512 95.0214 101 3 0.136719 0 0.0559776
151 1010.79 93.8647 101 3 0.105469 0 0.0566414
152 1011.78 91.3591 101 3 0.0810547 0 0.0568949
153 1836.29 94.1758 101 4 0.103516 0 0.0571769
154 1004.99 94.4074 101 3 0.102539 0 0.0576612
155 1003.18 94.2909 101 3 0.115234 0 0.057841
156 991.21 98.5041 101 3 0.114258 0 0.0603391
157 853.804 90.2245 101 3 0.0869141 0 0.0568513
158 992.422 98.0899 101 3 0.107422 0 0.0613338
159 435.151 94.8884 101 2 0.118164 0 0.0575075
160 435.149 90.9501 101 2 0.078125 0 0.0580336
161 1003.18 96.696 101 3 0.112305 0 0.0581991
162 986.145 93.0227 101 3 0.0986328 0 0.0573249
163 1771.04 94.7694 101 4 0.105469 0 0.0570971
164 435.151 94.7916 101 2 0.115234 0 0.0580345
165 1002.23 95.5311 101 3 0.109375 0 0.0576427
166 2615.56 100.174 101 5 0.12793 0 0.0590371
167 995.918 98.0546 101 3 0.120117 0 0.0592987
168 997.036 95.2488 101 3 0.12207 0 0.0582196
169 435.053 95.2458 101 2 0.117188 0 0.0588229
170 1009.59 97.5423 101 3 0.144531 0 0.0565827
171 992.422 96.5362 101 3 0.125 0 0.0573686
172 1003.18 101.186 101 3 0.143555 0 0.0586272
173 435.076 95.1505 101 2 0.141602 0 0.056761
174 1802.66 102.673 101 4 0.166992 0 0.0566692
175 1738.37 98.8821 101 4 0.136719 0 0.0581596
176 995.918 96.446 101 3 0.15332 0 0.0561109
177 1002.23 98.8351 101 3 0.15625 0 0.0573583
178 1009.59 98.3958 101 3 0.158203 0 0.0569824
179 986.145 94.8924 101 3 0.141602 0 0.0562944
180 1036.51 94.4525 101 4 0.143555 0 0.0563353
181 997.036 100.766 101 3 0.168945 0 0.0572655
182 1752.35 98.4199 101 4 0.146484 0 0.0559841
183 1010.21 100.615 101 3 0.172852 0 0.056059
184 1003.18 96.8577 101 3 0.15332 0 0.054406
185 1813.59 101.321 101 4 0.193359 0 0.0546833
186 975.061 96.4998 101 3 0.168945 0 0.0552117
187 1641.71 94.8558 101 4 0.162109 0 0.0548758
188 1817.74 96.2385 101 4 0.171875 0 0.0545411
189 2863.89 107.598 101 5 0.208008 0 0.0547178
190 1002.23 100.476 101 3 0.179688 0 0.0549325
191 1008.21 99.1375 101 3 0.19043 0 0.0549197
192 997.036 98.5099 101 3 0.183594 0 0.0566458
193 1003.18 102.238 101 3 0.201172 0 0.0579427
194 1404.51 98.303 101 4 0.182617 0 0.0562112
195 7372.91 107.634 101 8 0.204102 0 0.0543584
196 979.358 101.499 101 3 0.206055 0 0.0548203
197 1776.18 103.799 101 4 0.232422 0 0.0531611
198 2718.6 106.352 101 5 0.238281 0 0.0551321
199 1778.72 105.013 101 4 0.244141 0 0.0529135
200 3728.22 107.001 101 6 0.240234 0 0.0523954
201 3558.11 106.985 101 6 0.261719 0 0.0522492
202 1004.1 103.341 101 4 0.267578 0 0.0505148
203 1461.16 102.24 101 4 0.270508 0 0.0520385
204 3912.98 104.938 101 6 0.240234 0 0.0515644
205 1811.47 111.334 101 4 0.270508 0 0.0527919
206 1776.18 107.62 101 4 0.273438 0 0.0526766
207 1823.71 106.672 101 5 0.260742 0 0.0515957
208 1800.39 109.537 101 4 0.280273 0 0.052182
209 4181.49 126.727 101 6 0.333008 0 0.0520188
210 2015.47 114.178 101 5 0.311523 0 0.0521459
211 3925.55 122.107 101 6 0.323242 0 0.0528476
212 2709.62 119.935 101 5 0.332031 0 0.0520255
213 2897.56 119.332 101 5 0.341797 0 0.0514603
214 2575.89 127.082 101 5 0.388672 0 0.0522543
215 5533.32 135.327 101 7 0.388672 0 0.0509424
216 14229.9 155.289 101 11 0.415039 0 0.0525542
217 8957.3 156.936 101 9 0.477539 0 0.0504378
218 12141.5 180.767 101 10 0.573242 0 0.0512657
219 3999.03 170.97 101 6 0.557617 0 0.0513421
220 7521.98 170.891 101 8 0.612305 0 0.0482191
221 9223.72 228.513 101 9 0.707031 0 0.0494117
222 6099.79 212.765 101 8 0.702148 0 0.0493772
223 9478.13 259.283 101 9 0.822266 0 0.0481854
224 8052.57 242.48 101 9 0.777344 0 0.0487514
225 55974.2 309.174 101 15 0.820312 0 0.0479311
226 18630.1 303.824 101 12 0.859375 0 0.0502125
227 12949.4 319.631 101 10 0.930664 0 0.0509476
228 293311 736.6 101 18 1.00879 0 0.0504454
229 158174 689.263 112.934 17 1.26074 1 0.0565241
230 296988 1679.52 118.273 18 1.57812 1 0.0620323
231 296542 1631.23 133.842 18 1.81543 1 0.0692329
232 1.09236e+06 4867.14 137.796 20 2.2627 1 0.0779466
233 8.44157e+06 12787.2 138.675 23 2.44141 1 0.0819109
234 2.14667e+06 7165.13 140.004 21 2.71875 1 0.0833223
235 4.24217e+06 11434.6 140.068 22 2.70801 1 0.0832142
236 4.23591e+06 11969.4 140.864 22 2.83984 1 0.0845638
237 3.36198e+07 42429 309.727 25 3.10156 2 0.0856526
238 2.13974e+06 12822.3 350.539 21 3.10645 2 0.0884863
239 1.09036e+06 10460.1 337.91 20 3.20605 2 0.0902312
240 2.13872e+06 12787.4 347.152 21 3.17676 2 0.0868576
241 3.3624e+07 68528.5 359.354 25 3.27441 2 0.0890825
242 8.43452e+06 18828 389.352 23 3.62695 2 0.0943813
243 2.14554e+06 15188 364.698 21 3.63867 2 0.0962825
244 8.44624e+06 33306.7 419.622 23 3.80566 2 0.0967317
245 8.44157e+06 29057 351.658 23 3.51172 2 0.093417
246 1.68374e+07 39857.1 415.735 24 3.71484 2 0.0943609
247 1.6837e+07 31427.2 407.827 24 3.6123 2 0.0953497
248 1.68374e+07 56290.3 412.972 24 4.01758 2 0.0981249
249 1.6838e+07 77644.2 368.878 24 3.89746 2 0.0989306
250 4.24849e+06 33070.6 360.433 22 3.58496 2 0.0938517
251 4.24815e+06 25196.2 387.514 22 3.65332 2 0.0914641
252 8.43968e+06 30310.1 414.37 23 3.85156 2 0.0941719
253 4.25268e+06 29698.1 421.443 22 3.88672 2 0.0948757
254 1.68365e+07 51346.8 389.352 24 3.67676 2 0.0916252
255 1.68434e+07 52276.1 403.121 24 3.88672 2 0.0923917
256 1.68405e+07 70637.5 400.671 24 3.84082 2 0.0924088
257 8.4463e+06 36871.7 424.286 23 4.1084 2 0.0934859
258 3.36252e+07 137733 399.003 25 4.11328 2 0.0952743
259 3.36113e+07 90152 360.433 25 3.65527 2 0.0898606
260 8.44512e+06 70769.1 370.936 23 3.99805 2 0.0938774
261 1.6838e+07 63134.9 366.798 24 3.82715 2 0.0941505
262 1.68415e+07 94560.6 368.878 24 4.03223 2 0.0930459
263 1.68326e+07 112100 358.27 24 3.83984 2 0.0940608
264 8.44797e+06 79172.2 375.984 23 4.23047 2 0.0996954
265 3.3623e+07 120198 342.569 25 3.7002 2 0.0967232
266 1.68418e+07 105997 373.981 24 4.23047 2 0.0999768
267 8.44909e+06 75950.8 377.964 23 4.14746 2 0.0987131
268 6.71871e+07 167624 371.956 26 4.17969 2 0.0988768
269 8.45423e+06 92836.3 433.384 23 4.92383 2 0.108313
270 1.68375e+07 150847 357.18 24 4.30078 2 0.101043
271 1.68417e+07 152795 363.639 24 4.20996 2 0.100431
272 3.36212e+07 119393 405.507 25 4.00293 2 0.0964274
273 1.34302e+08 271918 426.87 27 4.48438 2 0.102307
274 1.68275e+07 113433 417.066 24 4.35059 2 0.100071
275 5.36953e+08 696593 362.576 29 4.1377 2 0.100253
276 2.68513e+08 587249 366.798 28 4.4043 2 0.10714
277 1.34295e+08 295248 424.824 27 4.40625 2 0.107728
278 6.71827e+07 316071 370.936 26 4.24219 2 0.105608
279 6.71832e+07 283925 417.066 26 4.37793 2 0.105765
280 1.68399e+07 140862 373.981 24 4.53809 2 0.110003
281 1.68377e+07 158482 374.985 24 4.24023 2 0.103131
282 3.36243e+07 197944 370.936 25 4.33203 2 0.107479
283 1.34292e+08 498048 407.827 27 4.69629 2 0.110284
284 3.36182e+07 373480 435.076 25 5.10059 2 0.115622
285 6.71806e+07 311911 404.719 26 4.75 2 0.110299
286 6.71816e+07 323025 420.239 26 4.78711 2 0.110138
287 3.36243e+07 229541 415.735 25 4.58594 2 0.109827
288 2.68522e+08 1.04052e+06 428.738 28 4.9873 2 0.110841
289 2.6852e+08 969946 434.093 28 5.11426 2 0.114406
290 1.34291e+08 617764 433.874 27 5.19043 2 0.115416
291 1.34299e+08 696892 419.622 27 5.32812 2 0.115857
292 1.34299e+08 730210 425.352 27 5.10742 2 0.110314
293 1.34291e+08 692165 377.964 27 4.86816 2 0.109529
294 1.34289e+08 675910 370.936 27 4.53027 2 0.104975
295 5.36955e+08 1.23429e+06 426.375 29 4.81348 2 0.107212
296 2.14759e+09 3.10744e+06 366.798 31 4.83301 2 0.106792
297 2.68523e+08 1.16906e+06 435.151 28 5.33789 2 0.112967
298 5.36968e+08 1.03875e+06 421.443 29 4.66699 2 0.104112
299 2.68521e+08 1.39463e+06 432.526 28 5.1582 2 0.113874
300 5.36954e+08 1.44321e+06 435.053 29 5.06348 2 0.10959
301 8.59005e+09 2.12024e+07 374.985 33 5.06152 2 0.112282
302 5.36947e+08 1.78988e+06 430.013 29 5.13867 2 0.111744
303 1.718e+10 1.7986e+07 431.532 34 4.99805 2 0.110495
304 4.29508e+09 8.65003e+06 731.06 32 5.45215 3 0.119949
305 4.29507e+09 9.30728e+06 419.622 32 4.94336 2 0.10708
306 1.07383e+09 4.7072e+06 736.337 30 5.53711 3 0.116682
307 3.43599e+10 5.99918e+07 368.878 35 4.82812 2 0.109327
308 8.59006e+09 1.13857e+07 356.086 33 3.94922 2 0.0988002
309 2.14758e+09 6.54628e+06 361.507 31 4.35547 2 0.108088
310 8.59006e+09 2.40463e+07 425.352 33 5.00488 2 0.114534
311 1.718e+10 2.19865e+07 366.798 34 4.60547 2 0.108871
312 4.29507e+09 2.1676e+07 425.869 32 5.54883 2 0.120837
313 3.43599e+10 9.73224e+07 741.585 35 5.97656 3 0.124238
314 3.43598e+10 8.92065e+07 433.384 35 5.32617 2 0.114834
315 1.09951e+12 1.12264e+09 785.016 40 6.39844 3 0.129817
316 6.87196e+10 2.30235e+08 980.754 36 7.29102 3 0.145909
317 6.87196e+10 2.5639e+08 961.25 36 6.99219 3 0.140354
318 1.09951e+12 1.22661e+09 792.453 40 6.2373 3 0.134231
319 3.43599e+10 1.85201e+08 1263.38 35 7.64062 4 0.143001
320 6.87196e+10 2.95642e+08 1412.72 36 7.43066 4 0.141493
321 5.49756e+11 9.90408e+08 1400.38 39 7.56543 4 0.147603
322 3.43599e+10 7.08069e+07 1476.97 35 7.19824 4 0.1384
323 1.09951e+12 1.33416e+09 1645.07 40 7.93262 4 0.145626
324 1.09951e+12 2.13658e+09 1412.72 40 8.01367 4 0.14865
325 2.74878e+11 4.86914e+08 1484.8 38 8.23828 4 0.151803
326 1.37439e+11 6.58291e+08 1741.21 37 8.71484 4 0.15643
327 1.37439e+11 7.72475e+08 1705.93 37 8.2168 4 0.149279
328 5.49756e+11 1.73488e+09 1699.8 39 8.60547 4 0.152248
329 6.87196e+10 2.90341e+08 1610.84 36 7.91113 4 0.144227
330 1.37439e+11 6.75926e+08 2108.97 37 8.66016 5 0.152014
331 5.49756e+11 7.80326e+08 2276.62 39 8.49219 5 0.150007
332 2.74878e+11 6.30907e+08 1011.31 38 7.60449 3 0.140607
333 2.74878e+11 6.30324e+08 920.602 38 7.05957 3 0.135706
334 2.74878e+11 7.36984e+08 1232.18 38 7.31641 4 0.136357
335 5.49756e+11 1.19707e+09 1783.71 39 8.41016 4 0.150325
336 2.74878e+11 1.26521e+09 1693.6 38 8.46094 4 0.151652
337 1.37439e+11 5.44193e+08 1729.75 37 8.3252 4 0.148433
338 1.37439e+11 7.53006e+08 1735.52 37 8.72656 4 0.154223
339 4.39805e+12 7.98903e+09 2379.26 42 9.22168 5 0.160451
340 1.09951e+12 2.84453e+09 3815.97 40 9.87598 6 0.168876
341 2.19902e+12 2.76294e+09 3347.69 41 9.62695 6 0.164811
342 5.49756e+11 2.15633e+09 2339.85 39 9.33203 5 0.162483
343 5.49756e+11 1.90412e+09 2211.87 39 8.75293 5 0.155373
344 2.74878e+11 8.88567e+08 2700.57 38 9.24805 5 0.163011
345 5.49756e+11 1.17733e+09 2211.87 39 8.82324 5 0.156651
346 5.49756e+11 1.2519e+09 4091.41 39 9.41895 6 0.163448
347 5.49756e+11 1.19142e+09 1932.49 39 8.62793 5 0.155204
348 1.09951e+12 2.83584e+09 3644.42 40 9.67969 6 0.169703
349 1.09951e+12 3.32131e+09 4234.96 40 10.4492 7 0.179767
350 4.39805e+12 5.07248e+09 4034.46 42 9.78516 6 0.170945
351 8.79609e+12 1.29879e+10 2887.84 43 9.92676 5 0.176075
352 2.74878e+11 2.551e+09 4737.09 38 10.7861 7 0.182375
353 2.19902e+12 5.9208e+09 3735.08 41 10.0576 6 0.17517
354 4.39805e+12 6.60352e+09 3339.95 42 9.8457 6 0.173143
355 2.19902e+12 4.17668e+09 3347.69 41 9.56641 6 0.17036
356 2.19902e+12 5.61869e+09 4294.66 41 10.3447 6 0.178322
357 5.49756e+11 2.06167e+09 2686.83 39 9.03516 5 0.161223
358 2.19902e+12 5.25677e+09 3293.24 41 9.68945 6 0.169567
359 2.19902e+12 3.68064e+09 2472.15 41 9.56641 5 0.173357
360 2.74878e+11 2.4129e+09 4630.03 38 10.2568 7 0.181936
361 2.74878e+11 2.26836e+09 3748.75 38 9.79492 6 0.177069
362 2.19902e+12 4.58035e+09 3514.05 41 9.87402 6 0.176192
363 2.19902e+12 4.23525e+09 2740.66 41 9.5127 5 0.170988
364 8.79609e+12 1.24848e+10 2259.11 43 8.93555 5 0.16518
365 2.74878e+11 1.42802e+09 2096.64 38 8.66699 5 0.163429
366 5.49756e+11 1.57579e+09 2910.4 39 9.13184 6 0.168963
367 1.09951e+12 2.98232e+09 3454.42 40 10.1279 6 0.176832
368 8.79609e+12 1.90679e+10 4649.65 43 10.2646 7 0.179152
369 4.39805e+12 1.05937e+10 4889.09 42 11.25 7 0.190217
370 2.19902e+12 7.69233e+09 4775.51 41 11.1191 7 0.18409
371 4.39805e+12 7.6892e+09 5307.39 42 11.2393 7 0.186906
372 1.09951e+12 3.74565e+09 3938.03 40 10.2139 6 0.174952
373 4.39805e+12 6.77271e+09 2334.17 42 9.86914 5 0.169495
374 1.09951e+12 4.29529e+09 3950.42 40 11.0732 6 0.185054
375 1.09951e+12 3.41853e+09 4600.48 40 10.6631 7 0.176425
376 2.19902e+12 5.43565e+09 2288.23 41 9.65234 5 0.164013
377 1.09951e+12 3.04597e+09 2259.11 40 9.71484 5 0.164276
378 1.09951e+12 3.42883e+09 3912.98 40 10.1875 6 0.168421
379 4.39805e+12 7.22951e+09 3378.48 42 10.4053 6 0.171226
380 2.74878e+11 1.526e+09 4590.6 38 10.4023 7 0.167015
381 5.49756e+11 2.54491e+09 2819.22 39 9.93555 5 0.160132
382 2.19902e+12 6.42162e+09 3558.11 41 10.0439 6 0.161935
383 1.09951e+12 2.95086e+09 5349.14 40 10.7148 7 0.169366
384 2.74878e+11 1.22242e+09 3900.32 38 10.1104 6 0.16313
385 4.39805e+12 6.27868e+09 3926.75 42 10.2725 7 0.161858
386 5.49756e+11 3.10247e+09 5054.52 39 10.7061 7 0.171883
387 1.09951e+12 5.84084e+09 5548.69 40 11.0566 7 0.17654
388 5.49756e+11 2.41975e+09 4091.41 39 10.3564 6 0.16959
389 2.19902e+12 5.03489e+09 3968.82 41 10.5645 6 0.170137
390 1.75922e+13 2.19243e+10 5446.9 44 10.6113 7 0.164863
391 5.49756e+11 3.68625e+09 4005 39 10.6367 6 0.172387
392 2.19902e+12 6.51902e+09 3707.51 41 10.083 6 0.16475
393 2.19902e+12 5.15703e+09 5915.33 41 10.9756 8 0.173075
394 2.19902e+12 7.62151e+09 4028.62 41 11.2217 6 0.17766
395 8.79609e+12 1.1561e+10 7476.34 43 11.5781 9 0.178916
396 4.39805e+12 1.08557e+10 8503.14 42 11.9912 9 0.183058
397 2.19902e+12 7.45902e+09 15237.4 41 13.0137 11 0.193058
398 1.09951e+12 4.13068e+09 12224.8 40 12.4189 10 0.189129
399 4.39805e+12 1.31055e+10 9536.79 42 12.1016 9 0.18284
400 5.49756e+11 3.87801e+09 11513.2 39 12.5176 10 0.185119
401 1.75922e+13 2.11093e+10 12057.2 44 12.6484 10 0.190657
402 2.19902e+12 7.48604e+09 15931.2 41 13.2578 11 0.197742
403 1.09951e+12 4.46589e+09 10387.9 40 12.6279 10 0.191735
404 1.09951e+12 4.99657e+09 11482.8 40 12.5039 10 0.185081
405 7.03687e+13 9.16608e+10 12597.1 46 12.752 11 0.191249
406 8.79609e+12 1.72662e+10 12085.4 43 12.8408 10 0.191934
407 1.75922e+13 2.79791e+10 12293.2 44 13.0098 10 0.190948
408 8.79609e+12 2.58229e+10 13511.2 43 13.7139 11 0.202712
409 3.51844e+13 5.4886e+10 14229.9 45 13.8389 11 0.20137
410 5.6295e+14 5.71969e+11 20423.4 49 14.4307 12 0.210642
411 8.79609e+12 3.55817e+10 20744.9 43 14.5225 12 0.211438
412 1.75922e+13 5.77426e+10 11957.3 44 13.0635 10 0.190657
413 4.39805e+12 1.30866e+10 14521.8 42 13.208 11 0.190161
414 4.39805e+12 3.20704e+10 15254.3 42 13.667 11 0.198834
415 4.39805e+12 2.01868e+10 12400.9 42 13.6172 10 0.19646
416 8.79609e+12 3.10849e+10 18797.6 43 14.2822 12 0.208506
417 4.39805e+12 2.45314e+10 12609.4 42 13.2988 10 0.196354
418 4.39805e+12 2.41461e+10 18714.1 42 13.7402 12 0.198425
419 4.39805e+12 1.49416e+10 18818.5 42 14.2617 12 0.211297
420 7.03687e+13 1.04385e+11 18503.2 46 13.8799 12 0.203533
421 1.75922e+13 5.41572e+10 19745.2 44 14.6416 12 0.212871
422 3.51844e+13 6.03283e+10 27173.2 45 15.293 13 0.215566
423 1.40737e+14 1.59644e+11 26525 47 14.6982 13 0.21297
424 8.79609e+12 2.53225e+10 37380.9 43 15.7764 14 0.224625
425 7.03687e+13 1.02528e+11 38760.4 46 16.124 14 0.225497
426 8.79609e+12 5.06481e+10 39170 43 16.2119 14 0.228541
427 4.39805e+12 2.53013e+10 56916.7 42 16.5508 15 0.233334
428 8.79609e+12 3.23623e+10 27748.2 43 15.3965 13 0.216827
429 4.39805e+12 1.92226e+10 19370.1 42 14.1084 12 0.208369
430 2.19902e+12 6.81174e+09 18418.1 41 13.8779 12 0.203676
431 8.79609e+12 2.19135e+10 23194.5 43 14.6445 13 0.212443
432 7.03687e+13 9.80003e+10 20331.9 46 14.4893 12 0.209706
433 8.79609e+12 2.97974e+10 39125.1 43 15.7588 14 0.224037
434 8.79609e+12 2.81967e+10 37101.6 43 15.3652 14 0.219938
435 4.39805e+12 2.51539e+10 36452.4 42 15.1729 14 0.214956
436 4.39805e+12 1.26346e+10 20952 42 14.3145 12 0.20961
437 4.39805e+12 1.8535e+10 37152.7 42 14.9238 14 0.213131
438 4.39805e+12 1.14084e+10 35484.8 42 14.9404 14 0.214129
439 7.03687e+13 9.66787e+10 26722.7 46 14.5254 13 0.21175
440 7.03687e+13 9.69065e+10 57028.4 46 15.3711 15 0.224613
441 1.75922e+13 4.30067e+10 38218.1 44 15.7686 14 0.22487
442 7.03687e+13 1.87986e+11 34367.6 46 15.2891 14 0.221331
443 1.75922e+13 6.12267e+10 54235.2 44 15.7227 15 0.220419
444 3.51844e+13 8.89915e+10 55326.4 45 15.7012 15 0.22387
445 8.79609e+12 3.29782e+10 56119.3 43 15.5293 15 0.221876
446 2.81475e+14 3.47119e+11 55593.2 48 15.4219 15 0.220181
447 3.51844e+13 4.57133e+10 20052.1 45 13.7607 12 0.193744
448 2.81475e+14 3.29507e+11 38121.8 48 15.2363 14 0.219452
449 1.40737e+14 3.38459e+11 27965.3 47 15.1592 13 0.219629
450 3.51844e+13 1.29161e+11 35594.1 45 15.1562 14 0.219119
451 7.03687e+13 1.66331e+11 26525 46 15.0146 13 0.219414
452 1.40737e+14 3.89988e+11 37380.9 47 14.9766 14 0.220824
453 1.40737e+14 2.31786e+11 25426.7 47 14.2666 13 0.207172
454 3.51844e+13 9.85567e+10 24262.1 45 14.1348 13 0.215478
455 3.51844e+13 1.22717e+11 26809.7 45 14.8066 13 0.217156
456 7.03687e+13 1.83891e+11 36399.7 46 15.2148 14 0.220598
457 2.81475e+14 3.86921e+11 27444 48 15.0146 13 0.220231
458 3.51844e+13 1.41274e+11 34735.3 45 15.3418 14 0.228602
459 7.03687e+13 1.73994e+11 17744.9 46 14.5352 12 0.216221
460 1.40737e+14 4.3937e+11 20549.9 47 14.8467 12 0.217378
461 7.03687e+13 2.91006e+11 37927.3 46 15.8203 14 0.232072
462 1.40737e+14 5.52267e+11 27444 47 15.0127 13 0.224772
463 3.51844e+13 1.2743e+11 15884.9 45 14.165 11 0.210251
464 1.75922e+13 1.23144e+11 13569.2 44 14.0205 11 0.210214
465 7.03687e+13 1.03806e+11 12414.2 46 13.6631 10 0.204709
466 1.1259e+15 1.52483e+12 17722.8 50 14.0107 12 0.211393
467 1.40737e+14 4.2859e+11 18289.7 47 13.9512 12 0.214193
468 2.81475e+14 3.88857e+11 15321.3 48 14.0059 11 0.212068
469 1.1259e+15 1.47535e+12 24262.1 50 14.5283 13 0.216506
470 5.6295e+14 1.60512e+12 11156.4 49 12.7646 10 0.198366
471 1.1259e+15 1.85818e+12 11313.2 50 13.1055 10 0.201677
472 2.2518e+15 2.33651e+12 8957.3 51 12.5918 9 0.193971
473 7.03687e+13 2.58848e+11 25426.7 46 14.4082 13 0.215038
474 7.03687e+13 2.01274e+11 18839.3 46 13.9668 12 0.21
475 2.81475e+14 9.68762e+11 37705.8 48 15.332 14 0.22466
476 7.03687e+13 2.09945e+11 26766.3 46 14.9941 13 0.220132
477 3.51844e+13 7.72301e+10 26212.1 45 14.5283 13 0.213177
478 3.60288e+16 4.88762e+13 38024.8 55 15.4619 14 0.225128
479 4.5036e+15 5.07935e+12 37305.1 52 15.1973 14 0.224648
480 1.1259e+15 1.34561e+12 58245.3 50 16.0498 15 0.228697
481 5.6295e+14 1.35565e+12 93696.6 49 16.4004 16 0.235672
482 7.03687e+13 3.54494e+11 297684 46 17.0566 18 0.243454
483 2.2518e+15 3.09673e+12 160373 51 16.6338 17 0.236637
484 1.40737e+14 5.50578e+11 56407.1 47 15.9023 15 0.235959
485 1.1259e+15 2.5839e+12 38944.1 50 15.1133 14 0.223236
486 2.2518e+15 6.34154e+12 37951.7 51 15.3115 14 0.223044
487 1.40737e+14 2.55184e+11 23503.9 47 14.3223 13 0.214929
488 2.8823e+17 2.8183e+14 27131 58 14.8535 13 0.223796
489 2.30584e+18 2.25263e+15 11187.9 61 13.0889 10 0.20039
490 1.1259e+15 3.06182e+12 94378.9 50 17.3096 16 0.262338
491 4.5036e+15 6.00497e+12 94524.4 52 17.2012 16 0.265009
492 5.6295e+14 1.78476e+12 95513 49 17.6221 16 0.258095
493 4.5036e+15 5.26116e+12 55769.7 52 16.6855 15 0.249498
494 2.2518e+15 6.55006e+12 20567.8 51 15.2617 12 0.227656
495 1.1259e+15 2.19645e+12 12506.4 50 14.4482 10 0.217712
496 1.1259e+15 3.71047e+12 12493.3 50 14.2725 10 0.219569
497 4.5036e+15 5.47361e+12 37406.1 52 15.7568 14 0.230605
498 1.80144e+16 1.80721e+13 20221 54 15.04 12 0.232243
499 2.2518e+15 3.40068e+12 23911 51 15.4639 13 0.233699
500 1.80144e+16 4.74601e+13 20639.1 54 15.2168 12 0.231407
501 1.1259e+15 2.4729e+12 37254.4 50 15.9844 14 0.239797
502 1.40737e+14 7.62798e+11 33706.7 47 15.0439 14 0.223334
503 1.1259e+15 1.86452e+12 26302.1 50 14.8115 13 0.222319
504 1.1259e+15 1.60585e+12 14894.4 50 13.707 11 0.20321
505 4.5036e+15 5.52542e+12 21069.9 52 14.4336 12 0.218619
506 1.40737e+14 6.33112e+11 7420.35 47 12.5732 8 0.191813
507 2.81475e+14 5.67157e+11 5601.59 48 11.6543 7 0.184708
508 1.1259e+15 1.61939e+12 7951.26 50 12.6494 9 0.192578
509 1.1259e+15 1.3693e+12 14155.9 50 13.3896 11 0.20434
510 4.5036e+15 6.0627e+12 7145.48 52 11.8926 8 0.185884
511 1.1259e+15 1.53889e+12 14062.9 50 13.7334 11 0.209978
512 1.75922e+13 8.602e+10 15946.6 44 13.9482 11 0.214631
513 5.6295e+14 1.29771e+12 18268.2 49 14.1504 12 0.213942
514 1.80144e+16 1.84228e+13 16306.8 54 14.0166 12 0.212007
515 2.2518e+15 3.74284e+12 20423.4 51 14.1982 12 0.214271
516 3.51844e+13 1.47042e+11 14981.3 45 14.0615 11 0.213502
517 2.81475e+14 5.24248e+11 13099.5 48 13.5801 11 0.207757
518 5.6295e+14 1.74049e+12 15050.2 49 14.1328 11 0.21129
519 3.51844e+13 1.37753e+11 12414.2 45 13.0967 10 0.196346
520 2.2518e+15 3.32417e+12 9489.92 51 12.5176 9 0.192252
521 5.6295e+14 1.16191e+12 23298 49 14.6748 13 0.221381
522 2.81475e+14 6.07704e+11 15600.3 48 14.1074 11 0.215262
523 3.60288e+16 3.65702e+13 20295.1 55 15.0869 12 0.224522
524 1.44115e+17 1.49485e+14 36610 57 16.4717 14 0.250207
525 1.1259e+15 4.08636e+12 37481.5 50 16.8652 14 0.248895
526 4.5036e+15 1.20324e+13 56804.4 52 17.3857 15 0.256687
527 7.20576e+16 8.97775e+13 19329.9 56 15.4639 12 0.23187
528 2.81475e+14 1.09572e+12 26591.2 48 15.8789 13 0.235681
529 7.03687e+13 4.25575e+11 12414.2 46 14.4346 10 0.217667
530 1.1259e+15 2.63687e+12 12347.3 50 14.1611 10 0.214214
531 4.5036e+15 1.42273e+13 34931.5 52 16.0322 14 0.233579
532 1.40737e+14 6.35452e+11 18922.2 47 15.1855 12 0.22435
533 1.1259e+15 3.81355e+12 18160.4 50 15.4922 12 0.226935
534 1.80144e+16 2.49836e+13 58166.5 54 17.2568 15 0.24688
535 9.0072e+15 1.57655e+13 25614.6 53 16.4014 13 0.239725
536 4.5036e+15 1.42133e+13 26324.5 52 16.3496 13 0.242278
537 9.0072e+15 2.17532e+13 23911 53 15.9629 13 0.233031
538 4.5036e+15 8.81256e+12 20639.1 52 15.3877 12 0.227101
539 2.2518e+15 5.6318e+12 27945.8 51 16.0879 13 0.23791
540 7.20576e+16 7.24201e+13 25213.1 56 15.3906 13 0.227414
541 9.0072e+15 1.75937e+13 91792.4 53 17.7354 16 0.262579
542 1.80144e+16 3.06729e+13 56263.6 54 17.8086 15 0.260533
543 4.5036e+15 1.02823e+13 25021.4 52 16.4043 13 0.246474
544 4.5036e+15 9.63289e+12 20969 52 15.7686 12 0.244125
545 4.5036e+15 7.4858e+12 13139.2 52 14.209 11 0.220359
546 7.20576e+16 1.43862e+14 25846.8 56 16.2061 13 0.247973
547 2.2518e+15 9.21426e+12 19842 51 16.041 12 0.24683
548 1.80144e+16 2.73157e+13 36766.4 54 16.3223 14 0.24615
549 1.44115e+17 1.61881e+14 25308.4 57 16.6934 13 0.250528
550 2.2518e+15 6.86742e+12 27607.3 51 17.2256 13 0.256881
551 2.8823e+17 3.2285e+14 92588.6 58 18.3174 16 0.267155
552 1.44115e+17 2.1649e+14 19229.1 57 16.7139 12 0.250471
553 2.2518e+15 8.546e+12 14824.4 51 15.0479 11 0.220983
554 4.5036e+15 9.6301e+12 20514 52 16.1895 12 0.239311
555 2.2518e+15 6.79466e+12 27688.1 51 16.7021 13 0.244989
556 7.20576e+16 7.91934e+13 20477.9 56 16.0781 12 0.239486
557 7.20576e+16 1.1857e+14 27088.6 56 16.585 13 0.246908
558 3.60288e+16 8.2484e+13 26960.7 55 16.4707 13 0.242279
559 1.1259e+15 4.32407e+12 25045.5 50 15.834 13 0.237331
560 9.0072e+15 1.85936e+13 35757.3 53 16.5332 14 0.247616
561 5.76461e+17 5.80786e+14 19147.9 59 15.0811 12 0.226581
562 1.80144e+16 2.25392e+13 26679 54 16.6045 13 0.246733
563 1.80144e+16 4.03243e+13 37229 54 16.2129 14 0.248229
564 4.5036e+15 8.24931e+12 27278.1 52 15.5879 13 0.246416
565 5.76461e+17 6.71373e+14 15033 59 14.7783 11 0.229468
566 1.1259e+15 4.65442e+12 35181.8 50 15.7598 14 0.247325
567 9.0072e+15 2.03075e+13 35675.8 53 16.3633 14 0.249566
568 1.1259e+15 3.19388e+12 19842 50 15.1191 12 0.232015
569 1.44115e+17 2.28505e+14 12839.9 57 14.4648 11 0.223908
570 1.80144e+16 3.51921e+13 17477.9 54 15.1182 12 0.242185
571 2.30584e+18 2.26633e+15 25684.6 61 15.7236 13 0.24118
572 7.20576e+16 2.61337e+14 159797 56 18.4111 17 0.282855
573 1.44115e+17 2.09195e+14 162385 57 18.1133 17 0.279397
574 5.76461e+17 7.65891e+14 19822.7 59 16.4902 12 0.265877
575 7.20576e+16 1.6096e+14 92081.5 56 17.2471 16 0.27225
576 1.15292e+18 1.88544e+15 55622.7 60 17.2461 15 0.275314
577 2.30584e+18 2.35876e+15 159725 61 18.042 17 0.283508
578 7.20576e+16 1.67772e+14 161876 56 18.8018 17 0.29469
579 9.0072e+15 4.55598e+13 92651.3 53 18.3125 16 0.290767
580 3.60288e+16 7.5247e+13 94553.4 55 17.8916 16 0.280896
581 1.80144e+16 6.17014e+13 56292.3 54 17.3662 15 0.273805
582 2.8823e+17 6.0204e+14 57360.3 58 17.7422 15 0.272214
583 4.61169e+18 5.47117e+15 55711 62 17.3594 15 0.271407
584 2.8823e+17 4.19104e+14 38024.8 58 17.0029 14 0.268176
585 3.60288e+16 1.23424e+14 160337 55 18.1377 17 0.284731
586 1.44115e+17 3.24732e+14 56748 57 16.9648 15 0.267109
587 1.44115e+17 2.96694e+14 92714 57 17.6299 16 0.278544
588 1.47574e+20 1.44232e+17 161324 67 18.334 17 0.284435
589 5.76461e+17 7.83235e+14 37878.3 59 17.3428 14 0.270591
590 1.15292e+18 2.02389e+15 93666.4 60 17.9482 16 0.279587
591 1.84467e+19 2.29103e+16 93575.8 64 17.6133 16 0.280205
592 2.30584e+18 2.41562e+15 562708 61 19.2559 19 0.297707
593 2.30584e+18 2.487e+15 562464 61 19.4658 19 0.295569
594 5.76461e+17 1.68002e+15 296728 59 19.5459 18 0.300482
595 4.61169e+18 4.91197e+15 298152 62 19.376 18 0.297405
596 7.20576e+16 1.72681e+14 162046 56 18.5029 17 0.287692
597 2.30584e+18 3.12366e+15 161635 61 18.4668 17 0.285966
598 3.77789e+22 3.74702e+19 157797 75 17.8213 17 0.280441
599 5.76461e+17 1.08102e+15 162686 59 17.7793 17 0.286118
600 1.44115e+17 4.84242e+14 91370.3 57 17.1475 16 0.274886
601 4.61169e+18 6.94216e+15 22112.7 62 16.1914 13 0.261681
602 9.22337e+18 9.80263e+15 295131 63 18.3047 18 0.291001
603 1.44115e+17 3.86317e+14 160373 57 18.3682 17 0.289938
604 5.76461e+17 1.38375e+15 19880.5 59 16.2354 12 0.260648
605 9.22337e+18 1.04259e+16 91856.9 63 17.1807 16 0.269863
606 1.84467e+19 1.81948e+16 27046.1 64 16.3184 13 0.256973
607 7.20576e+16 2.35131e+14 87918.9 56 17.333 16 0.27263
608 1.47574e+20 1.45061e+17 56206 67 17.5342 15 0.271891
609 5.76461e+17 1.02144e+15 56860.6 59 17.8145 15 0.28264
610 2.8823e+17 6.2416e+14 20368.6 58 16.6523 12 0.267172
611 1.44115e+17 3.06787e+14 17320.7 57 15.5361 12 0.248043
612 5.76461e+17 9.26392e+14 8266.41 59 14.4375 9 0.238272
613 7.20576e+16 1.50636e+14 20071 56 15.4209 12 0.251039
614 2.30584e+18 4.81412e+15 21053.2 61 16.4062 12 0.268089
615 2.8823e+17 5.13629e+14 92462.6 58 17.5469 16 0.277837
616 1.15292e+18 1.62987e+15 93756.7 60 17.5479 16 0.278802
617 2.8823e+17 4.34996e+14 7372.91 58 14.8271 8 0.241396
618 1.44115e+17 2.13857e+14 3579.91 57 13.4756 6 0.230418
619 2.8823e+17 8.39765e+14 14248.4 58 15.9951 11 0.263862
620 2.8823e+17 7.075e+14 10981.1 58 14.834 10 0.250838
621 1.15292e+18 1.38539e+15 11708.8 60 14.8047 10 0.235999
622 1.15292e+18 1.21391e+15 12414.2 60 15.2949 10 0.247044
623 2.8823e+17 4.79582e+14 9123.58 58 14.8584 9 0.242893
624 2.8823e+17 5.16043e+14 11812.1 58 15.5312 10 0.249546
625 4.61169e+18 4.9702e+15 24632.7 62 16.5996 13 0.260154
626 5.76461e+17 1.15873e+15 9394.74 59 15.0225 9 0.241431
627 1.15292e+18 1.35755e+15 11797.5 60 15.4854 10 0.251235
628 1.44115e+17 4.12294e+14 23860.5 57 16.4336 13 0.260251
629 1.15292e+18 1.2446e+15 56916.7 60 17.3438 15 0.27245
630 1.44115e+17 3.42728e+14 39214.6 57 17.834 14 0.282393
631 3.60288e+16 1.72225e+14 291509 55 18.707 18 0.291144
632 1.84467e+19 2.00854e+16 162586 64 19.2725 17 0.300443
633 2.30584e+18 4.15566e+15 298331 61 19.9785 18 0.317498
634 2.8823e+17 7.29862e+14 294111 58 19.4268 18 0.306949
635 1.44115e+17 5.60747e+14 560334 57 20.5986 19 0.328499
636 2.8823e+17 6.51356e+14 2.13984e+06 58 21.2549 21 0.334928
637 1.15292e+18 1.4794e+15 566230 60 20.1484 19 0.317163
638 7.20576e+16 2.17018e+14 2.14158e+06 56 21.8145 21 0.339144
639 1.15292e+18 5.17956e+15 2.14808e+06 60 21.2305 21 0.335701
640 9.22337e+18 1.70997e+16 4.24587e+06 63 22.6377 22 0.360046
641 2.30584e+18 4.30125e+15 1.08841e+06 61 21.2852 20 0.347454
642 2.30584e+18 4.44564e+15 2.13685e+06 61 21.3682 21 0.33794
643 5.76461e+17 1.79881e+15 4.24407e+06 59 22.0107 22 0.347693
644 1.15292e+18 1.98874e+15 4.24536e+06 60 21.998 22 0.348452
645 1.15292e+18 2.66909e+15 2.1428e+06 60 21.3994 21 0.342174
646 5.76461e+17 3.12422e+15 1.09317e+06 59 20.9355 20 0.33951
647 2.95148e+20 2.90322e+17 2.13685e+06 68 21.2783 21 0.348855
648 1.44115e+17 4.41515e+14 2.13574e+06 57 21.6104 21 0.34574
649 9.22337e+18 1.02885e+16 2.13327e+06 63 20.8955 21 0.339357
650 2.30584e+18 4.08886e+15 294819 61 19.9346 18 0.32607
651 1.84467e+19 3.97498e+16 295670 64 19.7744 18 0.320162
652 1.15292e+18 1.85248e+15 557042 60 20.0469 19 0.324274
653 1.47574e+20 1.45696e+17 563352 67 20.1729 19 0.3232
654 9.22337e+18 1.16654e+16 156533 63 18.3096 17 0.301223
655 4.61169e+18 8.94458e+15 294506 62 19.584 18 0.3186
656 9.22337e+18 9.62315e+15 2.13913e+06 63 21.3281 21 0.339318
657 9.22337e+18 9.37723e+15 293553 63 18.9082 18 0.309076
658 1.84467e+19 1.83911e+16 2.14153e+06 64 20.8408 21 0.337154
659 4.61169e+18 6.19758e+15 297173 62 20.3057 18 0.327901
660 1.44115e+17 4.51992e+14 159507 57 19.6631 17 0.322766
661 4.61169e+18 7.53599e+15 162719 62 19.8135 17 0.32544
662 4.61169e+18 5.00656e+15 2.13553e+06 62 21.3887 21 0.342455
663 2.8823e+17 1.09198e+15 1.68364e+07 58 24.5762 24 0.398985
664 1.15292e+18 1.7155e+15 2.14324e+06 60 22.2295 21 0.358327
665 1.84467e+19 1.87202e+16 1.08667e+06 64 20.3662 20 0.333063
666 2.30584e+18 4.62455e+15 1.68292e+07 61 23.333 24 0.374153
667 2.8823e+17 6.55439e+14 4.24281e+06 58 22.0605 22 0.350905
668 2.8823e+17 1.08669e+15 8.43752e+06 58 23.3174 23 0.373749
669 2.95148e+20 3.0717e+17 2.1469e+06 68 21.8486 21 0.356049
670 1.44115e+17 3.61445e+14 296241 57 19.4053 18 0.314632
671 5.76461e+17 1.38727e+15 2.13446e+06 59 20.7754 21 0.33158
672 2.8823e+17 8.8689e+14 4.23957e+06 58 21.6299 22 0.344001
673 7.20576e+16 4.11029e+14 553106 56 19.4736 19 0.313186
674 2.8823e+17 4.68957e+14 1.08932e+06 58 20.0293 20 0.320451
675 5.76461e+17 1.70903e+15 1.08877e+06 59 20.6611 20 0.343733
676 1.84467e+19 2.34416e+16 4.24334e+06 64 21.6299 22 0.346001
677 1.15292e+18 2.57913e+15 3.36101e+07 60 24.2432 25 0.380629
678 1.15292e+18 3.14805e+15 1.68336e+07 60 24.1875 24 0.377302
679 1.15292e+18 1.41331e+15 4.24835e+06 60 22.3877 22 0.349053
680 1.15292e+18 2.58119e+15 3.36172e+07 60 25.3066 25 0.391796
681 3.68935e+19 3.96807e+16 3.36171e+07 65 25.1963 25 0.387882
682 2.8823e+17 9.49629e+14 8.44571e+06 58 23.3379 23 0.363551
683 2.30584e+18 3.57678e+15 1.68365e+07 61 24.2363 24 0.371427
684 9.22337e+18 1.07334e+16 1.68386e+07 63 24.6152 24 0.38659
685 3.68935e+19 4.37915e+16 6.71765e+07 65 25.8564 26 0.399647
686 2.30584e+18 3.52488e+15 1.68392e+07 61 24.457 24 0.381399
687 2.30584e+18 6.87627e+15 1.68394e+07 61 24.9854 24 0.39907
688 1.15292e+18 2.20834e+15 8.44495e+06 60 23.6465 23 0.374224
689 1.44115e+17 6.12118e+14 2.14203e+06 57 22.1445 21 0.351514
690 9.22337e+18 1.82279e+16 8.44061e+06 63 23.1074 23 0.364977
691 1.15292e+18 1.96319e+15 1.68325e+07 60 24.2061 24 0.378425
692 9.22337e+18 1.88115e+16 1.68303e+07 63 23.8027 24 0.37109
693 3.68935e+19 4.6588e+16 8.44517e+06 65 23.7344 23 0.381324
694 2.30584e+18 3.80097e+15 3.36134e+07 61 24.6006 25 0.390643
695 1.84467e+19 2.8657e+16 1.68409e+07 64 24.5615 24 0.389117
696 4.61169e+18 1.30771e+16 3.36097e+07 62 25.1084 25 0.405244
697 3.68935e+19 4.72909e+16 8.44359e+06 65 24.0312 23 0.392308
698 4.61169e+18 1.48767e+16 1.34291e+08 62 26.1455 27 0.419561
699 4.61169e+18 9.7909e+15 6.71697e+07 62 25.1797 26 0.415109
700 1.15292e+18 3.34787e+15 4.24318e+06 60 23.1084 22 0.377899
701 1.88895e+22 1.85259e+19 8.44219e+06 74 23.6416 23 0.390223
702 9.22337e+18 3.24764e+16 1.68349e+07 63 25.0391 24 0.409069
703 1.84467e+19 3.05932e+16 4.24402e+06 64 23.7676 22 0.391693
704 3.68935e+19 5.29971e+16 8.44049e+06 65 23.7451 23 0.387905
705 9.22337e+18 3.00496e+16 1.68348e+07 63 24.4004 24 0.409065
706 3.68935e+19 4.71698e+16 8.43585e+06 65 23.4541 23 0.391707
707 1.84467e+19 5.4068e+16 1.6831e+07 64 24.6572 24 0.405051
708 4.72237e+21 4.6472e+18 1.68379e+07 72 24.7891 24 0.408749
709 2.95148e+20 5.987e+17 5.36958e+08 68 28.0898 29 0.454434
710 7.3787e+19 8.12461e+16 1.34292e+08 66 27.0664 27 0.436673
711 2.36118e+21 2.46121e+18 8.44072e+06 71 24.4453 23 0.403983
712 1.47574e+20 2.2119e+17 3.36067e+07 67 25.1436 25 0.419877
713 2.95148e+20 3.32266e+17 1.09258e+06 68 22.4932 20 0.379338
714 3.68935e+19 5.61082e+16 559127 65 20.5273 19 0.352285
715 1.84467e+19 5.06802e+16 1.0862e+06 64 21.124 20 0.361117
716 1.84467e+19 3.41538e+16 1.08553e+06 64 20.376 20 0.354394
717 2.30584e+18 8.88864e+15 1.0862e+06 61 20.5518 20 0.356465
718 9.22337e+18 1.10354e+16 563868 63 20.377 19 0.34429
719 5.90296e+20 5.9335e+17 2.14144e+06 69 21.6084 21 0.372072
720 7.3787e+19 1.20539e+17 4.2427e+06 66 21.998 22 0.368658
721 1.18059e+21 1.21301e+18 2.13743e+06 70 21.2119 21 0.357632
722 2.95148e+20 2.92133e+17 2.14433e+06 68 21.2295 21 0.349837
723 1.47574e+20 1.63921e+17 1.08238e+06 67 20.2471 20 0.330857
724 9.44473e+21 9.24965e+18 1.08629e+06 73 20.5713 20 0.343995
725 9.22337e+18 1.56205e+16 1.08705e+06 63 21.0879 20 0.345684
726 4.61169e+18 9.88077e+15 2.14395e+06 62 21.9463 21 0.353493
727 4.61169e+18 1.58888e+16 2.14563e+06 62 21.7266 21 0.350152
728 3.68935e+19 4.58427e+16 2.13994e+06 65 21.3994 21 0.340825
729 2.95148e+20 2.98331e+17 4.24201e+06 68 22.9248 22 0.374345
730 4.61169e+18 7.79963e+15 56776.2 62 18.5537 15 0.304351
731 3.68935e+19 3.73499e+16 159870 65 19.1475 17 0.315127
732 3.68935e+19 7.87777e+16 24311.8 65 16.5088 13 0.268779
733 1.47574e+20 5.1874e+17 56292.3 67 18.4004 15 0.30259
734 9.22337e+18 1.50056e+16 293472 63 20.1133 18 0.333261
735 7.3787e+19 1.25855e+17 1.08524e+06 66 21.624 20 0.357359
736 9.22337e+18 2.2362e+16 1.09416e+06 63 22.2861 20 0.371787
737 7.3787e+19 8.06134e+16 4.23694e+06 66 22.6631 22 0.370613
738 9.22337e+18 1.31913e+16 561012 63 21.7324 19 0.35404
739 7.3787e+19 9.57514e+16 1.08968e+06 66 22.3789 20 0.366757
740 7.3787e+19 1.32643e+17 2.14419e+06 66 22.8672 21 0.374871
741 7.3787e+19 8.73372e+16 8.43811e+06 66 23.7998 23 0.402974
742 1.18059e+21 1.65867e+18 6.71629e+07 70 26.3857 26 0.444516
743 1.84467e+19 2.58689e+16 1.34291e+08 64 27.1807 27 0.464007
744 1.88895e+22 1.87217e+19 6.71764e+07 74 27.168 26 0.467274
745 6.04463e+23 5.90569e+20 8.59004e+09 79 30.6201 33 0.536508
746 7.55579e+22 7.39404e+19 2.68506e+08 76 28.2598 28 0.483912
747 3.68935e+19 7.78264e+16 3.36059e+07 65 25.5742 25 0.436828
748 1.18059e+21 1.35297e+18 3.36086e+07 70 25.1748 25 0.433892
749 1.18059e+21 1.19484e+18 8.44408e+06 70 24.1338 23 0.41356
750 3.77789e+22 3.76728e+19 6.71711e+07 75 27.2031 26 0.474695
751 5.90296e+20 1.63614e+18 1.34279e+08 69 26.8691 27 0.475028
752 2.95148e+20 3.84592e+17 6.71756e+07 68 26.9453 26 0.477543
753 9.44473e+21 9.80213e+18 1.07384e+09 73 29.543 30 0.523044
754 4.72237e+21 5.10029e+18 1.34287e+08 72 28.46 27 0.503996
755 2.95148e+20 7.71138e+17 1.07383e+09 68 29.29 30 0.515946
756 1.47574e+20 2.48796e+17 1.34288e+08 67 27.3174 27 0.485796
757 5.90296e+20 7.80762e+17 2.68506e+08 69 28.1074 28 0.496107
758 3.68935e+19 1.25466e+17 1.68384e+07 65 24.5029 24 0.440475
759 7.3787e+19 1.53737e+17 3.36158e+07 66 25.8711 25 0.464785
760 1.18059e+21 1.4311e+18 6.71771e+07 70 26.6885 26 0.469946
761 7.3787e+19 2.3879e+17 5.36943e+08 66 29.4756 29 0.517705
762 2.95148e+20 4.02572e+17 2.14758e+09 68 29.9316 31 0.531002
763 2.36118e+21 2.56402e+18 1.34286e+08 71 27.9053 27 0.48442
764 4.72237e+21 5.17462e+18 2.6851e+08 72 28.7363 28 0.508588
765 2.36118e+21 3.03012e+18 2.14757e+09 71 29.0957 31 0.512917
766 1.88895e+22 2.46062e+19 2.14756e+09 74 29.7275 31 0.529502
767 1.88895e+22 3.33653e+19 6.87196e+10 74 31.6289 36 0.575106
768 2.36118e+21 2.47083e+18 4.29504e+09 71 30.0166 32 0.533005
769 9.44473e+21 1.22552e+19 1.07383e+09 73 28.5254 30 0.510821
770 3.02231e+23 2.99e+20 1.34287e+08 78 26.4424 27 0.474171
771 1.18059e+21 1.67371e+18 2.68514e+08 70 27.6016 28 0.489286
772 4.8357e+24 5.91676e+21 4.29506e+09 82 29.9688 32 0.538721
773 4.72237e+21 9.81862e+18 4.29506e+09 72 30.1572 32 0.539309
774 3.02231e+23 2.9834e+20 3.43598e+10 78 32.0635 35 0.58531
775 4.8357e+24 4.73948e+21 3.43598e+10 82 30.9746 35 0.561972
776 9.44473e+21 1.59343e+19 1.37439e+11 73 31.792 37 0.590784
777 7.55579e+22 1.58118e+20 3.43598e+10 76 30.3672 35 0.563576
778 7.55579e+22 8.03986e+19 2.68507e+08 76 28.2314 28 0.521086
779 7.55579e+22 1.05715e+20 3.43598e+10 76 31.7568 35 0.584096
780 7.55579e+22 9.40944e+19 5.49756e+11 76 34.8262 39 0.645552
781 4.72237e+21 1.55573e+19 1.37439e+11 72 32.8955 37 0.607892
782 7.55579e+22 7.63766e+19 1.37439e+11 76 32.9941 37 0.613162
783 2.41785e+24 2.45151e+21 4.39805e+12 81 37.5273 42 0.69358
784 5.90296e+20 2.37719e+18 8.59003e+09 69 31.21 33 0.585453
785 7.73713e+25 7.56001e+22 1.718e+10 86 32.123 34 0.596957
786 7.55579e+22 1.14981e+20 2.14756e+09 76 30.8232 31 0.571767
787 6.04463e+23 6.05572e+20 1.34286e+08 79 28.8799 27 0.548475
788 4.8357e+24 7.18374e+21 6.71669e+07 82 28.666 26 0.535077
789 9.44473e+21 1.65766e+19 5.36948e+08 73 30.0859 29 0.557184
790 3.77789e+22 4.10412e+19 3.43598e+10 75 32.5596 35 0.602487
791 7.73713e+25 7.55934e+22 2.74878e+11 86 33.4473 38 0.607631
792 2.41785e+24 2.40342e+21 1.09951e+12 81 35.5479 40 0.650263
793 1.23794e+27 1.20897e+24 2.19902e+12 90 35.4238 41 0.651544
794 1.51116e+23 3.79951e+20 4.39805e+12 77 37.3799 42 0.688375
795 1.88895e+22 4.55309e+19 1.09951e+12 74 34.0996 40 0.646537
796 2.41785e+24 2.55829e+21 1.37439e+11 81 33.9248 37 0.63009
797 1.20893e+24 2.4479e+21 1.37439e+11 80 33.8916 37 0.640363
798 1.20893e+24 1.49324e+21 2.68509e+08 80 29.8252 28 0.572558
799 7.55579e+22 1.08344e+20 8.59003e+09 76 32.2686 33 0.605734
800 3.77789e+22 4.35914e+19 1.37439e+11 75 33.0449 37 0.618991
801 7.55579e+22 1.74039e+20 3.43598e+10 76 32.7402 35 0.617015
802 3.02231e+23 4.6249e+20 4.29505e+09 78 30.707 32 0.58169
803 1.51116e+23 1.65268e+20 1.718e+10 77 31.9385 34 0.605678
804 4.72237e+21 7.58224e+18 8.59002e+09 72 31.0967 33 0.588088
805 3.77789e+22 4.76226e+19 1.718e+10 75 31.333 34 0.58599
806 1.51116e+23 2.40018e+20 2.74878e+11 77 34.3994 38 0.636813
807 1.88895e+22 4.10436e+19 3.43598e+10 74 32.3926 35 0.606719
808 9.67141e+24 9.53553e+21 3.43598e+10 83 31.9912 35 0.600472
809 3.77789e+22 5.84772e+19 2.74878e+11 75 34.8779 38 0.649806
810 1.88895e+22 3.04113e+19 5.49756e+11 74 34.8584 39 0.647044
811 9.44473e+21 2.10726e+19 1.37439e+11 73 33.6973 37 0.620458
812 1.88895e+22 3.28714e+19 1.718e+10 74 31.7881 34 0.585798
813 3.77789e+22 5.8359e+19 1.37439e+11 75 33.7051 37 0.621992
814 1.88895e+22 2.78249e+19 8.59002e+09 74 31.9023 33 0.59102
815 1.18059e+21 5.3038e+18 6.87196e+10 70 32.1367 36 0.594976
816 9.44473e+21 1.03495e+19 6.87196e+10 73 32.3975 36 0.593803
817 1.51116e+23 1.73118e+20 1.09951e+12 77 35.0596 40 0.643591
818 9.67141e+24 9.45101e+21 1.37439e+11 83 31.25 37 0.567574
819 1.51116e+23 1.49464e+20 2.19902e+12 77 36.2783 41 0.664439
820 1.18059e+21 4.15956e+18 2.19902e+12 70 35.5332 41 0.651751
821 4.72237e+21 7.01369e+18 3.43598e+10 72 31.1436 35 0.572415
822 3.02231e+23 3.07121e+20 2.74878e+11 78 34.3428 38 0.636053
823 1.88895e+22 4.1421e+19 3.43598e+10 74 33.3213 35 0.615504
824 4.72237e+21 9.56416e+18 6.87196e+10 72 31.3271 36 0.575753
825 1.18059e+21 2.38222e+18 3.43598e+10 70 31.9248 35 0.588072
826 1.18059e+21 4.07308e+18 3.43598e+10 70 31.5371 35 0.582747
827 2.36118e+21 4.03853e+18 4.29505e+09 71 29.9355 32 0.545222
828 3.02231e+23 2.98772e+20 1.07383e+09 78 29.6182 30 0.546562
829 3.77789e+22 4.39164e+19 1.09951e+12 75 36.1924 40 0.655381
830 7.73713e+25 7.556e+22 2.74878e+11 86 34.8105 38 0.631075
831 3.77789e+22 4.431e+19 5.49756e+11 75 35.626 39 0.637406
832 1.88895e+22 3.33048e+19 2.74878e+11 74 35.4141 38 0.641357
833 9.44473e+21 3.39915e+19 1.37439e+11 73 33.4209 37 0.611945
834 6.04463e+23 7.40723e+20 3.43599e+10 79 32.7441 35 0.603307
835 4.72237e+21 6.37248e+18 1.718e+10 72 30.7275 34 0.562186
836 3.02231e+23 2.97364e+20 4.29506e+09 78 29.9893 32 0.558408
837 7.55579e+22 8.14408e+19 2.68514e+08 76 27.2861 28 0.510723
838 3.96141e+28 3.86917e+25 6.87196e+10 95 33.2461 36 0.613493
839 1.93428e+25 1.90534e+22 4.29505e+09 84 31.7227 32 0.580473
840 1.88895e+22 3.53259e+19 6.87196e+10 74 33.6904 36 0.623245
841 9.67141e+24 9.64853e+21 3.43598e+10 83 32.9531 35 0.607141
842 3.02231e+23 6.24483e+20 5.49756e+11 78 34.8574 39 0.634471
843 1.23794e+27 1.20918e+24 5.49756e+11 90 35.7744 39 0.654208
844 1.88895e+22 3.28072e+19 1.37439e+11 74 32.1152 37 0.585592
845 4.72237e+21 1.20702e+19 3.43599e+10 72 31.668 35 0.577663
846 2.41785e+24 2.52355e+21 8.59004e+09 81 31.1514 33 0.559965
847 1.51116e+23 1.62023e+20 1.37439e+11 77 33.3379 37 0.61283
848 3.02231e+23 4.01427e+20 2.68515e+08 78 29.0654 28 0.540173
849 3.77789e+22 3.86582e+19 1.07381e+09 75 29.7568 30 0.550007
850 7.73713e+25 7.55747e+22 6.87196e+10 86 32.9053 36 0.599779
851 4.72237e+21 6.35208e+18 5.49756e+11 72 35.0557 39 0.644138
852 1.18059e+21 2.73573e+18 8.59004e+09 70 29.9463 33 0.55362
853 1.18059e+21 2.20331e+18 6.87196e+10 70 31.8477 36 0.585226
854 5.90296e+20 1.56064e+18 2.74878e+11 69 33.3799 38 0.607748
855 1.88895e+22 2.16992e+19 2.19902e+12 74 35.4512 41 0.642039
856 6.04463e+23 6.41853e+20 3.43598e+10 79 31.3838 35 0.57903
857 4.72237e+21 9.12896e+18 6.87196e+10 72 32.7363 36 0.604529
858 2.36118e+21 6.64594e+18 4.29506e+09 71 29.6318 32 0.545473
859 2.41785e+24 2.407e+21 8.59003e+09 81 30.6992 33 0.565429
860 1.20893e+24 1.24099e+21 6.87196e+10 80 33.04 36 0.621604
861 9.44473e+21 3.44577e+19 2.74878e+11 73 34.6299 38 0.638396
862 6.04463e+23 1.20632e+21 1.07383e+09 79 29.418 30 0.543671
863 2.36118e+21 5.6065e+18 8.59001e+09 71 30.2803 33 0.559837
864 3.77789e+22 3.76602e+19 1.718e+10 75 30.8623 34 0.567897
865 4.72237e+21 8.42126e+18 2.14756e+09 72 30.2119 31 0.567757
866 6.04463e+23 5.97154e+20 1.34294e+08 79 28.0078 27 0.52631
867 1.51116e+23 2.11523e+20 1.718e+10 77 32.7461 34 0.617771
868 3.02231e+23 3.98485e+20 3.43598e+10 78 32.7402 35 0.611298
869 1.88895e+22 5.50819e+19 8.59003e+09 74 32.0967 33 0.601912
870 2.36118e+21 5.67845e+18 2.14756e+09 71 29.6338 31 0.563688
871 9.67141e+24 9.48975e+21 5.36946e+08 83 28.6846 29 0.536759
872 9.44473e+21 1.39487e+19 6.87196e+10 73 32.9062 36 0.611756
873 6.04463e+23 6.38283e+20 1.718e+10 79 31.9863 34 0.588999
874 7.55579e+22 1.71358e+20 1.07383e+09 76 30.3691 30 0.57511
875 6.04463e+23 6.29134e+20 5.36945e+08 79 29.0576 29 0.537666
876 1.18059e+21 3.05506e+18 2.14757e+09 70 29.7002 31 0.540968
877 2.36118e+21 4.66966e+18 2.14756e+09 71 29.9668 31 0.544386
878 1.88895e+22 3.05264e+19 2.68497e+08 74 27.9766 28 0.509533
879 1.20893e+24 2.51925e+21 3.43598e+10 80 31.7373 35 0.579124
880 3.77789e+22 4.22673e+19 2.14757e+09 75 29.5527 31 0.537828
881 1.20893e+24 1.26519e+21 1.07383e+09 80 29.5127 30 0.539629
882 1.9807e+28 1.93434e+25 4.29505e+09 94 31.1416 32 0.576066
883 7.55579e+22 7.6365e+19 5.3695e+08 76 28.9287 29 0.536369
884 7.55579e+22 1.10628e+20 4.29504e+09 76 30.0986 32 0.558257
885 1.88895e+22 4.19633e+19 1.07381e+09 74 29.0029 30 0.534424
886 9.44473e+21 2.22074e+19 4.29505e+09 73 30.3848 32 0.552729
887 3.77789e+22 5.48303e+19 4.29504e+09 75 30.0264 32 0.553177
888 1.88895e+22 3.19427e+19 1.07382e+09 74 28.3389 30 0.521579
889 3.77789e+22 6.29783e+19 5.36954e+08 75 28.3086 29 0.527022
890 2.41785e+24 2.36672e+21 1.07382e+09 81 28.8301 30 0.530543
891 1.20893e+24 1.1877e+21 1.07383e+09 80 29.1104 30 0.53968
892 1.88895e+22 1.89734e+19 4.29505e+09 74 30.543 32 0.564128
893 7.55579e+22 7.67251e+19 6.87196e+10 76 32.9277 36 0.592784
894 4.95176e+27 4.84515e+24 2.74878e+11 92 33.7314 38 0.619788
895 1.88895e+22 3.09891e+19 1.37439e+11 74 34.0586 37 0.62305
896 2.36118e+21 7.26807e+18 1.37439e+11 71 34.041 37 0.628331
897 5.90296e+20 1.15009e+18 4.29506e+09 69 30.3184 32 0.553142
898 9.44473e+21 1.27984e+19 2.14757e+09 73 29.5664 31 0.539207
899 9.44473e+21 2.41376e+19 4.29505e+09 73 29.8154 32 0.546152
900 9.44473e+21 1.55291e+19 1.07383e+09 73 28.3701 30 0.519967
901 4.72237e+21 7.26145e+18 5.36947e+08 72 28.5488 29 0.529339
902 2.36118e+21 3.22191e+18 1.0738e+09 71 28.916 30 0.542669
903 1.51116e+23 1.50209e+20 1.34283e+08 77 26.8584 27 0.49707
904 4.72237e+21 1.22626e+19 5.36932e+08 72 27.167 29 0.506812
905 3.02231e+23 2.98893e+20 2.68503e+08 78 26.5898 28 0.494455
906 1.51116e+23 1.67343e+20 5.36937e+08 77 28.9229 29 0.539832
907 7.55579e+22 9.51619e+19 4.29507e+09 76 30.4033 32 0.56138
908 3.77789e+22 5.08774e+19 5.36951e+08 75 29.3877 29 0.549572
909 1.88895e+22 5.72314e+19 8.59002e+09 74 30.3584 33 0.563039
910 7.73713e+25 7.55643e+22 1.718e+10 86 31.1523 34 0.577525
911 9.44473e+21 1.54506e+19 6.87196e+10 73 32.0762 36 0.592598
912 1.51116e+23 3.0603e+20 2.14757e+09 77 30.2812 31 0.559132
913 1.88895e+22 2.73547e+19 1.718e+10 74 31.2617 34 0.581205
914 1.88895e+22 3.33041e+19 6.87196e+10 74 31.2852 36 0.584084
915 1.88895e+22 3.04327e+19 3.43599e+10 74 32.0645 35 0.60128
916 4.8357e+24 4.72596e+21 1.07382e+09 82 28.6758 30 0.547013
917 2.36118e+21 4.27821e+18 8.59003e+09 71 30.7451 33 0.584119
918 4.72237e+21 6.09515e+18 4.29505e+09 72 29.9443 32 0.566088
919 2.36118e+21 7.52684e+18 8.59003e+09 71 29.5703 33 0.556607
920 7.55579e+22 7.92302e+19 1.34279e+08 76 27.1465 27 0.513216
921 2.95148e+20 9.01552e+17 1.718e+10 68 29.623 34 0.547246
922 5.90296e+20 1.70053e+18 1.07382e+09 69 28.4062 30 0.528632
923 2.95148e+20 1.43118e+18 2.14755e+09 68 28.6865 31 0.532534
924 1.88895e+22 3.0197e+19 2.14758e+09 74 29.2812 31 0.541259
925 7.55579e+22 7.51257e+19 5.36925e+08 76 28.7314 29 0.539408
926 2.95148e+20 7.67211e+17 1.07381e+09 68 28.5908 30 0.540424
927 3.77789e+22 3.77649e+19 1.07381e+09 75 27.9131 30 0.524236
928 9.44473e+21 1.36655e+19 2.68506e+08 73 27.752 28 0.523692
929 1.88895e+22 1.89615e+19 3.36006e+07 74 25.1299 25 0.475248
930 7.73713e+25 7.55589e+22 2.68505e+08 86 27.7715 28 0.525664
931 7.55579e+22 8.87116e+19 3.36133e+07 76 26.1133 25 0.495159
932 1.88895e+22 2.00972e+19 3.36081e+07 74 24.8008 25 0.466343
933 1.93428e+25 1.89107e+22 2.68508e+08 84 28.0303 28 0.540632
934 2.36118e+21 5.75776e+18 4.29505e+09 71 31.5527 32 0.62248
935 6.04463e+23 6.57325e+20 5.3693e+08 79 27.9521 29 0.535495
936 1.88895e+22 4.47563e+19 2.14757e+09 74 29.8848 31 0.581173
937 1.20893e+24 1.26003e+21 8.59003e+09 80 30.3984 33 0.588207
938 1.88895e+22 3.54584e+19 4.29506e+09 74 29.9971 32 0.582141
939 7.55579e+22 1.24758e+20 5.36933e+08 76 28.6797 29 0.555456
940 7.55579e+22 9.93529e+19 1.0738e+09 76 28.4453 30 0.549777
941 1.88895e+22 4.62192e+19 5.36939e+08 74 28.5088 29 0.545904
942 1.51116e+23 1.61873e+20 2.68506e+08 77 28.4248 28 0.550951
943 1.20893e+24 1.56496e+21 1.07382e+09 80 29.1904 30 0.561427
944 9.67141e+24 1.43022e+22 8.59001e+09 83 30.9004 33 0.59569
945 9.44473e+21 1.59706e+19 1.07381e+09 73 29.5049 30 0.569724
946 1.88895e+22 2.33834e+19 1.34283e+08 74 27.0918 27 0.532936
947 1.88895e+22 5.87948e+19 2.14757e+09 74 29.3496 31 0.575431
948 9.44473e+21 1.30335e+19 1.07381e+09 73 29.1934 30 0.566405
949 1.88895e+22 3.14504e+19 6.7172e+07 74 26.7559 26 0.521503
950 6.04463e+23 6.33563e+20 2.14758e+09 79 29.8008 31 0.571883
951 7.55579e+22 1.57501e+20 1.34278e+08 76 27.3799 27 0.529613
952 1.88895e+22 1.90054e+19 6.71656e+07 74 26.4248 26 0.511032
953 6.04463e+23 8.92803e+20 1.718e+10 79 32.0693 34 0.620579
954 1.20893e+24 1.19256e+21 2.14757e+09 80 30.7627 31 0.589001
955 6.1897e+26 6.04561e+23 2.74878e+11 89 34.4053 38 0.652908
956 9.44473e+21 1.46567e+19 2.68507e+08 73 29.5703 28 0.570348
957 7.55579e+22 8.59701e+19 1.718e+10 76 32.8281 34 0.633436
958 1.88895e+22 4.86747e+19 8.59004e+09 74 32.6445 33 0.637644
959 2.36118e+21 1.01815e+19 1.718e+10 71 32.6592 34 0.638638
960 9.44473e+21 1.98726e+19 8.59e+09 73 31.6758 33 0.61344
961 6.04463e+23 7.53849e+20 2.68503e+08 79 28.7295 28 0.554649
962 2.41785e+24 2.38838e+21 2.68498e+08 81 29.1943 28 0.573046
963 1.88895e+22 4.18111e+19 2.14757e+09 74 30.6875 31 0.604475
964 3.02231e+23 3.8633e+20 2.14757e+09 78 31.6221 31 0.620718
965 1.20893e+24 1.66135e+21 2.14757e+09 80 30.4307 31 0.60817
966 3.77789e+22 6.35636e+19 1.34291e+08 75 27.9648 27 0.55695
967 3.77789e+22 8.38907e+19 1.34271e+08 75 27.0098 27 0.538412
968 6.04463e+23 5.94039e+20 6.71761e+07 79 26.0068 26 0.521611
969 7.55579e+22 7.46619e+19 4.29506e+09 76 31.1211 32 0.60603
970 2.41785e+24 2.36637e+21 6.87196e+10 81 33.4795 36 0.643947
971 2.36118e+21 8.32282e+18 8.59003e+09 71 32.6465 33 0.635958
972 1.88895e+22 3.20165e+19 2.14756e+09 74 31.1211 31 0.607302
973 9.44473e+21 1.2997e+19 8.59001e+09 73 31.3447 33 0.603446
974 9.44473e+21 1.38662e+19 1.71799e+10 73 31.8506 34 0.6166
975 7.55579e+22 8.02633e+19 8.59003e+09 76 31.293 33 0.60199
976 4.8357e+24 4.85633e+21 1.718e+10 82 31.6631 34 0.605623
977 1.18059e+21 3.90311e+18 1.37439e+11 70 33.9385 37 0.64572
978 3.77789e+22 4.17042e+19 3.43598e+10 75 32.9043 35 0.626542
979 1.18059e+21 4.15236e+18 2.74878e+11 70 35.6299 38 0.693935
980 3.02231e+23 3.01208e+20 1.718e+10 78 32.7178 34 0.634111
981 1.88895e+22 2.87104e+19 3.43598e+10 74 34.3271 35 0.671492
982 3.77789e+22 4.23284e+19 2.74878e+11 75 35.5488 38 0.687401
983 3.77789e+22 9.54947e+19 1.718e+10 75 33.2959 34 0.649775
984 1.18059e+21 1.92947e+18 4.29504e+09 70 32.2334 32 0.621866
985 2.36118e+21 3.5322e+18 4.29505e+09 71 31.8096 32 0.617369
986 1.20893e+24 1.35008e+21 8.59002e+09 80 31.666 33 0.612555
987 1.51116e+23 1.61502e+20 1.718e+10 77 32.6592 34 0.617001
988 1.88895e+22 3.39871e+19 3.43598e+10 74 33.96 35 0.644542
989 1.47574e+20 5.29499e+17 5.36947e+08 67 29.0469 29 0.557597
990 3.77789e+22 3.93164e+19 1.07382e+09 75 30.2656 30 0.582714
991 3.77789e+22 8.53215e+19 8.59002e+09 75 32.2725 33 0.629212
992 2.95148e+20 1.35258e+18 1.718e+10 68 33.209 34 0.642411
993 4.8357e+24 4.77807e+21 4.29503e+09 82 31.459 32 0.609788
994 9.44473e+21 1.64523e+19 1.37439e+11 73 35.5303 37 0.672685
995 4.72237e+21 6.28308e+18 3.43598e+10 72 33.0078 35 0.638487
996 9.44473e+21 1.76501e+19 6.87196e+10 73 34.4209 36 0.667603
997 1.51116e+23 1.63119e+20 6.87196e+10 77 34.0156 36 0.655502
998 1.18059e+21 5.81961e+18 5.49756e+11 70 36.5264 39 0.702585
999 1.88895e+22 3.09302e+19 3.43598e+10 74 32.499 35 0.624467
1000 1.88895e+22 2.25396e+19 4.29506e+09 74 31.0605 32 0.593061
1001 3.77789e+22 7.02234e+19 1.37439e+11 75 33.7061 37 0.64588
1002 3.02231e+23 6.15151e+20 1.37439e+11 78 34.9277 37 0.670518
1003 3.77789e+22 7.49038e+19 1.718e+10 75 31.874 34 0.608133
1004 9.44473e+21 1.5507e+19 6.87196e+10 73 34.3633 36 0.640545
1005 3.86856e+25 3.77951e+22 1.718e+10 85 33.0127 34 0.614784
1006 1.54743e+26 1.51146e+23 1.09951e+12 87 36.7451 40 0.703049
1007 3.02231e+23 6.85791e+20 5.49756e+11 78 35.8457 39 0.676896
1008 9.67141e+24 9.57798e+21 6.87196e+10 83 32.6777 36 0.62163
1009 2.41785e+24 2.45443e+21 2.74878e+11 81 36.3037 38 0.70486
1010 1.51116e+23 4.76388e+20 2.74878e+11 77 35.4834 38 0.688831
1011 1.51116e+23 3.1966e+20 2.74878e+11 77 36.1211 38 0.707525
1012 3.02231e+23 3.55479e+20 1.37439e+11 78 34.4756 37 0.682494
1013 1.88895e+22 2.31046e+19 3.43599e+10 74 34.1924 35 0.66799
1014 4.72237e+21 8.93183e+18 2.74878e+11 72 34.959 38 0.690658
1015 2.36118e+21 8.34373e+18 6.87196e+10 71 32.4648 36 0.634601
1016 9.44473e+21 3.67117e+19 3.43598e+10 73 32.7441 35 0.642939
1017 3.77789e+22 6.94424e+19 1.37439e+11 75 34.9297 37 0.688768
1018 9.44473e+21 1.89705e+19 1.09951e+12 73 36.4307 40 0.708758
1019 4.8357e+24 5.33124e+21 1.37439e+11 82 33.4561 37 0.649928
1020 3.77789e+22 6.84078e+19 2.74878e+11 75 35.1416 38 0.694909
1021 1.51116e+23 2.48503e+20 2.74878e+11 77 35.3984 38 0.695388
1022 3.77789e+22 5.38625e+19 2.74878e+11 75 34.3135 38 0.686296
1023 9.44473e+21 2.68776e+19 5.49756e+11 73 36.5615 39 0.711953
1024 6.04463e+23 6.07569e+20 3.43598e+10 79 32.668 35 0.645926
1025 4.8357e+24 4.93751e+21 1.37439e+11 82 34.3359 37 0.67928
1026 4.8357e+24 4.79759e+21 1.37439e+11 82 33.7412 37 0.694367
1027 3.77789e+22 8.71408e+19 8.59001e+09 75 31.4922 33 0.638669
1028 2.41785e+24 2.47749e+21 8.59002e+09 81 31.9199 33 0.637175
1029 6.04463e+23 8.49175e+20 1.09951e+12 79 36.2402 40 0.727294
1030 1.93428e+25 2.49088e+22 4.39805e+12 84 37.5449 42 0.760301
1031 7.73713e+25 1.03933e+23 1.09951e+12 86 35.6035 40 0.726366
1032 7.55579e+22 1.82046e+20 2.74878e+11 76 34.8799 38 0.707614
1033 9.67141e+24 9.74064e+21 2.19902e+12 83 36.4473 41 0.742968
1034 4.8357e+24 6.98085e+21 3.43598e+10 82 33.8066 35 0.679726
1035 1.51116e+23 1.76645e+20 8.59002e+09 77 31.7119 33 0.636803
1036 3.77789e+22 7.31396e+19 2.68493e+08 75 29.7314 28 0.601075
1037 2.36118e+21 9.66841e+18 1.07381e+09 71 31.0518 30 0.638403
1038 9.44473e+21 1.78716e+19 4.29504e+09 73 31.6064 32 0.640474
1039 4.72237e+21 2.32329e+19 1.37439e+11 72 34.5566 37 0.699741
1040 4.8357e+24 4.82164e+21 8.59001e+09 82 31.9473 33 0.639559
1041 1.51116e+23 3.34938e+20 1.718e+10 77 32.9219 34 0.667181
1042 1.20893e+24 1.21248e+21 8.59002e+09 80 32.0488 33 0.645403
1043 1.51116e+23 2.69968e+20 1.37439e+11 77 34.0938 37 0.691849
1044 1.54743e+26 1.70146e+23 2.14754e+09 87 31.1865 31 0.641384
1045 6.04463e+23 7.25884e+20 4.29503e+09 79 32.0312 32 0.653753
1046 2.41785e+24 3.76596e+21 1.71799e+10 81 32.834 34 0.66249
1047 6.04463e+23 6.689e+20 6.87196e+10 79 34.7627 36 0.702532
1048 7.55579e+22 1.78325e+20 6.87196e+10 76 32.7637 36 0.667511
1049 1.54743e+26 1.55957e+23 2.14756e+09 87 30.3096 31 0.614709
1050 3.09485e+26 4.55899e+23 2.14757e+09 88 30.2686 31 0.619734
1051 9.67141e+24 1.01175e+22 4.29505e+09 83 31.084 32 0.630975
1052 7.55579e+22 3.35019e+20 1.34284e+08 76 29.2949 27 0.604929
1053 1.18059e+21 6.12811e+18 1.34279e+08 70 28.0098 27 0.574245
1054 1.20893e+24 1.39763e+21 1.34274e+08 80 27.9707 27 0.574977
1055 1.51116e+23 3.38836e+20 5.36944e+08 77 30.623 29 0.616199
1056 1.88895e+22 3.58289e+19 1.34287e+08 74 29.2646 27 0.594465
1057 1.51116e+23 1.92995e+20 8.59001e+09 77 32.1074 33 0.652391
1058 1.88895e+22 6.25579e+19 8.59002e+09 74 33.0303 33 0.664047
1059 3.77789e+22 7.30199e+19 1.07382e+09 75 31.5801 30 0.639327
1060 7.55579e+22 8.28669e+19 1.07382e+09 76 30.4434 30 0.62246
1061 9.67141e+24 9.50172e+21 2.14756e+09 83 32.042 31 0.642277
1062 4.8357e+24 4.91609e+21 3.43598e+10 82 33.7197 35 0.678086
1063 1.51116e+23 2.72862e+20 2.68473e+08 77 29.8223 28 0.610492
1064 2.41785e+24 4.88099e+21 4.29503e+09 81 32.0283 32 0.647223
1065 1.23794e+27 1.36037e+24 8.58999e+09 90 33.2207 33 0.674911
1066 1.93428e+25 2.37288e+22 2.14756e+09 84 32.377 31 0.660775
1067 1.88895e+22 4.53729e+19 4.29503e+09 74 32.3066 32 0.657402
1068 1.51116e+23 2.68629e+20 1.07381e+09 77 31.875 30 0.646998
1069 6.04463e+23 6.10843e+20 2.14755e+09 79 31.5781 31 0.639071
1070 3.02231e+23 3.3186e+20 2.14755e+09 78 31.2734 31 0.62459
1071 3.77789e+22 8.42635e+19 1.34282e+08 75 28.832 27 0.583087
1072 1.93428e+25 1.93877e+22 6.71736e+07 84 29.0303 26 0.591774
1073 3.77789e+22 6.42801e+19 2.14756e+09 75 31.6748 31 0.638156
1074 7.73713e+25 7.56424e+22 2.68504e+08 86 29.8135 28 0.60262
1075 4.8357e+24 4.79415e+21 1.07381e+09 82 30.9023 30 0.633965
1076 2.41785e+24 2.37689e+21 3.36077e+07 81 27.3076 25 0.560603
1077 3.77789e+22 4.86872e+19 3.36001e+07 75 27.0176 25 0.56295
1078 1.88895e+22 4.42555e+19 6.71609e+07 74 27.8994 26 0.570816
1079 2.36118e+21 6.91302e+18 1.34279e+08 71 28.8906 27 0.592385
1080 3.02231e+23 3.33665e+20 2.68492e+08 78 29.2637 28 0.590836
1081 6.04463e+23 6.39512e+20 1.07383e+09 79 30.5205 30 0.626173
1082 7.73713e+25 8.09707e+22 5.36942e+08 86 29.4346 29 0.603912
1083 7.55579e+22 9.48724e+19 2.68503e+08 76 29.2959 28 0.588629
1084 1.88895e+22 5.13092e+19 1.34277e+08 74 28.9092 27 0.581515
1085 7.55579e+22 8.22436e+19 5.36929e+08 76 28.8408 29 0.590567
1086 3.77789e+22 1.10774e+20 2.68479e+08 75 28.8672 28 0.58743
1087 1.93428e+25 1.91226e+22 1.34277e+08 84 28.6504 27 0.58456
1088 7.55579e+22 1.86802e+20 2.68502e+08 76 29.3887 28 0.602079
1089 3.77789e+22 5.30036e+19 6.71591e+07 75 27.4922 26 0.564508
1090 1.54743e+26 1.51205e+23 1.07382e+09 87 30.6152 30 0.609499
1091 3.02231e+23 4.63971e+20 1.37439e+11 78 33.0645 37 0.663798
1092 1.9807e+28 1.93443e+25 1.07383e+09 94 30.0723 30 0.605756
1093 3.02231e+23 3.34028e+20 1.34289e+08 78 28.5234 27 0.579362
1094 1.88895e+22 3.61835e+19 5.36949e+08 74 29.5801 29 0.591139
1095 2.41785e+24 2.77834e+21 5.3694e+08 81 29.4023 29 0.590368
1096 3.77789e+22 5.96013e+19 1.34263e+08 75 27.0986 27 0.551697
1097 4.8357e+24 5.45765e+21 1.3427e+08 82 28.3174 27 0.573274
1098 7.55579e+22 1.50715e+20 1.34275e+08 76 29.0996 27 0.58958
1099 1.88895e+22 6.18227e+19 1.34285e+08 74 28.4102 27 0.573745
1100 7.55579e+22 7.99584e+19 1.34282e+08 76 28.8447 27 0.586634
1101 9.44473e+21 3.743e+19 3.36063e+07 73 26.873 25 0.549678
1102 3.02231e+23 6.29492e+20 1.68304e+07 78 27.209 24 0.551079
1103 4.8357e+24 4.77021e+21 5.36929e+08 82 28.9639 29 0.578139
1104 9.67141e+24 1.00538e+22 1.37439e+11 83 33.4443 37 0.662012
1105 3.77789e+22 7.21561e+19 1.09951e+12 75 34.292 40 0.68021
1106 9.67141e+24 1.02154e+22 1.37439e+11 83 32.3896 37 0.644784
1107 9.67141e+24 1.89497e+22 1.37439e+11 83 32.5303 37 0.655843
1108 3.86856e+25 3.79633e+22 1.09951e+12 85 33.4775 40 0.660385
1109 1.88895e+22 4.38219e+19 6.87196e+10 74 30.5635 36 0.603389
1110 1.51116e+23 1.76014e+20 2.14757e+09 77 29.165 31 0.578408
1111 6.04463e+23 7.48112e+20 1.68168e+07 79 26.1621 24 0.519268
1112 1.88895e+22 2.93373e+19 1.6825e+07 74 26.3594 24 0.526244
1113 7.55579e+22 7.93344e+19 1.07383e+09 76 28.8438 30 0.572389
1114 9.44473e+21 2.19844e+19 1.37439e+11 73 31.8574 37 0.62974
1115 1.93428e+25 1.90222e+22 1.718e+10 84 30.2773 34 0.599235
1116 1.88895e+22 4.46637e+19 6.87196e+10 74 33.3838 36 0.640427
1117 1.20893e+24 1.24652e+21 2.74878e+11 80 33.167 38 0.640263
1118 7.55579e+22 9.274e+19 3.43598e+10 76 32.2695 35 0.620891
1119 1.51116e+23 1.82606e+20 1.09951e+12 77 34.4785 40 0.663623
1120 7.55579e+22 1.11969e+20 1.09951e+12 76 34.9229 40 0.668079
1121 3.77789e+22 1.18343e+20 5.49756e+11 75 34.7754 39 0.669656
1122 9.44473e+21 2.45625e+19 1.37439e+11 73 33.4395 37 0.637024
1123 1.93428e+25 1.90238e+22 2.19902e+12 84 36.082 41 0.70239
1124 3.02231e+23 4.58006e+20 1.09951e+12 78 35.7393 40 0.679212
1125 2.41785e+24 2.52137e+21 2.74878e+11 81 34.7236 38 0.66246
1126 4.72237e+21 1.87199e+19 4.39805e+12 72 36.9951 42 0.695742
1127 1.54743e+26 1.51163e+23 5.49756e+11 87 33.7881 39 0.642351
1128 3.02231e+23 4.88063e+20 2.74878e+11 78 33.4424 38 0.641449
1129 1.51116e+23 1.78901e+20 2.74878e+11 77 33.0625 38 0.634324
1130 3.02231e+23 7.45016e+20 3.43599e+10 78 31.5586 35 0.607198
1131 1.51116e+23 1.76272e+20 1.718e+10 77 31.0752 34 0.593027
1132 1.88895e+22 5.00702e+19 1.71799e+10 74 30.6084 34 0.589401
1133 1.20893e+24 1.18787e+21 3.43598e+10 80 30.2666 35 0.58028
1134 3.02231e+23 8.38332e+20 1.37439e+11 78 33.002 37 0.64048
1135 1.51116e+23 4.72197e+20 6.87196e+10 77 32.5684 36 0.63042
1136 9.67141e+24 1.89636e+22 1.37439e+11 83 33.8115 37 0.659122
1137 9.67141e+24 9.58543e+21 5.49756e+11 83 33.9658 39 0.65125
1138 9.44473e+21 4.70541e+19 1.09951e+12 73 35.9141 40 0.685595
1139 3.02231e+23 5.61054e+20 2.74878e+11 78 33.2432 38 0.631299
1140 6.04463e+23 1.05863e+21 8.59002e+09 79 30.5664 33 0.577654
1141 9.67141e+24 1.00116e+22 1.37439e+11 83 33.2646 37 0.635283
1142 9.67141e+24 9.8791e+21 8.79609e+12 83 37.8125 43 0.717037
1143 9.67141e+24 1.50492e+22 1.75922e+13 83 38.4756 44 0.737916
1144 1.54743e+26 2.28452e+23 4.39805e+12 87 37.042 42 0.701771
1145 9.67141e+24 1.10344e+22 1.37439e+11 83 33.9668 37 0.646592
1146 3.86856e+25 4.33618e+22 4.39805e+12 85 38.2031 42 0.712129
1147 1.51116e+23 2.35222e+20 5.49756e+11 77 34.3887 39 0.659682
1148 9.44473e+21 2.29831e+19 1.37439e+11 73 33.1631 37 0.631495
1149 1.51116e+23 2.40996e+20 6.87196e+10 77 32.2666 36 0.620446
1150 6.04463e+23 9.77623e+20 5.49756e+11 79 34.9561 39 0.672281
1151 4.8357e+24 1.00437e+22 2.74878e+11 82 33.2266 38 0.642473
1152 6.04463e+23 8.73861e+20 6.87196e+10 79 31.3672 36 0.601888
1153 3.02231e+23 3.39685e+20 1.718e+10 78 29.3955 34 0.574606
1154 6.04463e+23 1.40204e+21 1.09951e+12 79 35.5957 40 0.691835
1155 2.41785e+24 2.54218e+21 5.49756e+11 81 34.3066 39 0.654675
1156 7.73713e+25 7.8101e+22 6.87196e+10 86 32.0391 36 0.62347
1157 4.8357e+24 8.87869e+21 1.09951e+12 82 36.457 40 0.702387
1158 7.73713e+25 7.70684e+22 5.49756e+11 86 35.5693 39 0.684635
1159 4.95176e+27 5.04435e+24 8.79609e+12 92 40.1475 43 0.773416
1160 3.02231e+23 3.69961e+20 1.37439e+11 78 34.2422 37 0.664334
1161 2.47588e+27 2.49345e+24 2.19902e+12 91 38.1758 41 0.736844
1162 3.09485e+26 3.03122e+23 2.74878e+11 88 34.7441 38 0.679462
1163 6.1897e+26 6.8114e+23 5.49756e+11 89 34.8438 39 0.691447
1164 1.20893e+24 1.83826e+21 1.09951e+12 80 36.7363 40 0.723605
1165 3.86856e+25 4.27169e+22 5.49756e+11 85 33.7305 39 0.669209
1166 7.92282e+28 7.99409e+25 1.37439e+11 96 33.4199 37 0.668758
1167 3.96141e+28 3.90855e+25 8.59003e+09 95 32.2754 33 0.641268
1168 1.54743e+26 4.6803e+23 5.49756e+11 87 34.0947 39 0.680845
1169 7.92282e+28 7.9275e+25 8.59003e+09 96 31.6572 33 0.632423
1170 1.23794e+27 1.81717e+24 8.59004e+09 90 31.25 33 0.631402
1171 7.92282e+28 7.73739e+25 1.07381e+09 96 29.2217 30 0.590638
1172 4.8357e+24 6.83326e+21 6.87196e+10 82 31.8662 36 0.638242
1173 1.20893e+24 3.20853e+21 5.36931e+08 80 28.0957 29 0.564109
1174 9.67141e+24 1.07921e+22 1.718e+10 83 30.75 34 0.612882
1175 1.54743e+26 2.01703e+23 3.43598e+10 87 31.5586 35 0.629521
1176 4.95176e+27 4.84425e+24 1.718e+10 92 32.0371 34 0.643322
1177 3.86856e+25 9.49221e+22 3.43598e+10 85 32.3936 35 0.650587
1178 7.92282e+28 7.7989e+25 1.37439e+11 96 33.9287 37 0.675795
1179 3.09485e+26 3.13327e+23 1.71799e+10 88 31.415 34 0.652186
1180 3.96141e+28 3.8896e+25 5.36939e+08 95 28.7285 29 0.580388
1181 6.1897e+26 6.46671e+23 289991 89 24.708 18 0.51719
1182 9.67141e+24 1.45184e+22 89458.2 83 22.417 16 0.466328
1183 3.86856e+25 4.07909e+22 4.23395e+06 85 26.2705 22 0.531165
1184 3.09485e+26 3.97073e+23 3.36092e+07 88 28.9404 25 0.592298
1185 1.23794e+27 1.37132e+24 3.43598e+10 90 31.9229 35 0.638002
1186 2.47588e+27 2.72071e+24 6.87196e+10 91 32.2588 36 0.636063
1187 7.73713e+25 1.57007e+23 6.87196e+10 86 32.6543 36 0.650633
1188 3.86856e+25 4.2048e+22 6.87196e+10 85 32.7861 36 0.656415
1189 3.09485e+26 3.06511e+23 2.74878e+11 88 34.0527 38 0.678044
1190 4.8357e+24 1.21088e+22 6.87196e+10 82 32.6318 36 0.645023
1191 1.93428e+25 2.662e+22 1.718e+10 84 30.833 34 0.61649
1192 7.92282e+28 7.73718e+25 2.74878e+11 96 34.873 38 0.71672
1193 3.09485e+26 3.05303e+23 2.74878e+11 88 34.5459 38 0.692982
1194 7.92282e+28 7.74128e+25 4.39805e+12 96 39.1455 42 0.777283
1195 3.86856e+25 4.29647e+22 1.37439e+11 85 34.5967 37 0.700995
1196 3.09485e+26 3.11321e+23 6.87196e+10 88 34.1895 36 0.684584
1197 3.09485e+26 3.24763e+23 1.718e+10 88 32.6445 34 0.662196
1198 9.90352e+27 9.75617e+24 6.87196e+10 93 34.2568 36 0.699434
1199 1.9807e+28 2.90287e+25 8.59002e+09 94 33.1162 33 0.670018
1200 7.92282e+28 1.54942e+26 1.09951e+12 96 37.418 40 0.748022
1201 7.92282e+28 7.75261e+25 5.49756e+11 96 36.9512 39 0.746334
1202 7.92282e+28 9.91893e+25 5.49756e+11 96 37.6543 39 0.750712
1203 7.92282e+28 7.77471e+25 1.09951e+12 96 37.167 40 0.749021
1204 4.95176e+27 5.09562e+24 2.19902e+12 92 37.6406 41 0.756743
1205 1.9807e+28 2.31154e+25 2.19902e+12 94 38.3828 41 0.767963
1206 7.92282e+28 3.28925e+26 3.51844e+13 96 41.9736 45 0.825499
1207 7.92282e+28 7.86651e+25 1.09951e+12 96 36.7402 40 0.729284
1208 7.92282e+28 1.55537e+26 3.51844e+13 96 42.1318 45 0.838882
1209 7.92282e+28 1.74277e+26 8.79609e+12 96 39.6729 43 0.783793
1210 7.92282e+28 1.0526e+26 2.19902e+12 96 37.9062 41 0.751133
1211 7.92282e+28 8.25519e+25 5.49756e+11 96 36.3955 39 0.732
1212 2.47588e+27 2.74231e+24 4.29505e+09 91 32.0254 32 0.63644
1213 6.1897e+26 6.18897e+23 1.09951e+12 89 35.8164 40 0.70116
1214 1.93428e+25 2.38695e+22 1.09951e+12 84 36.7607 40 0.726978
1215 4.95176e+27 5.76922e+24 4.39805e+12 92 39.6357 42 0.783667
1216 7.73713e+25 1.17894e+23 2.74878e+11 86 35.165 38 0.707511
1217 7.92282e+28 9.67718e+25 1.09951e+12 96 37.583 40 0.74772
1218 7.92282e+28 2.37442e+26 8.79609e+12 96 40.0723 43 0.797139
1219 7.92282e+28 7.8361e+25 8.79609e+12 96 40.1455 43 0.79657
1220 7.92282e+28 1.55966e+26 4.39805e+12 96 38.6904 42 0.772316
1221 7.92282e+28 7.77768e+25 4.39805e+12 96 38.7656 42 0.765738
1222 7.92282e+28 2.32435e+26 2.19902e+12 96 38.0947 41 0.75245
1223 7.92282e+28 1.56084e+26 2.19902e+12 96 37.4141 41 0.741367
1224 7.92282e+28 1.54743e+26 1.09951e+12 96 36.7441 40 0.73128
1225 7.92282e+28 1.69448e+26 5.49756e+11 96 35.4355 39 0.706189
1226 1.23794e+27 1.61565e+24 1.09951e+12 90 36.2158 40 0.715342
1227 7.92282e+28 7.73903e+25 1.718e+10 96 31.5938 34 0.628151
1228 1.23794e+27 2.42137e+24 8.79609e+12 90 38.7637 43 0.763944
1229 3.96141e+28 4.11283e+25 2.19902e+12 95 36.917 41 0.730051
1230 2.47588e+27 2.48321e+24 2.74878e+11 91 35.125 38 0.701331
1231 6.1897e+26 6.14922e+23 1.09951e+12 89 36.5996 40 0.72608
1232 9.90352e+27 9.7508e+24 1.37439e+11 93 33.2402 37 0.657418
1233 2.41785e+24 6.70961e+21 4.39805e+12 81 38.8848 42 0.773551
1234 3.86856e+25 5.42694e+22 5.49756e+11 85 36.0889 39 0.712454
1235 7.92282e+28 7.86074e+25 1.09951e+12 96 36.0654 40 0.718998
1236 1.23794e+27 2.62011e+24 1.09951e+12 90 36.8574 40 0.732134
1237 4.95176e+27 5.45044e+24 2.74878e+11 92 34.0879 38 0.686535
1238 4.95176e+27 4.88353e+24 1.09951e+12 92 37.2314 40 0.729926
1239 3.86856e+25 8.00327e+22 1.718e+10 85 32.1875 34 0.638223
1240 7.92282e+28 7.73963e+25 4.39805e+12 96 38.1553 42 0.752935
1241 7.92282e+28 1.7444e+26 1.37439e+11 96 34.5273 37 0.699344
1242 1.23794e+27 1.86443e+24 6.87196e+10 90 33.3721 36 0.664606
1243 7.92282e+28 8.3768e+25 1.37439e+11 96 35.0928 37 0.696779
1244 2.47588e+27 2.51393e+24 1.37439e+11 91 34.5674 37 0.690659
1245 4.95176e+27 5.06526e+24 3.43598e+10 92 33.8125 35 0.680689
1246 7.92282e+28 7.84346e+25 1.37439e+11 96 34.8398 37 0.694239
1247 7.92282e+28 1.94244e+26 8.59002e+09 96 32.54 33 0.651179
1248 7.92282e+28 2.32121e+26 8.59004e+09 96 32.7363 33 0.654115
1249 7.92282e+28 7.76671e+25 8.59e+09 96 32.6807 33 0.659991
1250 7.92282e+28 1.55384e+26 1.07381e+09 96 31.3896 30 0.639845
1251 7.92282e+28 2.3276e+26 1.718e+10 96 34.2061 34 0.6868
1252 7.92282e+28 8.23419e+25 8.59e+09 96 32.498 33 0.653889
1253 7.92282e+28 8.2679e+25 3.43598e+10 96 33.4355 35 0.668528
1254 7.92282e+28 2.32119e+26 3.43598e+10 96 33.0566 35 0.663096
1255 7.92282e+28 1.00385e+26 2.14757e+09 96 32.458 31 0.661288
1256 7.92282e+28 1.74176e+26 1.718e+10 96 33.3193 34 0.672493
1257 7.92282e+28 7.76827e+25 3.43598e+10 96 33.7725 35 0.67823
1258 7.92282e+28 1.01609e+26 6.87196e+10 96 34.5117 36 0.69443
1259 7.92282e+28 1.74104e+26 6.87196e+10 96 33.8789 36 0.688748
1260 7.92282e+28 1.54793e+26 8.59004e+09 96 33.3975 33 0.678802
1261 7.92282e+28 2.51549e+26 6.87196e+10 96 34.127 36 0.684621
1262 7.92282e+28 2.37256e+26 4.29504e+09 96 32.207 32 0.651708
1263 7.92282e+28 9.09774e+25 3.43598e+10 96 33.7393 35 0.680778
1264 1.23794e+27 1.32907e+24 2.74878e+11 90 35.8438 38 0.723604
1265 7.92282e+28 1.83937e+26 5.49756e+11 96 37.2344 39 0.744741
1266 7.92282e+28 1.55473e+26 5.49756e+11 96 36.5039 39 0.736243
1267 7.92282e+28 3.89373e+26 2.74878e+11 96 37.0977 38 0.743293
1268 7.92282e+28 1.57637e+26 8.59001e+09 96 33.5156 33 0.675618
1269 7.92282e+28 3.43388e+26 8.59004e+09 96 33.3896 33 0.668809
1270 7.92282e+28 8.98749e+25 1.37439e+11 96 35.6855 37 0.716296
1271 7.92282e+28 9.67171e+25 6.87196e+10 96 35.1602 36 0.706427
1272 7.92282e+28 2.38029e+26 2.14756e+09 96 31.9111 31 0.641286
1273 7.92282e+28 3.21009e+26 6.87196e+10 96 35.9287 36 0.721054
1274 7.92282e+28 3.27525e+26 1.37439e+11 96 36.1152 37 0.723844
1275 7.92282e+28 8.37872e+25 1.37439e+11 96 36.0049 37 0.718434
1276 7.92282e+28 1.59389e+26 4.39805e+12 96 39.2012 42 0.7936
1277 7.92282e+28 1.56631e+26 2.74878e+11 96 36.5557 38 0.749762
1278 7.92282e+28 4.6509e+26 3.43598e+10 96 34.8457 35 0.692245
1279 7.92282e+28 8.9401e+25 1.37439e+11 96 35.4805 37 0.699379
1280 7.92282e+28 9.96276e+25 1.37439e+11 96 36.2422 37 0.73552
1281 7.92282e+28 4.11708e+26 1.37439e+11 96 37.125 37 0.73266
1282 7.92282e+28 2.35937e+26 8.59001e+09 96 33.5508 33 0.674331
1283 7.92282e+28 5.08044e+26 2.74878e+11 96 36.8682 38 0.737707
1284 7.92282e+28 2.5222e+26 6.87196e+10 96 34.6143 36 0.688903
1285 4.95176e+27 5.36163e+24 5.49756e+11 92 37.3896 39 0.74256
1286 7.92282e+28 9.83441e+25 5.49756e+11 96 37.8545 39 0.746107
1287 7.92282e+28 7.94528e+25 8.59002e+09 96 32.4863 33 0.633819
1288 7.92282e+28 2.42282e+26 3.43598e+10 96 35.6436 35 0.695695
1289 7.92282e+28 2.75744e+26 6.87196e+10 96 35.8711 36 0.694969
1290 7.92282e+28 1.55697e+26 4.29505e+09 96 32.8281 32 0.636148
1291 7.92282e+28 1.65785e+26 1.37439e+11 96 35.7363 37 0.705993
1292 7.92282e+28 2.41319e+26 8.59001e+09 96 33.1123 33 0.662365
1293 7.92282e+28 1.56115e+26 1.718e+10 96 33.5332 34 0.667948
1294 7.92282e+28 9.92171e+25 1.718e+10 96 33.9766 34 0.683246
1295 7.92282e+28 3.49167e+26 1.718e+10 96 34.5596 34 0.688295
1296 7.92282e+28 1.54923e+26 8.59003e+09 96 33.8223 33 0.680095
1297 7.92282e+28 7.86683e+25 1.718e+10 96 34.0156 34 0.683808
1298 7.92282e+28 7.87134e+25 6.87196e+10 96 36.1084 36 0.725487
1299 7.92282e+28 1.16453e+26 1.37439e+11 96 36.1895 37 0.743858
1300 7.92282e+28 2.57036e+26 1.71799e+10 96 33.4268 34 0.67665
1301 7.92282e+28 8.37803e+25 1.71799e+10 96 33.5078 34 0.674316
1302 7.92282e+28 7.74101e+25 4.29506e+09 96 32.9854 32 0.670743
1303 2.47588e+27 2.90554e+24 2.68487e+08 91 29.791 28 0.600592
1304 3.09485e+26 6.67933e+23 2.68491e+08 88 30.2002 28 0.616135
1305 1.54743e+26 1.77895e+23 1.718e+10 87 33.0391 34 0.662955
1306 7.92282e+28 1.74991e+26 8.79609e+12 96 40.1182 43 0.802963
1307 7.92282e+28 4.40149e+26 2.74878e+11 96 35.9072 38 0.724964
1308 7.92282e+28 2.49296e+26 1.75922e+13 96 40.2969 44 0.803447
1309 7.92282e+28 2.34207e+26 8.79609e+12 96 40.0137 43 0.792659
1310 7.92282e+28 7.80029e+25 1.75922e+13 96 40.1016 44 0.800828
1311 7.92282e+28 5.48327e+26 3.51844e+13 96 40.9287 45 0.818478
1312 7.92282e+28 2.42668e+26 1.37439e+11 96 36.1748 37 0.727543
1313 7.92282e+28 2.52167e+26 1.37439e+11 96 35.9639 37 0.712329
1314 7.92282e+28 1.5509e+26 2.74878e+11 96 35.2979 38 0.707972
1315 7.92282e+28 3.09728e+26 3.51844e+13 96 39.9902 45 0.789541
1316 7.92282e+28 3.44771e+26 8.79609e+12 96 38.8154 43 0.760952
1317 2.47588e+27 2.73333e+24 5.49756e+11 91 36.1094 39 0.71348
1318 7.92282e+28 1.6706e+26 8.79609e+12 96 39.043 43 0.755645
1319 7.92282e+28 4.83924e+26 3.51844e+13 96 38.4736 45 0.753423
1320 7.92282e+28 2.38402e+26 4.39805e+12 96 37.8076 42 0.741999
1321 7.92282e+28 2.33903e+26 8.79609e+12 96 38.5654 43 0.746973
1322 7.92282e+28 3.41069e+26 8.79609e+12 96 38.668 43 0.754704
1323 7.92282e+28 3.37831e+26 8.79609e+12 96 40.0439 43 0.787285
1324 4.95176e+27 1.11488e+25 1.09951e+12 92 35.791 40 0.696508
1325 7.92282e+28 2.32649e+26 1.75922e+13 96 38.915 44 0.765398
1326 7.92282e+28 1.69704e+26 4.39805e+12 96 39.6631 42 0.789124
1327 7.92282e+28 3.19517e+26 8.79609e+12 96 39.2139 43 0.758149
1328 7.92282e+28 8.28922e+25 4.39805e+12 96 39.1289 42 0.771315
1329 7.92282e+28 4.28076e+26 2.19902e+12 96 40.4795 41 0.795
1330 7.92282e+28 4.25778e+26 1.09951e+12 96 37.2334 40 0.732897
1331 7.92282e+28 1.02055e+26 2.19902e+12 96 38.7354 41 0.763185
1332 7.92282e+28 1.62161e+26 3.51844e+13 96 41.0117 45 0.812218
1333 7.92282e+28 5.45797e+26 3.51844e+13 96 40.4404 45 0.799676
1334 7.92282e+28 2.34791e+26 8.79609e+12 96 39.4307 43 0.785257
1335 7.92282e+28 1.55246e+26 1.09951e+12 96 37.7754 40 0.750683
1336 7.92282e+28 1.32327e+26 8.79609e+12 96 40.1904 43 0.793957
1337 7.92282e+28 7.87159e+25 2.19902e+12 96 38.2695 41 0.754395
1338 3.16913e+29 5.85274e+26 8.79609e+12 98 39.3975 43 0.770759
1339 7.92282e+28 1.95408e+26 2.19902e+12 96 37.085 41 0.728492
1340 7.92282e+28 2.72777e+26 3.51844e+13 96 40.7812 45 0.806483
1341 7.92282e+28 4.08887e+26 1.09951e+12 96 36.8145 40 0.730612
1342 7.92282e+28 4.94575e+26 1.75922e+13 96 38.8633 44 0.765898
1343 7.92282e+28 3.14591e+26 8.79609e+12 96 38.8496 43 0.765592
1344 7.92282e+28 5.01453e+26 7.03687e+13 96 42.8213 46 0.852143
1345 7.92282e+28 6.26704e+26 1.75922e+13 96 39.6162 44 0.778914
1346 7.92282e+28 3.43536e+26 8.79609e+12 96 38.8633 43 0.765106
1347 7.92282e+28 5.67591e+26 4.39805e+12 96 38.8125 42 0.767316
1348 7.92282e+28 4.85606e+26 5.49756e+11 96 37.082 39 0.729613
1349 7.92282e+28 2.46388e+26 6.87196e+10 96 35.1875 36 0.700054
1350 7.92282e+28 3.40028e+26 2.74878e+11 96 36.46 38 0.722718
1351 7.92282e+28 1.96686e+26 1.37439e+11 96 36.5928 37 0.723797
1352 7.92282e+28 3.0376e+26 8.79609e+12 96 40.4189 43 0.806749
1353 7.92282e+28 5.06349e+26 8.79609e+12 96 41.71 43 0.838321
1354 7.92282e+28 3.61159e+26 2.19902e+12 96 40.0664 41 0.797242
1355 7.92282e+28 4.05046e+26 8.79609e+12 96 39.4531 43 0.774024
1356 7.92282e+28 9.30112e+26 4.39805e+12 96 39.4775 42 0.774438
1357 7.92282e+28 3.35697e+26 2.74878e+11 96 37.4141 38 0.74021
1358 7.92282e+28 6.49501e+26 5.49756e+11 96 38.9473 39 0.768401
1359 7.92282e+28 5.54278e+26 4.39805e+12 96 39.4492 42 0.774041
1360 7.92282e+28 5.78636e+26 4.39805e+12 96 40.2686 42 0.795433
1361 7.92282e+28 5.77615e+26 2.19902e+12 96 38.6484 41 0.753144
1362 7.92282e+28 4.15848e+26 8.79609e+12 96 40.3594 43 0.794433
1363 7.92282e+28 6.77527e+26 1.09951e+12 96 39.6182 40 0.776856
1364 7.92282e+28 3.00775e+26 1.09951e+12 96 38.7012 40 0.7635
1365 7.92282e+28 3.15041e+26 1.75922e+13 96 40.4463 44 0.795749
1366 7.92282e+28 3.87636e+26 3.51844e+13 96 41.5762 45 0.804463
1367 7.92282e+28 5.78978e+26 1.75922e+13 96 40.8438 44 0.786623
1368 7.92282e+28 3.40217e+26 2.19902e+12 96 39.4102 41 0.768969
1369 7.92282e+28 7.98803e+26 4.39805e+12 96 39.4727 42 0.772933
1370 7.92282e+28 4.15472e+26 1.09951e+12 96 37.2695 40 0.721674
1371 7.92282e+28 5.60484e+26 8.79609e+12 96 39.332 43 0.775926
1372 7.92282e+28 1.00149e+27 8.79609e+12 96 39.8633 43 0.77874
1373 7.92282e+28 3.10773e+26 8.79609e+12 96 40.3086 43 0.790767
1374 7.92282e+28 5.38653e+26 8.79609e+12 96 41.0742 43 0.809231
1375 7.92282e+28 5.86781e+26 4.39805e+12 96 40.5674 42 0.795861
1376 7.92282e+28 6.54213e+26 2.19902e+12 96 39.2646 41 0.766566
1377 7.92282e+28 4.79543e+26 1.75922e+13 96 40.5586 44 0.795611
1378 7.92282e+28 4.18992e+26 5.49756e+11 96 37.4512 39 0.747982
1379 7.92282e+28 4.12939e+26 1.75922e+13 96 41.5166 44 0.815847
1380 7.92282e+28 6.8568e+26 1.09951e+12 96 38.8682 40 0.773889
1381 7.92282e+28 8.7663e+26 2.74878e+11 96 37.9482 38 0.754671
1382 7.92282e+28 7.18344e+26 1.09951e+12 96 38.666 40 0.766739
1383 7.92282e+28 4.4415e+26 4.39805e+12 96 39.6104 42 0.791804
1384 7.92282e+28 4.32242e+26 2.19902e+12 96 39.4473 41 0.784946
1385 7.92282e+28 1.13673e+27 3.51844e+13 96 41.7871 45 0.814303
1386 7.92282e+28 7.55337e+26 1.75922e+13 96 40.3701 44 0.79133
1387 7.92282e+28 3.70104e+26 7.03687e+13 96 42.5791 46 0.839248
1388 7.92282e+28 8.39914e+26 3.51844e+13 96 41.1924 45 0.815953
1389 7.92282e+28 8.39972e+26 3.51844e+13 96 42.2227 45 0.830627
1390 7.92282e+28 1.20236e+27 1.75922e+13 96 41.1318 44 0.802004
1391 7.92282e+28 3.25576e+26 8.79609e+12 96 39.9971 43 0.791963
1392 7.92282e+28 4.41537e+26 7.03687e+13 96 41.8525 46 0.825142
1393 7.92282e+28 9.64092e+26 7.03687e+13 96 42.915 46 0.842708
1394 7.92282e+28 7.17729e+26 8.79609e+12 96 41.0195 43 0.801979
1395 7.92282e+28 3.87563e+26 8.79609e+12 96 40.6953 43 0.800063
1396 7.92282e+28 6.07963e+26 2.19902e+12 96 38.2793 41 0.755044
1397 7.92282e+28 1.19631e+27 1.09951e+12 96 38.3604 40 0.761101
1398 7.92282e+28 1.01337e+27 8.79609e+12 96 39.6211 43 0.782399
1399 7.92282e+28 1.049e+27 7.03687e+13 96 41.5186 46 0.820697
1400 7.92282e+28 1.28334e+27 7.03687e+13 96 41.8926 46 0.824974
1401 7.92282e+28 6.99965e+26 5.49756e+11 96 37.4082 39 0.738714
1402 7.92282e+28 8.74203e+26 2.19902e+12 96 39.1357 41 0.782955
1403 7.92282e+28 7.4027e+26 2.74878e+11 96 36.9541 38 0.730865
1404 7.92282e+28 5.6294e+26 1.09951e+12 96 39.2744 40 0.776543
1405 7.92282e+28 1.28345e+27 4.39805e+12 96 39.7217 42 0.788248
1406 7.92282e+28 1.20055e+27 8.79609e+12 96 40.623 43 0.803234
1407 7.92282e+28 7.93994e+26 2.19902e+12 96 38.9072 41 0.771803
1408 1.58456e+29 1.13932e+27 5.49756e+11 97 38.6963 39 0.758275
1409 7.92282e+28 1.19307e+27 8.79609e+12 96 40.835 43 0.808413
1410 7.92282e+28 1.627e+27 2.74878e+11 96 38.4131 38 0.766078
1411 7.92282e+28 1.04669e+27 2.74878e+11 96 38.4004 38 0.76172
1412 7.92282e+28 1.31547e+27 1.37439e+11 96 37.2549 37 0.742937
1413 7.92282e+28 1.13167e+27 1.37439e+11 96 38.373 37 0.767925
1414 7.92282e+28 7.52634e+26 2.74878e+11 96 37.9795 38 0.753633
1415 7.92282e+28 8.14235e+26 5.49756e+11 96 38.9404 39 0.773695
1416 7.92282e+28 1.12275e+27 1.37439e+11 96 38.0088 37 0.755953
1417 7.92282e+28 1.79741e+27 5.49756e+11 96 39.8975 39 0.791374
1418 7.92282e+28 1.06173e+27 5.49756e+11 96 38.3555 39 0.760236
1419 7.92282e+28 1.34151e+27 1.75922e+13 96 41.3076 44 0.819181
1420 7.92282e+28 9.58358e+26 2.19902e+12 96 39.3545 41 0.788966
1421 7.92282e+28 1.09234e+27 2.19902e+12 96 39.2344 41 0.786067
1422 7.92282e+28 9.66788e+26 2.19902e+12 96 39.5615 41 0.783492
1423 7.92282e+28 8.26855e+26 8.79609e+12 96 41.1543 43 0.801497
1424 7.92282e+28 1.50286e+27 1.75922e+13 96 40.8936 44 0.793037
1425 7.92282e+28 7.43341e+26 4.39805e+12 96 39.668 42 0.781119
1426 7.92282e+28 1.11913e+27 1.75922e+13 96 40.4033 44 0.78781
1427 7.92282e+28 9.28474e+26 8.79609e+12 96 41.4512 43 0.810272
1428 7.92282e+28 1.05542e+27 4.39805e+12 96 40.2393 42 0.786425
1429 7.92282e+28 6.29605e+26 2.19902e+12 96 39.4707 41 0.779759
1430 7.92282e+28 1.309e+27 2.19902e+12 96 40.6084 41 0.795255
1431 1.58456e+29 1.98647e+27 4.39805e+12 97 40.5703 42 0.796088
1432 7.92282e+28 1.48565e+27 2.19902e+12 96 40.1914 41 0.790179
1433 7.92282e+28 1.29165e+27 2.19902e+12 96 39.6494 41 0.780033
1434 7.92282e+28 1.40934e+27 2.19902e+12 96 39.625 41 0.780715
1435 7.92282e+28 1.41512e+27 3.51844e+13 96 41.7861 45 0.82245
1436 7.92282e+28 2.36934e+27 8.79609e+12 96 41.3037 43 0.816677
1437 7.92282e+28 9.68373e+26 8.79609e+12 96 40.8564 43 0.811768
1438 7.92282e+28 1.2429e+27 8.79609e+12 96 41.7275 43 0.819511
1439 7.92282e+28 2.41515e+27 8.79609e+12 96 41.4141 43 0.816125
1440 7.92282e+28 1.7606e+27 8.79609e+12 96 41.8311 43 0.81822
1441 7.92282e+28 1.68709e+27 1.75922e+13 96 41.5049 44 0.819288
1442 7.92282e+28 2.01201e+27 1.75922e+13 96 41.8066 44 0.822742
1443 7.92282e+28 1.48848e+27 8.79609e+12 96 41.2051 43 0.806553
1444 7.92282e+28 1.65464e+27 3.51844e+13 96 41.9902 45 0.82146
1445 7.92282e+28 2.29621e+27 1.75922e+13 96 41.7979 44 0.816508
1446 7.92282e+28 2.15004e+27 3.51844e+13 96 42.5186 45 0.829847
1447 7.92282e+28 2.4643e+27 3.51844e+13 96 42.3994 45 0.823188
1448 7.92282e+28 3.17067e+27 7.03687e+13 96 44.502 46 0.873686
1449 1.58456e+29 2.36719e+27 4.39805e+12 97 42.3467 42 0.826267
1450 7.92282e+28 2.78265e+27 2.81475e+14 96 45.4131 48 0.884812
1451 3.16913e+29 3.21928e+27 7.03687e+13 98 44.7432 46 0.882665
1452 7.92282e+28 2.95605e+27 1.1259e+15 96 45.7061 50 0.895918
1453 7.92282e+28 3.12632e+27 1.40737e+14 96 44.6436 47 0.870879
1454 7.92282e+28 3.40534e+27 7.03687e+13 96 45.0098 46 0.877135
1455 3.16913e+29 3.30861e+27 1.75922e+13 98 43.9463 44 0.867208
1456 7.92282e+28 3.28552e+27 3.51844e+13 96 44.1992 45 0.863869
1457 1.58456e+29 3.36872e+27 3.51844e+13 97 44.2705 45 0.864979
1458 3.16913e+29 3.3825e+27 2.81475e+14 98 45.4512 48 0.885473
1459 7.92282e+28 2.9348e+27 1.75922e+13 96 43.3281 44 0.847903
1460 7.92282e+28 3.94529e+27 1.40737e+14 96 45.2744 47 0.895731
1461 7.92282e+28 4.07351e+27 2.81475e+14 96 45.3271 48 0.895431
1462 7.92282e+28 3.42777e+27 1.40737e+14 96 45.1914 47 0.883642
1463 7.92282e+28 3.41199e+27 7.03687e+13 96 44.4043 46 0.868429
1464 7.92282e+28 3.5869e+27 1.40737e+14 96 45.7432 47 0.898864
1465 7.92282e+28 3.41251e+27 8.79609e+12 96 43.5908 43 0.858996
1466 1.58456e+29 3.56874e+27 1.75922e+13 97 44.0977 44 0.868179
1467 3.16913e+29 4.30292e+27 2.81475e+14 98 45.2188 48 0.880789
1468 7.92282e+28 3.75974e+27 5.6295e+14 96 45.1699 49 0.882781
1469 7.92282e+28 3.62887e+27 1.75922e+13 96 44.4404 44 0.867426
1470 3.16913e+29 4.02224e+27 1.75922e+13 98 43.459 44 0.858858
1471 7.92282e+28 3.98153e+27 1.1259e+15 96 46.7725 50 0.920323
1472 3.16913e+29 4.65516e+27 3.51844e+13 98 45.0469 45 0.873517
1473 3.16913e+29 4.71799e+27 2.81475e+14 98 46.4131 48 0.898248
1474 7.92282e+28 3.29441e+27 3.51844e+13 96 43.6953 45 0.858827
1475 7.92282e+28 3.56751e+27 2.81475e+14 96 45.4639 48 0.886361
1476 3.16913e+29 5.59498e+27 3.51844e+13 98 44.8711 45 0.874136
1477 7.92282e+28 4.19093e+27 1.75922e+13 96 44.2451 44 0.863853
1478 7.92282e+28 3.2613e+27 1.40737e+14 96 44.8467 47 0.879216
1479 3.16913e+29 6.15675e+27 7.03687e+13 98 45.8789 46 0.886902
1480 7.92282e+28 4.28875e+27 7.03687e+13 96 45.3076 46 0.88071
1481 7.92282e+28 5.53189e+27 1.40737e+14 96 45.6162 47 0.881538
1482 7.92282e+28 3.41102e+27 1.40737e+14 96 44.9434 47 0.88034
1483 7.92282e+28 4.45513e+27 2.81475e+14 96 46.002 48 0.891552
1484 1.58456e+29 5.07828e+27 1.40737e+14 97 45.6973 47 0.888954
1485 7.92282e+28 4.73518e+27 1.40737e+14 96 45.4316 47 0.886477
1486 7.92282e+28 4.23226e+27 2.81475e+14 96 46.4795 48 0.922252
1487 7.92282e+28 5.09669e+27 1.40737e+14 96 46.168 47 0.890183
1488 7.92282e+28 4.26449e+27 1.1259e+15 96 47.9043 50 0.93051
1489 7.92282e+28 4.93898e+27 2.81475e+14 96 46.4072 48 0.89357
1490 7.92282e+28 5.52877e+27 2.81475e+14 96 46.8037 48 0.9055
1491 1.58456e+29 5.22061e+27 1.1259e+15 97 48.0762 50 0.932683
1492 7.92282e+28 5.33858e+27 7.03687e+13 96 45.7891 46 0.883974
1493 7.92282e+28 5.27866e+27 5.6295e+14 96 47.1797 49 0.916716
1494 3.16913e+29 6.22293e+27 5.6295e+14 98 47.8359 49 0.924761
1495 3.16913e+29 5.87136e+27 5.6295e+14 98 47.5605 49 0.922704
1496 7.92282e+28 6.0128e+27 2.81475e+14 96 47.1885 48 0.911295
1497 7.92282e+28 5.89102e+27 5.6295e+14 96 46.8701 49 0.916084
1498 7.92282e+28 4.89222e+27 1.40737e+14 96 47.5908 47 0.925463
1499 7.92282e+28 5.73635e+27 5.6295e+14 96 47.6074 49 0.923835
