159.611
0 434.818 8.31394 4 2 0.0390625 0 0.010566
1 110.903 7.65567 4 1 0.0322266 0 0.0106027
2 434.818 9.46467 5 2 0.0449219 0 0.0108356
3 435.149 9.63685 5 2 0.0439453 0 0.0112918
4 435.076 9.81425 5 2 0.0458984 0 0.0107654
5 435.149 11.2485 5 2 0.0556641 0 0.0108818
6 435.127 9.50811 4 2 0.046875 0 0.0107632
7 435.127 8.75598 5 2 0.0380859 0 0.0108812
8 435.053 9.98202 5 2 0.0488281 0 0.0110199
9 434.954 8.9334 5 2 0.0390625 0 0.011214
10 434.818 9.69003 5 2 0.046875 0 0.0108815
11 435.151 11.3587 5 2 0.0576172 0 0.0114585
12 109.829 8.24572 5 1 0.0332031 0 0.0110482
13 435.053 10.0598 5 2 0.0478516 0 0.0111801
14 435.076 9.84243 5 2 0.0439453 0 0.0112255
15 435.127 10.6458 6 2 0.046875 0 0.0114394
16 435.151 10.897 6 2 0.0507812 0 0.0115216
17 435.117 10.8263 5 2 0.0527344 0 0.0113117
18 113.419 11.3137 6 1 0.0585938 0 0.0114345
19 435.117 9.99395 6 2 0.0439453 0 0.0113124
20 435.127 10.9644 6 2 0.0546875 0 0.0113136
21 434.129 11.3599 6 2 0.0566406 0 0.0114653
22 433.776 10.0965 6 2 0.0439453 0 0.0114408
23 111.425 9.86694 6 1 0.046875 0 0.01127
24 435.149 10.8665 6 2 0.0478516 0 0.0114063
25 435.149 10.7205 6 2 0.0507812 0 0.0113539
26 435 11.3728 6 2 0.0546875 0 0.0113177
27 435.053 10.0724 6 2 0.0429688 0 0.0113047
28 435.127 11.3421 6 2 0.0527344 0 0.0113287
29 435.117 11.2768 6 2 0.0527344 0 0.011504
30 435.149 12.3148 6 2 0.0605469 0 0.0115088
31 435.127 10.8646 6 2 0.0488281 0 0.0116542
32 435.151 13.1659 6 2 0.0683594 0 0.0115658
33 435.053 11.6291 6 2 0.0517578 0 0.0115974
34 435.127 12.3174 6 2 0.0615234 0 0.0116187
35 435.149 12.6452 6 2 0.0605469 0 0.0114322
36 434.639 10.6709 6 2 0.0478516 0 0.0114998
37 434.639 10.8546 6 2 0.0517578 0 0.0113918
38 435.117 10.9427 6 2 0.0449219 0 0.0118197
39 1008.92 12.571 6 3 0.0615234 0 0.0115398
40 435.053 12.4026 6 2 0.0644531 0 0.0115655
41 435.117 12.0981 6 2 0.0605469 0 0.0116201
42 435.149 11.4999 6 2 0.0517578 0 0.0116638
43 435.149 11.3109 6 2 0.0527344 0 0.0114401
44 435.149 12.0169 6 2 0.0566406 0 0.0116573
45 435.053 12.0858 6 2 0.0566406 0 0.0116842
46 435.053 12.7372 6 2 0.0644531 0 0.0115887
47 435.117 11.8545 6 2 0.0576172 0 0.0115962
48 113.897 12.1996 6 1 0.0644531 0 0.0115942
49 434.294 12.1155 6 2 0.0605469 0 0.0116143
50 435.149 14.3373 6 2 0.0761719 0 0.0117745
51 435.117 12.2843 6 2 0.0605469 0 0.0117418
52 435.151 11.4993 6 2 0.0498047 0 0.0115749
53 435.127 12.0531 6 2 0.0556641 0 0.0117644
54 435.117 14.7716 7 2 0.0800781 0 0.0119312
55 435.151 12.8368 7 2 0.0625 0 0.011767
56 1000.23 14.1189 6 3 0.0654297 0 0.0119484
57 434.902 12.6386 6 2 0.0615234 0 0.0119541
58 434.818 12.2395 7 2 0.0546875 0 0.0120845
59 435.127 13.2355 7 2 0.0644531 0 0.0119932
60 435.151 13.9391 7 2 0.0595703 0 0.0119773
61 435.151 12.9241 7 2 0.0615234 0 0.0119354
62 111.937 13.0274 7 1 0.0664062 0 0.0119846
63 435.151 15.5447 7 2 0.0791016 0 0.0121724
64 435.151 14.0163 7 2 0.0664062 0 0.0120196
65 435.151 13.8989 7 2 0.0712891 0 0.0119645
66 435.149 15.8106 7 2 0.0742188 0 0.0121145
67 434.902 13.5437 7 2 0.0683594 0 0.0121591
68 434.639 14.1056 7 2 0.0722656 0 0.0125328
69 435.151 15.3932 7 2 0.0800781 0 0.0120777
70 435.149 13.7919 7 2 0.0664062 0 0.0119778
71 435.127 15.5199 7 2 0.0800781 0 0.0121625
72 435.149 15.3209 7 2 0.0761719 0 0.0121194
73 1008.21 14.4207 8 3 0.0673828 0 0.0122633
74 435.149 16.0334 8 2 0.0810547 0 0.0122543
75 435.149 14.8185 7 2 0.0742188 0 0.012191
76 1009.59 14.5557 7 3 0.0683594 0 0.0120782
77 435.151 16.0574 8 2 0.0791016 0 0.0122073
78 435.117 15.293 7 2 0.078125 0 0.0120732
79 1009.59 15.1915 8 3 0.0703125 0 0.0121864
80 109.829 13.8591 8 1 0.0712891 0 0.0121525
81 434.954 12.8792 8 2 0.0566406 0 0.0122014
82 110.371 14.2454 7 1 0.0761719 0 0.0121663
83 435.149 14.7846 8 2 0.0703125 0 0.0122928
84 435.117 13.8228 8 2 0.0673828 0 0.0122086
85 435.149 16.4732 8 2 0.0869141 0 0.0122811
86 434.954 13.6107 8 2 0.0634766 0 0.012651
87 435.053 15.3857 8 2 0.0830078 0 0.0122393
88 435.149 16.7408 8 2 0.0908203 0 0.0122322
89 435.053 16.8391 8 2 0.0869141 0 0.0124634
90 434.954 14.3621 8 2 0.0722656 0 0.0123247
91 109.829 14.751 8 1 0.0800781 0 0.0122211
92 435.151 17.6057 8 2 0.0859375 0 0.0121506
93 434.818 13.643 8 2 0.0664062 0 0.0120813
94 434.954 15.2343 8 2 0.0771484 0 0.0127695
95 1010.79 17.3507 8 3 0.0869141 0 0.0123639
96 435.151 18.1466 8 2 0.0917969 0 0.0122823
97 435.151 17.3036 8 2 0.0859375 0 0.0122575
98 435.151 19.1081 8 2 0.105469 0 0.0125484
99 1011.31 16.778 8 3 0.0869141 0 0.0122688
100 435.151 17.728 8 2 0.0996094 0 0.0125275
101 1010.21 18.5927 8 3 0.101562 0 0.0124553
102 435.151 17.4357 8 2 0.0898438 0 0.0124522
103 435.149 17.4606 8 2 0.0966797 0 0.0124224
104 435.053 15.5555 8 2 0.0820312 0 0.0124575
105 435.053 15.4071 8 2 0.078125 0 0.0126147
106 435.117 17.7922 8 2 0.09375 0 0.0125941
107 435.151 18.1154 8 2 0.0927734 0 0.0125817
108 435.151 18.3631 8 2 0.0927734 0 0.0125903
109 435.149 18.1546 8 2 0.0986328 0 0.0126989
110 435.053 17.2204 8 2 0.0927734 0 0.0127911
111 435.151 15.2443 8 2 0.0722656 0 0.0125463
112 435.149 20.761 8 2 0.117188 0 0.0128063
113 435.127 18.7563 8 2 0.103516 0 0.0128629
114 435.151 18.6057 8 2 0.0996094 0 0.0129478
115 1010.21 18.828 8 3 0.0986328 0 0.0128004
116 435.151 19.2192 8 2 0.101562 0 0.0135275
117 1011.31 19.9079 9 3 0.103516 0 0.0129756
118 1011.31 21.4946 8 3 0.107422 0 0.0127781
119 435.151 21.0399 8 2 0.114258 0 0.0128165
120 435.127 18.7592 8 2 0.0908203 0 0.0130428
121 1011.31 20.1846 9 3 0.103516 0 0.0129799
122 1009.59 21.0418 9 3 0.103516 0 0.0130181
123 1008.92 23.7041 9 3 0.139648 0 0.0129469
124 435.151 20.2252 9 2 0.108398 0 0.0129907
125 1009.59 24.9143 9 3 0.145508 0 0.0131084
126 435.149 20.5322 9 2 0.118164 0 0.013012
127 435.149 22.6858 9 2 0.132812 0 0.0130148
128 435.151 22.525 9 2 0.12793 0 0.0130362
129 1012.18 24.5096 9 3 0.136719 0 0.0130203
130 435.127 21.4108 9 2 0.120117 0 0.0131179
131 435.127 20.5181 9 2 0.119141 0 0.0130557
132 435.151 24.881 9 2 0.143555 0 0.013325
133 1008.92 24.7876 9 3 0.147461 0 0.0131479
134 435.127 23.2487 9 2 0.142578 0 0.0130866
135 1011.78 26.1232 9 3 0.151367 0 0.0131555
136 435.151 24.1523 9 2 0.146484 0 0.0131218
137 435.127 23.3636 9 2 0.143555 0 0.0130919
138 435.151 25.7488 9 2 0.15625 0 0.0130143
139 435.151 22.5899 9 2 0.138672 0 0.0130529
140 435.151 28.7292 9 2 0.176758 0 0.0132766
141 1011.31 27.9668 9 3 0.164062 0 0.0133184
142 1009.59 30.3907 9 3 0.185547 0 0.0133139
143 1009.59 35.3285 9 3 0.209961 0 0.013215
144 435.151 29.6789 9 2 0.178711 0 0.0132317
145 1009.59 32.035 9 3 0.195312 0 0.0134289
146 435.151 31.5179 9 2 0.194336 0 0.0132101
147 1009.59 32.7956 9 3 0.191406 0 0.0134209
148 1011.31 30.4769 9 3 0.193359 0 0.0134155
149 435.151 29.6588 9 2 0.1875 0 0.0132424
150 1008.92 33.1921 9 3 0.194336 0 0.0134804
151 1011.78 36.3722 9 3 0.228516 0 0.0139208
152 1008.92 34.4789 9 3 0.21582 0 0.0136577
153 1008.92 33.0068 9 3 0.202148 0 0.0135756
154 435.151 31.9768 9 2 0.198242 0 0.0135503
155 1009.59 36.8574 9 3 0.227539 0 0.0138649
156 435.151 37.7103 9 2 0.223633 0 0.0137477
157 435.151 39.4258 9 2 0.266602 0 0.0138075
158 435.151 34.5468 9 2 0.223633 0 0.0136085
159 1008.92 36.9267 9 3 0.246094 0 0.0135225
160 1008.92 37.0262 9 3 0.226562 0 0.0136349
161 435.151 34.1305 9 2 0.225586 0 0.0135515
162 1011.31 38.3848 9 3 0.233398 0 0.013594
163 1008.92 38.7113 9 3 0.248047 0 0.0136778
164 1010.21 38.455 9 3 0.234375 0 0.0137158
165 435.151 31.932 9 2 0.209961 0 0.0136092
166 1008.92 39.9109 9 3 0.25293 0 0.0137335
167 1009.59 42.1412 9 3 0.263672 0 0.0137456
168 1012.52 41.5095 9 3 0.257812 0 0.0137341
169 435.151 40.7218 9 2 0.250977 0 0.0137632
170 1009.59 40.2644 9 3 0.25 0 0.0137093
171 435.151 41.4027 9 2 0.275391 0 0.0138009
172 1011.78 41.8102 9 3 0.268555 0 0.013692
173 1009.59 38.5519 9 3 0.24707 0 0.0137877
174 1008.92 40.5169 10 3 0.264648 0 0.0138743
175 1008.92 44.7347 10 3 0.290039 0 0.0138084
176 435.151 41.2965 9 2 0.265625 0 0.0142526
177 1008.92 44.2224 9 3 0.279297 0 0.0138888
178 435.149 39.4497 9 2 0.261719 0 0.0136738
179 1010.21 37.9397 9 3 0.238281 0 0.0138447
180 1011.78 42.1492 10 3 0.271484 0 0.014068
181 1009.59 44.1181 10 3 0.286133 0 0.0139829
182 1011.78 43.2087 9 3 0.262695 0 0.0139612
183 1011.31 42.5976 9 3 0.260742 0 0.014046
184 1011.78 39.0867 9 3 0.25293 0 0.0139071
185 1009.59 45.4466 10 3 0.297852 0 0.0139326
186 435.151 43.515 10 2 0.279297 0 0.0140958
187 1011.31 42.825 9 3 0.261719 0 0.01383
188 1008.92 46.1593 10 3 0.302734 0 0.0140158
189 435.151 44.3636 9 2 0.287109 0 0.0139753
190 1011.31 45.1365 10 3 0.291992 0 0.0139089
191 1011.31 42.7825 10 3 0.271484 0 0.0140199
192 1008.92 40.7433 9 3 0.254883 0 0.0139093
193 1843.9 46.3253 11 4 0.292969 0 0.0140893
194 1012.18 48.8085 11 3 0.299805 0 0.014021
195 435.151 44.913 11 2 0.289062 0 0.0140043
196 1010.79 44.3522 9 3 0.274414 0 0.0139011
197 1009.59 45.3164 10 3 0.302734 0 0.0139176
198 1011.31 45.9263 9 3 0.293945 0 0.0142014
199 1008.92 47.6264 11 3 0.317383 0 0.0144606
200 1011.31 41.8291 10 3 0.280273 0 0.0140658
201 435.151 42.2351 10 2 0.288086 0 0.013955
202 1010.21 46.1924 11 3 0.307617 0 0.0141267
203 1008.92 44.7702 11 3 0.289062 0 0.0140911
204 1011.31 43.4526 10 3 0.275391 0 0.014034
205 1010.79 41.8528 10 3 0.271484 0 0.0140223
206 1008.92 45.2524 10 3 0.288086 0 0.0139678
207 1011.78 45.8133 11 3 0.308594 0 0.0140663
208 1008.92 41.057 10 3 0.264648 0 0.0140572
209 1008.92 41.0087 10 3 0.271484 0 0.0140467
210 1011.31 48.689 11 3 0.328125 0 0.014151
211 1011.78 53.5702 11 3 0.333984 0 0.0145865
212 1011.31 44.46 10 3 0.291992 0 0.0142061
213 1008.92 47.6847 10 3 0.305664 0 0.0140647
214 1008.92 46.2848 10 3 0.298828 0 0.0139727
215 1011.31 50.2926 11 3 0.319336 0 0.0145424
216 1010.21 49.3905 11 3 0.324219 0 0.0141464
217 1010.21 50.4657 12 3 0.333984 0 0.0141554
218 1008.92 47.9807 11 3 0.318359 0 0.0141588
219 1008.92 47.3859 11 3 0.316406 0 0.0140494
220 1011.31 50.398 12 3 0.325195 0 0.0141667
221 435.151 45.641 10 2 0.303711 0 0.0140462
222 1843.9 51.4241 11 4 0.319336 0 0.0141555
223 1011.31 44.9189 10 3 0.295898 0 0.014058
224 1008.92 46.9174 10 3 0.295898 0 0.0140288
225 435.151 44.1613 11 2 0.303711 0 0.0141835
226 1848.92 46.411 10 4 0.291016 0 0.0141639
227 435.151 48.0817 10 2 0.308594 0 0.014011
228 1008.92 43.5633 11 3 0.291016 0 0.0142071
229 1843.9 42.7564 11 4 0.274414 0 0.0140759
230 1008.92 47.742 11 3 0.310547 0 0.0141134
231 1006.68 48.1281 11 3 0.306641 0 0.0141169
232 435.151 47.4602 12 2 0.316406 0 0.0143189
233 435.151 44.7587 11 2 0.313477 0 0.014162
234 1008.92 45.7399 11 3 0.299805 0 0.0145727
235 1009.59 46.8701 11 3 0.299805 0 0.0141798
236 1011.31 48.4364 11 3 0.306641 0 0.0141212
237 1008.92 43.46 10 3 0.289062 0 0.0141251
238 1009.59 49.3136 12 3 0.30957 0 0.0142621
239 1011.31 44.7128 11 3 0.292969 0 0.0143103
240 435.151 43.9827 10 2 0.289062 0 0.0142166
241 1008.92 51.6689 12 3 0.333984 0 0.0143246
242 1008.92 50.3993 12 3 0.325195 0 0.0142987
243 1008.92 49.5422 11 3 0.331055 0 0.0142696
244 1845.26 48.2003 11 4 0.318359 0 0.0142943
245 1011.31 52.4612 12 3 0.34668 0 0.014886
246 1012.18 49.9136 12 3 0.319336 0 0.0143116
247 1008.92 51.8894 12 3 0.323242 0 0.0143957
248 435.151 49.8652 12 2 0.318359 0 0.014433
249 1011.78 53.8267 12 3 0.341797 0 0.014268
250 435.151 50.9325 13 2 0.344727 0 0.0144951
251 1008.92 51.3252 12 3 0.332031 0 0.0143287
252 1843.9 47.5318 11 4 0.299805 0 0.0143112
253 1843.9 49.6861 12 4 0.3125 0 0.0148698
254 1011.31 51.3091 13 3 0.34082 0 0.0144655
255 1843.9 47.7582 12 4 0.306641 0 0.0143057
256 435.151 48.9899 11 2 0.325195 0 0.0142452
257 1008.92 51.1713 12 3 0.329102 0 0.0143938
258 435.151 45.8175 12 2 0.303711 0 0.0142237
259 1008.92 49.3713 12 3 0.322266 0 0.0142018
260 435.151 47.2128 12 2 0.328125 0 0.0143784
261 435.151 45.483 12 2 0.299805 0 0.0143165
262 435.151 46.03 12 2 0.314453 0 0.0143135
263 1011.31 51.5847 12 3 0.329102 0 0.0144538
264 1008.92 52.1965 12 3 0.335938 0 0.0143793
265 1008.92 49.2358 12 3 0.326172 0 0.0143795
266 1008.92 49.0488 12 3 0.323242 0 0.0147335
267 435.151 48.1813 12 2 0.320312 0 0.0147074
268 1011.31 52.8778 12 3 0.328125 0 0.0143333
269 1008.92 50.2773 13 3 0.328125 0 0.0144798
270 1011.31 50.7233 13 3 0.339844 0 0.0144365
271 1008.92 47.8838 12 3 0.3125 0 0.0143936
272 1011.31 53.8272 12 3 0.335938 0 0.0143951
273 1008.92 49.5117 12 3 0.320312 0 0.0143327
274 1010.21 50.8408 13 3 0.335938 0 0.0145397
275 435.151 49.4817 13 2 0.34082 0 0.0145048
276 1008.92 51.6287 13 3 0.335938 0 0.0146368
277 1011.78 50.6722 13 3 0.351562 0 0.0144437
278 435.151 49.2705 13 2 0.334961 0 0.0143587
279 1008.92 48.7589 13 3 0.319336 0 0.0150444
280 1008.92 48.7 13 3 0.313477 0 0.0145887
281 435.151 46.182 13 2 0.316406 0 0.0143686
282 1843.9 55.7337 13 4 0.359375 0 0.0149647
283 435.151 46.9015 13 2 0.317383 0 0.0143771
284 1008.92 48.4942 12 3 0.317383 0 0.0143568
285 435.127 47.9917 13 2 0.338867 0 0.014476
286 1008.92 53.5935 12 3 0.336914 0 0.0144012
287 1011.31 49.4696 13 3 0.333008 0 0.0145636
288 1011.31 49.758 12 3 0.311523 0 0.0143705
289 1011.31 50.798 13 3 0.335938 0 0.0144136
290 1009.59 54.0895 13 3 0.351562 0 0.0145866
291 1008.92 46.8377 12 3 0.303711 0 0.0145268
292 435.151 49.0405 13 2 0.324219 0 0.0145746
293 1011.31 53.4744 13 3 0.345703 0 0.014558
294 1011.31 48.6748 13 3 0.317383 0 0.0144532
295 1010.79 53.7546 13 3 0.349609 0 0.0144342
296 1011.31 51.1765 13 3 0.333984 0 0.0145562
297 1008.92 49.4661 13 3 0.319336 0 0.0145505
298 1008.92 48.3975 13 3 0.306641 0 0.0151892
299 1008.92 55.263 13 3 0.352539 0 0.0145466
300 1843.9 62.8167 13 4 0.405273 0 0.0146385
301 1008.92 46.4853 12 3 0.322266 0 0.0143667
302 1008.92 50.64 13 3 0.322266 0 0.014505
303 435.151 51.7768 13 2 0.347656 0 0.0145118
304 1008.92 50.2558 13 3 0.326172 0 0.0145204
305 1011.31 50.9645 13 3 0.326172 0 0.0146647
306 435.151 51.4389 13 2 0.344727 0 0.0146153
307 1008.92 46.5198 13 3 0.300781 0 0.0144326
308 1011.31 52.3608 13 3 0.337891 0 0.0146091
309 1010.21 55.2662 13 3 0.352539 0 0.0145379
310 435.151 51.8157 13 2 0.342773 0 0.0146033
311 1843.9 54.2432 13 4 0.34668 0 0.0145052
312 1011.31 51.6904 12 3 0.326172 0 0.0145233
313 1008.92 52.9529 13 3 0.341797 0 0.0147178
314 1011.31 48.3732 13 3 0.314453 0 0.0145793
315 435.151 50.6146 13 2 0.331055 0 0.0144976
316 1008.92 45.1772 13 3 0.297852 0 0.0145123
317 435.151 44.811 13 2 0.297852 0 0.0145977
318 1008.92 50.4784 13 3 0.330078 0 0.0144957
319 1011.31 51.4566 13 3 0.333008 0 0.0146197
320 1008.92 45.5868 13 3 0.300781 0 0.0145988
321 1008.92 48.0296 13 3 0.320312 0 0.0154403
322 1843.9 52.3868 13 4 0.333008 0 0.0146074
323 1008.92 53.3692 13 3 0.345703 0 0.014513
324 1011.78 50.68 13 3 0.330078 0 0.0146116
325 1008.92 49.0411 13 3 0.331055 0 0.0143663
326 1009.59 50.0488 13 3 0.324219 0 0.0145662
327 1843.9 54.8377 13 4 0.357422 0 0.0144977
328 1008.92 50.669 13 3 0.338867 0 0.0146556
329 1009.59 54.8594 13 3 0.351562 0 0.0151633
330 1011.31 52.1641 13 3 0.336914 0 0.0147865
331 1008.92 52.084 13 3 0.330078 0 0.0146354
332 1843.9 54.8976 13 4 0.347656 0 0.0145516
333 1010.79 48.5834 13 3 0.303711 0 0.0146128
334 1011.31 50.5511 13 3 0.336914 0 0.0152006
335 1843.9 53.4104 13 4 0.331055 0 0.0148446
336 1009.59 51.5701 13 3 0.327148 0 0.0147716
337 1008.92 49.2812 13 3 0.332031 0 0.0150976
338 1010.21 47.7345 13 3 0.307617 0 0.0145983
339 435.151 48.8964 13 2 0.327148 0 0.0145064
340 1008.92 50.8226 13 3 0.327148 0 0.0146495
341 435.151 49.678 13 2 0.345703 0 0.0146805
342 1011.31 52.3338 13 3 0.334961 0 0.0146415
343 1011.31 54.2578 13 3 0.349609 0 0.0146568
344 1008.92 51.1407 13 3 0.337891 0 0.0150589
345 1008.92 53.23 13 3 0.348633 0 0.0144615
346 435.151 49.0461 13 2 0.325195 0 0.0145928
347 435.151 52.6106 13 2 0.338867 0 0.0149582
348 1008.92 51.6994 13 3 0.338867 0 0.0150385
349 1008.92 46.9351 13 3 0.30957 0 0.01466
350 1843.9 54.0091 13 4 0.351562 0 0.014669
351 1008.92 51.646 13 3 0.352539 0 0.0145118
352 435.151 46.4459 13 2 0.308594 0 0.0145807
353 1848.92 52.7293 13 4 0.31543 0 0.0145085
354 1009.59 51.8485 13 3 0.336914 0 0.0145162
355 435.151 47.542 13 2 0.307617 0 0.0146286
356 1008.92 58.2665 13 3 0.376953 0 0.014728
357 1009.59 53.8033 13 3 0.333008 0 0.0145024
358 1008.92 47.3002 13 3 0.300781 0 0.0145563
359 1008.92 49.6498 13 3 0.314453 0 0.0145013
360 1009.59 55.8386 13 3 0.362305 0 0.0146455
361 1008.92 47.9119 13 3 0.319336 0 0.0144806
362 1008.92 50.1946 13 3 0.328125 0 0.0145879
363 1009.59 54.9756 13 3 0.349609 0 0.0145826
364 1008.92 50.5547 13 3 0.327148 0 0.0145855
365 1843.9 51.8776 13 4 0.333984 0 0.0145534
366 1011.31 51.3345 13 3 0.34082 0 0.0146373
367 1011.31 50.353 13 3 0.331055 0 0.0145537
368 1008.92 51.1128 13 3 0.339844 0 0.0145789
369 1008.92 54.9887 13 3 0.369141 0 0.01449
370 1010.21 55.6607 13 3 0.361328 0 0.0145325
371 1009.59 52.0631 13 3 0.325195 0 0.0151334
372 1010.21 51.4143 13 3 0.326172 0 0.0147891
373 1008.92 53.6631 13 3 0.34375 0 0.0152466
374 435.151 48.9919 13 2 0.329102 0 0.0151056
375 1008.92 50.0228 13 3 0.336914 0 0.0147049
376 435.151 48.2682 13 2 0.322266 0 0.0147186
377 1843.9 52.1338 13 4 0.331055 0 0.0147232
378 1008.92 54.2401 13 3 0.345703 0 0.0147554
379 1008.92 50.1655 13 3 0.329102 0 0.014745
380 1843.9 53.0886 13 4 0.328125 0 0.0146878
381 1011.31 50.4512 13 3 0.336914 0 0.0153293
382 1009.59 57.4128 13 3 0.366211 0 0.0151628
383 435.151 49.5553 13 2 0.335938 0 0.0146492
384 435.151 49.965 13 2 0.333008 0 0.0146471
385 1011.31 54.4775 13 3 0.350586 0 0.0148163
386 1008.92 51.1133 13 3 0.333008 0 0.0146844
387 1011.78 50.6928 13 3 0.333008 0 0.0146667
388 1008.92 50.1745 13 3 0.330078 0 0.0147211
389 1843.9 49.4459 13 4 0.310547 0 0.0150609
390 1008.92 51.7829 13 3 0.334961 0 0.0147289
391 1009.59 52.8003 13 3 0.335938 0 0.0146798
392 1008.92 50.6602 13 3 0.333008 0 0.0147352
393 1008.92 49.5435 13 3 0.329102 0 0.0147301
394 1008.92 52.6333 13 3 0.337891 0 0.0148031
395 435.151 47.1928 13 2 0.331055 0 0.0146489
396 435.151 46.7148 13 2 0.313477 0 0.0145819
397 435.151 52.4404 13 2 0.338867 0 0.0147584
398 1843.9 53.2639 13 4 0.342773 0 0.0147203
399 1011.31 53.7058 13 3 0.352539 0 0.0147938
400 1843.9 49.582 13 4 0.325195 0 0.0152394
401 1008.92 53.4889 13 3 0.34668 0 0.0147084
402 1010.21 52.2664 13 3 0.348633 0 0.0147443
403 1011.31 49.8184 13 3 0.320312 0 0.014703
404 1008.92 47.3742 13 3 0.316406 0 0.0147003
405 1008.92 46.516 13 3 0.299805 0 0.0150992
406 1008.92 52.5104 13 3 0.344727 0 0.014607
407 1011.31 52.5903 13 3 0.342773 0 0.014695
408 1011.31 56.3596 13 3 0.360352 0 0.0145761
409 1011.31 51.8114 13 3 0.332031 0 0.0146427
410 435.127 49.2205 13 2 0.337891 0 0.0146449
411 1008.92 49.2378 13 3 0.31543 0 0.0146024
412 1009.59 54.5901 13 3 0.353516 0 0.0146393
413 1843.9 57.9367 13 4 0.371094 0 0.0147358
414 1008.92 55.7827 13 3 0.362305 0 0.0149129
415 1008.92 53.2225 13 3 0.331055 0 0.0146318
416 1009.59 52.2383 13 3 0.333008 0 0.0144948
417 1008.92 51.585 13 3 0.332031 0 0.0145945
418 435.151 50.1433 13 2 0.335938 0 0.0146383
419 1009.59 52.6236 13 3 0.345703 0 0.014778
420 1008.92 51.916 13 3 0.335938 0 0.0146871
421 1011.31 56.5523 13 3 0.360352 0 0.0146536
422 1011.31 47.4229 13 3 0.308594 0 0.0147246
423 1011.31 51.4262 13 3 0.327148 0 0.0147237
424 435.149 46.2137 13 2 0.313477 0 0.014521
425 1008.92 51.9381 13 3 0.344727 0 0.0146657
426 1011.31 56.1338 13 3 0.367188 0 0.0146386
427 1008.92 55.9609 13 3 0.359375 0 0.0146347
428 1008.92 50.1883 13 3 0.327148 0 0.0147043
429 1011.31 52.94 13 3 0.341797 0 0.0147649
430 1008.92 56.3655 13 3 0.345703 0 0.014688
431 1011.31 49.9067 13 3 0.327148 0 0.0145592
432 435.151 53.6526 13 2 0.348633 0 0.0150203
433 1011.31 52.0063 13 3 0.336914 0 0.0151069
434 1008.92 49.675 13 3 0.322266 0 0.0146561
435 1012.18 51.9304 13 3 0.34375 0 0.0148072
436 1008.21 50.8064 13 3 0.345703 0 0.0147185
437 1008.92 51.3742 13 3 0.325195 0 0.0146666
438 435.127 48.2626 13 2 0.322266 0 0.0146089
439 1009.59 52.497 13 3 0.338867 0 0.0147753
440 435.151 53.2617 13 2 0.351562 0 0.014835
441 1008.92 52.9684 13 3 0.348633 0 0.0152005
442 1011.31 49.4236 13 3 0.326172 0 0.0148381
443 1008.92 54.2131 13 3 0.361328 0 0.0146502
444 435.151 52.1204 13 2 0.350586 0 0.0147207
445 435.151 51.4136 13 2 0.34375 0 0.014728
446 1008.92 48.8739 13 3 0.329102 0 0.014726
447 1009.59 49.4556 13 3 0.324219 0 0.0145964
448 1008.92 56.3037 13 3 0.367188 0 0.0147278
449 1008.92 52.2655 13 3 0.34082 0 0.014738
450 1008.92 51.8435 13 3 0.337891 0 0.0146508
451 1011.31 53.7754 13 3 0.34375 0 0.0148351
452 1011.78 53.2564 13 3 0.34375 0 0.0147233
453 1008.92 51.8263 13 3 0.34375 0 0.0148084
454 1008.92 52.0243 13 3 0.347656 0 0.0147923
455 435.149 54.3327 13 2 0.357422 0 0.014809
456 435.151 48.8286 13 2 0.334961 0 0.0148129
457 435.151 48.0037 13 2 0.313477 0 0.0147195
458 1011.31 51.658 13 3 0.34668 0 0.0146279
459 1011.31 49.2233 13 3 0.333008 0 0.014686
460 435.151 52.2791 13 2 0.344727 0 0.0147252
461 435.151 47.43 13 2 0.319336 0 0.0145447
462 1843.9 55.157 13 4 0.351562 0 0.0148259
463 1008.92 54.934 13 3 0.362305 0 0.0148517
464 1011.31 49.2346 13 3 0.327148 0 0.0148791
465 1009.59 53.7919 13 3 0.349609 0 0.0148153
466 1008.92 45.8623 13 3 0.301758 0 0.0148364
467 1009.59 54.4004 13 3 0.353516 0 0.0147585
468 435.151 49.792 13 2 0.335938 0 0.015015
469 1008.92 53.5693 13 3 0.337891 0 0.0147208
470 1011.31 49.5254 13 3 0.310547 0 0.0146756
471 1012.18 50.1404 13 3 0.339844 0 0.0147287
472 1008.92 51.9157 13 3 0.345703 0 0.0146751
473 1008.92 49.7179 13 3 0.319336 0 0.014794
474 435.151 47.3165 13 2 0.308594 0 0.0146397
475 1011.31 56.4956 13 3 0.359375 0 0.0146886
476 1011.31 54.0821 13 3 0.348633 0 0.0148515
477 435.151 50.7622 13 2 0.341797 0 0.0147858
478 1008.92 50.4153 13 3 0.332031 0 0.0148287
479 1011.31 60.7821 13 3 0.378906 0 0.0146739
480 1011.31 54.9137 13 3 0.349609 0 0.0147355
481 1009.59 52.53 13 3 0.34082 0 0.0147573
482 1011.31 59.631 13 3 0.365234 0 0.0147603
483 1011.31 55.7382 13 3 0.34668 0 0.0147871
484 1843.9 49.2623 13 4 0.320312 0 0.0146021
485 1008.92 51.71 13 3 0.34375 0 0.0148151
486 1843.9 60.3666 13 4 0.375 0 0.0147715
487 1008.92 56.1922 13 3 0.371094 0 0.0148162
488 1008.92 51.3989 13 3 0.338867 0 0.0148261
489 1008.92 50.3398 13 3 0.332031 0 0.0147909
490 1008.92 50.3827 13 3 0.328125 0 0.0151187
491 1011.78 53.7838 13 3 0.354492 0 0.0146603
492 1008.92 53.8416 13 3 0.348633 0 0.0148251
493 1011.31 53.797 13 3 0.352539 0 0.0146729
494 1008.92 52.9355 13 3 0.349609 0 0.014756
495 1008.92 54.5246 13 3 0.332031 0 0.0148198
496 1008.92 57.3164 13 3 0.357422 0 0.0147718
497 1008.92 53.1823 13 3 0.333008 0 0.0147912
498 1011.31 50.1851 13 3 0.325195 0 0.0147894
499 1011.31 50.9952 13 3 0.328125 0 0.0148972
500 1008.92 49.5689 13 3 0.330078 0 0.0147102
501 1011.31 54.6972 13 3 0.349609 0 0.0147435
502 1009.59 54.024 13 3 0.349609 0 0.0151152
503 1011.78 51.2999 13 3 0.338867 0 0.0146918
504 1008.92 54.647 13 3 0.355469 0 0.0147832
505 1011.31 57.3161 13 3 0.370117 0 0.0146382
506 1008.92 57.5474 13 3 0.349609 0 0.0147845
507 435.151 46.4273 13 2 0.307617 0 0.0147072
508 1008.92 54.811 13 3 0.352539 0 0.014829
509 1008.92 52.044 13 3 0.327148 0 0.0146944
510 1011.31 53.7024 13 3 0.353516 0 0.0146901
511 1843.9 54.3253 13 4 0.349609 0 0.0147333
512 1008.92 49.3249 13 3 0.330078 0 0.0146448
513 435.151 47.9834 13 2 0.335938 0 0.0147835
514 1008.92 52.6723 13 3 0.351562 0 0.014789
515 1843.9 52.3599 13 4 0.333984 0 0.0148504
516 1010.21 54.6352 13 3 0.353516 0 0.0148304
517 1011.31 54.0653 13 3 0.350586 0 0.0149639
518 1009.59 51.3571 13 3 0.336914 0 0.0148686
519 1008.92 52.2945 13 3 0.353516 0 0.0149128
520 435.151 53.3723 13 2 0.34668 0 0.0153766
521 1009.59 55.8845 13 3 0.347656 0 0.0147935
522 1011.31 52.7355 13 3 0.333984 0 0.0148971
523 435.151 48.7294 13 2 0.324219 0 0.0146491
524 1011.31 51.5674 13 3 0.331055 0 0.0147596
525 1008.92 53.4656 13 3 0.339844 0 0.0147837
526 1008.92 50.0139 13 3 0.335938 0 0.0148706
527 435.127 51.5169 13 2 0.351562 0 0.0146905
528 1012.77 51.0431 13 3 0.354492 0 0.0148661
529 1008.92 51.6832 13 3 0.34082 0 0.014752
530 1011.31 50.9034 13 3 0.333008 0 0.015204
531 1011.31 52.2193 13 3 0.330078 0 0.0147512
532 1011.31 53.4107 13 3 0.336914 0 0.0149756
533 1008.92 59.98 13 3 0.396484 0 0.0152005
534 1008.92 49.4811 13 3 0.327148 0 0.0147423
535 1008.92 51.8719 13 3 0.347656 0 0.0147923
536 435.149 54.3964 13 2 0.364258 0 0.0147151
537 1008.92 51.8551 13 3 0.333008 0 0.0149106
538 435.151 52.6674 13 2 0.355469 0 0.0148433
539 1008.92 54.5543 13 3 0.367188 0 0.0147138
540 1008.92 56.6429 13 3 0.357422 0 0.0147507
541 1843.9 50.9424 13 4 0.339844 0 0.01481
542 1008.92 45.5873 13 3 0.295898 0 0.0146751
543 435.151 48.9089 13 2 0.317383 0 0.0147692
544 1008.92 47.9757 13 3 0.31543 0 0.0146774
545 1008.92 49.6603 13 3 0.316406 0 0.0147105
546 1008.92 52.4899 13 3 0.338867 0 0.0147947
547 435.127 52.1935 13 2 0.339844 0 0.0151443
548 435.127 47.401 13 2 0.313477 0 0.0145588
549 1011.31 49.9676 13 3 0.311523 0 0.0147415
550 1011.31 56.2725 13 3 0.363281 0 0.0148283
551 1008.92 54.2343 13 3 0.351562 0 0.0148585
552 1008.92 55.7328 13 3 0.357422 0 0.0147897
553 1008.92 54.1058 13 3 0.358398 0 0.0147511
554 1848.92 49.252 13 4 0.319336 0 0.0147973
555 1008.92 55.2613 13 3 0.357422 0 0.0148812
556 1011.31 59.3443 13 3 0.378906 0 0.0147966
557 1008.92 52.1452 13 3 0.334961 0 0.0147354
558 1008.92 49.1987 13 3 0.327148 0 0.0147949
559 1843.9 55.0697 13 4 0.364258 0 0.0148289
560 1011.31 53.1725 13 3 0.341797 0 0.0147808
561 1011.31 53.3413 13 3 0.352539 0 0.0148317
562 1008.92 54.5327 13 3 0.350586 0 0.0148127
563 1011.31 53.645 13 3 0.351562 0 0.0148268
564 1011.31 60.3844 13 3 0.37793 0 0.0148619
565 435.151 48.7415 13 2 0.328125 0 0.0147777
566 1008.92 50.1758 13 3 0.337891 0 0.0146962
567 1008.92 51.3841 13 3 0.334961 0 0.0146625
568 1008.92 61.1975 13 3 0.385742 0 0.0149139
569 1008.92 51.2314 13 3 0.344727 0 0.014892
570 1008.92 56.913 13 3 0.370117 0 0.0147713
571 1008.92 55.636 13 3 0.357422 0 0.0146599
572 1008.92 52.9257 13 3 0.345703 0 0.0147307
573 435.151 57.9426 13 2 0.387695 0 0.0148902
574 1008.92 52.9833 13 3 0.348633 0 0.0147139
575 1008.92 52.8472 13 3 0.34668 0 0.0147813
576 1843.9 57.0005 13 4 0.347656 0 0.0148856
577 1011.31 50.6748 13 3 0.318359 0 0.0152623
578 1011.31 50.8119 13 3 0.333984 0 0.0148507
579 1008.92 55.8981 13 3 0.354492 0 0.0148096
580 1008.92 51.651 13 3 0.342773 0 0.0147338
581 1011.31 53.3266 13 3 0.339844 0 0.0147948
582 1008.92 49.7001 13 3 0.314453 0 0.0147041
583 1011.31 53.8322 13 3 0.34375 0 0.0150975
584 1008.92 53.8753 13 3 0.34668 0 0.0148435
585 1010.21 53.3923 13 3 0.335938 0 0.0148727
586 1010.79 50.5479 13 3 0.338867 0 0.0148569
587 1008.92 49.7486 13 3 0.333008 0 0.0148701
588 1010.21 59.2243 13 3 0.388672 0 0.0148003
589 1008.92 51.878 13 3 0.345703 0 0.0146275
590 1843.9 58.8674 13 4 0.375977 0 0.0148485
591 435.151 55.6261 13 2 0.365234 0 0.0149036
592 435.151 53.8204 13 2 0.352539 0 0.0147784
593 1008.92 51.0935 13 3 0.337891 0 0.0154074
594 1008.92 54.3895 13 3 0.345703 0 0.0148602
595 435.151 45.235 13 2 0.304688 0 0.0147937
596 1843.9 59.5379 13 4 0.379883 0 0.014786
597 1011.31 57.2184 13 3 0.358398 0 0.0148462
598 1011.31 53.5597 13 3 0.334961 0 0.0148867
599 1008.92 54.0598 13 3 0.356445 0 0.0147761
600 1011.31 52.0123 13 3 0.341797 0 0.0152631
601 1011.31 67.0254 13 3 0.425781 0 0.014981
602 1011.31 55.9125 13 3 0.342773 0 0.015005
603 435.127 53.6211 13 2 0.354492 0 0.0149274
604 1848.92 54.7371 13 4 0.357422 0 0.014928
605 1011.31 58.5665 13 3 0.375 0 0.0149694
606 1010.79 55.6608 13 3 0.356445 0 0.0150524
607 1825.63 67.8682 13 4 0.418945 0 0.015142
608 1011.31 55.8122 13 3 0.359375 0 0.0151049
609 1841.02 57.7389 13 4 0.37207 0 0.0151098
610 1008.92 51.5534 13 3 0.350586 0 0.015124
611 1005.85 57.1164 13 3 0.368164 0 0.0152537
612 435.151 56.8483 13 2 0.365234 0 0.0154166
613 1008.21 56.1439 13 3 0.367188 0 0.0156265
614 1837.92 60.536 13 4 0.373047 0 0.015678
615 1827.51 61.7536 14 4 0.375977 0 0.0159537
616 1841.02 63.1156 15 4 0.397461 0 0.0160604
617 1008.92 61.8398 13 3 0.375 0 0.0162968
618 1011.31 65.7217 15 3 0.408203 0 0.0158532
619 1008.92 70.5541 15 3 0.44043 0 0.0161086
620 1008.92 62.6733 15 3 0.395508 0 0.0161479
621 1011.31 62.4671 15 3 0.391602 0 0.0162367
622 1008.92 67.6909 15 3 0.416992 0 0.0165143
623 1008.92 66.7335 15 3 0.416992 0 0.0167087
624 1010.79 65.9736 15 3 0.405273 0 0.0163735
625 1837.92 69.4833 15 4 0.423828 0 0.0164227
626 1010.21 68.8682 15 3 0.420898 0 0.016449
627 1008.92 67.2121 15 3 0.416992 0 0.0164349
628 1010.21 71.4581 16 3 0.448242 0 0.0164769
629 4290.68 72.2802 15 6 0.421875 0 0.0166868
630 1010.21 70.3553 15 3 0.411133 0 0.0172689
631 1802.66 73.7196 17 4 0.439453 0 0.0167364
632 1009.59 77.9935 17 3 0.484375 0 0.0170307
633 1011.31 73.4422 17 3 0.457031 0 0.0169087
634 1843.9 77.8056 17 4 0.458008 0 0.0167887
635 1837.92 77.535 17 4 0.470703 0 0.0168434
636 1008.92 70.9523 17 3 0.433594 0 0.0171254
637 1837.92 76.3514 17 4 0.447266 0 0.0170355
638 1008.92 77.6836 17 3 0.460938 0 0.0171445
639 1009.59 66.0728 17 3 0.410156 0 0.0171436
640 1008.21 72.9701 17 3 0.442383 0 0.0173542
641 1823.71 76.3311 17 4 0.448242 0 0.0173414
642 1837.92 75.9213 17 4 0.455078 0 0.017262
643 1007.46 74.4166 17 3 0.458008 0 0.0175697
644 1831.15 73.4596 17 4 0.432617 0 0.0170741
645 1837.92 79.7762 17 4 0.475586 0 0.0177811
646 1010.21 82.8778 17 3 0.482422 0 0.0174696
647 1008.21 75.6525 19 3 0.463867 0 0.017531
648 1005.85 78.618 17 3 0.464844 0 0.0175
649 1008.92 73.4007 17 3 0.433594 0 0.0175617
650 1007.46 76.0597 19 3 0.466797 0 0.0176784
651 1007.46 81.4187 18 3 0.466797 0 0.0182159
652 1010.21 71.4956 17 3 0.444336 0 0.0177843
653 1009.59 80.0965 19 3 0.472656 0 0.0178954
654 1815.68 87.802 19 4 0.5 0 0.0179554
655 1011.31 68.4365 17 3 0.416016 0 0.0174908
656 1005.85 79.6949 19 3 0.46875 0 0.0179551
657 1010.21 75.2075 19 3 0.450195 0 0.0175447
658 2929.99 91.0968 17 5 0.50293 0 0.0176073
659 1008.92 76.4321 19 3 0.475586 0 0.0178355
660 1834.62 81.0114 19 4 0.474609 0 0.0179704
661 1011.78 74.6537 19 3 0.44043 0 0.018119
662 1798.09 86.5358 19 4 0.491211 0 0.0187337
663 1831.15 83.1258 19 4 0.480469 0 0.0186967
664 1009.59 86.6765 21 3 0.506836 0 0.0188538
665 1825.63 80.5311 20 4 0.483398 0 0.0185434
666 1819.76 85.0986 20 4 0.496094 0 0.0187671
667 1007.46 77.8788 19 3 0.443359 0 0.0185564
668 1011.31 79.9456 21 3 0.481445 0 0.0194294
669 1007.46 90.5028 21 3 0.505859 0 0.0188047
670 1008.92 87.2796 21 3 0.493164 0 0.0187946
671 1010.79 85.4873 23 3 0.514648 0 0.0195415
672 1807.12 92.4231 22 4 0.524414 0 0.0191073
673 1823.71 81.2663 20 4 0.466797 0 0.0190659
674 1837.92 92.8558 21 4 0.493164 0 0.0191423
675 1815.68 80.3593 20 4 0.454102 0 0.0193994
676 1807.12 90.3016 21 4 0.492188 0 0.0192463
677 1827.51 88.9142 25 4 0.523438 0 0.0197119
678 1807.12 92.1125 23 4 0.516602 0 0.0196157
679 1817.74 89.6918 21 4 0.496094 0 0.0192728
680 1823.71 95.4094 23 4 0.519531 0 0.0198624
681 2870.9 99.3031 25 5 0.549805 0 0.0202356
682 1575.26 93.4639 25 4 0.533203 0 0.0201634
683 1807.12 94.7803 23 4 0.524414 0 0.0200401
684 1811.47 98.2299 23 4 0.525391 0 0.0205663
685 2921.69 103.382 29 5 0.566406 0 0.0210194
686 1807.12 83.5943 23 4 0.466797 0 0.0210056
687 1811.47 102.623 27 4 0.556641 0 0.0211605
688 1813.59 101.17 26 4 0.539062 0 0.0214285
689 2842.09 100.74 26 5 0.53125 0 0.0210827
690 1002.23 92.3108 27 3 0.514648 0 0.021957
691 1006.68 94.8004 27 3 0.517578 0 0.0224383
692 1807.12 99.3762 31 4 0.548828 0 0.0222874
693 2949.62 108.172 27 5 0.543945 0 0.0226286
694 1817.74 98.0534 27 4 0.515625 0 0.0224341
695 1823.71 103.357 33 4 0.546875 0 0.0224611
696 1811.47 93.4833 26 4 0.506836 0 0.0219582
697 1834.62 106.885 34 4 0.561523 0 0.0230068
698 1831.15 117.544 45 4 0.610352 0 0.0237727
699 1003.18 104.056 35 3 0.55957 0 0.0234891
700 1821.75 100.669 33 4 0.536133 0 0.0229511
701 2842.09 113.166 34 5 0.587891 0 0.0225891
702 1807.12 110.672 39 4 0.591797 0 0.0234961
703 1821.75 106.258 33 4 0.558594 0 0.024676
704 1836.29 115.794 33 4 0.574219 0 0.0240425
705 1795.76 107.529 31 4 0.541992 0 0.0242013
706 1007.46 111.514 42 3 0.585938 0 0.0242382
707 2924.51 117.941 46 5 0.605469 0 0.0239819
708 1843.9 102.643 37 4 0.553711 0 0.0242235
709 1819.76 108.523 41 4 0.571289 0 0.0248078
710 2929.99 134.109 101 5 0.652344 0 0.0252281
711 1829.35 119.52 56 4 0.607422 0 0.025139
712 4210.99 121.139 45 6 0.600586 0 0.0247986
713 1807.12 114.137 42 4 0.575195 0 0.0252257
714 2472.15 103.372 37 5 0.535156 0 0.0250042
715 2815.31 118.019 50 5 0.599609 0 0.0256997
716 2830.78 124.002 39 5 0.591797 0 0.0255203
717 4140.23 112.188 51 6 0.558594 0 0.0277115
718 1813.59 121.703 101 4 0.602539 0 0.0277015
719 1825.63 114.049 35 4 0.539062 0 0.026462
720 2903.85 122.415 101 5 0.569336 0 0.0284615
721 2379.26 135.105 101 5 0.648438 0 0.0291443
722 2874.36 141.587 101 5 0.638672 0 0.0299143
723 1807.12 142.497 101 4 0.673828 0 0.029664
724 4102.47 143.832 101 6 0.664062 0 0.028044
725 2874.36 139.736 101 5 0.668945 0 0.0284383
726 4096.95 144.332 101 6 0.682617 0 0.029101
727 5638.51 133.501 101 7 0.639648 0 0.0287509
728 3222.21 156.304 105.663 6 0.728516 1 0.0290334
729 2826.95 148.5 104.312 5 0.708984 1 0.0292007
730 2870.9 144.504 101 5 0.650391 0 0.0286707
731 2921.69 152.156 106.93 5 0.72168 1 0.0290839
732 4191.47 162.81 101 6 0.699219 0 0.0306064
733 1831.15 146.413 106.306 4 0.710938 1 0.0302357
734 5541.02 161.395 106.93 7 0.735352 1 0.0303069
735 2891.12 167.946 101 5 0.730469 0 0.0313933
736 2815.31 165.388 103.594 5 0.743164 1 0.0311611
737 2791.31 176.916 110.903 5 0.824219 1 0.0322252
738 2705.11 160.668 108.13 5 0.75293 1 0.0329255
739 3925.55 188.013 106.93 6 0.794922 1 0.0315317
740 2937.8 179.406 109.829 5 0.801758 1 0.0318847
741 2842.09 186.25 109.275 5 0.819336 1 0.0324651
742 4034.46 191.624 109.275 6 0.811523 1 0.0326479
743 4022.75 191.023 110.371 6 0.834961 1 0.0332504
744 4252.63 198.397 109.275 6 0.838867 1 0.0326419
745 5438.88 195.855 107.538 7 0.799805 1 0.0333856
746 4257.05 207.906 110.903 6 0.873047 1 0.0339713
747 4257.05 225.269 111.425 6 0.915039 1 0.0330143
748 5616.45 203.243 110.903 7 0.864258 1 0.0331723
749 3919.27 234.296 111.425 6 0.951172 1 0.0334911
750 9047.37 226.722 110.371 9 0.899414 1 0.0345243
751 11899.6 265.7 112.44 10 1.00488 1 0.0344013
752 4085.84 229.763 111.425 6 0.939453 1 0.0339904
753 4113.41 239.131 111.937 6 0.963867 1 0.0342159
754 5631.18 223.201 110.371 7 0.896484 1 0.0354506
755 6893.58 262.844 111.937 8 0.994141 1 0.0351396
756 4161.13 264.459 113.897 6 1.03027 1 0.0355051
757 4201.3 277.421 114.828 6 1.06445 1 0.0362248
758 3999.03 270.549 115.282 6 1.04883 1 0.0363338
759 4181.49 244.451 111.937 6 0.986328 1 0.0361968
760 8892.22 274.274 112.934 9 1.0166 1 0.0381466
761 5510.07 295.06 114.828 7 1.10645 1 0.0367521
762 4124.23 296.059 114.828 6 1.10059 1 0.0377162
763 5470.78 323.671 114.828 7 1.1377 1 0.039364
764 7777.57 321.687 117.03 8 1.16895 1 0.038105
765 4124.23 342.859 117.03 6 1.2002 1 0.0413905
766 5723.94 347.243 119.462 7 1.25879 1 0.0402446
767 9617.6 352.417 117.45 9 1.22656 1 0.0394814
768 5478.69 363.806 117.865 7 1.2334 1 0.0419118
769 9708.01 349.127 121.334 9 1.26758 1 0.0410758
770 8996.05 371.098 120.601 9 1.28125 1 0.0425633
771 7584.59 358.982 117.865 8 1.24023 1 0.0416208
772 4220.53 425.828 124.711 6 1.3916 1 0.0411557
773 7540.04 387.62 118.675 8 1.28906 1 0.0409763
774 12759.3 395.592 120.227 10 1.32422 1 0.0433957
775 8800.09 437.302 120.601 9 1.35742 1 0.0425284
776 9828.73 435.102 120.227 9 1.35645 1 0.0420298
777 10056.4 458.474 125.024 9 1.43262 1 0.0416845
778 11693.9 461.011 121.334 10 1.41699 1 0.0421879
779 9198.85 452.768 125.938 9 1.41797 1 0.0428112
780 7305.25 427.417 120.227 8 1.38184 1 0.0408721
781 27667.9 509.673 133.462 13 1.4707 1 0.0424537
782 12127.6 510.097 136.764 10 1.52734 1 0.0421811
783 9454.45 509.943 137.427 9 1.55957 1 0.042106
784 16186.9 567.392 137.914 11 1.61523 1 0.0433806
785 12532.3 583.983 137.3 10 1.64648 1 0.0425624
786 20350.3 577.168 137.796 12 1.63574 1 0.0424256
787 11328.7 539.264 136.764 10 1.56836 1 0.0422097
788 9442.57 583.317 137.3 9 1.62402 1 0.0430453
789 8813.32 591.828 137.553 9 1.67383 1 0.0439652
790 12320.3 562.52 137.796 10 1.61816 1 0.0420657
791 11914.1 603.92 137.037 10 1.62305 1 0.0435746
792 11558.8 614.578 136.902 10 1.64551 1 0.0447351
793 9382.71 623.195 137.796 9 1.69531 1 0.0432501
794 15203.7 654.414 138.872 11 1.75098 1 0.0437493
795 15648.5 635.533 137.3 11 1.68262 1 0.0438066
796 18225.2 660.199 138.872 12 1.76758 1 0.0453954
797 26788 752.41 139.324 13 1.83398 1 0.045388
798 10252.2 678.004 140.362 10 1.78027 1 0.0460544
799 16303.1 811.276 138.363 11 1.9082 1 0.0473836
800 20917.9 856.486 349.415 12 1.9375 2 0.0482376
801 14174.5 849.301 357.18 11 1.98145 2 0.0486757
802 12127.6 781.52 352.773 10 1.9043 2 0.0478106
803 15254.3 764.258 358.27 11 1.88574 2 0.0468882
804 23733.7 922.865 420.846 13 2.07715 2 0.0481661
805 38620.9 997.891 396.449 14 2.10938 2 0.0489369
806 20762.4 940.35 348.286 12 2.05078 2 0.0473569
807 36947.6 1034.41 391.165 14 2.09668 2 0.0475014
808 20866.4 1062.18 420.239 12 2.23145 2 0.0478238
809 58709.7 1144.6 418.362 15 2.21387 2 0.0484634
810 1.09067e+06 2216.34 368.878 20 2.24707 2 0.0504948
811 161704 1419.52 427.354 17 2.40723 2 0.0532078
812 565562 2012.27 427.354 19 2.58789 2 0.0559108
813 27423.4 1896.38 430.413 13 2.88867 2 0.0581143
814 163376 2548.93 431.173 17 2.97363 2 0.059451
815 1.09607e+06 6534.31 435.053 20 3.40723 2 0.0635276
816 2.14712e+06 10923.4 930.025 21 3.91797 3 0.0671082
817 8.44501e+06 16539.5 1515.71 23 4.64844 4 0.0765117
818 4.25215e+06 17069.5 1530.88 22 4.87988 4 0.0765077
819 1.34299e+08 194987 1795.76 27 5.78027 4 0.086062
820 6.71774e+07 121321 5298.97 26 7.32715 7 0.10402
821 8.45093e+06 97123.1 5563.94 23 7.77344 7 0.106693
822 3.36266e+07 118549 5645.8 25 7.80566 7 0.108523
823 1.68366e+07 150100 5623.83 24 8.29883 7 0.114232
824 1.343e+08 282143 7265.96 27 8.63086 8 0.122952
825 1.6833e+07 120360 6773.61 24 8.1123 8 0.116137
826 3.36221e+07 193802 7448.45 25 8.65039 8 0.123427
827 1.34295e+08 290358 9060.14 27 8.79199 9 0.126938
828 1.34289e+08 312954 9273.14 27 9.06738 9 0.128162
829 3.36278e+07 180549 8378.58 25 8.94336 9 0.12624
830 1.34292e+08 314650 8983.16 27 9.05469 9 0.130774
831 1.343e+08 681723 8786.83 27 9.10547 9 0.131976
832 3.36253e+07 322310 9525.12 25 9.49707 9 0.139367
833 1.68407e+07 204581 9629.02 24 9.40625 9 0.140705
834 6.71832e+07 519715 11344.3 26 9.80176 10 0.145461
835 1.34293e+08 814448 10752.8 27 9.64648 11 0.143955
836 3.36251e+07 395287 10505.5 25 9.5293 10 0.141288
837 6.71869e+07 409538 10730.8 26 9.71094 11 0.146291
838 6.71807e+07 372139 9411.3 26 9.32617 10 0.138741
839 1.34294e+08 499479 10868 27 9.61328 10 0.141376
840 2.6853e+08 716772 11406.1 28 9.79004 10 0.14585
841 1.34295e+08 513634 8944.33 27 9.28906 9 0.136126
842 6.71779e+07 411885 9796.23 26 9.68262 9 0.149196
843 2.6852e+08 728392 11513.2 28 9.78027 10 0.147888
844 6.71837e+07 547629 11649.1 26 9.90039 10 0.149555
845 1.07384e+09 2.35554e+06 14876.9 30 10.6143 11 0.163519
846 2.68522e+08 1.05064e+06 11870.6 28 9.87793 10 0.153577
847 6.71836e+07 718988 9148.78 26 9.30176 9 0.14722
848 2.68527e+08 727819 11140.6 28 9.61621 10 0.151448
849 8.59007e+09 1.0696e+07 9060.14 33 9.45898 9 0.14821
850 2.6852e+08 1.44436e+06 12940.2 28 10.1377 11 0.15857
851 1.34302e+08 1.38175e+06 13414.1 27 10.4746 11 0.161537
852 5.36959e+08 1.96893e+06 12678.3 29 10.3633 11 0.157444
853 2.6852e+08 1.26699e+06 13355.5 28 10.4824 11 0.158873
854 2.68523e+08 2.11624e+06 12860 28 10.5938 11 0.159359
855 1.34294e+08 1.31518e+06 11986 27 10.2861 10 0.155203
856 1.718e+10 2.15123e+07 11870.6 34 10.3125 10 0.15391
857 2.14759e+09 6.0795e+06 18922.2 31 11.4121 12 0.16949
858 1.34295e+08 1.73087e+06 17002.7 27 11.2256 12 0.169084
859 5.36964e+08 2.84992e+06 18354.1 29 11.4482 12 0.175356
860 5.36968e+08 2.47847e+06 19880.5 29 11.5234 12 0.170717
861 2.68526e+08 2.65584e+06 17877.1 28 11.3984 12 0.17274
862 2.14759e+09 7.18955e+06 18138.8 31 11.1992 12 0.169943
863 2.14758e+09 5.35426e+06 19147.9 31 11.4229 12 0.172023
864 1.343e+08 2.11877e+06 15616.4 27 11.0029 11 0.163769
865 2.14758e+09 6.41043e+06 19269.5 31 11.5381 12 0.174371
866 2.14757e+09 4.60953e+06 15664.6 31 11.1846 11 0.166931
867 5.36965e+08 3.9406e+06 12622.1 29 10.5068 10 0.156047
868 4.29507e+09 6.90607e+06 15135.8 32 10.9053 11 0.161331
869 1.07383e+09 3.63668e+06 15744.1 30 11.2217 11 0.16707
870 2.14757e+09 5.78867e+06 14611.6 31 10.832 11 0.164407
871 1.07384e+09 3.20855e+06 14876.9 30 10.9707 11 0.162852
872 3.43599e+10 4.48972e+07 15152.8 35 11.1533 11 0.164833
873 1.07384e+09 5.31989e+06 13355.5 30 10.6475 11 0.159963
874 1.07384e+09 5.60786e+06 14174.5 30 10.918 11 0.162161
875 1.718e+10 2.27971e+07 12427.5 34 10.7393 10 0.162885
876 8.59005e+09 1.50127e+07 11649.1 33 10.5391 10 0.156429
877 2.14758e+09 5.06428e+06 9358.56 31 9.97461 9 0.151665
878 5.36965e+08 3.80869e+06 11543.6 29 10.3301 10 0.157231
879 1.718e+10 1.85392e+07 10404.7 34 10.0244 10 0.152124
880 2.14758e+09 6.33175e+06 15169.8 31 11.3164 11 0.173475
881 4.29508e+09 8.83297e+06 14929.2 32 11.2051 11 0.167745
882 1.07385e+09 6.39803e+06 19976.2 30 11.8643 12 0.177411
883 8.59004e+09 1.68737e+07 16157.4 33 11.5566 11 0.175083
884 1.07384e+09 5.83086e+06 20052.1 30 11.9551 12 0.176844
885 5.36964e+08 4.01102e+06 18030.2 29 11.4492 12 0.170329
886 4.29507e+09 8.57255e+06 15287.8 32 11.1719 11 0.169397
887 2.14758e+09 9.2888e+06 15535.5 31 11.4297 11 0.169697
888 8.59004e+09 1.27837e+07 14575.8 33 10.8379 11 0.164335
889 2.14758e+09 6.40983e+06 13453 31 10.8438 11 0.16781
890 5.36961e+08 4.76338e+06 12440.7 29 10.9785 10 0.167609
891 2.14759e+09 5.33975e+06 12293.2 31 10.7422 10 0.162571
892 2.14759e+09 4.98391e+06 14683 31 11.042 11 0.169718
893 2.14758e+09 9.15814e+06 13472.4 31 11.0029 11 0.1703
894 1.718e+10 2.08252e+07 13818 34 10.5693 11 0.164216
895 2.14759e+09 7.69054e+06 17899 31 11.3936 12 0.177434
896 1.07384e+09 6.1853e+06 17744.9 30 11.6338 12 0.181496
897 4.29507e+09 7.80255e+06 18776.8 32 11.4619 12 0.179425
898 1.718e+10 2.67474e+07 12413 34 10.6475 11 0.170413
899 4.29507e+09 1.06066e+07 11679 32 10.4121 10 0.15996
900 5.3696e+08 2.82543e+06 9807.1 29 9.90918 9 0.153782
901 1.07383e+09 3.74633e+06 10080.8 30 9.98633 10 0.153925
902 3.43599e+10 4.03412e+07 12211 35 10.5049 10 0.159956
903 3.43599e+10 4.81742e+07 19588.6 35 11.8164 12 0.179001
904 1.718e+10 2.30964e+07 9297.69 34 10.0859 9 0.151983
905 2.14758e+09 7.27016e+06 11589 31 10.3496 10 0.154054
906 5.36962e+08 4.9279e+06 14841.9 29 10.8994 11 0.166767
907 2.14759e+09 4.53757e+06 14081.5 31 10.6895 11 0.161374
908 5.36955e+08 3.19184e+06 12672.6 29 10.4854 10 0.162783
909 2.14757e+09 4.79659e+06 14718.5 31 10.9951 11 0.171586
910 1.07383e+09 3.64105e+06 13741.9 30 10.7891 11 0.164887
911 2.14758e+09 7.14674e+06 18182 31 11.2207 12 0.169636
912 3.43599e+10 4.17117e+07 13316.4 35 10.5566 11 0.1646
913 8.59006e+09 1.55035e+07 13874.9 33 10.9824 11 0.164232
914 3.43599e+10 3.93904e+07 14025.5 35 10.9854 11 0.164229
915 2.14759e+09 7.78605e+06 24852.2 31 12.375 13 0.183933
916 1.07385e+09 4.54401e+06 14174.5 30 10.9131 11 0.164706
917 1.07382e+09 6.70597e+06 22193.1 30 12.0195 13 0.181164
918 4.29507e+09 7.80477e+06 14841.9 32 11.2979 11 0.174616
919 2.14759e+09 5.03373e+06 18942.9 31 11.7178 12 0.178661
920 2.14759e+09 7.91888e+06 18138.8 31 11.5039 12 0.175625
921 2.14758e+09 9.05779e+06 15791.4 31 11.6162 11 0.175289
922 4.29508e+09 9.33519e+06 14911.8 32 11.2393 11 0.171402
923 8.59005e+09 1.41129e+07 14521.8 33 11.1465 11 0.166313
924 4.29507e+09 1.05967e+07 14394.9 32 11.1387 11 0.168865
925 4.29508e+09 1.64547e+07 13511.2 32 11.0332 11 0.166543
926 2.14759e+09 7.86145e+06 18545.6 31 11.7705 12 0.174992
927 4.29507e+09 1.08304e+07 14859.4 32 11.4326 11 0.172658
928 2.14759e+09 1.10612e+07 14700.8 31 11.334 11 0.175195
929 1.718e+10 2.47118e+07 16068 34 11.6592 11 0.179114
930 8.59005e+09 1.6985e+07 20514 33 12.0986 12 0.185306
931 8.59005e+09 2.65454e+07 26414 33 12.917 13 0.192847
932 6.87196e+10 9.99248e+07 19784 36 12.4443 12 0.190381
933 2.14758e+09 7.32347e+06 15616.4 31 11.6289 11 0.183735
934 2.14759e+09 1.19759e+07 18609 31 11.7764 12 0.182098
935 2.14759e+09 7.35053e+06 17567.3 31 12.0518 12 0.185328
936 8.59005e+09 1.61725e+07 20350.3 33 12.1436 12 0.185603
937 2.74878e+11 3.49592e+08 25754.3 38 12.4727 13 0.193253
938 4.29508e+09 1.62878e+07 25567.8 32 12.6963 13 0.193661
939 2.14759e+09 1.10171e+07 19529.4 31 12.2236 12 0.185703
940 5.36962e+08 6.14034e+06 18942.9 29 11.9688 12 0.182921
941 4.29508e+09 1.60818e+07 19147.9 32 12.0068 12 0.181711
942 4.29507e+09 1.08089e+07 19938 32 12.0234 12 0.181895
943 5.36956e+08 5.6127e+06 19229.1 29 11.7969 12 0.185157
944 8.59006e+09 1.80987e+07 19370.1 33 11.9805 12 0.185772
945 2.14759e+09 9.64193e+06 19469.9 31 12.1064 12 0.184568
946 8.59004e+09 1.75528e+07 19861.3 33 12.3105 12 0.186754
947 1.07384e+09 1.01128e+07 19764.6 30 12.0957 12 0.182754
948 4.29509e+09 9.60217e+06 18524.4 32 11.7725 12 0.179593
949 2.14759e+09 9.85627e+06 18203.6 31 11.71 12 0.174931
950 3.43599e+10 4.19646e+07 14700.8 35 11.2656 11 0.169355
951 8.59004e+09 2.54493e+07 18545.6 33 11.8594 12 0.183451
952 8.59005e+09 2.44366e+07 15869.4 33 11.8262 11 0.184113
953 4.29508e+09 1.53064e+07 17252.9 32 11.7451 12 0.180085
954 1.718e+10 2.66261e+07 15015.8 34 11.4629 11 0.176511
955 4.29508e+09 9.06791e+06 15884.9 32 11.3896 11 0.168874
956 8.59005e+09 3.00593e+07 18332.6 33 11.6396 12 0.176154
957 3.43599e+10 4.00254e+07 19430 35 11.9219 12 0.178948
958 1.37439e+11 1.93556e+08 15616.1 37 11.5752 12 0.179138
959 1.718e+10 3.96427e+07 14557.8 34 11.2207 11 0.182215
960 2.14759e+09 7.3776e+06 15321.3 31 11.2646 11 0.181271
961 2.14759e+09 9.82588e+06 15220.6 31 11.3184 11 0.179106
962 1.07384e+09 9.84898e+06 14911.8 30 11.2305 11 0.177302
963 2.14759e+09 9.19426e+06 15050.2 31 11.2236 11 0.176071
964 2.14757e+09 7.28477e+06 12880.1 31 11.0625 11 0.173099
965 1.718e+10 4.23861e+07 13626.9 34 11.0664 11 0.174399
966 3.43599e+10 4.51756e+07 17500.3 35 11.5947 12 0.174853
967 1.07384e+09 9.33424e+06 12099.5 30 10.9219 10 0.162357
968 6.87196e+10 1.23515e+08 17002.7 36 11.7236 12 0.174676
969 3.43599e+10 4.70412e+07 13511.2 35 11.1553 11 0.173854
970 8.59005e+09 3.29233e+07 13988 33 10.9932 11 0.172783
971 1.37439e+11 1.46611e+08 12535.9 37 10.7373 11 0.171369
972 2.14759e+09 1.93092e+07 15354.6 31 11.6445 11 0.179864
973 4.29508e+09 2.40719e+07 13491.8 32 11.209 11 0.179753
974 8.59006e+09 2.1448e+07 13316.4 33 11.0391 11 0.174811
975 3.43598e+10 6.97639e+07 15254.3 35 11.1074 11 0.174921
976 8.59005e+09 3.7899e+07 14303.5 33 11.5146 11 0.179079
977 4.29507e+09 1.0262e+07 15271.1 32 11.1924 11 0.171143
978 4.29508e+09 1.28474e+07 14193 32 11.2129 11 0.172276
979 1.37439e+11 1.55154e+08 12155.5 37 10.7178 10 0.167397
980 2.74878e+11 3.3865e+08 15152.8 38 11.5332 11 0.181435
981 8.59005e+09 2.89202e+07 14963.9 33 11.8213 11 0.18316
982 8.59005e+09 3.20768e+07 16283.3 33 11.6309 12 0.181109
983 1.718e+10 3.30958e+07 14629.5 34 11.0293 11 0.17229
984 6.87196e+10 8.47785e+07 14211.5 36 11.0723 11 0.171268
985 1.718e+10 4.58989e+07 15791.4 34 11.7285 11 0.17492
986 5.49756e+11 5.82021e+08 14358.5 39 11.3721 11 0.169103
987 1.718e+10 5.291e+07 19107.1 34 12.1064 12 0.168565
988 1.718e+10 4.2367e+07 15420.8 34 11.6113 11 0.169695
989 3.43599e+10 6.91961e+07 20221 35 12.6982 12 0.182165
990 4.29506e+09 2.34431e+07 18755.9 32 11.9053 12 0.174669
991 8.59006e+09 2.21737e+07 23478.2 33 12.6064 13 0.185323
992 1.718e+10 5.37173e+07 24706.1 34 12.9072 13 0.189155
993 2.14759e+09 1.50226e+07 15600.3 31 11.6895 11 0.177278
994 1.718e+10 4.93126e+07 16098 34 11.8291 11 0.179584
995 1.37439e+11 2.004e+08 18693.1 37 11.9395 12 0.185951
996 4.29508e+09 2.92211e+07 18524.4 32 12.1465 12 0.181446
997 8.59003e+09 2.75549e+07 15568 33 11.4385 11 0.174671
998 8.59005e+09 3.7242e+07 16796 33 11.6084 12 0.174679
999 8.59004e+09 2.10094e+07 16610.8 33 11.6406 12 0.176562
1000 6.87196e+10 8.61785e+07 15015.8 36 11.3916 11 0.174317
1001 8.59004e+09 3.81134e+07 20495.9 33 12.626 12 0.188851
1002 1.718e+10 7.01699e+07 19208.8 34 12.3428 12 0.184763
1003 4.29508e+09 1.965e+07 19350 32 12.0811 12 0.180926
1004 3.43599e+10 7.20667e+07 18839.3 35 12.3447 12 0.187006
1005 4.29508e+09 2.67999e+07 15420.8 32 11.8643 11 0.175288
1006 1.37439e+11 2.25028e+08 15759.9 37 11.9434 11 0.177725
1007 6.87196e+10 1.22739e+08 11604.1 36 10.8447 10 0.164268
1008 6.87196e+10 1.49865e+08 10421.6 36 10.4863 10 0.161994
1009 8.59006e+09 3.43131e+07 12238.5 33 11.1426 10 0.173805
1010 1.37439e+11 2.19195e+08 13684.5 37 11.2432 11 0.176245
1011 6.87196e+10 1.38746e+08 14193 36 11.4512 11 0.170345
1012 1.718e+10 5.08008e+07 14174.5 34 11.1396 11 0.177019
1013 1.718e+10 6.64763e+07 13780 34 11.1396 11 0.177622
1014 3.43599e+10 1.12026e+08 12433.5 35 10.8193 11 0.171048
1015 3.43599e+10 5.997e+07 13799 35 11.1221 11 0.171765
1016 6.87196e+10 8.17542e+07 12306.8 36 10.7998 10 0.164125
1017 8.59005e+09 3.20459e+07 12099.5 33 10.626 10 0.165589
1018 8.59005e+09 3.86716e+07 13722.8 33 11.2139 11 0.172635
1019 4.29508e+09 1.58278e+07 11421.5 32 10.1855 10 0.159241
1020 3.43599e+10 5.95103e+07 12169.4 35 10.7617 10 0.162331
1021 6.87196e+10 1.13984e+08 13355.5 36 10.9658 11 0.168474
1022 2.14759e+09 1.71139e+07 11826.8 31 10.7744 10 0.16376
1023 8.59005e+09 3.24177e+07 9752.4 33 10.1523 9 0.156896
1024 3.43599e+10 1.03698e+08 9741.36 35 10.1699 9 0.154645
1025 8.59005e+09 5.12524e+07 9430.66 33 10.2178 9 0.156189
1026 1.718e+10 3.82386e+07 12759.3 34 11.0234 11 0.173221
1027 4.29508e+09 1.9107e+07 10588.8 32 10.5078 10 0.159508
1028 1.718e+10 4.05731e+07 9285.43 34 10.3057 9 0.156031
1029 8.59005e+09 3.08803e+07 10538.9 33 10.418 10 0.15969
1030 8.59005e+09 3.01223e+07 11723.6 33 10.877 10 0.166846
1031 8.59005e+09 4.32798e+07 12347.3 33 10.8594 10 0.167249
1032 2.19902e+12 2.26907e+09 14118.8 41 11.4111 11 0.172589
1033 5.49756e+11 6.77154e+08 12583.9 39 11.542 10 0.171402
1034 8.59005e+09 6.80109e+07 14946.6 33 11.5811 11 0.17018
1035 3.43599e+10 6.02488e+07 11986 35 11.3486 10 0.168491
1036 6.87196e+10 9.77902e+07 11467.5 36 11.0059 10 0.164943
1037 3.43599e+10 1.19536e+08 12183.3 35 11.1943 10 0.162616
1038 3.43599e+10 9.68611e+07 11282 35 10.9199 10 0.160357
1039 1.37439e+11 2.64142e+08 8406.41 37 10.3057 9 0.153649
1040 2.74878e+11 3.31691e+08 9382.71 38 10.3916 9 0.153285
1041 1.09951e+12 1.14869e+09 12279.6 40 11.5713 10 0.17247
1042 1.37439e+11 3.12097e+08 9525.12 37 10.7051 9 0.167854
1043 8.59004e+09 2.94095e+07 12127.6 33 11.083 10 0.171546
1044 8.59005e+09 4.82514e+07 11573.9 33 10.8662 10 0.167336
1045 8.59005e+09 5.09594e+07 11812.1 33 11.1152 10 0.167243
1046 4.39805e+12 4.31632e+09 12374.2 42 11.2793 10 0.172882
1047 6.87196e+10 1.6173e+08 12310 36 11.3115 11 0.179229
1048 2.74878e+11 3.25356e+08 13039.9 38 11.3184 11 0.173377
1049 5.49756e+11 6.59176e+08 11375.2 39 10.9395 10 0.170198
1050 1.37439e+11 1.68955e+08 9358.56 37 10.0859 9 0.163152
1051 5.49756e+11 8.16413e+08 12279.6 39 11.2158 10 0.176791
1052 1.37439e+11 2.63036e+08 17116.8 37 12.1484 12 0.186433
1053 1.37439e+11 4.64616e+08 18860 37 12.2949 12 0.191865
1054 1.37439e+11 3.09733e+08 16353.8 37 11.8408 12 0.182461
1055 1.37439e+11 1.99967e+08 12071.3 37 10.958 10 0.16921
1056 1.37439e+11 2.70389e+08 9478.13 37 10.5742 9 0.161306
1057 1.37439e+11 2.61779e+08 8983.16 37 10.3291 9 0.157246
1058 1.37439e+11 2.10309e+08 7206.2 37 9.7002 8 0.144393
1059 3.43599e+10 7.46414e+07 9571.62 35 10.7266 9 0.156946
1060 2.74878e+11 4.4767e+08 9211.3 38 10.292 9 0.152109
1061 3.43599e+10 1.17774e+08 5438.88 35 8.96484 7 0.129912
1062 6.87196e+10 1.72265e+08 8983.16 36 10.2129 9 0.149382
1063 6.87196e+10 1.94985e+08 8879.13 36 10.165 9 0.150858
1064 6.87196e+10 1.71269e+08 7236.2 36 9.7627 8 0.147324
1065 6.87196e+10 1.45653e+08 9525.12 36 10.4697 9 0.158392
1066 6.87196e+10 1.46511e+08 11928.5 36 11.0488 10 0.161924
1067 6.87196e+10 1.38743e+08 8970.24 36 10.3145 9 0.157495
1068 1.37439e+11 1.9663e+08 11013.2 37 10.6611 10 0.16015
1069 6.87196e+10 1.29546e+08 9828.73 36 10.5195 9 0.153787
1070 3.43599e+10 8.41118e+07 11436.8 35 10.7607 10 0.161384
1071 6.87196e+10 3.04304e+08 12617.4 36 11.1455 11 0.163854
1072 6.87196e+10 1.65299e+08 11753.3 36 11.2393 10 0.168283
1073 2.74878e+11 3.99107e+08 15404.3 38 11.7891 11 0.18045
1074 1.718e+10 6.48916e+07 14521.8 34 11.5049 11 0.170333
1075 8.59006e+09 4.01084e+07 12427.5 33 11.334 10 0.165355
1076 1.09951e+12 1.17269e+09 14340.2 40 11.4297 11 0.166316
1077 3.43599e+10 1.7376e+08 18311.2 35 12.2588 12 0.179659
1078 6.87196e+10 1.8549e+08 14806.8 36 11.8105 11 0.174473
1079 2.74878e+11 8.96533e+08 18714.1 38 12.7695 12 0.187454
1080 1.37439e+11 5.1485e+08 15977.2 37 12.8037 11 0.188952
1081 5.49756e+11 7.38356e+08 25093.5 39 13.5127 13 0.199119
1082 7.03687e+13 6.90715e+10 19608.3 46 13.001 12 0.190454
1083 2.19902e+12 3.80163e+09 20674.5 41 13.3438 12 0.193186
1084 2.74878e+11 9.48001e+08 26917.7 38 13.8828 13 0.19829
1085 1.09951e+12 1.70166e+09 27299 40 14.0625 13 0.198853
1086 1.09951e+12 1.66648e+09 18566.8 40 12.7588 12 0.18152
1087 2.74878e+11 1.06235e+09 19489.7 38 12.8242 12 0.178913
1088 1.37439e+11 5.13627e+08 19822.7 37 13.042 12 0.180823
1089 2.74878e+11 6.11981e+08 25332.1 38 13.2363 13 0.184605
1090 2.19902e+12 2.59254e+09 18755.9 41 12.9727 12 0.184209
1091 2.74878e+11 6.05704e+08 15502.9 38 12.7227 11 0.182858
1092 6.87196e+10 2.44052e+08 14413.1 36 12.126 11 0.175833
1093 6.87196e+10 3.05508e+08 12141.5 36 12.0029 10 0.174627
1094 2.74878e+11 7.11009e+08 14285.2 38 12.1709 11 0.179166
1095 5.49756e+11 1.37694e+09 12211 39 11.9424 10 0.175899
1096 2.19902e+12 4.87994e+09 12252.2 41 11.8477 10 0.17503
1097 5.49756e+11 1.088e+09 15648.5 39 12.8848 11 0.196956
1098 4.39805e+12 8.92112e+09 15775.6 42 12.9668 11 0.195849
1099 2.19902e+12 6.02696e+09 20567.8 41 13.6953 12 0.201824
1100 1.75922e+13 2.22468e+10 26458.5 44 13.9834 13 0.207751
1101 1.09951e+12 4.25474e+09 34367.6 40 14.3369 14 0.205318
1102 1.09951e+12 3.27185e+09 36160.7 40 14.2793 14 0.203323
1103 4.39805e+12 6.67286e+09 26896.2 42 14.2891 13 0.20562
1104 2.19902e+12 9.7559e+09 38266.1 41 14.8994 14 0.212294
1105 2.19902e+12 4.88906e+09 37355.7 41 14.4785 14 0.204991
1106 1.75922e+13 1.97413e+10 26700.9 44 14.291 13 0.203789
1107 2.19902e+12 4.30328e+09 27067.4 41 14.4521 13 0.200111
1108 5.49756e+11 2.40865e+09 27340.6 39 14.3525 13 0.208936
1109 1.09951e+12 3.05044e+09 36240.6 40 14.4385 14 0.207569
1110 5.49756e+11 1.20364e+09 25707.9 39 13.7871 13 0.198797
1111 2.74878e+11 8.83299e+08 18311.2 38 13.2324 12 0.192613
1112 1.09951e+12 2.37626e+09 23657.3 40 13.6113 13 0.200665
1113 4.39805e+12 6.72022e+09 19489.7 42 13.25 12 0.193889
1114 2.19902e+12 3.43429e+09 15502.9 41 13.1289 11 0.188108
1115 2.74878e+11 1.20854e+09 16726.7 38 13.1035 12 0.190901
1116 5.49756e+11 1.21962e+09 19469.9 39 13.4707 12 0.196497
1117 5.49756e+11 9.82421e+08 16911.1 39 13.0068 12 0.189319
1118 2.74878e+11 8.2483e+08 11841.4 38 12.1543 10 0.180318
1119 2.74878e+11 5.65508e+08 13799 38 12.6182 11 0.187218
1120 2.19902e+12 3.71033e+09 15186.7 41 12.9619 11 0.188055
1121 4.39805e+12 5.54678e+09 12597.1 42 12.3926 11 0.187461
1122 2.19902e+12 3.62354e+09 19509.6 41 13.6035 12 0.199525
1123 8.79609e+12 1.05217e+10 19822.7 43 13.5176 12 0.195259
1124 5.49756e+11 1.40659e+09 35043 39 13.957 14 0.203168
1125 1.09951e+12 2.06007e+09 27945.8 40 14.0918 13 0.201543
1126 2.74878e+11 8.1841e+08 19686.7 38 13.2627 12 0.192442
1127 5.49756e+11 1.24639e+09 26053.3 39 13.8467 13 0.200564
1128 1.09951e+12 1.70156e+09 19938 40 13.0371 12 0.188916
1129 2.74878e+11 4.19482e+08 19608.3 38 12.7764 12 0.18756
1130 1.37439e+11 4.31939e+08 12506.4 37 12.2314 10 0.175451
1131 2.19902e+12 4.34364e+09 19430 41 13.1064 12 0.189519
1132 2.19902e+12 2.74322e+09 26874.6 41 13.8145 13 0.195461
1133 5.49756e+11 1.31658e+09 38783.5 39 14.3457 14 0.199552
1134 1.09951e+12 2.61547e+09 51287.8 40 14.4805 15 0.204539
1135 1.09951e+12 2.51175e+09 55356.2 40 14.3184 15 0.20048
1136 7.03687e+13 7.16165e+10 39035 46 14.4834 14 0.203981
1137 2.19902e+12 4.44906e+09 92620 41 15.0146 16 0.207553
1138 1.09951e+12 1.72242e+09 37705.8 40 14.1211 14 0.197247
1139 1.40737e+14 1.39387e+11 26722.7 47 13.7861 13 0.195614
1140 4.39805e+12 6.46631e+09 14736.2 42 12.4824 11 0.171396
1141 5.49756e+11 2.44546e+09 23038.6 39 13.4941 13 0.189894
1142 5.49756e+11 1.8143e+09 22032.1 39 13.4854 13 0.191407
1143 4.39805e+12 1.03682e+10 27708.1 42 14.1377 13 0.198144
1144 2.19902e+12 4.36451e+09 26809.7 41 14.042 13 0.201355
1145 1.09951e+12 2.39429e+09 20239.6 40 13.3867 12 0.196468
1146 2.19902e+12 3.87277e+09 27566.7 41 13.8066 13 0.198881
1147 1.09951e+12 4.0404e+09 20831.9 40 13.7578 12 0.193065
1148 8.79609e+12 1.66321e+10 26480.7 43 13.9561 13 0.196649
1149 3.51844e+13 3.85065e+10 54389 45 14.5107 15 0.203843
1150 1.37439e+11 7.08232e+08 53550.4 37 14.6748 15 0.207651
1151 2.19902e+12 2.79486e+09 56349.8 41 14.6182 15 0.203153
1152 4.39805e+12 9.44352e+09 92776.5 42 15.3994 16 0.217687
1153 5.49756e+11 2.62372e+09 91500.8 39 15.5693 16 0.221809
1154 8.79609e+12 2.00689e+10 92081.5 43 15.7676 16 0.221481
1155 3.51844e+13 4.44503e+10 92017.5 45 15.7266 16 0.220713
1156 4.39805e+12 1.45355e+10 160194 42 16.1934 17 0.225451
1157 1.09951e+12 8.22556e+09 58936.8 40 15.7783 15 0.223587
1158 1.40737e+14 1.45327e+11 90038.6 47 15.6533 16 0.219984
1159 4.39805e+12 1.29247e+10 56972.6 42 15.0918 15 0.210205
1160 4.39805e+12 7.26344e+09 92336.1 42 15.4023 16 0.214018
1161 5.6295e+14 6.03901e+11 57954.9 49 15.3701 15 0.215765
1162 4.39805e+12 1.727e+10 88131.8 42 15.9131 16 0.231449
1163 2.81475e+14 2.93757e+11 57084.1 48 15.792 15 0.231374
1164 2.19902e+12 5.92588e+09 55652.2 41 15.1133 15 0.223881
1165 3.51844e+13 5.31899e+10 54511.5 45 15.5059 15 0.225616
1166 4.39805e+12 1.59131e+10 94983 42 15.8662 16 0.233427
1167 3.51844e+13 6.26706e+10 93696.6 45 16.208 16 0.235002
1168 4.39805e+12 1.58162e+10 57686.9 42 15.6201 15 0.234601
1169 1.75922e+13 2.67689e+10 55740.4 44 15.3711 15 0.232034
1170 4.5036e+15 4.95261e+12 38989.6 52 15.1104 14 0.22742
1171 1.09951e+12 3.58886e+09 24949 40 13.3877 13 0.205894
1172 1.09951e+12 4.6785e+09 34987.3 40 14.2979 14 0.218974
1173 1.09951e+12 4.59233e+09 56492.8 40 15.1885 15 0.227712
1174 7.03687e+13 7.37177e+10 36478.8 46 14.6143 14 0.216976
1175 1.75922e+13 3.17535e+10 92869.9 44 15.4824 16 0.224107
1176 2.19902e+12 1.04789e+10 92994.1 41 15.833 16 0.233508
1177 1.75922e+13 1.98583e+10 57469.7 44 15.123 15 0.22796
1178 8.79609e+12 1.52866e+10 59524.2 43 15.3125 15 0.224214
1179 3.51844e+13 5.7191e+10 57767.7 45 15.7666 15 0.23291
1180 1.75922e+13 2.35184e+10 163570 44 15.8828 17 0.231569
1181 8.79609e+12 1.2902e+10 163506 43 16.6602 17 0.239614
1182 4.39805e+12 5.90597e+09 58505 42 15.2783 15 0.225986
1183 8.79609e+12 1.10074e+10 90942.9 43 15.3662 16 0.218826
1184 8.79609e+12 1.91343e+10 92336.1 43 15.6484 16 0.2228
1185 2.19902e+12 6.01423e+09 57605.7 41 14.9248 15 0.210007
1186 8.79609e+12 2.03637e+10 86730.9 43 15.2783 16 0.218504
1187 2.19902e+12 6.32926e+09 58375.6 41 15.1641 15 0.2205
1188 4.39805e+12 7.49722e+09 90241.4 42 15.3525 16 0.228366
1189 4.39805e+12 7.30314e+09 82153.6 42 15.0859 16 0.223431
1190 4.39805e+12 1.02597e+10 89320.5 42 15.6055 16 0.23095
1191 1.09951e+12 4.50021e+09 89834.7 40 15.374 16 0.225445
1192 1.75922e+13 2.48273e+10 54204.4 44 15.0537 15 0.21927
1193 2.19902e+12 8.26084e+09 54235.2 41 15.0176 15 0.219672
1194 1.75922e+13 1.88837e+10 25450.3 44 13.9453 13 0.204306
1195 1.09951e+12 5.88792e+09 36947.6 40 14.6328 14 0.201336
1196 2.19902e+12 6.07922e+09 34650.9 41 14.4258 14 0.204106
1197 1.75922e+13 1.84744e+10 25567.8 44 13.4375 13 0.191397
1198 4.39805e+12 7.31531e+09 26657.1 42 13.834 13 0.204203
1199 2.19902e+12 3.69587e+09 27587.1 41 14.0293 13 0.208286
1200 2.19902e+12 5.80895e+09 27194.3 41 14.1211 13 0.209348
1201 1.40737e+14 2.32383e+11 36870.1 47 14.5859 14 0.221937
1202 3.51844e+13 4.18691e+10 38385.3 45 14.5879 14 0.222199
1203 1.09951e+12 4.60643e+09 93454.4 40 15.5176 16 0.227068
1204 2.19902e+12 5.76438e+09 51618.4 41 14.7568 15 0.218346
1205 1.09951e+12 5.15533e+09 55974.2 40 14.5537 15 0.223491
1206 1.09951e+12 2.60165e+09 34139.2 40 13.9082 14 0.215708
1207 8.79609e+12 1.4815e+10 25892.9 43 13.6045 13 0.211121
1208 5.49756e+11 2.42739e+09 34024.4 39 13.8184 14 0.208071
1209 4.39805e+12 4.9759e+09 38550.7 42 14.4043 14 0.212505
1210 3.51844e+13 3.96042e+10 24287 45 13.4395 13 0.197519
1211 2.19902e+12 4.22237e+09 20386.9 41 13.2109 12 0.18769
1212 8.79609e+12 1.5395e+10 35757.3 43 13.9756 14 0.197391
1213 1.09951e+12 3.83793e+09 37050.4 40 14.1162 14 0.198117
1214 4.39805e+12 9.82392e+09 27299 42 13.7676 13 0.197012
1215 1.37439e+11 7.5358e+08 55711 37 14.5 15 0.206774
1216 8.79609e+12 1.14156e+10 37902.8 43 14.6094 14 0.209061
1217 2.19902e+12 7.84072e+09 55474.9 41 14.8584 15 0.21457
1218 4.39805e+12 1.45386e+10 36688.4 42 14.5264 14 0.208364
1219 2.19902e+12 7.77841e+09 34847.6 41 14.1777 14 0.207015
1220 2.19902e+12 6.68189e+09 24852.2 41 13.8379 13 0.201202
1221 4.39805e+12 6.00086e+09 27444 42 14.1201 13 0.204642
1222 4.39805e+12 5.99481e+09 37780 42 14.4209 14 0.213941
1223 2.19902e+12 6.46192e+09 37203.6 41 14.4561 14 0.212792
1224 8.79609e+12 2.6272e+10 36531.3 43 14.4287 14 0.213369
1225 1.75922e+13 1.9262e+10 36160.7 44 14.3955 14 0.212549
1226 2.74878e+11 2.30155e+09 36080.6 38 14.332 14 0.213804
1227 4.39805e+12 1.00125e+10 34819.6 42 14.1963 14 0.210719
1228 1.09951e+12 3.13799e+09 35264.8 40 14.2109 14 0.214216
1229 4.39805e+12 1.23358e+10 36373.2 42 14.1035 14 0.215841
1230 3.51844e+13 3.75797e+10 35730.2 45 14.0264 14 0.208792
1231 5.49756e+11 2.38452e+09 35292.4 39 13.9912 14 0.216289
1232 4.39805e+12 1.00875e+10 57028.4 42 14.9414 15 0.229234
1233 4.39805e+12 7.95516e+09 36478.8 42 14.1768 14 0.217226
1234 1.40737e+14 1.48648e+11 55504.6 47 14.5654 15 0.219369
1235 1.09951e+12 3.41356e+09 38194.1 40 14.5547 14 0.214668
1236 8.79609e+12 1.89346e+10 37902.8 43 14.3682 14 0.213582
1237 3.51844e+13 4.03779e+10 92963.1 45 15.5889 16 0.226351
1238 4.39805e+12 1.22427e+10 57469.7 42 15.5879 15 0.23377
1239 4.39805e+12 1.08606e+10 56944.7 42 15.3457 15 0.231263
1240 1.09951e+12 3.04748e+09 52337.3 40 14.7236 15 0.220821
1241 2.19902e+12 5.84151e+09 57928.3 41 15.1963 15 0.226827
1242 1.75922e+13 3.73135e+10 53107.8 44 15.2246 15 0.22964
1243 1.1259e+15 1.11439e+12 38944.1 50 15.0303 14 0.226638
1244 4.39805e+12 1.73976e+10 158249 42 16.334 17 0.245127
1245 3.51844e+13 5.44263e+10 57415.1 45 15.3574 15 0.231851
1246 4.39805e+12 1.71033e+10 93086.8 42 15.8193 16 0.240023
1247 8.79609e+12 1.59214e+10 36478.8 43 14.7871 14 0.225483
1248 3.51844e+13 7.41725e+10 53925.6 45 15.0537 15 0.228272
1249 2.19902e+12 9.39033e+09 38194.1 41 15.1309 14 0.22838
1250 4.39805e+12 1.07761e+10 88025.5 42 15.4756 16 0.232221
1251 2.19902e+12 7.62449e+09 36714.4 41 14.5312 14 0.220671
1252 4.39805e+12 1.22384e+10 37631.3 42 14.8223 14 0.220174
1253 4.39805e+12 8.92665e+09 88800 42 15.3564 16 0.23259
1254 2.74878e+11 2.43003e+09 55177.1 38 14.9648 15 0.223068
1255 1.09951e+12 7.64167e+09 52434.5 40 14.9902 15 0.223949
1256 2.19902e+12 1.32867e+10 38480 41 15.1221 14 0.227158
1257 1.40737e+14 1.52201e+11 36053.8 47 14.6387 14 0.216767
1258 8.79609e+12 1.21995e+10 57874.9 43 15.1133 15 0.225674
1259 8.79609e+12 2.46479e+10 91695.5 43 15.583 16 0.227713
1260 3.51844e+13 5.10158e+10 57713.8 45 15.1221 15 0.221917
1261 8.79609e+12 1.80474e+10 20276.6 43 13.9512 12 0.206339
1262 8.79609e+12 1.63248e+10 26722.7 43 13.9463 13 0.206052
1263 4.39805e+12 2.61213e+10 19880.5 42 13.9463 12 0.205253
1264 2.2518e+15 2.49018e+12 36844.3 51 14.7002 14 0.215835
1265 1.75922e+13 5.55998e+10 26960.7 44 14.0391 13 0.217541
1266 7.03687e+13 7.64263e+10 18797.6 46 13.7432 12 0.212788
1267 4.39805e+12 1.48905e+10 56916.7 42 14.875 15 0.229088
1268 4.39805e+12 2.42636e+10 36478.8 42 14.5312 14 0.224821
1269 1.40737e+14 2.21227e+11 36973.3 47 14.8438 14 0.227436
1270 7.03687e+13 9.5255e+10 59233.9 46 15.6787 15 0.237018
1271 8.79609e+12 2.14035e+10 56549.7 43 15.1533 15 0.230023
1272 1.75922e+13 3.2307e+10 36293.8 44 14.5459 14 0.221418
1273 2.19902e+12 9.70429e+09 35319.9 41 14.5127 14 0.217692
1274 1.75922e+13 2.49592e+10 22776.8 44 14.0508 13 0.215738
1275 1.40737e+14 1.58578e+11 55563.7 47 14.8936 15 0.229033
1276 4.39805e+12 1.95113e+10 92113.4 42 15.5703 16 0.237875
1277 1.75922e+13 2.31417e+10 52756.5 44 14.835 15 0.227606
1278 4.39805e+12 1.16178e+10 36610 42 14.4014 14 0.220476
1279 1.75922e+13 4.29412e+10 58140.2 44 15.2617 15 0.235922
1280 1.75922e+13 3.64914e+10 34339.2 44 14.4209 14 0.223707
1281 3.51844e+13 4.99601e+10 36792.4 45 14.5059 14 0.224659
1282 1.75922e+13 2.28084e+10 57740.8 44 15.1377 15 0.229666
1283 2.19902e+12 6.41424e+09 34225.1 41 14.083 14 0.223124
1284 1.09951e+12 4.11469e+09 58658.8 40 15.0459 15 0.228172
1285 2.19902e+12 1.05492e+10 57901.6 41 14.9766 15 0.226463
1286 8.79609e+12 2.09874e+10 37556.6 43 14.7695 14 0.226156
1287 4.5036e+15 4.45741e+12 37976.1 52 14.9102 14 0.22586
1288 3.51844e+13 5.47821e+10 20014.2 45 14.0303 12 0.211437
1289 7.03687e+13 1.41259e+11 19628 46 13.8164 12 0.208912
1290 7.03687e+13 9.872e+10 39608.4 46 15.1836 14 0.224409
1291 8.79609e+12 2.30616e+10 54906.6 43 15.3193 15 0.226091
1292 8.79609e+12 3.5453e+10 56804.4 43 15.0684 15 0.225693
1293 1.09951e+12 3.79097e+09 27215.3 40 14.415 13 0.212745
1294 4.39805e+12 1.23733e+10 37531.6 42 14.6367 14 0.21879
1295 4.39805e+12 1.14512e+10 36531.3 42 14.6572 14 0.218404
1296 4.39805e+12 1.60521e+10 27067.4 42 14.1387 13 0.214563
1297 4.39805e+12 1.94866e+10 24706.1 42 14.0146 13 0.207738
1298 8.79609e+12 2.21773e+10 20386.9 43 13.9492 12 0.208384
1299 3.51844e+13 1.00112e+11 25473.9 45 14.2051 13 0.211256
1300 5.6295e+14 5.94358e+11 18375.4 49 13.5967 12 0.203081
1301 8.79609e+12 2.50756e+10 25093.5 43 13.8545 13 0.200941
1302 8.79609e+12 2.0897e+10 18651.1 43 13.2471 12 0.19519
1303 8.79609e+12 3.34133e+10 18901.5 43 13.8125 12 0.202248
1304 5.6295e+14 5.60978e+11 26212.1 49 14.1895 13 0.207708
1305 1.75922e+13 5.03283e+10 24876.4 44 14.1055 13 0.205843
1306 8.79609e+12 1.95155e+10 18439.5 43 13.4092 12 0.198851
1307 1.40737e+14 1.53909e+11 37050.4 47 14.4414 14 0.210625
1308 8.79609e+12 1.41051e+10 19107.1 43 13.3262 12 0.195491
1309 3.51844e+13 6.79451e+10 33851.5 45 14.3604 14 0.210917
1310 1.75922e+13 4.11127e+10 27887 44 14.4854 13 0.212091
1311 1.40737e+14 1.77223e+11 26569.2 47 14.2529 13 0.205937
1312 2.81475e+14 3.03874e+11 27003.5 48 14.5273 13 0.206759
1313 1.40737e+14 1.57631e+11 36818.4 47 15.0098 14 0.218289
1314 1.40737e+14 1.98442e+11 92588.6 47 15.877 16 0.232296
1315 1.1259e+15 1.11581e+12 161393 50 15.9844 17 0.235232
1316 2.81475e+14 3.60488e+11 164671 48 16.6914 17 0.242055
1317 1.40737e+14 2.44595e+11 153631 47 16.0498 17 0.231418
1318 8.79609e+12 2.917e+10 93696.6 43 15.6914 16 0.229921
1319 7.03687e+13 9.9376e+10 158734 46 16.0752 17 0.233109
1320 3.51844e+13 5.46974e+10 162114 45 16.3828 17 0.242324
1321 1.75922e+13 4.81366e+10 158771 44 16.1719 17 0.23414
1322 3.51844e+13 5.98503e+10 57767.7 45 15.1758 15 0.220918
1323 2.81475e+14 3.69628e+11 91500.8 48 15.6377 16 0.231284
1324 1.40737e+14 1.71715e+11 159030 47 15.9414 17 0.239055
1325 2.19902e+12 9.72202e+09 54785.5 41 14.4004 15 0.212714
1326 1.09951e+12 4.97094e+09 90643.9 40 15.415 16 0.228828
1327 3.51844e+13 5.89557e+10 56435.7 45 14.9023 15 0.222572
1328 1.75922e+13 4.52748e+10 57632.8 44 15.1396 15 0.22453
1329 8.79609e+12 2.98957e+10 159725 43 15.6387 17 0.232767
1330 1.40737e+14 1.94498e+11 57222.6 47 14.7881 15 0.223209
1331 3.51844e+13 8.6805e+10 159797 45 16.1162 17 0.241457
1332 3.51844e+13 1.00104e+11 161115 45 15.793 17 0.241373
1333 1.1259e+15 1.15029e+12 158099 50 15.7676 17 0.234669
1334 3.51844e+13 8.73934e+10 159434 45 16.248 17 0.244403
1335 2.81475e+14 3.33922e+11 160515 48 15.9248 17 0.239682
1336 4.39805e+12 2.91583e+10 158474 42 15.9932 17 0.239273
1337 1.09951e+12 1.00728e+10 92588.6 40 15.1982 16 0.230202
1338 1.40737e+14 2.22856e+11 57139.6 47 15.1289 15 0.223779
1339 4.5036e+15 4.727e+12 54235.2 52 14.7793 15 0.221857
1340 1.40737e+14 1.63371e+11 13375.1 47 12.6445 11 0.185984
1341 1.09951e+12 5.30794e+09 18609 40 12.8828 12 0.188359
1342 8.79609e+12 2.54102e+10 12169.4 43 12.6855 10 0.185185
1343 1.75922e+13 3.23141e+10 11649.1 44 12.7246 10 0.18275
1344 7.03687e+13 1.13958e+11 34791.5 46 14.3867 14 0.211268
1345 7.03687e+13 1.27711e+11 39281.3 46 15.1348 14 0.226092
1346 1.40737e+14 2.36293e+11 158771 47 16.2617 17 0.246925
1347 1.75922e+13 3.07746e+10 37804.6 44 14.9121 14 0.222756
1348 7.03687e+13 9.99782e+10 36426.1 46 14.5498 14 0.217564
1349 1.1259e+15 1.66254e+12 56578.2 50 14.7031 15 0.220575
1350 1.75922e+13 9.10684e+10 56944.7 44 15.1182 15 0.228565
1351 5.6295e+14 7.2035e+11 59184.8 49 15.5312 15 0.235291
1352 7.03687e+13 1.23679e+11 162046 46 16.1816 17 0.250189
1353 1.40737e+14 2.28777e+11 162080 47 16.4385 17 0.254712
1354 1.40737e+14 2.15313e+11 296542 47 17.3389 18 0.273568
1355 1.40737e+14 2.32617e+11 297430 47 17.877 18 0.278943
1356 2.2518e+15 2.4229e+12 161150 51 16.5078 17 0.260484
1357 1.75922e+13 6.59613e+10 92557.1 44 16.1201 16 0.253626
1358 8.79609e+12 6.067e+10 164017 43 16.7959 17 0.260986
1359 7.03687e+13 1.1897e+11 91107.9 46 16.1025 16 0.254812
1360 5.6295e+14 6.3369e+11 93301.9 49 16.3555 16 0.254327
1361 1.1259e+15 2.75442e+12 89561.2 50 16.2246 16 0.262512
1362 1.40737e+14 3.24961e+11 161463 47 16.8672 17 0.267993
1363 1.1259e+15 1.32645e+12 160798 50 17.0342 17 0.263985
1364 1.40737e+14 2.57746e+11 297025 47 17.7891 18 0.276572
1365 2.81475e+14 3.48513e+11 158919 48 16.5586 17 0.266533
1366 5.6295e+14 1.44435e+12 296316 49 17.583 18 0.276276
1367 2.81475e+14 4.25883e+11 162283 48 17.3125 17 0.27319
1368 1.75922e+13 5.54176e+10 292744 44 17.0322 18 0.269864
1369 5.6295e+14 7.81427e+11 162785 49 17.04 17 0.268768
1370 1.40737e+14 2.55178e+11 160586 47 16.7686 17 0.273295
1371 7.03687e+13 2.38855e+11 156996 46 16.6348 17 0.271641
1372 3.51844e+13 9.0677e+10 291758 45 17.2334 18 0.278744
1373 1.40737e+14 2.6013e+11 295861 47 17.417 18 0.285736
1374 1.40737e+14 2.34862e+11 93726.7 47 16.6309 16 0.270694
1375 1.75922e+13 8.98306e+10 25379.5 44 14.1807 13 0.244466
1376 1.75922e+13 7.66939e+10 34622.7 44 14.9062 14 0.251208
1377 3.51844e+13 8.14077e+10 35566.8 45 15.4746 14 0.262599
1378 7.03687e+13 9.86605e+10 37730.6 46 15.6436 14 0.264214
1379 7.03687e+13 2.33719e+11 92017.5 46 16.5791 16 0.26862
1380 1.1259e+15 1.93615e+12 89182.3 50 16.418 16 0.266766
1381 5.6295e+14 1.16573e+12 94611.2 49 17.085 16 0.270409
1382 9.0072e+15 8.86185e+12 159507 53 16.792 17 0.263523
1383 1.1259e+15 1.80439e+12 162719 50 17.1055 17 0.276729
1384 1.40737e+14 4.1994e+11 89834.7 47 15.96 16 0.260809
1385 7.03687e+13 1.53666e+11 53266.5 46 15.4639 15 0.254483
1386 7.03687e+13 2.89067e+11 93424 46 16.1768 16 0.263714
1387 1.40737e+14 3.32655e+11 55563.7 47 15.9043 15 0.261252
1388 5.6295e+14 7.57365e+11 90038.6 49 16.2891 16 0.269073
1389 4.5036e+15 7.26278e+12 294348 52 17.6562 18 0.287698
1390 1.1259e+15 1.32534e+12 295324 50 17.834 18 0.298147
1391 3.51844e+13 8.61626e+10 54327.6 45 15.3662 15 0.260526
1392 2.81475e+14 5.37758e+11 91500.8 48 16.4502 16 0.278778
1393 2.81475e+14 6.81019e+11 160301 48 16.9395 17 0.281457
1394 1.1259e+15 1.20402e+12 159287 50 16.5791 17 0.275538
1395 1.1259e+15 2.90438e+12 558425 50 18.3232 19 0.291273
1396 5.6295e+14 8.29443e+11 560249 49 18.584 19 0.301148
1397 2.2518e+15 3.39033e+12 1.08923e+06 51 19.3809 20 0.31407
1398 4.5036e+15 4.98365e+12 1.08667e+06 52 19.4629 20 0.308157
1399 3.51844e+13 1.7341e+11 560970 45 18.8564 19 0.309389
1400 1.40737e+14 4.18451e+11 295286 47 17.8486 18 0.290177
1401 1.1259e+15 3.17014e+12 554332 50 18.209 19 0.295063
1402 2.2518e+15 4.62059e+12 299581 51 18.2754 18 0.297887
1403 2.2518e+15 3.2091e+12 162452 51 17.7471 17 0.287127
1404 5.6295e+14 9.39958e+11 1.08629e+06 49 18.8574 20 0.301814
1405 5.6295e+14 9.20242e+11 560590 49 18.7959 19 0.301694
1406 1.1259e+15 1.69148e+12 292581 50 17.251 18 0.282355
1407 1.80144e+16 1.80441e+13 292130 54 17.3438 18 0.283241
1408 2.81475e+14 6.06336e+11 163667 48 17.4941 17 0.28499
1409 9.0072e+15 1.08343e+13 160657 53 17.5361 17 0.280302
1410 2.81475e+14 5.22137e+11 93086.8 48 16.3916 16 0.267686
1411 1.40737e+14 3.26442e+11 92776.5 47 16.4502 16 0.269803
1412 5.6295e+14 9.40681e+11 160586 49 16.9434 17 0.273447
1413 1.40737e+14 2.40068e+11 92494.1 47 15.9004 16 0.26614
1414 1.80144e+16 1.76158e+13 54542.1 54 15.0771 15 0.254317
1415 1.40737e+14 2.6561e+11 90106.3 47 16.165 16 0.267518
1416 1.40737e+14 3.24383e+11 56606.6 47 15.6416 15 0.255938
1417 5.6295e+14 7.45911e+11 92177.2 49 16.4023 16 0.265036
1418 8.79609e+12 4.27835e+10 160230 43 16.1387 17 0.273401
1419 9.0072e+15 1.03123e+13 91953.3 53 16.1846 16 0.265515
1420 2.81475e+14 6.43102e+11 160728 48 16.9805 17 0.276585
1421 1.40737e+14 3.29655e+11 92145.3 47 16.4561 16 0.265013
1422 9.0072e+15 1.10945e+13 161393 53 17.001 17 0.27161
1423 1.40737e+14 4.44316e+11 160657 47 17.1367 17 0.271443
1424 1.75922e+13 9.98853e+10 294741 44 17.6621 18 0.284074
1425 3.51844e+13 8.98531e+10 92462.6 45 16.4609 16 0.263634
1426 9.0072e+15 8.96671e+12 92209 53 16.3848 16 0.262939
1427 2.81475e+14 4.19759e+11 92714 48 16.9521 16 0.270654
1428 1.40737e+14 6.54877e+11 294506 47 18.0479 18 0.283875
1429 2.2518e+15 3.58186e+12 92620 51 16.5273 16 0.268712
1430 1.40737e+14 7.24663e+11 293833 47 17.9277 18 0.28793
1431 2.81475e+14 5.78531e+11 90942.9 48 16.54 16 0.26471
1432 4.5036e+15 5.3886e+12 158919 52 17.1709 17 0.278878
1433 2.81475e+14 6.91246e+11 92049.5 48 16.7012 16 0.281458
1434 7.03687e+13 2.55118e+11 89389.4 46 16.4678 16 0.272161
1435 7.03687e+13 1.70901e+11 91239.4 46 16.7227 16 0.276194
1436 1.40737e+14 5.11068e+11 159287 47 17.0742 17 0.282956
1437 3.60288e+16 3.63774e+13 157034 55 17.4453 17 0.285289
1438 1.1259e+15 1.88304e+12 92462.6 50 17.4385 16 0.281762
1439 2.81475e+14 6.78112e+11 58140.2 48 16.7871 15 0.267224
1440 1.40737e+14 4.50735e+11 296988 47 18.4619 18 0.291124
1441 4.5036e+15 5.83829e+12 295131 52 18.5293 18 0.292274
1442 7.20576e+16 7.11729e+13 163376 56 18.0439 17 0.28486
1443 1.1259e+15 1.40492e+12 161497 50 17.3838 17 0.276167
1444 4.5036e+15 4.70314e+12 559170 52 18.1719 19 0.296454
1445 4.5036e+15 4.69183e+12 560970 52 18.6699 19 0.317059
1446 1.40737e+14 3.03421e+11 560078 47 17.8213 19 0.293366
1447 1.40737e+14 2.42046e+11 294624 47 17.2422 18 0.287299
1448 2.81475e+14 4.55428e+11 163859 48 16.9102 17 0.2749
1449 1.40737e+14 4.65528e+11 92588.6 47 16.5498 16 0.269231
1450 2.81475e+14 5.03701e+11 293513 48 16.8682 18 0.275713
1451 9.0072e+15 1.01882e+13 285503 53 17.0586 18 0.288641
1452 1.40737e+14 4.73115e+11 558027 47 18.8584 19 0.315814
1453 1.40737e+14 1.03805e+12 562829 47 18.7529 19 0.30788
1454 1.40737e+14 4.97189e+11 561096 47 18.3965 19 0.304223
1455 7.03687e+13 3.33595e+11 564571 46 18.2715 19 0.303597
1456 2.2518e+15 3.70872e+12 2.1358e+06 51 19.4248 21 0.315735
1457 9.0072e+15 9.20406e+12 1.08977e+06 53 19.6436 20 0.3125
1458 1.1259e+15 2.45143e+12 560035 50 19.3867 19 0.310872
1459 5.6295e+14 1.95066e+12 556907 49 19.0762 19 0.310014
1460 1.1259e+15 2.00252e+12 1.0861e+06 50 19.3848 20 0.309881
1461 9.0072e+15 1.15886e+13 1.08591e+06 53 19.3945 20 0.312327
1462 1.40737e+14 6.49946e+11 563789 47 18.8809 19 0.314258
1463 1.80144e+16 1.91885e+13 2.14203e+06 54 20.0518 21 0.328861
1464 9.0072e+15 1.07325e+13 2.14212e+06 53 20.252 21 0.344793
1465 7.20576e+16 7.19971e+13 4.24672e+06 56 21.4473 22 0.356555
1466 1.80144e+16 3.10944e+13 8.44214e+06 54 21.7207 23 0.347361
1467 2.8823e+17 4.31662e+14 4.24687e+06 58 21.0947 22 0.340323
1468 5.6295e+14 1.61124e+12 2.13763e+06 49 19.7764 21 0.331098
1469 4.5036e+15 7.58388e+12 4.24344e+06 52 20.7031 22 0.336136
1470 1.80144e+16 2.004e+13 8.43704e+06 54 21.3721 23 0.343126
1471 1.1259e+15 2.7863e+12 1.68368e+07 50 22.4883 24 0.355446
1472 4.61169e+18 4.51004e+15 3.36094e+07 62 22.6377 25 0.35518
1473 2.2518e+15 5.1768e+12 8.44828e+06 51 22.54 23 0.350305
1474 1.80144e+16 2.17937e+13 1.68336e+07 54 22.291 24 0.349311
1475 1.1259e+15 2.34688e+12 3.36119e+07 50 22.8447 25 0.360711
1476 1.1259e+15 2.35164e+12 1.6827e+07 50 21.8643 24 0.343589
1477 1.80144e+16 1.81364e+13 8.43793e+06 54 21.5303 23 0.338219
1478 2.81475e+14 8.61171e+11 8.44587e+06 48 21.585 23 0.339135
1479 5.6295e+14 1.87091e+12 1.68297e+07 49 22.1328 24 0.341302
1480 5.6295e+14 1.40573e+12 4.24672e+06 49 21.5811 22 0.338917
1481 2.81475e+14 1.32504e+12 8.44118e+06 48 21.3672 23 0.334058
1482 5.6295e+14 2.99917e+12 4.23935e+06 49 20.9092 22 0.329269
1483 9.0072e+15 1.04047e+13 4.24786e+06 53 21.0234 22 0.332345
1484 9.0072e+15 1.49129e+13 1.68353e+07 53 22.6299 24 0.35418
1485 3.60288e+16 5.45767e+13 1.68379e+07 55 22.5859 24 0.353489
1486 1.1259e+15 3.42398e+12 8.44441e+06 50 21.7588 23 0.341908
1487 7.20576e+16 7.569e+13 8.44214e+06 56 21.7139 23 0.343526
1488 3.60288e+16 3.6434e+13 6.71769e+07 55 23.1211 26 0.363799
1489 3.60288e+16 4.46523e+13 3.36141e+07 55 22.8096 25 0.359589
1490 2.2518e+15 4.70677e+12 4.23534e+06 51 20.4844 22 0.329746
1491 5.6295e+14 1.72119e+12 2.13984e+06 49 20.2227 21 0.324626
1492 9.0072e+15 1.14978e+13 1.68381e+07 53 22.0664 24 0.351504
1493 2.2518e+15 5.01103e+12 2.14314e+06 51 19.9131 21 0.315227
1494 7.20576e+16 7.2339e+13 1.09e+06 56 19.7324 20 0.316324
1495 2.2518e+15 5.78724e+12 2.14295e+06 51 20.1396 21 0.322104
1496 2.81475e+14 1.32243e+12 1.09194e+06 48 19.9375 20 0.319274
1497 1.1259e+15 3.48375e+12 2.14203e+06 50 20.3115 21 0.319106
1498 3.60288e+16 4.43503e+13 8.43823e+06 55 21.5078 23 0.337595
1499 1.1259e+15 2.14148e+12 1.68287e+07 50 21.9297 24 0.34331
