547.561
0 110.903 8.23202 4 1 0.0390625 0 0.0106666
1 109.829 8.43202 4 1 0.0400391 0 0.0105598
2 110.903 7.11898 4 1 0.0253906 0 0.0106995
3 435.127 9.04669 4 2 0.0371094 0 0.0108976
4 434.818 9.263 5 2 0.0400391 0 0.0110134
5 434.954 8.94419 5 2 0.0380859 0 0.0109234
6 434.639 9.79698 5 2 0.0419922 0 0.0111322
7 113.897 8.7943 5 1 0.0380859 0 0.0109322
8 435.127 11.0575 5 2 0.0527344 0 0.0111688
9 435.151 10.0584 5 2 0.0458984 0 0.0111792
10 435.151 10.1727 5 2 0.0429688 0 0.0112756
11 110.903 9.80162 6 1 0.0390625 0 0.011614
12 435.127 12.3914 6 2 0.0556641 0 0.0118083
13 435.149 12.5556 6 2 0.0498047 0 0.012281
14 435.117 13.5464 6 2 0.0556641 0 0.0124147
15 1010.79 18.6267 6 3 0.0761719 0 0.0134687
16 1005.85 20.3946 6 3 0.078125 0 0.0148196
17 119.462 22.8248 7 1 0.0546875 0 0.0185772
18 435.149 37.288 8 2 0.0791016 0 0.024946
19 435.149 51.508 11 2 0.0986328 0 0.0320842
20 435.127 59.5682 101 2 0.0957031 0 0.0373072
21 435.127 63.9527 101 2 0.0888672 0 0.0399939
22 435.117 70.3771 101 2 0.0820312 0 0.0444793
23 435.127 68.7607 101 2 0.107422 0 0.0417226
24 435.151 70.8472 101 2 0.0800781 0 0.0450969
25 435.151 72.7432 101 2 0.115234 0 0.0435206
26 1005.85 71.4063 101 3 0.0976562 0 0.0431085
27 434.954 71.5357 101 2 0.0810547 0 0.0460859
28 435.151 73.5824 101 2 0.0976562 0 0.0460392
29 435.127 72.1835 101 2 0.0966797 0 0.0453089
30 977.944 72.4589 101 3 0.0849609 0 0.0453825
31 1006.68 80.6768 101 3 0.0917969 0 0.0495775
32 435.117 77.7325 101 2 0.0888672 0 0.0491289
33 1802.66 81.4127 101 4 0.0986328 0 0.0481634
34 435.117 76.9091 101 2 0.0957031 0 0.047398
35 435.076 77.1764 101 2 0.0849609 0 0.0475494
36 956.362 81.2797 101 3 0.106445 0 0.050016
37 435.149 77.5024 101 2 0.103516 0 0.0466979
38 435.151 76.8693 101 2 0.102539 0 0.0477336
39 435.151 78.0102 101 2 0.0859375 0 0.0489286
40 435.149 74.9605 101 2 0.0751953 0 0.0475329
41 434.954 79.1026 101 2 0.0742188 0 0.0503946
42 999.194 80.2763 101 3 0.100586 0 0.0500204
43 435.117 74.9337 101 2 0.0712891 0 0.0480944
44 435.149 80.0226 101 2 0.0732422 0 0.0508893
45 434.954 76.8761 101 2 0.0800781 0 0.0497586
46 435.151 80.7977 101 2 0.0839844 0 0.0503326
47 435.151 80.3644 101 2 0.0849609 0 0.0503771
48 435.151 81.3995 101 2 0.078125 0 0.0524264
49 967.552 81.3372 101 3 0.0800781 0 0.0516559
50 435.149 79.1805 101 2 0.0751953 0 0.050908
51 1004.99 82.5009 101 3 0.0927734 0 0.0499673
52 1010.21 80.6456 101 3 0.0800781 0 0.050894
53 435.149 77.9076 101 2 0.0693359 0 0.0496323
54 1001.24 84.1426 101 3 0.0996094 0 0.0516298
55 937.341 81.4853 101 3 0.0732422 0 0.0517362
56 435.151 82.5267 101 2 0.0869141 0 0.0520633
57 435.149 82.2194 101 2 0.0830078 0 0.051676
58 1011.78 81.5426 101 3 0.0693359 0 0.0525323
59 435.076 83.5349 101 2 0.0751953 0 0.0538215
60 1005.85 84.912 101 3 0.09375 0 0.0515024
61 435.151 83.197 101 2 0.0830078 0 0.0518032
62 987.443 83.7347 101 3 0.0927734 0 0.0509446
63 983.489 82.2249 101 3 0.0703125 0 0.0520597
64 1001.24 82.2862 101 3 0.0878906 0 0.0519943
65 1002.23 84.1631 101 3 0.0751953 0 0.0526799
66 1008.21 85.584 101 3 0.111328 0 0.0507
67 435.127 80.9205 101 2 0.0732422 0 0.0521879
68 435.151 85.3316 101 2 0.0947266 0 0.0533824
69 435.149 82.7996 101 2 0.0888672 0 0.0513505
70 1010.21 85.5441 101 3 0.0976562 0 0.0531888
71 998.128 84.0371 101 3 0.0849609 0 0.0521565
72 434.093 78.8598 101 2 0.0654297 0 0.0516221
73 435.151 84.0834 101 2 0.0898438 0 0.0516912
74 435.127 82.0776 101 2 0.0761719 0 0.052182
75 435.151 85.2787 101 2 0.0917969 0 0.0533419
76 1843.9 85.9445 101 4 0.0976562 0 0.051799
77 435.076 85.1953 101 2 0.0888672 0 0.0530552
78 435.149 84.6626 101 2 0.0966797 0 0.0524904
79 1008.92 85.7232 101 3 0.0908203 0 0.05277
80 1834.62 85.4288 101 4 0.0771484 0 0.0526994
81 435.117 81.3965 101 2 0.0615234 0 0.0528282
82 1002.23 80.9903 101 3 0.0742188 0 0.0519633
83 998.128 85.0062 101 3 0.0791016 0 0.0535922
84 986.145 84.5099 101 3 0.0751953 0 0.0544785
85 1008.21 87.8823 101 3 0.0869141 0 0.0554585
86 435.151 86.1677 101 2 0.0703125 0 0.0550736
87 998.128 85.7023 101 3 0.0634766 0 0.0550524
88 435.117 84.6773 101 2 0.0644531 0 0.0547803
89 435.151 86.1239 101 2 0.0771484 0 0.0548171
90 435.151 85.6566 101 2 0.0703125 0 0.0550352
91 833.221 85.0813 101 3 0.0732422 0 0.0537896
92 435.127 88.3625 101 2 0.0839844 0 0.0553449
93 433.637 85.3899 101 2 0.0761719 0 0.0550272
94 435.151 86.8227 101 2 0.0722656 0 0.0554385
95 1010.79 90.1791 101 3 0.0849609 0 0.0561741
96 1011.31 87.4171 101 3 0.0644531 0 0.0558676
97 435.149 90.04 101 2 0.0878906 0 0.0553376
98 435.151 86.706 101 2 0.0654297 0 0.0562323
99 435.149 85.9106 101 2 0.0742188 0 0.0553736
100 989.976 88.1009 101 3 0.0878906 0 0.0542787
101 435.053 88.8879 101 2 0.0732422 0 0.0567352
102 435.117 85.0616 101 2 0.0722656 0 0.0553234
103 1567.99 91.318 101 4 0.0742188 0 0.0572119
104 435.149 84.7512 101 2 0.0654297 0 0.0542183
105 435.151 88.5018 101 2 0.0957031 0 0.0553262
106 435.149 90.9538 101 2 0.0849609 0 0.0562801
107 940.922 87.9175 101 3 0.0791016 0 0.0550682
108 933.708 89.5083 101 3 0.078125 0 0.0561546
109 435.149 85.6384 101 2 0.0683594 0 0.0549685
110 435.151 89.3461 101 2 0.0869141 0 0.0551109
111 435.117 88.9531 101 2 0.078125 0 0.056775
112 830.89 89.3554 101 3 0.112305 0 0.054424
113 1006.68 88.7 101 3 0.0927734 0 0.0549374
114 1002.23 90.3079 101 3 0.0917969 0 0.0550801
115 998.128 86.1695 101 3 0.0722656 0 0.0549556
116 924.408 86.8943 101 3 0.0810547 0 0.0550877
117 435.149 85.0878 101 2 0.0849609 0 0.0541014
118 1011.31 86.9382 101 3 0.0605469 0 0.0552695
119 1008.21 89.7772 101 3 0.0771484 0 0.0566516
120 435.151 87.6541 101 2 0.078125 0 0.0553643
121 972.108 88.908 101 3 0.0761719 0 0.0551118
122 435.117 89.3671 101 2 0.0859375 0 0.0552997
123 435.149 85.3665 101 2 0.0869141 0 0.054225
124 995.918 86.8959 101 3 0.0908203 0 0.054423
125 435.149 86.2614 101 2 0.0771484 0 0.0550737
126 435.076 90.4753 101 2 0.0771484 0 0.05674
127 837.857 92.3728 101 3 0.0976562 0 0.0565523
128 890.612 90.5874 101 3 0.0839844 0 0.0570402
129 1003.18 94.3412 101 3 0.101562 0 0.0579918
130 1008.21 92.402 101 3 0.0761719 0 0.0589953
131 435.127 91.5123 101 2 0.0888672 0 0.0572006
132 435.151 91.683 101 2 0.0957031 0 0.0566098
133 759.728 93.2726 101 3 0.108398 0 0.0569465
134 435.076 90.0587 101 2 0.0996094 0 0.0553382
135 1010.79 93.0257 101 3 0.0996094 0 0.0565249
136 435.151 88.1447 101 2 0.078125 0 0.0561361
137 435.151 91.7786 101 2 0.0888672 0 0.0580361
138 435.053 88.1155 101 2 0.0810547 0 0.0557038
139 434.902 91.7891 101 2 0.0771484 0 0.0593606
140 970.606 92.8983 101 3 0.0917969 0 0.0574221
141 435.149 92.7678 101 2 0.0869141 0 0.0579867
142 435.053 90.4878 101 2 0.0703125 0 0.0571121
143 937.341 95.0363 101 3 0.0791016 0 0.0579217
144 435.151 93.1111 101 2 0.0810547 0 0.0600548
145 1002.23 95.2621 101 3 0.0849609 0 0.057962
146 979.358 92.1596 101 3 0.0771484 0 0.0590409
147 435.151 89.9006 101 2 0.0566406 0 0.0577832
148 435 93.7855 101 2 0.0644531 0 0.0604145
149 1002.23 92.7018 101 3 0.0742188 0 0.0586332
150 1829.35 90.8121 101 4 0.0703125 0 0.0562807
151 434.818 88.6181 101 2 0.0625 0 0.0576135
152 435.127 93.2668 101 2 0.0771484 0 0.0580623
153 979.358 93.1688 101 3 0.0693359 0 0.0588723
154 1007.46 95.0657 101 3 0.0859375 0 0.0573881
155 1010.79 94.0615 101 3 0.0908203 0 0.0573988
156 1773.62 94.2006 101 4 0.09375 0 0.056332
157 1008.92 93.7143 101 3 0.0683594 0 0.0591353
158 1735.52 94.6266 101 4 0.0898438 0 0.0580757
159 1005.85 92.9378 101 3 0.0722656 0 0.0593117
160 1010.21 97.3362 101 3 0.0966797 0 0.0598192
161 1008.21 95.6956 101 3 0.0830078 0 0.0588447
162 994.777 93.4783 101 3 0.0742188 0 0.0595503
163 1011.31 98.6723 101 3 0.0927734 0 0.060267
164 993.611 96.176 101 3 0.0820312 0 0.0599566
165 998.128 95.5901 101 3 0.0791016 0 0.0591205
166 1004.1 97.264 101 3 0.0908203 0 0.0591485
167 435.151 97.4199 101 2 0.0800781 0 0.0608268
168 435.149 93.2583 101 2 0.0644531 0 0.060392
169 435.127 97.3836 101 2 0.0820312 0 0.0612425
170 435.117 95.9413 101 2 0.0830078 0 0.0605142
171 435.149 97.0279 101 2 0.0830078 0 0.0605329
172 980.754 95.7674 101 3 0.0830078 0 0.0617946
173 1008.92 97.0448 101 3 0.0966797 0 0.059016
174 435.151 97.5456 101 2 0.0800781 0 0.0617581
175 715.062 95.8147 101 3 0.0820312 0 0.0595585
176 837.857 93.5813 101 3 0.0703125 0 0.0594564
177 435.149 98.6368 101 2 0.0917969 0 0.0598937
178 435.151 98.8421 101 2 0.0957031 0 0.0608296
179 435.151 98.5832 101 2 0.09375 0 0.0614223
180 986.145 99.6536 101 3 0.101562 0 0.0599201
181 435.151 96.4761 101 2 0.0966797 0 0.0590694
182 977.944 95.5679 101 3 0.0927734 0 0.0601452
183 994.777 95.8326 101 3 0.0791016 0 0.0593628
184 1010.79 97.6472 101 3 0.116211 0 0.0583277
185 435.117 96.5279 101 2 0.109375 0 0.0588112
186 1006.68 99.9325 101 3 0.120117 0 0.0599544
187 992.422 96.6387 101 3 0.0957031 0 0.0606926
188 434.781 95.535 101 2 0.0957031 0 0.0592945
189 928.165 97.6251 101 3 0.0966797 0 0.0603164
190 1004.1 95.7391 101 3 0.0947266 0 0.0597786
191 858.278 100.05 101 3 0.105469 0 0.0609008
192 3686.64 98.5934 101 6 0.101562 0 0.0583071
193 435.117 98.4864 101 2 0.0996094 0 0.060565
194 4181.49 105.005 101 6 0.111328 0 0.0609402
195 1007.46 99.8437 101 3 0.113281 0 0.0587417
196 1006.68 99.5481 101 3 0.113281 0 0.0601785
197 977.944 96.3725 101 3 0.100586 0 0.0603465
198 2714.12 98.9571 101 5 0.118164 0 0.0592053
199 1001.24 97.0214 101 3 0.110352 0 0.0581836
200 1783.71 100.043 101 4 0.126953 0 0.0587686
201 844.746 98.8804 101 3 0.125977 0 0.0596451
202 1712 101.451 101 4 0.124023 0 0.0588992
203 1621.26 101.649 101 4 0.126953 0 0.060188
204 1008.21 99.4948 101 3 0.126953 0 0.0586946
205 1007.46 98.3211 101 3 0.113281 0 0.0588081
206 435.127 98.8549 101 2 0.108398 0 0.0600981
207 1010.79 100.923 101 3 0.129883 0 0.0592389
208 931.873 102.262 101 3 0.134766 0 0.0607747
209 951.342 99.8765 101 3 0.120117 0 0.0583764
210 977.944 104.385 101 3 0.145508 0 0.0595967
211 435.151 100.515 101 2 0.123047 0 0.0598168
212 1773.62 103.572 101 4 0.131836 0 0.0608295
213 1847.77 102.911 101 4 0.136719 0 0.0594742
214 1008.21 107.634 101 3 0.165039 0 0.0596643
215 1815.68 105.147 101 4 0.149414 0 0.0605933
216 1798.09 101.2 101 4 0.158203 0 0.0584022
217 3514.05 110.122 101 6 0.182617 0 0.0594326
218 1009.59 107.368 101 3 0.1875 0 0.0595991
219 1007.46 111.432 101 3 0.236328 0 0.0569166
220 1674.61 112.532 101 4 0.233398 0 0.0554039
221 1664.9 109.682 101 4 0.22168 0 0.0556313
222 3052.19 121.332 101 6 0.264648 0 0.0560242
223 1786.17 115.689 101 4 0.24707 0 0.0583045
224 1681.01 113.072 101 4 0.280273 0 0.0549484
225 4016.86 112.036 101 6 0.245117 0 0.0543435
226 2795.37 126.985 101 5 0.313477 0 0.0535216
227 3748.75 122.634 101 6 0.317383 0 0.0524015
228 7410.92 129.016 101 8 0.344727 0 0.0513625
229 2853.13 127.937 101 5 0.367188 0 0.0522335
230 5307.39 136.831 101 7 0.40625 0 0.0502548
231 8826.53 172.632 101 9 0.485352 0 0.0500253
232 19127.5 180.797 101 12 0.544922 0 0.0492208
233 19725.7 223.101 101 12 0.636719 0 0.048956
234 12400.9 224.254 101 10 0.733398 0 0.0488239
235 57111.9 294.291 101 15 0.789062 0 0.0509621
236 9418.71 287.488 101 9 0.896484 0 0.0506136
237 292866 584.591 115.729 18 1.00586 1 0.0488931
238 96288.9 502.272 108.709 16 1.06934 1 0.0498921
239 20849.2 394.9 109.275 12 1.05273 1 0.0509364
240 12920.2 342.468 112.44 11 1.0332 1 0.0477933
241 11928.5 363.337 112.934 10 1.05859 1 0.0484224
242 25707.9 442.249 113.419 13 1.08398 1 0.0513676
243 58505 607.088 119.847 15 1.30371 1 0.0510145
244 89389.4 692.918 121.693 16 1.46191 1 0.05231
245 162519 930.063 121.693 17 1.42969 1 0.0560929
246 34310.7 697.498 123.415 14 1.4873 1 0.054864
247 2.14512e+06 2883.8 129.242 21 1.53418 1 0.0548707
248 163279 1036.76 136.764 17 1.72559 1 0.0575339
249 563071 1923.98 137.037 19 1.8252 1 0.0584775
250 8.4418e+06 15774 137.553 23 2.02148 1 0.0609685
251 2.14517e+06 6299.93 138.967 21 2.3125 1 0.0620197
252 4.24516e+06 10480.8 351.658 22 2.55273 2 0.0658187
253 4.24006e+06 14169.3 346.013 22 2.6416 2 0.0675461
254 2.14256e+06 7621.51 139.796 21 2.66113 1 0.0644848
255 4.24607e+06 10395.9 139.57 22 2.54688 1 0.0645723
256 1.0982e+06 7128.56 140.649 20 2.53613 1 0.0698646
257 8.44667e+06 19503.3 139.49 23 2.6416 1 0.069261
258 8.44802e+06 18110.2 330.783 23 2.70508 2 0.0687458
259 1.68355e+07 23695.7 140.362 24 2.65723 1 0.0699946
260 3.36249e+07 73698.4 365.751 25 3.13672 2 0.0784926
261 6.71814e+07 182294 693.351 26 4.33496 3 0.0954107
262 6.71831e+07 419797 736.337 26 4.78711 3 0.10099
263 5.3696e+08 959963 994.777 29 5.5166 3 0.111472
264 6.71787e+07 422845 1504.2 26 5.625 4 0.113774
265 2.68515e+08 663935 1214.16 28 5.73145 4 0.115011
266 2.14759e+09 2.6869e+06 1556.99 31 5.76953 4 0.114884
267 6.71846e+07 620072 1311.55 26 5.53711 4 0.117026
268 2.68523e+08 759162 966 28 5.3877 3 0.112804
269 2.68523e+08 1.33127e+06 947.923 28 5.23828 3 0.114164
270 5.36966e+08 1.98896e+06 1396.25 29 5.69727 4 0.116638
271 2.68522e+08 1.28599e+06 986.145 28 5.63086 3 0.113585
272 2.14757e+09 3.28968e+06 956.362 31 5.34473 3 0.107228
273 5.36959e+08 2.46384e+06 946.193 29 5.4043 3 0.114657
274 5.36967e+08 3.84872e+06 961.25 29 5.81934 3 0.120033
275 1.07383e+09 3.68347e+06 926.292 30 5.89355 3 0.123303
276 2.14759e+09 8.72053e+06 1196 31 6.29004 4 0.131324
277 2.1476e+09 1.27737e+07 1320.19 31 6.55273 4 0.130801
278 2.14759e+09 1.04229e+07 1396.25 31 6.58008 4 0.132358
279 4.29506e+09 7.42248e+06 1631.55 32 6.54297 4 0.134253
280 1.718e+10 3.37716e+07 1664.9 34 7.17871 4 0.140828
281 1.718e+10 8.69272e+07 2028.08 34 7.75781 5 0.145701
282 1.718e+10 8.80699e+07 2345.52 34 7.94141 5 0.14844
283 8.59005e+09 8.11204e+07 1729.75 33 7.87598 4 0.148169
284 1.718e+10 1.01643e+08 3476.9 34 8.62305 6 0.154805
285 1.718e+10 1.69488e+08 2610.66 34 8.66895 5 0.158854
286 1.37439e+11 2.18231e+08 2334.17 37 8.11133 5 0.153506
287 3.43599e+10 2.83702e+08 2791.31 35 8.86035 5 0.166176
288 1.718e+10 1.09643e+08 2294.02 34 8.09277 5 0.155498
289 6.87196e+10 2.96825e+08 2514.4 36 8.4668 5 0.162287
290 1.718e+10 1.23826e+08 2395.95 34 8.1582 5 0.155731
291 3.43599e+10 2.43622e+08 2686.83 35 8.49707 5 0.160379
292 3.43599e+10 1.59271e+08 2565.81 35 8.31348 5 0.156418
293 1.718e+10 9.59965e+07 2770.61 34 8.20898 5 0.154843
294 3.43599e+10 1.9812e+08 2615.56 35 8.37207 5 0.156674
295 6.87196e+10 2.70269e+08 2157.81 36 8.12402 5 0.153539
296 1.718e+10 1.20255e+08 1773.62 34 7.43945 4 0.144394
297 3.43599e+10 2.03778e+08 1677.82 35 7.56445 4 0.146228
298 6.87196e+10 3.79613e+08 2390.4 36 8.4043 5 0.155581
299 6.87196e+10 2.70545e+08 2241.48 36 8.12305 5 0.153655
300 6.87196e+10 2.70113e+08 2175.93 36 8.07031 5 0.1533
301 2.74878e+11 6.48022e+08 2524.81 38 8.58203 5 0.158129
302 1.37439e+11 5.24341e+08 2305.55 37 8.8252 5 0.16175
303 1.718e+10 3.16497e+08 2644.57 34 8.62598 5 0.155924
304 5.49756e+11 9.7587e+08 2625.3 39 8.89648 5 0.158325
305 5.49756e+11 1.52256e+09 2787.22 39 9.27246 5 0.163668
306 6.87196e+10 6.23403e+08 2766.4 36 9.11035 5 0.162106
307 6.87196e+10 5.67669e+08 2282.43 36 8.7373 5 0.157586
308 5.49756e+11 1.31536e+09 3446.89 39 9.34961 6 0.164309
309 1.09951e+12 1.74382e+09 2718.6 40 9.30371 5 0.163614
310 1.09951e+12 1.8833e+09 2753.63 40 9.19824 5 0.168211
311 5.49756e+11 1.95606e+09 2649.34 39 9.17871 5 0.165922
312 5.49756e+11 2.33746e+09 2575.89 39 8.78711 5 0.160407
313 6.87196e+10 9.1604e+08 2672.92 36 8.93262 5 0.16216
314 1.09951e+12 4.3967e+09 3002.56 40 9.29785 6 0.166099
315 6.87196e+10 1.22762e+09 1841.2 36 9.04199 5 0.164907
316 1.37439e+11 9.11368e+08 1755.09 37 8.66016 4 0.159582
317 1.37439e+11 1.26191e+09 1634.95 37 8.25098 4 0.156483
318 1.37439e+11 1.52269e+09 1757.8 37 8.30957 4 0.15286
319 2.74878e+11 1.96912e+09 1755.09 38 8.62402 4 0.161031
320 2.74878e+11 7.99561e+08 1773.62 38 8.11523 4 0.15163
321 1.37439e+11 1.21244e+09 2078.07 37 8.32031 5 0.152923
322 1.37439e+11 1.24582e+09 1717.99 37 8.24316 4 0.153977
323 2.74878e+11 1.89769e+09 1530.88 38 7.87891 4 0.148533
324 2.74878e+11 1.37151e+09 1651.74 38 8.10742 4 0.149734
325 1.37439e+11 1.19585e+09 1488.71 37 8.09277 4 0.154081
326 2.74878e+11 2.00947e+09 1508.05 38 8.24023 4 0.149579
327 1.37439e+11 9.7986e+08 1191.45 37 7.5752 4 0.142173
328 5.49756e+11 2.41871e+09 1781.23 39 8.55469 4 0.156887
329 6.87196e+10 5.7785e+08 1634.95 36 7.7207 4 0.147517
330 2.74878e+11 1.37657e+09 1655.05 38 8.30664 4 0.152631
331 1.37439e+11 9.29328e+08 1433.09 37 7.81934 4 0.14464
332 1.37439e+11 9.83397e+08 1658.35 37 8.14746 4 0.148629
333 2.74878e+11 1.89109e+09 2108.97 38 8.26367 5 0.151159
334 2.74878e+11 1.4512e+09 1661.63 38 7.7998 4 0.146383
335 1.37439e+11 1.19195e+09 1977.39 37 8.44629 5 0.152492
336 4.39805e+12 8.25469e+09 2145.67 42 8.74902 5 0.156848
337 2.19902e+12 4.34592e+09 2842.09 41 10.0537 5 0.172422
338 2.74878e+11 2.08763e+09 3409.04 38 10.7041 6 0.184362
339 2.74878e+11 2.17259e+09 3615.92 38 10.6045 6 0.177314
340 5.49756e+11 3.32837e+09 3861.83 39 10.7891 6 0.177572
341 2.19902e+12 4.82217e+09 4399.86 41 10.9678 7 0.181764
342 2.74878e+11 2.79775e+09 2877.78 38 10.3027 5 0.176637
343 5.49756e+11 3.31902e+09 3565.39 39 10.7314 6 0.17934
344 2.19902e+12 6.1733e+09 2901.94 41 9.73145 6 0.163724
345 2.74878e+11 1.97752e+09 4698.39 38 11.0713 7 0.181707
346 2.74878e+11 2.06679e+09 3748.75 38 10.1152 6 0.170673
347 1.09951e+12 3.81195e+09 3166.19 40 10.2637 6 0.17434
348 1.09951e+12 5.07641e+09 3815.97 40 10.7441 6 0.179062
349 2.74878e+11 2.74442e+09 3848.83 38 10.5 6 0.176939
350 5.49756e+11 3.53336e+09 3861.83 39 10.4648 6 0.173512
351 1.09951e+12 3.33539e+09 3874.74 40 10.5186 6 0.171162
352 2.74878e+11 3.66264e+09 5248 38 10.9512 7 0.17809
353 4.39805e+12 9.19599e+09 2960.85 42 10.3086 6 0.169232
354 5.49756e+11 3.42726e+09 4215.78 39 10.9316 6 0.176396
355 2.74878e+11 2.14338e+09 2765.08 38 9.66211 6 0.156966
356 5.49756e+11 3.59407e+09 3514.05 39 9.35352 6 0.15444
357 5.49756e+11 2.66039e+09 3454.42 39 10.1387 6 0.166688
358 1.09951e+12 3.27115e+09 3052.19 40 10.0879 6 0.167727
359 1.09951e+12 2.84885e+09 3277.55 40 9.90137 6 0.165285
360 2.19902e+12 4.75149e+09 2736.29 41 9.59473 5 0.163742
361 2.19902e+12 5.16194e+09 4659.43 41 10.8633 7 0.175821
362 2.19902e+12 4.93161e+09 3815.97 41 9.83203 6 0.162638
363 2.74878e+11 3.02201e+09 5390.29 38 10.8389 7 0.171766
364 2.19902e+12 7.35387e+09 4981.75 41 10.7812 7 0.169031
365 2.19902e+12 6.07379e+09 5196.23 41 11.2627 7 0.17584
366 5.49756e+11 3.66557e+09 5977.25 39 11.6152 8 0.181559
367 1.09951e+12 4.18119e+09 8052.57 40 12.2148 9 0.189445
368 5.49756e+11 3.61169e+09 7246.15 39 11.9727 8 0.185863
369 1.09951e+12 5.28605e+09 8786.83 40 12.2998 9 0.194247
370 1.09951e+12 3.80912e+09 7410.92 40 11.7646 8 0.185274
371 5.49756e+11 3.75505e+09 7114.77 39 11.8467 8 0.185614
372 1.75922e+13 2.40776e+10 4935.66 44 10.9092 7 0.17249
373 2.74878e+11 2.24306e+09 2770.61 38 10.0146 5 0.163936
374 2.19902e+12 5.27702e+09 3931.8 41 10.8213 6 0.173334
375 2.19902e+12 5.32404e+09 5213.58 41 10.8838 7 0.171986
376 5.49756e+11 3.19757e+09 5710.03 39 11.6367 7 0.17956
377 4.39805e+12 9.40552e+09 7236.2 42 11.7871 8 0.182505
378 1.09951e+12 5.06322e+09 3950.42 40 11.1934 6 0.176406
379 5.49756e+11 2.79567e+09 5533.32 39 11.3965 7 0.179588
380 2.19902e+12 6.36917e+09 5723.94 41 11.2568 7 0.178037
381 1.09951e+12 3.2772e+09 6292.15 40 11.6592 8 0.184245
382 2.19902e+12 4.20122e+09 5470.78 41 11.3945 7 0.181826
383 2.74878e+11 4.94057e+09 8489.39 38 12.6455 9 0.19809
384 1.09951e+12 6.02964e+09 7021.28 40 12.1992 8 0.193097
385 4.39805e+12 1.10147e+10 7285.66 42 12.0537 8 0.184518
386 4.39805e+12 1.04717e+10 7226.23 42 12.2646 8 0.190726
387 2.19902e+12 9.85858e+09 9430.66 41 12.9111 9 0.198472
388 1.75922e+13 2.85275e+10 8693.38 44 12.5088 9 0.196827
389 7.03687e+13 8.65932e+10 19188.5 46 14.7686 12 0.225372
390 3.51844e+13 5.58493e+10 19529.4 45 15.0498 12 0.229194
391 4.39805e+12 2.34571e+10 19918.9 42 15.0107 12 0.232494
392 8.79609e+12 1.81027e+10 35043 43 15.0381 14 0.232121
393 8.79609e+12 1.82572e+10 36000.1 43 15.4346 14 0.239219
394 4.39805e+12 2.50765e+10 35043 42 15.5078 14 0.236766
395 1.75922e+13 6.53341e+10 21549.2 44 14.6377 12 0.225855
396 3.51844e+13 5.45903e+10 25308.4 45 14.877 13 0.236898
397 4.39805e+12 1.83866e+10 26831.4 42 14.6172 13 0.22845
398 1.75922e+13 3.73224e+10 20108.7 44 14.4307 12 0.225872
399 1.40737e+14 1.61126e+11 17522.7 47 13.9756 12 0.216127
400 8.79609e+12 3.01893e+10 37279.8 43 15.8398 14 0.244735
401 8.79609e+12 2.79287e+10 38737.3 43 15.2891 14 0.239073
402 3.51844e+13 5.71091e+10 36714.4 45 15.3096 14 0.236151
403 4.39805e+12 1.74715e+10 26414 42 14.5498 13 0.223021
404 2.19902e+12 1.82048e+10 20567.8 41 14.4277 12 0.223296
405 8.79609e+12 2.41694e+10 27444 43 14.7461 13 0.23033
406 1.75922e+13 4.87492e+10 25069.5 44 14.6152 13 0.225929
407 7.03687e+13 1.70418e+11 37101.6 46 15.2383 14 0.235213
408 4.39805e+12 1.76565e+10 26613.2 42 14.8506 13 0.230651
409 1.40737e+14 1.64356e+11 26809.7 47 14.7676 13 0.225679
410 1.40737e+14 3.32528e+11 20258.1 47 14.5615 12 0.219567
411 3.51844e+13 1.1488e+11 19784 45 14.7178 12 0.2273
412 3.51844e+13 7.97291e+10 27024.8 45 14.8555 13 0.233581
413 1.75922e+13 4.14709e+10 26613.2 44 14.627 13 0.228995
414 8.79609e+12 3.18298e+10 36583.8 43 15.2354 14 0.237463
415 1.75922e+13 7.28157e+10 26212.1 44 14.8887 13 0.230032
416 3.51844e+13 7.34131e+10 36107.3 45 15.3857 14 0.237878
417 1.75922e+13 5.97447e+10 19025.2 44 14.1445 12 0.221121
418 4.39805e+12 3.35948e+10 19489.7 42 14.3184 12 0.223187
419 2.19902e+12 2.13538e+10 17656.3 41 13.6807 12 0.212933
420 4.39805e+12 2.5203e+10 14665.2 42 13.3643 11 0.213449
421 8.79609e+12 3.95498e+10 15648.5 43 13.7695 11 0.2122
422 8.79609e+12 3.37435e+10 15869.4 43 13.752 11 0.211881
423 8.79609e+12 3.46814e+10 25473.9 43 14.5166 13 0.226199
424 7.03687e+13 1.14559e+11 27361.3 46 14.4941 13 0.226778
425 3.51844e+13 8.79675e+10 52724.4 45 15.7109 15 0.242372
426 7.03687e+13 1.24213e+11 48174.6 46 16.1191 15 0.248324
427 2.81475e+14 3.39519e+11 19289.7 48 14.6758 12 0.226948
428 3.51844e+13 7.7658e+10 13530.5 45 13.7471 11 0.213531
429 7.03687e+13 1.61079e+11 13780 46 13.1943 11 0.202275
430 1.1259e+15 1.15091e+12 12169.4 50 13.3916 10 0.206065
431 7.03687e+13 9.30224e+10 12400.9 46 13.6572 10 0.208485
432 1.1259e+15 1.17241e+12 19208.8 50 14.6904 12 0.222368
433 8.79609e+12 4.04857e+10 53456 43 15.5928 15 0.24128
434 3.51844e+13 8.38112e+10 34452.9 45 14.5244 14 0.227614
435 8.79609e+12 9.01423e+10 35730.2 43 14.5586 14 0.22706
436 7.03687e+13 1.58924e+11 37127.1 46 14.8594 14 0.229012
437 2.81475e+14 4.19479e+11 55027.1 48 15.6221 15 0.245832
438 3.51844e+13 1.24238e+11 36844.3 45 15.3789 14 0.233855
439 3.51844e+13 1.18037e+11 21053.2 45 14.209 12 0.214882
440 7.03687e+13 1.31407e+11 26458.5 46 14.251 13 0.220825
441 4.39805e+12 5.88076e+10 57551.4 42 16.21 15 0.246316
442 7.03687e+13 1.45091e+11 57497 46 16.541 15 0.250698
443 3.51844e+13 1.20959e+11 56032.3 45 16.1582 15 0.247132
444 7.03687e+13 2.39982e+11 39236.9 46 16.1484 14 0.242334
445 7.20576e+16 7.04801e+13 39543.8 56 15.7578 14 0.245817
446 2.81475e+14 5.44212e+11 27382.1 48 15.0352 13 0.232144
447 2.81475e+14 7.51879e+11 24583.6 48 14.6133 13 0.225358
448 3.51844e+13 1.94003e+11 26436.2 45 15.1904 13 0.234438
449 1.40737e+14 5.35685e+11 37178.2 47 15.9355 14 0.24574
450 5.6295e+14 1.0122e+12 26007.6 49 15.3135 13 0.233454
451 7.03687e+13 1.86222e+11 37705.8 46 16.0166 14 0.249402
452 2.81475e+14 4.07276e+11 26369.3 48 15.3721 13 0.238537
453 5.6295e+14 7.81964e+11 36134 49 15.3955 14 0.241915
454 5.6295e+14 8.42421e+11 36636.1 49 15.9932 14 0.250246
455 2.81475e+14 8.99129e+11 19588.6 48 14.5098 12 0.231008
456 1.40737e+14 6.11758e+11 14358.5 47 14.2227 11 0.223813
457 2.81475e+14 7.07287e+11 12440.7 48 13.7266 10 0.218523
458 2.81475e+14 7.29151e+11 25332.1 48 14.75 13 0.227694
459 1.40737e+14 4.99723e+11 14629.5 47 13.9736 11 0.220498
460 2.81475e+14 9.14245e+11 12360.8 48 13.7969 10 0.216174
461 4.5036e+15 4.60113e+12 15759.9 52 14.1826 11 0.223131
462 1.40737e+14 3.64232e+11 36107.3 47 15.3418 14 0.238562
463 1.1259e+15 1.51924e+12 19608.3 50 14.5723 12 0.225084
464 1.40737e+14 3.88208e+11 27526 47 15.0938 13 0.228042
465 2.81475e+14 3.66254e+11 15437.3 48 14.4629 11 0.227015
466 2.2518e+15 2.64206e+12 58911.7 51 16.3691 15 0.251335
467 1.40737e+14 5.23869e+11 38266.1 47 16.1025 14 0.249678
468 1.40737e+14 3.97162e+11 25260.8 47 15.4209 13 0.238674
469 2.2518e+15 3.69668e+12 36870.1 51 15.542 14 0.241611
470 1.1259e+15 1.9864e+12 292458 50 18.2393 18 0.276814
471 7.03687e+13 4.27789e+11 297136 46 18.4072 18 0.281111
472 2.81475e+14 1.01072e+12 295937 48 18.7598 18 0.283481
473 2.81475e+14 1.13588e+12 162216 48 18.335 17 0.274868
474 2.81475e+14 1.01933e+12 560759 48 18.9248 19 0.280035
475 1.80144e+16 1.8694e+13 565712 54 19.291 19 0.284401
476 1.1259e+15 2.40481e+12 560759 50 19.1787 19 0.278278
477 5.6295e+14 1.52084e+12 94495.4 49 17.9648 16 0.26476
478 2.2518e+15 4.01798e+12 296278 51 18.625 18 0.274827
479 1.80144e+16 1.91994e+13 297721 54 18.8311 18 0.276072
480 5.6295e+14 2.23046e+12 293713 49 18.5498 18 0.273433
481 1.80144e+16 1.91961e+13 162485 54 18.043 17 0.265258
482 2.2518e+15 3.19987e+12 298719 51 19.1572 18 0.275923
483 5.76461e+17 5.66192e+14 297539 59 18.3672 18 0.266145
484 2.2518e+15 6.07137e+12 162012 51 18.2666 17 0.264499
485 4.5036e+15 9.211e+12 94840.9 52 17.8896 16 0.259935
486 9.0072e+15 2.28821e+13 163635 53 18.584 17 0.270187
487 2.2518e+15 5.42044e+12 159397 51 18.1064 17 0.259673
488 1.80144e+16 2.60336e+13 160373 54 18.3906 17 0.265427
489 2.81475e+14 1.03858e+12 561390 48 19.3584 19 0.279221
490 9.0072e+15 1.39955e+13 158137 53 17.7275 17 0.25977
491 1.1259e+15 4.3425e+12 295517 50 18.7598 18 0.273652
492 7.20576e+16 7.77069e+13 161324 56 18.7939 17 0.273442
493 3.60288e+16 6.00123e+13 298188 55 19.3076 18 0.281074
494 5.6295e+14 3.2387e+12 296467 49 19.2803 18 0.280598
495 1.44115e+17 2.02379e+14 161910 57 18.666 17 0.273996
496 2.81475e+14 1.4442e+12 292826 48 18.9404 18 0.277774
497 4.5036e+15 9.4168e+12 297246 52 19.3789 18 0.284891
498 4.5036e+15 8.15979e+12 564610 52 19.9854 19 0.291591
499 1.80144e+16 2.83277e+13 161324 54 18.3223 17 0.268448
500 2.2518e+15 7.98845e+12 1.09338e+06 51 20.6484 20 0.30025
501 3.60288e+16 5.45519e+13 561888 55 19.8916 19 0.288638
502 4.5036e+15 1.17637e+13 1.09477e+06 52 21.1172 20 0.30883
503 4.5036e+15 1.80719e+13 2.14352e+06 52 21.5439 21 0.316634
504 9.0072e+15 2.7374e+13 1.09115e+06 53 20.7129 20 0.304441
505 1.15292e+18 1.14895e+15 1.08955e+06 60 20.8857 20 0.31251
506 3.60288e+16 5.34224e+13 1.09517e+06 55 21.0234 20 0.30944
507 9.0072e+15 1.88974e+13 298366 53 19.5859 18 0.290303
508 1.1259e+15 4.13766e+12 56521.3 50 18.459 15 0.273588
509 1.80144e+16 3.08686e+13 296988 54 19.6533 18 0.289295
510 7.3787e+19 7.20615e+16 162148 66 19.1475 17 0.280381
511 1.80144e+16 3.05487e+13 8.44592e+06 54 22.9258 23 0.341857
512 1.15292e+18 1.17319e+15 2.1429e+06 60 20.9082 21 0.311589
513 5.76461e+17 5.80315e+14 1.08845e+06 59 20.3691 20 0.30394
514 4.5036e+15 1.05784e+13 161773 52 18.2139 17 0.269435
515 3.60288e+16 9.33594e+13 562464 55 19.8818 19 0.299119
516 9.0072e+15 2.78784e+13 2.13974e+06 53 20.8984 21 0.315524
517 2.8823e+17 3.19111e+14 4.24742e+06 58 22.0742 22 0.334809
518 1.15292e+18 1.17103e+15 2.14765e+06 60 22.1846 21 0.331025
519 3.60288e+16 6.34904e+13 1.68224e+07 55 23.0137 24 0.345862
520 7.20576e+16 9.77873e+13 1.68364e+07 56 22.8887 24 0.34976
521 2.8823e+17 6.50081e+14 8.44479e+06 58 22.3682 23 0.339459
522 3.68935e+19 3.62514e+16 6.71831e+07 65 24.0723 26 0.364867
523 9.0072e+15 3.30556e+13 4.24329e+06 53 21.9385 22 0.332246
524 1.80144e+16 5.74064e+13 1.68424e+07 54 22.542 24 0.342687
525 5.76461e+17 6.13864e+14 4.24391e+06 59 22.2822 22 0.342042
526 1.15292e+18 1.14291e+15 2.14475e+06 60 21.5879 21 0.325566
527 4.5036e+15 1.7857e+13 1.0912e+06 52 21.2354 20 0.322601
528 7.20576e+16 1.52446e+14 562870 56 20.417 19 0.31318
529 1.80144e+16 4.50591e+13 8.44549e+06 54 22.5146 23 0.344221
530 2.2518e+15 1.09145e+13 3.36138e+07 51 22.9746 25 0.351707
531 1.44115e+17 1.92766e+14 4.24546e+06 57 22.2314 22 0.336767
532 7.20576e+16 9.23782e+13 3.36187e+07 56 23.3145 25 0.356483
533 1.44115e+17 2.97475e+14 3.36193e+07 57 23.3623 25 0.355083
534 1.80144e+16 4.46937e+13 1.68357e+07 54 22.9443 24 0.351592
535 3.60288e+16 7.76743e+13 1.68354e+07 55 23.0039 24 0.349622
536 2.8823e+17 5.00924e+14 8.43633e+06 58 22.957 23 0.352522
537 1.44115e+17 2.70894e+14 1.68324e+07 57 23.2949 24 0.354969
538 1.44115e+17 3.8294e+14 1.68354e+07 57 23.8418 24 0.35737
539 7.20576e+16 1.56287e+14 3.362e+07 56 23.9902 25 0.363995
540 2.30584e+18 2.87041e+15 6.71774e+07 61 24.7451 26 0.37817
541 1.44115e+17 2.8236e+14 6.71785e+07 57 24.4668 26 0.369943
542 2.8823e+17 9.48435e+14 8.44571e+06 58 23.5605 23 0.353655
543 7.20576e+16 2.71476e+14 8.44828e+06 56 23.1357 23 0.347937
544 5.76461e+17 1.04093e+15 4.24602e+06 59 22.3164 22 0.335807
545 3.60288e+16 1.57541e+14 8.44331e+06 55 23.3252 23 0.352722
546 5.76461e+17 8.48566e+14 1.09219e+06 59 21.5176 20 0.325291
547 2.8823e+17 4.57243e+14 4.24164e+06 58 22.4854 22 0.337322
548 7.20576e+16 2.69009e+14 2.14134e+06 56 22.0947 21 0.333379
549 1.84467e+19 1.8235e+16 4.23857e+06 64 22.4668 22 0.338107
550 1.84467e+19 1.87898e+16 8.44533e+06 64 23.2441 23 0.350211
551 1.44115e+17 4.24767e+14 8.4402e+06 57 23.4746 23 0.353097
552 4.61169e+18 5.3552e+15 557536 62 20.8799 19 0.316466
553 9.22337e+18 1.02414e+16 8.4414e+06 63 23.3975 23 0.351454
554 9.0072e+15 4.28493e+13 8.44889e+06 53 23.5576 23 0.357211
555 1.44115e+17 2.28167e+14 2.14685e+06 57 22.7324 21 0.342908
556 5.76461e+17 6.96332e+14 4.23716e+06 59 22.3848 22 0.334425
557 1.44115e+17 2.88623e+14 8.4475e+06 57 23.9941 23 0.359759
558 9.0072e+15 3.75412e+13 1.09258e+06 53 21.5176 20 0.328224
559 1.80144e+16 6.39399e+13 1.08132e+06 54 20.668 20 0.316527
560 3.60288e+16 6.10678e+13 4.23728e+06 55 21.4824 22 0.322884
561 7.20576e+16 1.67274e+14 2.13392e+06 56 21.4473 21 0.324197
562 3.60288e+16 1.05915e+14 1.08682e+06 55 21.373 20 0.324625
563 3.68935e+19 3.72297e+16 2.14522e+06 65 22.042 21 0.337136
564 3.60288e+16 1.01439e+14 4.24033e+06 55 22.123 22 0.336436
565 9.0072e+15 4.1656e+13 2.1428e+06 53 21.6084 21 0.330935
566 1.80144e+16 5.59354e+13 2.13675e+06 54 21.5957 21 0.324973
567 1.80144e+16 3.6128e+13 296278 54 19.6348 18 0.303318
568 5.76461e+17 8.81438e+14 4.23756e+06 59 21.8232 22 0.334996
569 1.44115e+17 2.30245e+14 2.14367e+06 57 21.502 21 0.331312
570 1.44115e+17 1.80561e+14 2.14348e+06 57 21.8076 21 0.333895
571 5.76461e+17 6.61728e+14 1.68322e+07 59 22.8613 24 0.346215
572 3.60288e+16 7.55342e+13 4.23935e+06 55 21.6904 22 0.327704
573 2.8823e+17 5.22969e+14 1.09432e+06 58 21.5186 20 0.326037
574 2.8823e+17 3.19394e+14 8.44724e+06 58 22.4854 23 0.338014
575 7.20576e+16 1.00323e+14 1.68376e+07 56 23.3545 24 0.349031
576 4.61169e+18 4.55465e+15 1.68353e+07 62 22.4531 24 0.338056
577 7.20576e+16 1.65471e+14 4.24365e+06 56 22.9287 22 0.348548
578 1.80144e+16 4.5612e+13 2.14324e+06 54 21.9941 21 0.329178
579 1.15292e+18 1.17826e+15 562748 60 20.5449 19 0.316635
580 9.22337e+18 9.13462e+15 4.23984e+06 63 22.9932 22 0.355106
581 3.60288e+16 1.31264e+14 6.71779e+07 55 24.9297 26 0.372177
582 2.8823e+17 3.31175e+14 3.36157e+07 58 23.9219 25 0.356564
583 1.80144e+16 5.73495e+13 4.23896e+06 54 21.4756 22 0.327367
584 7.20576e+16 1.77487e+14 4.24072e+06 56 21.6748 22 0.326381
585 5.76461e+17 6.67047e+14 1.68343e+07 59 23.1123 24 0.342628
586 2.8823e+17 3.75787e+14 1.68385e+07 58 22.6973 24 0.331947
587 1.80144e+16 4.36106e+13 8.44186e+06 54 22.0713 23 0.325044
588 1.80144e+16 7.3658e+13 8.44275e+06 54 22.2754 23 0.330309
589 1.15292e+18 1.3065e+15 4.23923e+06 60 21.582 22 0.31861
590 5.76461e+17 6.09406e+14 1.09287e+06 59 21.2646 20 0.312252
591 1.47574e+20 1.44359e+17 4.24281e+06 67 22.2402 22 0.323532
592 1.80144e+16 7.16204e+13 2.14144e+06 54 21.6592 21 0.312445
593 1.80144e+16 4.64199e+13 2.14498e+06 54 21.7295 21 0.313203
594 4.61169e+18 6.95611e+15 4.24632e+06 62 21.9355 22 0.323166
595 1.84467e+19 1.83022e+16 1.09224e+06 64 21.083 20 0.302199
596 2.8823e+17 3.0241e+14 2.14438e+06 58 21.6504 21 0.30934
597 9.0072e+15 4.62586e+13 8.44823e+06 53 22.6689 23 0.32299
598 3.60288e+16 5.09652e+13 4.24657e+06 55 21.6787 22 0.308046
599 2.8823e+17 4.15214e+14 1.68341e+07 58 23.0176 24 0.330429
600 5.76461e+17 6.40751e+14 2.14094e+06 59 21.6133 21 0.305846
601 1.44115e+17 1.8655e+14 1.0895e+06 57 20.3242 20 0.29843
602 2.8823e+17 6.00166e+14 562870 58 20.5938 19 0.301359
603 2.8823e+17 3.80879e+14 1.09258e+06 58 21.1768 20 0.306532
604 2.8823e+17 3.01335e+14 297466 58 19.8418 18 0.285677
605 3.60288e+16 7.82214e+13 560462 55 20.3506 19 0.297786
606 9.0072e+15 4.23501e+13 4.24249e+06 53 22.002 22 0.322367
607 1.44115e+17 1.86336e+14 561971 57 20.5576 19 0.30796
608 1.80144e+16 4.15931e+13 1.09254e+06 54 20.7031 20 0.305312
609 1.80144e+16 5.01271e+13 4.23762e+06 54 21.2461 22 0.312186
610 1.44115e+17 3.53312e+14 2.14549e+06 57 21.6543 21 0.320335
611 9.0072e+15 3.89705e+13 1.09509e+06 53 21.1055 20 0.312322
612 9.22337e+18 9.07073e+15 2.14343e+06 63 21.3477 21 0.312857
613 2.8823e+17 3.89262e+14 1.68394e+07 58 23.6445 24 0.34145
614 5.76461e+17 6.67147e+14 3.36194e+07 59 24.4473 25 0.359834
615 5.76461e+17 6.65899e+14 3.36156e+07 59 24.0225 25 0.348163
616 7.20576e+16 1.34962e+14 1.34294e+08 56 25.1836 27 0.365624
617 5.76461e+17 9.32782e+14 3.362e+07 59 23.9854 25 0.349905
618 1.47574e+20 1.44196e+17 6.71797e+07 67 23.7695 26 0.35034
619 9.0072e+15 3.24706e+13 3.36176e+07 53 23.6523 25 0.347113
620 2.8823e+17 5.30705e+14 3.36254e+07 58 24.5342 25 0.357891
621 4.61169e+18 6.82551e+15 1.68377e+07 62 23.3896 24 0.346271
622 2.30584e+18 2.50768e+15 6.71779e+07 61 25.0146 26 0.36662
623 1.47574e+20 1.45229e+17 4.24761e+06 67 22.4404 22 0.327647
624 1.84467e+19 1.84746e+16 1.68413e+07 64 23.6689 24 0.346891
625 5.76461e+17 1.79581e+15 4.24302e+06 59 21.9307 22 0.321807
626 1.44115e+17 2.67697e+14 2.14014e+06 57 20.749 21 0.303608
627 1.44115e+17 2.2722e+14 8.44463e+06 57 22.5176 23 0.326054
628 2.30584e+18 2.97476e+15 8.44608e+06 61 22.3301 23 0.328258
629 2.30584e+18 2.46805e+15 559518 61 20.4385 19 0.303753
630 1.15292e+18 2.35108e+15 162918 60 19.5859 17 0.291186
631 4.61169e+18 9.07606e+15 1.08696e+06 62 20.9033 20 0.308172
632 2.8823e+17 4.0814e+14 1.09058e+06 58 20.7197 20 0.313113
633 2.30584e+18 3.32251e+15 2.14207e+06 61 21.79 21 0.334483
634 1.15292e+18 1.97671e+15 4.24815e+06 60 22.5723 22 0.339837
635 1.15292e+18 1.37834e+15 4.24207e+06 60 22.0566 22 0.339952
636 3.68935e+19 3.61915e+16 1.68316e+07 65 23.2383 24 0.362118
637 7.20576e+16 1.49677e+14 8.44452e+06 56 22.5645 23 0.343733
638 2.95148e+20 2.89232e+17 4.24174e+06 68 21.6104 22 0.330517
639 4.61169e+18 1.03371e+16 8.44812e+06 62 23.8633 23 0.379136
640 3.68935e+19 4.755e+16 3.36157e+07 65 24.7656 25 0.394805
641 1.84467e+19 1.86854e+16 3.36159e+07 64 24.3682 25 0.378911
642 4.61169e+18 6.64663e+15 1.34285e+08 62 25.9072 27 0.404842
643 5.76461e+17 1.96857e+15 1.34288e+08 59 25.5518 27 0.399826
644 2.30584e+18 3.31462e+15 6.71753e+07 61 25.0234 26 0.394693
645 9.22337e+18 1.86077e+16 6.71827e+07 63 25.0498 26 0.397892
646 1.44115e+17 6.76886e+14 3.36126e+07 57 24.2314 25 0.380405
647 1.88895e+22 1.84571e+19 3.36183e+07 74 24.7617 25 0.395041
648 1.84467e+19 3.08656e+16 3.36187e+07 64 24.1816 25 0.381747
649 2.8823e+17 8.46717e+14 8.43997e+06 58 22.5342 23 0.349631
650 2.30584e+18 3.96019e+15 1.68402e+07 61 23.4531 24 0.363514
651 2.8823e+17 4.22913e+14 4.24707e+06 58 22.2969 22 0.350299
652 4.61169e+18 4.57646e+15 4.23857e+06 62 21.4102 22 0.337963
653 9.22337e+18 1.07168e+16 1.68377e+07 63 22.9512 24 0.354224
654 2.30584e+18 2.51757e+15 3.36139e+07 61 23.6553 25 0.359879
655 3.68935e+19 3.90834e+16 1.68363e+07 65 23.248 24 0.355469
656 7.3787e+19 7.41382e+16 4.24217e+06 66 22.9111 22 0.345376
657 5.90296e+20 5.87254e+17 1.34293e+08 69 25.7881 27 0.400991
658 1.47574e+20 1.45585e+17 2.6851e+08 67 25.5781 28 0.393116
659 1.15292e+18 3.16015e+15 2.14757e+09 60 27.998 31 0.436691
660 5.90296e+20 5.93518e+17 1.34297e+08 69 25.7676 27 0.409347
661 9.44473e+21 9.22389e+18 3.3609e+07 73 23.875 25 0.36615
662 4.61169e+18 7.13509e+15 6.71729e+07 62 25.1104 26 0.400347
663 4.61169e+18 7.21457e+15 6.7182e+07 62 25.4824 26 0.394708
664 1.84467e+19 4.43297e+16 1.34293e+08 64 25.5762 27 0.401254
665 1.84467e+19 1.93421e+16 3.36085e+07 64 23.6104 25 0.371914
666 2.8823e+17 7.82368e+14 6.71769e+07 58 24.7949 26 0.38859
667 9.22337e+18 1.00036e+16 8.44236e+06 63 22.8584 23 0.36536
668 2.30584e+18 2.91875e+15 4.24697e+06 61 22.7139 22 0.358645
669 1.84467e+19 2.60041e+16 3.36183e+07 64 24.5479 25 0.386715
670 9.22337e+18 9.69053e+15 6.7172e+07 63 24.7559 26 0.383851
671 2.8823e+17 1.54348e+15 6.71801e+07 58 26.0537 26 0.4147
672 4.61169e+18 7.64105e+15 1.68289e+07 62 23.3926 24 0.372558
673 1.15292e+18 4.84008e+15 3.36219e+07 60 25.624 25 0.407975
674 4.61169e+18 8.30232e+15 3.36107e+07 62 24.8887 25 0.399952
675 7.3787e+19 7.25697e+16 6.7172e+07 66 25.4326 26 0.408037
676 1.15292e+18 5.52367e+15 1.34291e+08 60 27.4248 27 0.443029
677 2.30584e+18 7.18806e+15 6.71795e+07 61 26.2422 26 0.424255
678 3.68935e+19 4.03392e+16 1.34293e+08 65 27.0811 27 0.43658
679 1.44115e+17 6.75658e+14 1.34279e+08 57 26.4834 27 0.431815
680 4.61169e+18 5.72118e+15 6.71781e+07 62 25.8867 26 0.41495
681 5.76461e+17 8.63177e+14 3.36055e+07 59 24.6826 25 0.396935
682 1.15292e+18 1.25254e+15 3.36109e+07 60 24.2783 25 0.387586
683 2.95148e+20 3.61887e+17 6.718e+07 68 26.1924 26 0.41915
684 1.47574e+20 1.85851e+17 2.68512e+08 67 27.376 28 0.432295
685 2.8823e+17 1.53218e+15 3.36126e+07 58 24.9375 25 0.395648
686 2.30584e+18 6.05088e+15 6.71827e+07 61 26.3945 26 0.420585
687 4.61169e+18 7.41251e+15 1.34286e+08 62 25.8096 27 0.409218
688 1.84467e+19 3.37102e+16 2.68518e+08 64 27.6191 28 0.434877
689 4.61169e+18 1.48168e+16 2.68516e+08 62 26.7295 28 0.424802
690 2.30584e+18 1.0681e+16 2.6851e+08 61 26.5859 28 0.427452
691 2.95148e+20 3.69787e+17 5.3695e+08 68 27.6006 29 0.443842
692 1.84467e+19 5.37417e+16 1.34283e+08 64 26.3291 27 0.42133
693 1.47574e+20 1.92888e+17 6.71783e+07 67 25.6543 26 0.414383
694 4.72237e+21 4.94679e+18 2.14758e+09 72 28.8672 31 0.469878
695 9.22337e+18 2.13543e+16 4.29505e+09 63 29.2168 32 0.471881
696 9.22337e+18 2.72039e+16 5.36947e+08 63 27.6113 29 0.444526
697 7.3787e+19 8.85876e+16 2.68509e+08 66 27.2939 28 0.442623
698 3.68935e+19 7.26082e+16 2.68511e+08 65 27.7617 28 0.450246
699 2.95148e+20 3.17511e+17 6.71797e+07 68 26.5703 26 0.430233
700 9.22337e+18 2.0256e+16 2.14758e+09 63 28.874 31 0.467989
701 9.22337e+18 2.15255e+16 1.34292e+08 63 26.7031 27 0.437097
702 1.84467e+19 3.23203e+16 5.36958e+08 64 28.2812 29 0.459561
703 5.90296e+20 6.16831e+17 4.29507e+09 69 29.168 32 0.47276
704 1.47574e+20 2.02655e+17 3.36222e+07 67 26.0332 25 0.422653
705 2.30584e+18 9.73533e+15 2.68514e+08 61 27.3418 28 0.447329
706 1.18059e+21 1.39829e+18 3.36179e+07 70 26.2041 25 0.429416
707 4.61169e+18 2.41292e+16 5.3696e+08 62 27.9795 29 0.452235
708 1.18059e+21 1.38682e+18 5.36954e+08 70 27.084 29 0.436127
709 3.68935e+19 5.30807e+16 5.36959e+08 65 27.2969 29 0.434134
710 7.3787e+19 1.41107e+17 2.14757e+09 66 28.6025 31 0.458912
711 2.95148e+20 3.10969e+17 6.71749e+07 68 25.9424 26 0.420997
712 2.36118e+21 3.09913e+18 5.36952e+08 71 27.5244 29 0.44804
713 3.02231e+23 2.96194e+20 2.14756e+09 78 28.3184 31 0.462959
714 1.47574e+20 3.98012e+17 1.07384e+09 67 28.8203 30 0.462518
715 4.72237e+21 4.80259e+18 1.07382e+09 72 28.4922 30 0.463816
716 1.88895e+22 2.86189e+19 2.68511e+08 74 27.1826 28 0.44714
717 9.44473e+21 1.3904e+19 6.71781e+07 73 25.5664 26 0.421665
718 4.8357e+24 4.72399e+21 1.34277e+08 82 25.3711 27 0.411979
719 3.77789e+22 3.809e+19 2.68519e+08 75 27.9541 28 0.461986
720 2.36118e+21 3.45986e+18 1.07382e+09 71 28.6621 30 0.475949
721 1.20893e+24 1.18328e+21 5.36946e+08 80 28.0488 29 0.466413
722 3.77789e+22 7.58053e+19 4.24001e+06 75 24.5869 22 0.41199
723 1.18059e+21 2.61515e+18 5.36939e+08 70 28.5273 29 0.477557
724 9.44473e+21 1.07737e+19 6.71809e+07 73 26.8535 26 0.449749
725 1.88895e+22 4.34798e+19 5.3694e+08 74 27.3379 29 0.459364
726 1.20893e+24 1.51167e+21 2.68504e+08 80 26.917 28 0.453409
727 4.72237e+21 9.11138e+18 1.07382e+09 72 28.0791 30 0.476059
728 2.36118e+21 3.97788e+18 1.34291e+08 71 26.2939 27 0.444823
729 1.18059e+21 3.93319e+18 1.34287e+08 70 25.8418 27 0.43796
730 9.44473e+21 1.86184e+19 1.34293e+08 73 26.6709 27 0.44394
731 1.88895e+22 1.89264e+19 5.36955e+08 74 28.0918 29 0.48051
732 7.55579e+22 1.31759e+20 4.24839e+06 76 24.8027 22 0.421576
733 2.36118e+21 4.26418e+18 2.13862e+06 71 24.1592 21 0.406484
734 1.88895e+22 4.14148e+19 1.68327e+07 74 25.2324 24 0.423812
735 1.20893e+24 1.19317e+21 6.71726e+07 80 26.4346 26 0.448621
736 7.55579e+22 9.03693e+19 8.59003e+09 76 31.0732 33 0.538108
737 6.1897e+26 6.04478e+23 5.36958e+08 89 28.7686 29 0.49137
738 1.20893e+24 1.26406e+21 1.718e+10 80 32.1904 34 0.555084
739 1.93428e+25 1.90398e+22 2.14757e+09 84 29.6475 31 0.515305
740 2.36118e+21 8.7821e+18 5.36949e+08 71 27.7939 29 0.489325
741 7.55579e+22 1.235e+20 1.34297e+08 76 27.166 27 0.472746
742 3.09485e+26 3.02364e+23 1.34286e+08 88 27.8652 27 0.489911
743 1.88895e+22 4.86148e+19 8.59003e+09 74 30.9951 33 0.530897
744 4.8357e+24 6.30717e+21 4.29504e+09 82 30.0732 32 0.520276
745 6.04463e+23 6.87821e+20 1.718e+10 79 31.3662 34 0.538487
746 9.67141e+24 9.75983e+21 5.36955e+08 83 28.6074 29 0.490341
747 9.44473e+21 1.08458e+19 1.34292e+08 73 27.8018 27 0.476849
748 7.55579e+22 7.92088e+19 5.36947e+08 76 28.4375 29 0.481946
749 3.02231e+23 3.03613e+20 1.07383e+09 78 29.3145 30 0.495134
750 4.72237e+21 1.03893e+19 2.68502e+08 72 27.3965 28 0.465571
751 1.88895e+22 2.75495e+19 5.36956e+08 74 28.3604 29 0.482126
752 3.02231e+23 6.03598e+20 1.34294e+08 78 27.9248 27 0.476703
753 5.90296e+20 1.25641e+18 1.34283e+08 69 26.8105 27 0.452847
754 2.41785e+24 2.52674e+21 1.34294e+08 81 27.1758 27 0.456649
755 1.88895e+22 3.0928e+19 5.36948e+08 74 28.5508 29 0.489315
756 3.09485e+26 3.1168e+23 1.07382e+09 88 28.7793 30 0.486509
757 9.67141e+24 9.45112e+21 1.34278e+08 83 27.4785 27 0.471744
758 3.02231e+23 3.05793e+20 1.34283e+08 78 27.0635 27 0.465171
759 9.44473e+21 2.90642e+19 5.36944e+08 73 27.7256 29 0.475287
760 2.41785e+24 2.36136e+21 6.71702e+07 81 25.9482 26 0.438888
761 5.90296e+20 8.41742e+17 5.36957e+08 69 27.7158 29 0.468958
762 1.88895e+22 1.90205e+19 1.34289e+08 74 26.4375 27 0.441437
763 3.77789e+22 3.7736e+19 2.68515e+08 75 27.4258 28 0.457876
764 2.36118e+21 2.6627e+18 5.36934e+08 71 27.5264 29 0.457627
765 4.72237e+21 6.10359e+18 3.36185e+07 72 24.9453 25 0.421481
766 1.88895e+22 4.76465e+19 3.36179e+07 74 25.2861 25 0.438292
767 2.36118e+21 2.71284e+18 4.24055e+06 71 23.4873 22 0.402328
768 2.36118e+21 4.6885e+18 6.71741e+07 71 25.0654 26 0.415343
769 3.77789e+22 3.70543e+19 2.14064e+06 75 22.7598 21 0.386368
770 3.86856e+25 3.77793e+22 1.09258e+06 85 22.3281 20 0.376425
771 2.95148e+20 5.48373e+17 2.68505e+08 68 26.7373 28 0.442969
772 7.55579e+22 7.44636e+19 3.36135e+07 76 24.1514 25 0.409064
773 9.44473e+21 9.64746e+18 1.34289e+08 73 26.4404 27 0.443629
774 3.02231e+23 3.14469e+20 1.07383e+09 78 28.4365 30 0.470568
775 2.95148e+20 7.29864e+17 8.59003e+09 68 30.7949 33 0.512222
776 2.36118e+21 3.00717e+18 2.68516e+08 71 27.9795 28 0.455057
777 1.18059e+21 1.95296e+18 5.36953e+08 70 29.1289 29 0.474158
778 2.95148e+20 6.41421e+17 5.36953e+08 68 28.1123 29 0.461693
779 2.36118e+21 2.50251e+18 6.71805e+07 71 26.5518 26 0.433334
780 5.90296e+20 7.40361e+17 2.68512e+08 69 27.5781 28 0.460738
781 4.72237e+21 5.55793e+18 1.3429e+08 72 27.1641 27 0.453249
782 3.02231e+23 3.04709e+20 1.68296e+07 78 24.9814 24 0.418635
783 5.90296e+20 9.59373e+17 8.44359e+06 69 24.2539 23 0.404524
784 1.47574e+20 2.69303e+17 4.2435e+06 67 23.249 22 0.38857
785 2.36118e+21 3.02859e+18 1.08142e+06 71 22.0576 20 0.367656
786 3.77789e+22 3.71584e+19 1.68345e+07 75 24.3721 24 0.410031
787 1.47574e+20 3.21001e+17 1.68283e+07 67 23.6738 24 0.398253
788 2.36118e+21 2.41131e+18 8.44571e+06 71 24.1816 23 0.411131
789 7.3787e+19 1.51871e+17 2.14178e+06 66 22.5654 21 0.379289
790 2.36118e+21 2.43732e+18 1.09089e+06 71 22.2041 20 0.369
791 2.36118e+21 2.93349e+18 2.14044e+06 71 22.1836 21 0.370797
792 9.44473e+21 9.53142e+18 1.0908e+06 73 21.5703 20 0.360776
793 9.44473e+21 9.25774e+18 1.68331e+07 73 24.46 24 0.416391
794 2.95148e+20 4.79912e+17 3.3612e+07 68 25.0898 25 0.427707
795 3.68935e+19 7.41019e+16 1.68326e+07 65 24.4434 24 0.414221
796 3.68935e+19 8.27681e+16 1.08308e+06 65 22.293 20 0.385913
797 2.36118e+21 2.47418e+18 2.13841e+06 71 23.001 21 0.401329
798 1.47574e+20 3.10037e+17 1.08757e+06 67 22.7266 20 0.405803
799 3.77789e+22 3.9289e+19 297973 75 21.7334 18 0.38587
800 1.88895e+22 1.91934e+19 2.14222e+06 74 23.7666 21 0.413356
801 5.90296e+20 1.88323e+18 1.09224e+06 69 23.7891 20 0.423851
802 6.04463e+23 5.90919e+20 296316 79 22.2852 18 0.396502
803 4.72237e+21 7.33383e+18 561138 72 23.0312 19 0.415157
804 2.95148e+20 7.83044e+17 287604 68 21.6846 18 0.393801
805 7.3787e+19 1.7804e+17 1.08485e+06 66 22.9404 20 0.413613
806 1.88895e+22 1.95542e+19 297721 74 21.9316 18 0.389443
807 7.3787e+19 2.07811e+17 2.13084e+06 66 23.3418 21 0.410764
808 1.47574e+20 3.72804e+17 293513 67 22.1191 18 0.395905
809 1.84467e+19 6.41076e+16 2.14069e+06 64 23.1836 21 0.408078
810 1.88895e+22 1.93338e+19 1.08914e+06 74 23.4961 20 0.415507
811 5.90296e+20 1.43761e+18 4.23973e+06 69 24.1953 22 0.427702
812 5.90296e+20 1.93379e+18 2.143e+06 69 24.0674 21 0.417689
813 1.51116e+23 1.47841e+20 293952 77 21.1758 18 0.37703
814 2.95148e+20 4.21468e+17 2.13953e+06 68 23.1475 21 0.412312
815 9.44473e+21 2.12864e+19 1.08567e+06 73 22.6787 20 0.412818
816 5.90296e+20 6.87639e+17 286180 69 20.8994 18 0.377307
817 9.44473e+21 1.51758e+19 93025 73 20.665 16 0.36533
818 1.84467e+19 2.21026e+16 89766.5 64 19.0586 16 0.340944
819 2.36118e+21 3.25789e+18 557982 71 22.0381 19 0.393553
820 4.72237e+21 7.32801e+18 294309 72 21.3164 18 0.38568
821 2.95148e+20 4.24833e+17 1.08864e+06 68 22.793 20 0.401793
822 1.88895e+22 1.84884e+19 293069 74 21.1465 18 0.377885
823 4.72237e+21 4.97473e+18 159906 72 20.8369 17 0.372331
824 1.93428e+25 1.88895e+22 14100.2 84 16.4482 11 0.300938
825 2.95148e+20 4.72424e+17 291882 68 21.4629 18 0.393044
826 1.47574e+20 3.6835e+17 154640 67 20.0967 17 0.36675
827 2.95148e+20 7.92901e+17 32884.7 68 17.6172 14 0.321842
828 2.95148e+20 4.13437e+17 159287 68 19.8154 17 0.362588
829 7.3787e+19 2.13531e+17 93117.6 66 19.5605 16 0.358662
830 9.22337e+18 3.83899e+16 89216.9 63 18.8799 16 0.344082
831 2.36118e+21 3.50349e+18 36214 71 17.6494 14 0.329176
832 2.36118e+21 2.83707e+18 89251.4 71 18.6816 16 0.341747
833 5.90296e+20 7.00105e+17 557982 69 21.3213 19 0.400348
834 2.95148e+20 4.30225e+17 157683 68 20.5762 17 0.388114
835 3.68935e+19 1.27595e+17 564571 65 21.9355 19 0.406928
836 1.47574e+20 1.84423e+17 560462 67 21.6748 19 0.407386
837 2.95148e+20 3.38641e+17 289949 68 21.1162 18 0.397972
838 1.18059e+21 2.62556e+18 157797 70 20.9893 17 0.406657
839 9.44473e+21 9.36348e+18 154680 73 20.2686 17 0.395739
840 2.95148e+20 5.51169e+17 48033.7 68 18.0723 15 0.367857
841 5.90296e+20 1.414e+18 153996 69 19.8857 17 0.387508
842 1.18059e+21 1.20414e+18 160086 70 20.2627 17 0.391475
843 9.44473e+21 1.48012e+19 156221 73 20.5879 17 0.399679
844 5.90296e+20 8.24946e+17 155515 69 19.8877 17 0.388341
845 2.41785e+24 2.36137e+21 32616.6 81 18.957 14 0.370735
846 1.88895e+22 2.45938e+19 288743 74 21.2783 18 0.413704
847 1.47574e+20 2.9235e+17 156143 67 20.3438 17 0.39541
848 1.47574e+20 2.98767e+17 289520 67 21.0967 18 0.405927
849 1.18059e+21 1.32463e+18 92113.4 70 20.1592 16 0.386697
850 5.90296e+20 1.32617e+18 49047.9 69 19.0703 15 0.371147
851 1.20893e+24 1.18155e+21 53203.1 80 18.9531 15 0.372482
852 3.09485e+26 3.0225e+23 24485.1 88 17.5586 13 0.353823
853 2.95148e+20 4.40654e+17 34110.6 68 17.8896 14 0.354714
854 1.18059e+21 1.32963e+18 85923.9 70 18.7266 16 0.367482
855 9.44473e+21 1.40769e+19 91824.7 73 20.127 16 0.392889
856 2.36118e+21 4.39782e+18 82661 71 19.5264 16 0.374809
857 1.18059e+21 1.64516e+18 52240 70 19.041 15 0.374326
858 2.41785e+24 2.36236e+21 35675.8 81 19.041 14 0.377021
859 1.20893e+24 1.18596e+21 88308.6 80 19.6152 16 0.387287
860 2.36118e+21 2.84637e+18 555400 71 22.6377 19 0.432766
861 2.41785e+24 2.37358e+21 290797 81 22.1562 18 0.427051
862 2.36118e+21 4.87038e+18 290839 71 21.835 18 0.414762
863 1.88895e+22 2.37609e+19 286628 74 20.9355 18 0.397808
864 1.88895e+22 2.2571e+19 23478.2 74 17.9844 13 0.342606
865 7.3787e+19 2.08447e+17 91889.1 66 20.3389 16 0.387362
866 2.95148e+20 6.5588e+17 154800 68 20.5293 17 0.394429
867 1.47574e+20 5.40958e+17 157226 67 20.8838 17 0.407382
868 9.67141e+24 9.45604e+21 150853 83 20.6982 17 0.393464
869 7.55579e+22 7.41705e+19 88974.2 76 20.4219 16 0.399494
870 4.72237e+21 1.2242e+19 161115 72 21.3779 17 0.417329
871 2.95148e+20 6.2934e+17 162619 68 21.6113 17 0.41606
872 1.88895e+22 1.94996e+19 158623 74 21.1924 17 0.40028
873 1.23794e+27 1.21131e+24 160974 90 21.7959 17 0.418614
874 4.72237e+21 1.17919e+19 34903.5 72 19.8955 14 0.383628
875 2.36118e+21 4.94425e+18 53707.2 71 19.8398 15 0.389004
876 1.20893e+24 1.182e+21 85701.7 80 20 16 0.391223
877 1.88895e+22 2.113e+19 37152.7 74 19.5654 14 0.38081
878 2.36118e+21 4.52517e+18 89492.6 71 20.2461 16 0.397776
879 5.90296e+20 8.21962e+17 35784.4 69 18.1035 14 0.348766
880 7.92282e+28 7.73713e+25 159725 96 20.6348 17 0.395377
881 7.92282e+28 7.73713e+25 289434 96 20.8418 18 0.407139
882 1.88895e+22 1.92435e+19 549766 74 21.7979 19 0.408672
883 2.36118e+21 4.32842e+18 1.08682e+06 71 23.7988 20 0.442209
884 1.18059e+21 1.9558e+18 292212 70 21.7451 18 0.404088
885 3.02231e+23 2.96405e+20 290204 78 21.0625 18 0.397293
886 1.47574e+20 5.42211e+17 291550 67 22.0195 18 0.401083
887 5.90296e+20 9.7044e+17 295555 69 21.71 18 0.397294
888 1.88895e+22 2.29636e+19 294309 74 22.2217 18 0.409777
889 7.3787e+19 2.36573e+17 158734 66 21.5439 17 0.40859
890 9.44473e+21 9.55664e+18 88414.3 73 20.207 16 0.381337
891 3.68935e+19 1.31946e+17 36531.3 65 18.7803 14 0.362023
892 7.73713e+25 7.55961e+22 32256.3 86 18.8887 14 0.365025
893 2.36118e+21 3.8086e+18 84842.4 71 19.6152 16 0.380561
894 3.77789e+22 4.05449e+19 18714.1 75 17.6553 12 0.347504
895 5.90296e+20 8.28006e+17 32436.9 69 17.9434 14 0.345469
896 3.77789e+22 4.87289e+19 25308.4 75 18.2852 13 0.345283
897 9.67141e+24 1.00368e+22 23580.7 83 17.9609 13 0.347137
898 1.18059e+21 1.42025e+18 15712.4 70 16.5664 12 0.318482
899 1.18059e+21 2.74615e+18 14486.5 70 16.8613 12 0.321042
900 2.95148e+20 3.85816e+17 13119.4 68 17.3486 11 0.335261
901 1.18059e+21 2.94891e+18 15056.3 70 17.1309 12 0.330139
902 1.88895e+22 2.03466e+19 10900.4 74 16.1445 10 0.315195
903 9.67141e+24 1.00404e+22 23580.7 83 18.2881 13 0.361898
904 3.86856e+25 3.77816e+22 16587.5 85 17.6436 12 0.349878
905 3.02231e+23 3.12136e+20 17275.5 78 17.3672 12 0.354346
906 4.8357e+24 4.72748e+21 24036.9 82 17.9336 13 0.356423
907 2.95148e+20 5.20527e+17 33032.8 68 17.8691 14 0.361428
908 2.36118e+21 2.88116e+18 15832.3 71 16.5391 12 0.337297
909 1.18059e+21 1.44266e+18 16259.7 70 16.041 12 0.318802
910 2.36118e+21 2.9667e+18 22776.8 71 16.4141 13 0.321216
911 1.18059e+21 1.45021e+18 13059.8 70 16.5332 11 0.327529
912 6.04463e+23 5.94656e+20 13336 79 17.625 11 0.346035
913 1.54743e+26 1.51131e+23 22353.4 87 19.4561 13 0.383714
914 2.36118e+21 3.74346e+18 32256.3 71 20.4609 14 0.402451
915 2.41785e+24 2.4414e+21 26007.6 81 19.7773 13 0.38372
916 3.02231e+23 3.40627e+20 55147.2 78 21.8848 15 0.423445
917 6.04463e+23 6.00247e+20 52595.8 79 21.1855 15 0.404151
918 6.04463e+23 5.97631e+20 90409.6 79 21.6045 16 0.412452
919 4.95176e+27 4.83812e+24 87454.2 92 21.1152 16 0.40604
920 4.72237e+21 7.72808e+18 11210.7 72 17.4619 11 0.343499
921 7.73713e+25 7.5586e+22 36346.8 86 19.5166 14 0.379214
922 9.44473e+21 1.11182e+19 87705 73 20.1904 16 0.390529
923 1.20893e+24 1.19973e+21 19568.9 80 17.4482 12 0.342778
924 7.55579e+22 7.71658e+19 156221 76 20.9678 17 0.397956
925 1.51116e+23 1.48565e+20 1.08591e+06 77 21.7061 20 0.408479
926 6.04463e+23 5.97017e+20 56378.4 79 20.4541 15 0.390676
927 4.72237e+21 4.87915e+18 153631 72 20.543 17 0.386996
928 4.72237e+21 9.24927e+18 31094.5 72 19.6475 14 0.372457
929 2.95148e+20 4.14502e+17 24632.7 68 19.001 13 0.361667
930 4.72237e+21 7.09433e+18 21843.2 72 19.0801 13 0.363772
931 2.36118e+21 2.95819e+18 19785.8 71 18.6592 13 0.356747
932 4.72237e+21 5.1486e+18 24706.1 72 18.5254 13 0.350854
933 3.77789e+22 3.74264e+19 14611.2 75 17.0596 12 0.323721
934 1.20893e+24 1.21831e+21 34931.5 80 18.3945 14 0.362088
935 2.36118e+21 4.99048e+18 35292.4 71 18.8975 14 0.364963
936 5.90296e+20 1.23812e+18 33851.5 69 18.4258 14 0.362079
937 7.55579e+22 7.41216e+19 23401.1 76 17.833 13 0.342279
938 9.44473e+21 9.26373e+18 18714.1 73 15.3945 12 0.290199
939 3.77789e+22 3.82589e+19 12617.4 75 15.1377 11 0.291028
940 2.95148e+20 3.40809e+17 19045.7 68 16.5605 12 0.325051
941 9.44473e+21 1.39359e+19 13020 73 15.8115 11 0.311417
942 3.77789e+22 5.63671e+19 11649.1 75 15.5859 10 0.302399
943 6.04463e+23 5.93377e+20 16306.8 79 15.9854 12 0.311123
944 7.55579e+22 1.02085e+20 15374 76 16.2822 12 0.328207
945 6.04463e+23 1.20444e+21 16772.9 79 17.6582 12 0.355539
946 2.95148e+20 4.63784e+17 17722.8 68 16.6172 12 0.326833
947 7.73713e+25 9.45957e+22 22803.1 86 17.248 13 0.345414
948 7.55579e+22 1.04293e+20 30029.3 76 18.1621 14 0.35162
949 9.44473e+21 1.90773e+19 11986 73 16.002 10 0.310836
950 3.77789e+22 4.34551e+19 14449.5 75 17.0156 11 0.328721
951 4.8357e+24 5.63466e+21 37681 82 19.0039 14 0.365651
952 6.04463e+23 6.18099e+20 160480 79 21.4688 17 0.396431
953 3.02231e+23 4.2652e+20 154840 78 21.6191 17 0.40339
954 2.36118e+21 3.93073e+18 158734 71 21.2373 17 0.39653
955 6.04463e+23 7.17352e+20 88273.3 79 21.2168 16 0.401136
956 2.41785e+24 2.38351e+21 92682.7 81 21.3926 16 0.399945
957 2.95148e+20 8.46933e+17 91985.4 68 21.0967 16 0.398371
958 1.88895e+22 2.56733e+19 157111 74 21.0918 17 0.397421
959 3.86856e+25 3.78962e+22 159725 85 21.9648 17 0.418227
960 3.02231e+23 2.99501e+20 293992 78 23.1973 18 0.437314
961 3.02231e+23 3.13121e+20 152566 78 22.7334 17 0.435715
962 3.02231e+23 6.35507e+20 91272.2 78 21.4131 16 0.41412
963 3.86856e+25 3.94778e+22 31063.5 85 20.7725 14 0.405294
964 1.51116e+23 2.10811e+20 35539.5 77 20.8594 14 0.393937
965 4.72237e+21 6.58253e+18 36452.4 72 20.6758 14 0.395528
966 1.51116e+23 1.63249e+20 34650.9 77 20.4551 14 0.39693
967 1.51116e+23 2.6412e+20 290289 77 22.8359 18 0.438884
968 1.20893e+24 1.26549e+21 32135.5 80 20.3799 14 0.397246
969 3.02231e+23 9.60866e+20 288656 78 23.3535 18 0.448899
970 1.88895e+22 3.78795e+19 561096 74 24.5127 19 0.467292
971 1.88895e+22 1.99318e+19 2.13327e+06 74 24.7363 21 0.467356
972 3.77789e+22 6.61732e+19 553768 75 23.6426 19 0.451883
973 6.04463e+23 5.93344e+20 162485 79 22.752 17 0.428635
974 1.23794e+27 1.21367e+24 551476 90 23.9395 19 0.470054
975 3.02231e+23 6.28455e+20 289176 78 22.6514 18 0.45452
976 1.9807e+28 1.99473e+25 153915 94 21.7305 17 0.435086
977 3.09485e+26 3.07112e+23 291550 88 22.8594 18 0.45732
978 1.20893e+24 1.49913e+21 287251 80 21.7402 18 0.439103
979 9.44473e+21 1.1749e+19 90409.6 73 20.9814 16 0.42178
980 4.72237e+21 8.16516e+18 90677.2 72 20.6133 16 0.417348
981 1.93428e+25 1.97761e+22 46642.5 84 18.9717 15 0.383674
982 3.77789e+22 7.58806e+19 286493 75 21.1279 18 0.417186
983 1.51116e+23 2.25122e+20 83280.5 77 19.7002 16 0.387003
984 3.02231e+23 3.75025e+20 158324 78 20.3008 17 0.398598
985 7.92282e+28 7.73713e+25 34959.4 96 18.8545 14 0.375259
986 7.55579e+22 7.86255e+19 158511 76 21.3779 17 0.420113
987 4.72237e+21 6.07983e+18 35347.5 72 17.9766 14 0.35895
988 7.55579e+22 8.32574e+19 35919.4 76 18.9316 14 0.381534
989 3.77789e+22 8.44858e+19 25450.3 75 18.3906 13 0.372692
990 1.88895e+22 2.80889e+19 56663.2 74 18.1074 15 0.364288
991 3.86856e+25 3.78558e+22 155119 85 20.3994 17 0.405506
992 7.92282e+28 7.74114e+25 550454 96 21.999 19 0.438135
993 9.90352e+27 9.67357e+24 1.08091e+06 93 23.0898 20 0.459362
994 3.02231e+23 4.49125e+20 1.07922e+06 78 23.373 20 0.471543
995 3.86856e+25 3.79438e+22 2.12733e+06 85 23.7725 21 0.474015
996 1.51116e+23 1.77406e+20 1.08456e+06 77 23.9629 20 0.480655
997 1.54743e+26 1.53124e+23 1.07932e+06 87 22.6816 20 0.455111
998 3.86856e+25 4.02226e+22 2.13564e+06 85 24.1074 21 0.477079
999 4.8357e+24 8.53298e+21 8.43681e+06 82 25.9521 23 0.510739
1000 1.51116e+23 3.99748e+20 8.43905e+06 77 26.1855 23 0.512917
1001 2.47588e+27 2.57371e+24 2.13569e+06 91 25.127 21 0.488832
1002 3.77789e+22 7.94911e+19 8.43579e+06 75 25.3564 23 0.491677
1003 1.88895e+22 1.05873e+20 8.43156e+06 74 25.7842 23 0.497051
1004 7.55579e+22 8.05469e+19 4.23654e+06 76 24.834 22 0.48402
1005 2.47588e+27 2.42263e+24 8.43292e+06 91 25.4434 23 0.490071
1006 1.54743e+26 1.56573e+23 560844 87 23.9668 19 0.4631
1007 3.02231e+23 3.70339e+20 2.12531e+06 78 23.8213 21 0.456889
1008 1.88895e+22 2.18404e+19 160515 74 21.584 17 0.419159
1009 3.77789e+22 3.90848e+19 87990 75 20.2646 16 0.397827
1010 7.55579e+22 1.78404e+20 293472 76 22.2168 18 0.425029
1011 7.73713e+25 7.56006e+22 557715 86 22.7666 19 0.437136
1012 1.88895e+22 2.63769e+19 1.08682e+06 74 23.6982 20 0.45123
1013 1.51116e+23 3.52835e+20 290162 77 22.1826 18 0.425257
1014 1.23794e+27 1.20893e+24 559170 90 22.127 19 0.411375
1015 3.77789e+22 7.7471e+19 91239.4 75 20.0029 16 0.381598
1016 2.41785e+24 2.36274e+21 89251.4 81 19.7676 16 0.372242
1017 4.95176e+27 4.83573e+24 88238 92 19.2734 16 0.364098
1018 1.20893e+24 1.27019e+21 293673 80 21.4082 18 0.401559
1019 4.8357e+24 4.73676e+21 290374 82 21.2891 18 0.404266
1020 1.88895e+22 2.60824e+19 555998 74 21.834 19 0.412965
1021 9.67141e+24 9.46136e+21 156996 83 20.7051 17 0.395784
1022 1.51116e+23 1.61729e+20 159834 77 20.6494 17 0.394391
1023 5.90296e+20 1.13656e+18 157835 69 19.6084 17 0.371672
1024 1.88895e+22 2.51714e+19 155159 74 19.3828 17 0.37684
1025 3.02231e+23 5.99757e+20 87310.4 78 18.5469 16 0.355995
1026 9.90352e+27 9.67141e+24 558292 93 21.6797 19 0.411507
1027 3.77789e+22 5.84549e+19 1.08766e+06 75 22.8447 20 0.433884
1028 7.92282e+28 7.73964e+25 4.23745e+06 96 24.0859 22 0.45648
1029 3.77789e+22 8.01568e+19 4.23319e+06 75 23.709 22 0.452724
1030 4.95176e+27 4.87395e+24 4.24131e+06 92 23.915 22 0.454782
1031 7.73713e+25 7.68003e+22 1.08495e+06 86 23.1816 20 0.446107
1032 3.77789e+22 4.56772e+19 559949 75 22.7754 19 0.442713
1033 7.55579e+22 9.09898e+19 293872 76 21.6133 18 0.41928
1034 1.51116e+23 1.77496e+20 554938 77 21.5156 19 0.414297
1035 2.41785e+24 2.67023e+21 1.08117e+06 81 23.3623 20 0.454584
1036 1.93428e+25 2.13297e+22 4.23129e+06 84 24.5234 22 0.47943
1037 9.44473e+21 2.02624e+19 1.07859e+06 73 22.292 20 0.437087
1038 2.36118e+21 2.92736e+18 1.08132e+06 71 22.7295 20 0.448357
1039 3.86856e+25 3.78087e+22 1.08538e+06 85 24.1328 20 0.471477
1040 3.02231e+23 6.38477e+20 1.08323e+06 78 23.1484 20 0.45424
1041 6.04463e+23 6.56685e+20 551379 79 23.1172 19 0.460371
1042 3.02231e+23 3.51721e+20 4.22997e+06 78 24.5527 22 0.482964
1043 3.02231e+23 4.6702e+20 4.24255e+06 78 24.7617 22 0.478578
1044 2.41785e+24 2.37393e+21 1.08629e+06 81 22.8926 20 0.441974
1045 1.23794e+27 1.20898e+24 8.43518e+06 90 24.749 23 0.474202
1046 4.8357e+24 5.92547e+21 3.36056e+07 82 26.1221 25 0.483238
1047 1.51116e+23 2.62316e+20 8.43817e+06 77 25.2725 23 0.467868
1048 9.44473e+21 2.26224e+19 3.36114e+07 73 25.624 25 0.478421
1049 6.1897e+26 6.04809e+23 2.13553e+06 89 23.5508 21 0.43737
1050 1.51116e+23 1.61423e+20 1.34277e+08 77 26.7441 27 0.499768
1051 3.09485e+26 3.02236e+23 293231 88 22.623 18 0.428557
1052 9.67141e+24 9.64389e+21 6.7164e+07 83 26.8369 26 0.505548
1053 1.20893e+24 1.32719e+21 2.68495e+08 80 28.4219 28 0.529248
1054 7.73713e+25 1.13345e+23 1.68357e+07 86 25.6885 24 0.477934
1055 7.55579e+22 8.92533e+19 8.43746e+06 76 24.793 23 0.457321
1056 3.86856e+25 3.80913e+22 1.6829e+07 85 25.7158 24 0.479341
1057 3.09485e+26 3.02337e+23 3.36141e+07 88 26.3311 25 0.488283
1058 3.86856e+25 6.87333e+22 2.68495e+08 85 28.6445 28 0.547315
1059 4.8357e+24 7.92675e+21 6.71687e+07 82 27.748 26 0.522033
1060 3.09485e+26 3.03026e+23 8.44353e+06 88 25.9004 23 0.495967
1061 1.54743e+26 1.51365e+23 3.36061e+07 87 26.9619 25 0.510693
1062 9.67141e+24 1.01921e+22 8.43657e+06 83 27.2119 23 0.51374
1063 1.51116e+23 3.27879e+20 1.08258e+06 77 25.0186 20 0.47829
1064 2.41785e+24 2.79031e+21 1.68365e+07 81 27.001 24 0.513249
1065 7.73713e+25 7.55828e+22 6.71662e+07 86 27.584 26 0.528251
1066 3.02231e+23 5.60976e+20 2.68508e+08 78 28.9072 28 0.55774
1067 7.92282e+28 7.74097e+25 3.36009e+07 96 26.958 25 0.517836
1068 2.41785e+24 3.15811e+21 1.3428e+08 81 28.5977 27 0.542101
1069 9.67141e+24 9.47509e+21 3.36101e+07 83 26.668 25 0.507413
1070 4.95176e+27 4.8373e+24 6.71654e+07 92 26.9297 26 0.521856
1071 1.93428e+25 1.89949e+22 8.44078e+06 84 26.8154 23 0.517279
1072 9.44473e+21 1.67899e+19 4.23093e+06 73 26.4912 22 0.512525
1073 9.67141e+24 1.18718e+22 3.36108e+07 83 27.8975 25 0.538722
1074 9.90352e+27 9.69045e+24 2.68499e+08 93 29.9434 28 0.571958
1075 1.51116e+23 5.43332e+20 2.68505e+08 77 28.7363 28 0.557563
1076 2.41785e+24 2.64417e+21 2.68495e+08 81 29.5596 28 0.568676
1077 1.51116e+23 1.9734e+20 1.07381e+09 77 30.3848 30 0.58627
1078 4.8357e+24 5.56981e+21 6.71741e+07 82 28.5098 26 0.549487
1079 4.8357e+24 7.83302e+21 3.35861e+07 82 26.7324 25 0.516784
1080 7.92282e+28 7.73744e+25 1.34278e+08 96 28.3848 27 0.549323
1081 1.93428e+25 2.48906e+22 3.36083e+07 84 26.3486 25 0.510891
1082 4.8357e+24 4.75147e+21 3.3611e+07 82 25.957 25 0.507406
1083 1.51116e+23 3.14376e+20 4.23716e+06 77 25.5176 22 0.498752
1084 9.67141e+24 9.46074e+21 1.68316e+07 83 26.1377 24 0.512124
1085 1.88895e+22 5.2613e+19 2.12583e+06 74 24.0459 21 0.477707
1086 3.02231e+23 3.29817e+20 1.68176e+07 78 25.7686 24 0.512952
1087 4.95176e+27 4.83586e+24 6.71674e+07 92 27.5947 26 0.548001
1088 7.73713e+25 8.10887e+22 1.34268e+08 86 27.9658 27 0.554886
1089 1.51116e+23 3.38271e+20 4.24164e+06 77 25.4043 22 0.498441
1090 3.02231e+23 3.84645e+20 3.36067e+07 78 26.625 25 0.519651
1091 2.41785e+24 2.68527e+21 1.08524e+06 81 24.3115 20 0.468815
1092 3.02231e+23 4.56636e+20 8.43716e+06 78 26.0342 23 0.513647
1093 1.51116e+23 1.68758e+20 1.07843e+06 77 23.3545 20 0.464848
1094 3.02231e+23 3.02517e+20 6.71625e+07 78 26.9795 26 0.525099
1095 1.88895e+22 4.01151e+19 4.23248e+06 74 24.5869 22 0.485755
1096 1.51116e+23 4.02268e+20 4.24066e+06 77 24.7686 22 0.484319
1097 7.92282e+28 7.73716e+25 1.34271e+08 96 27.9326 27 0.541215
1098 4.8357e+24 4.77466e+21 1.68334e+07 82 25.9385 24 0.51089
1099 2.41785e+24 2.52304e+21 1.34269e+08 81 27.8252 27 0.541206
1100 7.73713e+25 8.29011e+22 2.14755e+09 86 31.2617 31 0.593022
1101 3.02231e+23 4.3855e+20 1.34285e+08 78 28.5527 27 0.555712
1102 6.04463e+23 7.10972e+20 3.36054e+07 79 26.1289 25 0.507772
1103 7.55579e+22 2.00605e+20 3.36122e+07 76 26.2715 25 0.516928
1104 3.09485e+26 3.22458e+23 8.43439e+06 88 24.5156 23 0.487801
1105 3.77789e+22 1.25733e+20 6.71684e+07 75 27.3379 26 0.541461
1106 7.73713e+25 7.59247e+22 1.68167e+07 86 24.5166 24 0.485865
1107 1.23794e+27 1.20909e+24 4.22544e+06 90 24.4287 22 0.490594
1108 2.41785e+24 2.54504e+21 1.68214e+07 81 23.9502 24 0.479473
1109 4.8357e+24 4.7451e+21 559170 82 21.6719 19 0.434744
1110 3.09485e+26 3.06968e+23 1.08543e+06 88 22.2871 20 0.447685
1111 1.20893e+24 1.45957e+21 2.68504e+08 80 28.9863 28 0.556541
1112 1.93428e+25 1.96452e+22 1.0738e+09 84 30.8086 30 0.584287
1113 7.92282e+28 7.73719e+25 6.7175e+07 96 27.9219 26 0.535393
1114 4.95176e+27 4.83809e+24 4.29506e+09 92 31.6738 32 0.601366
1115 7.92282e+28 7.73725e+25 1.37439e+11 96 34.4414 37 0.651504
1116 2.41785e+24 5.13169e+21 6.87196e+10 81 34.6406 36 0.658216
1117 4.8357e+24 7.69162e+21 1.718e+10 82 33.4697 34 0.636293
1118 2.41785e+24 3.92493e+21 1.07382e+09 81 31.1982 30 0.596918
1119 3.77789e+22 6.19623e+19 1.34266e+08 75 28.0479 27 0.541231
1120 6.04463e+23 8.03317e+20 1.6837e+07 79 25.7812 24 0.494263
1121 1.51116e+23 3.02473e+20 2.14756e+09 77 30.9785 31 0.591293
1122 9.67141e+24 9.53339e+21 2.14757e+09 83 31.3506 31 0.599066
1123 1.23794e+27 1.24728e+24 8.59004e+09 90 32.54 33 0.620716
1124 9.90352e+27 1.04274e+25 1.718e+10 93 31.6611 34 0.599542
1125 7.92282e+28 7.74092e+25 8.59002e+09 96 32.1016 33 0.612647
1126 4.8357e+24 1.22433e+22 1.3429e+08 82 28.4961 27 0.54663
1127 1.51116e+23 1.77326e+20 5.36944e+08 77 29.3838 29 0.564402
1128 1.54743e+26 3.03188e+23 2.68494e+08 87 29.6162 28 0.572305
1129 2.47588e+27 3.62686e+24 6.71723e+07 91 27.9082 26 0.544316
1130 6.04463e+23 6.27462e+20 3.36145e+07 79 26.6914 25 0.516785
1131 3.02231e+23 3.2134e+20 4.23722e+06 78 25.3213 22 0.49053
1132 1.51116e+23 2.63617e+20 3.36146e+07 77 27.9922 25 0.540041
1133 3.86856e+25 3.79981e+22 8.42852e+06 85 26.1465 23 0.507571
1134 1.51116e+23 2.08381e+20 6.71703e+07 77 28.082 26 0.54235
1135 1.20893e+24 1.42353e+21 1.34284e+08 80 29.1504 27 0.563016
1136 3.02231e+23 7.87576e+20 2.68491e+08 78 29.043 28 0.562707
1137 2.47588e+27 2.42803e+24 1.34274e+08 91 28.2334 27 0.54752
1138 7.73713e+25 7.79816e+22 5.3693e+08 86 29.6045 29 0.579013
1139 9.44473e+21 3.57757e+19 1.34269e+08 73 28.585 27 0.561159
1140 7.55579e+22 9.12251e+19 1.68249e+07 76 27.1367 24 0.527127
1141 9.90352e+27 9.67684e+24 5.36939e+08 93 29.8975 29 0.576423
1142 1.20893e+24 1.61341e+21 1.34277e+08 80 29.1924 27 0.556589
1143 6.04463e+23 6.25661e+20 8.44106e+06 79 26.3115 23 0.50754
1144 3.77789e+22 9.6609e+19 1.68322e+07 75 27.3945 24 0.528643
1145 3.09485e+26 3.07001e+23 6.71671e+07 88 28.0127 26 0.537647
1146 1.51116e+23 3.18684e+20 2.14756e+09 77 31.0371 31 0.599312
1147 4.8357e+24 5.11089e+21 4.29505e+09 82 31.1748 32 0.604745
1148 9.67141e+24 9.74176e+21 4.29505e+09 83 30.3682 32 0.58801
1149 3.02231e+23 3.1222e+20 1.07381e+09 78 30.2812 30 0.590469
1150 1.20893e+24 1.49397e+21 1.07383e+09 80 30.9121 30 0.601983
1151 7.73713e+25 7.56229e+22 4.29504e+09 86 31.5801 32 0.613887
1152 7.92282e+28 7.73725e+25 3.36049e+07 96 27.7529 25 0.546016
1153 7.92282e+28 7.75235e+25 1.07382e+09 96 30.6465 30 0.597156
1154 6.1897e+26 6.05078e+23 1.34275e+08 89 28.5908 27 0.569305
1155 7.92282e+28 7.7376e+25 5.36946e+08 96 29.6797 29 0.580463
1156 3.02231e+23 3.05466e+20 3.35944e+07 78 26.8379 25 0.53384
1157 6.04463e+23 1.06482e+21 87202.2 79 20.6455 16 0.422611
1158 3.02231e+23 3.19541e+20 1.08495e+06 78 23.501 20 0.47857
1159 6.04463e+23 1.27635e+21 3.36073e+07 79 26.6113 25 0.532034
1160 1.93428e+25 1.92134e+22 6.71601e+07 84 27.2832 26 0.546817
1161 9.67141e+24 9.85978e+21 3.3602e+07 83 26.2031 25 0.524698
1162 7.92282e+28 7.7372e+25 288525 96 22.4258 18 0.458481
1163 1.18059e+21 2.01563e+18 152648 70 21.5771 17 0.445976
1164 3.77789e+22 6.00798e+19 558027 75 22.8145 19 0.464475
1165 4.8357e+24 4.73723e+21 2.13505e+06 82 23.5156 21 0.474959
1166 1.51116e+23 1.71966e+20 4.23728e+06 77 23.2021 22 0.463824
1167 4.72237e+21 9.70934e+18 6.71518e+07 72 26.4248 26 0.51555
1168 1.51116e+23 3.10226e+20 1.68262e+07 77 25.5586 24 0.498741
1169 3.77789e+22 5.74468e+19 1.68249e+07 75 25.5996 24 0.496616
1170 7.55579e+22 9.1734e+19 1.68324e+07 76 24.6484 24 0.476574
1171 1.51116e+23 2.24501e+20 24036.9 77 18.9131 13 0.377148
1172 3.96141e+28 3.86859e+25 4.23021e+06 95 24.2305 22 0.479898
1173 4.8357e+24 4.72801e+21 5.36943e+08 82 29.3594 29 0.566538
1174 3.77789e+22 1.60102e+20 4.29506e+09 75 31.2598 32 0.593319
1175 7.73713e+25 7.55758e+22 2.14756e+09 86 29.9688 31 0.567191
1176 7.55579e+22 1.52567e+20 2.14755e+09 76 31.2119 31 0.584691
1177 3.86856e+25 4.03721e+22 1.07381e+09 85 29.9736 30 0.570007
1178 4.8357e+24 4.87644e+21 2.14757e+09 82 30.5723 31 0.581337
1179 3.09485e+26 3.12051e+23 5.36941e+08 88 29.6221 29 0.572547
1180 2.41785e+24 2.63004e+21 5.36944e+08 81 30.1846 29 0.580554
1181 3.09485e+26 3.21955e+23 2.68497e+08 88 27.9834 28 0.535054
1182 4.72237e+21 1.69009e+19 5.36931e+08 72 29.6621 29 0.567474
1183 1.23794e+27 1.2091e+24 2.68492e+08 90 28.1309 28 0.533256
1184 6.04463e+23 7.7003e+20 4.29504e+09 79 31.2314 32 0.587654
1185 1.23794e+27 1.20916e+24 2.68485e+08 90 29.0713 28 0.550704
1186 1.93428e+25 1.89865e+22 1.07381e+09 84 30.1777 30 0.572286
1187 1.20893e+24 2.50111e+21 3.43598e+10 80 33.9785 35 0.645065
1188 4.72237e+21 2.2089e+19 1.07383e+09 72 29.873 30 0.573261
1189 1.51116e+23 1.9268e+20 1.34278e+08 77 28.1201 27 0.535981
1190 7.92282e+28 7.73761e+25 2.14756e+09 96 30.2881 31 0.572938
1191 3.77789e+22 8.65283e+19 2.14757e+09 75 31.248 31 0.599653
1192 3.09485e+26 3.02346e+23 4.29506e+09 88 31.3936 32 0.598204
1193 9.67141e+24 9.55285e+21 3.43598e+10 83 33.0889 35 0.636651
1194 3.77789e+22 1.66717e+20 8.59003e+09 75 31.752 33 0.614169
1195 4.72237e+21 1.59111e+19 5.36945e+08 72 29.8994 29 0.575345
1196 7.73713e+25 8.67933e+22 1.34286e+08 86 28.8564 27 0.553826
1197 7.92282e+28 1.54743e+26 2.14755e+09 96 30.8711 31 0.596406
1198 7.55579e+22 9.66918e+19 1.34274e+08 76 27.6875 27 0.541474
1199 6.04463e+23 6.4723e+20 2.68499e+08 79 28.5693 28 0.5579
1200 7.55579e+22 7.77507e+19 3.43598e+10 76 31.8232 35 0.604154
1201 3.09485e+26 3.02608e+23 3.43598e+10 88 32.6191 35 0.615809
1202 6.04463e+23 8.95137e+20 1.37439e+11 79 34.0479 37 0.651086
1203 7.55579e+22 1.23706e+20 2.74878e+11 76 34.7754 38 0.662923
1204 3.02231e+23 3.26647e+20 3.43599e+10 78 32.7383 35 0.623431
1205 1.20893e+24 1.27726e+21 3.43598e+10 80 33.1455 35 0.63516
1206 2.47588e+27 3.62683e+24 1.07382e+09 91 29.9375 30 0.58392
1207 6.04463e+23 8.43858e+20 2.14755e+09 79 31.0596 31 0.605159
1208 3.02231e+23 3.97943e+20 5.36938e+08 78 29.2881 29 0.57343
1209 4.95176e+27 7.25357e+24 2.68503e+08 92 29.4805 28 0.577824
1210 3.09485e+26 3.23401e+23 5.36941e+08 88 29.5176 29 0.571617
1211 7.55579e+22 9.56744e+19 1.34276e+08 76 28.0635 27 0.547474
1212 7.55579e+22 1.57787e+20 2.68519e+08 76 29.2881 28 0.566395
1213 6.04463e+23 1.2332e+21 1.07382e+09 79 29.3623 30 0.567406
1214 2.41785e+24 2.36519e+21 1.07381e+09 81 29 30 0.54916
1215 6.04463e+23 6.71748e+20 1.718e+10 79 31.5215 34 0.595276
1216 7.55579e+22 9.19416e+19 1.71799e+10 76 31.0859 34 0.59068
1217 2.47588e+27 3.10369e+24 3.43599e+10 91 33.168 35 0.6379
1218 9.90352e+27 1.02768e+25 2.14757e+09 93 30.6641 31 0.597121
1219 7.92282e+28 7.73902e+25 1.718e+10 96 32.1719 34 0.614527
1220 7.92282e+28 7.73719e+25 4.29506e+09 96 30.7744 32 0.605811
1221 1.23794e+27 1.20907e+24 2.14755e+09 90 30.4336 31 0.595767
1222 1.20893e+24 1.23877e+21 5.36933e+08 80 29.207 29 0.579591
1223 4.8357e+24 4.84094e+21 1.07382e+09 82 30.5293 30 0.591047
1224 1.20893e+24 1.35575e+21 5.36948e+08 80 29.1201 29 0.567861
1225 2.41785e+24 2.42506e+21 1.34268e+08 81 27.2725 27 0.542015
1226 1.54743e+26 1.51559e+23 2.68492e+08 87 28.9678 28 0.574099
1227 7.92282e+28 7.7447e+25 6.71605e+07 96 26.6826 26 0.540359
1228 1.9807e+28 1.96456e+25 8.43864e+06 94 24.7998 23 0.505042
1229 1.93428e+25 2.1525e+22 5.36946e+08 84 30.252 29 0.605831
1230 1.9807e+28 1.96831e+25 1.37439e+11 94 34.5645 37 0.677532
1231 1.23794e+27 1.20924e+24 5.49756e+11 90 35.6787 39 0.700998
1232 9.67141e+24 1.47614e+22 3.43598e+10 83 33.0889 35 0.651009
1233 1.23794e+27 1.28729e+24 2.14756e+09 90 29.3379 31 0.577917
1234 7.92282e+28 7.73858e+25 8.59001e+09 96 29.9736 33 0.588283
1235 2.47588e+27 2.49937e+24 8.59001e+09 91 32.4277 33 0.634792
1236 2.47588e+27 2.44425e+24 4.29504e+09 91 31.7529 32 0.621533
1237 7.92282e+28 1.55446e+26 1.0738e+09 96 31.8262 30 0.618538
1238 1.20893e+24 1.43926e+21 2.14756e+09 80 31.9502 31 0.623454
1239 1.54743e+26 1.51898e+23 4.29503e+09 87 31.9102 32 0.614136
1240 3.02231e+23 3.89215e+20 2.14756e+09 78 31.9346 31 0.626989
1241 1.20893e+24 1.42625e+21 1.718e+10 80 33.7285 34 0.659972
1242 9.67141e+24 1.96369e+22 3.43598e+10 83 34.7979 35 0.685724
1243 7.73713e+25 1.14156e+23 1.718e+10 86 33.8467 34 0.672081
1244 2.47588e+27 2.46305e+24 3.43598e+10 91 34.2637 35 0.685632
1245 6.1897e+26 6.45646e+23 8.59003e+09 89 33.3076 33 0.675559
1246 1.20893e+24 2.5292e+21 5.3694e+08 80 29.7598 29 0.601641
1247 7.73713e+25 1.76786e+23 2.14757e+09 86 31.4238 31 0.63994
1248 7.73713e+25 7.94578e+22 5.36933e+08 86 28.7627 29 0.580419
1249 7.92282e+28 1.18476e+26 3.43598e+10 96 33.9961 35 0.683891
1250 4.8357e+24 6.04235e+21 6.87196e+10 82 35.875 36 0.720152
1251 7.92282e+28 1.55968e+26 6.87196e+10 96 36 36 0.726013
1252 7.73713e+25 8.82025e+22 2.74878e+11 86 37.5508 38 0.755337
1253 3.96141e+28 3.87788e+25 1.718e+10 95 34.1211 34 0.693764
1254 7.92282e+28 1.54793e+26 8.59e+09 96 33.9121 33 0.680955
1255 9.90352e+27 9.78791e+24 6.87196e+10 93 35.8906 36 0.721552
1256 4.95176e+27 5.14997e+24 2.74878e+11 92 36.5811 38 0.747135
1257 1.9807e+28 2.41808e+25 3.43599e+10 94 35.1455 35 0.713552
1258 7.92282e+28 7.86995e+25 2.74878e+11 96 36.9365 38 0.749866
1259 7.92282e+28 7.76853e+25 1.37439e+11 96 36.9355 37 0.746495
1260 7.92282e+28 7.97897e+25 2.68488e+08 96 29.9053 28 0.61866
1261 7.92282e+28 9.18992e+25 6.87196e+10 96 35.0098 36 0.705038
1262 4.95176e+27 5.5307e+24 5.49756e+11 92 37.9619 39 0.767726
1263 1.54743e+26 1.53604e+23 5.36929e+08 87 30.3105 29 0.61445
1264 1.93428e+25 3.91905e+22 6.87196e+10 84 35.8496 36 0.722613
1265 7.92282e+28 1.54938e+26 6.87196e+10 96 35.4668 36 0.705232
1266 7.92282e+28 7.86268e+25 6.87196e+10 96 35.7402 36 0.710879
1267 7.92282e+28 8.10919e+25 6.87196e+10 96 35.1572 36 0.696853
1268 7.92282e+28 7.75229e+25 1.71799e+10 96 34.3164 34 0.695334
1269 1.93428e+25 4.68916e+22 2.74878e+11 84 37.1943 38 0.74975
1270 1.23794e+27 1.55991e+24 1.37439e+11 90 35.6211 37 0.723761
1271 1.93428e+25 2.79414e+22 1.718e+10 84 33.6104 34 0.684196
1272 3.86856e+25 6.26596e+22 2.74878e+11 85 36.8496 38 0.734172
1273 7.92282e+28 1.54901e+26 6.87196e+10 96 35.1758 36 0.712248
1274 7.92282e+28 1.25183e+26 5.49756e+11 96 37.8086 39 0.759292
1275 7.92282e+28 1.58985e+26 3.43598e+10 96 35.2354 35 0.704192
1276 7.92282e+28 8.22849e+25 1.37439e+11 96 36.3701 37 0.726693
1277 7.92282e+28 7.91932e+25 1.71799e+10 96 34.6602 34 0.691423
1278 7.92282e+28 7.79777e+25 8.59001e+09 96 33.8604 33 0.679887
1279 9.90352e+27 9.99249e+24 1.37439e+11 93 37.4326 37 0.751997
1280 3.09485e+26 3.26856e+23 6.87196e+10 88 35.6348 36 0.711415
1281 3.09485e+26 4.07948e+23 4.39805e+12 88 39.4375 42 0.782336
1282 7.92282e+28 2.32458e+26 1.09951e+12 96 38.6123 40 0.770837
1283 1.9807e+28 2.21115e+25 1.09951e+12 94 37.6211 40 0.743534
1284 3.09485e+26 3.54473e+23 1.09951e+12 88 38.2578 40 0.758827
1285 2.47588e+27 7.65726e+24 8.79609e+12 91 40.209 43 0.78957
1286 7.92282e+28 1.55547e+26 2.74878e+11 96 37.8896 38 0.750188
1287 7.92282e+28 1.56107e+26 1.718e+10 96 34.7773 34 0.689647
1288 4.95176e+27 4.98902e+24 1.718e+10 92 34.5137 34 0.679796
1289 1.93428e+25 2.30582e+22 8.59002e+09 84 33.3818 33 0.667368
1290 7.92282e+28 7.74612e+25 4.29505e+09 96 32.8359 32 0.653095
1291 2.47588e+27 2.42232e+24 2.14756e+09 91 33.1855 31 0.66265
1292 7.92282e+28 2.03781e+26 2.68505e+08 96 31.9219 28 0.651107
1293 7.92282e+28 7.76931e+25 1.34269e+08 96 29.835 27 0.609824
1294 7.92282e+28 8.71783e+25 6.87196e+10 96 35.291 36 0.699791
1295 7.92282e+28 7.79968e+25 3.43598e+10 96 35.3994 35 0.702998
1296 7.92282e+28 7.91937e+25 3.43598e+10 96 34.5723 35 0.69433
1297 1.93428e+25 2.38538e+22 4.29506e+09 84 32.5449 32 0.647926
1298 3.96141e+28 5.92847e+25 4.29502e+09 95 32.7148 32 0.65265
1299 2.47588e+27 2.43605e+24 5.36917e+08 91 30.6338 29 0.622775
1300 1.20893e+24 2.01356e+21 1.34284e+08 80 28.6357 27 0.575456
1301 3.86856e+25 6.68553e+22 3.3613e+07 85 27.9395 25 0.568305
1302 7.92282e+28 2.33323e+26 4.29504e+09 96 31.3105 32 0.62216
1303 4.8357e+24 5.59219e+21 8.59002e+09 82 32.5205 33 0.644013
1304 7.92282e+28 8.74219e+25 2.68506e+08 96 30.4688 28 0.612199
1305 4.8357e+24 1.02677e+22 1.68297e+07 82 27.0107 24 0.551526
1306 4.95176e+27 5.14183e+24 2.68478e+08 92 29.6973 28 0.594966
1307 7.73713e+25 8.09922e+22 5.36924e+08 86 30.5469 29 0.621844
1308 1.93428e+25 2.48521e+22 2.14755e+09 84 31.0742 31 0.622147
1309 7.92282e+28 7.73832e+25 8.59001e+09 96 31.7832 33 0.638125
1310 3.86856e+25 5.27516e+22 1.37439e+11 85 35.0957 37 0.694368
1311 7.92282e+28 7.73739e+25 1.37439e+11 96 35.335 37 0.700516
1312 7.92282e+28 1.54755e+26 1.37439e+11 96 34.6611 37 0.698051
1313 7.92282e+28 1.55982e+26 5.3693e+08 96 30.6992 29 0.624694
1314 3.86856e+25 4.00162e+22 1.34292e+08 85 29.501 27 0.602229
1315 9.90352e+27 9.67461e+24 1.68228e+07 93 26.9268 24 0.556234
1316 7.92282e+28 7.73944e+25 1.718e+10 96 33.7109 34 0.672731
1317 9.90352e+27 1.21513e+25 6.71652e+07 93 28.8633 26 0.588367
1318 7.73713e+25 1.04111e+23 1.0738e+09 86 30.5088 30 0.619522
1319 7.92282e+28 7.74114e+25 4.29501e+09 96 31.1035 32 0.63084
1320 1.20893e+24 2.40349e+21 5.3696e+08 80 30.25 29 0.615419
1321 9.67141e+24 1.19499e+22 1.718e+10 83 32.7021 34 0.654377
1322 3.86856e+25 6.36591e+22 6.87196e+10 85 34.5762 36 0.694554
1323 6.1897e+26 6.24079e+23 4.29504e+09 89 30.9619 32 0.618694
1324 3.86856e+25 4.38401e+22 6.87196e+10 85 34.2539 36 0.682201
1325 1.20893e+24 2.66251e+21 3.43598e+10 80 33.5342 35 0.662036
1326 7.92282e+28 7.90345e+25 6.87196e+10 96 34.2852 36 0.681671
1327 7.73713e+25 8.56686e+22 8.59001e+09 86 33.4385 33 0.676619
1328 3.09485e+26 4.06844e+23 1.718e+10 88 34.6924 34 0.70512
1329 2.47588e+27 3.70918e+24 1.718e+10 91 34.4658 34 0.699169
1330 1.54743e+26 3.14211e+23 8.59003e+09 87 34.0596 33 0.692756
1331 1.23794e+27 1.59794e+24 8.59003e+09 90 33.5576 33 0.676285
1332 1.54743e+26 2.37085e+23 2.74878e+11 87 34.4736 38 0.687394
1333 7.92282e+28 7.99056e+25 2.14754e+09 96 31.1211 31 0.623557
1334 9.67141e+24 1.73807e+22 8.59001e+09 83 32.4922 33 0.655166
1335 7.92282e+28 8.84126e+25 1.07382e+09 96 31.4541 30 0.635236
1336 7.73713e+25 8.08323e+22 1.34278e+08 86 29.7803 27 0.60557
1337 7.92282e+28 7.74097e+25 1.07381e+09 96 31.4404 30 0.63887
1338 1.54743e+26 1.58755e+23 1.07381e+09 87 32.4795 30 0.661619
1339 6.1897e+26 9.27797e+23 3.36046e+07 89 28.2275 25 0.582067
1340 6.1897e+26 7.59477e+23 1.07381e+09 89 31.0762 30 0.642459
1341 2.47588e+27 2.48552e+24 5.36937e+08 91 31.4072 29 0.645261
1342 7.92282e+28 9.21889e+25 4.29505e+09 96 34.1035 32 0.705055
1343 7.92282e+28 7.74554e+25 1.07382e+09 96 32.5361 30 0.664695
1344 9.90352e+27 1.03932e+25 1.07381e+09 93 31.5078 30 0.642307
1345 9.90352e+27 1.48387e+25 2.14755e+09 93 33.0566 31 0.675211
1346 7.92282e+28 1.58381e+26 5.3694e+08 96 31.8887 29 0.652757
1347 9.90352e+27 1.04361e+25 2.68501e+08 93 31.0146 28 0.636271
1348 9.90352e+27 9.8463e+24 4.29504e+09 93 31.7832 32 0.644183
1349 1.93428e+25 2.30461e+22 1.07382e+09 84 31.2725 30 0.639535
1350 7.92282e+28 7.99652e+25 2.14755e+09 96 31.5518 31 0.630857
1351 1.23794e+27 2.42006e+24 1.07382e+09 90 30.5811 30 0.621392
1352 7.55579e+22 2.70704e+20 2.14752e+09 76 30.9893 31 0.627872
1353 4.8357e+24 5.34267e+21 1.07381e+09 82 31.2451 30 0.633384
1354 1.93428e+25 3.31397e+22 1.07383e+09 84 30.7324 30 0.622495
1355 1.9807e+28 2.23667e+25 5.36943e+08 94 30.4072 29 0.608437
1356 4.95176e+27 4.84087e+24 2.14755e+09 92 30.9932 31 0.620147
1357 1.93428e+25 1.94788e+22 5.36936e+08 84 29.5498 29 0.597058
1358 3.09485e+26 5.10465e+23 2.14757e+09 88 32.2402 31 0.64424
1359 7.92282e+28 1.54821e+26 2.14756e+09 96 31.6738 31 0.636754
1360 1.9807e+28 2.2403e+25 1.07381e+09 94 30.6084 30 0.612874
1361 4.95176e+27 7.25913e+24 8.59002e+09 92 32.4561 33 0.646472
1362 3.86856e+25 3.82397e+22 4.29507e+09 85 32.4678 32 0.645146
1363 3.96141e+28 3.86865e+25 5.36939e+08 95 29.6045 29 0.596313
1364 3.86856e+25 7.13706e+22 2.68494e+08 85 29.2529 28 0.592587
1365 1.93428e+25 1.94123e+22 1.34269e+08 84 27.1162 27 0.550296
1366 7.73713e+25 1.3289e+23 2.68489e+08 86 28.7197 28 0.594834
1367 9.67141e+24 1.10851e+22 1.34264e+08 83 26.9062 27 0.554072
1368 2.47588e+27 2.41902e+24 1.34282e+08 91 27.5596 27 0.567815
1369 7.92282e+28 7.73716e+25 1.34279e+08 96 27.4209 27 0.558293
1370 7.92282e+28 7.75659e+25 6.71712e+07 96 27.1182 26 0.545844
1371 3.77789e+22 1.40824e+20 5.36945e+08 75 30.5342 29 0.618514
1372 1.51116e+23 2.98529e+20 1.34275e+08 77 28.0625 27 0.572642
1373 4.95176e+27 4.83623e+24 1.34264e+08 92 27.5352 27 0.568856
1374 7.92282e+28 7.73811e+25 3.36037e+07 96 25.8301 25 0.52527
1375 4.8357e+24 5.47664e+21 1.68114e+07 82 24.9678 24 0.511807
1376 1.93428e+25 2.85847e+22 1.34284e+08 84 28.1602 27 0.57746
1377 7.92282e+28 7.77224e+25 1.34278e+08 96 28.0928 27 0.573661
1378 7.92282e+28 1.16076e+26 5.36928e+08 96 29.4121 29 0.598854
1379 1.20893e+24 2.69289e+21 1.34292e+08 80 28.8838 27 0.587007
1380 2.41785e+24 3.61272e+21 6.7169e+07 81 27.1738 26 0.555592
1381 4.95176e+27 4.8359e+24 3.36086e+07 92 25.9082 25 0.528583
1382 4.95176e+27 4.98757e+24 6.71545e+07 92 26.0342 26 0.531459
1383 9.67141e+24 1.14648e+22 8.42954e+06 83 24.4648 23 0.5049
1384 1.23794e+27 1.37917e+24 1.34278e+08 90 28.1963 27 0.575507
1385 1.93428e+25 1.9044e+22 1.6819e+07 84 24.6973 24 0.511774
1386 1.9807e+28 1.93536e+25 3.36081e+07 94 25.5908 25 0.532912
1387 4.8357e+24 6.07163e+21 3.35985e+07 82 25.458 25 0.529935
1388 2.41785e+24 3.0666e+21 4.23365e+06 81 23.4053 22 0.481964
1389 1.20893e+24 1.88445e+21 4.23557e+06 80 23.7939 22 0.490543
1390 1.20893e+24 1.28849e+21 4.23365e+06 80 22.8018 22 0.472156
1391 3.09485e+26 3.02837e+23 2.13006e+06 88 22.2236 21 0.46248
1392 6.04463e+23 1.15857e+21 1.34277e+08 79 27.8623 27 0.57614
1393 6.1897e+26 6.04842e+23 3.35862e+07 89 25.0889 25 0.513308
1394 2.41785e+24 5.11031e+21 5.36943e+08 81 29.1904 29 0.598862
1395 3.96141e+28 3.86863e+25 5.36937e+08 95 28.7051 29 0.58532
1396 2.47588e+27 4.00532e+24 1.34284e+08 91 27.9844 27 0.564632
1397 3.86856e+25 6.857e+22 2.14756e+09 85 30.7949 31 0.635725
1398 9.90352e+27 9.71306e+24 2.14754e+09 93 29.9678 31 0.61555
1399 1.58456e+29 2.41936e+26 4.29506e+09 97 32.3516 32 0.661422
1400 9.67141e+24 1.54991e+22 4.29504e+09 83 31.6143 32 0.649083
1401 7.73713e+25 7.69805e+22 2.14756e+09 86 30.7197 31 0.626035
1402 7.92282e+28 7.73816e+25 1.07381e+09 96 30.8252 30 0.621736
1403 7.92282e+28 8.22273e+25 5.36924e+08 96 28.8154 29 0.598722
1404 7.92282e+28 7.87364e+25 1.0738e+09 96 31.0039 30 0.641058
1405 1.23794e+27 1.21464e+24 8.59001e+09 90 33.0156 33 0.677334
1406 4.95176e+27 4.8786e+24 2.6848e+08 92 29.123 28 0.604549
1407 9.90352e+27 9.84288e+24 2.14755e+09 93 30.7598 31 0.632959
1408 6.1897e+26 7.72195e+23 2.68513e+08 89 29.3281 28 0.598396
1409 7.92282e+28 7.73726e+25 2.68497e+08 96 28.6855 28 0.588052
1410 1.23794e+27 1.33226e+24 2.14754e+09 90 30.666 31 0.622854
1411 6.1897e+26 9.46067e+23 2.14755e+09 89 29.9619 31 0.611742
1412 2.47588e+27 2.5012e+24 2.14755e+09 91 30.2178 31 0.62011
1413 6.1897e+26 6.16515e+23 2.14756e+09 89 30.3145 31 0.624514
1414 2.47588e+27 3.71354e+24 8.59002e+09 91 33.5898 33 0.688535
1415 4.95176e+27 6.34958e+24 2.14756e+09 92 31.4619 31 0.645701
1416 1.54743e+26 1.70691e+23 4.29504e+09 87 31.751 32 0.65142
1417 7.92282e+28 7.74495e+25 3.43598e+10 96 35.2607 35 0.717678
1418 9.67141e+24 3.26546e+22 8.59001e+09 83 33.2754 33 0.687967
1419 7.92282e+28 9.67358e+25 8.59e+09 96 31.9629 33 0.659118
1420 7.73713e+25 8.77604e+22 2.14755e+09 86 30.9033 31 0.633794
1421 7.73713e+25 8.50253e+22 1.71799e+10 86 33.2539 34 0.679902
1422 7.92282e+28 7.73789e+25 8.59e+09 96 32.3662 33 0.672835
1423 7.92282e+28 7.74619e+25 1.718e+10 96 34.1973 34 0.699787
1424 7.92282e+28 7.76752e+25 4.29505e+09 96 31.7979 32 0.652299
1425 6.1897e+26 6.35714e+23 1.0738e+09 89 29.8066 30 0.62482
1426 6.04463e+23 1.34548e+21 8.58999e+09 79 32.2695 33 0.664519
1427 7.92282e+28 7.75705e+25 2.14756e+09 96 31.0088 31 0.64167
1428 1.23794e+27 2.41822e+24 1.718e+10 90 33.123 34 0.670871
1429 3.02231e+23 1.29384e+21 1.71799e+10 78 33.0605 34 0.671033
1430 7.92282e+28 7.73755e+25 8.59002e+09 96 32.3408 33 0.657918
1431 7.92282e+28 7.75503e+25 1.718e+10 96 33.917 34 0.68632
1432 7.92282e+28 7.73741e+25 8.59002e+09 96 33.8965 33 0.690054
1433 9.90352e+27 9.99684e+24 6.87196e+10 93 35.0781 36 0.706722
1434 7.92282e+28 2.36061e+26 1.37439e+11 96 36.1602 37 0.722405
1435 7.92282e+28 1.60099e+26 3.43598e+10 96 34.7285 35 0.703559
1436 3.96141e+28 3.90385e+25 4.29506e+09 95 33.0996 32 0.679471
1437 1.23794e+27 2.45821e+24 8.58999e+09 90 31.9307 33 0.652573
1438 1.9807e+28 2.01024e+25 4.29504e+09 94 32.1133 32 0.656896
1439 7.92282e+28 8.22909e+25 3.43598e+10 96 34.6768 35 0.696041
1440 2.47588e+27 2.65009e+24 6.87196e+10 91 34.4824 36 0.695702
1441 7.92282e+28 7.77537e+25 2.74878e+11 96 35.5605 38 0.711357
1442 7.92282e+28 7.74746e+25 3.43598e+10 96 33.1494 35 0.659575
1443 1.93428e+25 3.05559e+22 4.29502e+09 84 31.9238 32 0.632167
1444 4.95176e+27 4.89295e+24 2.14757e+09 92 31.7031 31 0.623188
1445 9.67141e+24 1.82234e+22 6.87196e+10 83 34.4092 36 0.679801
1446 7.92282e+28 1.54941e+26 1.718e+10 96 33.2578 34 0.662584
1447 2.47588e+27 3.04007e+24 2.14757e+09 91 31.4297 31 0.628459
1448 7.92282e+28 8.23091e+25 1.07382e+09 96 30.3262 30 0.610514
1449 7.73713e+25 1.25762e+23 5.36936e+08 86 29.3555 29 0.595429
1450 1.54743e+26 3.17986e+23 1.07381e+09 87 31.0127 30 0.62006
1451 1.23794e+27 1.99265e+24 5.36938e+08 90 30.0293 29 0.603321
1452 7.92282e+28 7.77563e+25 1.07382e+09 96 30.0967 30 0.59759
1453 1.23794e+27 2.34606e+24 2.14758e+09 90 30.7568 31 0.609709
1454 6.1897e+26 7.50081e+23 4.29504e+09 89 31.916 32 0.626744
1455 7.92282e+28 7.74265e+25 2.14755e+09 96 31.1943 31 0.620368
1456 7.92282e+28 7.87694e+25 1.71799e+10 96 33.1572 34 0.653525
1457 7.92282e+28 1.74168e+26 6.87196e+10 96 34.9043 36 0.686898
1458 7.92282e+28 7.88945e+25 1.0738e+09 96 30.7734 30 0.606836
1459 4.95176e+27 4.91839e+24 4.29504e+09 92 32.6904 32 0.651371
1460 7.92282e+28 1.56258e+26 4.29505e+09 96 32.3428 32 0.643937
1461 3.96141e+28 3.99104e+25 2.14754e+09 95 32.3174 31 0.642804
1462 7.92282e+28 1.56054e+26 6.87196e+10 96 35.0947 36 0.696051
1463 1.9807e+28 2.05788e+25 1.718e+10 94 33.9658 34 0.671523
1464 1.23794e+27 1.27914e+24 3.43598e+10 90 34.9873 35 0.692196
1465 3.96141e+28 3.88613e+25 6.87196e+10 95 34.4863 36 0.681629
1466 2.47588e+27 3.066e+24 1.07381e+09 91 30.5029 30 0.610777
1467 3.09485e+26 3.44654e+23 3.43598e+10 88 33.5176 35 0.67487
1468 4.8357e+24 7.88442e+21 1.718e+10 82 33.1143 34 0.656101
1469 1.20893e+24 2.8997e+21 2.74878e+11 80 35.873 38 0.714417
1470 4.95176e+27 4.8651e+24 3.43598e+10 92 33.54 35 0.664146
1471 3.86856e+25 7.45874e+22 5.49756e+11 85 36.6777 39 0.731003
1472 1.93428e+25 2.54426e+22 8.59001e+09 84 32.2412 33 0.650427
1473 1.93428e+25 3.17905e+22 1.718e+10 84 32.5156 34 0.647059
1474 7.92282e+28 8.38897e+25 8.59004e+09 96 33.2529 33 0.666161
1475 4.95176e+27 4.85642e+24 1.37439e+11 92 34.1221 37 0.677691
1476 4.8357e+24 9.58172e+21 4.29505e+09 82 31.4961 32 0.627602
1477 4.95176e+27 5.83163e+24 3.43598e+10 92 33.0674 35 0.657249
1478 7.92282e+28 7.746e+25 1.718e+10 96 33.4229 34 0.666103
1479 3.86856e+25 1.01784e+23 1.37439e+11 85 35.2139 37 0.704052
1480 3.86856e+25 8.30147e+22 1.07382e+09 85 30.833 30 0.627
1481 7.92282e+28 1.5489e+26 4.29505e+09 96 32.1719 32 0.648397
1482 6.1897e+26 8.26318e+23 5.36927e+08 89 30.9316 29 0.617465
1483 3.96141e+28 5.81259e+25 1.34275e+08 95 28.3262 27 0.56479
1484 7.92282e+28 7.80526e+25 3.36178e+07 96 27.6455 25 0.563796
1485 9.90352e+27 1.52234e+25 2.14756e+09 93 32.1719 31 0.64517
1486 4.8357e+24 1.01404e+22 6.71589e+07 82 28.3008 26 0.572241
1487 3.86856e+25 1.02994e+23 4.29503e+09 85 31.79 32 0.638489
1488 7.92282e+28 7.73726e+25 2.68495e+08 96 29.3271 28 0.596041
1489 7.92282e+28 1.548e+26 1.718e+10 96 33.6289 34 0.678143
1490 9.90352e+27 1.27188e+25 8.59001e+09 93 32.4336 33 0.650036
1491 7.92282e+28 7.85995e+25 8.59002e+09 96 34.0938 33 0.680297
1492 3.09485e+26 5.78999e+23 1.07382e+09 88 31.9463 30 0.636421
1493 1.93428e+25 3.85001e+22 5.36919e+08 84 30.502 29 0.612136
1494 3.09485e+26 6.33922e+23 1.07382e+09 88 32.3291 30 0.644666
1495 4.95176e+27 5.30839e+24 2.14757e+09 92 32.666 31 0.649749
1496 3.09485e+26 7.5002e+23 8.59001e+09 88 32.5615 33 0.645784
1497 7.92282e+28 1.69368e+26 8.59e+09 96 33.2324 33 0.663868
1498 1.54743e+26 2.63749e+23 1.07382e+09 87 31.124 30 0.628549
1499 2.47588e+27 2.66837e+24 2.68503e+08 91 31.25 28 0.625659
