96.7267
0 433.776 9.14586 4 2 0.0478516 0 0.00475766
1 435.127 8.38651 4 2 0.0380859 0 0.00458223
2 435.151 9.56187 4 2 0.0458984 0 0.00450846
3 110.371 8.59964 4 1 0.0410156 0 0.00447638
4 115.729 9.25683 5 1 0.0439453 0 0.00451775
5 435.053 10.8765 5 2 0.0527344 0 0.00447133
6 434.818 10.1509 5 2 0.0458984 0 0.00449088
7 435.076 9.52952 5 2 0.0361328 0 0.00452849
8 435.127 10.4264 5 2 0.0527344 0 0.00455512
9 435.053 10.2081 5 2 0.0458984 0 0.00448685
10 435.151 11.0688 5 2 0.0488281 0 0.00451988
11 434.639 10.1646 5 2 0.0439453 0 0.00456874
12 113.897 8.65074 5 1 0.0332031 0 0.00455515
13 435.117 10.4927 5 2 0.0507812 0 0.00461452
14 1010.21 11.4738 6 3 0.046875 0 0.00461146
15 435.151 9.61076 5 2 0.0419922 0 0.00483909
16 1007.46 11.74 6 3 0.0546875 0 0.00458585
17 435.127 10.8507 6 2 0.0517578 0 0.0045977
18 435.053 12.1129 6 2 0.0615234 0 0.00461276
19 434.639 11.087 6 2 0.0566406 0 0.0047207
20 111.425 11.0689 6 1 0.0546875 0 0.00465846
21 434.954 10.2005 6 2 0.0458984 0 0.00455266
22 434.818 11.5994 6 2 0.0605469 0 0.00462333
23 435.117 11.2038 6 2 0.0517578 0 0.00465757
24 1010.79 11.5235 6 3 0.0449219 0 0.00473828
25 435.076 11.0417 6 2 0.0537109 0 0.00468179
26 435.127 11.9878 6 2 0.0546875 0 0.00461329
27 435.151 10.3907 6 2 0.0439453 0 0.00466127
28 435.053 11.2119 6 2 0.0537109 0 0.00466013
29 435.151 14.4501 6 2 0.0800781 0 0.00462815
30 434.954 11.2681 6 2 0.0517578 0 0.00470403
31 435.149 14.3484 6 2 0.0771484 0 0.00466096
32 435.151 13.4487 6 2 0.0664062 0 0.00470587
33 112.44 10.9509 6 1 0.0488281 0 0.00469065
34 435.151 11.8852 6 2 0.0566406 0 0.00463662
35 1009.59 14.0855 6 3 0.0654297 0 0.00458664
36 433.384 11.5706 6 2 0.0556641 0 0.00456508
37 110.371 13.1564 6 1 0.0712891 0 0.00460119
38 435.149 13.1569 6 2 0.0664062 0 0.00460617
39 434.412 11.4536 6 2 0.0527344 0 0.00452592
40 435.149 12.6886 6 2 0.0644531 0 0.00461823
41 1008.92 13.2755 6 3 0.0605469 0 0.00458572
42 435.127 13.1569 6 2 0.0625 0 0.00457026
43 435.127 12.6401 6 2 0.0605469 0 0.00461979
44 435.149 14.3414 6 2 0.0732422 0 0.00459169
45 434.639 12.7168 6 2 0.0625 0 0.00463602
46 435.127 12.8753 6 2 0.0634766 0 0.00464264
47 435.127 12.5208 6 2 0.0585938 0 0.00462565
48 434.954 12.1542 6 2 0.0556641 0 0.00460733
49 435.151 14.0193 7 2 0.0673828 0 0.0046429
50 434.818 12.7329 7 2 0.0595703 0 0.00460659
51 434.954 13.3648 7 2 0.0644531 0 0.00460968
52 113.897 11.8436 7 1 0.0517578 0 0.00467683
53 435.149 14.237 6 2 0.0732422 0 0.004656
54 435.151 14.4789 7 2 0.0712891 0 0.00482533
55 435.151 14.2844 7 2 0.0722656 0 0.0048076
56 435.149 14.6461 7 2 0.0722656 0 0.00501275
57 434.818 14.1087 7 2 0.0742188 0 0.00484973
58 435.149 14.9966 7 2 0.0712891 0 0.00493423
59 1008.92 15.7794 7 3 0.0761719 0 0.00486757
60 435.149 15.5838 7 2 0.0810547 0 0.00487619
61 435.151 14.9972 7 2 0.0761719 0 0.00482407
62 435.127 13.5152 7 2 0.0664062 0 0.00478734
63 434.818 13.8928 7 2 0.0693359 0 0.0047547
64 435.149 13.6731 7 2 0.0644531 0 0.00478734
65 435.149 15.0257 7 2 0.0771484 0 0.00487896
66 435.151 15.526 7 2 0.0791016 0 0.00482118
67 434.954 15.2351 7 2 0.0800781 0 0.00499492
68 435.117 13.8108 7 2 0.0644531 0 0.00483585
69 435.117 15.9774 8 2 0.0869141 0 0.00481396
70 435.149 15.0795 7 2 0.0732422 0 0.00481326
71 435.149 14.3189 7 2 0.0683594 0 0.00485911
72 435.127 15.6648 8 2 0.0761719 0 0.00487147
73 435.151 17.1171 8 2 0.0927734 0 0.00485557
74 435.149 15.6233 8 2 0.078125 0 0.00488428
75 435.149 16.2749 8 2 0.0869141 0 0.00494221
76 435.117 16.3691 8 2 0.0869141 0 0.00496256
77 435.149 16.3353 8 2 0.0839844 0 0.00501844
78 435.149 19.1976 8 2 0.0976562 0 0.00500424
79 435.053 17.4786 8 2 0.0996094 0 0.00501415
80 435.151 15.5159 8 2 0.078125 0 0.00485338
81 435.127 17.0334 8 2 0.0917969 0 0.0047403
82 1011.31 16.9334 8 3 0.0869141 0 0.00494672
83 435.151 17.4056 8 2 0.0917969 0 0.00497477
84 435.151 14.6638 8 2 0.0703125 0 0.00495529
85 1008.92 16.8712 8 3 0.0839844 0 0.00486178
86 434.954 16.5476 8 2 0.0878906 0 0.00488911
87 435.151 16.8246 8 2 0.0917969 0 0.00493671
88 434.954 16.5229 8 2 0.0869141 0 0.00503087
89 435.127 15.8263 8 2 0.0810547 0 0.00500934
90 435.149 19.5881 8 2 0.105469 0 0.00501996
91 1010.79 19.0743 8 3 0.100586 0 0.00486268
92 435.127 19.3154 8 2 0.105469 0 0.00506251
93 435.151 18.1415 8 2 0.0957031 0 0.00487408
94 435.151 17.6556 8 2 0.0898438 0 0.00500638
95 435.151 18.1266 8 2 0.0976562 0 0.00498881
96 435.151 20.2672 8 2 0.116211 0 0.00494375
97 435.151 20.3745 8 2 0.111328 0 0.00491489
98 1008.21 20.5325 8 3 0.112305 0 0.00496396
99 435.151 20.6811 8 2 0.114258 0 0.0049342
100 435.053 17.6828 8 2 0.0927734 0 0.00492967
101 435.149 19.6114 9 2 0.104492 0 0.00494045
102 435.151 19.7754 8 2 0.105469 0 0.00499841
103 435.151 18.672 9 2 0.101562 0 0.00505087
104 1010.21 20.7741 9 3 0.120117 0 0.00496995
105 435.149 19.7037 8 2 0.107422 0 0.00492667
106 435.149 19.9687 8 2 0.104492 0 0.00491002
107 435.149 20.5728 9 2 0.114258 0 0.00504334
108 435.151 23.1264 9 2 0.131836 0 0.00504979
109 1010.21 19.995 8 3 0.105469 0 0.00507487
110 435.151 22.7675 9 2 0.134766 0 0.00501825
111 1846.55 20.5643 8 4 0.106445 0 0.00502753
112 435.151 20.5779 9 2 0.114258 0 0.00501752
113 435.127 22.0706 9 2 0.133789 0 0.00505034
114 435.149 20.5882 9 2 0.113281 0 0.00505416
115 435.127 21.1132 9 2 0.119141 0 0.00507175
116 435.151 22.2412 9 2 0.126953 0 0.00516257
117 1008.92 23.8114 9 3 0.142578 0 0.00505918
118 435.151 22.664 9 2 0.132812 0 0.00501668
119 435.151 26.7804 9 2 0.15918 0 0.00509704
120 435.149 26.0166 9 2 0.163086 0 0.00505725
121 1008.92 28.4009 9 3 0.166016 0 0.00507758
122 435.151 26.3422 9 2 0.162109 0 0.00503837
123 435.151 27.6052 9 2 0.170898 0 0.00511757
124 1011.31 30.8272 9 3 0.18457 0 0.00510169
125 435.151 25.7292 9 2 0.15918 0 0.00503858
126 1011.31 29.6107 9 3 0.172852 0 0.00513833
127 1009.59 30.6801 9 3 0.186523 0 0.00505002
128 1012.18 29.5927 9 3 0.170898 0 0.0051169
129 435.151 28.6931 9 2 0.176758 0 0.00512143
130 1009.59 28.5929 9 3 0.169922 0 0.00508497
131 1008.92 31.4255 9 3 0.197266 0 0.00510933
132 1006.68 31.0494 9 3 0.185547 0 0.00509381
133 1008.92 32.0748 9 3 0.202148 0 0.00514054
134 435.151 30.6129 9 2 0.202148 0 0.00510349
135 1010.79 34.6859 9 3 0.209961 0 0.00513169
136 435.151 35.5589 9 2 0.21875 0 0.0051267
137 1010.21 32.3494 9 3 0.198242 0 0.00504503
138 1011.31 34.3588 9 3 0.214844 0 0.00506344
139 1009.59 32.1537 9 3 0.191406 0 0.00511596
140 435.151 31.3664 9 2 0.201172 0 0.00503125
141 435.151 35.2555 9 2 0.229492 0 0.00519144
142 435.151 34.6049 9 2 0.210938 0 0.00504886
143 1008.92 35.2242 9 3 0.229492 0 0.00517144
144 435.151 32.5056 9 2 0.203125 0 0.00516657
145 1008.92 31.8702 9 3 0.193359 0 0.00514653
146 1008.92 38.3283 9 3 0.219727 0 0.00516197
147 435.151 37.8376 9 2 0.237305 0 0.00508541
148 435.151 37.2147 9 2 0.231445 0 0.00512895
149 1010.21 39.0579 9 3 0.25293 0 0.00505095
150 435.151 32.445 9 2 0.209961 0 0.00512866
151 1010.21 36.932 9 3 0.232422 0 0.00504486
152 435.151 36.9241 9 2 0.235352 0 0.00513752
153 1010.79 36.3103 9 3 0.220703 0 0.00502058
154 1008.92 36.8663 9 3 0.226562 0 0.0051996
155 1010.21 37.4559 9 3 0.233398 0 0.00509134
156 435.151 35.1517 9 2 0.227539 0 0.00515218
157 435.151 35.7973 9 2 0.235352 0 0.00508044
158 1010.21 39.6397 9 3 0.260742 0 0.00509941
159 435.151 39.2118 9 2 0.250977 0 0.00525868
160 1009.59 35.4711 9 3 0.228516 0 0.00528851
161 1008.92 42.6768 9 3 0.265625 0 0.00517082
162 1007.46 36.8313 9 3 0.238281 0 0.00510669
163 435.151 37.5762 9 2 0.237305 0 0.00511528
164 1010.21 36.0136 9 3 0.223633 0 0.00518243
165 1843.9 41.8881 9 4 0.249023 0 0.00522924
166 435.151 40.0454 9 2 0.255859 0 0.00509805
167 1010.21 39.881 9 3 0.262695 0 0.00523552
168 1008.21 35.9236 9 3 0.232422 0 0.00514696
169 1010.79 40.4133 9 3 0.253906 0 0.00521494
170 1010.21 45.2177 9 3 0.290039 0 0.00536999
171 1008.92 38.1945 10 3 0.248047 0 0.00527504
172 1008.92 41.3545 9 3 0.258789 0 0.0051528
173 1009.59 41.1437 10 3 0.262695 0 0.00512372
174 1011.31 42.1286 10 3 0.268555 0 0.00525563
175 1009.59 45.902 9 3 0.294922 0 0.00519467
176 1008.92 40.3061 11 3 0.263672 0 0.00514858
177 1009.59 41.5654 10 3 0.269531 0 0.00517969
178 1010.21 41.5902 9 3 0.253906 0 0.00520198
179 1011.78 40.2655 9 3 0.250977 0 0.00519244
180 435.151 44.1289 10 2 0.286133 0 0.00521716
181 1008.92 39.9687 10 3 0.271484 0 0.0050981
182 1009.59 43.3198 9 3 0.286133 0 0.00513658
183 1004.1 43.103 11 3 0.277344 0 0.00522667
184 1011.31 41.3489 11 3 0.256836 0 0.00523722
185 1011.78 44.893 11 3 0.295898 0 0.00519919
186 435.151 40.0817 10 2 0.260742 0 0.00519923
187 435.151 38.2113 10 2 0.246094 0 0.00514727
188 1008.92 44.54 9 3 0.282227 0 0.00515559
189 435.151 43.4336 10 2 0.291016 0 0.00516893
190 435.151 42.4458 10 2 0.289062 0 0.00525883
191 435.151 44.2546 11 2 0.293945 0 0.00520635
192 1010.21 44.4999 11 3 0.279297 0 0.00523353
193 1010.21 43.9967 11 3 0.275391 0 0.00534337
194 1011.31 48.049 11 3 0.300781 0 0.00528419
195 435.151 40.2989 11 2 0.274414 0 0.00530739
196 1008.92 41.4638 9 3 0.262695 0 0.00517273
197 1008.92 41.1438 10 3 0.270508 0 0.00528999
198 1011.78 43.069 10 3 0.276367 0 0.00522769
199 1009.59 45.3205 10 3 0.297852 0 0.005245
200 1009.59 47.3614 11 3 0.3125 0 0.00540739
201 435.151 44.9984 11 2 0.299805 0 0.00515562
202 435.151 38.3579 10 2 0.260742 0 0.00522156
203 1009.59 44.8237 11 3 0.292969 0 0.0052163
204 1012.52 46.3154 11 3 0.293945 0 0.00518257
205 1011.78 45.2262 9 3 0.276367 0 0.00511003
206 1008.92 45.1864 11 3 0.303711 0 0.00517737
207 1009.59 43.6809 11 3 0.28418 0 0.0051861
208 1008.92 43.8012 11 3 0.27832 0 0.00521447
209 435.151 48.0871 11 2 0.317383 0 0.00521167
210 1011.31 47.0998 11 3 0.313477 0 0.00536334
211 435.151 41.2333 11 2 0.279297 0 0.00529172
212 1011.31 44.3886 11 3 0.275391 0 0.00527566
213 1011.31 45.0724 10 3 0.293945 0 0.00519859
214 1848.92 47.8534 11 4 0.292969 0 0.00529255
215 435.151 44.7838 11 2 0.295898 0 0.00524849
216 1843.9 48.7934 11 4 0.302734 0 0.00519167
217 1009.59 44.2962 11 3 0.290039 0 0.00525842
218 1010.21 48.7783 11 3 0.314453 0 0.00530165
219 1011.78 51.0172 11 3 0.316406 0 0.00523683
220 1009.59 44.6092 11 3 0.296875 0 0.00522563
221 435.151 47.0562 12 2 0.303711 0 0.00521819
222 1008.92 42.8886 11 3 0.287109 0 0.00525276
223 1008.92 49.7255 12 3 0.318359 0 0.00528878
224 1008.92 48.6476 11 3 0.310547 0 0.00520064
225 1011.31 52.1003 12 3 0.347656 0 0.00532037
226 1010.21 44.3086 11 3 0.288086 0 0.00528816
227 1008.92 44.8221 12 3 0.294922 0 0.00530602
228 1009.59 47.5553 11 3 0.308594 0 0.005252
229 435.151 45.6999 12 2 0.299805 0 0.00530238
230 1011.78 43.9266 11 3 0.289062 0 0.00524765
231 1008.92 47.8333 11 3 0.311523 0 0.00535276
232 1009.59 44.6108 12 3 0.295898 0 0.00526731
233 1845.26 49.5504 11 4 0.308594 0 0.00519915
234 1011.31 50.3649 12 3 0.329102 0 0.00525963
235 1008.92 50.3318 12 3 0.329102 0 0.00518623
236 1012.18 51.4031 12 3 0.322266 0 0.00521899
237 1010.21 52.1126 12 3 0.337891 0 0.00530998
238 435.151 42.5657 12 2 0.287109 0 0.00528948
239 1843.9 51.7581 12 4 0.320312 0 0.00537763
240 1011.31 49.0325 12 3 0.31543 0 0.00521001
241 1011.31 50.3865 11 3 0.313477 0 0.00525645
242 435.151 45.3186 11 2 0.296875 0 0.00527255
243 1008.92 46.1388 12 3 0.304688 0 0.00525565
244 1008.92 45.9742 12 3 0.304688 0 0.00525731
245 1011.31 49.1856 12 3 0.333984 0 0.00534663
246 1011.31 51.6618 12 3 0.317383 0 0.0052783
247 435.151 48.4897 12 2 0.331055 0 0.00524592
248 435.151 45.0051 12 2 0.300781 0 0.00522185
249 435.151 46.1073 12 2 0.304688 0 0.00545924
250 1008.92 49.954 12 3 0.320312 0 0.00529679
251 1843.9 47.9145 12 4 0.322266 0 0.00526191
252 1008.92 53.0887 13 3 0.347656 0 0.00531757
253 435.151 44.7291 11 2 0.299805 0 0.00525751
254 1011.31 44.0149 11 3 0.289062 0 0.00523252
255 1845.26 50.9473 12 4 0.316406 0 0.00529601
256 1012.18 52.7891 13 3 0.341797 0 0.00531249
257 1009.59 49.4806 12 3 0.314453 0 0.00519427
258 1008.92 50.9473 12 3 0.328125 0 0.00537376
259 1009.59 49.489 12 3 0.314453 0 0.00537677
260 1011.31 51.1078 12 3 0.339844 0 0.00531551
261 1011.31 45.0361 12 3 0.301758 0 0.00531303
262 1008.92 47.5302 12 3 0.301758 0 0.00533351
263 435.151 47.4644 12 2 0.321289 0 0.0052517
264 1843.9 51.2254 12 4 0.307617 0 0.00530501
265 1008.92 46.4992 12 3 0.3125 0 0.00524331
266 1008.92 47.6526 11 3 0.3125 0 0.00530843
267 1008.92 49.0599 12 3 0.332031 0 0.00527159
268 435.151 50.7228 13 2 0.319336 0 0.0052759
269 435.151 47.7216 12 2 0.313477 0 0.00534263
270 1008.92 48.4833 12 3 0.324219 0 0.00527177
271 435.151 47.1555 13 2 0.322266 0 0.00533237
272 1008.92 52.3669 12 3 0.349609 0 0.00529599
273 1008.92 44.6814 12 3 0.294922 0 0.00531698
274 1008.92 47.4999 13 3 0.318359 0 0.00534824
275 1009.59 48.9737 12 3 0.341797 0 0.00530178
276 435.151 47.2368 12 2 0.30957 0 0.0053417
277 1008.92 47.0956 12 3 0.303711 0 0.00524759
278 1008.92 46.7237 12 3 0.299805 0 0.00536699
279 1008.92 44.6753 12 3 0.298828 0 0.00535076
280 1843.9 48.64 13 4 0.329102 0 0.00533937
281 435.151 49.7817 13 2 0.324219 0 0.00535877
282 1008.92 48.4802 12 3 0.30957 0 0.00532781
283 1843.9 50.7395 12 4 0.322266 0 0.00528495
284 1845.26 49.8421 13 4 0.324219 0 0.00538131
285 1009.59 48.3919 13 3 0.313477 0 0.0052985
286 1011.31 53.1773 13 3 0.344727 0 0.00532324
287 1843.9 48.8567 12 4 0.311523 0 0.00526459
288 1008.92 51.0602 13 3 0.34082 0 0.00519778
289 435.151 49.3484 13 2 0.326172 0 0.00525814
290 1011.31 53.2416 13 3 0.350586 0 0.00532513
291 1008.92 49.4065 12 3 0.321289 0 0.00531053
292 1011.31 51.3352 13 3 0.332031 0 0.00530551
293 1008.92 47.2772 13 3 0.313477 0 0.00533245
294 1010.21 53.7428 12 3 0.355469 0 0.00527266
295 1008.92 47.3765 13 3 0.3125 0 0.00541536
296 1008.92 51.164 13 3 0.326172 0 0.0053021
297 1010.21 46.6879 13 3 0.3125 0 0.005376
298 1843.9 55.1162 13 4 0.34668 0 0.00529086
299 1843.9 50.0591 12 4 0.324219 0 0.00527005
300 1008.92 49.8065 13 3 0.333008 0 0.00534769
301 1011.31 49.826 13 3 0.321289 0 0.00549105
302 1008.92 52.1136 13 3 0.337891 0 0.00537279
303 1011.31 51.3809 13 3 0.325195 0 0.00529852
304 1009.59 52.7653 13 3 0.348633 0 0.00530717
305 1843.9 53.4532 13 4 0.347656 0 0.00574821
306 1843.9 46.9107 13 4 0.310547 0 0.00539438
307 1011.31 48.775 13 3 0.308594 0 0.0053376
308 1008.92 51.9772 13 3 0.335938 0 0.00526745
309 1010.21 47.3254 13 3 0.317383 0 0.00538606
310 1008.92 48.7423 13 3 0.325195 0 0.0053034
311 1008.92 52.1958 13 3 0.34668 0 0.0053449
312 1008.92 53.1464 13 3 0.353516 0 0.00544707
313 1011.31 56.3336 13 3 0.354492 0 0.00545011
314 435.151 49.2701 12 2 0.330078 0 0.0053144
315 1009.59 51.3096 13 3 0.331055 0 0.00537389
316 1011.31 53.2566 13 3 0.348633 0 0.00543987
317 1009.59 49.8953 13 3 0.324219 0 0.00543302
318 1008.92 53.6879 13 3 0.341797 0 0.00529127
319 1008.92 49.8332 13 3 0.319336 0 0.00527225
320 1011.31 55.2201 13 3 0.361328 0 0.00524747
321 435.151 53.9 13 2 0.336914 0 0.0052787
322 1011.31 57.6302 13 3 0.359375 0 0.00523909
323 1011.31 54.3604 13 3 0.348633 0 0.00528841
324 1008.92 51.757 13 3 0.338867 0 0.00536155
325 1008.92 49.2202 13 3 0.330078 0 0.00530626
326 1008.92 53.4893 13 3 0.358398 0 0.00539735
327 1008.92 46.6161 13 3 0.313477 0 0.00527436
328 1008.92 48.6343 13 3 0.325195 0 0.00532577
329 1008.92 51.8741 13 3 0.339844 0 0.00530106
330 1011.31 48.6946 13 3 0.308594 0 0.00522507
331 1008.92 52.3548 13 3 0.34668 0 0.00536254
332 435.151 47.2735 13 2 0.324219 0 0.00535593
333 1843.9 58.0768 13 4 0.371094 0 0.00532915
334 1011.78 51.7809 13 3 0.338867 0 0.0053188
335 435.151 48.2311 13 2 0.322266 0 0.00532552
336 1011.31 53.4295 13 3 0.336914 0 0.00538431
337 1008.92 49.3984 13 3 0.318359 0 0.00540248
338 1008.92 51.2372 13 3 0.337891 0 0.00529679
339 1008.92 55.3689 13 3 0.358398 0 0.0053209
340 1008.92 50.7761 13 3 0.331055 0 0.00532681
341 435.151 45.7267 12 2 0.296875 0 0.00535324
342 435.151 51.2767 13 2 0.328125 0 0.00537268
343 1008.92 53.0608 13 3 0.34668 0 0.00534857
344 1011.31 51.1691 13 3 0.335938 0 0.00537908
345 1011.31 54.6437 13 3 0.351562 0 0.00572827
346 1011.31 48.7589 13 3 0.316406 0 0.00569106
347 435.151 51.869 13 2 0.344727 0 0.00562746
348 1008.92 52.0596 13 3 0.356445 0 0.00560763
349 1008.92 53.7181 13 3 0.356445 0 0.0052834
350 1011.31 48.7065 13 3 0.320312 0 0.00535448
351 1011.78 48.8606 12 3 0.327148 0 0.0055431
352 1011.31 50.0236 13 3 0.326172 0 0.00569041
353 1008.92 56.6975 13 3 0.378906 0 0.00562526
354 1008.92 55.7372 13 3 0.366211 0 0.00571015
355 1008.92 47.3404 13 3 0.310547 0 0.00533935
356 1008.92 55.3535 13 3 0.34668 0 0.00530957
357 435.151 50.4098 13 2 0.335938 0 0.00532316
358 1842.49 52.8085 13 4 0.339844 0 0.00535408
359 1009.59 53.0597 13 3 0.362305 0 0.00549071
360 1011.31 50.4246 13 3 0.331055 0 0.0052945
361 1008.92 50.8587 13 3 0.332031 0 0.00534174
362 435.151 50.1337 13 2 0.335938 0 0.00536652
363 1008.92 47.0944 13 3 0.31543 0 0.00531937
364 1008.92 48.7806 12 3 0.306641 0 0.00537598
365 435.151 50.0125 13 2 0.332031 0 0.00535604
366 1008.92 46.5439 13 3 0.3125 0 0.0053542
367 1008.92 50.021 13 3 0.330078 0 0.0053393
368 1011.31 57.9052 13 3 0.362305 0 0.00535336
369 1009.59 53.3034 13 3 0.352539 0 0.00533477
370 1010.21 49.8569 12 3 0.311523 0 0.00531685
371 1837.92 53.9402 13 4 0.34082 0 0.00532175
372 1009.59 54.0356 13 3 0.349609 0 0.00532645
373 1011.31 51.1011 13 3 0.327148 0 0.00532302
374 1008.92 58.0697 13 3 0.384766 0 0.00534575
375 1008.92 54.4512 13 3 0.350586 0 0.00531833
376 1008.92 48.2202 13 3 0.317383 0 0.00529337
377 1008.92 53.6596 13 3 0.363281 0 0.00526854
378 1008.92 51.5443 13 3 0.341797 0 0.00533296
379 1008.92 48.611 13 3 0.322266 0 0.00538696
380 1011.31 55.593 13 3 0.356445 0 0.00544991
381 1011.31 50.3079 12 3 0.320312 0 0.00540014
382 1005.85 51.4007 13 3 0.335938 0 0.00531308
383 1009.59 50.1912 13 3 0.325195 0 0.00557122
384 435.149 49.0992 13 2 0.329102 0 0.00530506
385 1008.92 51.7465 13 3 0.338867 0 0.00529097
386 1008.92 49.7511 13 3 0.328125 0 0.00536493
387 1008.92 53.5398 13 3 0.335938 0 0.00527739
388 1002.23 52.6462 13 3 0.345703 0 0.00542712
389 1011.31 50.5061 13 3 0.324219 0 0.00542324
390 1008.92 49.7357 13 3 0.328125 0 0.00534599
391 1011.31 50.5109 13 3 0.330078 0 0.00529576
392 1843.9 52.0662 13 4 0.334961 0 0.00549613
393 435.151 52.0557 13 2 0.349609 0 0.00543349
394 435.151 51.1856 13 2 0.328125 0 0.00541008
395 1011.31 51.0119 13 3 0.335938 0 0.00530853
396 1008.92 49.0529 13 3 0.305664 0 0.00536975
397 1009.59 52.2767 13 3 0.348633 0 0.00531765
398 1009.59 45.8121 13 3 0.305664 0 0.00536675
399 1010.21 51.7073 13 3 0.329102 0 0.00528106
400 1008.92 53.4451 13 3 0.349609 0 0.00543482
401 1008.92 53.6519 13 3 0.352539 0 0.00538516
402 1008.92 55.1069 13 3 0.353516 0 0.00553594
403 1008.92 49.38 13 3 0.332031 0 0.00536681
404 1011.31 54.111 13 3 0.352539 0 0.00533474
405 1008.92 53.1777 13 3 0.323242 0 0.00539792
406 435.151 49.5962 13 2 0.335938 0 0.00538906
407 1010.21 51.5787 13 3 0.341797 0 0.00538504
408 1008.92 51.1544 13 3 0.34082 0 0.00525507
409 1009.59 55.4461 13 3 0.366211 0 0.00536078
410 1011.31 51.5992 13 3 0.331055 0 0.0053998
411 1008.92 47.71 13 3 0.316406 0 0.00532365
412 1008.92 55.7236 13 3 0.366211 0 0.00540378
413 1008.92 49.0524 13 3 0.311523 0 0.00540313
414 1011.31 52.0684 13 3 0.345703 0 0.00544137
415 1008.92 45.5404 13 3 0.300781 0 0.00535424
416 1008.92 54.6601 13 3 0.352539 0 0.0054067
417 1012.18 52.4225 13 3 0.338867 0 0.00537681
418 1009.59 49.5967 13 3 0.307617 0 0.00545085
419 1011.31 54.1366 13 3 0.351562 0 0.00537079
420 1011.31 56.4318 13 3 0.368164 0 0.00545705
421 1008.92 54.2386 13 3 0.352539 0 0.00550764
422 1008.92 55.0604 13 3 0.356445 0 0.00546733
423 1011.31 52.8507 13 3 0.339844 0 0.00549936
424 1011.78 54.5569 13 3 0.342773 0 0.00538588
425 1008.92 56.6258 13 3 0.34668 0 0.00547206
426 1008.92 54.2356 13 3 0.350586 0 0.00545132
427 1011.31 55.4376 13 3 0.349609 0 0.00544554
428 1008.92 56.6192 13 3 0.356445 0 0.00535723
429 1007.46 49.8327 13 3 0.323242 0 0.00553994
430 1009.59 50.4034 13 3 0.329102 0 0.00556767
431 1007.46 52.9781 13 3 0.347656 0 0.00555353
432 1836.29 55.6378 13 4 0.334961 0 0.00553448
433 1011.31 53.1884 13 3 0.348633 0 0.0055607
434 1008.92 53.4305 13 3 0.34668 0 0.00555662
435 1842.49 52.5196 13 4 0.326172 0 0.00561589
436 1007.46 56.0671 13 3 0.354492 0 0.0054867
437 1011.31 58.5688 13 3 0.362305 0 0.00565856
438 1004.1 56.4218 13 3 0.362305 0 0.00564429
439 1008.92 56.8737 13 3 0.34668 0 0.00564334
440 1841.02 55.2119 13 4 0.356445 0 0.00574837
441 1009.59 53.2502 13 3 0.34668 0 0.00565334
442 1011.31 54.3755 13 3 0.334961 0 0.00563506
443 1008.92 60.4957 13 3 0.378906 0 0.00575029
444 1009.59 55.1477 14 3 0.345703 0 0.00578831
445 1009.59 57.1126 14 3 0.353516 0 0.00567279
446 1008.92 63.1091 15 3 0.386719 0 0.00573321
447 991.21 58.5869 14 3 0.363281 0 0.00566577
448 1011.31 58.7345 15 3 0.358398 0 0.00576783
449 1008.92 53.8146 14 3 0.333984 0 0.00591856
450 1009.59 58.3079 15 3 0.351562 0 0.00586914
451 1010.21 56.9577 15 3 0.344727 0 0.0058983
452 1008.92 57.7788 15 3 0.353516 0 0.00588253
453 1832.91 57.7033 15 4 0.351562 0 0.00598513
454 1008.92 56.4444 15 3 0.345703 0 0.00596858
455 1010.21 58.4144 15 3 0.336914 0 0.00583909
456 1817.74 64.7476 15 4 0.380859 0 0.00594506
457 1007.46 60.7295 16 3 0.369141 0 0.00582296
458 1008.92 64.2487 15 3 0.374023 0 0.005848
459 1011.31 59.0378 16 3 0.356445 0 0.00590842
460 1008.92 58.4165 16 3 0.338867 0 0.00586611
461 1010.79 60.4832 16 3 0.378906 0 0.00587171
462 1008.21 59.7323 16 3 0.368164 0 0.00588806
463 1842.49 61.3621 17 4 0.371094 0 0.00592048
464 1825.63 58.5934 16 4 0.357422 0 0.00592364
465 1819.76 65.1205 17 4 0.384766 0 0.00603324
466 1011.31 55.8002 15 3 0.326172 0 0.00603507
467 1008.92 65.1162 17 3 0.396484 0 0.00600338
468 1006.68 58.5913 16 3 0.361328 0 0.00587187
469 1836.29 64.4587 17 4 0.379883 0 0.00602483
470 1811.47 67.1353 17 4 0.397461 0 0.00604854
471 1010.21 66.7843 17 3 0.400391 0 0.00602762
472 1809.31 57.1884 17 4 0.339844 0 0.00597172
473 1010.21 68.8299 17 3 0.397461 0 0.00610768
474 2891.12 66.0639 17 5 0.385742 0 0.00612086
475 1007.46 65.59 18 3 0.391602 0 0.00633679
476 1825.63 68.0862 17 4 0.387695 0 0.00607845
477 1802.66 57.2527 17 4 0.349609 0 0.00608255
478 1837.92 64.0754 18 4 0.37207 0 0.00613841
479 1815.68 62.0233 18 4 0.363281 0 0.00612615
480 998.128 65.7598 19 3 0.402344 0 0.00616421
481 1010.21 63.8876 17 3 0.375 0 0.00603593
482 1815.68 65.629 18 4 0.37793 0 0.0062333
483 1010.79 61.9236 18 3 0.358398 0 0.00618264
484 2845.8 67.5692 19 5 0.394531 0 0.00632688
485 1009.59 67.7006 19 3 0.390625 0 0.00642905
486 1823.71 69.3143 19 4 0.40332 0 0.00624036
487 1002.23 67.3081 19 3 0.389648 0 0.00630734
488 1010.79 66.2523 19 3 0.392578 0 0.00630514
489 1011.31 69.027 19 3 0.396484 0 0.00634515
490 1821.75 62.3222 18 4 0.363281 0 0.00635758
491 1829.35 69.2202 19 4 0.389648 0 0.00634181
492 1011.31 66.0599 19 3 0.368164 0 0.00642432
493 1823.71 67.757 19 4 0.37793 0 0.00643009
494 1010.21 67.5246 20 3 0.385742 0 0.0065526
495 1005.85 73.425 21 3 0.410156 0 0.00663435
496 1004.1 70.6976 20 3 0.397461 0 0.00654416
497 1010.21 70.2417 21 3 0.388672 0 0.00662188
498 1817.74 76.3232 21 4 0.410156 0 0.00667748
499 2867.41 72.9381 21 5 0.394531 0 0.00688617
500 1001.24 64.771 21 3 0.361328 0 0.0066441
501 1006.68 68.2649 21 3 0.401367 0 0.0066948
502 1003.18 70.9352 22 3 0.416016 0 0.00672512
503 1819.76 68.8329 21 4 0.380859 0 0.00677827
504 1008.21 73.3731 23 3 0.40332 0 0.00694966
505 1006.68 71.3368 21 3 0.401367 0 0.00679821
506 1002.23 71.5385 23 3 0.407227 0 0.00697843
507 1008.21 68.1352 23 3 0.387695 0 0.00693182
508 1823.71 90.8593 27 4 0.488281 0 0.00706434
509 1009.59 85.8358 25 3 0.463867 0 0.00698019
510 1003.18 77.1776 23 3 0.413086 0 0.00696388
511 1004.1 75.2845 25 3 0.410156 0 0.00713801
512 1793.4 77.6659 25 4 0.420898 0 0.00707834
513 1008.21 78.1819 24 3 0.423828 0 0.00727395
514 1735.52 88.9761 27 4 0.47168 0 0.00707436
515 1836.29 84.1973 26 4 0.429688 0 0.00720247
516 2791.31 89.9466 26 5 0.474609 0 0.00719506
517 1809.31 86.1486 30 4 0.47168 0 0.00723228
518 1825.63 83.5964 27 4 0.457031 0 0.00724215
519 1815.68 86.4015 29 4 0.461914 0 0.0073804
520 999.194 77.413 27 3 0.410156 0 0.00753668
521 1817.74 94.7197 27 4 0.474609 0 0.00767242
522 1815.68 90.7953 29 4 0.469727 0 0.00755534
523 1829.35 79.7527 30 4 0.422852 0 0.0077394
524 2838.35 90.19 32 5 0.476562 0 0.00791177
525 1798.09 90.6306 30 4 0.462891 0 0.00765088
526 1000.23 87.6177 35 3 0.474609 0 0.0078385
527 1788.61 86.6112 34 4 0.455078 0 0.00806844
528 1800.39 88.3992 30 4 0.458984 0 0.00779016
529 1831.15 97.8542 33 4 0.488281 0 0.00820446
530 4823.15 107.877 35 7 0.516602 0 0.00806089
531 1815.68 85.052 32 4 0.450195 0 0.00792687
532 1783.71 101.402 37 4 0.521484 0 0.00825742
533 2897.56 95.3401 33 5 0.456055 0 0.00832548
534 1006.68 97.0729 39 3 0.489258 0 0.00830758
535 1776.18 95.59 38 4 0.488281 0 0.00856682
536 1781.23 101.942 46 4 0.540039 0 0.00852423
537 1827.51 92.5855 41 4 0.484375 0 0.00830959
538 1832.91 95.751 36 4 0.481445 0 0.00841285
539 2853.13 104.434 43 5 0.525391 0 0.00864415
540 1819.76 105.865 43 4 0.521484 0 0.00870117
541 1811.47 99.0928 41 4 0.488281 0 0.00886171
542 1802.66 107.185 44 4 0.538086 0 0.00886444
543 1815.68 103.274 43 4 0.513672 0 0.0088761
544 1749.6 101.445 46 4 0.509766 0 0.00879306
545 2881.17 116.075 48 5 0.545898 0 0.00917424
546 2845.8 112.723 52 5 0.543945 0 0.00909414
547 1823.71 121.839 48 4 0.573242 0 0.00910528
548 2884.52 107.268 48 5 0.512695 0 0.00919428
549 1005.85 104.233 52 3 0.541992 0 0.00971753
550 1815.68 115.532 51 4 0.56543 0 0.00957258
551 2909.97 122.195 53 5 0.583984 0 0.0097631
552 1811.47 111.884 47 4 0.536133 0 0.00923588
553 1798.09 119.718 61 4 0.582031 0 0.009556
554 2774.8 120.485 53 5 0.586914 0 0.00958959
555 2807.41 109.229 53 5 0.53418 0 0.00940041
556 2877.78 119.956 53 5 0.566406 0 0.0096176
557 1829.35 128.262 101 4 0.611328 0 0.00998526
558 4046.07 131.893 68 6 0.617188 0 0.0101453
559 2736.29 116.389 57 5 0.551758 0 0.0100469
560 5730.85 123.093 62 7 0.550781 0 0.0100755
561 2696.01 125.506 70 5 0.587891 0 0.0101881
562 1811.47 133.815 101 4 0.636719 0 0.0107763
563 2799.41 136.006 101 5 0.615234 0 0.0102254
564 2927.27 142.127 101 5 0.608398 0 0.0103752
565 2472.15 135.705 101 5 0.610352 0 0.0108826
566 2834.58 142.153 101 5 0.637695 0 0.0113785
567 4016.86 145.755 101 6 0.641602 0 0.0106755
568 2906.93 137.047 101 5 0.607422 0 0.0105943
569 2407.01 127.039 101 5 0.577148 0 0.0105686
570 2783.1 134.129 101 5 0.619141 0 0.0106987
571 2863.89 141.843 101 5 0.616211 0 0.0106584
572 4166.27 144.13 101 6 0.62207 0 0.0110495
573 3931.8 149.775 101 6 0.637695 0 0.010961
574 5778.21 146.118 101 7 0.623047 0 0.011813
575 1819.76 139.388 101 4 0.614258 0 0.0119351
576 2830.78 150.075 101 5 0.665039 0 0.0109495
577 5616.45 160.42 101 7 0.657227 0 0.0112252
578 2900.72 160.771 101 5 0.666992 0 0.0112912
579 2677.57 162.163 101 5 0.707031 0 0.0115719
580 1807.12 148.644 101 4 0.678711 0 0.0116135
581 3987.02 171.617 101 6 0.712891 0 0.0110714
582 2937.8 160.893 101 5 0.720703 0 0.0108726
583 3956.58 184.591 101 6 0.760742 0 0.011027
584 3874.74 191.226 101 6 0.759766 0 0.0112602
585 2903.85 148.734 101 5 0.677734 0 0.0114969
586 7521.98 187.77 101 8 0.74707 0 0.0114228
587 3987.02 178.896 109.829 6 0.766602 1 0.0116595
588 6548.77 179.003 101 8 0.722656 0 0.0114163
589 9513.42 206.73 109.275 9 0.81543 1 0.0123612
590 5502.26 208.922 106.306 7 0.814453 1 0.0123102
591 160798 371.845 107.538 17 0.852539 1 0.0123547
592 17722.8 333.374 110.371 12 0.977539 1 0.0131294
593 57551.4 549.313 112.44 15 1.2002 1 0.0138395
594 54846.1 861.357 118.273 15 1.54297 1 0.0158253
595 159287 1411.49 123.746 17 1.88379 1 0.0183757
596 290881 2023.88 138.03 18 2.29785 1 0.0205405
597 2.1464e+06 4976.19 138.872 21 2.54004 1 0.0212115
598 8.44474e+06 17645.9 347.152 23 2.9707 2 0.0239223
599 1.0915e+06 4005.84 140.947 20 2.79395 1 0.0221433
600 4.24505e+06 11914.4 417.066 22 3.3877 2 0.0233883
601 4.24449e+06 15262.3 380.891 22 3.41504 2 0.0242208
602 1.68391e+07 36624.8 416.405 24 3.84668 2 0.0238061
603 2.14352e+06 18106.7 405.507 21 3.66406 2 0.024336
604 4.24722e+06 32684.4 415.735 22 4.04297 2 0.025101
605 4.24968e+06 31707.3 429.6 22 4.18945 2 0.0248888
606 8.44645e+06 27234.9 428.288 23 4.1416 2 0.0244567
607 8.44624e+06 29093 425.869 23 4.13281 2 0.0236916
608 4.2482e+06 26057 429.6 22 4.14258 2 0.0242106
609 6.71848e+07 104756 428.288 26 4.10938 2 0.0234892
610 3.36151e+07 86053.4 853.804 25 4.86328 3 0.0253136
611 5.36962e+08 572770 983.489 29 5.4541 3 0.0276582
612 1.68417e+07 89573 1778.72 24 6.38867 4 0.0328586
613 6.71839e+07 175731 1200.56 26 5.6582 4 0.0274525
614 1.34298e+08 354263 984.827 27 5.86133 3 0.0284077
615 3.36211e+07 153478 1655.05 25 6.20801 4 0.0296458
616 3.36239e+07 82122.8 1624.7 25 5.71777 4 0.0289585
617 1.68413e+07 81724.7 1684.18 24 6.03418 4 0.0285876
618 3.36244e+07 140418 1693.6 25 6.0752 4 0.0288331
619 1.34299e+08 192825 1708.97 27 6.15918 4 0.0300672
620 3.36213e+07 205214 1771.04 25 6.50195 4 0.0297627
621 6.71779e+07 195297 2503.93 26 6.52734 5 0.0295708
622 3.36252e+07 163062 1681.01 25 6.24805 4 0.0297853
623 6.7186e+07 244655 2600.81 26 6.62012 5 0.0302276
624 1.34289e+08 320497 2668.24 27 6.74609 5 0.0295351
625 3.36181e+07 241599 2368.07 25 6.42578 5 0.0283638
626 3.36237e+07 209724 2740.66 25 6.78418 5 0.0303474
627 1.34297e+08 398460 3900.32 27 7.4375 6 0.0323228
628 1.34296e+08 465861 3809.33 27 7.50488 6 0.0335034
629 6.71809e+07 460726 3796.01 26 7.38477 6 0.0328817
630 6.71829e+07 273906 5126.03 26 7.94922 7 0.0344891
631 1.34301e+08 341563 4851.52 27 7.74609 7 0.0345654
632 5.36963e+08 886817 4813.65 29 7.6748 7 0.0332661
633 6.71714e+07 326619 5390.29 26 8.06934 7 0.0354646
634 5.36965e+08 916100 5494.43 29 8.42676 7 0.0367002
635 5.36968e+08 1.25258e+06 7061.49 29 9.01562 9 0.0380081
636 2.68523e+08 1.2533e+06 7073.47 28 9.09082 8 0.0369779
637 6.7185e+07 1.00413e+06 9085.59 26 9.65723 9 0.0375689
638 2.68523e+08 1.1157e+06 9223.72 28 9.62207 9 0.0385834
639 1.07385e+09 2.80195e+06 9047.37 30 9.53027 9 0.0378817
640 1.34299e+08 1.01742e+06 8666.47 27 9.43457 9 0.0388768
641 1.34301e+08 592855 8294.58 27 9.25 9 0.0399033
642 1.34295e+08 725566 9060.14 27 9.43262 9 0.0405705
643 2.68515e+08 951176 8679.94 28 9.35645 9 0.0374195
644 5.3696e+08 1.80037e+06 8546.66 29 9.29688 10 0.0380279
645 1.07384e+09 2.72249e+06 9136.19 30 9.86816 9 0.0410738
646 2.14759e+09 6.09872e+06 10721 31 9.93457 10 0.042379
647 2.68521e+08 1.6413e+06 11328.7 28 10.1562 10 0.0403883
648 2.14759e+09 4.39391e+06 11693.9 31 10.6748 10 0.0498124
649 5.3696e+08 2.03784e+06 11573.9 29 10.3848 10 0.0404682
650 2.14759e+09 4.26867e+06 12071.3 31 10.5947 10 0.042128
651 5.36965e+08 3.0328e+06 11235.1 29 10.2422 10 0.0406535
652 4.29507e+09 9.41298e+06 18587.9 32 11.6299 12 0.0449397
653 4.29508e+09 7.29552e+06 17388.2 32 11.5166 12 0.0434971
654 2.14759e+09 7.26637e+06 15404.3 31 11.1445 11 0.0424534
655 1.07384e+09 2.87769e+06 18311.2 30 11.1885 12 0.0439397
656 8.59005e+09 1.65569e+07 18289.7 33 11.373 12 0.0445664
657 8.59005e+09 1.53066e+07 14683 33 11.2188 11 0.0441412
658 8.59005e+09 1.49862e+07 16230.8 33 11.5752 11 0.0448303
659 3.43599e+10 4.32004e+07 13665.4 35 10.8809 11 0.0457065
660 4.29507e+09 1.07073e+07 11649.1 32 10.582 10 0.0422291
661 8.59005e+09 1.73003e+07 9903.25 33 10.1104 9 0.0399348
662 8.59006e+09 1.8904e+07 12127.6 33 10.6611 10 0.0419023
663 8.59004e+09 1.24036e+07 11077.1 33 10.5752 10 0.0418801
664 2.1476e+09 7.04634e+06 9536.79 31 9.90723 9 0.041111
665 2.14758e+09 5.74262e+06 8557.94 31 9.91309 9 0.0400476
666 1.37439e+11 1.49121e+08 9211.3 37 9.97168 9 0.0397558
667 1.07384e+09 6.97783e+06 10916.6 30 10.292 10 0.0419481
668 1.07383e+09 4.42852e+06 8167.18 30 9.75781 9 0.0405553
669 8.59005e+09 1.19775e+07 9008.92 33 9.86035 9 0.0393292
670 1.718e+10 3.69687e+07 10948.9 34 10.5654 10 0.0424446
671 2.1476e+09 1.26375e+07 15220.6 31 11.373 11 0.0454836
672 2.14759e+09 1.35758e+07 14771.6 31 11.3477 11 0.0470482
673 4.29508e+09 1.11484e+07 14629.5 32 11.2666 11 0.0471347
674 6.87196e+10 8.48618e+07 14998.5 36 11.6895 11 0.0489334
675 2.14759e+09 9.57611e+06 25938.9 31 12.5273 13 0.0504843
676 1.718e+10 6.0857e+07 18418.1 34 11.8438 12 0.0499034
677 4.29507e+09 2.41638e+07 18375.4 32 11.8545 12 0.0486491
678 1.718e+10 4.13022e+07 18482 34 12.124 12 0.0503952
679 3.43599e+10 1.11412e+08 19628 35 12.4189 12 0.0510193
680 8.59005e+09 3.08638e+07 20033.2 33 12.543 12 0.0503449
681 1.718e+10 6.39727e+07 26302.1 34 12.9287 13 0.0528494
682 2.19902e+12 2.29251e+09 26896.2 41 13.1748 13 0.0537742
683 4.39805e+12 4.50842e+09 38024.8 42 13.9395 14 0.0579414
684 5.49756e+11 1.25051e+09 86108.3 39 14.8262 16 0.0593643
685 4.39805e+12 5.48464e+09 90241.4 42 14.6758 16 0.0589654
686 2.19902e+12 3.13006e+09 36426.1 41 13.4961 14 0.057492
687 2.19902e+12 4.46138e+09 37506.5 41 13.7373 14 0.056168
688 1.09951e+12 1.73824e+09 53456 40 13.7061 15 0.0554898
689 1.37439e+11 4.98596e+08 52434.5 37 13.7812 15 0.0573689
690 3.43599e+10 1.0126e+08 53832.2 35 13.6484 15 0.0571265
691 1.09951e+12 1.18778e+09 38049.1 40 13.7441 14 0.0572417
692 1.37439e+11 3.31826e+08 53266.5 37 13.6416 15 0.0557711
693 6.87196e+10 3.94256e+08 51848.4 36 13.6934 15 0.0545002
694 3.43599e+10 1.29291e+08 55207.1 35 14.1797 15 0.0579833
695 5.49756e+11 8.98277e+08 34903.5 39 13.5518 14 0.055738
696 3.51844e+13 3.59519e+10 26166.8 45 13.5459 13 0.0563894
697 6.87196e+10 2.88246e+08 35154.1 36 13.7852 14 0.0552054
698 6.87196e+10 3.30704e+08 26391.7 36 13.627 13 0.0563585
699 1.09951e+12 2.57625e+09 35347.5 40 13.9111 14 0.0567586
700 2.19902e+12 2.47039e+09 90510.2 41 14.7695 16 0.0604964
701 6.87196e+10 2.33599e+08 86949 36 14.624 16 0.059695
702 1.75922e+13 1.81196e+10 55593.2 44 14.6895 15 0.0586086
703 2.19902e+12 7.54773e+09 161566 41 16.2998 17 0.0656674
704 2.19902e+12 4.98879e+09 160337 41 16.0146 17 0.0653539
705 1.09951e+12 3.51288e+09 159580 40 15.8076 17 0.0666831
706 1.75922e+13 2.004e+10 290839 44 16.4336 18 0.0679566
707 8.79609e+12 1.01801e+10 152524 43 15.4814 17 0.0651484
708 1.40737e+14 1.39274e+11 55177.1 47 15.2344 15 0.065446
709 8.79609e+12 2.07757e+10 36740.4 43 14.9551 14 0.0640838
710 1.09951e+12 4.6303e+09 54936.7 40 15.3047 15 0.0652219
711 4.39805e+12 1.02182e+10 89320.5 42 15.5049 16 0.0645343
712 2.19902e+12 5.98265e+09 55445.3 41 14.7373 15 0.0626598
713 2.19902e+12 4.60531e+09 53644.6 41 14.5439 15 0.0659545
714 1.75922e+13 3.04237e+10 47395.4 44 14.5498 15 0.0649139
715 1.75922e+13 2.40561e+10 37152.7 44 14.3145 14 0.062071
716 7.03687e+13 1.05326e+11 157264 46 15.5625 17 0.0644045
717 1.09951e+12 4.60453e+09 92994.1 40 15.4473 16 0.0652364
718 4.39805e+12 7.96523e+09 55415.6 42 14.7217 15 0.0649008
719 1.09951e+12 1.95861e+09 54511.5 40 15.1006 15 0.0644554
720 2.81475e+14 2.77404e+11 36320.3 48 14.6045 14 0.0656806
721 3.51844e+13 4.44198e+10 25093.5 45 14.1885 13 0.0626874
722 1.37439e+11 4.93599e+08 23784.4 37 13.5312 13 0.0610994
723 8.79609e+12 1.03439e+10 35675.8 43 14.3643 14 0.0606661
724 1.09951e+12 2.46621e+09 24706.1 40 14.1699 13 0.0623525
725 1.09951e+12 1.5756e+09 32884.7 40 14.082 14 0.0615995
726 8.79609e+12 1.48611e+10 37902.8 43 14.7627 14 0.0640449
727 8.79609e+12 1.46951e+10 55117.2 43 14.9863 15 0.0660073
728 8.79609e+12 2.4755e+10 33473.7 43 14.6611 14 0.0668864
729 1.40737e+14 2.20546e+11 54633.6 47 14.8408 15 0.0670157
730 2.81475e+14 3.14497e+11 57000.5 48 15.0049 15 0.0672766
731 7.03687e+13 1.84265e+11 90843.5 46 15.7197 16 0.0685433
732 3.51844e+13 1.06495e+11 24361.5 45 14.5371 13 0.064154
733 3.51844e+13 4.88481e+10 23298 45 14.3682 13 0.0653153
734 2.19902e+12 8.37988e+09 18354.1 41 14.0889 12 0.0625909
735 1.1259e+15 1.12813e+12 34875.6 50 14.6094 14 0.0659698
736 1.75922e+13 3.08018e+10 156571 44 15.2832 17 0.0678323
737 2.81475e+14 5.59109e+11 35675.8 48 14.5635 14 0.0648888
738 1.1259e+15 1.12489e+12 24460.4 50 14.1387 13 0.0641839
739 7.03687e+13 8.55307e+10 25892.9 46 13.8047 13 0.0649987
740 4.5036e+15 5.12727e+12 23911 52 14.1816 13 0.0699904
741 4.5036e+15 4.40925e+12 11203.7 52 12.5605 10 0.0631393
742 1.1259e+15 1.4e+12 38829.6 50 14.5889 14 0.0685592
743 1.75922e+13 3.83608e+10 19509.6 44 13.3838 12 0.0635223
744 1.1259e+15 1.11389e+12 33851.5 50 13.6602 14 0.0642454
745 3.51844e+13 9.23008e+10 155791 45 14.6973 17 0.0702026
746 5.6295e+14 1.04499e+12 154118 49 14.5098 17 0.0694735
747 5.6295e+14 7.30186e+11 52692.3 49 14.0137 15 0.0673186
748 2.81475e+14 4.17854e+11 10655.1 48 12.2939 10 0.0630389
749 1.75922e+13 4.38625e+10 13530.5 44 12.5693 11 0.0617155
750 4.5036e+15 6.78809e+12 18735 52 13.1738 12 0.0642398
751 2.2518e+15 2.29523e+12 14006.7 51 12.7568 11 0.063668
752 2.81475e+14 4.12849e+11 25284.6 48 13.9951 13 0.0669674
753 1.80144e+16 1.8166e+13 22246.6 54 13.8359 13 0.0665
754 8.79609e+12 2.33208e+10 14044.2 43 12.3877 11 0.0625122
755 4.5036e+15 4.40385e+12 13588.4 52 12.249 11 0.060364
756 4.39805e+12 1.23668e+10 16236.2 42 12.9141 12 0.0641683
757 8.79609e+12 2.09578e+10 12718.9 43 12.1953 11 0.0603967
758 2.81475e+14 4.04777e+11 13039.9 48 12.4014 11 0.0615038
759 9.0072e+15 8.89283e+12 14647.4 53 12.6465 11 0.0625057
760 2.2518e+15 2.25151e+12 16306.8 51 13.3418 12 0.06364
761 2.8823e+17 2.81691e+14 13079.7 58 12.1768 11 0.0625299
762 2.81475e+14 4.8705e+11 13874.9 48 13.0791 11 0.0630465
763 1.44115e+17 1.52667e+14 14575.8 57 13.2842 11 0.0632934
764 1.80144e+16 3.58982e+13 18963.5 54 13.5088 12 0.0671828
765 1.80144e+16 1.83976e+13 15904 54 13.1904 12 0.0638758
766 4.5036e+15 7.62025e+12 54080.8 52 14.667 15 0.0678807
767 5.6295e+14 1.50116e+12 10235.2 49 12.2881 10 0.0637811
768 3.51844e+13 1.43199e+11 15169.8 45 13.1533 11 0.0641795
769 2.8823e+17 2.96926e+14 12248 58 12.8877 11 0.0630444
770 9.0072e+15 1.36616e+13 7285.66 53 11.0771 8 0.0570254
771 2.81475e+14 4.26995e+11 8336.67 48 11.833 9 0.0573202
772 1.1259e+15 1.21453e+12 12474.5 50 12.8779 11 0.0620907
773 9.0072e+15 8.95047e+12 16842.1 53 13.2363 12 0.0627067
774 5.6295e+14 1.3829e+12 88343.9 49 14.8516 16 0.0671369
775 2.81475e+14 4.16243e+11 53234.8 48 14.3115 15 0.0651099
776 3.51844e+13 1.20108e+11 86145.1 45 14.6328 16 0.0660923
777 9.0072e+15 1.99333e+13 15084.5 53 13.4834 11 0.0650983
778 5.6295e+14 7.86831e+11 19390.1 49 13.7197 12 0.063553
779 2.2518e+15 2.23283e+12 13039.9 51 12.3594 11 0.0608718
780 9.0072e+15 9.86834e+12 54936.7 53 14.6113 15 0.064507
781 1.44115e+17 1.45474e+14 22645.1 57 13.2842 13 0.0674081
782 1.1259e+15 1.56305e+12 8892.22 50 12.3154 9 0.0594985
783 5.6295e+14 5.74397e+11 8879.13 49 12.1396 9 0.0613787
784 5.6295e+14 9.1274e+11 9309.92 49 12.5039 9 0.0599238
785 5.6295e+14 6.75218e+11 13511.2 49 12.7988 11 0.0602623
786 1.40737e+14 4.6652e+11 3439.35 47 11.0322 6 0.0608408
787 1.1259e+15 2.74159e+12 5152.51 50 11.8721 7 0.0648365
788 3.60288e+16 3.66795e+13 10269.2 55 12.4355 10 0.0615351
789 1.44115e+17 1.44521e+14 16657.2 57 13.1436 12 0.065807
790 1.15292e+18 1.14579e+15 35703 60 13.9199 14 0.0712096
791 9.0072e+15 2.50311e+13 57659.9 53 15.2021 15 0.0747132
792 3.60288e+16 4.91007e+13 34622.7 55 14.4785 14 0.074625
793 5.76461e+17 5.67045e+14 32406.8 59 14.8438 14 0.0749505
794 5.76461e+17 5.79159e+14 16888.1 59 13.3213 12 0.0688197
795 1.1259e+15 1.99141e+12 9110.94 50 12.2793 9 0.0652739
796 4.5036e+15 7.02985e+12 7730.99 52 12.1719 9 0.0665168
797 1.80144e+16 4.76791e+13 5998.02 54 11.96 9 0.0639604
798 2.2518e+15 1.05239e+13 2642.89 51 10.75 6 0.0614021
799 2.8823e+17 2.81693e+14 2390.4 58 10.0156 5 0.0614715
800 1.44115e+17 1.58421e+14 619.938 57 7.61621 3 0.0506821
801 1.84467e+19 1.80657e+16 2034.36 64 10.5518 5 0.0616982
802 2.8823e+17 3.63818e+14 1705.93 58 11.377 4 0.068514
803 5.76461e+17 7.18751e+14 1582.48 59 10.5156 4 0.0608349
804 5.76461e+17 7.15871e+14 1600.31 59 11.3008 4 0.0620329
805 1.44115e+17 1.54705e+14 1696.71 57 10.3447 4 0.0588362
806 1.15292e+18 1.15007e+15 847.024 60 9.29297 3 0.0553693
807 1.44115e+17 2.5352e+14 2133.48 57 10.0371 5 0.0582589
808 2.30584e+18 2.31789e+15 1223.19 61 10.0635 4 0.06028
809 2.2518e+15 8.00732e+12 3679.65 51 10.8604 6 0.0609242
810 1.44115e+17 1.88011e+14 2524.81 57 11.0225 5 0.0604206
811 1.15292e+18 1.23431e+15 7031.77 60 11.5557 8 0.0636997
812 2.8823e+17 6.00322e+14 7123.73 58 12.1699 9 0.0644895
813 7.20576e+16 1.90638e+14 6172.47 56 12.623 8 0.0685869
814 5.76461e+17 9.67034e+14 8602.99 59 12.7666 10 0.0694266
815 2.30584e+18 2.26677e+15 16956.9 61 14.0273 12 0.0718219
816 1.44115e+17 1.65422e+14 33822.5 57 15.0703 14 0.0764515
817 5.76461e+17 6.3019e+14 32676.4 59 14.3799 14 0.0774861
818 9.22337e+18 1.0045e+16 8503.14 63 13.5439 9 0.0724343
819 1.15292e+18 1.38618e+15 6359.9 60 12.9062 9 0.0708746
820 3.68935e+19 3.61803e+16 4348.73 65 12.3301 7 0.0681553
821 2.8823e+17 5.04619e+14 9617.6 58 13.2305 9 0.0705851
822 1.44115e+17 1.92409e+14 8357.82 57 12.4834 10 0.0668774
823 5.76461e+17 6.8911e+14 5790.24 59 12.3564 8 0.0688981
824 7.20576e+16 1.51241e+14 17162.2 56 13.916 12 0.0748486
825 5.76461e+17 5.86509e+14 11421.5 59 13.0869 10 0.0793829
826 3.60288e+16 7.9004e+13 22750.5 55 13.876 13 0.0767619
827 3.60288e+16 5.03663e+13 53956.7 55 15.6445 15 0.0827328
828 7.20576e+16 1.04811e+14 8475.61 56 12.6123 9 0.0712965
829 9.0072e+15 2.88275e+13 76851.2 53 15.3389 16 0.0796523
830 4.5036e+15 1.00274e+13 84275.3 52 15.6787 16 0.0824394
831 2.8823e+17 4.34458e+14 89766.5 58 17.0195 16 0.0912108
832 7.3787e+19 7.21045e+16 151400 66 17.2354 17 0.0905169
833 7.20576e+16 8.3618e+13 154359 56 17.207 17 0.0899119
834 2.8823e+17 3.36909e+14 88096.4 58 16.5693 16 0.085938
835 2.30584e+18 2.92101e+15 152895 61 17.5322 17 0.0921713
836 9.22337e+18 9.50567e+15 154198 63 17.3809 17 0.0885399
837 1.15292e+18 1.20347e+15 292212 60 19.5596 18 0.0986276
838 9.22337e+18 9.63826e+15 287383 63 18.3105 18 0.0982394
839 1.15292e+18 1.4079e+15 286314 60 18.1621 18 0.098881
840 7.3787e+19 7.46589e+16 85923.9 66 16.7617 16 0.0878631
841 2.30584e+18 2.36402e+15 155199 61 17.7783 17 0.0889993
842 7.20576e+16 1.05922e+14 159616 56 17.8564 17 0.0921811
843 1.84467e+19 2.13953e+16 47608.9 64 15.1777 15 0.0863206
844 1.15292e+18 1.71192e+15 281048 60 18.1943 18 0.0920668
845 9.22337e+18 9.37609e+15 87883.3 63 16.6523 16 0.0878563
846 7.20576e+16 1.39137e+14 157873 56 17.8896 17 0.0917255
847 1.15292e+18 1.20616e+15 91760.2 60 17.4365 16 0.0886084
848 2.30584e+18 4.65314e+15 152318 61 17.5762 17 0.0961865
849 7.20576e+16 1.71574e+14 86949 56 16.7686 16 0.0921903
850 1.44115e+17 2.99163e+14 87776.4 57 17.3564 16 0.0922964
851 2.30584e+18 4.62539e+15 80370.1 61 16.5869 16 0.088991
852 1.44115e+17 2.05187e+14 53956.7 57 15.5518 15 0.0821937
853 2.8823e+17 7.31646e+14 87669.2 58 16.4922 16 0.0922809
854 2.8823e+17 3.08607e+14 153875 58 17.2412 17 0.0931097
855 1.15292e+18 1.59657e+15 85701.7 60 16.8604 16 0.090476
856 1.84467e+19 1.93086e+16 152731 64 17.7734 17 0.0964028
857 1.15292e+18 1.69137e+15 156494 60 18.4297 17 0.0946765
858 2.30584e+18 5.25538e+15 88730.1 61 18.1748 16 0.0952452
859 5.76461e+17 8.2509e+14 34509.6 59 16.0381 14 0.0985885
860 2.30584e+18 2.73875e+15 53956.7 61 16.3584 15 0.0917899
861 3.68935e+19 5.75292e+16 285864 65 19.0391 18 0.0982295
862 1.88895e+22 1.84499e+19 288220 74 19.5137 18 0.104167
863 1.47574e+20 2.36966e+17 158845 67 20.1826 17 0.108518
864 1.51116e+23 1.47618e+20 292006 77 20.3984 18 0.106991
865 1.84467e+19 4.20523e+16 562586 64 21.8994 19 0.118024
866 2.95148e+20 5.34802e+17 1.08357e+06 68 21.8594 20 0.113934
867 3.68935e+19 4.20906e+16 1.07958e+06 65 21.9941 20 0.116177
868 5.76461e+17 1.96458e+15 4.23412e+06 59 22.2383 22 0.119098
869 9.22337e+18 1.97394e+16 1.08431e+06 63 21.1523 20 0.116251
870 3.68935e+19 5.07966e+16 1.08538e+06 65 21.5 20 0.115527
871 2.95148e+20 6.62793e+17 559906 68 20.9561 19 0.107948
872 2.95148e+20 3.15549e+17 1.07536e+06 68 20.8291 20 0.111284
873 2.30584e+18 5.13212e+15 554379 61 20.7744 19 0.108106
874 2.30584e+18 7.36112e+15 288916 61 19.542 18 0.112181
875 2.95148e+20 4.56272e+17 150557 68 18.4443 17 0.111168
876 4.61169e+18 6.13905e+15 291216 62 19.8027 18 0.106239
877 3.68935e+19 8.30596e+16 294032 65 20.46 18 0.106041
878 3.68935e+19 5.94408e+16 563472 65 20.7393 19 0.106525
879 7.3787e+19 8.28985e+16 1.0759e+06 66 21.0645 20 0.112021
880 1.47574e+20 3.0477e+17 1.07922e+06 67 21.1719 20 0.123226
881 2.30584e+18 6.44066e+15 2.1381e+06 61 22.0176 21 0.115584
882 3.86856e+25 3.77819e+22 1.08162e+06 85 21.5859 20 0.11173
883 9.22337e+18 2.36951e+16 1.07989e+06 63 21.2158 20 0.120718
884 2.30584e+18 5.11856e+15 559214 61 20.3975 19 0.111317
885 1.15292e+18 3.55652e+15 550601 60 20.3652 19 0.108415
886 1.84467e+19 4.08515e+16 1.07439e+06 64 21.2676 20 0.111101
887 2.95148e+20 5.91575e+17 1.0805e+06 68 21.1553 20 0.107915
888 5.90296e+20 6.87287e+17 2.1239e+06 69 21.7158 21 0.111768
889 5.90296e+20 8.90933e+17 290965 69 19.4561 18 0.112242
890 1.18059e+21 1.21001e+18 296766 70 19.9766 18 0.10297
891 1.18059e+21 1.84327e+18 2.13168e+06 70 21.9316 21 0.116984
892 2.95148e+20 4.48885e+17 1.68209e+07 68 23.9258 24 0.121792
893 5.90296e+20 9.0511e+17 8.43199e+06 69 23.4453 23 0.126052
894 1.84467e+19 2.03077e+16 8.43249e+06 64 22.7656 23 0.115769
895 1.47574e+20 1.80715e+17 6.71604e+07 67 26.0264 26 0.131277
896 9.22337e+18 5.68175e+16 1.34274e+08 63 27.1797 27 0.135774
897 3.68935e+19 6.66765e+16 6.7169e+07 65 26.0117 26 0.13276
898 5.90296e+20 6.04492e+17 3.36061e+07 69 25.0088 25 0.135114
899 6.04463e+23 5.91545e+20 3.36134e+07 79 25.877 25 0.139174
900 1.47574e+20 2.51428e+17 5.36938e+08 67 28.0371 29 0.138477
901 1.18059e+21 2.19935e+18 2.68501e+08 70 27.625 28 0.139522
902 3.77789e+22 5.68406e+19 2.68493e+08 75 27.5869 28 0.135898
903 5.90296e+20 6.07931e+17 6.71649e+07 69 26.709 26 0.135135
904 1.47574e+20 1.5978e+17 1.34288e+08 67 27.3857 27 0.141676
905 1.18059e+21 2.42254e+18 2.68511e+08 70 28.2773 28 0.142249
906 2.95148e+20 2.94211e+17 6.71671e+07 68 26.5869 26 0.134185
907 7.3787e+19 7.73054e+16 2.68496e+08 66 27.7539 28 0.150039
908 1.47574e+20 1.9276e+17 2.68497e+08 67 27.7783 28 0.141407
909 7.3787e+19 1.32817e+17 1.34274e+08 66 26.9834 27 0.137474
910 1.88895e+22 2.58506e+19 3.36092e+07 74 25.4189 25 0.131709
911 1.47574e+20 4.04806e+17 6.71666e+07 67 26.0088 26 0.137904
912 1.84467e+19 5.8241e+16 3.35907e+07 64 25.1729 25 0.133112
913 5.90296e+20 7.63051e+17 1.68117e+07 69 23.7646 24 0.134465
914 1.18059e+21 1.1754e+18 3.36023e+07 70 25.7256 25 0.136032
915 2.95148e+20 3.05246e+17 3.36002e+07 68 25.5459 25 0.131443
916 1.47574e+20 1.68102e+17 8.43506e+06 67 24.9141 23 0.125529
917 4.72237e+21 5.12379e+18 3.36092e+07 72 25.7676 25 0.130109
918 5.76461e+17 2.5784e+15 6.71536e+07 59 25.666 26 0.125584
919 1.47574e+20 2.35241e+17 3.36095e+07 67 25.1406 25 0.124783
920 2.95148e+20 5.9465e+17 3.35995e+07 68 24.7842 25 0.120262
921 7.3787e+19 1.35404e+17 6.71582e+07 66 26.8213 26 0.131053
922 1.18059e+21 1.17155e+18 8.42897e+06 70 23.376 23 0.115826
923 2.36118e+21 2.35679e+18 4.22907e+06 71 21.9385 22 0.110051
924 4.61169e+18 1.07805e+16 8.43156e+06 62 23.0967 23 0.118018
925 7.3787e+19 1.86168e+17 8.43074e+06 66 23.3242 23 0.116599
926 2.95148e+20 3.91552e+17 2.14314e+06 68 22.9385 21 0.116063
927 2.36118e+21 3.48451e+18 8.43781e+06 71 23.5625 23 0.115969
928 9.22337e+18 1.03716e+16 4.2411e+06 63 22.9854 22 0.114579
929 4.72237e+21 5.90746e+18 8.4374e+06 72 24.1855 23 0.126714
930 2.41785e+24 2.36121e+21 8.43846e+06 81 24.043 23 0.12445
931 1.18059e+21 3.4476e+18 1.68245e+07 70 24.834 24 0.127338
932 2.36118e+21 2.8193e+18 1.68241e+07 71 24.2451 24 0.121343
933 3.77789e+22 3.75698e+19 1.08941e+06 75 22.8525 20 0.119813
934 2.36118e+21 3.1663e+18 3.36011e+07 71 25.3643 25 0.127166
935 2.36118e+21 2.61698e+18 4.23195e+06 71 23.0332 22 0.121896
936 6.04463e+23 6.03192e+20 1.68179e+07 79 24.541 24 0.127267
937 1.47574e+20 2.26221e+17 1.08392e+06 67 22.3564 20 0.119413
938 6.04463e+23 5.91042e+20 8.43734e+06 79 24.1113 23 0.129973
939 4.72237e+21 5.13579e+18 1.68228e+07 72 24.498 24 0.127874
940 4.72237e+21 6.54912e+18 4.22686e+06 72 23.0762 22 0.11888
941 4.72237e+21 1.23372e+19 3.36008e+07 72 25.6338 25 0.134015
942 1.47574e+20 5.06981e+17 8.4339e+06 67 23.3516 23 0.122107
943 2.36118e+21 2.42737e+18 8.43758e+06 71 23.3682 23 0.120573
944 4.72237e+21 7.91566e+18 3.3606e+07 72 25.3643 25 0.130682
945 5.90296e+20 9.92175e+17 1.68293e+07 69 24.3379 24 0.122352
946 4.72237e+21 8.53411e+18 4.23141e+06 72 23.2646 22 0.118642
947 9.44473e+21 1.12153e+19 1.68276e+07 73 24.3486 24 0.126294
948 1.18059e+21 1.49359e+18 3.36044e+07 70 24.5205 25 0.12432
949 3.68935e+19 8.08986e+16 1.07999e+06 65 21.8701 20 0.114582
950 1.84467e+19 6.4052e+16 4.23745e+06 64 23.2373 22 0.119535
951 2.36118e+21 3.81792e+18 4.22387e+06 71 23.5107 22 0.119864
952 1.18059e+21 1.29767e+18 1.08577e+06 70 22.0938 20 0.1158
953 7.3787e+19 1.48777e+17 2.1295e+06 66 22.1406 21 0.116031
954 5.90296e+20 9.18971e+17 1.08446e+06 69 21.793 20 0.11536
955 5.90296e+20 8.21653e+17 4.23778e+06 69 22.4248 22 0.12168
956 1.88895e+22 1.85138e+19 1.68313e+07 74 24.6074 24 0.126535
957 1.18059e+21 2.76277e+18 3.35989e+07 70 25.833 25 0.132692
958 2.36118e+21 3.47108e+18 1.68271e+07 71 25.2148 24 0.136723
959 1.47574e+20 4.87046e+17 8.43236e+06 67 24.5 23 0.134348
960 9.44473e+21 1.65776e+19 1.0802e+06 73 23.0322 20 0.125391
961 7.55579e+22 7.38424e+19 4.24428e+06 76 23.834 22 0.12483
962 7.55579e+22 7.48111e+19 3.35987e+07 76 26.0205 25 0.142648
963 5.90296e+20 8.19761e+17 4.23201e+06 69 24.1221 22 0.127078
964 1.18059e+21 1.36966e+18 2.13526e+06 70 23.1689 21 0.1293
965 4.72237e+21 4.75575e+18 552055 72 22.2422 19 0.122999
966 2.95148e+20 6.91587e+17 8.43274e+06 68 24.5352 23 0.125976
967 1.20893e+24 1.18124e+21 2.13272e+06 80 24.1016 21 0.135396
968 3.68935e+19 9.40045e+16 2.14044e+06 65 23.6006 21 0.131697
969 1.47574e+20 2.56242e+17 1.08431e+06 67 22.624 20 0.128127
970 7.73713e+25 7.55793e+22 4.22587e+06 86 23.7236 22 0.122171
971 2.36118e+21 4.35618e+18 2.12461e+06 71 23.6621 21 0.13441
972 1.18059e+21 3.31251e+18 546868 70 22.374 19 0.121847
973 1.18059e+21 1.21121e+18 1.08071e+06 70 23.2734 20 0.121234
974 1.18059e+21 1.85799e+18 556726 70 22.1895 19 0.12036
975 1.88895e+22 1.86934e+19 4.23643e+06 74 23.8926 22 0.129139
976 1.47574e+20 2.33425e+17 1.68292e+07 67 25.3418 24 0.129302
977 1.88895e+22 1.93308e+19 8.44186e+06 74 24.4189 23 0.126927
978 1.18059e+21 5.34068e+18 295594 70 21.5547 18 0.121682
979 4.72237e+21 7.11563e+18 1.08495e+06 72 23.0967 20 0.122632
980 5.90296e+20 1.3165e+18 1.68285e+07 69 25.1211 24 0.135715
981 3.68935e+19 1.5641e+17 4.22475e+06 65 23.6357 22 0.126449
982 7.55579e+22 7.91412e+19 8.43567e+06 76 24.1094 23 0.124685
983 2.41785e+24 2.36719e+21 3.35862e+07 81 23.8057 25 0.125873
984 3.09485e+26 3.02236e+23 1.68345e+07 88 25.6025 24 0.131733
985 1.88895e+22 1.87768e+19 4.23874e+06 74 23.5498 22 0.124759
986 1.18059e+21 1.69044e+18 1.68324e+07 70 25.8711 24 0.129657
987 1.84467e+19 4.1727e+16 1.68263e+07 64 24.6934 24 0.129526
988 1.18059e+21 1.23127e+18 1.68228e+07 70 25.0859 24 0.123169
989 1.18059e+21 1.3039e+18 8.43698e+06 70 23.5898 23 0.124457
990 4.72237e+21 5.83204e+18 2.13056e+06 72 23.3564 21 0.124934
991 2.36118e+21 2.70083e+18 8.43224e+06 71 24.375 23 0.126925
992 7.55579e+22 9.22745e+19 4.23224e+06 76 23.9375 22 0.119257
993 2.30584e+18 7.53268e+15 1.08877e+06 61 22.7939 20 0.116539
994 7.55579e+22 7.40315e+19 555906 76 21.9395 19 0.127256
995 1.18059e+21 1.16871e+18 2.13675e+06 70 22.8213 21 0.114373
996 1.47574e+20 3.35854e+17 4.23057e+06 67 23.5693 22 0.121202
997 2.95148e+20 6.5317e+17 4.23868e+06 68 23.3896 22 0.11751
998 1.47574e+20 1.69554e+17 2.12796e+06 67 21.7969 21 0.12773
999 1.18059e+21 1.19818e+18 2.13892e+06 70 22.793 21 0.115959
1000 7.3787e+19 1.68755e+17 4.23254e+06 66 23.4883 22 0.119327
1001 1.84467e+19 3.27611e+16 4.23441e+06 64 23.126 22 0.11885
1002 9.22337e+18 1.89072e+16 4.22425e+06 63 23.1787 22 0.120948
1003 3.68935e+19 4.18288e+16 2.14188e+06 65 22.8076 21 0.12756
1004 1.51116e+23 1.47826e+20 4.22943e+06 77 22.9209 22 0.11642
1005 9.22337e+18 2.46922e+16 1.68225e+07 63 23.8809 24 0.116104
1006 2.95148e+20 4.57214e+17 2.13343e+06 68 22.0557 21 0.121986
1007 1.84467e+19 4.70161e+16 2.1381e+06 64 23.043 21 0.125482
1008 1.47574e+20 2.00256e+17 4.23272e+06 67 23.2588 22 0.127315
1009 1.47574e+20 1.56294e+17 4.23682e+06 67 23.6191 22 0.122976
1010 2.95148e+20 2.98794e+17 4.23857e+06 68 23.6191 22 0.116864
1011 1.84467e+19 2.2089e+16 2.14039e+06 64 22.877 21 0.113931
1012 9.22337e+18 1.54084e+16 2.12955e+06 63 22.4668 21 0.114165
1013 2.95148e+20 3.83585e+17 549520 68 20.625 19 0.100102
1014 6.04463e+23 5.91053e+20 4.23313e+06 79 23.917 22 0.116068
1015 2.95148e+20 3.57013e+17 1.3428e+08 68 28.1543 27 0.141864
1016 1.18059e+21 1.37416e+18 6.71696e+07 70 27.3652 26 0.145037
1017 6.04463e+23 5.92749e+20 2.68505e+08 79 29.1973 28 0.140951
1018 1.88895e+22 1.94251e+19 2.68497e+08 74 28.5508 28 0.145329
1019 1.18059e+21 1.3519e+18 1.34274e+08 70 27.3604 27 0.151445
1020 6.04463e+23 5.9159e+20 3.36095e+07 79 26.7842 25 0.13575
1021 2.36118e+21 3.17563e+18 1.34261e+08 71 27.0322 27 0.136587
1022 5.90296e+20 2.1756e+18 1.34278e+08 69 28.0146 27 0.138455
1023 2.36118e+21 3.03667e+18 3.36067e+07 71 26.0732 25 0.130133
1024 1.88895e+22 1.88694e+19 3.36039e+07 74 26.0381 25 0.131799
1025 5.90296e+20 1.01507e+18 5.36956e+08 69 28.7021 29 0.142205
1026 7.55579e+22 7.92677e+19 1.34268e+08 76 27.1143 27 0.132496
1027 6.04463e+23 5.90362e+20 3.35897e+07 79 26.0391 25 0.129436
1028 1.47574e+20 4.44591e+17 2.68496e+08 67 28.0176 28 0.142243
1029 1.47574e+20 2.90974e+17 1.34265e+08 67 26.8545 27 0.137615
1030 2.36118e+21 2.98919e+18 3.36006e+07 71 25.6377 25 0.132908
1031 1.18059e+21 1.79886e+18 3.36164e+07 70 26.5039 25 0.129759
1032 4.72237e+21 7.2186e+18 1.68117e+07 72 25.0732 24 0.125952
1033 2.95148e+20 5.19695e+17 1.68186e+07 68 25.3018 24 0.132089
1034 1.18059e+21 2.16544e+18 1.68266e+07 70 25.8945 24 0.136456
1035 5.90296e+20 8.27794e+17 1.68177e+07 69 24.7969 24 0.135978
1036 5.90296e+20 8.20075e+17 1.07225e+06 69 21.8633 20 0.116337
1037 4.72237e+21 7.72679e+18 4.23979e+06 72 24.0479 22 0.131427
1038 1.88895e+22 2.11479e+19 1.08147e+06 74 22.1494 20 0.11702
1039 1.88895e+22 1.92037e+19 8.44203e+06 74 24.8896 23 0.125918
1040 9.44473e+21 2.3131e+19 6.7166e+07 73 26.8613 26 0.138702
1041 7.3787e+19 1.12371e+17 4.23482e+06 66 23.5859 22 0.125443
1042 5.90296e+20 6.21884e+17 4.23918e+06 69 23.1895 22 0.129132
1043 5.90296e+20 7.65979e+17 3.35894e+07 69 25.1826 25 0.135703
1044 1.18059e+21 1.67647e+18 3.35928e+07 70 25.0635 25 0.134816
1045 7.55579e+22 7.54856e+19 3.36022e+07 76 26.002 25 0.136246
1046 9.44473e+21 9.3372e+18 2.68499e+08 73 28.4727 28 0.142881
1047 2.36118e+21 3.78379e+18 2.68488e+08 71 27.9238 28 0.139174
1048 9.44473e+21 9.8081e+18 3.36045e+07 73 26.4609 25 0.132779
1049 4.72237e+21 7.47289e+18 1.34277e+08 72 28.5771 27 0.140931
1050 9.44473e+21 1.18882e+19 6.71663e+07 73 27.4258 26 0.143019
1051 1.47574e+20 2.34506e+17 3.3597e+07 67 26.6348 25 0.137022
1052 7.55579e+22 8.63006e+19 6.71613e+07 76 26.9863 26 0.133587
1053 7.55579e+22 8.77867e+19 3.36156e+07 76 26.8887 25 0.13654
1054 9.44473e+21 1.51919e+19 1.6829e+07 73 26.0029 24 0.134046
1055 1.47574e+20 5.93432e+17 6.71641e+07 67 27.6748 26 0.135567
1056 5.90296e+20 9.17266e+17 8.43945e+06 69 25.5508 23 0.132604
1057 2.95148e+20 5.08784e+17 6.71717e+07 68 27.582 26 0.134013
1058 1.18059e+21 1.59877e+18 1.34288e+08 70 28.1123 27 0.143494
1059 1.88895e+22 2.09335e+19 3.36088e+07 74 25.9287 25 0.139822
1060 1.18059e+21 1.67428e+18 8.44101e+06 70 25.5635 23 0.132403
1061 1.88895e+22 2.21262e+19 6.71566e+07 74 26.7168 26 0.136409
1062 2.95148e+20 6.15029e+17 4.24233e+06 68 24.8223 22 0.134004
1063 5.90296e+20 1.30261e+18 1.08243e+06 69 23.3252 20 0.118809
1064 2.95148e+20 4.11572e+17 8.4374e+06 68 24.7842 23 0.125934
1065 1.47574e+20 3.112e+17 6.71674e+07 67 26.9043 26 0.133548
1066 1.51116e+23 1.50349e+20 1.68271e+07 77 25.7266 24 0.136453
1067 1.18059e+21 3.10867e+18 4.24551e+06 70 24.6416 22 0.128208
1068 1.51116e+23 1.5008e+20 4.23608e+06 77 24.1309 22 0.128406
1069 2.36118e+21 4.81009e+18 3.36096e+07 71 25.8184 25 0.131904
1070 3.02231e+23 3.15584e+20 1.68345e+07 78 25.0723 24 0.130879
1071 1.47574e+20 3.47318e+17 1.68268e+07 67 24.3994 24 0.126954
1072 1.18059e+21 1.2692e+18 8.43124e+06 70 24.2891 23 0.123815
1073 1.93428e+25 1.88907e+22 1.68191e+07 84 23.7266 24 0.125668
1074 3.68935e+19 9.22583e+16 1.68267e+07 65 24.0039 24 0.121241
1075 5.90296e+20 1.46957e+18 8.43986e+06 69 24.1338 23 0.122116
1076 1.51116e+23 1.47918e+20 3.36051e+07 77 25.1113 25 0.127288
1077 7.3787e+19 1.56418e+17 3.36022e+07 66 25.7773 25 0.127494
1078 5.90296e+20 8.42614e+17 4.23973e+06 69 23.4941 22 0.125603
1079 1.18059e+21 1.76125e+18 1.68177e+07 70 24.3848 24 0.128556
1080 1.18059e+21 1.27844e+18 4.23435e+06 70 24.498 22 0.12862
1081 6.04463e+23 7.39038e+20 2.13627e+06 79 23.1582 21 0.118454
1082 2.36118e+21 3.31243e+18 2.13548e+06 71 22.9131 21 0.118707
1083 5.90296e+20 9.55238e+17 8.43143e+06 69 23.6592 23 0.125681
1084 1.47574e+20 1.98268e+17 1.68206e+07 67 23.9844 24 0.122782
1085 3.02231e+23 3.7257e+20 4.24386e+06 78 23.7969 22 0.12207
1086 1.18059e+21 2.07037e+18 1.68252e+07 70 24.8408 24 0.126082
1087 2.95148e+20 5.63148e+17 8.42724e+06 68 23.835 23 0.123125
1088 9.44473e+21 1.16861e+19 4.23745e+06 73 23.0869 22 0.11927
1089 1.18059e+21 1.33249e+18 8.43793e+06 70 24.3359 23 0.123168
1090 1.18059e+21 1.49082e+18 8.43686e+06 70 24.0117 23 0.124025
1091 5.90296e+20 7.678e+17 1.08076e+06 69 21.6084 20 0.109849
1092 2.95148e+20 3.72644e+17 2.14009e+06 68 22.2842 21 0.11578
1093 5.90296e+20 8.18338e+17 4.23377e+06 69 23.6953 22 0.125531
1094 4.72237e+21 5.39519e+18 2.12159e+06 72 21.7051 21 0.113824
1095 9.44473e+21 9.31051e+18 1.08441e+06 73 22.002 20 0.1123
1096 1.18059e+21 1.51361e+18 4.23365e+06 70 23.4707 22 0.11895
1097 4.72237e+21 5.45129e+18 2.1351e+06 72 22.5508 21 0.117208
1098 2.36118e+21 4.65467e+18 4.23608e+06 71 23.1426 22 0.11574
1099 2.95148e+20 4.25231e+17 2.12687e+06 68 22.4404 21 0.113874
1100 4.72237e+21 5.03552e+18 2.14094e+06 72 23.1055 21 0.117931
1101 7.3787e+19 3.03504e+17 8.43585e+06 66 24.4561 23 0.121844
1102 7.3787e+19 2.01365e+17 2.133e+06 66 22.6943 21 0.120964
1103 4.72237e+21 6.7693e+18 2.13457e+06 72 22.1582 21 0.113491
1104 1.51116e+23 1.58259e+20 2.12802e+06 77 22.1191 21 0.112997
1105 4.72237e+21 9.86948e+18 1.08086e+06 72 21.7686 20 0.113316
1106 4.72237e+21 9.25947e+18 559691 72 21.0645 19 0.109608
1107 3.77789e+22 3.96143e+19 2.13157e+06 75 23.0146 21 0.118286
1108 5.90296e+20 6.77078e+17 8.43193e+06 69 23.5801 23 0.119842
1109 2.95148e+20 8.10882e+17 2.13101e+06 68 22.7666 21 0.114515
1110 4.72237e+21 4.70279e+18 1.07973e+06 72 21.9434 20 0.113954
1111 1.88895e+22 3.79102e+19 288830 74 20.3438 18 0.11568
1112 5.90296e+20 8.48065e+17 288569 69 20.1436 18 0.107752
1113 1.18059e+21 1.51269e+18 555123 70 20.8467 19 0.108558
1114 9.44473e+21 1.05449e+19 1.08524e+06 73 21.6094 20 0.111042
1115 9.67141e+24 9.44546e+21 4.23812e+06 83 23.1484 22 0.119277
1116 2.36118e+21 4.08915e+18 8.42897e+06 71 24.3857 23 0.132775
1117 1.18059e+21 2.00186e+18 4.22852e+06 70 22.8389 22 0.124075
1118 9.44473e+21 1.47454e+19 4.23141e+06 73 23.0879 22 0.122357
1119 7.55579e+22 8.0174e+19 555262 76 20.7129 19 0.110311
1120 3.02231e+23 2.95366e+20 2.14039e+06 78 22.7109 21 0.126464
1121 2.41785e+24 2.36143e+21 2.12938e+06 81 22.5605 21 0.121851
1122 1.18059e+21 2.48977e+18 2.12756e+06 70 21.9951 21 0.114376
1123 4.72237e+21 4.76701e+18 558733 72 20.8965 19 0.121254
1124 5.90296e+20 5.84433e+17 552438 69 20.0752 19 0.113015
1125 1.18059e+21 1.56134e+18 553059 70 20.6709 19 0.109298
1126 1.84467e+19 2.23203e+16 1.07319e+06 64 20.5146 20 0.11061
1127 1.47574e+20 2.27299e+17 549223 67 20.2285 19 0.114364
1128 5.90296e+20 7.14683e+17 559647 69 21.2812 19 0.116856
1129 7.3787e+19 1.11149e+17 553721 66 20.6523 19 0.114088
1130 2.36118e+21 2.69819e+18 542637 71 20.7129 19 0.118288
1131 5.90296e+20 8.78202e+17 555308 69 21.5449 19 0.118295
1132 1.18059e+21 2.1753e+18 88519.8 70 19.0801 16 0.108659
1133 3.77789e+22 3.9584e+19 287869 75 20.4492 18 0.110785
1134 3.68935e+19 6.52529e+16 84502.8 65 18.4961 16 0.105244
1135 9.44473e+21 1.19909e+19 288263 73 20.1729 18 0.111051
1136 7.55579e+22 7.52932e+19 553768 76 21.2637 19 0.117168
1137 2.30584e+18 6.52791e+15 83856.3 61 18.252 16 0.110374
1138 3.77789e+22 3.69686e+19 89008.9 75 19.0039 16 0.109841
1139 1.18059e+21 1.42537e+18 289391 70 20.6211 18 0.111875
1140 2.95148e+20 3.66865e+17 157149 68 19.5889 17 0.107315
1141 3.68935e+19 8.58011e+16 84955.2 65 18.7695 16 0.10003
1142 5.90296e+20 1.18676e+18 294975 69 20.9326 18 0.113185
1143 9.44473e+21 9.32693e+18 91663.1 73 19.2109 16 0.108318
1144 1.88895e+22 1.8542e+19 535142 74 21.4531 19 0.119784
1145 1.18059e+21 1.81526e+18 552486 70 21.877 19 0.116113
1146 1.88895e+22 2.07729e+19 288699 74 20.6826 18 0.113093
1147 7.3787e+19 1.97703e+17 550942 66 21.6836 19 0.117335
1148 2.36118e+21 2.67402e+18 151022 71 20.3828 17 0.112594
1149 9.44473e+21 9.30491e+18 33938 73 17.4131 14 0.0997183
1150 1.18059e+21 1.9233e+18 160480 70 20.3428 17 0.107157
1151 2.95148e+20 3.24471e+17 282790 68 20.2227 18 0.110132
1152 1.84467e+19 5.21529e+16 289778 64 20.7871 18 0.114147
1153 2.36118e+21 2.3098e+18 152027 71 19.0908 17 0.105583
1154 5.90296e+20 1.07522e+18 288830 69 20.8887 18 0.118211
1155 3.02231e+23 3.04778e+20 285003 78 20.3164 18 0.110966
1156 2.95148e+20 7.1608e+17 548527 68 21.4541 19 0.116844
1157 9.44473e+21 9.61455e+18 88974.2 73 19.79 16 0.111694
1158 4.72237e+21 6.71923e+18 287781 72 20.5693 18 0.11417
1159 1.20893e+24 1.19988e+21 155712 80 20.3174 17 0.111668
1160 1.47574e+20 5.65124e+17 1.07849e+06 67 22.3164 20 0.122437
1161 4.8357e+24 4.72406e+21 158061 82 20.2051 17 0.120358
1162 3.77789e+22 4.25729e+19 287648 75 20.7764 18 0.110407
1163 1.88895e+22 4.67479e+19 552295 74 21.6729 19 0.113478
1164 4.72237e+21 5.02619e+18 288394 72 20.1543 18 0.111437
1165 9.44473e+21 1.47555e+19 552103 73 21.8535 19 0.119178
1166 7.55579e+22 1.54557e+20 1.08122e+06 76 22.8369 20 0.132387
1167 1.88895e+22 2.9328e+19 291425 74 21.1709 18 0.122704
1168 3.68935e+19 1.04238e+17 152069 65 19.9062 17 0.114114
1169 6.04463e+23 6.08905e+20 90207.7 79 18.3682 16 0.103585
1170 1.20893e+24 1.18075e+21 154400 80 19.9268 17 0.111171
1171 9.44473e+21 1.19781e+19 153631 73 20.2803 17 0.108137
1172 4.95176e+27 4.85463e+24 286269 92 20.9727 18 0.115936
1173 1.18059e+21 4.09739e+18 89320.5 70 19.9639 16 0.109979
1174 5.90296e+20 9.63376e+17 87310.4 69 19.4141 16 0.110667
1175 1.20893e+24 1.18199e+21 87669.2 80 19.5957 16 0.110115
1176 7.92282e+28 7.73713e+25 85142.7 96 19.415 16 0.107237
1177 5.90296e+20 1.46357e+18 88554.9 69 20.3164 16 0.110313
1178 2.41785e+24 4.74108e+21 85701.7 81 19.1885 16 0.111373
1179 9.67141e+24 9.74245e+21 86328.9 83 19.4688 16 0.10917
1180 2.95148e+20 4.03065e+17 51387.2 68 17.6016 15 0.104749
1181 4.72237e+21 6.53007e+18 154800 72 19.8359 17 0.109014
1182 1.88895e+22 2.10728e+19 53550.4 74 17.3945 15 0.113694
1183 9.44473e+21 1.0256e+19 153834 73 19.2949 17 0.10308
1184 1.18059e+21 1.19617e+18 154319 70 19.793 17 0.107496
1185 1.47574e+20 4.57496e+17 88202.6 67 19.3037 16 0.110429
1186 1.84467e+19 4.69482e+16 90376 64 18.8203 16 0.108782
1187 1.47574e+20 2.39735e+17 87740.7 67 18.6387 16 0.106648
1188 5.90296e+20 6.7061e+17 289606 69 20.2959 18 0.110549
1189 9.44473e+21 1.11785e+19 290459 73 21.3311 18 0.116294
1190 6.04463e+23 5.95088e+20 156299 79 20.46 17 0.113605
1191 1.18059e+21 1.32633e+18 554845 70 21.7783 19 0.12039
1192 2.95148e+20 7.63212e+17 287516 68 19.8535 18 0.113146
1193 6.04463e+23 5.91834e+20 283580 79 20.0332 18 0.10847
1194 2.36118e+21 3.49334e+18 553863 71 21.0645 19 0.114536
1195 9.44473e+21 1.49492e+19 1.08147e+06 73 22.6943 20 0.127484
1196 3.77789e+22 4.26059e+19 555769 75 22.1455 19 0.122028
1197 4.72237e+21 5.93801e+18 288220 72 21.1963 18 0.118228
1198 1.88895e+22 2.51313e+19 149833 74 19.3262 17 0.112924
1199 1.51116e+23 1.49114e+20 156377 77 20.5039 17 0.112451
1200 7.92282e+28 7.73713e+25 11340.1 96 15.124 11 0.0923284
1201 4.8357e+24 4.84118e+21 89113 82 20.5283 16 0.117271
1202 1.93428e+25 1.90777e+22 155909 84 21.3096 17 0.117984
1203 2.41785e+24 2.4269e+21 87130 81 19.8115 16 0.109344
1204 3.96141e+28 3.86857e+25 54997 95 19.5986 15 0.109585
1205 1.20893e+24 1.18862e+21 32706.2 80 17.7158 14 0.0970917
1206 1.20893e+24 1.2385e+21 147491 80 20.6738 17 0.111124
1207 4.72237e+21 5.31138e+18 286717 72 21.2627 18 0.109567
1208 9.44473e+21 1.01718e+19 152235 73 20.209 17 0.108298
1209 6.04463e+23 8.90405e+20 54997 79 19.5205 15 0.105164
1210 4.8357e+24 4.73401e+21 151902 82 20.3096 17 0.106757
1211 3.68935e+19 5.19812e+16 89043.6 65 19.0928 16 0.103958
1212 1.18059e+21 2.90254e+18 86548.5 70 19.1797 16 0.10524
1213 1.18059e+21 1.15454e+18 87918.9 70 18.9082 16 0.104059
1214 1.93428e+25 1.88901e+22 157569 84 19.8857 17 0.10562
1215 6.04463e+23 5.91131e+20 290712 79 21.0146 18 0.110342
1216 1.51116e+23 1.67098e+20 555169 77 21.6445 19 0.115555
1217 3.77789e+22 3.90905e+19 556997 75 22.1572 19 0.116372
1218 3.02231e+23 5.9069e+20 289949 78 22.1885 18 0.11706
1219 2.95148e+20 7.97993e+17 155752 68 20.7402 17 0.113064
1220 4.8357e+24 4.72318e+21 288960 82 20.9961 18 0.114255
1221 1.18059e+21 2.64872e+18 152152 70 20.8047 17 0.110892
1222 2.36118e+21 5.65603e+18 151442 71 20.8252 17 0.117675
1223 2.36118e+21 2.91011e+18 83664.9 71 18.6934 16 0.108708
1224 4.72237e+21 5.89842e+18 83932.7 72 19.1621 16 0.109266
1225 4.72237e+21 5.36756e+18 34367.6 72 17.959 14 0.102438
1226 3.68935e+19 3.86223e+16 12185.8 65 15.2256 11 0.0916776
1227 1.93428e+25 1.94844e+22 86949 84 19.4238 16 0.108631
1228 9.44473e+21 1.8688e+19 88414.3 73 19.5244 16 0.106916
1229 9.44473e+21 1.14536e+19 87310.4 73 19.4375 16 0.103264
1230 3.77789e+22 3.71932e+19 89423.8 75 20.0527 16 0.110187
1231 1.88895e+22 2.38055e+19 80809.9 74 18.8994 16 0.10305
1232 1.88895e+22 2.01882e+19 85886.9 74 19.3457 16 0.109356
1233 2.36118e+21 3.66947e+18 90106.3 71 19.5664 16 0.110267
1234 2.36118e+21 2.81588e+18 84237.4 71 18.3428 16 0.102321
1235 3.68935e+19 1.31176e+17 20070.1 65 16.4824 13 0.0958366
1236 4.72237e+21 6.14206e+18 36505.1 72 17.5859 14 0.101317
1237 9.44473e+21 1.39077e+19 11318.6 73 14.835 11 0.0867866
1238 3.77789e+22 4.00571e+19 6968.48 75 14.6074 8 0.0840452
1239 7.3787e+19 2.33836e+17 29965.9 66 16.5205 14 0.0934938
1240 7.3787e+19 2.63195e+17 55356.2 66 18.1611 15 0.0983726
1241 1.51116e+23 1.47932e+20 87633.4 77 19.2979 16 0.103005
1242 9.44473e+21 9.82759e+18 156377 73 19.4121 17 0.106018
1243 2.95148e+20 3.73253e+17 53801 68 18.1582 15 0.0967624
1244 7.3787e+19 1.90976e+17 155633 66 19.4658 17 0.100591
1245 1.20893e+24 1.18094e+21 34566.2 80 18.8457 14 0.10145
1246 1.47574e+20 4.09521e+17 159030 67 19.7432 17 0.105364
1247 3.77789e+22 3.93135e+19 53863.3 75 18.4873 15 0.0987776
1248 1.51116e+23 1.48755e+20 85441.5 77 18.2949 16 0.102737
1249 2.41785e+24 2.36707e+21 87093.8 81 19.1465 16 0.105998
1250 3.68935e+19 1.05662e+17 20183.3 65 17.2041 13 0.0998511
1251 3.68935e+19 1.37565e+17 17048.4 65 17.7754 12 0.0996186
1252 1.47574e+20 3.04532e+17 22219.9 67 18.0215 13 0.0962573
1253 6.04463e+23 5.90638e+20 23911 79 18.6064 13 0.101206
1254 1.47574e+20 3.48442e+17 45221.6 67 19.1123 15 0.100687
1255 6.04463e+23 5.94931e+20 32736 79 17.8145 14 0.0980239
1256 2.95148e+20 4.3849e+17 32256.3 68 18.2393 14 0.0999513
1257 7.73713e+25 7.55581e+22 52434.5 86 19.1367 15 0.108866
1258 9.44473e+21 1.06471e+19 151274 73 19.9326 17 0.110168
1259 1.51116e+23 1.5252e+20 157379 77 21.0449 17 0.114601
1260 1.88895e+22 1.98579e+19 289991 74 20.7764 18 0.107499
1261 1.88895e+22 2.10029e+19 287781 74 20.8408 18 0.113752
1262 1.88895e+22 2.09447e+19 552103 74 21.1885 19 0.111436
1263 3.02231e+23 4.47701e+20 293190 78 21.2549 18 0.119902
1264 3.77789e+22 4.4337e+19 555998 75 22.1797 19 0.116538
1265 1.51116e+23 1.66388e+20 88025.5 77 20.1387 16 0.112821
1266 4.72237e+21 6.11175e+18 147404 72 19.917 17 0.118153
1267 2.95148e+20 7.15214e+17 291716 68 20.6348 18 0.108787
1268 1.84467e+19 3.80312e+16 90409.6 64 19.5107 16 0.106525
1269 7.55579e+22 9.29716e+19 88167.3 76 19.9443 16 0.107534
1270 1.18059e+21 1.41926e+18 84955.2 70 19.4053 16 0.108021
1271 3.77789e+22 3.82853e+19 89286 75 20.21 16 0.112111
1272 1.18059e+21 1.57188e+18 558996 70 22.1279 19 0.117508
1273 4.72237e+21 5.45342e+18 2.13397e+06 72 23.6016 21 0.124828
1274 1.93428e+25 1.88994e+22 557042 84 22.4727 19 0.123756
1275 9.44473e+21 1.04913e+19 2.12904e+06 73 22.6357 21 0.119618
1276 6.04463e+23 5.91439e+20 2.13118e+06 79 23.082 21 0.128145
1277 1.51116e+23 2.23982e+20 552773 77 21.8691 19 0.122155
1278 3.77789e+22 3.88178e+19 281758 75 21.6143 18 0.11723
1279 2.95148e+20 5.41825e+17 87310.4 68 20.2754 16 0.112647
1280 2.36118e+21 2.62731e+18 86912.7 71 20.0391 16 0.115055
1281 1.88895e+22 2.05922e+19 88308.6 74 20.3359 16 0.110467
1282 9.44473e+21 9.32043e+18 291258 73 20.8652 18 0.11459
1283 3.96141e+28 3.86856e+25 158660 95 20.9932 17 0.113343
1284 1.88895e+22 2.53651e+19 548726 74 22.0586 19 0.116339
1285 2.36118e+21 2.93978e+18 552725 71 22.1396 19 0.118315
1286 4.72237e+21 6.31975e+18 1.08308e+06 72 23.4229 20 0.125698
1287 1.88895e+22 2.34856e+19 558777 74 22.8164 19 0.12157
1288 2.95148e+20 1.21393e+18 8.42954e+06 68 24.084 23 0.130254
1289 1.20893e+24 1.18914e+21 8.42575e+06 80 23.8516 23 0.125145
1290 9.44473e+21 1.78949e+19 4.23694e+06 73 24.0996 22 0.124876
1291 3.77789e+22 3.88882e+19 4.22178e+06 75 23.7402 22 0.125059
1292 1.20893e+24 1.18556e+21 1.68315e+07 80 25.8037 24 0.135152
1293 1.88895e+22 4.47174e+19 6.71637e+07 74 26.6338 26 0.137292
1294 2.36118e+21 3.10917e+18 8.43143e+06 71 24.6094 23 0.139118
1295 3.68935e+19 1.24657e+17 8.42608e+06 65 24.0566 23 0.131722
1296 1.18059e+21 1.20873e+18 546817 70 21.8154 19 0.118449
1297 1.18059e+21 2.53431e+18 4.23033e+06 70 23.502 22 0.127766
1298 1.18059e+21 3.33919e+18 287737 70 21.0811 18 0.123108
1299 1.20893e+24 1.48061e+21 560121 80 22.2207 19 0.12042
1300 9.44473e+21 1.85991e+19 2.13478e+06 73 22.6387 21 0.119343
1301 4.95176e+27 4.83571e+24 2.13217e+06 92 23.0566 21 0.120112
1302 3.02231e+23 3.14537e+20 149833 78 19.9248 17 0.109451
1303 1.88895e+22 1.95586e+19 87454.2 74 19.7607 16 0.107786
1304 4.72237e+21 8.27784e+18 88061 72 20.4258 16 0.109357
1305 6.1897e+26 9.06732e+23 88939.4 89 20.9004 16 0.113301
1306 1.20893e+24 1.18547e+21 32736 80 18.9512 14 0.10577
1307 1.88895e+22 2.67631e+19 49873.7 74 20.0342 15 0.111867
1308 2.36118e+21 2.71002e+18 24509.8 71 18.2617 13 0.102355
1309 1.88895e+22 1.9015e+19 157379 74 20.6885 17 0.111084
1310 1.51116e+23 2.03765e+20 49359 77 19.2031 15 0.106847
1311 9.67141e+24 1.42141e+22 85812.9 83 20.2168 16 0.110019
1312 1.51116e+23 1.85091e+20 157379 77 21.0869 17 0.115111
1313 1.20893e+24 1.32956e+21 280905 80 20.8838 18 0.115991
1314 3.02231e+23 3.25166e+20 84917.6 78 19.3887 16 0.113078
1315 5.90296e+20 1.68707e+18 292253 69 21.1982 18 0.116781
1316 2.95148e+20 8.17843e+17 87740.7 68 19.4707 16 0.108004
1317 3.02231e+23 2.95553e+20 86694.5 78 19.2939 16 0.103136
1318 7.92282e+28 7.73713e+25 90710.5 96 19.3037 16 0.104787
1319 1.88895e+22 1.96854e+19 34253.6 74 17.3818 14 0.0993724
1320 1.93428e+25 1.88991e+22 22724.2 84 16.3848 13 0.0944228
1321 5.90296e+20 8.72073e+17 85812.9 69 18.8564 16 0.104923
1322 1.88895e+22 2.36897e+19 89595.5 74 19.3164 16 0.113329
1323 4.72237e+21 4.66516e+18 87633.4 72 18.6338 16 0.103039
1324 2.36118e+21 3.03986e+18 50585.8 71 18.0273 15 0.100611
1325 1.51116e+23 1.50059e+20 87093.8 77 18.3203 16 0.102682
1326 9.44473e+21 1.26838e+19 152359 73 19.0322 17 0.102165
1327 1.47574e+20 1.74026e+17 289949 67 20.4287 18 0.113983
1328 2.95148e+20 6.06126e+17 1.07948e+06 68 21.3779 20 0.113753
1329 1.88895e+22 1.92146e+19 2.13669e+06 74 22.8369 21 0.123275
1330 3.77789e+22 3.6984e+19 554565 75 21.0078 19 0.115177
1331 5.90296e+20 9.76447e+17 290965 69 19.708 18 0.109975
1332 1.47574e+20 3.53362e+17 1.07922e+06 67 20.8701 20 0.110113
1333 2.36118e+21 2.78315e+18 1.08258e+06 71 21.7373 20 0.115034
1334 3.77789e+22 3.92706e+19 290881 75 20.0518 18 0.115654
1335 4.72237e+21 4.76831e+18 1.07859e+06 72 21.5 20 0.112979
1336 4.72237e+21 6.40511e+18 2.13034e+06 72 21.9551 21 0.115415
1337 7.92282e+28 7.73713e+25 1.07973e+06 96 21.4463 20 0.112531
1338 3.02231e+23 2.97215e+20 2.13805e+06 78 22.7119 21 0.121314
1339 7.92282e+28 7.73713e+25 1.08757e+06 96 22.3291 20 0.120716
1340 3.77789e+22 4.22524e+19 554238 75 21.4785 19 0.113673
1341 5.90296e+20 1.28868e+18 1.08096e+06 69 22.0361 20 0.113792
1342 7.3787e+19 8.13749e+16 1.07319e+06 66 21.1738 20 0.11763
1343 1.18059e+21 1.92207e+18 3.36032e+07 70 25.083 25 0.126545
1344 9.44473e+21 9.31058e+18 8.4347e+06 73 23.4912 23 0.124708
1345 4.72237e+21 6.7268e+18 8.43317e+06 72 23.6143 23 0.126364
1346 4.72237e+21 6.38028e+18 4.23812e+06 72 23.4219 22 0.122251
1347 9.44473e+21 9.40802e+18 4.23907e+06 73 23.6514 22 0.126431
1348 1.9807e+28 1.93428e+25 4.22955e+06 94 22.5684 22 0.126509
1349 2.36118e+21 3.63585e+18 2.1319e+06 71 22.21 21 0.124362
1350 2.95148e+20 3.89276e+17 557133 68 21.1406 19 0.119282
1351 4.72237e+21 4.92779e+18 552582 72 20.2734 19 0.119649
1352 3.02231e+23 2.95311e+20 550844 78 20.7139 19 0.114358
1353 1.51116e+23 1.47886e+20 548077 77 19.7598 19 0.111024
1354 3.77789e+22 3.74506e+19 1.08208e+06 75 21.6592 20 0.116843
1355 2.95148e+20 7.85774e+17 160515 68 20.2734 17 0.113962
1356 4.72237e+21 8.18742e+18 292581 72 20.54 18 0.112335
1357 7.92282e+28 7.79759e+25 1.07269e+06 96 21.2646 20 0.115617
1358 2.41785e+24 2.4196e+21 2.13414e+06 81 23.5273 21 0.126775
1359 9.44473e+21 1.67494e+19 547876 73 20.7021 19 0.128138
1360 3.77789e+22 4.24817e+19 556089 75 21.5859 19 0.11638
1361 4.72237e+21 6.63977e+18 2.13376e+06 72 22.9365 21 0.121023
1362 3.77789e+22 6.47562e+19 2.12659e+06 75 23.334 21 0.128699
1363 4.8357e+24 4.75723e+21 549223 82 21.2236 19 0.114044
1364 4.72237e+21 9.53568e+18 86730.9 72 19.2139 16 0.105884
1365 2.36118e+21 3.68548e+18 2.13505e+06 71 22.1025 21 0.120014
1366 1.51116e+23 3.05238e+20 2.12045e+06 77 22.4072 21 0.121083
1367 3.86856e+25 3.78299e+22 8.42782e+06 85 24.2734 23 0.126062
1368 7.73713e+25 8.15547e+22 8.41499e+06 86 24.9883 23 0.130924
1369 9.90352e+27 9.67145e+24 288307 93 20.6523 18 0.114563
1370 4.72237e+21 1.40786e+19 1.05971e+06 72 22.0264 20 0.12083
1371 1.93428e+25 1.93397e+22 1.07932e+06 84 22.3809 20 0.121696
1372 1.93428e+25 2.13544e+22 2.12791e+06 84 23.4375 21 0.125503
1373 1.54743e+26 1.53224e+23 3.36037e+07 87 26.6543 25 0.139523
1374 3.77789e+22 5.90732e+19 2.13505e+06 75 23.6318 21 0.128721
1375 1.88895e+22 3.92347e+19 8.43864e+06 74 25.1953 23 0.133875
1376 2.41785e+24 2.47798e+21 1.68207e+07 81 25.499 24 0.133342
1377 1.51116e+23 2.32247e+20 8.42253e+06 77 24.2686 23 0.130087
1378 3.77789e+22 4.97966e+19 4.23447e+06 75 22.833 22 0.126439
1379 3.02231e+23 4.83367e+20 8.4214e+06 78 23.749 23 0.124559
1380 2.41785e+24 2.43677e+21 4.24055e+06 81 23.5723 22 0.127927
1381 3.77789e+22 4.9315e+19 8.42929e+06 75 24.0996 23 0.129995
1382 1.93428e+25 2.83411e+22 3.35987e+07 84 24.5723 25 0.124226
1383 7.92282e+28 7.79757e+25 1.68267e+07 96 24.3789 24 0.126418
1384 2.41785e+24 2.82577e+21 8.42293e+06 81 23.252 23 0.122365
1385 1.51116e+23 1.60025e+20 1.6813e+07 77 24.0791 24 0.126804
1386 3.86856e+25 3.77957e+22 3.35884e+07 85 23.7012 25 0.126628
1387 2.36118e+21 3.28973e+18 3.36014e+07 71 24.5371 25 0.128257
1388 1.51116e+23 2.58114e+20 3.3601e+07 77 24.582 25 0.130492
1389 6.04463e+23 8.92221e+20 1.68306e+07 79 24.9365 24 0.12782
1390 2.36118e+21 4.33625e+18 1.34274e+08 71 27.3555 27 0.137691
1391 9.44473e+21 1.56992e+19 1.68253e+07 73 24.793 24 0.13666
1392 1.18059e+21 3.2856e+18 3.35984e+07 70 24.8789 25 0.134672
1393 6.04463e+23 6.37151e+20 3.36108e+07 79 25.1943 25 0.138551
1394 4.72237e+21 5.6872e+18 1.68234e+07 72 22.8613 24 0.124089
1395 4.8357e+24 4.73707e+21 3.36008e+07 82 24.3027 25 0.124568
1396 2.41785e+24 2.98005e+21 3.36109e+07 81 26.1006 25 0.132226
1397 1.51116e+23 1.71567e+20 1.68232e+07 77 24.8711 24 0.127701
1398 1.93428e+25 2.00807e+22 3.36001e+07 84 25.334 25 0.128081
1399 1.20893e+24 1.30967e+21 3.36083e+07 80 27.3936 25 0.139055
1400 3.02231e+23 4.93858e+20 1.68268e+07 78 26.333 24 0.13787
1401 7.55579e+22 9.68451e+19 1.6823e+07 76 25.709 24 0.134435
1402 1.54743e+26 1.51118e+23 8.42425e+06 87 23.6104 23 0.124661
1403 2.41785e+24 2.38175e+21 2.13948e+06 81 22.916 21 0.12146
1404 5.90296e+20 2.03609e+18 1.08288e+06 69 22.043 20 0.118381
1405 4.72237e+21 7.15248e+18 4.23918e+06 72 23.0742 22 0.120284
1406 1.18059e+21 2.04828e+18 8.43609e+06 70 24.3086 23 0.125298
1407 4.72237e+21 1.71994e+19 1.68215e+07 72 25.4258 24 0.131724
1408 4.72237e+21 6.85211e+18 8.43536e+06 72 24.3838 23 0.127031
1409 1.88895e+22 2.02449e+19 3.35974e+07 74 26.0439 25 0.134407
1410 7.55579e+22 7.61891e+19 1.68254e+07 76 25.1396 24 0.127204
1411 1.88895e+22 3.96211e+19 1.68268e+07 74 25.292 24 0.128907
1412 1.51116e+23 1.4836e+20 4.23141e+06 77 23.5771 22 0.125051
1413 3.09485e+26 3.21861e+23 1.68204e+07 88 25.5244 24 0.133407
1414 4.72237e+21 8.34271e+18 1.08941e+06 72 23.3711 20 0.124603
1415 1.20893e+24 1.24097e+21 3.36001e+07 80 25.9287 25 0.135963
1416 1.88895e+22 2.8299e+19 6.71588e+07 74 26.3984 26 0.138401
1417 1.20893e+24 2.16822e+21 6.71718e+07 80 26.6504 26 0.13906
1418 1.88895e+22 2.7595e+19 8.42891e+06 74 25.1133 23 0.132266
1419 3.86856e+25 3.7928e+22 3.36087e+07 85 26.6758 25 0.139618
1420 3.77789e+22 6.96797e+19 6.71532e+07 75 27.2402 26 0.141544
1421 1.20893e+24 1.51289e+21 3.35909e+07 80 25.665 25 0.135344
1422 3.86856e+25 3.77867e+22 1.68246e+07 85 25.0088 24 0.131292
1423 1.93428e+25 2.36817e+22 4.22255e+06 84 24.1318 22 0.126315
1424 1.54743e+26 1.51451e+23 2.14246e+06 87 24.209 21 0.128707
1425 3.77789e+22 5.60888e+19 85067.7 75 20.1162 16 0.112221
1426 3.02231e+23 3.53093e+20 8.43335e+06 78 24.1602 23 0.124807
1427 9.67141e+24 9.44766e+21 1.08328e+06 83 22.7715 20 0.121257
1428 1.93428e+25 2.84069e+22 3.35971e+07 84 25.4639 25 0.133637
1429 1.51116e+23 1.69644e+20 1.6812e+07 77 24.9609 24 0.137158
1430 4.8357e+24 5.35119e+21 6.716e+07 82 25.8799 26 0.136269
1431 3.77789e+22 5.2759e+19 6.71556e+07 75 26.2412 26 0.136896
1432 2.36118e+21 3.42209e+18 8.43421e+06 71 24.043 23 0.129214
1433 1.54743e+26 1.53485e+23 4.22544e+06 87 23.4561 22 0.124463
1434 9.44473e+21 1.05898e+19 159177 73 19.9492 17 0.123045
1435 3.02231e+23 3.00776e+20 296089 78 21.667 18 0.119986
1436 2.41785e+24 2.38211e+21 1.08273e+06 81 22.7646 20 0.131122
1437 7.55579e+22 7.54363e+19 1.07854e+06 76 22.3398 20 0.129387
1438 6.1897e+26 1.23785e+24 1.0802e+06 89 22.4824 20 0.126233
1439 3.86856e+25 3.78097e+22 1.08407e+06 85 22.2822 20 0.132549
1440 3.77789e+22 4.46327e+19 558864 75 22.5615 19 0.12203
1441 7.73713e+25 7.55795e+22 2.13387e+06 86 23.6943 21 0.131036
1442 6.04463e+23 6.68575e+20 4.22955e+06 79 24.0439 22 0.131059
1443 6.1897e+26 6.04781e+23 1.68218e+07 89 25.2998 24 0.135698
1444 3.02231e+23 3.6314e+20 8.42497e+06 78 24.5576 23 0.134178
1445 1.20893e+24 1.96087e+21 8.4347e+06 80 24.7197 23 0.133868
1446 1.51116e+23 2.01822e+20 558248 77 22.6172 19 0.136304
1447 1.54743e+26 1.51117e+23 2.12595e+06 87 22.3379 21 0.129491
1448 2.41785e+24 2.40429e+21 550454 81 21.3838 19 0.12743
1449 3.77789e+22 4.09863e+19 1.08519e+06 75 22.8584 20 0.124661
1450 4.72237e+21 1.52646e+19 559474 72 21.6201 19 0.119953
1451 9.44473e+21 1.89944e+19 1.0787e+06 73 21.9678 20 0.122003
1452 6.1897e+26 6.04844e+23 294741 89 21.1445 18 0.123154
1453 7.55579e+22 1.65022e+20 8.42306e+06 76 24.7988 23 0.13797
1454 1.23794e+27 1.24675e+24 1.07796e+06 90 23.0879 20 0.129075
1455 4.8357e+24 9.5391e+21 2.13151e+06 82 23.1201 21 0.126418
1456 3.77789e+22 1.1254e+20 1.07906e+06 75 22.5078 20 0.133223
1457 4.8357e+24 4.76258e+21 548527 82 22.5518 19 0.125314
1458 4.8357e+24 4.73612e+21 285231 82 20.6221 18 0.119262
1459 3.02231e+23 3.25335e+20 1.07302e+06 78 22.0488 20 0.131384
1460 1.88895e+22 1.86293e+19 1.0789e+06 74 22.2764 20 0.127797
1461 4.8357e+24 1.27196e+22 283949 82 20.752 18 0.124131
1462 1.93428e+25 1.89127e+22 551717 84 21.5732 19 0.13125
1463 9.67141e+24 1.18491e+22 1.08663e+06 83 23.3486 20 0.134007
1464 7.92282e+28 7.77894e+25 2.13112e+06 96 24.1543 21 0.139436
1465 6.04463e+23 6.36697e+20 4.22223e+06 79 24.4893 22 0.140526
1466 9.90352e+27 1.08839e+25 4.224e+06 93 24.2705 22 0.141828
1467 7.92282e+28 7.73949e+25 4.23505e+06 96 24.4912 22 0.137345
1468 2.47588e+27 2.43223e+24 4.23336e+06 91 24.5342 22 0.139752
1469 6.1897e+26 6.04852e+23 4.22305e+06 89 23.8096 22 0.144782
1470 2.41785e+24 2.37243e+21 551910 81 21.8516 19 0.136137
1471 6.04463e+23 1.10149e+21 4.2284e+06 79 25.4648 22 0.140864
1472 1.20893e+24 1.9616e+21 555400 80 22.9521 19 0.137922
1473 9.67141e+24 9.89264e+21 2.13638e+06 83 24.6982 21 0.136618
1474 1.88895e+22 2.96477e+19 1.07627e+06 74 22.8457 20 0.131777
1475 1.51116e+23 1.50696e+20 556907 77 22.8848 19 0.132492
1476 1.23794e+27 1.21151e+24 157645 90 20.6045 17 0.134597
1477 3.86856e+25 3.84224e+22 2.12705e+06 85 23.7109 21 0.134924
1478 7.73713e+25 8.07e+22 4.23868e+06 86 25.9307 22 0.145433
1479 9.90352e+27 9.73073e+24 1.07916e+06 93 24.5518 20 0.14909
1480 4.8357e+24 4.77082e+21 554612 82 23.6523 19 0.142977
1481 7.73713e+25 7.56906e+22 1.07627e+06 86 23.293 20 0.139113
1482 9.67141e+24 1.67519e+22 2.12525e+06 83 24.5654 21 0.139176
1483 7.92282e+28 7.73719e+25 2.12583e+06 96 24.6523 21 0.139618
1484 1.23794e+27 1.20936e+24 2.1295e+06 90 25.1895 21 0.152322
1485 4.95176e+27 4.83798e+24 1.08392e+06 92 24.1309 20 0.144664
1486 6.04463e+23 8.5304e+20 1.07198e+06 79 23.3203 20 0.135213
1487 4.8357e+24 7.35455e+21 549124 82 22.8955 19 0.13288
1488 3.02231e+23 7.28578e+20 1.06611e+06 78 23.4961 20 0.136914
1489 7.92282e+28 7.73713e+25 1.07802e+06 96 23.6973 20 0.138202
1490 3.09485e+26 3.04698e+23 556681 88 23.5098 19 0.143034
1491 7.92282e+28 7.85902e+25 2.12762e+06 96 25.1514 21 0.142253
1492 1.93428e+25 2.07947e+22 3.36004e+07 84 28.6494 25 0.159185
1493 7.92282e+28 7.73715e+25 8.41978e+06 96 27.0254 23 0.160553
1494 6.1897e+26 7.75151e+23 1.07828e+06 89 24.4873 20 0.147183
1495 3.02231e+23 3.26306e+20 4.2326e+06 78 26.9971 22 0.158889
1496 7.92282e+28 7.73713e+25 8.41493e+06 96 26.1406 23 0.145334
1497 1.23794e+27 1.20977e+24 4.22852e+06 90 25.9092 22 0.144903
1498 9.90352e+27 9.70943e+24 4.23087e+06 93 25.6904 22 0.152332
1499 7.92282e+28 7.76752e+25 8.42942e+06 96 27.6475 23 0.159692
