442.118
0 434.954 7.92323 4 2 0.0371094 0 0.0106126
1 435.127 9.41662 5 2 0.0439453 0 0.0107099
2 110.371 8.01821 4 1 0.0341797 0 0.0107032
3 435.151 8.86886 4 2 0.0410156 0 0.0107159
4 109.829 8.45492 5 1 0.0361328 0 0.0109304
5 435.053 10.8603 5 2 0.0507812 0 0.0111129
6 109.829 9.93633 5 1 0.0488281 0 0.0110396
7 433.776 10.7673 5 2 0.0566406 0 0.0109969
8 434.818 9.39266 5 2 0.0419922 0 0.0110314
9 110.371 9.08493 5 1 0.0419922 0 0.0109374
10 111.937 10.698 5 1 0.0566406 0 0.0110776
11 435.149 10.708 5 2 0.0507812 0 0.0110955
12 109.829 9.48023 6 1 0.0429688 0 0.0111742
13 435.151 9.33794 5 2 0.0410156 0 0.0110587
14 434.818 12.355 6 2 0.0664062 0 0.0112665
15 434.954 10.2352 6 2 0.046875 0 0.011318
16 434.954 10.4313 6 2 0.0488281 0 0.0112713
17 435.053 11.0727 6 2 0.0507812 0 0.0116313
18 435.053 11.5251 6 2 0.0585938 0 0.011369
19 434.639 10.6175 6 2 0.0478516 0 0.0114716
20 435.149 11.66 6 2 0.0566406 0 0.0113897
21 110.371 10.8181 6 1 0.0498047 0 0.0115954
22 435.127 13.4044 6 2 0.0683594 0 0.0115138
23 1004.99 11.6165 6 3 0.0488281 0 0.0114506
24 434.412 10.0531 6 2 0.0419922 0 0.0118042
25 435.127 12.7651 6 2 0.0644531 0 0.0115213
26 434.954 12.1937 6 2 0.0625 0 0.0113825
27 434.954 12.5966 6 2 0.0625 0 0.0116053
28 434.954 12.8685 6 2 0.0683594 0 0.0115705
29 435.076 11.0917 6 2 0.0478516 0 0.0114578
30 434.639 12.4396 6 2 0.0644531 0 0.0115653
31 435.151 12.6039 6 2 0.0595703 0 0.0115259
32 434.954 13.2476 6 2 0.0693359 0 0.011796
33 435.127 12.0202 6 2 0.0556641 0 0.0120558
34 435.127 12.3223 6 2 0.0595703 0 0.0115806
35 435.127 12.315 6 2 0.0566406 0 0.0116481
36 435.053 13.6576 6 2 0.0703125 0 0.0119319
37 435.117 12.6394 6 2 0.0585938 0 0.0117927
38 435.117 13.0149 6 2 0.0634766 0 0.0116759
39 435.151 13.7737 6 2 0.0644531 0 0.0118055
40 435.076 13.7794 6 2 0.0693359 0 0.0118474
41 435.151 13.7224 6 2 0.0673828 0 0.0119537
42 434.818 12.0474 6 2 0.0537109 0 0.0119732
43 435.151 14.6019 6 2 0.0722656 0 0.0119861
44 435.149 13.6929 6 2 0.0703125 0 0.0120316
45 435.149 16.005 7 2 0.0839844 0 0.0121138
46 1008.92 16.1671 7 3 0.0771484 0 0.0122557
47 435.127 16.0921 7 2 0.0859375 0 0.0121394
48 435.127 14.4982 7 2 0.0644531 0 0.0121832
49 435.117 16.0959 7 2 0.0791016 0 0.0123052
50 435.151 12.8971 7 2 0.0615234 0 0.0120097
51 435.053 12.2036 7 2 0.0537109 0 0.0121314
52 435.151 15.9953 7 2 0.0820312 0 0.0119346
53 435.127 14.4424 7 2 0.0751953 0 0.0121921
54 435.149 14.1578 7 2 0.0683594 0 0.0120914
55 435.151 13.9013 7 2 0.0673828 0 0.0123295
56 434.639 14.1624 8 2 0.0703125 0 0.0122673
57 435.151 17.2833 7 2 0.0908203 0 0.0122558
58 435.127 14.9708 7 2 0.0742188 0 0.0121013
59 435.053 15.3726 7 2 0.0810547 0 0.0124909
60 435.053 13.7991 7 2 0.0654297 0 0.0120834
61 435.053 16.4087 8 2 0.0888672 0 0.0123431
62 435.053 14.1136 8 2 0.0683594 0 0.0123083
63 435.053 13.4341 8 2 0.0615234 0 0.0122618
64 435.149 16.0094 8 2 0.0810547 0 0.0123339
65 435.127 13.4949 7 2 0.0576172 0 0.0122524
66 435.053 17.0561 8 2 0.0927734 0 0.0123289
67 434.954 13.1699 7 2 0.0625 0 0.0121672
68 435.149 15.7114 8 2 0.0820312 0 0.0122448
69 435.151 17.488 8 2 0.09375 0 0.0121601
70 435.151 16.952 8 2 0.0917969 0 0.0122713
71 435.151 18.7265 8 2 0.104492 0 0.0123091
72 435.149 14.9857 8 2 0.0751953 0 0.0122012
73 435.151 16.7997 8 2 0.0878906 0 0.0123267
74 435.151 14.7541 8 2 0.0732422 0 0.0122898
75 1009.59 16.8383 8 3 0.0859375 0 0.0122137
76 435.151 20.2766 8 2 0.109375 0 0.0123773
77 435.127 16.8375 8 2 0.0908203 0 0.0127579
78 434.954 17.7044 8 2 0.101562 0 0.0124416
79 1008.92 18.5736 8 3 0.09375 0 0.012389
80 435.151 16.75 8 2 0.0878906 0 0.0123709
81 435.127 16.9497 8 2 0.0927734 0 0.0124423
82 435.127 16.1675 8 2 0.0830078 0 0.0124819
83 435.117 16.032 8 2 0.0810547 0 0.0125058
84 435.149 18.6995 8 2 0.101562 0 0.0125288
85 1010.21 18.4284 8 3 0.0957031 0 0.0125449
86 435.151 20.7435 8 2 0.119141 0 0.0129584
87 434.818 19.4203 8 2 0.113281 0 0.0127052
88 435.127 18.7546 8 2 0.102539 0 0.0125896
89 435.149 18.6779 8 2 0.103516 0 0.0128135
90 435.127 20.7134 8 2 0.119141 0 0.0126245
91 1010.79 22.2869 8 3 0.12207 0 0.0128371
92 1008.92 24.8936 9 3 0.144531 0 0.0132957
93 435.151 21.4191 8 2 0.12207 0 0.0129064
94 435.127 23.4021 9 2 0.143555 0 0.0128548
95 435.151 21.0577 9 2 0.119141 0 0.0128297
96 435.151 20.9759 8 2 0.112305 0 0.0127246
97 435.151 20.6526 9 2 0.119141 0 0.0128331
98 435.149 24.905 9 2 0.140625 0 0.0129178
99 435.151 21.9137 9 2 0.125 0 0.0129653
100 435.117 22.9546 9 2 0.137695 0 0.0128186
101 435.151 22.3912 9 2 0.126953 0 0.0129545
102 435.151 22.4124 9 2 0.130859 0 0.012931
103 435.151 26.6228 9 2 0.160156 0 0.012969
104 435.149 21.8076 9 2 0.125977 0 0.0128188
105 435.151 23.2788 9 2 0.141602 0 0.0131214
106 435.149 23.1741 9 2 0.142578 0 0.0130306
107 435.151 25.5788 9 2 0.15332 0 0.0131296
108 435.149 25.8826 9 2 0.162109 0 0.0132928
109 435.151 25.5834 9 2 0.151367 0 0.0131673
110 435.149 23.0396 9 2 0.138672 0 0.0130622
111 435.151 26.1442 9 2 0.158203 0 0.0130189
112 1009.59 26.4356 9 3 0.146484 0 0.0131247
113 435.149 26.6201 9 2 0.15625 0 0.0131973
114 435.151 26.6162 9 2 0.170898 0 0.0131824
115 1009.59 28.6383 9 3 0.166016 0 0.0131369
116 435.151 27.7685 9 2 0.173828 0 0.0133096
117 1008.92 26.9641 9 3 0.161133 0 0.0132188
118 435.151 29.9742 9 2 0.186523 0 0.0133694
119 435.151 26.6436 9 2 0.164062 0 0.0133373
120 1010.79 30.3791 9 3 0.192383 0 0.013475
121 1011.31 30.2646 9 3 0.179688 0 0.0134097
122 435.149 31.7767 9 2 0.200195 0 0.0140154
123 1008.92 34.6981 9 3 0.204102 0 0.0133855
124 435.151 30.7635 9 2 0.191406 0 0.0134833
125 435.151 32.8948 9 2 0.207031 0 0.0135494
126 989.976 31.2623 9 3 0.196289 0 0.0135301
127 435.151 35.2103 9 2 0.21582 0 0.013503
128 435.151 32.4167 9 2 0.209961 0 0.0135741
129 1010.21 33.4579 9 3 0.205078 0 0.013972
130 435.151 35.1287 9 2 0.212891 0 0.0135888
131 435.151 35.7847 9 2 0.220703 0 0.0137538
132 1008.92 34.5388 9 3 0.220703 0 0.0136099
133 1011.31 36.7818 9 3 0.223633 0 0.0136129
134 435.151 32.0938 9 2 0.208984 0 0.0136433
135 1008.92 34.749 9 3 0.213867 0 0.0135085
136 435.151 34.3641 9 2 0.220703 0 0.0135997
137 435.151 32.5528 9 2 0.204102 0 0.0136614
138 1009.59 39.4038 9 3 0.248047 0 0.0136359
139 1009.59 33.2015 9 3 0.201172 0 0.0138853
140 435.151 36.3067 9 2 0.228516 0 0.0136816
141 1009.59 33.1305 9 3 0.214844 0 0.0136196
142 1011.31 38.7201 9 3 0.235352 0 0.0142328
143 1008.92 37.3027 9 3 0.235352 0 0.0141141
144 435.151 40.1029 9 2 0.25293 0 0.0136774
145 1012.18 36.2229 9 3 0.240234 0 0.0137266
146 1007.46 38.3524 9 3 0.245117 0 0.0138995
147 435.151 36.6607 9 2 0.239258 0 0.0136252
148 435.151 37.1802 9 2 0.239258 0 0.0138382
149 435.149 35.3652 9 2 0.236328 0 0.0137826
150 435.151 35.5337 9 2 0.233398 0 0.0136698
151 1008.92 38.8209 9 3 0.25293 0 0.0141735
152 1008.92 38.2012 9 3 0.244141 0 0.0137186
153 435.151 40.8013 9 2 0.277344 0 0.0136793
154 1011.78 42.0603 9 3 0.264648 0 0.0137788
155 1843.9 44.3663 9 4 0.276367 0 0.0137849
156 435.151 41.448 9 2 0.256836 0 0.0137174
157 1011.31 42.991 9 3 0.270508 0 0.0136918
158 1008.92 48.3384 10 3 0.310547 0 0.0137392
159 435.151 39.1162 9 2 0.255859 0 0.0139784
160 1008.92 42.1977 10 3 0.271484 0 0.0143986
161 1008.92 43.8019 9 3 0.286133 0 0.0140236
162 1009.59 43.7613 9 3 0.266602 0 0.0141932
163 1009.59 43.0303 10 3 0.27832 0 0.0147508
164 1012.52 41.3089 9 3 0.269531 0 0.0144373
165 435.151 47.4959 10 2 0.306641 0 0.0140327
166 1008.92 42.7192 10 3 0.289062 0 0.0138915
167 1009.59 47.4071 11 3 0.317383 0 0.0139623
168 1011.31 42.1778 11 3 0.285156 0 0.0140417
169 1002.23 42.4798 10 3 0.274414 0 0.0139919
170 1008.92 46.1262 11 3 0.302734 0 0.0141462
171 1008.92 46.1876 11 3 0.306641 0 0.0140447
172 435.151 42.5051 10 2 0.279297 0 0.0140773
173 1009.59 45.7392 11 3 0.298828 0 0.0140774
174 435.151 40.1788 9 2 0.266602 0 0.0139414
175 1011.78 53.1386 11 3 0.332031 0 0.0141617
176 1011.31 50.7974 11 3 0.327148 0 0.014136
177 1009.59 49.9115 11 3 0.31543 0 0.0141294
178 435.151 45.4903 11 2 0.296875 0 0.01413
179 1010.79 44.0878 11 3 0.293945 0 0.0140184
180 435.151 45.9438 10 2 0.296875 0 0.0140582
181 435.151 41.3015 11 2 0.276367 0 0.0142268
182 1010.21 45.9362 10 3 0.311523 0 0.0139835
183 1010.21 47.6434 10 3 0.297852 0 0.0140955
184 1010.21 47.8396 11 3 0.293945 0 0.0141177
185 1010.21 46.9942 12 3 0.316406 0 0.01415
186 435.151 45.1726 11 2 0.303711 0 0.0141166
187 1008.92 42.7495 9 3 0.274414 0 0.0143203
188 435.151 44.6311 11 2 0.300781 0 0.0144044
189 1008.92 39.5082 10 3 0.254883 0 0.0140485
190 1008.92 45.5284 11 3 0.291992 0 0.0142248
191 1008.92 46.3102 11 3 0.302734 0 0.0142448
192 1843.9 53.3477 11 4 0.327148 0 0.0142722
193 1011.31 46.2425 11 3 0.301758 0 0.014218
194 1008.92 43.6722 11 3 0.275391 0 0.014197
195 1008.92 47.8975 12 3 0.320312 0 0.0143212
196 1008.92 47.6884 12 3 0.317383 0 0.0141322
197 1011.31 49.7275 11 3 0.327148 0 0.0142599
198 1011.31 52.5084 12 3 0.337891 0 0.0142173
199 435.151 50.4524 11 2 0.325195 0 0.0141613
200 435.151 44.9478 11 2 0.311523 0 0.0142233
201 435.151 46.7763 11 2 0.300781 0 0.014373
202 1846.55 46.5709 12 4 0.301758 0 0.0144221
203 1843.9 48.8902 11 4 0.311523 0 0.0143857
204 1009.59 59.8992 12 3 0.37207 0 0.0143225
205 1008.92 44.5387 12 3 0.291016 0 0.0143127
206 1008.92 51.5186 12 3 0.329102 0 0.0144447
207 435.151 45.258 10 2 0.292969 0 0.0142126
208 1008.92 46.4076 12 3 0.299805 0 0.0144155
209 435.151 45.27 12 2 0.306641 0 0.0143535
210 1008.92 48.0413 12 3 0.317383 0 0.0143091
211 1011.31 52.329 12 3 0.326172 0 0.014522
212 1009.59 49.0657 12 3 0.326172 0 0.014494
213 1008.92 48.004 12 3 0.301758 0 0.0144475
214 1008.92 47.499 12 3 0.304688 0 0.0145206
215 1011.31 46.452 12 3 0.298828 0 0.0144479
216 1010.21 53.1319 12 3 0.335938 0 0.0143964
217 435.151 45.6098 12 2 0.30957 0 0.0143631
218 1009.59 52.2275 13 3 0.332031 0 0.0144066
219 1008.92 48.4584 11 3 0.30957 0 0.014337
220 1843.9 50.4409 12 4 0.322266 0 0.0145542
221 1009.59 48.3935 12 3 0.321289 0 0.0144136
222 1008.92 50.7461 12 3 0.341797 0 0.0147767
223 1008.92 52.3667 11 3 0.326172 0 0.0143507
224 1011.31 50.6736 13 3 0.331055 0 0.0145186
225 1009.59 46.6904 12 3 0.297852 0 0.0149737
226 1008.92 50.5012 12 3 0.324219 0 0.0144673
227 1843.9 50.1267 13 4 0.330078 0 0.0146294
228 435.149 48.1124 12 2 0.321289 0 0.0146311
229 1012.18 54.7888 13 3 0.362305 0 0.0146618
230 1008.92 50.5233 12 3 0.331055 0 0.0145284
231 1008.92 47.4699 12 3 0.317383 0 0.015069
232 435.151 47.2534 13 2 0.320312 0 0.0145198
233 1008.92 52.316 12 3 0.329102 0 0.0147616
234 1010.79 53.4202 13 3 0.334961 0 0.0146978
235 1011.31 44.7758 12 3 0.300781 0 0.0146395
236 1008.92 48.7261 12 3 0.321289 0 0.0145738
237 435.151 50.238 13 2 0.333984 0 0.0145976
238 1008.21 49.9478 13 3 0.334961 0 0.014438
239 1008.92 51.9348 12 3 0.342773 0 0.0145594
240 1008.92 50.7866 13 3 0.347656 0 0.0146333
241 1009.59 48.4069 12 3 0.311523 0 0.0145251
242 1007.46 50.08 12 3 0.320312 0 0.0147229
243 1011.31 57.9384 13 3 0.362305 0 0.014684
244 1011.31 48.2855 13 3 0.325195 0 0.0147227
245 1012.52 50.8326 13 3 0.323242 0 0.0150463
246 1010.21 60.847 13 3 0.363281 0 0.0148678
247 1008.92 50.8765 12 3 0.328125 0 0.0146357
248 435.151 49.0155 13 2 0.333008 0 0.014686
249 1009.59 52.7316 13 3 0.339844 0 0.0148747
250 1008.92 51.8052 13 3 0.334961 0 0.0149049
251 1011.31 49.7562 13 3 0.316406 0 0.0147377
252 1011.78 47.4845 13 3 0.310547 0 0.0148172
253 1008.92 48.4145 13 3 0.328125 0 0.0153406
254 1008.92 53.4934 13 3 0.352539 0 0.0149489
255 1007.46 52.7347 13 3 0.338867 0 0.0150302
256 1010.79 47.9744 13 3 0.302734 0 0.0150395
257 1008.92 52.4195 13 3 0.333984 0 0.0150063
258 1008.92 48.8537 13 3 0.301758 0 0.0149515
259 1008.92 55.1761 13 3 0.359375 0 0.0150094
260 1009.59 55.59 13 3 0.363281 0 0.015024
261 1008.92 47.3338 13 3 0.30957 0 0.0154272
262 1011.31 53.602 13 3 0.339844 0 0.0152643
263 1008.92 49.0022 13 3 0.324219 0 0.0151439
264 1008.92 48.2224 13 3 0.3125 0 0.0151622
265 1010.21 52.9421 13 3 0.333984 0 0.0150756
266 1008.92 52.2944 13 3 0.319336 0 0.0153508
267 1010.21 53.4241 13 3 0.332031 0 0.0151071
268 1009.59 49.507 13 3 0.3125 0 0.015383
269 1008.92 52.9892 13 3 0.336914 0 0.0154798
270 1008.92 52.3028 13 3 0.333008 0 0.0155354
271 1007.46 54.8275 13 3 0.351562 0 0.0158914
272 1010.79 52.7316 13 3 0.313477 0 0.01553
273 1841.02 59.7219 13 4 0.380859 0 0.0157438
274 1008.21 51.7433 13 3 0.338867 0 0.0155418
275 1001.24 52.5894 13 3 0.338867 0 0.0156306
276 1000.23 55.0758 14 3 0.359375 0 0.0157757
277 1007.46 53.0516 13 3 0.326172 0 0.0157988
278 1008.92 58.6481 15 3 0.365234 0 0.0159254
279 1004.1 53.8333 14 3 0.335938 0 0.0160372
280 1004.1 54.2808 14 3 0.34375 0 0.0160129
281 1000.23 56.3267 15 3 0.358398 0 0.0165633
282 1004.1 58.2706 15 3 0.354492 0 0.0164858
283 1008.21 52.9983 15 3 0.327148 0 0.0163988
284 1008.21 60.1061 15 3 0.367188 0 0.016469
285 1007.46 62.6488 15 3 0.375977 0 0.0164465
286 1010.79 59.8845 15 3 0.374023 0 0.0162924
287 1004.99 58.4151 15 3 0.354492 0 0.0166674
288 1008.92 57.041 15 3 0.34082 0 0.0167198
289 1010.21 64.7378 16 3 0.400391 0 0.0166735
290 1008.92 60.0504 15 3 0.375977 0 0.0167449
291 1008.92 58.6537 15 3 0.373047 0 0.016653
292 1837.92 57.6924 15 4 0.350586 0 0.0164671
293 1008.92 61.1693 15 3 0.379883 0 0.0165709
294 1005.85 56.9686 15 3 0.366211 0 0.0166931
295 1008.21 59.7288 15 3 0.362305 0 0.0170311
296 1011.31 61.3632 16 3 0.37793 0 0.0166926
297 1011.31 65.4728 17 3 0.388672 0 0.0172186
298 1841.02 65.2131 15 4 0.381836 0 0.017011
299 1837.92 61.537 15 4 0.375977 0 0.0171826
300 1009.59 63.2478 16 3 0.380859 0 0.0174627
301 1008.92 65.5305 15 3 0.37207 0 0.0176432
302 1008.92 65.6223 16 3 0.387695 0 0.0172494
303 1010.21 65.7373 17 3 0.40332 0 0.0177228
304 1843.9 64.8107 15 4 0.381836 0 0.0172335
305 1009.59 61.9029 16 3 0.364258 0 0.0179683
306 2942.72 65.532 17 5 0.375977 0 0.0181802
307 1010.79 61.3082 17 3 0.370117 0 0.0178726
308 1829.35 69.3616 17 4 0.40918 0 0.0176671
309 1000.23 65.3592 17 3 0.394531 0 0.0182685
310 1008.92 64.3603 17 3 0.373047 0 0.0182817
311 1823.71 65.4597 17 4 0.382812 0 0.0182725
312 1831.15 68.7595 17 4 0.390625 0 0.0182159
313 1839.49 66.4481 17 4 0.387695 0 0.0183333
314 1841.02 65.8637 17 4 0.374023 0 0.0185063
315 1011.31 67.7324 17 3 0.387695 0 0.0192705
316 1837.92 67.0576 17 4 0.396484 0 0.0191587
317 1007.46 68.6202 17 3 0.389648 0 0.0198207
318 1008.92 62.8754 17 3 0.362305 0 0.0203551
319 1002.23 66.9953 17 3 0.396484 0 0.0199358
320 1010.21 70.8764 17 3 0.379883 0 0.0205905
321 1005.85 64.3154 17 3 0.352539 0 0.0209244
322 1845.26 70.2898 19 4 0.388672 0 0.0215177
323 1827.51 69.2847 19 4 0.37793 0 0.022368
324 1008.21 73.0618 19 3 0.384766 0 0.0237026
325 1848.92 72.1891 19 4 0.355469 0 0.0242493
326 1009.59 69.0362 18 3 0.329102 0 0.0245936
327 1006.68 70.0607 22 3 0.336914 0 0.0262054
328 1002.23 72.6386 22 3 0.327148 0 0.0275649
329 1007.46 76.893 101 3 0.345703 0 0.0288443
330 1009.59 73.4753 101 3 0.295898 0 0.0305785
331 1008.21 76.3966 101 3 0.299805 0 0.0322609
332 1004.1 75.0818 101 3 0.291016 0 0.0319785
333 1832.91 79.5716 101 4 0.273438 0 0.0342715
334 1010.79 78.162 101 3 0.288086 0 0.0347903
335 1008.21 76.6998 101 3 0.239258 0 0.0374943
336 1006.68 75.0653 101 3 0.240234 0 0.0359519
337 1005.85 73.982 101 3 0.223633 0 0.0368649
338 991.21 77.0721 101 3 0.233398 0 0.0383689
339 1843.9 80.6558 101 4 0.219727 0 0.041183
340 1004.99 76.9605 101 3 0.206055 0 0.0398031
341 1009.59 84.1712 101 3 0.230469 0 0.042806
342 999.194 77.8537 101 3 0.210938 0 0.0412714
343 999.194 85.5677 101 3 0.249023 0 0.0421472
344 1000.23 79.125 101 3 0.227539 0 0.040186
345 1821.75 87.6471 101 4 0.231445 0 0.0427663
346 1010.21 82.2378 101 3 0.213867 0 0.0427608
347 1010.21 79.7865 101 3 0.219727 0 0.041168
348 1002.23 84.6071 101 3 0.231445 0 0.0421661
349 1008.92 82.9248 101 3 0.210938 0 0.04338
350 1010.21 85.8509 101 3 0.224609 0 0.0437836
351 1004.99 85.9475 101 3 0.234375 0 0.0431035
352 1008.21 89.824 101 3 0.256836 0 0.0431114
353 1007.46 81.9303 101 3 0.222656 0 0.0409348
354 1008.21 84.9926 101 3 0.231445 0 0.0432856
355 1008.21 81.9826 101 3 0.214844 0 0.0431569
356 998.128 84.702 101 3 0.233398 0 0.0440869
357 997.036 82.4996 101 3 0.194336 0 0.0445474
358 997.036 83.9992 101 3 0.203125 0 0.0458106
359 1004.99 82.2568 101 3 0.188477 0 0.044544
360 435.151 87.8013 101 2 0.219727 0 0.0454243
361 1008.92 87.4614 101 3 0.201172 0 0.0464483
362 1832.91 84.5727 101 4 0.202148 0 0.0445933
363 1000.23 85.4811 101 3 0.202148 0 0.0462346
364 1004.99 94.2156 101 3 0.235352 0 0.0470016
365 1839.49 90.7353 101 4 0.234375 0 0.0457092
366 1009.59 90.2038 101 3 0.204102 0 0.0467249
367 1005.85 90.2523 101 3 0.198242 0 0.0481948
368 1007.46 91.3944 101 3 0.21582 0 0.0464045
369 1001.24 85.7382 101 3 0.197266 0 0.0454408
370 1003.18 88.2422 101 3 0.217773 0 0.0459072
371 946.193 88.8942 101 3 0.204102 0 0.0468243
372 1000.23 90.7224 101 3 0.206055 0 0.0478634
373 1010.21 86.1356 101 3 0.182617 0 0.0470951
374 1549.59 94.3767 101 4 0.197266 0 0.0481532
375 1841.02 87.6849 101 4 0.173828 0 0.0491912
376 1005.85 89.9893 101 3 0.192383 0 0.0489716
377 1000.23 91.0893 101 3 0.208008 0 0.0485103
378 1008.92 90.7008 101 3 0.173828 0 0.0498347
379 1007.46 89.4599 101 3 0.174805 0 0.0487864
380 1007.46 96.0142 101 3 0.207031 0 0.0499586
381 1004.1 86.8208 101 3 0.191406 0 0.0468214
382 999.194 90.5293 101 3 0.206055 0 0.0479669
383 1006.68 93.5605 101 3 0.207031 0 0.0491228
384 1000.23 87.6671 101 3 0.185547 0 0.0475419
385 1832.91 93.3326 101 4 0.194336 0 0.0485731
386 1823.71 93.9486 101 4 0.217773 0 0.0482785
387 1527.11 93.483 101 4 0.220703 0 0.047767
388 1007.46 90.618 101 3 0.207031 0 0.0484344
389 998.128 89.2585 101 3 0.210938 0 0.0477869
390 1788.61 94.0831 101 4 0.197266 0 0.0496819
391 1010.79 95.8432 101 3 0.214844 0 0.0491719
392 1008.92 95.8949 101 3 0.220703 0 0.0508219
393 2745.01 99.5601 101 5 0.225586 0 0.0509691
394 1006.68 98.4508 101 3 0.241211 0 0.0481876
395 1008.21 91.4527 101 3 0.199219 0 0.0501178
396 1829.35 95.1914 101 4 0.229492 0 0.0474249
397 1010.21 94.8116 101 3 0.206055 0 0.0484598
398 1004.1 96.6402 101 3 0.211914 0 0.0509269
399 1839.49 98.247 101 4 0.242188 0 0.0474006
400 1005.85 95.5731 101 3 0.21875 0 0.0502869
401 1008.21 94.5082 101 3 0.212891 0 0.0491362
402 1783.71 98.5318 101 4 0.249023 0 0.0487051
403 1003.18 94.8894 101 3 0.251953 0 0.0488306
404 1008.21 99.4426 101 3 0.262695 0 0.0480284
405 1004.1 95.0403 101 3 0.242188 0 0.0463957
406 1841.02 93.7878 101 4 0.24707 0 0.0454248
407 1836.29 97.1631 101 4 0.261719 0 0.0483849
408 1002.23 92.5176 101 3 0.238281 0 0.0472028
409 1011.78 96.5749 101 3 0.238281 0 0.0486686
410 1791.02 95.3023 101 4 0.217773 0 0.0487666
411 1823.71 104.449 101 4 0.27832 0 0.0487317
412 1744.03 102.245 101 4 0.273438 0 0.0488035
413 1003.18 94.1177 101 3 0.251953 0 0.0454139
414 1778.72 96.5908 101 4 0.25 0 0.046494
415 1004.1 96.7198 101 3 0.24707 0 0.0478587
416 1008.92 94.7744 101 3 0.248047 0 0.0465005
417 1842.49 99.229 101 4 0.259766 0 0.0472453
418 1788.61 105.045 101 4 0.299805 0 0.0473892
419 1841.02 98.9484 101 4 0.269531 0 0.0464705
420 1008.92 101.522 101 3 0.265625 0 0.0476039
421 1002.23 97.4735 101 3 0.253906 0 0.0465391
422 1002.23 99.832 101 3 0.272461 0 0.0477845
423 1527.11 101.327 101 4 0.277344 0 0.0469145
424 1809.31 103.291 101 4 0.310547 0 0.0450716
425 1009.59 97.3149 101 3 0.283203 0 0.0455404
426 1007.46 104.325 101 3 0.30957 0 0.0460669
427 1778.72 103.148 101 4 0.308594 0 0.0465838
428 1729.75 104.444 101 4 0.322266 0 0.0450939
429 1004.99 103.047 101 3 0.31543 0 0.0449471
430 1832.91 105.488 101 4 0.321289 0 0.0453673
431 1825.63 105.922 101 4 0.321289 0 0.0462267
432 1004.99 105.117 101 3 0.351562 0 0.0431689
433 2921.69 96.525 101 5 0.286133 0 0.0431682
434 1012.18 104.171 101 3 0.326172 0 0.0441125
435 1008.92 99.9256 101 3 0.319336 0 0.0435641
436 1788.61 105.249 101 4 0.335938 0 0.045137
437 1009.59 105.627 101 3 0.34375 0 0.0439293
438 1702.88 108.444 101 4 0.364258 0 0.0434856
439 1010.79 101.762 101 3 0.318359 0 0.0451653
440 1831.15 111.216 101 4 0.348633 0 0.0446746
441 2894.36 109.914 101 5 0.358398 0 0.0441662
442 1008.92 103.687 101 3 0.338867 0 0.0451092
443 1010.79 106.894 101 3 0.347656 0 0.0437676
444 1825.63 116.361 101 4 0.384766 0 0.0436979
445 1815.68 103.999 101 4 0.314453 0 0.0439724
446 1831.15 114.401 101 4 0.370117 0 0.0438605
447 1690.48 109.472 101 4 0.369141 0 0.0431784
448 1009.59 109.344 101 3 0.351562 0 0.0436729
449 1005.85 102.22 101 3 0.334961 0 0.0436809
450 1829.35 113.846 101 4 0.363281 0 0.0444444
451 1836.29 111.526 101 4 0.355469 0 0.0449194
452 2909.97 116.76 101 5 0.360352 0 0.0441572
453 1837.92 100.49 101 4 0.318359 0 0.0443106
454 1741.21 116.392 101 4 0.37793 0 0.0442247
455 1832.91 109.572 101 4 0.363281 0 0.0445092
456 1807.12 110.141 101 4 0.371094 0 0.0437855
457 1821.75 115.3 101 4 0.413086 0 0.0408816
458 1776.18 114.579 101 4 0.395508 0 0.0425287
459 1819.76 115.171 101 4 0.399414 0 0.0432069
460 2853.13 113.308 101 5 0.401367 0 0.040865
461 2860.33 111.28 101 5 0.393555 0 0.0404839
462 1821.75 108.355 101 4 0.378906 0 0.0402172
463 2894.36 116.487 101 5 0.405273 0 0.0414556
464 2845.8 118.544 101 5 0.431641 0 0.0412137
465 1800.39 112.956 101 4 0.405273 0 0.0418187
466 3925.55 124.948 101 6 0.431641 0 0.043034
467 2845.8 125.779 101 5 0.449219 0 0.0413054
468 2770.61 117.365 101 5 0.447266 0 0.0399191
469 2887.84 117.006 101 5 0.410156 0 0.042305
470 2778.96 125.658 101 5 0.457031 0 0.040971
471 1823.71 124.594 101 4 0.472656 0 0.0397417
472 1795.76 121.362 101 4 0.460938 0 0.0394291
473 4201.3 132.143 101 6 0.501953 0 0.0397437
474 4085.84 139.242 101 6 0.521484 0 0.0376627
475 1842.49 134.354 101 4 0.541992 0 0.0370031
476 2815.31 136.792 101 5 0.521484 0 0.03826
477 5382.11 152.104 101 7 0.568359 0 0.0381066
478 2881.17 142.807 101 5 0.588867 0 0.037671
479 5446.9 132.598 101 7 0.53125 0 0.037195
480 5791.42 158.345 101 7 0.588867 0 0.0365234
481 2897.56 159.673 101 5 0.626953 0 0.0363901
482 1788.61 142.711 101 4 0.578125 0 0.0355854
483 3461.92 155.064 101 6 0.624023 0 0.0360558
484 7485.47 163.606 101 8 0.65332 0 0.0353461
485 2811.38 164.072 101 5 0.664062 0 0.0341547
486 2782.36 154.083 101 6 0.639648 0 0.0340416
487 7566.87 185.168 101 8 0.709961 0 0.0330592
488 9774.39 177.297 101 9 0.667969 0 0.0343501
489 11467.5 172.28 101 10 0.663086 0 0.0339127
490 15502.9 191.578 101 11 0.740234 0 0.0330945
491 9548.43 185.148 101 9 0.716797 0 0.0319478
492 11928.5 188.742 101 10 0.719727 0 0.031918
493 9871.54 196.796 101 9 0.763672 0 0.0337378
494 5695.98 189.642 101 7 0.734375 0 0.0329942
495 7094.17 205.802 101 8 0.786133 0 0.0330267
496 11693.9 203.959 102.835 10 0.794922 1 0.0306298
497 4129.59 209.435 101 6 0.790039 0 0.0317219
498 4239.12 217.781 105.663 6 0.833008 1 0.0330609
499 5830.11 263.276 106.93 7 0.907227 1 0.0330197
500 10066.3 227.231 107.538 9 0.857422 1 0.0323894
501 7619.6 256.483 108.13 8 0.913086 1 0.0337914
502 4166.27 237.765 106.93 6 0.881836 1 0.0332811
503 27131 305.532 108.13 13 0.962891 1 0.0346054
504 9211.3 286.888 109.275 9 1.01465 1 0.0348181
505 20239.6 321.752 107.538 12 0.990234 1 0.0343
506 7467.02 301.132 108.709 8 0.991211 1 0.0351738
507 9382.71 292.917 109.275 9 0.999023 1 0.0355032
508 11885.1 319.641 109.275 10 1.03125 1 0.0342227
509 7236.2 302.579 109.829 8 1.00488 1 0.0335089
510 9882.15 306.144 108.709 9 0.991211 1 0.0353928
511 11782.8 319.927 107.538 10 1.00977 1 0.0342664
512 9839.49 330.851 108.709 9 1.05469 1 0.0347068
513 7295.47 286.022 107.538 8 0.959961 1 0.0353591
514 11359.7 337.658 111.425 10 1.10059 1 0.0360738
515 7662.54 378.292 110.371 8 1.1582 1 0.0350621
516 7549.02 403.76 111.937 8 1.21289 1 0.036941
517 56407.1 446.203 111.937 15 1.20508 1 0.0362087
518 12596.7 411.622 112.44 10 1.23535 1 0.0374062
519 12571.1 465.984 112.934 10 1.3252 1 0.0375629
520 20368.6 530.713 112.934 12 1.35352 1 0.039895
521 16083 533.389 114.828 11 1.4082 1 0.0395434
522 20692.2 533.103 113.419 12 1.36133 1 0.0384458
523 27688.1 583.701 114.828 13 1.46582 1 0.0413771
524 55769.7 692.843 117.45 15 1.5625 1 0.0431808
525 18095.4 674.783 120.601 12 1.63281 1 0.0441202
526 19918.9 662.712 117.03 12 1.57422 1 0.0435399
527 93966 868.764 133.268 16 1.78223 1 0.0436866
528 20674.5 751.155 135.412 12 1.73926 1 0.0423798
529 56349.8 898.092 136.482 15 1.81348 1 0.045839
530 58453.4 958.123 131.16 15 1.83398 1 0.0458083
531 95919.6 1073.09 137.3 16 1.91699 1 0.0474135
532 39715.1 1041.99 137.427 14 1.96973 1 0.0458653
533 25260.8 1090.39 137.914 13 2.06445 1 0.0471264
534 299851 1569.16 349.415 18 2.2207 2 0.0471048
535 163859 1638.76 374.985 17 2.29883 2 0.0484949
536 28475.1 1403.88 415.735 13 2.39551 2 0.049078
537 95704.1 1402.85 409.336 16 2.32422 2 0.0482848
538 160301 1667.12 426.375 17 2.52637 2 0.0497404
539 560844 2347.44 427.354 19 2.6123 2 0.0514952
540 27788 1883.48 430.013 13 2.85352 2 0.0547785
541 166827 2356.31 433.384 17 2.93652 2 0.0543837
542 1.09509e+06 4739.16 434.954 20 3.25195 2 0.0583017
543 296429 3288.03 757.158 18 3.41504 3 0.0637748
544 563512 4083.43 937.341 19 3.6123 3 0.0657466
545 566009 3808.24 900.883 19 3.63086 3 0.0648339
546 566485 4985.21 924.408 19 3.68652 3 0.0653136
547 566156 5013.59 983.489 19 4.11328 3 0.0693803
548 4.25048e+06 8868.78 979.358 22 4.08398 3 0.0696188
549 8.45098e+06 24082.4 1628.13 23 4.61621 4 0.0752196
550 8.44635e+06 15715.6 1776.18 23 5.11621 4 0.0801109
551 2.1513e+06 17591.5 2434.4 21 5.55566 5 0.082354
552 4.25066e+06 18300.2 2718.6 22 5.61523 5 0.0840411
553 1.09412e+06 17557.2 2634.97 20 5.91406 5 0.0893219
554 8.44528e+06 34550.6 2826.95 23 6.10352 5 0.0878619
555 8.44112e+06 42975.5 2803.43 23 6.27637 5 0.0925102
556 3.36228e+07 84660 3424.22 25 6.43848 6 0.0962577
557 1.6845e+07 59870.9 2994.24 24 6.49414 6 0.0961923
558 1.68377e+07 60443.7 3956.58 24 6.5791 6 0.0961075
559 1.34303e+08 226144 3893.96 27 6.64355 6 0.0976706
560 5.36969e+08 683623 4248.17 29 7.18164 6 0.104129
561 3.36304e+07 146428 4145.5 25 7.30371 6 0.110134
562 1.34298e+08 279019 3980.98 27 6.95508 6 0.110597
563 2.68525e+08 539731 2745.01 28 6.57422 5 0.109115
564 1.34299e+08 560758 2770.61 27 6.6377 5 0.108112
565 1.34305e+08 525759 2870.9 27 6.76953 5 0.109135
566 1.68433e+07 152246 3601.57 24 7.1543 6 0.110924
567 1.34299e+08 466738 3894.21 27 7.1543 7 0.114126
568 6.71825e+07 298386 4129.59 26 7.53516 6 0.115036
569 2.68523e+08 652737 4140.23 28 7.4707 6 0.11471
570 2.68522e+08 816804 5018.29 28 7.69531 7 0.12122
571 2.14758e+09 3.33022e+06 3950.42 31 7.39551 6 0.117472
572 1.07383e+09 2.76233e+06 4085.84 30 7.53223 6 0.120176
573 8.59005e+09 1.03458e+07 2860.33 33 6.9873 5 0.115628
574 1.718e+10 2.01565e+07 2884.52 34 6.92676 5 0.11491
575 5.36965e+08 1.80489e+06 3261.81 29 7.05176 6 0.115131
576 5.36967e+08 2.986e+06 2345.52 29 6.47852 5 0.10995
577 4.29509e+09 5.27492e+06 3748.75 32 7.16113 6 0.117057
578 2.6852e+08 1.48928e+06 3999.03 28 7.4834 6 0.116345
579 2.14759e+09 4.7277e+06 4145.5 31 7.74316 6 0.118566
580 4.29508e+09 6.784e+06 4057.57 32 7.9375 6 0.122404
581 1.07384e+09 4.02806e+06 5239.43 30 8.19922 7 0.123908
582 4.29508e+09 9.63659e+06 5332.51 32 7.93359 7 0.123842
583 1.07384e+09 1.17595e+07 4166.27 30 7.8457 6 0.124072
584 2.14759e+09 8.96035e+06 3782.6 31 7.5127 6 0.122471
585 1.07384e+09 6.67625e+06 3339.95 30 7.52344 6 0.125858
586 5.36957e+08 2.75269e+06 2749.33 29 6.96777 5 0.12002
587 1.07384e+09 6.53445e+06 3222.21 30 7.40527 6 0.122841
588 1.718e+10 2.82871e+07 4107.95 34 8.05273 6 0.127718
589 1.07384e+09 4.08414e+06 3543.49 30 7.24121 6 0.124927
590 2.14758e+09 6.39685e+06 3881.17 31 7.60547 6 0.125134
591 2.14758e+09 9.05475e+06 4570.79 31 7.97949 7 0.129702
592 2.14758e+09 8.62555e+06 4580.71 31 7.9375 7 0.127276
593 4.29507e+09 1.43533e+07 5307.39 32 8.31543 7 0.132158
594 4.29508e+09 1.48666e+07 5282.07 32 8.3623 7 0.133189
595 8.59006e+09 2.07437e+07 4688.68 33 8.30176 7 0.134183
596 2.14759e+09 1.06548e+07 5161.3 31 8.11719 7 0.130535
597 4.29507e+09 2.0421e+07 5290.53 32 8.75977 7 0.139677
598 2.14758e+09 7.35385e+06 5601.59 31 8.2959 7 0.131401
599 2.14759e+09 8.01037e+06 4698.39 31 7.95508 7 0.130408
600 1.718e+10 2.05038e+07 3308.87 34 7.55566 6 0.125202
601 2.14758e+09 9.51143e+06 5483.38 31 8.52441 8 0.136223
602 2.14758e+09 7.65347e+06 4678.94 31 8.0498 7 0.130329
603 2.14758e+09 7.81549e+06 5000.06 31 8.0791 7 0.130929
604 2.14758e+09 8.38627e+06 6421.63 31 8.80859 8 0.136403
605 6.87196e+10 8.83492e+07 5438.88 36 8.3252 7 0.132677
606 4.29508e+09 1.79447e+07 7324.72 32 9.09375 8 0.138952
607 5.36959e+08 6.56134e+06 7353.72 29 9.10352 8 0.14204
608 3.43599e+10 4.28124e+07 5556.33 35 8.58203 7 0.134792
609 8.59004e+09 1.96351e+07 4917.09 33 7.96582 7 0.134883
610 1.07384e+09 3.81169e+06 4898.44 30 7.74316 7 0.128076
611 1.718e+10 3.29939e+07 5398.45 34 8.68555 7 0.140443
612 1.07384e+09 7.98873e+06 7135.27 30 9.13281 8 0.143659
613 4.29508e+09 1.66407e+07 6957.85 32 9.28711 8 0.14619
614 4.29507e+09 9.33891e+06 6904.35 32 8.77539 8 0.138862
615 2.14759e+09 2.3534e+07 7305.25 31 9.28809 8 0.1428
616 1.718e+10 5.80852e+07 7186.07 34 9.5166 8 0.145425
617 1.718e+10 3.41937e+07 7391.97 34 9.32031 8 0.141862
618 4.29507e+09 1.33071e+07 7401.46 32 9.51855 8 0.144232
619 8.59005e+09 1.91336e+07 6433.29 33 8.875 8 0.138171
620 3.43599e+10 6.15316e+07 7275.83 35 9.25586 8 0.140036
621 2.14759e+09 1.59471e+07 6893.58 31 9.10645 8 0.141532
622 4.29505e+09 1.41826e+07 7353.72 32 9.47363 8 0.142644
623 8.59005e+09 3.81138e+07 7363.33 33 9.57715 8 0.148524
624 8.59005e+09 2.63222e+07 5717 33 8.68945 7 0.140503
625 4.29508e+09 1.40502e+07 5502.26 32 8.33887 7 0.135065
626 1.718e+10 3.52027e+07 4171.38 34 8.11523 6 0.131892
627 1.718e+10 4.92082e+07 4907.77 34 8.16016 7 0.131696
628 1.718e+10 5.04438e+07 6479.72 34 8.80664 8 0.137055
629 4.29508e+09 2.9677e+07 5398.45 32 8.8291 7 0.138552
630 4.29507e+09 2.29272e+07 5298.97 32 8.63867 7 0.136628
631 3.43599e+10 5.96476e+07 5298.97 35 8.75781 7 0.139322
632 1.718e+10 5.76485e+07 7246.15 34 9.52441 8 0.148074
633 3.43599e+10 5.70039e+07 6925.82 35 9.24121 8 0.144269
634 4.29508e+09 3.33173e+07 7324.72 32 9.59766 8 0.145981
635 1.718e+10 6.31684e+07 6850.26 34 9.58301 8 0.147368
636 1.718e+10 5.84858e+07 7382.45 34 9.80566 8 0.148922
637 4.29507e+09 3.48593e+07 7145.48 32 9.71875 8 0.148861
638 2.14759e+09 1.7423e+07 6968.48 31 9.25879 8 0.142086
639 8.59005e+09 2.39509e+07 5723.94 33 9.18945 7 0.143236
640 1.718e+10 8.12151e+07 6839.38 34 9.43359 8 0.146394
641 6.87196e+10 1.333e+08 5494.43 36 8.82129 7 0.139839
642 1.718e+10 5.80787e+07 3409.04 34 7.83984 6 0.13146
643 8.59005e+09 3.64197e+07 5349.14 33 8.76758 7 0.14025
644 1.718e+10 8.49277e+07 5852.99 34 9.49707 8 0.148176
645 8.59005e+09 5.68984e+07 7401.46 33 9.76465 8 0.149252
646 5.49756e+11 5.93013e+08 5470.78 39 9.04297 7 0.142544
647 3.43599e+10 8.83261e+07 5009.19 35 9.16992 7 0.149657
648 4.29508e+09 3.31386e+07 5765.02 32 9.45703 8 0.15131
649 1.718e+10 8.2033e+07 5797.97 34 9.42383 7 0.147198
650 4.29508e+09 3.65486e+07 6525.84 32 9.4834 8 0.146077
651 6.87196e+10 1.32812e+08 5324.16 36 8.94238 7 0.141339
652 2.74878e+11 3.4279e+08 5510.07 38 9.18164 7 0.144788
653 8.59005e+09 5.0491e+07 9186.37 33 10.8652 9 0.160521
654 1.09951e+12 1.12946e+09 8931.34 40 10.5059 9 0.157839
655 1.718e+10 1.21155e+08 14062.9 34 12.0908 11 0.17841
656 6.87196e+10 1.86858e+08 12940.2 36 11.9336 11 0.176343
657 1.718e+10 6.48404e+07 11797.5 34 11.6729 10 0.169312
658 8.59005e+09 7.67527e+07 9629.02 33 11.2393 9 0.163665
659 1.37439e+11 2.54106e+08 9629.02 37 11.1309 9 0.166541
660 2.19902e+12 2.24525e+09 7448.45 41 10.3174 8 0.157075
661 1.37439e+11 2.00717e+08 6828.47 37 9.79199 8 0.151302
662 1.718e+10 1.68535e+08 7512.9 34 10.2754 8 0.158398
663 6.87196e+10 3.17603e+08 7506.57 36 10.7803 9 0.165589
664 6.87196e+10 4.00315e+08 8516.87 36 10.7617 9 0.165444
665 5.49756e+11 8.20791e+08 7467.02 39 10.542 8 0.163381
666 5.49756e+11 9.79262e+08 7334.42 39 10.4795 8 0.164412
667 1.37439e+11 3.49789e+08 6363.06 37 10 8 0.156278
668 6.87196e+10 2.54601e+08 7165.83 36 10.4619 8 0.161654
669 2.74878e+11 5.0884e+08 6124.09 38 9.63379 8 0.15296
670 1.37439e+11 2.74395e+08 5525.6 37 9.58398 7 0.155827
671 6.87196e+10 2.72461e+08 6136.21 36 9.88867 8 0.157275
672 6.87196e+10 2.8391e+08 6398.26 36 9.7627 8 0.157126
673 1.718e+10 1.43402e+08 6351.29 34 9.72363 8 0.152977
674 2.74878e+11 6.04319e+08 5152.51 38 9.25391 7 0.149752
675 6.87196e+10 1.97628e+08 7104.48 36 10.0625 8 0.161229
676 1.37439e+11 4.16236e+08 7295.47 37 10.3252 8 0.159305
677 2.74878e+11 7.34448e+08 7401.46 38 10.585 8 0.166633
678 6.87196e+10 2.27209e+08 7849 36 10.6611 9 0.165568
679 6.87196e+10 2.89636e+08 7485.47 36 10.4922 8 0.162923
680 2.74878e+11 5.62458e+08 7104.48 38 10.4785 8 0.164313
681 2.74878e+11 4.6596e+08 6839.38 38 9.89746 8 0.157481
682 1.37439e+11 5.31185e+08 7236.2 37 10.4551 8 0.169057
683 1.37439e+11 3.5885e+08 6740.42 37 10.3203 8 0.167211
684 2.74878e+11 6.45647e+08 7344.08 38 10.4648 8 0.163078
685 2.74878e+11 6.31498e+08 7581.83 38 10.6016 9 0.165516
686 1.37439e+11 6.03072e+08 5239.43 37 9.25195 7 0.155445
687 6.87196e+10 2.39186e+08 7145.48 36 10.1016 8 0.16074
688 1.37439e+11 6.98713e+08 8392.5 37 10.8086 9 0.174208
689 1.09951e+12 1.31701e+09 7165.83 40 10.4092 8 0.169364
690 1.37439e+11 2.57977e+08 6968.48 37 10.2256 8 0.172192
691 1.37439e+11 5.63418e+08 8800.09 37 10.5078 9 0.169029
692 1.37439e+11 5.35262e+08 8364.63 37 10.8154 9 0.170346
693 3.43599e+10 2.45656e+08 9021.76 35 10.9219 9 0.168853
694 1.37439e+11 3.53346e+08 7344.08 37 10.4336 8 0.163779
695 1.09951e+12 1.48502e+09 8503.14 40 10.8359 9 0.174129
696 5.49756e+11 9.61412e+08 8983.16 39 10.9502 9 0.165574
697 2.74878e+11 4.53735e+08 7021.28 38 10.6309 8 0.164661
698 6.87196e+10 4.05475e+08 6925.82 36 10.4561 8 0.163958
699 1.09951e+12 2.12144e+09 6915.1 40 10.1943 8 0.158696
700 1.37439e+11 3.14706e+08 9285.43 37 11.1934 9 0.170575
701 1.37439e+11 4.99859e+08 8839.72 37 11.1797 9 0.174699
702 1.09951e+12 1.47367e+09 7420.35 40 10.8457 8 0.167528
703 2.19902e+12 3.05137e+09 7382.45 41 11.0146 8 0.173764
704 1.09951e+12 1.54745e+09 9663.07 40 11.5811 9 0.176272
705 2.74878e+11 6.59795e+08 10063.5 38 11.7881 10 0.182604
706 5.49756e+11 8.82457e+08 9785.33 39 11.4961 9 0.177214
707 6.87196e+10 3.11339e+08 7334.42 36 10.7764 8 0.170396
708 6.87196e+10 4.00912e+08 7265.96 36 10.6133 8 0.164505
709 1.37439e+11 4.38842e+08 8666.47 37 11.0908 9 0.172937
710 5.49756e+11 9.32079e+08 7878.31 39 10.9932 9 0.171567
711 1.37439e+11 7.54494e+08 8530.59 37 11.1592 9 0.17218
712 1.37439e+11 5.62239e+08 7265.96 37 10.5449 8 0.164826
713 6.87196e+10 3.02287e+08 7324.72 36 10.4824 8 0.160952
714 1.09951e+12 1.60083e+09 8406.41 40 10.9922 9 0.171884
715 6.87196e+10 3.02202e+08 6861.13 36 10.4385 8 0.167818
716 6.87196e+10 2.34939e+08 6925.82 36 10.3164 8 0.159774
717 5.49756e+11 1.0769e+09 8434.15 39 11.0859 9 0.168596
718 6.87196e+10 4.27937e+08 8679.94 36 11.2334 9 0.176263
719 2.74878e+11 7.07326e+08 7226.23 38 10.6709 8 0.168533
720 2.74878e+11 8.99351e+08 8996.05 38 11.043 9 0.173506
721 1.37439e+11 5.16818e+08 7521.98 37 10.9219 8 0.170934
722 4.39805e+12 4.91487e+09 8786.83 42 11.3994 9 0.174148
723 2.74878e+11 1.15706e+09 7073.47 38 11.1172 8 0.174652
724 1.37439e+11 4.68462e+08 7439.11 37 10.7705 8 0.163614
725 5.49756e+11 1.00221e+09 6947.2 39 10.7148 8 0.173456
726 3.43599e+10 3.12059e+08 8813.32 35 11.54 9 0.174338
727 1.37439e+11 5.94465e+08 7295.47 37 10.9219 8 0.165697
728 5.49756e+11 9.52177e+08 8038.16 39 11.2139 9 0.171062
729 6.87196e+10 4.49846e+08 8852.88 36 11.4863 9 0.176696
730 2.74878e+11 5.48294e+08 7602.16 38 11.1953 8 0.172324
731 2.74878e+11 8.07993e+08 7439.11 38 11.127 8 0.172797
732 2.74878e+11 8.38405e+08 7256.07 38 10.998 8 0.170717
733 5.49756e+11 1.03395e+09 7125.03 39 10.4814 8 0.161916
734 3.43599e+10 3.12693e+08 7951.26 35 10.8271 9 0.167995
735 6.87196e+10 3.33771e+08 7467.02 36 10.9209 8 0.167861
736 2.74878e+11 9.55609e+08 7575.75 38 11.0508 8 0.170332
737 2.74878e+11 6.02721e+08 7216.23 38 10.5645 8 0.166405
738 2.74878e+11 9.0529e+08 7793.33 38 11.2852 8 0.170148
739 5.49756e+11 1.02839e+09 7236.2 39 10.8896 8 0.161885
740 2.74878e+11 1.11689e+09 9072.88 38 11.5293 9 0.17695
741 6.87196e+10 4.51544e+08 7353.72 36 11.2402 8 0.171578
742 2.74878e+11 9.24133e+08 8786.83 38 11.792 9 0.182604
743 2.74878e+11 9.0582e+08 7363.33 38 11.2715 8 0.168206
744 1.37439e+11 6.61781e+08 7512.9 37 11.2822 8 0.177141
745 2.74878e+11 7.80392e+08 7083.83 38 10.9707 8 0.168713
746 5.49756e+11 1.64746e+09 7503.79 39 10.9365 8 0.17221
747 1.37439e+11 5.50538e+08 8746.92 37 11.4072 9 0.175509
748 1.37439e+11 5.10338e+08 6136.21 37 10.3516 8 0.159643
749 1.37439e+11 7.5385e+08 7344.08 37 11.1611 8 0.173732
750 2.74878e+11 7.76868e+08 9223.72 38 11.2891 9 0.176096
751 2.74878e+11 6.2297e+08 7439.11 38 10.9043 8 0.168175
752 1.37439e+11 7.40362e+08 6684.68 37 10.7031 8 0.164069
753 1.09951e+12 2.29604e+09 9322.12 40 11.5547 9 0.176946
754 5.49756e+11 2.83818e+09 9696.83 39 12.1738 9 0.181269
755 2.74878e+11 8.70976e+08 7186.07 38 10.9561 8 0.172302
756 5.49756e+11 1.17625e+09 7593.39 39 11.1768 8 0.174097
757 5.49756e+11 3.07949e+09 7712.81 39 12.001 8 0.183628
758 5.49756e+11 2.75152e+09 7216.23 39 11.5244 8 0.171608
759 5.49756e+11 2.71468e+09 9430.66 39 12.5117 9 0.191937
760 5.49756e+11 2.40484e+09 7557.96 39 11.9453 8 0.180953
761 5.49756e+11 2.23441e+09 11899.6 39 13.209 10 0.200748
762 2.19902e+12 4.37827e+09 10605.4 41 13.3203 10 0.203056
763 1.09951e+12 3.78637e+09 11077.1 40 12.9092 10 0.194741
764 1.09951e+12 5.36381e+09 12265.9 40 13.3877 10 0.198461
765 5.49756e+11 2.31123e+09 11986 39 13.5303 10 0.20254
766 2.19902e+12 5.6438e+09 12330.7 41 13.3721 11 0.208649
767 2.19902e+12 4.41828e+09 9285.43 41 13.0684 9 0.200408
768 4.39805e+12 8.345e+09 12211 42 13.5078 10 0.199982
769 2.19902e+12 1.1864e+10 14718.5 41 14.3369 11 0.218319
770 8.79609e+12 1.81093e+10 11957.3 43 13.8564 10 0.215965
771 8.79609e+12 3.22019e+10 23631.8 43 15.8281 13 0.237612
772 1.75922e+13 5.49528e+10 15186.7 44 15.0732 11 0.238938
773 4.39805e+12 3.21533e+10 12660 42 14.6934 10 0.226954
774 4.39805e+12 2.33883e+10 15728.2 42 15.4082 11 0.23934
775 1.40737e+14 1.99403e+11 15535.5 47 15.4941 11 0.247311
776 8.79609e+12 4.30246e+10 12211 43 14.8115 10 0.227486
777 3.51844e+13 9.36491e+10 15152.8 45 15.2744 11 0.233846
778 7.03687e+13 1.27572e+11 11528.4 46 14.7598 10 0.227177
779 1.40737e+14 2.02536e+11 18630.1 47 15.9385 12 0.247876
780 7.03687e+13 1.83258e+11 11723.6 46 13.9814 10 0.206237
781 7.03687e+13 9.11306e+10 9442.57 46 13.4766 9 0.208193
782 3.51844e+13 1.21139e+11 7512.9 45 13.4531 8 0.208396
783 1.75922e+13 9.15355e+10 6698.55 44 12.3096 9 0.188094
784 1.75922e+13 4.76465e+10 8516.87 44 13.4248 9 0.203447
785 7.03687e+13 1.27226e+11 7275.83 46 13.6465 8 0.208654
786 1.75922e+13 6.37122e+10 9211.3 44 13.5439 9 0.204135
787 8.79609e+12 6.95467e+10 9913.74 43 13.8213 9 0.211138
788 8.79609e+12 6.56121e+10 9854.89 43 14.373 10 0.223094
789 1.75922e+13 7.28528e+10 9807.1 44 14.3789 9 0.214717
790 1.1259e+15 1.18776e+12 10671.6 50 14.123 10 0.218326
791 2.2518e+15 2.57676e+12 25213.1 51 16.8369 13 0.246461
792 7.03687e+13 2.25165e+11 12141.5 46 15.1494 10 0.235961
793 3.51844e+13 1.11171e+11 11219.4 45 14.6309 10 0.224545
794 7.03687e+13 1.42489e+11 10638.5 46 14.8555 10 0.228599
795 3.51844e+13 1.23672e+11 9560.04 45 13.9707 9 0.21549
796 8.79609e+12 6.91428e+10 9752.4 43 14.0586 9 0.217045
797 4.39805e+12 4.96257e+10 9708.01 42 13.9951 9 0.217204
798 2.81475e+14 3.88972e+11 9478.13 48 14.2549 9 0.213453
799 8.79609e+12 3.40911e+10 6740.42 43 13.0039 8 0.200837
800 1.1259e+15 1.17374e+12 9060.14 50 13.8838 9 0.213286
801 2.81475e+14 4.11198e+11 10916.6 48 14.6621 10 0.223148
802 3.51844e+13 9.80905e+10 9663.07 45 13.999 9 0.217984
803 7.03687e+13 1.62713e+11 9334.3 46 14.043 9 0.222748
804 1.75922e+13 7.19076e+10 7593.39 44 13.0391 8 0.208327
805 7.03687e+13 1.33795e+11 8892.22 46 13.292 9 0.20897
806 3.51844e+13 1.0051e+11 7610.9 45 13.2705 8 0.217057
807 1.75922e+13 9.81121e+10 8693.38 44 13.8164 9 0.218663
808 8.79609e+12 7.02898e+10 8931.34 43 13.5039 9 0.214539
809 7.03687e+13 1.73539e+11 10704.6 46 14.3145 10 0.227252
810 1.75922e+13 1.05041e+11 10132.4 44 14.3633 10 0.224182
811 1.40737e+14 2.5674e+11 9606.16 47 14.6074 9 0.236265
812 7.03687e+13 1.32416e+11 8447.99 46 13.8594 9 0.224632
813 1.40737e+14 2.85392e+11 9817.93 47 14.0312 9 0.230016
814 1.1259e+15 1.28665e+12 7324.72 50 13.459 8 0.215365
815 7.03687e+13 2.13335e+11 11452.2 46 14.6172 10 0.228826
816 1.75922e+13 1.22738e+11 7305.25 44 13.3154 8 0.216151
817 7.03687e+13 1.58075e+11 7566.81 46 13.2461 9 0.213406
818 3.51844e+13 9.60044e+10 9148.78 45 13.6777 9 0.215105
819 1.75922e+13 1.0566e+11 7584.59 44 13.4307 8 0.214349
820 1.40737e+14 3.21558e+11 9442.57 47 13.8877 9 0.217832
821 1.75922e+13 7.06427e+10 5667.5 44 12.6172 7 0.203639
822 3.51844e+13 1.21059e+11 9034.58 45 13.5176 9 0.208028
823 3.51844e+13 1.3564e+11 8095.7 45 13.6279 9 0.218903
824 3.51844e+13 1.14628e+11 11013.2 45 14.2314 10 0.226001
825 7.03687e+13 2.16336e+11 10455.2 46 14.1699 10 0.221301
826 2.81475e+14 4.49849e+11 9536.79 48 14.0068 9 0.220642
827 7.03687e+13 3.44715e+11 14539.8 46 14.96 11 0.239247
828 1.1259e+15 1.47447e+12 17545 50 15.7305 12 0.242819
829 1.40737e+14 4.5989e+11 14753.9 47 15.333 11 0.245818
830 2.81475e+14 7.29824e+11 14449.5 48 15.2354 11 0.244242
831 2.81475e+14 7.3879e+11 18984.1 48 15.9082 12 0.248177
832 2.81475e+14 7.18067e+11 9708.01 48 14.0713 9 0.221537
833 7.03687e+13 4.5352e+11 12014.6 46 14.71 10 0.230873
834 2.81475e+14 7.29981e+11 9273.14 48 14.1309 9 0.224152
835 4.5036e+15 4.88566e+12 8786.83 52 13.8711 9 0.220715
836 7.03687e+13 1.90367e+11 7521.66 46 13.7695 9 0.217972
837 1.40737e+14 5.75111e+11 8625.94 47 13.4395 9 0.20982
838 2.81475e+14 4.46567e+11 8544.27 48 13.3271 9 0.210121
839 7.03687e+13 4.3639e+11 9273.14 46 14.1445 9 0.217542
840 2.81475e+14 6.12799e+11 8931.34 48 14.4355 9 0.225407
841 3.51844e+13 1.85668e+11 9807.1 45 14.1553 9 0.220993
842 2.81475e+14 5.69949e+11 9560.04 48 14.3154 9 0.222139
843 5.6295e+14 8.99705e+11 6983.32 49 13.1152 9 0.206798
844 7.03687e+13 2.16471e+11 8475.61 46 13.752 9 0.213145
845 5.6295e+14 2.74812e+12 7246.15 49 13.5684 8 0.217571
846 2.81475e+14 1.00453e+12 8996.05 48 14.1514 9 0.220726
847 7.03687e+13 3.99166e+11 9536.79 46 14.6035 9 0.227849
848 5.6295e+14 1.1921e+12 11029.2 49 14.6826 10 0.226817
849 1.40737e+14 4.33555e+11 7145.48 47 13.3701 8 0.210891
850 2.81475e+14 6.09979e+11 6882.78 48 12.917 8 0.206297
851 2.2518e+15 3.23201e+12 8364.63 51 13.7451 9 0.213585
852 2.2518e+15 3.41393e+12 5594.12 51 12.9287 7 0.201509
853 4.5036e+15 6.45294e+12 7628.26 52 14.0195 8 0.225414
854 5.6295e+14 8.28681e+11 5653.06 49 12.126 7 0.198576
855 1.40737e+14 8.95982e+11 7593.39 47 12.9893 8 0.209443
856 2.2518e+15 3.31115e+12 6893.58 51 12.5254 8 0.203911
857 4.5036e+15 5.26364e+12 9752.4 52 13.3184 9 0.222866
858 2.81475e+14 1.01825e+12 15838.3 48 14.7051 11 0.240989
859 2.2518e+15 5.51243e+12 14683 51 14.3193 11 0.239853
860 1.1259e+15 1.93911e+12 14683 50 14.0781 11 0.241289
861 2.81475e+14 6.17239e+11 12000.3 48 13.4941 10 0.233642
862 1.1259e+15 2.07419e+12 14449.5 50 13.8447 11 0.234021
863 1.40737e+14 1.04272e+12 19842 47 14.9541 12 0.251726
864 2.81475e+14 9.79536e+11 14211.5 48 14.0049 11 0.2419
865 2.81475e+14 8.54759e+11 11359.7 48 12.958 10 0.232172
866 7.03687e+13 2.84417e+11 12238.5 46 13.4346 10 0.233288
867 2.2518e+15 2.84317e+12 11693.9 51 13.748 10 0.236157
868 2.2518e+15 2.85529e+12 11589 51 13.9844 10 0.240742
869 1.1259e+15 1.88343e+12 15977.2 50 14.0381 11 0.243153
870 5.6295e+14 1.28976e+12 14118.8 49 13.752 11 0.234207
871 1.1259e+15 2.01068e+12 13988 50 13.7383 11 0.238591
872 2.2518e+15 3.62179e+12 14521.8 51 14.3115 11 0.24339
873 2.81475e+14 6.45538e+11 15084.5 48 14.333 11 0.246275
874 1.40737e+14 5.3014e+11 11738.5 47 13.4785 10 0.225103
875 3.60288e+16 3.54757e+13 14358.5 55 13.9785 11 0.240375
876 1.40737e+14 3.16682e+11 13472.4 47 13.7842 11 0.22972
877 2.81475e+14 7.25069e+11 9629.02 48 12.6455 9 0.210183
878 1.40737e+14 6.43736e+11 11885.1 47 13.6094 10 0.230945
879 7.03687e+13 2.62526e+11 13099.5 46 13.9648 11 0.235374
880 4.5036e+15 5.32958e+12 11914.1 52 14.1816 10 0.237385
881 1.1259e+15 2.46874e+12 11558.8 50 14.9873 10 0.243954
882 5.6295e+14 1.55655e+12 9370.65 49 14.1963 9 0.234374
883 1.40737e+14 6.11182e+11 7457.75 47 13.7461 8 0.235927
884 2.2518e+15 5.40877e+12 8364.63 51 14.0508 9 0.233755
885 4.5036e+15 5.16189e+12 9266.89 52 14.4795 10 0.244565
886 2.2518e+15 4.15163e+12 8447.99 51 14.2979 9 0.242912
887 4.5036e+15 7.42685e+12 11513.2 52 14.7871 10 0.248403
888 2.2518e+15 5.69942e+12 10438.4 51 14.8145 10 0.257716
889 3.60288e+16 5.97534e+13 12183.3 55 15.4082 10 0.262854
890 2.2518e+15 7.64843e+12 12658.1 51 15.5225 11 0.268604
891 9.0072e+15 1.77731e+13 12330.7 53 15.3311 11 0.260006
892 1.1259e+15 2.54762e+12 11841.4 50 14.7578 10 0.250497
893 5.6295e+14 2.98477e+12 9625.7 49 14.7959 10 0.249761
894 4.5036e+15 5.26382e+12 8773.55 52 14.043 9 0.237364
895 1.1259e+15 3.99648e+12 11467.5 50 15.332 10 0.274838
896 1.80144e+16 2.39391e+13 7125.03 54 13.415 8 0.224698
897 4.5036e+15 1.25981e+13 9466.31 52 14.3818 9 0.239146
898 1.80144e+16 3.16198e+13 7372.91 54 13.9346 8 0.230458
899 7.20576e+16 7.71215e+13 9309.92 56 14.2188 9 0.233285
900 4.5036e+15 8.33428e+12 4737.09 52 11.8301 7 0.199999
901 4.5036e+15 7.02751e+12 5744.56 52 12.9561 7 0.231436
902 1.1259e+15 4.73925e+12 10063.5 50 15.4795 10 0.25443
903 2.2518e+15 5.92475e+12 8350.66 51 14.3799 9 0.23959
904 9.0072e+15 1.45452e+13 7145.48 53 14.0742 8 0.241682
905 7.20576e+16 7.75111e+13 14118.8 56 15.9336 11 0.263948
906 4.5036e+15 1.44143e+13 11826.8 52 14.8516 10 0.244989
907 3.60288e+16 4.07589e+13 10997.1 55 14.1475 10 0.228329
908 1.80144e+16 2.23848e+13 9309.92 54 13.5645 9 0.217277
909 1.1259e+15 3.92677e+12 16680.4 50 15.498 12 0.24657
910 1.1259e+15 6.51347e+12 15118.7 50 15.1768 11 0.250626
911 2.2518e+15 4.73126e+12 11573.9 51 14.2637 10 0.241738
912 9.0072e+15 2.59252e+13 14266.8 53 15.0391 11 0.240317
913 1.80144e+16 2.85047e+13 12891.2 54 14.8242 10 0.23864
914 5.76461e+17 6.21073e+14 12880.1 59 15.1182 11 0.248589
915 3.60288e+16 1.02572e+14 17811.1 55 16.8652 12 0.27335
916 9.0072e+15 4.65138e+13 17477.9 53 17.4307 12 0.301102
917 7.20576e+16 1.86651e+14 11703.2 56 15.9902 11 0.267523
918 5.76461e+17 6.19562e+14 24287 59 17.2998 13 0.303496
919 7.20576e+16 1.853e+14 15287.8 56 16.1396 11 0.266995
920 5.76461e+17 1.45574e+15 25591.2 59 17.6641 13 0.285836
921 2.30584e+18 2.74142e+15 19568.9 61 17.4961 12 0.294188
922 2.30584e+18 3.24677e+15 17500.3 61 16.3076 12 0.264894
923 2.8823e+17 4.98224e+14 24087.1 58 16.793 13 0.294026
924 3.60288e+16 9.65232e+13 19938 55 16.5957 12 0.290269
925 2.8823e+17 3.76073e+14 161254 58 18.6006 17 0.305686
926 2.8823e+17 5.24897e+14 38597.6 58 18.5127 14 0.303897
927 3.60288e+16 8.48647e+13 20276.6 55 17.4033 12 0.287295
928 2.8823e+17 3.09712e+14 162686 58 18.5244 17 0.296623
929 3.60288e+16 5.99518e+13 563071 55 20.1934 19 0.318543
930 1.80144e+16 5.19231e+13 291675 54 18.7598 18 0.301372
931 4.5036e+15 2.59084e+13 555860 52 19.5898 19 0.317583
932 1.44115e+17 1.62221e+14 92932.1 57 18.4355 16 0.300566
933 4.61169e+18 4.8931e+15 556363 62 20.2627 19 0.324519
934 9.22337e+18 1.1102e+16 561054 63 21.084 19 0.344072
935 4.61169e+18 5.35082e+15 563631 62 20.9219 19 0.342419
936 1.15292e+18 1.28903e+15 293392 60 20.1992 18 0.326003
937 2.30584e+18 3.1406e+15 158137 61 20.0908 17 0.333162
938 2.30584e+18 2.72461e+15 298894 61 20.2451 18 0.328946
939 2.8823e+17 4.43186e+14 57415.1 58 19.2656 15 0.313478
940 2.8823e+17 7.61512e+14 1.09009e+06 58 20.9736 20 0.332609
941 5.76461e+17 8.99186e+14 159616 59 19.9355 17 0.324665
942 2.8823e+17 7.89496e+14 2.14371e+06 58 22.1064 21 0.349645
943 7.20576e+16 2.50128e+14 2.14343e+06 56 21.8252 21 0.355939
944 1.44115e+17 3.78518e+14 1.34292e+08 57 24.0508 27 0.381453
945 4.61169e+18 5.79735e+15 1.68326e+07 62 21.96 24 0.345612
946 1.80144e+16 1.58852e+14 3.36125e+07 54 22.4619 25 0.364278
947 7.3787e+19 7.31002e+16 4.24592e+06 66 21.3877 22 0.349403
948 1.44115e+17 4.04028e+14 3.36256e+07 57 23.8428 25 0.382717
949 2.8823e+17 5.47545e+14 1.68286e+07 58 22.3574 24 0.354716
950 1.44115e+17 3.50793e+14 3.36099e+07 57 22.9541 25 0.357954
951 1.47574e+20 1.47264e+17 2.14613e+06 67 21.8994 21 0.353078
952 5.76461e+17 1.2964e+15 3.36178e+07 59 24.3672 25 0.401304
953 1.84467e+19 3.86107e+16 1.68407e+07 64 23.5527 24 0.388252
954 1.84467e+19 3.21286e+16 5.36959e+08 64 26.582 29 0.429547
955 4.61169e+18 9.52019e+15 3.36139e+07 62 23.3828 25 0.373151
956 4.61169e+18 1.09695e+16 3.36206e+07 62 24.0674 25 0.396123
957 2.95148e+20 2.96006e+17 1.34282e+08 68 24.6943 27 0.412484
958 1.84467e+19 2.23443e+16 5.36948e+08 64 25.9922 29 0.439029
959 1.84467e+19 3.50593e+16 2.68505e+08 64 25.0811 28 0.420226
960 1.84467e+19 1.89625e+16 1.34293e+08 64 24.9219 27 0.421947
961 9.22337e+18 2.16457e+16 3.36126e+07 63 23.5781 25 0.399377
962 9.22337e+18 1.48931e+16 8.44174e+06 63 23.0205 23 0.392841
963 2.30584e+18 1.07308e+16 1.68371e+07 61 23.2959 24 0.395166
964 4.61169e+18 1.25578e+16 3.3621e+07 62 23.4443 25 0.39369
965 9.22337e+18 1.86874e+16 3.36182e+07 63 23.2314 25 0.38583
966 7.3787e+19 8.87857e+16 1.34286e+08 66 24.2168 27 0.410493
967 2.30584e+18 6.44215e+15 3.36154e+07 61 23.6943 25 0.399318
968 1.47574e+20 1.65281e+17 1.34284e+08 67 23.5312 27 0.39616
969 1.84467e+19 3.50773e+16 1.34287e+08 64 24.3125 27 0.408183
970 1.84467e+19 2.26889e+16 1.34287e+08 64 24.9277 27 0.416064
971 9.22337e+18 1.08857e+16 1.34291e+08 63 25.2812 27 0.418115
972 4.61169e+18 6.30972e+15 2.68501e+08 62 25.0771 28 0.420236
973 9.22337e+18 2.91092e+16 1.34291e+08 63 24.9268 27 0.415597
974 4.61169e+18 7.07166e+15 3.36195e+07 62 23.7969 25 0.413123
975 4.61169e+18 1.36079e+16 1.09296e+06 62 21.6465 20 0.364157
976 2.95148e+20 3.09119e+17 3.36111e+07 68 23.6299 25 0.414685
977 1.15292e+18 3.48121e+15 6.71719e+07 60 23.7197 26 0.41623
978 1.15292e+18 3.20878e+15 3.36168e+07 60 23.2061 25 0.386831
979 1.47574e+20 1.45801e+17 4.24339e+06 67 21.8242 22 0.3645
980 4.61169e+18 6.28777e+15 12183.3 62 17.9297 10 0.305226
981 3.68935e+19 5.22044e+16 297466 65 20.6631 18 0.357914
982 9.22337e+18 1.07921e+16 157683 63 20.0176 17 0.343304
983 1.88895e+22 1.84806e+19 1.68289e+07 74 22.4785 24 0.382848
984 4.61169e+18 1.00474e+16 6.71691e+07 62 24.1367 26 0.411708
985 1.15292e+18 1.60315e+15 4.24334e+06 60 21.8809 22 0.369894
986 4.61169e+18 1.65021e+16 4.24454e+06 62 21.4902 22 0.363911
987 9.22337e+18 1.38709e+16 295131 63 19.3018 18 0.33967
988 2.30584e+18 7.68378e+15 553627 61 19.8945 19 0.348353
989 1.84467e+19 3.05896e+16 161910 64 19.2451 17 0.336109
990 2.30584e+18 6.12732e+15 161978 61 19.1445 17 0.339742
991 1.47574e+20 2.20508e+17 558689 67 20.2803 19 0.354337
992 1.44115e+17 8.8862e+14 292622 57 18.8945 18 0.338064
993 4.61169e+18 6.89016e+15 296051 62 18.5 18 0.330517
994 4.61169e+18 5.24998e+15 26098.8 62 16.8984 13 0.307214
995 1.88895e+22 1.84635e+19 293872 74 19.4414 18 0.343354
996 1.15292e+18 1.54898e+15 50988.2 60 17.2861 15 0.302357
997 2.30584e+18 3.65595e+15 294506 61 19.0166 18 0.327251
998 1.15292e+18 3.46631e+15 153915 60 19.1631 17 0.344319
999 1.44115e+17 3.49127e+14 56263.6 57 18.4102 15 0.318206
1000 1.84467e+19 2.03781e+16 292785 64 19.9062 18 0.346862
1001 9.22337e+18 1.2103e+16 159616 63 19.375 17 0.342652
1002 5.76461e+17 1.92537e+15 290332 59 19.8057 18 0.340984
1003 3.68935e+19 3.78123e+16 293029 65 20.2383 18 0.361211
1004 2.8823e+17 1.31725e+15 33880.3 58 18.1445 14 0.329632
1005 5.76461e+17 2.04247e+15 35512.1 59 18.2246 14 0.326093
1006 1.84467e+19 1.84336e+16 20146.3 64 17.0127 12 0.307671
1007 7.3787e+19 7.35788e+16 2.14084e+06 66 22.7158 21 0.397324
1008 5.76461e+17 1.57534e+15 155397 59 20.2129 17 0.372831
1009 1.15292e+18 2.87066e+15 4.24412e+06 60 22.7998 22 0.402567
1010 5.76461e+17 1.69377e+15 1.6839e+07 59 23.0449 24 0.402299
1011 7.3787e+19 7.84821e+16 4.24185e+06 66 22.9658 22 0.401198
1012 2.30584e+18 9.58579e+15 8.4374e+06 61 23.0098 23 0.402414
1013 2.30584e+18 7.28059e+15 1.08504e+06 61 22.0879 20 0.38904
1014 4.61169e+18 5.74989e+15 4.23946e+06 62 22.5371 22 0.386856
1015 1.84467e+19 2.78325e+16 3.36135e+07 64 22.8672 25 0.38947
1016 7.3787e+19 7.55219e+16 3.36184e+07 66 23.3066 25 0.398708
1017 9.22337e+18 2.03191e+16 2.14757e+09 63 26.4609 31 0.446809
1018 2.8823e+17 1.46732e+15 6.71797e+07 58 24.2227 26 0.416565
1019 2.30584e+18 2.55777e+15 1.68404e+07 61 23.1885 24 0.397792
1020 4.61169e+18 5.32402e+15 4.24286e+06 62 22.8672 22 0.390404
1021 4.61169e+18 1.68833e+16 2.68507e+08 62 25.3066 28 0.431185
1022 9.22337e+18 2.13096e+16 2.68512e+08 63 25.3408 28 0.424102
1023 2.30584e+18 5.20319e+15 5.36958e+08 61 26.5537 29 0.443773
1024 1.84467e+19 3.88311e+16 2.6851e+08 64 24.7998 28 0.412192
1025 1.84467e+19 2.07386e+16 1.07382e+09 64 26.209 30 0.439048
1026 5.90296e+20 5.84356e+17 2.14756e+09 69 27.374 31 0.453884
1027 3.68935e+19 8.20563e+16 8.59006e+09 65 29.1719 33 0.48877
1028 2.95148e+20 3.09822e+17 1.07384e+09 68 27.3193 30 0.453876
1029 2.30584e+18 4.10231e+15 1.07384e+09 61 26.8906 30 0.44611
1030 7.3787e+19 7.72078e+16 5.36952e+08 66 26.0527 29 0.4322
1031 3.68935e+19 4.78177e+16 4.29505e+09 65 28.1562 32 0.465099
1032 5.76461e+17 1.36881e+15 2.68509e+08 59 25.6436 28 0.419546
1033 2.30584e+18 6.65315e+15 1.34297e+08 61 24.8984 27 0.408613
1034 2.95148e+20 2.97694e+17 6.71696e+07 68 23.7432 26 0.389619
1035 2.30584e+18 4.1877e+15 90072.5 61 19.9668 16 0.320554
1036 2.30584e+18 5.71979e+15 90173.9 61 19.9697 16 0.31946
1037 1.84467e+19 2.11615e+16 8.44264e+06 64 22.75 23 0.37004
1038 7.3787e+19 7.38626e+16 299411 66 20.999 18 0.338782
1039 1.18059e+21 1.19063e+18 5.36947e+08 70 25.5781 29 0.422244
1040 1.47574e+20 1.61372e+17 2.68508e+08 67 24.6533 28 0.418551
1041 3.68935e+19 4.50807e+16 5.36951e+08 65 25.4053 29 0.428631
1042 9.22337e+18 3.62589e+16 1.34292e+08 63 24.5146 27 0.411331
1043 7.3787e+19 9.3612e+16 1.34283e+08 66 23.9541 27 0.403976
1044 1.18059e+21 1.20346e+18 1.34288e+08 70 23.4512 27 0.399048
1045 3.68935e+19 4.49464e+16 564455 65 21.1152 19 0.362609
1046 3.68935e+19 6.3033e+16 3.36139e+07 65 22.5986 25 0.386044
1047 5.90296e+20 5.88307e+17 4.24541e+06 69 21.96 22 0.374916
1048 1.84467e+19 9.14565e+16 2.68508e+08 64 24.5352 28 0.416527
1049 3.68935e+19 7.42921e+16 1.6836e+07 65 22.5684 24 0.385774
1050 1.47574e+20 1.88897e+17 3.36137e+07 67 22.9072 25 0.387557
1051 1.84467e+19 5.27925e+16 1.34297e+08 64 24.2002 27 0.410494
1052 1.84467e+19 4.04358e+16 4.2448e+06 64 22.1523 22 0.380383
1053 5.90296e+20 9.28401e+17 3.36188e+07 69 23.1631 25 0.400856
1054 2.95148e+20 3.4355e+17 2.13938e+06 68 21.833 21 0.378303
1055 2.95148e+20 3.23605e+17 3.3613e+07 68 22.8262 25 0.391065
1056 5.90296e+20 1.23635e+18 3.36116e+07 69 22.8643 25 0.396393
1057 7.3787e+19 2.03548e+17 160515 66 20.1465 17 0.351826
1058 2.36118e+21 3.03252e+18 6.71722e+07 71 23.3945 26 0.409005
1059 1.18059e+21 1.29075e+18 1.08757e+06 70 21.4404 20 0.375699
1060 2.95148e+20 1.06171e+18 15584.2 68 18.7168 11 0.33948
1061 1.18059e+21 1.6026e+18 296728 70 20.001 18 0.352627
1062 7.3787e+19 1.50984e+17 1.68419e+07 66 23.0781 24 0.400136
1063 3.77789e+22 3.78362e+19 1.68265e+07 75 23.2236 24 0.40975
1064 2.95148e+20 1.17451e+18 1.68366e+07 68 23.0029 24 0.410099
1065 3.09485e+26 3.02252e+23 1.68337e+07 88 23.4072 24 0.412292
1066 1.18059e+21 1.5184e+18 9198.85 70 18.5879 9 0.335911
1067 4.95176e+27 4.8357e+24 14771.6 92 19.4062 11 0.35585
1068 4.72237e+21 7.32699e+18 8693.38 72 16.9912 9 0.30819
1069 4.72237e+21 4.9242e+18 3829.17 72 15.4111 6 0.283763
1070 1.51116e+23 1.52623e+20 4.23951e+06 77 22.1299 22 0.390166
1071 9.44473e+21 1.06126e+19 2.14188e+06 73 22.0195 21 0.386088
1072 2.36118e+21 2.88514e+18 2.14309e+06 71 21.8926 21 0.38116
1073 4.72237e+21 5.32559e+18 563670 72 21.6885 19 0.383538
1074 1.84467e+19 6.3274e+16 2.14456e+06 64 22.3184 21 0.393347
1075 2.95148e+20 3.96452e+17 565749 68 21.7568 19 0.384881
1076 1.88895e+22 1.8475e+19 557267 74 21.5576 19 0.3768
1077 1.47574e+20 2.08431e+17 8.44337e+06 67 22.9795 23 0.40145
1078 5.90296e+20 6.70804e+17 558996 69 21.3037 19 0.375376
1079 3.68935e+19 5.95064e+16 297466 65 20.5869 18 0.361944
1080 2.95148e+20 3.19299e+17 91695.5 68 19.7783 16 0.347946
1081 1.18059e+21 1.46533e+18 56263.6 70 19.8672 15 0.353035
1082 5.90296e+20 1.71751e+18 297246 69 21.3564 18 0.367973
1083 1.51116e+23 1.51103e+20 1.08914e+06 77 22.0332 20 0.379467
1084 3.68935e+19 1.17378e+17 20313.5 65 19.4775 12 0.32723
1085 3.68935e+19 1.23098e+17 295632 65 20.6133 18 0.343424
1086 7.3787e+19 1.4618e+17 1.09181e+06 66 21.793 20 0.37062
1087 2.95148e+20 5.33795e+17 56549.7 68 19.2891 15 0.332852
1088 7.3787e+19 9.32442e+16 40027.7 66 18.7764 14 0.320997
1089 5.90296e+20 8.61076e+17 288786 69 20.2979 18 0.351545
1090 7.3787e+19 9.34852e+16 159616 66 19.9297 17 0.352669
1091 2.95148e+20 3.71637e+17 162046 68 20.3018 17 0.356045
1092 1.47574e+20 4.50202e+17 6.71696e+07 67 23.4365 26 0.406166
1093 1.47574e+20 2.92987e+17 560970 67 21.6309 19 0.372665
1094 5.90296e+20 1.29023e+18 2.13473e+06 69 22.4346 21 0.386561
1095 1.47574e+20 4.17534e+17 561930 67 21.9492 19 0.371764
1096 5.90296e+20 8.54141e+17 563670 69 21.9229 19 0.375713
1097 2.36118e+21 2.82746e+18 2.14094e+06 71 22.4707 21 0.38314
1098 3.02231e+23 2.99209e+20 3.36178e+07 78 24.624 25 0.424281
1099 2.95148e+20 3.61705e+17 297430 68 22.0488 18 0.392983
1100 9.44473e+21 1.06281e+19 2.14609e+06 73 23.1709 21 0.402492
1101 5.90296e+20 1.02158e+18 92431 69 22.0215 16 0.382096
1102 1.18059e+21 2.24151e+18 1.08817e+06 70 22.3223 20 0.391682
1103 9.67141e+24 9.44761e+21 2.14285e+06 83 22.7363 21 0.389064
1104 1.88895e+22 2.15825e+19 8.44381e+06 74 24.2236 23 0.4106
1105 1.18059e+21 2.34087e+18 292417 70 21.7676 18 0.370453
1106 1.18059e+21 2.4823e+18 8.43974e+06 70 23.6338 23 0.402516
1107 2.95148e+20 5.63365e+17 4.23688e+06 68 23.6475 22 0.397619
1108 7.55579e+22 7.92664e+19 2.14309e+06 76 23.6699 21 0.406216
1109 1.18059e+21 1.4196e+18 92838.8 70 22.7559 16 0.386765
1110 1.18059e+21 2.60015e+18 4.24012e+06 70 24.1523 22 0.410687
1111 2.36118e+21 5.98721e+18 4.24276e+06 71 23.4717 22 0.402812
1112 4.72237e+21 5.85423e+18 297246 72 23.208 18 0.397326
1113 3.77789e+22 4.86232e+19 1.68373e+07 75 26.1992 24 0.458331
1114 6.04463e+23 6.89338e+20 161185 79 22.6572 17 0.39879
1115 1.20893e+24 1.18403e+21 26700.9 80 22.9561 13 0.395799
1116 6.04463e+23 6.20885e+20 1.34286e+08 79 27.3623 27 0.487507
1117 1.93428e+25 2.16395e+22 1.34293e+08 84 28.0312 27 0.505152
1118 3.77789e+22 1.35499e+20 295169 75 25.2676 18 0.459447
1119 3.86856e+25 3.85667e+22 161497 85 24.7412 17 0.447433
1120 7.92282e+28 1.54747e+26 91760.2 96 24.0674 16 0.432225
1121 1.23794e+27 1.85132e+24 37050.4 90 22.0273 14 0.389374
1122 7.73713e+25 7.56301e+22 25731.1 86 21.5547 13 0.379892
1123 6.04463e+23 1.7606e+21 18984.1 79 19.4971 12 0.3428
1124 4.8357e+24 5.48084e+21 90308.8 82 21.7119 16 0.382206
1125 9.90352e+27 1.45083e+25 94897.9 93 22.4043 16 0.386695
1126 6.04463e+23 8.54631e+20 290332 79 21.373 18 0.370888
1127 6.1897e+26 6.05734e+23 56578.2 89 20.5508 15 0.35139
1128 3.96141e+28 3.99631e+25 3.36182e+07 95 26.4424 25 0.467458
1129 2.47588e+27 2.42938e+24 1.07383e+09 91 30.2891 30 0.546044
1130 7.92282e+28 1.17388e+26 1.34289e+08 96 27.8887 27 0.50119
1131 7.92282e+28 1.03123e+26 2.68505e+08 96 28.1934 28 0.505295
1132 7.92282e+28 2.72615e+26 5.36959e+08 96 29.2432 29 0.533749
1133 7.92282e+28 3.53237e+26 2.68515e+08 96 28.3857 28 0.517168
1134 7.92282e+28 4.31914e+26 2.68506e+08 96 27.7578 28 0.505076
1135 7.92282e+28 3.34434e+26 1.34287e+08 96 26.96 27 0.482865
1136 7.92282e+28 1.74997e+26 6.71732e+07 96 26.2324 26 0.472663
1137 7.92282e+28 1.65331e+26 1.34287e+08 96 26.8545 27 0.491698
1138 7.92282e+28 2.14012e+26 6.7178e+07 96 26.8809 26 0.499568
1139 7.92282e+28 3.10705e+26 2.68516e+08 96 29.1572 28 0.544169
1140 7.92282e+28 9.73336e+25 5.36956e+08 96 29.3418 29 0.544711
1141 7.92282e+28 3.30805e+26 8.43905e+06 96 27.0654 23 0.512732
1142 7.92282e+28 1.56033e+26 1.08132e+06 96 25.6318 20 0.478908
1143 7.92282e+28 2.47948e+26 1.34291e+08 96 29.2803 27 0.551233
1144 7.92282e+28 1.58536e+26 3.36144e+07 96 27.7549 25 0.522711
1145 7.92282e+28 1.55957e+26 1.07382e+09 96 30.2773 30 0.558366
1146 7.92282e+28 2.52063e+26 2.68519e+08 96 30.1016 28 0.562182
1147 7.92282e+28 2.40771e+26 1.34294e+08 96 29.5762 27 0.550358
1148 7.92282e+28 3.43512e+26 6.71799e+07 96 27.6934 26 0.509452
1149 7.92282e+28 1.80817e+26 8.44447e+06 96 26.541 23 0.489011
1150 7.92282e+28 3.89504e+26 4.23395e+06 96 25.4307 22 0.467343
1151 7.92282e+28 1.84832e+26 3.36124e+07 96 27.7354 25 0.508778
1152 7.92282e+28 7.92085e+25 6.71741e+07 96 27.373 26 0.504255
1153 7.92282e+28 1.76528e+26 6.7182e+07 96 28.2764 26 0.527937
1154 7.92282e+28 7.98615e+25 559257 96 24.3105 19 0.455339
1155 7.92282e+28 8.02956e+25 1.09189e+06 96 24.7451 20 0.45835
1156 7.92282e+28 2.45481e+26 91337.6 96 22.2754 16 0.42034
1157 7.92282e+28 4.01592e+26 56032.3 96 21.7451 15 0.407144
1158 7.92282e+28 2.37037e+26 92588.6 96 22.3447 16 0.415666
1159 7.92282e+28 1.94648e+26 294663 96 24.4248 18 0.449693
1160 7.92282e+28 8.28943e+25 1.08615e+06 96 24.124 20 0.436887
1161 7.92282e+28 1.8036e+26 55445.3 96 22.7627 15 0.414091
1162 7.92282e+28 1.27347e+26 88869.7 96 23.7412 16 0.436407
1163 7.92282e+28 3.10754e+26 37101.6 96 21.9463 14 0.408599
1164 7.92282e+28 3.12306e+26 92177.2 96 22.46 16 0.408412
1165 7.92282e+28 1.61856e+26 55945.1 96 21.291 15 0.388724
1166 7.92282e+28 8.27413e+25 89902.8 96 21.8848 16 0.394024
1167 7.92282e+28 3.8764e+26 8.44157e+06 96 25.6504 23 0.469068
1168 7.92282e+28 3.92248e+26 296165 96 23.7764 18 0.436552
1169 7.92282e+28 2.41913e+26 2.13795e+06 96 23.5664 21 0.426245
1170 7.92282e+28 2.61999e+26 294584 96 22.6182 18 0.412925
1171 7.92282e+28 7.82473e+25 554798 96 21.6064 19 0.389684
1172 7.92282e+28 4.76704e+26 1.68341e+07 96 25.5244 24 0.46919
1173 7.92282e+28 4.21955e+26 4.2384e+06 96 24.4658 22 0.445164
1174 7.92282e+28 3.63958e+26 4.24376e+06 96 25.3379 22 0.464837
1175 7.92282e+28 2.73306e+26 2.14119e+06 96 24.792 21 0.453221
1176 7.92282e+28 7.7616e+25 1.09022e+06 96 24.5762 20 0.448742
1177 2.47588e+27 2.9599e+24 562012 91 23.4307 19 0.443889
1178 7.92282e+28 1.56569e+26 294741 96 23.2119 18 0.432796
1179 7.92282e+28 2.71219e+26 1.08456e+06 96 23.3818 20 0.437077
1180 7.92282e+28 2.44304e+26 160122 96 22.5098 17 0.419664
1181 7.92282e+28 7.79775e+25 89526.9 96 20.4512 16 0.379188
1182 7.92282e+28 1.69403e+26 88096.4 96 20.2773 16 0.382703
1183 7.92282e+28 1.78931e+26 54876.3 96 20.2314 15 0.386978
1184 6.1897e+26 6.5356e+23 88660.1 89 20.9014 16 0.397391
1185 7.92282e+28 1.16065e+26 92113.4 96 21.3955 16 0.402452
1186 7.92282e+28 7.75226e+25 290119 96 22.6436 18 0.423893
1187 7.92282e+28 2.32738e+26 156416 96 22.8564 17 0.444198
1188 7.92282e+28 1.93586e+26 289991 96 22.5654 18 0.431795
1189 9.90352e+27 1.10437e+25 90909.8 93 21.3994 16 0.406597
1190 7.92282e+28 2.32839e+26 157759 96 21.6006 17 0.410601
1191 3.09485e+26 4.6698e+23 53076 88 20.6826 15 0.384866
1192 7.92282e+28 7.75301e+25 36921.8 96 19.6182 14 0.367722
1193 7.92282e+28 9.49168e+25 557982 96 25.0264 19 0.475362
1194 7.92282e+28 2.32135e+26 85664.6 96 21.6631 16 0.406262
1195 7.92282e+28 8.73707e+25 93786.7 96 21.791 16 0.401996
1196 7.92282e+28 1.54829e+26 555030 96 24.1357 19 0.455635
1197 7.92282e+28 5.10169e+26 563512 96 24.8555 19 0.472716
1198 7.92282e+28 1.59738e+26 37829.2 96 21.9395 14 0.42093
1199 7.92282e+28 5.87748e+26 555308 96 25.3271 19 0.482972
1200 7.92282e+28 2.01018e+26 157264 96 24.5859 17 0.475172
1201 7.92282e+28 5.95799e+26 158061 96 24.2236 17 0.462768
1202 7.92282e+28 1.7186e+26 54936.7 96 22.3691 15 0.429546
1203 7.92282e+28 5.46725e+26 93666.4 96 23.4053 16 0.455688
1204 7.92282e+28 8.74302e+25 161566 96 23.5146 17 0.456659
1205 7.92282e+28 2.2336e+26 295709 96 24.6113 18 0.467292
1206 7.92282e+28 5.75116e+26 1.08178e+06 96 25.0371 20 0.471788
1207 7.92282e+28 4.40441e+26 86730.9 96 22.5449 16 0.422317
1208 7.92282e+28 4.89699e+26 54480.9 96 22.5928 15 0.433613
1209 7.92282e+28 2.82312e+26 27194.3 96 20.5928 13 0.389768
1210 7.92282e+28 3.49746e+26 88379.1 96 22.4248 16 0.422859
1211 7.92282e+28 4.87243e+26 554332 96 24.5869 19 0.456509
1212 7.92282e+28 6.99715e+26 291007 96 24.3955 18 0.46279
1213 7.92282e+28 9.40288e+26 2.13877e+06 96 26.1611 21 0.498393
1214 7.92282e+28 8.5824e+26 4.23677e+06 96 25.7246 22 0.483282
1215 7.92282e+28 7.12598e+26 295632 96 25.165 18 0.474023
1216 7.92282e+28 4.69314e+26 295401 96 24.8057 18 0.467303
1217 7.92282e+28 4.86608e+26 287825 96 24.1934 18 0.456991
1218 7.92282e+28 1.05651e+27 289520 96 24.2549 18 0.458116
1219 7.92282e+28 1.30126e+27 555262 96 26.2324 19 0.497103
1220 7.92282e+28 1.35861e+27 2.13774e+06 96 26.2676 21 0.493098
1221 7.92282e+28 9.65357e+26 8.44118e+06 96 27.0469 23 0.507189
1222 7.92282e+28 8.25168e+26 8.43255e+06 96 26.4678 23 0.503686
1223 7.92282e+28 4.39451e+26 561096 96 24.9424 19 0.474032
1224 7.92282e+28 4.00948e+26 91856.9 96 24.1055 16 0.462426
1225 7.92282e+28 1.06714e+27 1.68276e+07 96 27.3057 24 0.516317
1226 7.92282e+28 9.0949e+26 4.24622e+06 96 26.8457 22 0.509705
1227 7.92282e+28 7.12558e+26 2.14173e+06 96 26.085 21 0.493861
1228 7.92282e+28 1.26609e+27 2.13706e+06 96 26.4121 21 0.498547
1229 7.92282e+28 1.01459e+27 2.14094e+06 96 26.6865 21 0.506966
1230 7.92282e+28 3.94511e+26 2.14029e+06 96 25.7686 21 0.491413
1231 7.92282e+28 9.02893e+26 1.09445e+06 96 26.335 20 0.496298
1232 7.92282e+28 5.66121e+26 1.09102e+06 96 24.7705 20 0.466222
1233 7.92282e+28 8.66938e+26 1.0861e+06 96 24.8887 20 0.463757
1234 7.92282e+28 5.55592e+26 2.1429e+06 96 25.6807 21 0.47932
1235 7.92282e+28 9.74524e+26 4.23677e+06 96 25.7959 22 0.482467
1236 7.92282e+28 7.11925e+26 2.13359e+06 96 25.8516 21 0.487147
1237 7.92282e+28 4.74308e+26 8.43787e+06 96 26.0146 23 0.488845
1238 7.92282e+28 1.0918e+27 4.23643e+06 96 24.9424 22 0.465606
1239 7.92282e+28 3.26365e+26 1.08203e+06 96 25.0869 20 0.477796
1240 7.92282e+28 9.79412e+26 1.08407e+06 96 25.4678 20 0.481447
1241 7.92282e+28 6.40977e+26 1.08864e+06 96 25.0371 20 0.467467
1242 7.92282e+28 3.68616e+26 1.09067e+06 96 25.1416 20 0.480987
1243 7.92282e+28 1.08333e+27 2.13451e+06 96 26.1309 21 0.499517
1244 7.92282e+28 6.8278e+26 4.24281e+06 96 26.1553 22 0.493469
1245 7.92282e+28 8.53777e+26 290923 96 24.2246 18 0.456802
1246 7.92282e+28 5.64153e+26 2.13261e+06 96 25.6758 21 0.483191
1247 7.92282e+28 1.00927e+27 8.43764e+06 96 26.2002 23 0.491651
1248 7.92282e+28 3.86114e+26 4.23688e+06 96 26.0352 22 0.495654
1249 7.92282e+28 7.27139e+26 8.42692e+06 96 25.5029 23 0.477289
1250 7.92282e+28 3.51507e+26 8.43805e+06 96 25.7549 23 0.481825
1251 7.92282e+28 1.41602e+27 3.36103e+07 96 27.8281 25 0.523071
1252 7.92282e+28 1.33585e+27 4.24083e+06 96 26.2773 22 0.499901
1253 7.92282e+28 1.02369e+27 1.68377e+07 96 26.7656 24 0.503397
1254 7.92282e+28 8.08472e+26 3.36016e+07 96 27.4551 25 0.516483
1255 7.92282e+28 9.53951e+26 6.71672e+07 96 28.6152 26 0.542205
1256 7.92282e+28 1.51584e+27 6.71725e+07 96 29.2822 26 0.549734
1257 7.92282e+28 1.1969e+27 1.34276e+08 96 29.7178 27 0.555854
1258 7.92282e+28 1.55998e+27 1.34286e+08 96 30.6963 27 0.58094
1259 7.92282e+28 1.68209e+27 2.6851e+08 96 32.3848 28 0.608871
1260 7.92282e+28 1.51783e+27 6.71771e+07 96 30.251 26 0.57333
1261 7.92282e+28 2.13185e+27 5.36955e+08 96 32.8438 29 0.616881
1262 7.92282e+28 2.29284e+27 2.14756e+09 96 33.6611 31 0.639485
1263 7.92282e+28 2.51172e+27 2.14756e+09 96 33.9365 31 0.636196
1264 7.92282e+28 1.96301e+27 1.07382e+09 96 33.6318 30 0.640755
1265 7.92282e+28 2.79442e+27 2.14758e+09 96 35.0225 31 0.660257
1266 3.16913e+29 2.75614e+27 8.59003e+09 98 35.126 33 0.667657
1267 7.92282e+28 2.1186e+27 1.07383e+09 96 33.3311 30 0.63717
1268 7.92282e+28 1.99293e+27 1.07383e+09 96 33.4443 30 0.629501
1269 7.92282e+28 2.41943e+27 1.07382e+09 96 33.7529 30 0.63523
1270 7.92282e+28 2.21671e+27 2.14758e+09 96 34.5479 31 0.655862
1271 7.92282e+28 2.2297e+27 1.07383e+09 96 33.835 30 0.638841
1272 7.92282e+28 1.84703e+27 8.59002e+09 96 34.624 33 0.65612
1273 7.92282e+28 3.23975e+27 8.59002e+09 96 35.7539 33 0.659865
1274 7.92282e+28 2.66579e+27 4.29506e+09 96 34.4033 32 0.648377
1275 7.92282e+28 3.22877e+27 1.718e+10 96 35.8408 34 0.669832
1276 1.58456e+29 3.24844e+27 8.59004e+09 97 36.2568 33 0.689744
1277 3.16913e+29 3.48268e+27 1.718e+10 98 36.5117 34 0.691982
1278 7.92282e+28 2.93152e+27 1.718e+10 96 37.0488 34 0.703734
1279 7.92282e+28 3.12634e+27 8.59002e+09 96 35.6279 33 0.679549
1280 7.92282e+28 3.02587e+27 4.29506e+09 96 36.1172 32 0.690181
1281 7.92282e+28 2.40613e+27 5.36959e+08 96 34.8154 29 0.660223
1282 7.92282e+28 2.24864e+27 8.59002e+09 96 35.2549 33 0.666145
1283 7.92282e+28 2.96736e+27 8.59004e+09 96 36.5967 33 0.699945
1284 7.92282e+28 2.56791e+27 4.29505e+09 96 34.8115 32 0.662737
1285 7.92282e+28 3.37667e+27 8.59003e+09 96 36.6436 33 0.696163
1286 7.92282e+28 3.14377e+27 1.718e+10 96 37.9043 34 0.718996
1287 7.92282e+28 3.99938e+27 3.43598e+10 96 38.3398 35 0.72703
1288 7.92282e+28 3.56623e+27 3.43599e+10 96 38.6875 35 0.732935
1289 7.92282e+28 3.17163e+27 3.43599e+10 96 38.7539 35 0.736067
1290 7.92282e+28 3.74958e+27 3.43599e+10 96 38.6182 35 0.734484
1291 7.92282e+28 3.47484e+27 6.87196e+10 96 40.3779 36 0.772216
1292 7.92282e+28 4.57191e+27 3.43598e+10 96 39.5723 35 0.750924
1293 7.92282e+28 4.29268e+27 2.74878e+11 96 41.748 38 0.787586
1294 7.92282e+28 5.11219e+27 2.74878e+11 96 40.7344 38 0.772599
1295 7.92282e+28 4.40661e+27 1.37439e+11 96 40.5439 37 0.776594
1296 7.92282e+28 4.77607e+27 2.74878e+11 96 42.0586 38 0.802708
1297 7.92282e+28 4.52298e+27 1.37439e+11 96 41.2617 37 0.776351
1298 7.92282e+28 4.5504e+27 1.37439e+11 96 40.9531 37 0.772387
1299 7.92282e+28 5.35795e+27 2.74878e+11 96 41.6475 38 0.787854
1300 7.92282e+28 3.73135e+27 5.49756e+11 96 41.7451 39 0.797753
1301 3.16913e+29 4.51154e+27 5.49756e+11 98 42.9912 39 0.819771
1302 7.92282e+28 4.98055e+27 2.19902e+12 96 44.1904 41 0.836157
1303 7.92282e+28 5.39185e+27 5.49756e+11 96 42.665 39 0.815586
1304 7.92282e+28 4.76178e+27 1.09951e+12 96 43.3369 40 0.829197
1305 7.92282e+28 5.33168e+27 2.74878e+11 96 42.0791 38 0.801045
1306 7.92282e+28 4.72382e+27 5.49756e+11 96 42.7266 39 0.815666
1307 7.92282e+28 4.62071e+27 2.74878e+11 96 41.9287 38 0.80809
1308 7.92282e+28 5.24698e+27 5.49756e+11 96 43.4922 39 0.819569
1309 7.92282e+28 4.76495e+27 5.49756e+11 96 42.96 39 0.817717
1310 7.92282e+28 5.10128e+27 5.49756e+11 96 42.9307 39 0.816603
1311 7.92282e+28 4.30483e+27 1.37439e+11 96 41.3906 37 0.801258
1312 7.92282e+28 4.13814e+27 5.49756e+11 96 42.2275 39 0.801248
1313 7.92282e+28 4.46944e+27 1.09951e+12 96 42.9375 40 0.813943
1314 7.92282e+28 4.73414e+27 2.19902e+12 96 43.3867 41 0.831009
1315 7.92282e+28 4.77458e+27 5.49756e+11 96 42.6494 39 0.813511
1316 7.92282e+28 5.68971e+27 1.09951e+12 96 44.002 40 0.83191
1317 7.92282e+28 5.14081e+27 5.49756e+11 96 44.1162 39 0.833654
1318 7.92282e+28 5.42026e+27 4.39805e+12 96 44.4033 42 0.851414
1319 7.92282e+28 5.5379e+27 8.79609e+12 96 45.165 43 0.857678
1320 7.92282e+28 5.2804e+27 2.19902e+12 96 45.208 41 0.860142
1321 7.92282e+28 4.9181e+27 2.19902e+12 96 44.418 41 0.840807
1322 7.92282e+28 5.58007e+27 5.49756e+11 96 43.6348 39 0.841403
1323 1.58456e+29 5.29031e+27 1.75922e+13 97 45.293 44 0.856976
1324 7.92282e+28 6.48504e+27 8.79609e+12 96 44.8848 43 0.851526
1325 7.92282e+28 6.10382e+27 7.03687e+13 96 46.2422 46 0.8819
1326 7.92282e+28 5.07057e+27 7.03687e+13 96 46.3643 46 0.881135
1327 7.92282e+28 6.97595e+27 3.51844e+13 96 46.7061 45 0.888358
1328 7.92282e+28 6.29277e+27 1.40737e+14 96 46.29 47 0.88478
1329 7.92282e+28 5.8756e+27 4.39805e+12 96 44.7627 42 0.853562
1330 7.92282e+28 5.34991e+27 8.79609e+12 96 45.6104 43 0.870459
1331 3.16913e+29 6.40565e+27 8.79609e+12 98 44.5342 43 0.846798
1332 7.92282e+28 5.87206e+27 4.39805e+12 96 44.752 42 0.849309
1333 7.92282e+28 5.9005e+27 7.03687e+13 96 46.2773 46 0.89066
1334 7.92282e+28 7.03726e+27 3.51844e+13 96 46.6123 45 0.887962
1335 7.92282e+28 6.33432e+27 3.51844e+13 96 46.3135 45 0.897758
1336 7.92282e+28 6.83662e+27 7.03687e+13 96 46.6543 46 0.891918
1337 7.92282e+28 7.06928e+27 7.03687e+13 96 47.0498 46 0.90134
1338 7.92282e+28 6.82438e+27 3.51844e+13 96 46.8857 45 0.906099
1339 1.58456e+29 6.79585e+27 7.03687e+13 97 46.9912 46 0.90114
1340 7.92282e+28 6.32642e+27 2.81475e+14 96 47.6992 48 0.915598
1341 7.92282e+28 6.27487e+27 1.75922e+13 96 46.833 44 0.898979
1342 7.92282e+28 6.23771e+27 7.03687e+13 96 47.1514 46 0.915539
1343 7.92282e+28 7.78738e+27 5.6295e+14 96 49.2041 49 0.94685
1344 7.92282e+28 6.66e+27 1.75922e+13 96 46.3516 44 0.893096
1345 7.92282e+28 7.28673e+27 2.81475e+14 96 48.0303 48 0.925329
1346 7.92282e+28 7.26494e+27 2.81475e+14 96 48.6289 48 0.940885
1347 7.92282e+28 7.73935e+27 7.03687e+13 96 47.6201 46 0.908233
1348 7.92282e+28 7.69187e+27 1.40737e+14 96 47.8691 47 0.915451
1349 7.92282e+28 6.6444e+27 2.81475e+14 96 48.248 48 0.931344
1350 7.92282e+28 8.23523e+27 1.1259e+15 96 49.0254 50 0.947541
1351 7.92282e+28 6.32634e+27 2.81475e+14 96 48.1025 48 0.915816
1352 7.92282e+28 7.40489e+27 2.2518e+15 96 49.5273 51 0.958849
1353 7.92282e+28 7.77401e+27 1.1259e+15 96 48.7705 50 0.941032
1354 7.92282e+28 6.30284e+27 7.03687e+13 96 46.5811 46 0.899783
1355 7.92282e+28 6.94952e+27 7.03687e+13 96 48.1787 46 0.936583
1356 7.92282e+28 7.33561e+27 2.81475e+14 96 48.1855 48 0.929912
1357 7.92282e+28 7.04047e+27 5.6295e+14 96 48.583 49 0.941206
1358 7.92282e+28 7.77931e+27 1.1259e+15 96 49.0176 50 0.943206
1359 7.92282e+28 7.97192e+27 7.03687e+13 96 48 46 0.922189
1360 7.92282e+28 7.3455e+27 7.03687e+13 96 47.1553 46 0.911138
1361 7.92282e+28 7.32026e+27 1.1259e+15 96 48.4385 50 0.939191
1362 7.92282e+28 8.53968e+27 2.81475e+14 96 48.8223 48 0.94044
1363 3.16913e+29 8.91407e+27 2.81475e+14 98 49.6123 48 0.944127
1364 7.92282e+28 8.61761e+27 5.6295e+14 96 48.877 49 0.943796
1365 7.92282e+28 8.35796e+27 1.1259e+15 96 49.6064 50 0.96035
1366 7.92282e+28 7.96599e+27 2.2518e+15 96 49.1973 51 0.951203
1367 7.92282e+28 8.29913e+27 7.03687e+13 96 48.0166 46 0.926233
1368 7.92282e+28 9.13542e+27 1.40737e+14 96 48.4678 47 0.944449
1369 7.92282e+28 7.09974e+27 1.40737e+14 96 47.6592 47 0.922648
1370 7.92282e+28 7.99649e+27 1.1259e+15 96 48.8076 50 0.937725
1371 7.92282e+28 8.92655e+27 2.81475e+14 96 48.8789 48 0.940536
1372 1.58456e+29 8.00227e+27 1.40737e+14 97 48.5205 47 0.933019
1373 7.92282e+28 8.24719e+27 5.6295e+14 96 49.0742 49 0.951478
1374 7.92282e+28 8.78243e+27 7.03687e+13 96 48.0596 46 0.916872
1375 7.92282e+28 8.20503e+27 2.81475e+14 96 48.75 48 0.936393
1376 7.92282e+28 8.56716e+27 2.81475e+14 96 48.6934 48 0.922944
1377 7.92282e+28 8.14062e+27 2.81475e+14 96 49.0264 48 0.945648
1378 7.92282e+28 7.59873e+27 2.81475e+14 96 49.209 48 0.95619
1379 7.92282e+28 9.01093e+27 5.6295e+14 96 49.5801 49 0.953157
1380 7.92282e+28 8.22391e+27 2.81475e+14 96 48.3555 48 0.931618
1381 7.92282e+28 8.07662e+27 2.81475e+14 96 49.3574 48 0.952419
1382 7.92282e+28 8.26677e+27 1.1259e+15 96 48.9775 50 0.947034
1383 7.92282e+28 8.49144e+27 1.1259e+15 96 49.0049 50 0.949724
1384 7.92282e+28 7.9995e+27 2.81475e+14 96 48.6318 48 0.946217
1385 7.92282e+28 7.55072e+27 1.1259e+15 96 49.4668 50 0.958727
1386 7.92282e+28 7.72572e+27 2.2518e+15 96 49.6807 51 0.959881
1387 7.92282e+28 7.16012e+27 1.1259e+15 96 49.5918 50 0.958494
1388 7.92282e+28 9.05687e+27 2.2518e+15 96 49.6309 51 0.965045
1389 3.16913e+29 9.42859e+27 1.80144e+16 98 51.2461 54 0.992787
1390 1.58456e+29 7.7088e+27 1.40737e+14 97 48.6768 47 0.940387
1391 7.92282e+28 6.85535e+27 5.6295e+14 96 49.1855 49 0.959858
1392 7.92282e+28 7.37118e+27 4.5036e+15 96 49.8174 52 0.972501
1393 1.58456e+29 9.25413e+27 2.2518e+15 97 50.0527 51 0.973905
1394 7.92282e+28 9.09352e+27 2.2518e+15 96 50.2812 51 0.973088
1395 7.92282e+28 7.77101e+27 2.2518e+15 96 49.5439 51 0.965366
1396 7.92282e+28 9.61977e+27 4.5036e+15 96 50.292 52 0.977654
1397 7.92282e+28 8.81911e+27 9.0072e+15 96 50.6787 53 0.994188
1398 7.92282e+28 9.51851e+27 9.0072e+15 96 51.1465 53 1.0102
1399 7.92282e+28 9.73539e+27 9.0072e+15 96 51.3369 53 1.00128
1400 7.92282e+28 9.31396e+27 1.1259e+15 96 50.0029 50 0.977004
1401 7.92282e+28 1.01894e+28 5.6295e+14 96 50.0723 49 0.979601
1402 7.92282e+28 9.12496e+27 4.5036e+15 96 50.8604 52 0.991766
1403 1.58456e+29 9.98189e+27 3.60288e+16 97 52.458 55 1.03366
1404 7.92282e+28 9.20365e+27 1.80144e+16 96 51.3682 54 0.9951
1405 7.92282e+28 1.00522e+28 3.60288e+16 96 51.707 55 1.01502
1406 1.58456e+29 1.08555e+28 9.0072e+15 97 51.6631 53 1.00425
1407 7.92282e+28 1.01728e+28 1.80144e+16 96 51.1719 54 0.998608
1408 7.92282e+28 1.16262e+28 3.60288e+16 96 51.9902 55 1.02297
1409 7.92282e+28 9.77119e+27 2.81475e+14 96 49.2871 48 0.95955
1410 7.92282e+28 1.01814e+28 7.03687e+13 96 48.4346 46 0.930923
1411 7.92282e+28 1.04472e+28 4.5036e+15 96 50.7998 52 0.993451
1412 7.92282e+28 1.09271e+28 4.5036e+15 96 51.1846 52 1.00482
1413 3.16913e+29 1.12995e+28 4.5036e+15 98 52.0811 52 1.01601
1414 7.92282e+28 9.62253e+27 2.2518e+15 96 50.1045 51 0.976905
1415 7.92282e+28 1.13494e+28 1.80144e+16 96 52.4785 54 1.01881
1416 7.92282e+28 1.11086e+28 4.5036e+15 96 51.6699 52 1.00047
1417 7.92282e+28 1.03144e+28 2.2518e+15 96 50.9395 51 0.997443
1418 7.92282e+28 1.06097e+28 9.0072e+15 96 51.2412 53 0.993995
1419 7.92282e+28 1.02508e+28 3.60288e+16 96 51.3154 55 1.00245
1420 7.92282e+28 1.03783e+28 1.80144e+16 96 51.8701 54 1.00811
1421 7.92282e+28 9.7265e+27 4.5036e+15 96 50.4434 52 0.984268
1422 7.92282e+28 1.17348e+28 3.60288e+16 96 51.4355 55 1.01027
1423 7.92282e+28 1.18636e+28 1.44115e+17 96 52.8955 57 1.01938
1424 7.92282e+28 1.06102e+28 1.80144e+16 96 51.8555 54 1.00367
1425 7.92282e+28 1.12953e+28 9.0072e+15 96 51.085 53 0.991475
1426 3.16913e+29 1.16539e+28 3.60288e+16 98 51.8252 55 1.01256
1427 7.92282e+28 1.09916e+28 1.1259e+15 96 50.3145 50 0.958927
1428 7.92282e+28 9.91797e+27 1.80144e+16 96 51.2549 54 0.998511
1429 7.92282e+28 1.01192e+28 9.0072e+15 96 50.9502 53 0.995344
1430 7.92282e+28 1.15127e+28 1.44115e+17 96 52.2822 57 1.00899
1431 7.92282e+28 1.13508e+28 9.0072e+15 96 51.6201 53 0.998187
1432 7.92282e+28 1.0928e+28 1.80144e+16 96 51.9619 54 0.995423
1433 1.58456e+29 1.1118e+28 4.5036e+15 97 51.2139 52 0.986845
1434 7.92282e+28 1.04192e+28 7.20576e+16 96 52.4092 56 1.01803
1435 7.92282e+28 1.23043e+28 1.1259e+15 96 50.6826 50 0.98822
1436 7.92282e+28 1.16018e+28 9.0072e+15 96 51.3174 53 0.990099
1437 7.92282e+28 1.07085e+28 4.5036e+15 96 50.6113 52 0.976649
1438 7.92282e+28 1.07734e+28 9.0072e+15 96 51.1113 53 1.00017
1439 1.58456e+29 1.20319e+28 1.80144e+16 97 51.9268 54 1.00507
1440 7.92282e+28 1.1196e+28 1.80144e+16 96 51.6055 54 0.995217
1441 7.92282e+28 1.1623e+28 1.80144e+16 96 52.0127 54 1.00276
1442 3.16913e+29 1.32313e+28 7.20576e+16 98 52.709 56 1.00775
1443 7.92282e+28 1.24722e+28 7.20576e+16 96 53.7344 56 1.04968
1444 7.92282e+28 1.24002e+28 1.80144e+16 96 52.0596 54 1.02337
1445 7.92282e+28 1.25018e+28 1.15292e+18 96 53.8721 60 1.03848
1446 7.92282e+28 1.26272e+28 1.44115e+17 96 52.8535 57 1.0261
1447 7.92282e+28 1.27156e+28 1.80144e+16 96 52.4287 54 1.01261
1448 7.92282e+28 1.31145e+28 3.60288e+16 96 52.9092 55 1.01866
1449 7.92282e+28 1.29657e+28 1.80144e+16 96 52.3682 54 1.01253
1450 7.92282e+28 1.2767e+28 1.80144e+16 96 51.958 54 1.01402
1451 7.92282e+28 1.29696e+28 7.20576e+16 96 53.5566 56 1.03005
1452 7.92282e+28 1.19446e+28 1.80144e+16 96 51.2988 54 0.99043
1453 7.92282e+28 1.34208e+28 7.20576e+16 96 53.0811 56 1.03073
1454 7.92282e+28 1.22401e+28 1.80144e+16 96 52.4561 54 1.00952
1455 7.92282e+28 1.2771e+28 2.8823e+17 96 53.3047 58 1.03577
1456 3.16913e+29 1.32712e+28 7.20576e+16 98 53.4736 56 1.03372
1457 1.58456e+29 1.40298e+28 2.8823e+17 97 54.084 58 1.04309
1458 7.92282e+28 1.25808e+28 3.60288e+16 96 52.8408 55 1.0339
1459 7.92282e+28 1.13851e+28 9.0072e+15 96 50.9629 53 0.986293
1460 7.92282e+28 1.35805e+28 2.2518e+15 96 50.6396 51 0.969151
1461 7.92282e+28 1.23936e+28 1.80144e+16 96 52.7383 54 1.0194
1462 7.92282e+28 1.26273e+28 1.80144e+16 96 51.6416 54 1.0012
1463 7.92282e+28 1.26229e+28 1.80144e+16 96 52.2705 54 1.0089
1464 7.92282e+28 1.29309e+28 9.0072e+15 96 52.5127 53 1.02194
1465 7.92282e+28 1.22428e+28 3.60288e+16 96 52.6494 55 1.0206
1466 7.92282e+28 1.28022e+28 1.44115e+17 96 52.8584 57 1.03645
1467 7.92282e+28 1.17514e+28 4.5036e+15 96 51.7568 52 1.01571
1468 7.92282e+28 1.37962e+28 1.44115e+17 96 54.4297 57 1.05655
1469 7.92282e+28 1.24924e+28 7.20576e+16 96 52.8818 56 1.02967
1470 7.92282e+28 1.24134e+28 3.60288e+16 96 52.9766 55 1.02366
1471 7.92282e+28 1.13096e+28 9.0072e+15 96 51.5811 53 1.00118
1472 3.16913e+29 1.26879e+28 4.5036e+15 98 51.8008 52 1.00403
1473 7.92282e+28 1.09802e+28 2.2518e+15 96 50.9062 51 0.985309
1474 7.92282e+28 1.28247e+28 1.44115e+17 96 53.665 57 1.06639
1475 7.92282e+28 1.26916e+28 7.20576e+16 96 52.8506 56 1.03046
1476 3.16913e+29 1.34865e+28 3.60288e+16 98 52.959 55 1.02476
1477 7.92282e+28 1.40676e+28 1.44115e+17 96 53.8691 57 1.04071
1478 7.92282e+28 1.54147e+28 5.76461e+17 96 55.2803 59 1.06691
1479 7.92282e+28 1.33978e+28 5.76461e+17 96 54.8594 59 1.06573
1480 7.92282e+28 1.13691e+28 7.20576e+16 96 52.3018 56 1.01457
1481 7.92282e+28 1.20669e+28 7.20576e+16 96 52.7695 56 1.02326
1482 7.92282e+28 1.36666e+28 1.15292e+18 96 55.1611 60 1.07437
1483 7.92282e+28 1.32932e+28 1.44115e+17 96 53.5791 57 1.03889
1484 7.92282e+28 1.21641e+28 3.60288e+16 96 53.1553 55 1.03157
1485 3.16913e+29 1.28304e+28 7.20576e+16 98 53.0508 56 1.03481
1486 3.16913e+29 1.25242e+28 7.20576e+16 98 52.7412 56 1.01833
1487 7.92282e+28 1.27271e+28 1.44115e+17 96 53.4746 57 1.03106
1488 7.92282e+28 1.23579e+28 1.44115e+17 96 52.9463 57 1.01953
1489 7.92282e+28 1.24983e+28 2.8823e+17 96 54.2344 58 1.05743
1490 7.92282e+28 1.32192e+28 2.8823e+17 96 53.5098 58 1.03848
1491 7.92282e+28 1.37615e+28 2.8823e+17 96 54.3789 58 1.05055
1492 7.92282e+28 1.26728e+28 7.20576e+16 96 52.8867 56 1.01971
1493 7.92282e+28 1.41175e+28 2.8823e+17 96 53.8203 58 1.03904
1494 7.92282e+28 1.40828e+28 1.80144e+16 96 52.5957 54 1.01674
1495 7.92282e+28 1.39508e+28 2.30584e+18 96 55.0459 61 1.06604
1496 7.92282e+28 1.34469e+28 7.20576e+16 96 52.6738 56 1.02798
1497 7.92282e+28 1.33234e+28 1.44115e+17 96 53.708 57 1.03569
1498 7.92282e+28 1.38371e+28 2.8823e+17 96 54.2197 58 1.04378
1499 7.92282e+28 1.33688e+28 2.8823e+17 96 53.7217 58 1.03536
