1000 1000 1071.6
0 434.954 8.19759
50 1004.99 79.6245
100 1008.92 90.977
150 944.449 95.2667
200 6172.47 209.967
250 8.59005e+09 4.60717e+07
300 4.39805e+12 8.47137e+09
350 2.19902e+12 2.00401e+10
400 3.51844e+13 7.84942e+10
450 3.51844e+13 1.0004e+11
500 1.75922e+13 1.93611e+11
550 7.03687e+13 1.79988e+11
600 1.75922e+13 3.2689e+11
650 1.40737e+14 9.63969e+11
700 4.5036e+15 5.91516e+12
750 2.2518e+15 4.77936e+12
800 2.81475e+14 2.20079e+12
850 5.6295e+14 3.0856e+12
900 2.2518e+15 6.00476e+12
950 3.60288e+16 4.0925e+13
